[2025-02-15T19:48:43.443+0100] {processor.py:161} INFO - Started process (PID=7971) to work on /home/nord/venv/lib/python3.8/site-packages/airflow/example_dags/example_short_circuit_decorator.py
[2025-02-15T19:48:43.445+0100] {processor.py:830} INFO - Processing file /home/nord/venv/lib/python3.8/site-packages/airflow/example_dags/example_short_circuit_decorator.py for tasks to queue
[2025-02-15T19:48:43.447+0100] {logging_mixin.py:188} INFO - [2025-02-15T19:48:43.446+0100] {dagbag.py:538} INFO - Filling up the DagBag from /home/nord/venv/lib/python3.8/site-packages/airflow/example_dags/example_short_circuit_decorator.py
[2025-02-15T19:48:43.483+0100] {processor.py:840} INFO - DAG(s) 'example_short_circuit_decorator' retrieved from /home/nord/venv/lib/python3.8/site-packages/airflow/example_dags/example_short_circuit_decorator.py
[2025-02-15T19:48:43.984+0100] {logging_mixin.py:188} INFO - [2025-02-15T19:48:43.982+0100] {dag.py:3036} INFO - Sync 1 DAGs
[2025-02-15T19:48:44.131+0100] {logging_mixin.py:188} INFO - [2025-02-15T19:48:44.130+0100] {dag.py:3823} INFO - Setting next_dagrun for example_short_circuit_decorator to 2025-02-14 00:00:00+00:00, run_after=2025-02-15 00:00:00+00:00
[2025-02-15T19:48:44.293+0100] {processor.py:183} INFO - Processing /home/nord/venv/lib/python3.8/site-packages/airflow/example_dags/example_short_circuit_decorator.py took 0.858 seconds
[2025-02-15T19:49:55.918+0100] {processor.py:161} INFO - Started process (PID=8042) to work on /home/nord/venv/lib/python3.8/site-packages/airflow/example_dags/example_short_circuit_decorator.py
[2025-02-15T19:49:55.924+0100] {processor.py:830} INFO - Processing file /home/nord/venv/lib/python3.8/site-packages/airflow/example_dags/example_short_circuit_decorator.py for tasks to queue
[2025-02-15T19:49:55.930+0100] {logging_mixin.py:188} INFO - [2025-02-15T19:49:55.927+0100] {dagbag.py:538} INFO - Filling up the DagBag from /home/nord/venv/lib/python3.8/site-packages/airflow/example_dags/example_short_circuit_decorator.py
[2025-02-15T19:49:55.986+0100] {processor.py:840} INFO - DAG(s) 'example_short_circuit_decorator' retrieved from /home/nord/venv/lib/python3.8/site-packages/airflow/example_dags/example_short_circuit_decorator.py
[2025-02-15T19:49:56.029+0100] {logging_mixin.py:188} INFO - [2025-02-15T19:49:56.027+0100] {dag.py:3036} INFO - Sync 1 DAGs
[2025-02-15T19:49:56.078+0100] {logging_mixin.py:188} INFO - [2025-02-15T19:49:56.077+0100] {dag.py:3823} INFO - Setting next_dagrun for example_short_circuit_decorator to 2025-02-14 00:00:00+00:00, run_after=2025-02-15 00:00:00+00:00
[2025-02-15T19:49:56.145+0100] {processor.py:183} INFO - Processing /home/nord/venv/lib/python3.8/site-packages/airflow/example_dags/example_short_circuit_decorator.py took 0.244 seconds
[2025-02-15T19:50:33.510+0100] {processor.py:161} INFO - Started process (PID=8080) to work on /home/nord/venv/lib/python3.8/site-packages/airflow/example_dags/example_short_circuit_decorator.py
[2025-02-15T19:50:33.513+0100] {processor.py:830} INFO - Processing file /home/nord/venv/lib/python3.8/site-packages/airflow/example_dags/example_short_circuit_decorator.py for tasks to queue
[2025-02-15T19:50:33.516+0100] {logging_mixin.py:188} INFO - [2025-02-15T19:50:33.514+0100] {dagbag.py:538} INFO - Filling up the DagBag from /home/nord/venv/lib/python3.8/site-packages/airflow/example_dags/example_short_circuit_decorator.py
[2025-02-15T19:50:33.558+0100] {processor.py:840} INFO - DAG(s) 'example_short_circuit_decorator' retrieved from /home/nord/venv/lib/python3.8/site-packages/airflow/example_dags/example_short_circuit_decorator.py
[2025-02-15T19:50:33.608+0100] {logging_mixin.py:188} INFO - [2025-02-15T19:50:33.607+0100] {dag.py:3036} INFO - Sync 1 DAGs
[2025-02-15T19:50:33.641+0100] {logging_mixin.py:188} INFO - [2025-02-15T19:50:33.640+0100] {dag.py:3823} INFO - Setting next_dagrun for example_short_circuit_decorator to 2025-02-14 00:00:00+00:00, run_after=2025-02-15 00:00:00+00:00
[2025-02-15T19:50:33.685+0100] {processor.py:183} INFO - Processing /home/nord/venv/lib/python3.8/site-packages/airflow/example_dags/example_short_circuit_decorator.py took 0.184 seconds
[2025-02-15T19:51:45.561+0100] {processor.py:161} INFO - Started process (PID=8142) to work on /home/nord/venv/lib/python3.8/site-packages/airflow/example_dags/example_short_circuit_decorator.py
[2025-02-15T19:51:45.567+0100] {processor.py:830} INFO - Processing file /home/nord/venv/lib/python3.8/site-packages/airflow/example_dags/example_short_circuit_decorator.py for tasks to queue
[2025-02-15T19:51:45.569+0100] {logging_mixin.py:188} INFO - [2025-02-15T19:51:45.568+0100] {dagbag.py:538} INFO - Filling up the DagBag from /home/nord/venv/lib/python3.8/site-packages/airflow/example_dags/example_short_circuit_decorator.py
[2025-02-15T19:51:45.598+0100] {processor.py:840} INFO - DAG(s) 'example_short_circuit_decorator' retrieved from /home/nord/venv/lib/python3.8/site-packages/airflow/example_dags/example_short_circuit_decorator.py
[2025-02-15T19:51:45.645+0100] {logging_mixin.py:188} INFO - [2025-02-15T19:51:45.644+0100] {dag.py:3036} INFO - Sync 1 DAGs
[2025-02-15T19:51:45.701+0100] {logging_mixin.py:188} INFO - [2025-02-15T19:51:45.701+0100] {dag.py:3823} INFO - Setting next_dagrun for example_short_circuit_decorator to 2025-02-14 00:00:00+00:00, run_after=2025-02-15 00:00:00+00:00
[2025-02-15T19:51:45.800+0100] {processor.py:183} INFO - Processing /home/nord/venv/lib/python3.8/site-packages/airflow/example_dags/example_short_circuit_decorator.py took 0.249 seconds
[2025-02-15T19:52:51.466+0100] {processor.py:161} INFO - Started process (PID=8195) to work on /home/nord/venv/lib/python3.8/site-packages/airflow/example_dags/example_short_circuit_decorator.py
[2025-02-15T19:52:51.475+0100] {processor.py:830} INFO - Processing file /home/nord/venv/lib/python3.8/site-packages/airflow/example_dags/example_short_circuit_decorator.py for tasks to queue
[2025-02-15T19:52:51.486+0100] {logging_mixin.py:188} INFO - [2025-02-15T19:52:51.482+0100] {dagbag.py:538} INFO - Filling up the DagBag from /home/nord/venv/lib/python3.8/site-packages/airflow/example_dags/example_short_circuit_decorator.py
[2025-02-15T19:52:51.573+0100] {processor.py:840} INFO - DAG(s) 'example_short_circuit_decorator' retrieved from /home/nord/venv/lib/python3.8/site-packages/airflow/example_dags/example_short_circuit_decorator.py
[2025-02-15T19:52:51.621+0100] {logging_mixin.py:188} INFO - [2025-02-15T19:52:51.620+0100] {dag.py:3036} INFO - Sync 1 DAGs
[2025-02-15T19:52:51.675+0100] {logging_mixin.py:188} INFO - [2025-02-15T19:52:51.674+0100] {dag.py:3823} INFO - Setting next_dagrun for example_short_circuit_decorator to 2025-02-14 00:00:00+00:00, run_after=2025-02-15 00:00:00+00:00
[2025-02-15T19:52:51.813+0100] {processor.py:183} INFO - Processing /home/nord/venv/lib/python3.8/site-packages/airflow/example_dags/example_short_circuit_decorator.py took 0.373 seconds
[2025-02-15T19:53:58.964+0100] {processor.py:161} INFO - Started process (PID=8262) to work on /home/nord/venv/lib/python3.8/site-packages/airflow/example_dags/example_short_circuit_decorator.py
[2025-02-15T19:53:58.970+0100] {processor.py:830} INFO - Processing file /home/nord/venv/lib/python3.8/site-packages/airflow/example_dags/example_short_circuit_decorator.py for tasks to queue
[2025-02-15T19:53:58.976+0100] {logging_mixin.py:188} INFO - [2025-02-15T19:53:58.973+0100] {dagbag.py:538} INFO - Filling up the DagBag from /home/nord/venv/lib/python3.8/site-packages/airflow/example_dags/example_short_circuit_decorator.py
[2025-02-15T19:53:59.006+0100] {processor.py:840} INFO - DAG(s) 'example_short_circuit_decorator' retrieved from /home/nord/venv/lib/python3.8/site-packages/airflow/example_dags/example_short_circuit_decorator.py
[2025-02-15T19:53:59.041+0100] {logging_mixin.py:188} INFO - [2025-02-15T19:53:59.040+0100] {dag.py:3036} INFO - Sync 1 DAGs
[2025-02-15T19:53:59.084+0100] {logging_mixin.py:188} INFO - [2025-02-15T19:53:59.084+0100] {dag.py:3823} INFO - Setting next_dagrun for example_short_circuit_decorator to 2025-02-14 00:00:00+00:00, run_after=2025-02-15 00:00:00+00:00
[2025-02-15T19:53:59.139+0100] {processor.py:183} INFO - Processing /home/nord/venv/lib/python3.8/site-packages/airflow/example_dags/example_short_circuit_decorator.py took 0.192 seconds
[2025-02-15T19:55:03.640+0100] {processor.py:161} INFO - Started process (PID=8312) to work on /home/nord/venv/lib/python3.8/site-packages/airflow/example_dags/example_short_circuit_decorator.py
[2025-02-15T19:55:03.646+0100] {processor.py:830} INFO - Processing file /home/nord/venv/lib/python3.8/site-packages/airflow/example_dags/example_short_circuit_decorator.py for tasks to queue
[2025-02-15T19:55:03.652+0100] {logging_mixin.py:188} INFO - [2025-02-15T19:55:03.649+0100] {dagbag.py:538} INFO - Filling up the DagBag from /home/nord/venv/lib/python3.8/site-packages/airflow/example_dags/example_short_circuit_decorator.py
[2025-02-15T19:55:03.702+0100] {processor.py:840} INFO - DAG(s) 'example_short_circuit_decorator' retrieved from /home/nord/venv/lib/python3.8/site-packages/airflow/example_dags/example_short_circuit_decorator.py
[2025-02-15T19:55:03.766+0100] {logging_mixin.py:188} INFO - [2025-02-15T19:55:03.765+0100] {dag.py:3036} INFO - Sync 1 DAGs
[2025-02-15T19:55:03.803+0100] {logging_mixin.py:188} INFO - [2025-02-15T19:55:03.802+0100] {dag.py:3823} INFO - Setting next_dagrun for example_short_circuit_decorator to 2025-02-14 00:00:00+00:00, run_after=2025-02-15 00:00:00+00:00
[2025-02-15T19:55:03.854+0100] {processor.py:183} INFO - Processing /home/nord/venv/lib/python3.8/site-packages/airflow/example_dags/example_short_circuit_decorator.py took 0.232 seconds
[2025-02-15T19:56:08.959+0100] {processor.py:161} INFO - Started process (PID=8365) to work on /home/nord/venv/lib/python3.8/site-packages/airflow/example_dags/example_short_circuit_decorator.py
[2025-02-15T19:56:08.966+0100] {processor.py:830} INFO - Processing file /home/nord/venv/lib/python3.8/site-packages/airflow/example_dags/example_short_circuit_decorator.py for tasks to queue
[2025-02-15T19:56:08.971+0100] {logging_mixin.py:188} INFO - [2025-02-15T19:56:08.969+0100] {dagbag.py:538} INFO - Filling up the DagBag from /home/nord/venv/lib/python3.8/site-packages/airflow/example_dags/example_short_circuit_decorator.py
[2025-02-15T19:56:09.024+0100] {processor.py:840} INFO - DAG(s) 'example_short_circuit_decorator' retrieved from /home/nord/venv/lib/python3.8/site-packages/airflow/example_dags/example_short_circuit_decorator.py
[2025-02-15T19:56:09.098+0100] {logging_mixin.py:188} INFO - [2025-02-15T19:56:09.097+0100] {dag.py:3036} INFO - Sync 1 DAGs
[2025-02-15T19:56:09.126+0100] {logging_mixin.py:188} INFO - [2025-02-15T19:56:09.126+0100] {dag.py:3823} INFO - Setting next_dagrun for example_short_circuit_decorator to 2025-02-14 00:00:00+00:00, run_after=2025-02-15 00:00:00+00:00
[2025-02-15T19:56:09.161+0100] {processor.py:183} INFO - Processing /home/nord/venv/lib/python3.8/site-packages/airflow/example_dags/example_short_circuit_decorator.py took 0.221 seconds
[2025-02-15T19:57:12.542+0100] {processor.py:161} INFO - Started process (PID=8419) to work on /home/nord/venv/lib/python3.8/site-packages/airflow/example_dags/example_short_circuit_decorator.py
[2025-02-15T19:57:12.548+0100] {processor.py:830} INFO - Processing file /home/nord/venv/lib/python3.8/site-packages/airflow/example_dags/example_short_circuit_decorator.py for tasks to queue
[2025-02-15T19:57:12.553+0100] {logging_mixin.py:188} INFO - [2025-02-15T19:57:12.551+0100] {dagbag.py:538} INFO - Filling up the DagBag from /home/nord/venv/lib/python3.8/site-packages/airflow/example_dags/example_short_circuit_decorator.py
[2025-02-15T19:57:12.603+0100] {processor.py:840} INFO - DAG(s) 'example_short_circuit_decorator' retrieved from /home/nord/venv/lib/python3.8/site-packages/airflow/example_dags/example_short_circuit_decorator.py
[2025-02-15T19:57:12.692+0100] {logging_mixin.py:188} INFO - [2025-02-15T19:57:12.690+0100] {dag.py:3036} INFO - Sync 1 DAGs
[2025-02-15T19:57:12.762+0100] {logging_mixin.py:188} INFO - [2025-02-15T19:57:12.762+0100] {dag.py:3823} INFO - Setting next_dagrun for example_short_circuit_decorator to 2025-02-14 00:00:00+00:00, run_after=2025-02-15 00:00:00+00:00
[2025-02-15T19:57:12.798+0100] {processor.py:183} INFO - Processing /home/nord/venv/lib/python3.8/site-packages/airflow/example_dags/example_short_circuit_decorator.py took 0.272 seconds
[2025-02-15T19:58:11.271+0100] {processor.py:161} INFO - Started process (PID=8471) to work on /home/nord/venv/lib/python3.8/site-packages/airflow/example_dags/example_short_circuit_decorator.py
[2025-02-15T19:58:11.279+0100] {processor.py:830} INFO - Processing file /home/nord/venv/lib/python3.8/site-packages/airflow/example_dags/example_short_circuit_decorator.py for tasks to queue
[2025-02-15T19:58:11.283+0100] {logging_mixin.py:188} INFO - [2025-02-15T19:58:11.281+0100] {dagbag.py:538} INFO - Filling up the DagBag from /home/nord/venv/lib/python3.8/site-packages/airflow/example_dags/example_short_circuit_decorator.py
[2025-02-15T19:58:11.346+0100] {processor.py:840} INFO - DAG(s) 'example_short_circuit_decorator' retrieved from /home/nord/venv/lib/python3.8/site-packages/airflow/example_dags/example_short_circuit_decorator.py
[2025-02-15T19:58:11.426+0100] {logging_mixin.py:188} INFO - [2025-02-15T19:58:11.426+0100] {dag.py:3036} INFO - Sync 1 DAGs
[2025-02-15T19:58:11.458+0100] {logging_mixin.py:188} INFO - [2025-02-15T19:58:11.458+0100] {dag.py:3823} INFO - Setting next_dagrun for example_short_circuit_decorator to 2025-02-14 00:00:00+00:00, run_after=2025-02-15 00:00:00+00:00
[2025-02-15T19:58:11.499+0100] {processor.py:183} INFO - Processing /home/nord/venv/lib/python3.8/site-packages/airflow/example_dags/example_short_circuit_decorator.py took 0.245 seconds
[2025-02-15T19:59:05.753+0100] {processor.py:161} INFO - Started process (PID=8517) to work on /home/nord/venv/lib/python3.8/site-packages/airflow/example_dags/example_short_circuit_decorator.py
[2025-02-15T19:59:05.761+0100] {processor.py:830} INFO - Processing file /home/nord/venv/lib/python3.8/site-packages/airflow/example_dags/example_short_circuit_decorator.py for tasks to queue
[2025-02-15T19:59:05.763+0100] {logging_mixin.py:188} INFO - [2025-02-15T19:59:05.762+0100] {dagbag.py:538} INFO - Filling up the DagBag from /home/nord/venv/lib/python3.8/site-packages/airflow/example_dags/example_short_circuit_decorator.py
[2025-02-15T19:59:05.782+0100] {processor.py:840} INFO - DAG(s) 'example_short_circuit_decorator' retrieved from /home/nord/venv/lib/python3.8/site-packages/airflow/example_dags/example_short_circuit_decorator.py
[2025-02-15T19:59:05.816+0100] {logging_mixin.py:188} INFO - [2025-02-15T19:59:05.816+0100] {dag.py:3036} INFO - Sync 1 DAGs
[2025-02-15T19:59:05.850+0100] {logging_mixin.py:188} INFO - [2025-02-15T19:59:05.849+0100] {dag.py:3823} INFO - Setting next_dagrun for example_short_circuit_decorator to 2025-02-14 00:00:00+00:00, run_after=2025-02-15 00:00:00+00:00
[2025-02-15T19:59:05.908+0100] {processor.py:183} INFO - Processing /home/nord/venv/lib/python3.8/site-packages/airflow/example_dags/example_short_circuit_decorator.py took 0.160 seconds
[2025-02-15T20:00:03.029+0100] {processor.py:161} INFO - Started process (PID=8565) to work on /home/nord/venv/lib/python3.8/site-packages/airflow/example_dags/example_short_circuit_decorator.py
[2025-02-15T20:00:03.043+0100] {processor.py:830} INFO - Processing file /home/nord/venv/lib/python3.8/site-packages/airflow/example_dags/example_short_circuit_decorator.py for tasks to queue
[2025-02-15T20:00:03.045+0100] {logging_mixin.py:188} INFO - [2025-02-15T20:00:03.044+0100] {dagbag.py:538} INFO - Filling up the DagBag from /home/nord/venv/lib/python3.8/site-packages/airflow/example_dags/example_short_circuit_decorator.py
[2025-02-15T20:00:03.099+0100] {processor.py:840} INFO - DAG(s) 'example_short_circuit_decorator' retrieved from /home/nord/venv/lib/python3.8/site-packages/airflow/example_dags/example_short_circuit_decorator.py
[2025-02-15T20:00:03.172+0100] {logging_mixin.py:188} INFO - [2025-02-15T20:00:03.171+0100] {dag.py:3036} INFO - Sync 1 DAGs
[2025-02-15T20:00:03.226+0100] {logging_mixin.py:188} INFO - [2025-02-15T20:00:03.225+0100] {dag.py:3823} INFO - Setting next_dagrun for example_short_circuit_decorator to 2025-02-14 00:00:00+00:00, run_after=2025-02-15 00:00:00+00:00
[2025-02-15T20:00:03.293+0100] {processor.py:183} INFO - Processing /home/nord/venv/lib/python3.8/site-packages/airflow/example_dags/example_short_circuit_decorator.py took 0.279 seconds
[2025-02-15T20:00:39.463+0100] {processor.py:161} INFO - Started process (PID=8592) to work on /home/nord/venv/lib/python3.8/site-packages/airflow/example_dags/example_short_circuit_decorator.py
[2025-02-15T20:00:39.466+0100] {processor.py:830} INFO - Processing file /home/nord/venv/lib/python3.8/site-packages/airflow/example_dags/example_short_circuit_decorator.py for tasks to queue
[2025-02-15T20:00:39.468+0100] {logging_mixin.py:188} INFO - [2025-02-15T20:00:39.467+0100] {dagbag.py:538} INFO - Filling up the DagBag from /home/nord/venv/lib/python3.8/site-packages/airflow/example_dags/example_short_circuit_decorator.py
[2025-02-15T20:00:39.486+0100] {processor.py:840} INFO - DAG(s) 'example_short_circuit_decorator' retrieved from /home/nord/venv/lib/python3.8/site-packages/airflow/example_dags/example_short_circuit_decorator.py
[2025-02-15T20:00:39.538+0100] {logging_mixin.py:188} INFO - [2025-02-15T20:00:39.537+0100] {dag.py:3036} INFO - Sync 1 DAGs
[2025-02-15T20:00:39.614+0100] {logging_mixin.py:188} INFO - [2025-02-15T20:00:39.613+0100] {dag.py:3823} INFO - Setting next_dagrun for example_short_circuit_decorator to 2025-02-14 00:00:00+00:00, run_after=2025-02-15 00:00:00+00:00
[2025-02-15T20:00:39.756+0100] {processor.py:183} INFO - Processing /home/nord/venv/lib/python3.8/site-packages/airflow/example_dags/example_short_circuit_decorator.py took 0.298 seconds
[2025-02-15T20:01:48.195+0100] {processor.py:161} INFO - Started process (PID=8661) to work on /home/nord/venv/lib/python3.8/site-packages/airflow/example_dags/example_short_circuit_decorator.py
[2025-02-15T20:01:48.201+0100] {processor.py:830} INFO - Processing file /home/nord/venv/lib/python3.8/site-packages/airflow/example_dags/example_short_circuit_decorator.py for tasks to queue
[2025-02-15T20:01:48.206+0100] {logging_mixin.py:188} INFO - [2025-02-15T20:01:48.204+0100] {dagbag.py:538} INFO - Filling up the DagBag from /home/nord/venv/lib/python3.8/site-packages/airflow/example_dags/example_short_circuit_decorator.py
[2025-02-15T20:01:48.284+0100] {processor.py:840} INFO - DAG(s) 'example_short_circuit_decorator' retrieved from /home/nord/venv/lib/python3.8/site-packages/airflow/example_dags/example_short_circuit_decorator.py
[2025-02-15T20:01:48.354+0100] {logging_mixin.py:188} INFO - [2025-02-15T20:01:48.353+0100] {dag.py:3036} INFO - Sync 1 DAGs
[2025-02-15T20:01:48.399+0100] {logging_mixin.py:188} INFO - [2025-02-15T20:01:48.399+0100] {dag.py:3823} INFO - Setting next_dagrun for example_short_circuit_decorator to 2025-02-14 00:00:00+00:00, run_after=2025-02-15 00:00:00+00:00
[2025-02-15T20:01:48.450+0100] {processor.py:183} INFO - Processing /home/nord/venv/lib/python3.8/site-packages/airflow/example_dags/example_short_circuit_decorator.py took 0.270 seconds
[2025-02-15T20:02:52.264+0100] {processor.py:161} INFO - Started process (PID=8716) to work on /home/nord/venv/lib/python3.8/site-packages/airflow/example_dags/example_short_circuit_decorator.py
[2025-02-15T20:02:52.269+0100] {processor.py:830} INFO - Processing file /home/nord/venv/lib/python3.8/site-packages/airflow/example_dags/example_short_circuit_decorator.py for tasks to queue
[2025-02-15T20:02:52.274+0100] {logging_mixin.py:188} INFO - [2025-02-15T20:02:52.272+0100] {dagbag.py:538} INFO - Filling up the DagBag from /home/nord/venv/lib/python3.8/site-packages/airflow/example_dags/example_short_circuit_decorator.py
[2025-02-15T20:02:52.322+0100] {processor.py:840} INFO - DAG(s) 'example_short_circuit_decorator' retrieved from /home/nord/venv/lib/python3.8/site-packages/airflow/example_dags/example_short_circuit_decorator.py
[2025-02-15T20:02:52.394+0100] {logging_mixin.py:188} INFO - [2025-02-15T20:02:52.393+0100] {dag.py:3036} INFO - Sync 1 DAGs
[2025-02-15T20:02:52.448+0100] {logging_mixin.py:188} INFO - [2025-02-15T20:02:52.448+0100] {dag.py:3823} INFO - Setting next_dagrun for example_short_circuit_decorator to 2025-02-14 00:00:00+00:00, run_after=2025-02-15 00:00:00+00:00
[2025-02-15T20:02:52.493+0100] {processor.py:183} INFO - Processing /home/nord/venv/lib/python3.8/site-packages/airflow/example_dags/example_short_circuit_decorator.py took 0.245 seconds
[2025-02-15T20:04:00.291+0100] {processor.py:161} INFO - Started process (PID=8782) to work on /home/nord/venv/lib/python3.8/site-packages/airflow/example_dags/example_short_circuit_decorator.py
[2025-02-15T20:04:00.298+0100] {processor.py:830} INFO - Processing file /home/nord/venv/lib/python3.8/site-packages/airflow/example_dags/example_short_circuit_decorator.py for tasks to queue
[2025-02-15T20:04:00.306+0100] {logging_mixin.py:188} INFO - [2025-02-15T20:04:00.305+0100] {dagbag.py:538} INFO - Filling up the DagBag from /home/nord/venv/lib/python3.8/site-packages/airflow/example_dags/example_short_circuit_decorator.py
[2025-02-15T20:04:00.334+0100] {processor.py:840} INFO - DAG(s) 'example_short_circuit_decorator' retrieved from /home/nord/venv/lib/python3.8/site-packages/airflow/example_dags/example_short_circuit_decorator.py
[2025-02-15T20:04:00.407+0100] {logging_mixin.py:188} INFO - [2025-02-15T20:04:00.407+0100] {dag.py:3036} INFO - Sync 1 DAGs
[2025-02-15T20:04:00.451+0100] {logging_mixin.py:188} INFO - [2025-02-15T20:04:00.450+0100] {dag.py:3823} INFO - Setting next_dagrun for example_short_circuit_decorator to 2025-02-14 00:00:00+00:00, run_after=2025-02-15 00:00:00+00:00
[2025-02-15T20:04:00.630+0100] {processor.py:183} INFO - Processing /home/nord/venv/lib/python3.8/site-packages/airflow/example_dags/example_short_circuit_decorator.py took 0.390 seconds
[2025-02-15T20:05:11.656+0100] {processor.py:161} INFO - Started process (PID=8845) to work on /home/nord/venv/lib/python3.8/site-packages/airflow/example_dags/example_short_circuit_decorator.py
[2025-02-15T20:05:11.665+0100] {processor.py:830} INFO - Processing file /home/nord/venv/lib/python3.8/site-packages/airflow/example_dags/example_short_circuit_decorator.py for tasks to queue
[2025-02-15T20:05:11.671+0100] {logging_mixin.py:188} INFO - [2025-02-15T20:05:11.669+0100] {dagbag.py:538} INFO - Filling up the DagBag from /home/nord/venv/lib/python3.8/site-packages/airflow/example_dags/example_short_circuit_decorator.py
[2025-02-15T20:05:11.728+0100] {processor.py:840} INFO - DAG(s) 'example_short_circuit_decorator' retrieved from /home/nord/venv/lib/python3.8/site-packages/airflow/example_dags/example_short_circuit_decorator.py
[2025-02-15T20:05:11.802+0100] {logging_mixin.py:188} INFO - [2025-02-15T20:05:11.802+0100] {dag.py:3036} INFO - Sync 1 DAGs
[2025-02-15T20:05:11.880+0100] {logging_mixin.py:188} INFO - [2025-02-15T20:05:11.879+0100] {dag.py:3823} INFO - Setting next_dagrun for example_short_circuit_decorator to 2025-02-14 00:00:00+00:00, run_after=2025-02-15 00:00:00+00:00
[2025-02-15T20:05:11.969+0100] {processor.py:183} INFO - Processing /home/nord/venv/lib/python3.8/site-packages/airflow/example_dags/example_short_circuit_decorator.py took 0.323 seconds
