[2025-02-15T19:49:23.586+0100] {processor.py:161} INFO - Started process (PID=8013) to work on /home/nord/venv/lib/python3.8/site-packages/airflow/example_dags/example_complex.py
[2025-02-15T19:49:23.590+0100] {processor.py:830} INFO - Processing file /home/nord/venv/lib/python3.8/site-packages/airflow/example_dags/example_complex.py for tasks to queue
[2025-02-15T19:49:23.593+0100] {logging_mixin.py:188} INFO - [2025-02-15T19:49:23.592+0100] {dagbag.py:538} INFO - Filling up the DagBag from /home/nord/venv/lib/python3.8/site-packages/airflow/example_dags/example_complex.py
[2025-02-15T19:49:23.651+0100] {processor.py:840} INFO - DAG(s) 'example_complex' retrieved from /home/nord/venv/lib/python3.8/site-packages/airflow/example_dags/example_complex.py
[2025-02-15T19:49:23.889+0100] {logging_mixin.py:188} INFO - [2025-02-15T19:49:23.889+0100] {dag.py:3036} INFO - Sync 1 DAGs
[2025-02-15T19:49:23.902+0100] {logging_mixin.py:188} INFO - [2025-02-15T19:49:23.901+0100] {dag.py:3823} INFO - Setting next_dagrun for example_complex to None, run_after=None
[2025-02-15T19:49:23.939+0100] {processor.py:183} INFO - Processing /home/nord/venv/lib/python3.8/site-packages/airflow/example_dags/example_complex.py took 0.366 seconds
[2025-02-15T19:50:35.990+0100] {processor.py:161} INFO - Started process (PID=8082) to work on /home/nord/venv/lib/python3.8/site-packages/airflow/example_dags/example_complex.py
[2025-02-15T19:50:35.995+0100] {processor.py:830} INFO - Processing file /home/nord/venv/lib/python3.8/site-packages/airflow/example_dags/example_complex.py for tasks to queue
[2025-02-15T19:50:35.999+0100] {logging_mixin.py:188} INFO - [2025-02-15T19:50:35.997+0100] {dagbag.py:538} INFO - Filling up the DagBag from /home/nord/venv/lib/python3.8/site-packages/airflow/example_dags/example_complex.py
[2025-02-15T19:50:36.045+0100] {processor.py:840} INFO - DAG(s) 'example_complex' retrieved from /home/nord/venv/lib/python3.8/site-packages/airflow/example_dags/example_complex.py
[2025-02-15T19:50:36.103+0100] {logging_mixin.py:188} INFO - [2025-02-15T19:50:36.102+0100] {dag.py:3036} INFO - Sync 1 DAGs
[2025-02-15T19:50:36.127+0100] {logging_mixin.py:188} INFO - [2025-02-15T19:50:36.126+0100] {dag.py:3823} INFO - Setting next_dagrun for example_complex to None, run_after=None
[2025-02-15T19:50:36.180+0100] {processor.py:183} INFO - Processing /home/nord/venv/lib/python3.8/site-packages/airflow/example_dags/example_complex.py took 0.203 seconds
[2025-02-15T19:51:48.253+0100] {processor.py:161} INFO - Started process (PID=8144) to work on /home/nord/venv/lib/python3.8/site-packages/airflow/example_dags/example_complex.py
[2025-02-15T19:51:48.261+0100] {processor.py:830} INFO - Processing file /home/nord/venv/lib/python3.8/site-packages/airflow/example_dags/example_complex.py for tasks to queue
[2025-02-15T19:51:48.266+0100] {logging_mixin.py:188} INFO - [2025-02-15T19:51:48.264+0100] {dagbag.py:538} INFO - Filling up the DagBag from /home/nord/venv/lib/python3.8/site-packages/airflow/example_dags/example_complex.py
[2025-02-15T19:51:48.379+0100] {processor.py:840} INFO - DAG(s) 'example_complex' retrieved from /home/nord/venv/lib/python3.8/site-packages/airflow/example_dags/example_complex.py
[2025-02-15T19:51:48.491+0100] {logging_mixin.py:188} INFO - [2025-02-15T19:51:48.490+0100] {dag.py:3036} INFO - Sync 1 DAGs
[2025-02-15T19:51:48.514+0100] {logging_mixin.py:188} INFO - [2025-02-15T19:51:48.513+0100] {dag.py:3823} INFO - Setting next_dagrun for example_complex to None, run_after=None
[2025-02-15T19:51:48.566+0100] {processor.py:183} INFO - Processing /home/nord/venv/lib/python3.8/site-packages/airflow/example_dags/example_complex.py took 0.340 seconds
[2025-02-15T19:52:54.663+0100] {processor.py:161} INFO - Started process (PID=8197) to work on /home/nord/venv/lib/python3.8/site-packages/airflow/example_dags/example_complex.py
[2025-02-15T19:52:54.670+0100] {processor.py:830} INFO - Processing file /home/nord/venv/lib/python3.8/site-packages/airflow/example_dags/example_complex.py for tasks to queue
[2025-02-15T19:52:54.678+0100] {logging_mixin.py:188} INFO - [2025-02-15T19:52:54.675+0100] {dagbag.py:538} INFO - Filling up the DagBag from /home/nord/venv/lib/python3.8/site-packages/airflow/example_dags/example_complex.py
[2025-02-15T19:52:54.737+0100] {processor.py:840} INFO - DAG(s) 'example_complex' retrieved from /home/nord/venv/lib/python3.8/site-packages/airflow/example_dags/example_complex.py
[2025-02-15T19:52:54.811+0100] {logging_mixin.py:188} INFO - [2025-02-15T19:52:54.811+0100] {dag.py:3036} INFO - Sync 1 DAGs
[2025-02-15T19:52:54.828+0100] {logging_mixin.py:188} INFO - [2025-02-15T19:52:54.828+0100] {dag.py:3823} INFO - Setting next_dagrun for example_complex to None, run_after=None
[2025-02-15T19:52:54.861+0100] {processor.py:183} INFO - Processing /home/nord/venv/lib/python3.8/site-packages/airflow/example_dags/example_complex.py took 0.216 seconds
[2025-02-15T19:54:00.895+0100] {processor.py:161} INFO - Started process (PID=8264) to work on /home/nord/venv/lib/python3.8/site-packages/airflow/example_dags/example_complex.py
[2025-02-15T19:54:00.902+0100] {processor.py:830} INFO - Processing file /home/nord/venv/lib/python3.8/site-packages/airflow/example_dags/example_complex.py for tasks to queue
[2025-02-15T19:54:00.907+0100] {logging_mixin.py:188} INFO - [2025-02-15T19:54:00.905+0100] {dagbag.py:538} INFO - Filling up the DagBag from /home/nord/venv/lib/python3.8/site-packages/airflow/example_dags/example_complex.py
[2025-02-15T19:54:00.944+0100] {processor.py:840} INFO - DAG(s) 'example_complex' retrieved from /home/nord/venv/lib/python3.8/site-packages/airflow/example_dags/example_complex.py
[2025-02-15T19:54:01.003+0100] {logging_mixin.py:188} INFO - [2025-02-15T19:54:01.003+0100] {dag.py:3036} INFO - Sync 1 DAGs
[2025-02-15T19:54:01.017+0100] {logging_mixin.py:188} INFO - [2025-02-15T19:54:01.017+0100] {dag.py:3823} INFO - Setting next_dagrun for example_complex to None, run_after=None
[2025-02-15T19:54:01.049+0100] {processor.py:183} INFO - Processing /home/nord/venv/lib/python3.8/site-packages/airflow/example_dags/example_complex.py took 0.172 seconds
[2025-02-15T19:55:06.433+0100] {processor.py:161} INFO - Started process (PID=8314) to work on /home/nord/venv/lib/python3.8/site-packages/airflow/example_dags/example_complex.py
[2025-02-15T19:55:06.437+0100] {processor.py:830} INFO - Processing file /home/nord/venv/lib/python3.8/site-packages/airflow/example_dags/example_complex.py for tasks to queue
[2025-02-15T19:55:06.443+0100] {logging_mixin.py:188} INFO - [2025-02-15T19:55:06.441+0100] {dagbag.py:538} INFO - Filling up the DagBag from /home/nord/venv/lib/python3.8/site-packages/airflow/example_dags/example_complex.py
[2025-02-15T19:55:06.490+0100] {processor.py:840} INFO - DAG(s) 'example_complex' retrieved from /home/nord/venv/lib/python3.8/site-packages/airflow/example_dags/example_complex.py
[2025-02-15T19:55:06.571+0100] {logging_mixin.py:188} INFO - [2025-02-15T19:55:06.571+0100] {dag.py:3036} INFO - Sync 1 DAGs
[2025-02-15T19:55:06.596+0100] {logging_mixin.py:188} INFO - [2025-02-15T19:55:06.596+0100] {dag.py:3823} INFO - Setting next_dagrun for example_complex to None, run_after=None
[2025-02-15T19:55:06.648+0100] {processor.py:183} INFO - Processing /home/nord/venv/lib/python3.8/site-packages/airflow/example_dags/example_complex.py took 0.228 seconds
[2025-02-15T19:56:11.023+0100] {processor.py:161} INFO - Started process (PID=8367) to work on /home/nord/venv/lib/python3.8/site-packages/airflow/example_dags/example_complex.py
[2025-02-15T19:56:11.029+0100] {processor.py:830} INFO - Processing file /home/nord/venv/lib/python3.8/site-packages/airflow/example_dags/example_complex.py for tasks to queue
[2025-02-15T19:56:11.034+0100] {logging_mixin.py:188} INFO - [2025-02-15T19:56:11.031+0100] {dagbag.py:538} INFO - Filling up the DagBag from /home/nord/venv/lib/python3.8/site-packages/airflow/example_dags/example_complex.py
[2025-02-15T19:56:11.089+0100] {processor.py:840} INFO - DAG(s) 'example_complex' retrieved from /home/nord/venv/lib/python3.8/site-packages/airflow/example_dags/example_complex.py
[2025-02-15T19:56:11.168+0100] {logging_mixin.py:188} INFO - [2025-02-15T19:56:11.168+0100] {dag.py:3036} INFO - Sync 1 DAGs
[2025-02-15T19:56:11.201+0100] {logging_mixin.py:188} INFO - [2025-02-15T19:56:11.201+0100] {dag.py:3823} INFO - Setting next_dagrun for example_complex to None, run_after=None
[2025-02-15T19:56:11.243+0100] {processor.py:183} INFO - Processing /home/nord/venv/lib/python3.8/site-packages/airflow/example_dags/example_complex.py took 0.237 seconds
[2025-02-15T19:57:15.613+0100] {processor.py:161} INFO - Started process (PID=8421) to work on /home/nord/venv/lib/python3.8/site-packages/airflow/example_dags/example_complex.py
[2025-02-15T19:57:15.624+0100] {processor.py:830} INFO - Processing file /home/nord/venv/lib/python3.8/site-packages/airflow/example_dags/example_complex.py for tasks to queue
[2025-02-15T19:57:15.630+0100] {logging_mixin.py:188} INFO - [2025-02-15T19:57:15.627+0100] {dagbag.py:538} INFO - Filling up the DagBag from /home/nord/venv/lib/python3.8/site-packages/airflow/example_dags/example_complex.py
[2025-02-15T19:57:15.728+0100] {processor.py:840} INFO - DAG(s) 'example_complex' retrieved from /home/nord/venv/lib/python3.8/site-packages/airflow/example_dags/example_complex.py
[2025-02-15T19:57:15.803+0100] {logging_mixin.py:188} INFO - [2025-02-15T19:57:15.802+0100] {dag.py:3036} INFO - Sync 1 DAGs
[2025-02-15T19:57:15.833+0100] {logging_mixin.py:188} INFO - [2025-02-15T19:57:15.832+0100] {dag.py:3823} INFO - Setting next_dagrun for example_complex to None, run_after=None
[2025-02-15T19:57:15.899+0100] {processor.py:183} INFO - Processing /home/nord/venv/lib/python3.8/site-packages/airflow/example_dags/example_complex.py took 0.313 seconds
[2025-02-15T19:58:13.912+0100] {processor.py:161} INFO - Started process (PID=8473) to work on /home/nord/venv/lib/python3.8/site-packages/airflow/example_dags/example_complex.py
[2025-02-15T19:58:13.915+0100] {processor.py:830} INFO - Processing file /home/nord/venv/lib/python3.8/site-packages/airflow/example_dags/example_complex.py for tasks to queue
[2025-02-15T19:58:13.916+0100] {logging_mixin.py:188} INFO - [2025-02-15T19:58:13.916+0100] {dagbag.py:538} INFO - Filling up the DagBag from /home/nord/venv/lib/python3.8/site-packages/airflow/example_dags/example_complex.py
[2025-02-15T19:58:13.935+0100] {processor.py:840} INFO - DAG(s) 'example_complex' retrieved from /home/nord/venv/lib/python3.8/site-packages/airflow/example_dags/example_complex.py
[2025-02-15T19:58:13.972+0100] {logging_mixin.py:188} INFO - [2025-02-15T19:58:13.971+0100] {dag.py:3036} INFO - Sync 1 DAGs
[2025-02-15T19:58:13.989+0100] {logging_mixin.py:188} INFO - [2025-02-15T19:58:13.988+0100] {dag.py:3823} INFO - Setting next_dagrun for example_complex to None, run_after=None
[2025-02-15T19:58:14.029+0100] {processor.py:183} INFO - Processing /home/nord/venv/lib/python3.8/site-packages/airflow/example_dags/example_complex.py took 0.122 seconds
[2025-02-15T19:59:10.149+0100] {processor.py:161} INFO - Started process (PID=8521) to work on /home/nord/venv/lib/python3.8/site-packages/airflow/example_dags/example_complex.py
[2025-02-15T19:59:10.153+0100] {processor.py:830} INFO - Processing file /home/nord/venv/lib/python3.8/site-packages/airflow/example_dags/example_complex.py for tasks to queue
[2025-02-15T19:59:10.155+0100] {logging_mixin.py:188} INFO - [2025-02-15T19:59:10.154+0100] {dagbag.py:538} INFO - Filling up the DagBag from /home/nord/venv/lib/python3.8/site-packages/airflow/example_dags/example_complex.py
[2025-02-15T19:59:10.187+0100] {processor.py:840} INFO - DAG(s) 'example_complex' retrieved from /home/nord/venv/lib/python3.8/site-packages/airflow/example_dags/example_complex.py
[2025-02-15T19:59:10.253+0100] {logging_mixin.py:188} INFO - [2025-02-15T19:59:10.253+0100] {dag.py:3036} INFO - Sync 1 DAGs
[2025-02-15T19:59:10.279+0100] {logging_mixin.py:188} INFO - [2025-02-15T19:59:10.278+0100] {dag.py:3823} INFO - Setting next_dagrun for example_complex to None, run_after=None
[2025-02-15T19:59:10.334+0100] {processor.py:183} INFO - Processing /home/nord/venv/lib/python3.8/site-packages/airflow/example_dags/example_complex.py took 0.191 seconds
[2025-02-15T20:00:11.486+0100] {processor.py:161} INFO - Started process (PID=8571) to work on /home/nord/venv/lib/python3.8/site-packages/airflow/example_dags/example_complex.py
[2025-02-15T20:00:11.492+0100] {processor.py:830} INFO - Processing file /home/nord/venv/lib/python3.8/site-packages/airflow/example_dags/example_complex.py for tasks to queue
[2025-02-15T20:00:11.498+0100] {logging_mixin.py:188} INFO - [2025-02-15T20:00:11.496+0100] {dagbag.py:538} INFO - Filling up the DagBag from /home/nord/venv/lib/python3.8/site-packages/airflow/example_dags/example_complex.py
[2025-02-15T20:00:11.552+0100] {processor.py:840} INFO - DAG(s) 'example_complex' retrieved from /home/nord/venv/lib/python3.8/site-packages/airflow/example_dags/example_complex.py
[2025-02-15T20:00:11.619+0100] {logging_mixin.py:188} INFO - [2025-02-15T20:00:11.618+0100] {dag.py:3036} INFO - Sync 1 DAGs
[2025-02-15T20:00:11.644+0100] {logging_mixin.py:188} INFO - [2025-02-15T20:00:11.644+0100] {dag.py:3823} INFO - Setting next_dagrun for example_complex to None, run_after=None
[2025-02-15T20:00:11.698+0100] {processor.py:183} INFO - Processing /home/nord/venv/lib/python3.8/site-packages/airflow/example_dags/example_complex.py took 0.227 seconds
[2025-02-15T20:01:21.419+0100] {processor.py:161} INFO - Started process (PID=8624) to work on /home/nord/venv/lib/python3.8/site-packages/airflow/example_dags/example_complex.py
[2025-02-15T20:01:21.423+0100] {processor.py:830} INFO - Processing file /home/nord/venv/lib/python3.8/site-packages/airflow/example_dags/example_complex.py for tasks to queue
[2025-02-15T20:01:21.428+0100] {logging_mixin.py:188} INFO - [2025-02-15T20:01:21.426+0100] {dagbag.py:538} INFO - Filling up the DagBag from /home/nord/venv/lib/python3.8/site-packages/airflow/example_dags/example_complex.py
[2025-02-15T20:01:21.479+0100] {processor.py:840} INFO - DAG(s) 'example_complex' retrieved from /home/nord/venv/lib/python3.8/site-packages/airflow/example_dags/example_complex.py
[2025-02-15T20:01:21.555+0100] {logging_mixin.py:188} INFO - [2025-02-15T20:01:21.555+0100] {dag.py:3036} INFO - Sync 1 DAGs
[2025-02-15T20:01:21.569+0100] {logging_mixin.py:188} INFO - [2025-02-15T20:01:21.569+0100] {dag.py:3823} INFO - Setting next_dagrun for example_complex to None, run_after=None
[2025-02-15T20:01:21.615+0100] {processor.py:183} INFO - Processing /home/nord/venv/lib/python3.8/site-packages/airflow/example_dags/example_complex.py took 0.212 seconds
[2025-02-15T20:02:27.461+0100] {processor.py:161} INFO - Started process (PID=8696) to work on /home/nord/venv/lib/python3.8/site-packages/airflow/example_dags/example_complex.py
[2025-02-15T20:02:27.472+0100] {processor.py:830} INFO - Processing file /home/nord/venv/lib/python3.8/site-packages/airflow/example_dags/example_complex.py for tasks to queue
[2025-02-15T20:02:27.477+0100] {logging_mixin.py:188} INFO - [2025-02-15T20:02:27.475+0100] {dagbag.py:538} INFO - Filling up the DagBag from /home/nord/venv/lib/python3.8/site-packages/airflow/example_dags/example_complex.py
[2025-02-15T20:02:27.534+0100] {processor.py:840} INFO - DAG(s) 'example_complex' retrieved from /home/nord/venv/lib/python3.8/site-packages/airflow/example_dags/example_complex.py
[2025-02-15T20:02:27.633+0100] {logging_mixin.py:188} INFO - [2025-02-15T20:02:27.633+0100] {dag.py:3036} INFO - Sync 1 DAGs
[2025-02-15T20:02:27.661+0100] {logging_mixin.py:188} INFO - [2025-02-15T20:02:27.660+0100] {dag.py:3823} INFO - Setting next_dagrun for example_complex to None, run_after=None
[2025-02-15T20:02:27.715+0100] {processor.py:183} INFO - Processing /home/nord/venv/lib/python3.8/site-packages/airflow/example_dags/example_complex.py took 0.269 seconds
[2025-02-15T20:03:32.090+0100] {processor.py:161} INFO - Started process (PID=8747) to work on /home/nord/venv/lib/python3.8/site-packages/airflow/example_dags/example_complex.py
[2025-02-15T20:03:32.099+0100] {processor.py:830} INFO - Processing file /home/nord/venv/lib/python3.8/site-packages/airflow/example_dags/example_complex.py for tasks to queue
[2025-02-15T20:03:32.102+0100] {logging_mixin.py:188} INFO - [2025-02-15T20:03:32.101+0100] {dagbag.py:538} INFO - Filling up the DagBag from /home/nord/venv/lib/python3.8/site-packages/airflow/example_dags/example_complex.py
[2025-02-15T20:03:32.135+0100] {processor.py:840} INFO - DAG(s) 'example_complex' retrieved from /home/nord/venv/lib/python3.8/site-packages/airflow/example_dags/example_complex.py
[2025-02-15T20:03:32.170+0100] {logging_mixin.py:188} INFO - [2025-02-15T20:03:32.170+0100] {dag.py:3036} INFO - Sync 1 DAGs
[2025-02-15T20:03:32.194+0100] {logging_mixin.py:188} INFO - [2025-02-15T20:03:32.193+0100] {dag.py:3823} INFO - Setting next_dagrun for example_complex to None, run_after=None
[2025-02-15T20:03:32.241+0100] {processor.py:183} INFO - Processing /home/nord/venv/lib/python3.8/site-packages/airflow/example_dags/example_complex.py took 0.164 seconds
[2025-02-15T20:04:43.001+0100] {processor.py:161} INFO - Started process (PID=8823) to work on /home/nord/venv/lib/python3.8/site-packages/airflow/example_dags/example_complex.py
[2025-02-15T20:04:43.013+0100] {processor.py:830} INFO - Processing file /home/nord/venv/lib/python3.8/site-packages/airflow/example_dags/example_complex.py for tasks to queue
[2025-02-15T20:04:43.020+0100] {logging_mixin.py:188} INFO - [2025-02-15T20:04:43.017+0100] {dagbag.py:538} INFO - Filling up the DagBag from /home/nord/venv/lib/python3.8/site-packages/airflow/example_dags/example_complex.py
[2025-02-15T20:04:43.115+0100] {processor.py:840} INFO - DAG(s) 'example_complex' retrieved from /home/nord/venv/lib/python3.8/site-packages/airflow/example_dags/example_complex.py
[2025-02-15T20:04:43.172+0100] {logging_mixin.py:188} INFO - [2025-02-15T20:04:43.172+0100] {dag.py:3036} INFO - Sync 1 DAGs
[2025-02-15T20:04:43.190+0100] {logging_mixin.py:188} INFO - [2025-02-15T20:04:43.190+0100] {dag.py:3823} INFO - Setting next_dagrun for example_complex to None, run_after=None
[2025-02-15T20:04:43.235+0100] {processor.py:183} INFO - Processing /home/nord/venv/lib/python3.8/site-packages/airflow/example_dags/example_complex.py took 0.261 seconds
