[2025-02-15T19:49:37.977+0100] {processor.py:161} INFO - Started process (PID=8023) to work on /home/nord/venv/lib/python3.8/site-packages/airflow/example_dags/example_branch_day_of_week_operator.py
[2025-02-15T19:49:37.982+0100] {processor.py:830} INFO - Processing file /home/nord/venv/lib/python3.8/site-packages/airflow/example_dags/example_branch_day_of_week_operator.py for tasks to queue
[2025-02-15T19:49:37.986+0100] {logging_mixin.py:188} INFO - [2025-02-15T19:49:37.984+0100] {dagbag.py:538} INFO - Filling up the DagBag from /home/nord/venv/lib/python3.8/site-packages/airflow/example_dags/example_branch_day_of_week_operator.py
[2025-02-15T19:49:38.021+0100] {processor.py:840} INFO - DAG(s) 'example_weekday_branch_operator' retrieved from /home/nord/venv/lib/python3.8/site-packages/airflow/example_dags/example_branch_day_of_week_operator.py
[2025-02-15T19:49:38.182+0100] {logging_mixin.py:188} INFO - [2025-02-15T19:49:38.182+0100] {dag.py:3036} INFO - Sync 1 DAGs
[2025-02-15T19:49:38.204+0100] {logging_mixin.py:188} INFO - [2025-02-15T19:49:38.203+0100] {dag.py:3823} INFO - Setting next_dagrun for example_weekday_branch_operator to 2025-02-14 00:00:00+00:00, run_after=2025-02-15 00:00:00+00:00
[2025-02-15T19:49:38.248+0100] {processor.py:183} INFO - Processing /home/nord/venv/lib/python3.8/site-packages/airflow/example_dags/example_branch_day_of_week_operator.py took 0.284 seconds
[2025-02-15T19:50:50.663+0100] {processor.py:161} INFO - Started process (PID=8096) to work on /home/nord/venv/lib/python3.8/site-packages/airflow/example_dags/example_branch_day_of_week_operator.py
[2025-02-15T19:50:50.666+0100] {processor.py:830} INFO - Processing file /home/nord/venv/lib/python3.8/site-packages/airflow/example_dags/example_branch_day_of_week_operator.py for tasks to queue
[2025-02-15T19:50:50.669+0100] {logging_mixin.py:188} INFO - [2025-02-15T19:50:50.668+0100] {dagbag.py:538} INFO - Filling up the DagBag from /home/nord/venv/lib/python3.8/site-packages/airflow/example_dags/example_branch_day_of_week_operator.py
[2025-02-15T19:50:50.701+0100] {processor.py:840} INFO - DAG(s) 'example_weekday_branch_operator' retrieved from /home/nord/venv/lib/python3.8/site-packages/airflow/example_dags/example_branch_day_of_week_operator.py
[2025-02-15T19:50:50.777+0100] {logging_mixin.py:188} INFO - [2025-02-15T19:50:50.776+0100] {dag.py:3036} INFO - Sync 1 DAGs
[2025-02-15T19:50:50.919+0100] {logging_mixin.py:188} INFO - [2025-02-15T19:50:50.918+0100] {dag.py:3823} INFO - Setting next_dagrun for example_weekday_branch_operator to 2025-02-14 00:00:00+00:00, run_after=2025-02-15 00:00:00+00:00
[2025-02-15T19:50:51.052+0100] {processor.py:183} INFO - Processing /home/nord/venv/lib/python3.8/site-packages/airflow/example_dags/example_branch_day_of_week_operator.py took 0.408 seconds
[2025-02-15T19:52:00.628+0100] {processor.py:161} INFO - Started process (PID=8154) to work on /home/nord/venv/lib/python3.8/site-packages/airflow/example_dags/example_branch_day_of_week_operator.py
[2025-02-15T19:52:00.633+0100] {processor.py:830} INFO - Processing file /home/nord/venv/lib/python3.8/site-packages/airflow/example_dags/example_branch_day_of_week_operator.py for tasks to queue
[2025-02-15T19:52:00.637+0100] {logging_mixin.py:188} INFO - [2025-02-15T19:52:00.635+0100] {dagbag.py:538} INFO - Filling up the DagBag from /home/nord/venv/lib/python3.8/site-packages/airflow/example_dags/example_branch_day_of_week_operator.py
[2025-02-15T19:52:00.670+0100] {processor.py:840} INFO - DAG(s) 'example_weekday_branch_operator' retrieved from /home/nord/venv/lib/python3.8/site-packages/airflow/example_dags/example_branch_day_of_week_operator.py
[2025-02-15T19:52:00.723+0100] {logging_mixin.py:188} INFO - [2025-02-15T19:52:00.723+0100] {dag.py:3036} INFO - Sync 1 DAGs
[2025-02-15T19:52:00.769+0100] {logging_mixin.py:188} INFO - [2025-02-15T19:52:00.768+0100] {dag.py:3823} INFO - Setting next_dagrun for example_weekday_branch_operator to 2025-02-14 00:00:00+00:00, run_after=2025-02-15 00:00:00+00:00
[2025-02-15T19:52:00.810+0100] {processor.py:183} INFO - Processing /home/nord/venv/lib/python3.8/site-packages/airflow/example_dags/example_branch_day_of_week_operator.py took 0.195 seconds
[2025-02-15T19:53:08.096+0100] {processor.py:161} INFO - Started process (PID=8207) to work on /home/nord/venv/lib/python3.8/site-packages/airflow/example_dags/example_branch_day_of_week_operator.py
[2025-02-15T19:53:08.099+0100] {processor.py:830} INFO - Processing file /home/nord/venv/lib/python3.8/site-packages/airflow/example_dags/example_branch_day_of_week_operator.py for tasks to queue
[2025-02-15T19:53:08.101+0100] {logging_mixin.py:188} INFO - [2025-02-15T19:53:08.100+0100] {dagbag.py:538} INFO - Filling up the DagBag from /home/nord/venv/lib/python3.8/site-packages/airflow/example_dags/example_branch_day_of_week_operator.py
[2025-02-15T19:53:08.121+0100] {processor.py:840} INFO - DAG(s) 'example_weekday_branch_operator' retrieved from /home/nord/venv/lib/python3.8/site-packages/airflow/example_dags/example_branch_day_of_week_operator.py
[2025-02-15T19:53:08.158+0100] {logging_mixin.py:188} INFO - [2025-02-15T19:53:08.157+0100] {dag.py:3036} INFO - Sync 1 DAGs
[2025-02-15T19:53:08.201+0100] {logging_mixin.py:188} INFO - [2025-02-15T19:53:08.201+0100] {dag.py:3823} INFO - Setting next_dagrun for example_weekday_branch_operator to 2025-02-14 00:00:00+00:00, run_after=2025-02-15 00:00:00+00:00
[2025-02-15T19:53:08.273+0100] {processor.py:183} INFO - Processing /home/nord/venv/lib/python3.8/site-packages/airflow/example_dags/example_branch_day_of_week_operator.py took 0.182 seconds
[2025-02-15T19:54:13.482+0100] {processor.py:161} INFO - Started process (PID=8274) to work on /home/nord/venv/lib/python3.8/site-packages/airflow/example_dags/example_branch_day_of_week_operator.py
[2025-02-15T19:54:13.489+0100] {processor.py:830} INFO - Processing file /home/nord/venv/lib/python3.8/site-packages/airflow/example_dags/example_branch_day_of_week_operator.py for tasks to queue
[2025-02-15T19:54:13.494+0100] {logging_mixin.py:188} INFO - [2025-02-15T19:54:13.492+0100] {dagbag.py:538} INFO - Filling up the DagBag from /home/nord/venv/lib/python3.8/site-packages/airflow/example_dags/example_branch_day_of_week_operator.py
[2025-02-15T19:54:13.540+0100] {processor.py:840} INFO - DAG(s) 'example_weekday_branch_operator' retrieved from /home/nord/venv/lib/python3.8/site-packages/airflow/example_dags/example_branch_day_of_week_operator.py
[2025-02-15T19:54:13.620+0100] {logging_mixin.py:188} INFO - [2025-02-15T19:54:13.620+0100] {dag.py:3036} INFO - Sync 1 DAGs
[2025-02-15T19:54:13.665+0100] {logging_mixin.py:188} INFO - [2025-02-15T19:54:13.665+0100] {dag.py:3823} INFO - Setting next_dagrun for example_weekday_branch_operator to 2025-02-14 00:00:00+00:00, run_after=2025-02-15 00:00:00+00:00
[2025-02-15T19:54:13.717+0100] {processor.py:183} INFO - Processing /home/nord/venv/lib/python3.8/site-packages/airflow/example_dags/example_branch_day_of_week_operator.py took 0.253 seconds
[2025-02-15T19:55:19.949+0100] {processor.py:161} INFO - Started process (PID=8324) to work on /home/nord/venv/lib/python3.8/site-packages/airflow/example_dags/example_branch_day_of_week_operator.py
[2025-02-15T19:55:19.954+0100] {processor.py:830} INFO - Processing file /home/nord/venv/lib/python3.8/site-packages/airflow/example_dags/example_branch_day_of_week_operator.py for tasks to queue
[2025-02-15T19:55:19.960+0100] {logging_mixin.py:188} INFO - [2025-02-15T19:55:19.958+0100] {dagbag.py:538} INFO - Filling up the DagBag from /home/nord/venv/lib/python3.8/site-packages/airflow/example_dags/example_branch_day_of_week_operator.py
[2025-02-15T19:55:19.973+0100] {processor.py:840} INFO - DAG(s) 'example_weekday_branch_operator' retrieved from /home/nord/venv/lib/python3.8/site-packages/airflow/example_dags/example_branch_day_of_week_operator.py
[2025-02-15T19:55:19.996+0100] {logging_mixin.py:188} INFO - [2025-02-15T19:55:19.996+0100] {dag.py:3036} INFO - Sync 1 DAGs
[2025-02-15T19:55:20.034+0100] {logging_mixin.py:188} INFO - [2025-02-15T19:55:20.033+0100] {dag.py:3823} INFO - Setting next_dagrun for example_weekday_branch_operator to 2025-02-14 00:00:00+00:00, run_after=2025-02-15 00:00:00+00:00
[2025-02-15T19:55:20.100+0100] {processor.py:183} INFO - Processing /home/nord/venv/lib/python3.8/site-packages/airflow/example_dags/example_branch_day_of_week_operator.py took 0.165 seconds
[2025-02-15T19:56:23.749+0100] {processor.py:161} INFO - Started process (PID=8377) to work on /home/nord/venv/lib/python3.8/site-packages/airflow/example_dags/example_branch_day_of_week_operator.py
[2025-02-15T19:56:23.756+0100] {processor.py:830} INFO - Processing file /home/nord/venv/lib/python3.8/site-packages/airflow/example_dags/example_branch_day_of_week_operator.py for tasks to queue
[2025-02-15T19:56:23.758+0100] {logging_mixin.py:188} INFO - [2025-02-15T19:56:23.757+0100] {dagbag.py:538} INFO - Filling up the DagBag from /home/nord/venv/lib/python3.8/site-packages/airflow/example_dags/example_branch_day_of_week_operator.py
[2025-02-15T19:56:23.775+0100] {processor.py:840} INFO - DAG(s) 'example_weekday_branch_operator' retrieved from /home/nord/venv/lib/python3.8/site-packages/airflow/example_dags/example_branch_day_of_week_operator.py
[2025-02-15T19:56:23.803+0100] {logging_mixin.py:188} INFO - [2025-02-15T19:56:23.803+0100] {dag.py:3036} INFO - Sync 1 DAGs
[2025-02-15T19:56:23.830+0100] {logging_mixin.py:188} INFO - [2025-02-15T19:56:23.830+0100] {dag.py:3823} INFO - Setting next_dagrun for example_weekday_branch_operator to 2025-02-14 00:00:00+00:00, run_after=2025-02-15 00:00:00+00:00
[2025-02-15T19:56:23.862+0100] {processor.py:183} INFO - Processing /home/nord/venv/lib/python3.8/site-packages/airflow/example_dags/example_branch_day_of_week_operator.py took 0.126 seconds
[2025-02-15T19:57:27.411+0100] {processor.py:161} INFO - Started process (PID=8431) to work on /home/nord/venv/lib/python3.8/site-packages/airflow/example_dags/example_branch_day_of_week_operator.py
[2025-02-15T19:57:27.418+0100] {processor.py:830} INFO - Processing file /home/nord/venv/lib/python3.8/site-packages/airflow/example_dags/example_branch_day_of_week_operator.py for tasks to queue
[2025-02-15T19:57:27.421+0100] {logging_mixin.py:188} INFO - [2025-02-15T19:57:27.420+0100] {dagbag.py:538} INFO - Filling up the DagBag from /home/nord/venv/lib/python3.8/site-packages/airflow/example_dags/example_branch_day_of_week_operator.py
[2025-02-15T19:57:27.445+0100] {processor.py:840} INFO - DAG(s) 'example_weekday_branch_operator' retrieved from /home/nord/venv/lib/python3.8/site-packages/airflow/example_dags/example_branch_day_of_week_operator.py
[2025-02-15T19:57:27.476+0100] {logging_mixin.py:188} INFO - [2025-02-15T19:57:27.476+0100] {dag.py:3036} INFO - Sync 1 DAGs
[2025-02-15T19:57:27.515+0100] {logging_mixin.py:188} INFO - [2025-02-15T19:57:27.515+0100] {dag.py:3823} INFO - Setting next_dagrun for example_weekday_branch_operator to 2025-02-14 00:00:00+00:00, run_after=2025-02-15 00:00:00+00:00
[2025-02-15T19:57:27.559+0100] {processor.py:183} INFO - Processing /home/nord/venv/lib/python3.8/site-packages/airflow/example_dags/example_branch_day_of_week_operator.py took 0.181 seconds
[2025-02-15T19:58:24.891+0100] {processor.py:161} INFO - Started process (PID=8483) to work on /home/nord/venv/lib/python3.8/site-packages/airflow/example_dags/example_branch_day_of_week_operator.py
[2025-02-15T19:58:24.900+0100] {processor.py:830} INFO - Processing file /home/nord/venv/lib/python3.8/site-packages/airflow/example_dags/example_branch_day_of_week_operator.py for tasks to queue
[2025-02-15T19:58:24.902+0100] {logging_mixin.py:188} INFO - [2025-02-15T19:58:24.901+0100] {dagbag.py:538} INFO - Filling up the DagBag from /home/nord/venv/lib/python3.8/site-packages/airflow/example_dags/example_branch_day_of_week_operator.py
[2025-02-15T19:58:24.923+0100] {processor.py:840} INFO - DAG(s) 'example_weekday_branch_operator' retrieved from /home/nord/venv/lib/python3.8/site-packages/airflow/example_dags/example_branch_day_of_week_operator.py
[2025-02-15T19:58:24.977+0100] {logging_mixin.py:188} INFO - [2025-02-15T19:58:24.977+0100] {dag.py:3036} INFO - Sync 1 DAGs
[2025-02-15T19:58:25.064+0100] {logging_mixin.py:188} INFO - [2025-02-15T19:58:25.063+0100] {dag.py:3823} INFO - Setting next_dagrun for example_weekday_branch_operator to 2025-02-14 00:00:00+00:00, run_after=2025-02-15 00:00:00+00:00
[2025-02-15T19:58:25.133+0100] {processor.py:183} INFO - Processing /home/nord/venv/lib/python3.8/site-packages/airflow/example_dags/example_branch_day_of_week_operator.py took 0.263 seconds
[2025-02-15T19:59:23.080+0100] {processor.py:161} INFO - Started process (PID=8531) to work on /home/nord/venv/lib/python3.8/site-packages/airflow/example_dags/example_branch_day_of_week_operator.py
[2025-02-15T19:59:23.091+0100] {processor.py:830} INFO - Processing file /home/nord/venv/lib/python3.8/site-packages/airflow/example_dags/example_branch_day_of_week_operator.py for tasks to queue
[2025-02-15T19:59:23.099+0100] {logging_mixin.py:188} INFO - [2025-02-15T19:59:23.097+0100] {dagbag.py:538} INFO - Filling up the DagBag from /home/nord/venv/lib/python3.8/site-packages/airflow/example_dags/example_branch_day_of_week_operator.py
[2025-02-15T19:59:23.123+0100] {processor.py:840} INFO - DAG(s) 'example_weekday_branch_operator' retrieved from /home/nord/venv/lib/python3.8/site-packages/airflow/example_dags/example_branch_day_of_week_operator.py
[2025-02-15T19:59:23.167+0100] {logging_mixin.py:188} INFO - [2025-02-15T19:59:23.166+0100] {dag.py:3036} INFO - Sync 1 DAGs
[2025-02-15T19:59:23.215+0100] {logging_mixin.py:188} INFO - [2025-02-15T19:59:23.214+0100] {dag.py:3823} INFO - Setting next_dagrun for example_weekday_branch_operator to 2025-02-14 00:00:00+00:00, run_after=2025-02-15 00:00:00+00:00
[2025-02-15T19:59:23.270+0100] {processor.py:183} INFO - Processing /home/nord/venv/lib/python3.8/site-packages/airflow/example_dags/example_branch_day_of_week_operator.py took 0.224 seconds
[2025-02-15T20:00:25.525+0100] {processor.py:161} INFO - Started process (PID=8581) to work on /home/nord/venv/lib/python3.8/site-packages/airflow/example_dags/example_branch_day_of_week_operator.py
[2025-02-15T20:00:25.537+0100] {processor.py:830} INFO - Processing file /home/nord/venv/lib/python3.8/site-packages/airflow/example_dags/example_branch_day_of_week_operator.py for tasks to queue
[2025-02-15T20:00:25.543+0100] {logging_mixin.py:188} INFO - [2025-02-15T20:00:25.541+0100] {dagbag.py:538} INFO - Filling up the DagBag from /home/nord/venv/lib/python3.8/site-packages/airflow/example_dags/example_branch_day_of_week_operator.py
[2025-02-15T20:00:25.585+0100] {processor.py:840} INFO - DAG(s) 'example_weekday_branch_operator' retrieved from /home/nord/venv/lib/python3.8/site-packages/airflow/example_dags/example_branch_day_of_week_operator.py
[2025-02-15T20:00:25.676+0100] {logging_mixin.py:188} INFO - [2025-02-15T20:00:25.675+0100] {dag.py:3036} INFO - Sync 1 DAGs
[2025-02-15T20:00:25.790+0100] {logging_mixin.py:188} INFO - [2025-02-15T20:00:25.789+0100] {dag.py:3823} INFO - Setting next_dagrun for example_weekday_branch_operator to 2025-02-14 00:00:00+00:00, run_after=2025-02-15 00:00:00+00:00
[2025-02-15T20:00:25.916+0100] {processor.py:183} INFO - Processing /home/nord/venv/lib/python3.8/site-packages/airflow/example_dags/example_branch_day_of_week_operator.py took 0.408 seconds
[2025-02-15T20:01:34.935+0100] {processor.py:161} INFO - Started process (PID=8651) to work on /home/nord/venv/lib/python3.8/site-packages/airflow/example_dags/example_branch_day_of_week_operator.py
[2025-02-15T20:01:34.943+0100] {processor.py:830} INFO - Processing file /home/nord/venv/lib/python3.8/site-packages/airflow/example_dags/example_branch_day_of_week_operator.py for tasks to queue
[2025-02-15T20:01:34.950+0100] {logging_mixin.py:188} INFO - [2025-02-15T20:01:34.947+0100] {dagbag.py:538} INFO - Filling up the DagBag from /home/nord/venv/lib/python3.8/site-packages/airflow/example_dags/example_branch_day_of_week_operator.py
[2025-02-15T20:01:35.000+0100] {processor.py:840} INFO - DAG(s) 'example_weekday_branch_operator' retrieved from /home/nord/venv/lib/python3.8/site-packages/airflow/example_dags/example_branch_day_of_week_operator.py
[2025-02-15T20:01:35.139+0100] {logging_mixin.py:188} INFO - [2025-02-15T20:01:35.138+0100] {dag.py:3036} INFO - Sync 1 DAGs
[2025-02-15T20:01:35.187+0100] {logging_mixin.py:188} INFO - [2025-02-15T20:01:35.186+0100] {dag.py:3823} INFO - Setting next_dagrun for example_weekday_branch_operator to 2025-02-14 00:00:00+00:00, run_after=2025-02-15 00:00:00+00:00
[2025-02-15T20:01:35.239+0100] {processor.py:183} INFO - Processing /home/nord/venv/lib/python3.8/site-packages/airflow/example_dags/example_branch_day_of_week_operator.py took 0.325 seconds
[2025-02-15T20:02:40.566+0100] {processor.py:161} INFO - Started process (PID=8706) to work on /home/nord/venv/lib/python3.8/site-packages/airflow/example_dags/example_branch_day_of_week_operator.py
[2025-02-15T20:02:40.572+0100] {processor.py:830} INFO - Processing file /home/nord/venv/lib/python3.8/site-packages/airflow/example_dags/example_branch_day_of_week_operator.py for tasks to queue
[2025-02-15T20:02:40.577+0100] {logging_mixin.py:188} INFO - [2025-02-15T20:02:40.574+0100] {dagbag.py:538} INFO - Filling up the DagBag from /home/nord/venv/lib/python3.8/site-packages/airflow/example_dags/example_branch_day_of_week_operator.py
[2025-02-15T20:02:40.613+0100] {processor.py:840} INFO - DAG(s) 'example_weekday_branch_operator' retrieved from /home/nord/venv/lib/python3.8/site-packages/airflow/example_dags/example_branch_day_of_week_operator.py
[2025-02-15T20:02:40.682+0100] {logging_mixin.py:188} INFO - [2025-02-15T20:02:40.681+0100] {dag.py:3036} INFO - Sync 1 DAGs
[2025-02-15T20:02:40.760+0100] {logging_mixin.py:188} INFO - [2025-02-15T20:02:40.760+0100] {dag.py:3823} INFO - Setting next_dagrun for example_weekday_branch_operator to 2025-02-14 00:00:00+00:00, run_after=2025-02-15 00:00:00+00:00
[2025-02-15T20:02:40.828+0100] {processor.py:183} INFO - Processing /home/nord/venv/lib/python3.8/site-packages/airflow/example_dags/example_branch_day_of_week_operator.py took 0.274 seconds
[2025-02-15T20:03:46.151+0100] {processor.py:161} INFO - Started process (PID=8764) to work on /home/nord/venv/lib/python3.8/site-packages/airflow/example_dags/example_branch_day_of_week_operator.py
[2025-02-15T20:03:46.156+0100] {processor.py:830} INFO - Processing file /home/nord/venv/lib/python3.8/site-packages/airflow/example_dags/example_branch_day_of_week_operator.py for tasks to queue
[2025-02-15T20:03:46.160+0100] {logging_mixin.py:188} INFO - [2025-02-15T20:03:46.158+0100] {dagbag.py:538} INFO - Filling up the DagBag from /home/nord/venv/lib/python3.8/site-packages/airflow/example_dags/example_branch_day_of_week_operator.py
[2025-02-15T20:03:46.187+0100] {processor.py:840} INFO - DAG(s) 'example_weekday_branch_operator' retrieved from /home/nord/venv/lib/python3.8/site-packages/airflow/example_dags/example_branch_day_of_week_operator.py
[2025-02-15T20:03:46.259+0100] {logging_mixin.py:188} INFO - [2025-02-15T20:03:46.258+0100] {dag.py:3036} INFO - Sync 1 DAGs
[2025-02-15T20:03:46.329+0100] {logging_mixin.py:188} INFO - [2025-02-15T20:03:46.329+0100] {dag.py:3823} INFO - Setting next_dagrun for example_weekday_branch_operator to 2025-02-14 00:00:00+00:00, run_after=2025-02-15 00:00:00+00:00
[2025-02-15T20:03:46.453+0100] {processor.py:183} INFO - Processing /home/nord/venv/lib/python3.8/site-packages/airflow/example_dags/example_branch_day_of_week_operator.py took 0.311 seconds
[2025-02-15T20:04:56.796+0100] {processor.py:161} INFO - Started process (PID=8833) to work on /home/nord/venv/lib/python3.8/site-packages/airflow/example_dags/example_branch_day_of_week_operator.py
[2025-02-15T20:04:56.814+0100] {processor.py:830} INFO - Processing file /home/nord/venv/lib/python3.8/site-packages/airflow/example_dags/example_branch_day_of_week_operator.py for tasks to queue
[2025-02-15T20:04:56.820+0100] {logging_mixin.py:188} INFO - [2025-02-15T20:04:56.818+0100] {dagbag.py:538} INFO - Filling up the DagBag from /home/nord/venv/lib/python3.8/site-packages/airflow/example_dags/example_branch_day_of_week_operator.py
[2025-02-15T20:04:56.842+0100] {processor.py:840} INFO - DAG(s) 'example_weekday_branch_operator' retrieved from /home/nord/venv/lib/python3.8/site-packages/airflow/example_dags/example_branch_day_of_week_operator.py
[2025-02-15T20:04:56.879+0100] {logging_mixin.py:188} INFO - [2025-02-15T20:04:56.878+0100] {dag.py:3036} INFO - Sync 1 DAGs
[2025-02-15T20:04:56.933+0100] {logging_mixin.py:188} INFO - [2025-02-15T20:04:56.932+0100] {dag.py:3823} INFO - Setting next_dagrun for example_weekday_branch_operator to 2025-02-14 00:00:00+00:00, run_after=2025-02-15 00:00:00+00:00
[2025-02-15T20:04:56.971+0100] {processor.py:183} INFO - Processing /home/nord/venv/lib/python3.8/site-packages/airflow/example_dags/example_branch_day_of_week_operator.py took 0.209 seconds
