[2025-02-15T19:49:21.060+0100] {processor.py:161} INFO - Started process (PID=8011) to work on /home/nord/venv/lib/python3.8/site-packages/airflow/example_dags/example_dynamic_task_mapping_with_no_taskflow_operators.py
[2025-02-15T19:49:21.062+0100] {processor.py:830} INFO - Processing file /home/nord/venv/lib/python3.8/site-packages/airflow/example_dags/example_dynamic_task_mapping_with_no_taskflow_operators.py for tasks to queue
[2025-02-15T19:49:21.063+0100] {logging_mixin.py:188} INFO - [2025-02-15T19:49:21.062+0100] {dagbag.py:538} INFO - Filling up the DagBag from /home/nord/venv/lib/python3.8/site-packages/airflow/example_dags/example_dynamic_task_mapping_with_no_taskflow_operators.py
[2025-02-15T19:49:21.071+0100] {processor.py:840} INFO - DAG(s) 'example_dynamic_task_mapping_with_no_taskflow_operators' retrieved from /home/nord/venv/lib/python3.8/site-packages/airflow/example_dags/example_dynamic_task_mapping_with_no_taskflow_operators.py
[2025-02-15T19:49:21.197+0100] {logging_mixin.py:188} INFO - [2025-02-15T19:49:21.197+0100] {dag.py:3036} INFO - Sync 1 DAGs
[2025-02-15T19:49:21.222+0100] {logging_mixin.py:188} INFO - [2025-02-15T19:49:21.221+0100] {dag.py:3823} INFO - Setting next_dagrun for example_dynamic_task_mapping_with_no_taskflow_operators to 2025-02-14 00:00:00+00:00, run_after=2025-02-15 00:00:00+00:00
[2025-02-15T19:49:21.261+0100] {processor.py:183} INFO - Processing /home/nord/venv/lib/python3.8/site-packages/airflow/example_dags/example_dynamic_task_mapping_with_no_taskflow_operators.py took 0.211 seconds
[2025-02-15T19:50:25.274+0100] {processor.py:161} INFO - Started process (PID=8070) to work on /home/nord/venv/lib/python3.8/site-packages/airflow/example_dags/example_dynamic_task_mapping_with_no_taskflow_operators.py
[2025-02-15T19:50:25.280+0100] {processor.py:830} INFO - Processing file /home/nord/venv/lib/python3.8/site-packages/airflow/example_dags/example_dynamic_task_mapping_with_no_taskflow_operators.py for tasks to queue
[2025-02-15T19:50:25.283+0100] {logging_mixin.py:188} INFO - [2025-02-15T19:50:25.282+0100] {dagbag.py:538} INFO - Filling up the DagBag from /home/nord/venv/lib/python3.8/site-packages/airflow/example_dags/example_dynamic_task_mapping_with_no_taskflow_operators.py
[2025-02-15T19:50:25.310+0100] {processor.py:840} INFO - DAG(s) 'example_dynamic_task_mapping_with_no_taskflow_operators' retrieved from /home/nord/venv/lib/python3.8/site-packages/airflow/example_dags/example_dynamic_task_mapping_with_no_taskflow_operators.py
[2025-02-15T19:50:25.357+0100] {logging_mixin.py:188} INFO - [2025-02-15T19:50:25.356+0100] {dag.py:3036} INFO - Sync 1 DAGs
[2025-02-15T19:50:25.451+0100] {logging_mixin.py:188} INFO - [2025-02-15T19:50:25.449+0100] {dag.py:3823} INFO - Setting next_dagrun for example_dynamic_task_mapping_with_no_taskflow_operators to 2025-02-14 00:00:00+00:00, run_after=2025-02-15 00:00:00+00:00
[2025-02-15T19:50:25.558+0100] {processor.py:183} INFO - Processing /home/nord/venv/lib/python3.8/site-packages/airflow/example_dags/example_dynamic_task_mapping_with_no_taskflow_operators.py took 0.312 seconds
[2025-02-15T19:51:38.292+0100] {processor.py:161} INFO - Started process (PID=8136) to work on /home/nord/venv/lib/python3.8/site-packages/airflow/example_dags/example_dynamic_task_mapping_with_no_taskflow_operators.py
[2025-02-15T19:51:38.312+0100] {processor.py:830} INFO - Processing file /home/nord/venv/lib/python3.8/site-packages/airflow/example_dags/example_dynamic_task_mapping_with_no_taskflow_operators.py for tasks to queue
[2025-02-15T19:51:38.320+0100] {logging_mixin.py:188} INFO - [2025-02-15T19:51:38.316+0100] {dagbag.py:538} INFO - Filling up the DagBag from /home/nord/venv/lib/python3.8/site-packages/airflow/example_dags/example_dynamic_task_mapping_with_no_taskflow_operators.py
[2025-02-15T19:51:38.387+0100] {processor.py:840} INFO - DAG(s) 'example_dynamic_task_mapping_with_no_taskflow_operators' retrieved from /home/nord/venv/lib/python3.8/site-packages/airflow/example_dags/example_dynamic_task_mapping_with_no_taskflow_operators.py
[2025-02-15T19:51:38.425+0100] {logging_mixin.py:188} INFO - [2025-02-15T19:51:38.425+0100] {dag.py:3036} INFO - Sync 1 DAGs
[2025-02-15T19:51:38.447+0100] {logging_mixin.py:188} INFO - [2025-02-15T19:51:38.447+0100] {dag.py:3823} INFO - Setting next_dagrun for example_dynamic_task_mapping_with_no_taskflow_operators to 2025-02-14 00:00:00+00:00, run_after=2025-02-15 00:00:00+00:00
[2025-02-15T19:51:38.497+0100] {processor.py:183} INFO - Processing /home/nord/venv/lib/python3.8/site-packages/airflow/example_dags/example_dynamic_task_mapping_with_no_taskflow_operators.py took 0.229 seconds
[2025-02-15T19:52:43.874+0100] {processor.py:161} INFO - Started process (PID=8189) to work on /home/nord/venv/lib/python3.8/site-packages/airflow/example_dags/example_dynamic_task_mapping_with_no_taskflow_operators.py
[2025-02-15T19:52:43.880+0100] {processor.py:830} INFO - Processing file /home/nord/venv/lib/python3.8/site-packages/airflow/example_dags/example_dynamic_task_mapping_with_no_taskflow_operators.py for tasks to queue
[2025-02-15T19:52:43.885+0100] {logging_mixin.py:188} INFO - [2025-02-15T19:52:43.883+0100] {dagbag.py:538} INFO - Filling up the DagBag from /home/nord/venv/lib/python3.8/site-packages/airflow/example_dags/example_dynamic_task_mapping_with_no_taskflow_operators.py
[2025-02-15T19:52:43.920+0100] {processor.py:840} INFO - DAG(s) 'example_dynamic_task_mapping_with_no_taskflow_operators' retrieved from /home/nord/venv/lib/python3.8/site-packages/airflow/example_dags/example_dynamic_task_mapping_with_no_taskflow_operators.py
[2025-02-15T19:52:43.999+0100] {logging_mixin.py:188} INFO - [2025-02-15T19:52:43.998+0100] {dag.py:3036} INFO - Sync 1 DAGs
[2025-02-15T19:52:44.114+0100] {logging_mixin.py:188} INFO - [2025-02-15T19:52:44.113+0100] {dag.py:3823} INFO - Setting next_dagrun for example_dynamic_task_mapping_with_no_taskflow_operators to 2025-02-14 00:00:00+00:00, run_after=2025-02-15 00:00:00+00:00
[2025-02-15T19:52:44.165+0100] {processor.py:183} INFO - Processing /home/nord/venv/lib/python3.8/site-packages/airflow/example_dags/example_dynamic_task_mapping_with_no_taskflow_operators.py took 0.310 seconds
[2025-02-15T19:53:52.202+0100] {processor.py:161} INFO - Started process (PID=8257) to work on /home/nord/venv/lib/python3.8/site-packages/airflow/example_dags/example_dynamic_task_mapping_with_no_taskflow_operators.py
[2025-02-15T19:53:52.208+0100] {processor.py:830} INFO - Processing file /home/nord/venv/lib/python3.8/site-packages/airflow/example_dags/example_dynamic_task_mapping_with_no_taskflow_operators.py for tasks to queue
[2025-02-15T19:53:52.213+0100] {logging_mixin.py:188} INFO - [2025-02-15T19:53:52.211+0100] {dagbag.py:538} INFO - Filling up the DagBag from /home/nord/venv/lib/python3.8/site-packages/airflow/example_dags/example_dynamic_task_mapping_with_no_taskflow_operators.py
[2025-02-15T19:53:52.248+0100] {processor.py:840} INFO - DAG(s) 'example_dynamic_task_mapping_with_no_taskflow_operators' retrieved from /home/nord/venv/lib/python3.8/site-packages/airflow/example_dags/example_dynamic_task_mapping_with_no_taskflow_operators.py
[2025-02-15T19:53:52.293+0100] {logging_mixin.py:188} INFO - [2025-02-15T19:53:52.292+0100] {dag.py:3036} INFO - Sync 1 DAGs
[2025-02-15T19:53:52.337+0100] {logging_mixin.py:188} INFO - [2025-02-15T19:53:52.337+0100] {dag.py:3823} INFO - Setting next_dagrun for example_dynamic_task_mapping_with_no_taskflow_operators to 2025-02-14 00:00:00+00:00, run_after=2025-02-15 00:00:00+00:00
[2025-02-15T19:53:52.379+0100] {processor.py:183} INFO - Processing /home/nord/venv/lib/python3.8/site-packages/airflow/example_dags/example_dynamic_task_mapping_with_no_taskflow_operators.py took 0.192 seconds
[2025-02-15T19:54:57.029+0100] {processor.py:161} INFO - Started process (PID=8307) to work on /home/nord/venv/lib/python3.8/site-packages/airflow/example_dags/example_dynamic_task_mapping_with_no_taskflow_operators.py
[2025-02-15T19:54:57.035+0100] {processor.py:830} INFO - Processing file /home/nord/venv/lib/python3.8/site-packages/airflow/example_dags/example_dynamic_task_mapping_with_no_taskflow_operators.py for tasks to queue
[2025-02-15T19:54:57.039+0100] {logging_mixin.py:188} INFO - [2025-02-15T19:54:57.037+0100] {dagbag.py:538} INFO - Filling up the DagBag from /home/nord/venv/lib/python3.8/site-packages/airflow/example_dags/example_dynamic_task_mapping_with_no_taskflow_operators.py
[2025-02-15T19:54:57.073+0100] {processor.py:840} INFO - DAG(s) 'example_dynamic_task_mapping_with_no_taskflow_operators' retrieved from /home/nord/venv/lib/python3.8/site-packages/airflow/example_dags/example_dynamic_task_mapping_with_no_taskflow_operators.py
[2025-02-15T19:54:57.142+0100] {logging_mixin.py:188} INFO - [2025-02-15T19:54:57.141+0100] {dag.py:3036} INFO - Sync 1 DAGs
[2025-02-15T19:54:57.217+0100] {logging_mixin.py:188} INFO - [2025-02-15T19:54:57.217+0100] {dag.py:3823} INFO - Setting next_dagrun for example_dynamic_task_mapping_with_no_taskflow_operators to 2025-02-14 00:00:00+00:00, run_after=2025-02-15 00:00:00+00:00
[2025-02-15T19:54:57.281+0100] {processor.py:183} INFO - Processing /home/nord/venv/lib/python3.8/site-packages/airflow/example_dags/example_dynamic_task_mapping_with_no_taskflow_operators.py took 0.268 seconds
[2025-02-15T19:56:03.260+0100] {processor.py:161} INFO - Started process (PID=8360) to work on /home/nord/venv/lib/python3.8/site-packages/airflow/example_dags/example_dynamic_task_mapping_with_no_taskflow_operators.py
[2025-02-15T19:56:03.270+0100] {processor.py:830} INFO - Processing file /home/nord/venv/lib/python3.8/site-packages/airflow/example_dags/example_dynamic_task_mapping_with_no_taskflow_operators.py for tasks to queue
[2025-02-15T19:56:03.274+0100] {logging_mixin.py:188} INFO - [2025-02-15T19:56:03.272+0100] {dagbag.py:538} INFO - Filling up the DagBag from /home/nord/venv/lib/python3.8/site-packages/airflow/example_dags/example_dynamic_task_mapping_with_no_taskflow_operators.py
[2025-02-15T19:56:03.305+0100] {processor.py:840} INFO - DAG(s) 'example_dynamic_task_mapping_with_no_taskflow_operators' retrieved from /home/nord/venv/lib/python3.8/site-packages/airflow/example_dags/example_dynamic_task_mapping_with_no_taskflow_operators.py
[2025-02-15T19:56:03.371+0100] {logging_mixin.py:188} INFO - [2025-02-15T19:56:03.370+0100] {dag.py:3036} INFO - Sync 1 DAGs
[2025-02-15T19:56:03.460+0100] {logging_mixin.py:188} INFO - [2025-02-15T19:56:03.459+0100] {dag.py:3823} INFO - Setting next_dagrun for example_dynamic_task_mapping_with_no_taskflow_operators to 2025-02-14 00:00:00+00:00, run_after=2025-02-15 00:00:00+00:00
[2025-02-15T19:56:03.553+0100] {processor.py:183} INFO - Processing /home/nord/venv/lib/python3.8/site-packages/airflow/example_dags/example_dynamic_task_mapping_with_no_taskflow_operators.py took 0.309 seconds
[2025-02-15T19:57:07.162+0100] {processor.py:161} INFO - Started process (PID=8414) to work on /home/nord/venv/lib/python3.8/site-packages/airflow/example_dags/example_dynamic_task_mapping_with_no_taskflow_operators.py
[2025-02-15T19:57:07.164+0100] {processor.py:830} INFO - Processing file /home/nord/venv/lib/python3.8/site-packages/airflow/example_dags/example_dynamic_task_mapping_with_no_taskflow_operators.py for tasks to queue
[2025-02-15T19:57:07.165+0100] {logging_mixin.py:188} INFO - [2025-02-15T19:57:07.165+0100] {dagbag.py:538} INFO - Filling up the DagBag from /home/nord/venv/lib/python3.8/site-packages/airflow/example_dags/example_dynamic_task_mapping_with_no_taskflow_operators.py
[2025-02-15T19:57:07.178+0100] {processor.py:840} INFO - DAG(s) 'example_dynamic_task_mapping_with_no_taskflow_operators' retrieved from /home/nord/venv/lib/python3.8/site-packages/airflow/example_dags/example_dynamic_task_mapping_with_no_taskflow_operators.py
[2025-02-15T19:57:07.198+0100] {logging_mixin.py:188} INFO - [2025-02-15T19:57:07.198+0100] {dag.py:3036} INFO - Sync 1 DAGs
[2025-02-15T19:57:07.232+0100] {logging_mixin.py:188} INFO - [2025-02-15T19:57:07.231+0100] {dag.py:3823} INFO - Setting next_dagrun for example_dynamic_task_mapping_with_no_taskflow_operators to 2025-02-14 00:00:00+00:00, run_after=2025-02-15 00:00:00+00:00
[2025-02-15T19:57:07.276+0100] {processor.py:183} INFO - Processing /home/nord/venv/lib/python3.8/site-packages/airflow/example_dags/example_dynamic_task_mapping_with_no_taskflow_operators.py took 0.118 seconds
[2025-02-15T19:58:07.198+0100] {processor.py:161} INFO - Started process (PID=8467) to work on /home/nord/venv/lib/python3.8/site-packages/airflow/example_dags/example_dynamic_task_mapping_with_no_taskflow_operators.py
[2025-02-15T19:58:07.201+0100] {processor.py:830} INFO - Processing file /home/nord/venv/lib/python3.8/site-packages/airflow/example_dags/example_dynamic_task_mapping_with_no_taskflow_operators.py for tasks to queue
[2025-02-15T19:58:07.203+0100] {logging_mixin.py:188} INFO - [2025-02-15T19:58:07.202+0100] {dagbag.py:538} INFO - Filling up the DagBag from /home/nord/venv/lib/python3.8/site-packages/airflow/example_dags/example_dynamic_task_mapping_with_no_taskflow_operators.py
[2025-02-15T19:58:07.222+0100] {processor.py:840} INFO - DAG(s) 'example_dynamic_task_mapping_with_no_taskflow_operators' retrieved from /home/nord/venv/lib/python3.8/site-packages/airflow/example_dags/example_dynamic_task_mapping_with_no_taskflow_operators.py
[2025-02-15T19:58:07.266+0100] {logging_mixin.py:188} INFO - [2025-02-15T19:58:07.266+0100] {dag.py:3036} INFO - Sync 1 DAGs
[2025-02-15T19:58:07.348+0100] {logging_mixin.py:188} INFO - [2025-02-15T19:58:07.347+0100] {dag.py:3823} INFO - Setting next_dagrun for example_dynamic_task_mapping_with_no_taskflow_operators to 2025-02-14 00:00:00+00:00, run_after=2025-02-15 00:00:00+00:00
[2025-02-15T19:58:07.434+0100] {processor.py:183} INFO - Processing /home/nord/venv/lib/python3.8/site-packages/airflow/example_dags/example_dynamic_task_mapping_with_no_taskflow_operators.py took 0.246 seconds
[2025-02-15T19:59:08.264+0100] {processor.py:161} INFO - Started process (PID=8519) to work on /home/nord/venv/lib/python3.8/site-packages/airflow/example_dags/example_dynamic_task_mapping_with_no_taskflow_operators.py
[2025-02-15T19:59:08.266+0100] {processor.py:830} INFO - Processing file /home/nord/venv/lib/python3.8/site-packages/airflow/example_dags/example_dynamic_task_mapping_with_no_taskflow_operators.py for tasks to queue
[2025-02-15T19:59:08.268+0100] {logging_mixin.py:188} INFO - [2025-02-15T19:59:08.267+0100] {dagbag.py:538} INFO - Filling up the DagBag from /home/nord/venv/lib/python3.8/site-packages/airflow/example_dags/example_dynamic_task_mapping_with_no_taskflow_operators.py
[2025-02-15T19:59:08.277+0100] {processor.py:840} INFO - DAG(s) 'example_dynamic_task_mapping_with_no_taskflow_operators' retrieved from /home/nord/venv/lib/python3.8/site-packages/airflow/example_dags/example_dynamic_task_mapping_with_no_taskflow_operators.py
[2025-02-15T19:59:08.300+0100] {logging_mixin.py:188} INFO - [2025-02-15T19:59:08.300+0100] {dag.py:3036} INFO - Sync 1 DAGs
[2025-02-15T19:59:08.333+0100] {logging_mixin.py:188} INFO - [2025-02-15T19:59:08.333+0100] {dag.py:3823} INFO - Setting next_dagrun for example_dynamic_task_mapping_with_no_taskflow_operators to 2025-02-14 00:00:00+00:00, run_after=2025-02-15 00:00:00+00:00
[2025-02-15T19:59:08.368+0100] {processor.py:183} INFO - Processing /home/nord/venv/lib/python3.8/site-packages/airflow/example_dags/example_dynamic_task_mapping_with_no_taskflow_operators.py took 0.108 seconds
[2025-02-15T20:00:08.425+0100] {processor.py:161} INFO - Started process (PID=8569) to work on /home/nord/venv/lib/python3.8/site-packages/airflow/example_dags/example_dynamic_task_mapping_with_no_taskflow_operators.py
[2025-02-15T20:00:08.465+0100] {processor.py:830} INFO - Processing file /home/nord/venv/lib/python3.8/site-packages/airflow/example_dags/example_dynamic_task_mapping_with_no_taskflow_operators.py for tasks to queue
[2025-02-15T20:00:08.471+0100] {logging_mixin.py:188} INFO - [2025-02-15T20:00:08.469+0100] {dagbag.py:538} INFO - Filling up the DagBag from /home/nord/venv/lib/python3.8/site-packages/airflow/example_dags/example_dynamic_task_mapping_with_no_taskflow_operators.py
[2025-02-15T20:00:08.553+0100] {processor.py:840} INFO - DAG(s) 'example_dynamic_task_mapping_with_no_taskflow_operators' retrieved from /home/nord/venv/lib/python3.8/site-packages/airflow/example_dags/example_dynamic_task_mapping_with_no_taskflow_operators.py
[2025-02-15T20:00:08.593+0100] {logging_mixin.py:188} INFO - [2025-02-15T20:00:08.592+0100] {dag.py:3036} INFO - Sync 1 DAGs
[2025-02-15T20:00:08.636+0100] {logging_mixin.py:188} INFO - [2025-02-15T20:00:08.635+0100] {dag.py:3823} INFO - Setting next_dagrun for example_dynamic_task_mapping_with_no_taskflow_operators to 2025-02-14 00:00:00+00:00, run_after=2025-02-15 00:00:00+00:00
[2025-02-15T20:00:08.673+0100] {processor.py:183} INFO - Processing /home/nord/venv/lib/python3.8/site-packages/airflow/example_dags/example_dynamic_task_mapping_with_no_taskflow_operators.py took 0.269 seconds
[2025-02-15T20:01:18.281+0100] {processor.py:161} INFO - Started process (PID=8622) to work on /home/nord/venv/lib/python3.8/site-packages/airflow/example_dags/example_dynamic_task_mapping_with_no_taskflow_operators.py
[2025-02-15T20:01:18.285+0100] {processor.py:830} INFO - Processing file /home/nord/venv/lib/python3.8/site-packages/airflow/example_dags/example_dynamic_task_mapping_with_no_taskflow_operators.py for tasks to queue
[2025-02-15T20:01:18.290+0100] {logging_mixin.py:188} INFO - [2025-02-15T20:01:18.288+0100] {dagbag.py:538} INFO - Filling up the DagBag from /home/nord/venv/lib/python3.8/site-packages/airflow/example_dags/example_dynamic_task_mapping_with_no_taskflow_operators.py
[2025-02-15T20:01:18.320+0100] {processor.py:840} INFO - DAG(s) 'example_dynamic_task_mapping_with_no_taskflow_operators' retrieved from /home/nord/venv/lib/python3.8/site-packages/airflow/example_dags/example_dynamic_task_mapping_with_no_taskflow_operators.py
[2025-02-15T20:01:18.383+0100] {logging_mixin.py:188} INFO - [2025-02-15T20:01:18.383+0100] {dag.py:3036} INFO - Sync 1 DAGs
[2025-02-15T20:01:18.457+0100] {logging_mixin.py:188} INFO - [2025-02-15T20:01:18.456+0100] {dag.py:3823} INFO - Setting next_dagrun for example_dynamic_task_mapping_with_no_taskflow_operators to 2025-02-14 00:00:00+00:00, run_after=2025-02-15 00:00:00+00:00
[2025-02-15T20:01:18.492+0100] {processor.py:183} INFO - Processing /home/nord/venv/lib/python3.8/site-packages/airflow/example_dags/example_dynamic_task_mapping_with_no_taskflow_operators.py took 0.224 seconds
[2025-02-15T20:02:24.990+0100] {processor.py:161} INFO - Started process (PID=8694) to work on /home/nord/venv/lib/python3.8/site-packages/airflow/example_dags/example_dynamic_task_mapping_with_no_taskflow_operators.py
[2025-02-15T20:02:24.998+0100] {processor.py:830} INFO - Processing file /home/nord/venv/lib/python3.8/site-packages/airflow/example_dags/example_dynamic_task_mapping_with_no_taskflow_operators.py for tasks to queue
[2025-02-15T20:02:25.006+0100] {logging_mixin.py:188} INFO - [2025-02-15T20:02:25.001+0100] {dagbag.py:538} INFO - Filling up the DagBag from /home/nord/venv/lib/python3.8/site-packages/airflow/example_dags/example_dynamic_task_mapping_with_no_taskflow_operators.py
[2025-02-15T20:02:25.052+0100] {processor.py:840} INFO - DAG(s) 'example_dynamic_task_mapping_with_no_taskflow_operators' retrieved from /home/nord/venv/lib/python3.8/site-packages/airflow/example_dags/example_dynamic_task_mapping_with_no_taskflow_operators.py
[2025-02-15T20:02:25.130+0100] {logging_mixin.py:188} INFO - [2025-02-15T20:02:25.129+0100] {dag.py:3036} INFO - Sync 1 DAGs
[2025-02-15T20:02:25.204+0100] {logging_mixin.py:188} INFO - [2025-02-15T20:02:25.203+0100] {dag.py:3823} INFO - Setting next_dagrun for example_dynamic_task_mapping_with_no_taskflow_operators to 2025-02-14 00:00:00+00:00, run_after=2025-02-15 00:00:00+00:00
[2025-02-15T20:02:25.273+0100] {processor.py:183} INFO - Processing /home/nord/venv/lib/python3.8/site-packages/airflow/example_dags/example_dynamic_task_mapping_with_no_taskflow_operators.py took 0.304 seconds
[2025-02-15T20:03:29.242+0100] {processor.py:161} INFO - Started process (PID=8745) to work on /home/nord/venv/lib/python3.8/site-packages/airflow/example_dags/example_dynamic_task_mapping_with_no_taskflow_operators.py
[2025-02-15T20:03:29.253+0100] {processor.py:830} INFO - Processing file /home/nord/venv/lib/python3.8/site-packages/airflow/example_dags/example_dynamic_task_mapping_with_no_taskflow_operators.py for tasks to queue
[2025-02-15T20:03:29.256+0100] {logging_mixin.py:188} INFO - [2025-02-15T20:03:29.255+0100] {dagbag.py:538} INFO - Filling up the DagBag from /home/nord/venv/lib/python3.8/site-packages/airflow/example_dags/example_dynamic_task_mapping_with_no_taskflow_operators.py
[2025-02-15T20:03:29.285+0100] {processor.py:840} INFO - DAG(s) 'example_dynamic_task_mapping_with_no_taskflow_operators' retrieved from /home/nord/venv/lib/python3.8/site-packages/airflow/example_dags/example_dynamic_task_mapping_with_no_taskflow_operators.py
[2025-02-15T20:03:29.331+0100] {logging_mixin.py:188} INFO - [2025-02-15T20:03:29.330+0100] {dag.py:3036} INFO - Sync 1 DAGs
[2025-02-15T20:03:29.379+0100] {logging_mixin.py:188} INFO - [2025-02-15T20:03:29.379+0100] {dag.py:3823} INFO - Setting next_dagrun for example_dynamic_task_mapping_with_no_taskflow_operators to 2025-02-14 00:00:00+00:00, run_after=2025-02-15 00:00:00+00:00
[2025-02-15T20:03:29.415+0100] {processor.py:183} INFO - Processing /home/nord/venv/lib/python3.8/site-packages/airflow/example_dags/example_dynamic_task_mapping_with_no_taskflow_operators.py took 0.189 seconds
[2025-02-15T20:04:40.508+0100] {processor.py:161} INFO - Started process (PID=8821) to work on /home/nord/venv/lib/python3.8/site-packages/airflow/example_dags/example_dynamic_task_mapping_with_no_taskflow_operators.py
[2025-02-15T20:04:40.513+0100] {processor.py:830} INFO - Processing file /home/nord/venv/lib/python3.8/site-packages/airflow/example_dags/example_dynamic_task_mapping_with_no_taskflow_operators.py for tasks to queue
[2025-02-15T20:04:40.517+0100] {logging_mixin.py:188} INFO - [2025-02-15T20:04:40.515+0100] {dagbag.py:538} INFO - Filling up the DagBag from /home/nord/venv/lib/python3.8/site-packages/airflow/example_dags/example_dynamic_task_mapping_with_no_taskflow_operators.py
[2025-02-15T20:04:40.543+0100] {processor.py:840} INFO - DAG(s) 'example_dynamic_task_mapping_with_no_taskflow_operators' retrieved from /home/nord/venv/lib/python3.8/site-packages/airflow/example_dags/example_dynamic_task_mapping_with_no_taskflow_operators.py
[2025-02-15T20:04:40.575+0100] {logging_mixin.py:188} INFO - [2025-02-15T20:04:40.574+0100] {dag.py:3036} INFO - Sync 1 DAGs
[2025-02-15T20:04:40.621+0100] {logging_mixin.py:188} INFO - [2025-02-15T20:04:40.620+0100] {dag.py:3823} INFO - Setting next_dagrun for example_dynamic_task_mapping_with_no_taskflow_operators to 2025-02-14 00:00:00+00:00, run_after=2025-02-15 00:00:00+00:00
[2025-02-15T20:04:40.671+0100] {processor.py:183} INFO - Processing /home/nord/venv/lib/python3.8/site-packages/airflow/example_dags/example_dynamic_task_mapping_with_no_taskflow_operators.py took 0.175 seconds
