[2025-02-15T19:49:43.362+0100] {processor.py:161} INFO - Started process (PID=8032) to work on /home/nord/venv/lib/python3.8/site-packages/airflow/example_dags/example_xcomargs.py
[2025-02-15T19:49:43.365+0100] {processor.py:830} INFO - Processing file /home/nord/venv/lib/python3.8/site-packages/airflow/example_dags/example_xcomargs.py for tasks to queue
[2025-02-15T19:49:43.368+0100] {logging_mixin.py:188} INFO - [2025-02-15T19:49:43.367+0100] {dagbag.py:538} INFO - Filling up the DagBag from /home/nord/venv/lib/python3.8/site-packages/airflow/example_dags/example_xcomargs.py
[2025-02-15T19:49:43.382+0100] {processor.py:840} INFO - DAG(s) 'example_xcom_args_with_operators', 'example_xcom_args' retrieved from /home/nord/venv/lib/python3.8/site-packages/airflow/example_dags/example_xcomargs.py
[2025-02-15T19:49:43.551+0100] {logging_mixin.py:188} INFO - [2025-02-15T19:49:43.550+0100] {dag.py:3036} INFO - Sync 2 DAGs
[2025-02-15T19:49:43.566+0100] {logging_mixin.py:188} INFO - [2025-02-15T19:49:43.566+0100] {dag.py:3823} INFO - Setting next_dagrun for example_xcom_args to None, run_after=None
[2025-02-15T19:49:43.570+0100] {logging_mixin.py:188} INFO - [2025-02-15T19:49:43.570+0100] {dag.py:3823} INFO - Setting next_dagrun for example_xcom_args_with_operators to None, run_after=None
[2025-02-15T19:49:43.611+0100] {processor.py:183} INFO - Processing /home/nord/venv/lib/python3.8/site-packages/airflow/example_dags/example_xcomargs.py took 0.259 seconds
[2025-02-15T19:50:56.370+0100] {processor.py:161} INFO - Started process (PID=8102) to work on /home/nord/venv/lib/python3.8/site-packages/airflow/example_dags/example_xcomargs.py
[2025-02-15T19:50:56.377+0100] {processor.py:830} INFO - Processing file /home/nord/venv/lib/python3.8/site-packages/airflow/example_dags/example_xcomargs.py for tasks to queue
[2025-02-15T19:50:56.382+0100] {logging_mixin.py:188} INFO - [2025-02-15T19:50:56.380+0100] {dagbag.py:538} INFO - Filling up the DagBag from /home/nord/venv/lib/python3.8/site-packages/airflow/example_dags/example_xcomargs.py
[2025-02-15T19:50:56.429+0100] {processor.py:840} INFO - DAG(s) 'example_xcom_args_with_operators', 'example_xcom_args' retrieved from /home/nord/venv/lib/python3.8/site-packages/airflow/example_dags/example_xcomargs.py
[2025-02-15T19:50:56.558+0100] {logging_mixin.py:188} INFO - [2025-02-15T19:50:56.555+0100] {dag.py:3036} INFO - Sync 2 DAGs
[2025-02-15T19:50:56.684+0100] {logging_mixin.py:188} INFO - [2025-02-15T19:50:56.681+0100] {dag.py:3823} INFO - Setting next_dagrun for example_xcom_args to None, run_after=None
[2025-02-15T19:50:56.702+0100] {logging_mixin.py:188} INFO - [2025-02-15T19:50:56.701+0100] {dag.py:3823} INFO - Setting next_dagrun for example_xcom_args_with_operators to None, run_after=None
[2025-02-15T19:50:56.808+0100] {processor.py:183} INFO - Processing /home/nord/venv/lib/python3.8/site-packages/airflow/example_dags/example_xcomargs.py took 0.454 seconds
[2025-02-15T19:52:06.042+0100] {processor.py:161} INFO - Started process (PID=8158) to work on /home/nord/venv/lib/python3.8/site-packages/airflow/example_dags/example_xcomargs.py
[2025-02-15T19:52:06.046+0100] {processor.py:830} INFO - Processing file /home/nord/venv/lib/python3.8/site-packages/airflow/example_dags/example_xcomargs.py for tasks to queue
[2025-02-15T19:52:06.050+0100] {logging_mixin.py:188} INFO - [2025-02-15T19:52:06.049+0100] {dagbag.py:538} INFO - Filling up the DagBag from /home/nord/venv/lib/python3.8/site-packages/airflow/example_dags/example_xcomargs.py
[2025-02-15T19:52:06.073+0100] {processor.py:840} INFO - DAG(s) 'example_xcom_args_with_operators', 'example_xcom_args' retrieved from /home/nord/venv/lib/python3.8/site-packages/airflow/example_dags/example_xcomargs.py
[2025-02-15T19:52:06.110+0100] {logging_mixin.py:188} INFO - [2025-02-15T19:52:06.109+0100] {dag.py:3036} INFO - Sync 2 DAGs
[2025-02-15T19:52:06.129+0100] {logging_mixin.py:188} INFO - [2025-02-15T19:52:06.129+0100] {dag.py:3823} INFO - Setting next_dagrun for example_xcom_args to None, run_after=None
[2025-02-15T19:52:06.135+0100] {logging_mixin.py:188} INFO - [2025-02-15T19:52:06.135+0100] {dag.py:3823} INFO - Setting next_dagrun for example_xcom_args_with_operators to None, run_after=None
[2025-02-15T19:52:06.196+0100] {processor.py:183} INFO - Processing /home/nord/venv/lib/python3.8/site-packages/airflow/example_dags/example_xcomargs.py took 0.161 seconds
[2025-02-15T19:53:13.417+0100] {processor.py:161} INFO - Started process (PID=8211) to work on /home/nord/venv/lib/python3.8/site-packages/airflow/example_dags/example_xcomargs.py
[2025-02-15T19:53:13.422+0100] {processor.py:830} INFO - Processing file /home/nord/venv/lib/python3.8/site-packages/airflow/example_dags/example_xcomargs.py for tasks to queue
[2025-02-15T19:53:13.428+0100] {logging_mixin.py:188} INFO - [2025-02-15T19:53:13.426+0100] {dagbag.py:538} INFO - Filling up the DagBag from /home/nord/venv/lib/python3.8/site-packages/airflow/example_dags/example_xcomargs.py
[2025-02-15T19:53:13.471+0100] {processor.py:840} INFO - DAG(s) 'example_xcom_args', 'example_xcom_args_with_operators' retrieved from /home/nord/venv/lib/python3.8/site-packages/airflow/example_dags/example_xcomargs.py
[2025-02-15T19:53:13.574+0100] {logging_mixin.py:188} INFO - [2025-02-15T19:53:13.573+0100] {dag.py:3036} INFO - Sync 2 DAGs
[2025-02-15T19:53:13.645+0100] {logging_mixin.py:188} INFO - [2025-02-15T19:53:13.643+0100] {dag.py:3823} INFO - Setting next_dagrun for example_xcom_args to None, run_after=None
[2025-02-15T19:53:13.662+0100] {logging_mixin.py:188} INFO - [2025-02-15T19:53:13.661+0100] {dag.py:3823} INFO - Setting next_dagrun for example_xcom_args_with_operators to None, run_after=None
[2025-02-15T19:53:13.774+0100] {processor.py:183} INFO - Processing /home/nord/venv/lib/python3.8/site-packages/airflow/example_dags/example_xcomargs.py took 0.371 seconds
[2025-02-15T19:54:19.204+0100] {processor.py:161} INFO - Started process (PID=8278) to work on /home/nord/venv/lib/python3.8/site-packages/airflow/example_dags/example_xcomargs.py
[2025-02-15T19:54:19.211+0100] {processor.py:830} INFO - Processing file /home/nord/venv/lib/python3.8/site-packages/airflow/example_dags/example_xcomargs.py for tasks to queue
[2025-02-15T19:54:19.216+0100] {logging_mixin.py:188} INFO - [2025-02-15T19:54:19.214+0100] {dagbag.py:538} INFO - Filling up the DagBag from /home/nord/venv/lib/python3.8/site-packages/airflow/example_dags/example_xcomargs.py
[2025-02-15T19:54:19.266+0100] {processor.py:840} INFO - DAG(s) 'example_xcom_args_with_operators', 'example_xcom_args' retrieved from /home/nord/venv/lib/python3.8/site-packages/airflow/example_dags/example_xcomargs.py
[2025-02-15T19:54:19.317+0100] {logging_mixin.py:188} INFO - [2025-02-15T19:54:19.317+0100] {dag.py:3036} INFO - Sync 2 DAGs
[2025-02-15T19:54:19.344+0100] {logging_mixin.py:188} INFO - [2025-02-15T19:54:19.343+0100] {dag.py:3823} INFO - Setting next_dagrun for example_xcom_args to None, run_after=None
[2025-02-15T19:54:19.351+0100] {logging_mixin.py:188} INFO - [2025-02-15T19:54:19.350+0100] {dag.py:3823} INFO - Setting next_dagrun for example_xcom_args_with_operators to None, run_after=None
[2025-02-15T19:54:19.398+0100] {processor.py:183} INFO - Processing /home/nord/venv/lib/python3.8/site-packages/airflow/example_dags/example_xcomargs.py took 0.213 seconds
[2025-02-15T19:55:25.857+0100] {processor.py:161} INFO - Started process (PID=8328) to work on /home/nord/venv/lib/python3.8/site-packages/airflow/example_dags/example_xcomargs.py
[2025-02-15T19:55:25.860+0100] {processor.py:830} INFO - Processing file /home/nord/venv/lib/python3.8/site-packages/airflow/example_dags/example_xcomargs.py for tasks to queue
[2025-02-15T19:55:25.861+0100] {logging_mixin.py:188} INFO - [2025-02-15T19:55:25.861+0100] {dagbag.py:538} INFO - Filling up the DagBag from /home/nord/venv/lib/python3.8/site-packages/airflow/example_dags/example_xcomargs.py
[2025-02-15T19:55:25.873+0100] {processor.py:840} INFO - DAG(s) 'example_xcom_args', 'example_xcom_args_with_operators' retrieved from /home/nord/venv/lib/python3.8/site-packages/airflow/example_dags/example_xcomargs.py
[2025-02-15T19:55:25.907+0100] {logging_mixin.py:188} INFO - [2025-02-15T19:55:25.907+0100] {dag.py:3036} INFO - Sync 2 DAGs
[2025-02-15T19:55:25.932+0100] {logging_mixin.py:188} INFO - [2025-02-15T19:55:25.932+0100] {dag.py:3823} INFO - Setting next_dagrun for example_xcom_args to None, run_after=None
[2025-02-15T19:55:25.938+0100] {logging_mixin.py:188} INFO - [2025-02-15T19:55:25.937+0100] {dag.py:3823} INFO - Setting next_dagrun for example_xcom_args_with_operators to None, run_after=None
[2025-02-15T19:55:25.978+0100] {processor.py:183} INFO - Processing /home/nord/venv/lib/python3.8/site-packages/airflow/example_dags/example_xcomargs.py took 0.127 seconds
[2025-02-15T19:56:29.398+0100] {processor.py:161} INFO - Started process (PID=8381) to work on /home/nord/venv/lib/python3.8/site-packages/airflow/example_dags/example_xcomargs.py
[2025-02-15T19:56:29.404+0100] {processor.py:830} INFO - Processing file /home/nord/venv/lib/python3.8/site-packages/airflow/example_dags/example_xcomargs.py for tasks to queue
[2025-02-15T19:56:29.410+0100] {logging_mixin.py:188} INFO - [2025-02-15T19:56:29.407+0100] {dagbag.py:538} INFO - Filling up the DagBag from /home/nord/venv/lib/python3.8/site-packages/airflow/example_dags/example_xcomargs.py
[2025-02-15T19:56:29.461+0100] {processor.py:840} INFO - DAG(s) 'example_xcom_args_with_operators', 'example_xcom_args' retrieved from /home/nord/venv/lib/python3.8/site-packages/airflow/example_dags/example_xcomargs.py
[2025-02-15T19:56:29.554+0100] {logging_mixin.py:188} INFO - [2025-02-15T19:56:29.552+0100] {dag.py:3036} INFO - Sync 2 DAGs
[2025-02-15T19:56:29.599+0100] {logging_mixin.py:188} INFO - [2025-02-15T19:56:29.599+0100] {dag.py:3823} INFO - Setting next_dagrun for example_xcom_args to None, run_after=None
[2025-02-15T19:56:29.609+0100] {logging_mixin.py:188} INFO - [2025-02-15T19:56:29.609+0100] {dag.py:3823} INFO - Setting next_dagrun for example_xcom_args_with_operators to None, run_after=None
[2025-02-15T19:56:29.645+0100] {processor.py:183} INFO - Processing /home/nord/venv/lib/python3.8/site-packages/airflow/example_dags/example_xcomargs.py took 0.265 seconds
[2025-02-15T19:57:32.596+0100] {processor.py:161} INFO - Started process (PID=8435) to work on /home/nord/venv/lib/python3.8/site-packages/airflow/example_dags/example_xcomargs.py
[2025-02-15T19:57:32.601+0100] {processor.py:830} INFO - Processing file /home/nord/venv/lib/python3.8/site-packages/airflow/example_dags/example_xcomargs.py for tasks to queue
[2025-02-15T19:57:32.605+0100] {logging_mixin.py:188} INFO - [2025-02-15T19:57:32.603+0100] {dagbag.py:538} INFO - Filling up the DagBag from /home/nord/venv/lib/python3.8/site-packages/airflow/example_dags/example_xcomargs.py
[2025-02-15T19:57:32.640+0100] {processor.py:840} INFO - DAG(s) 'example_xcom_args', 'example_xcom_args_with_operators' retrieved from /home/nord/venv/lib/python3.8/site-packages/airflow/example_dags/example_xcomargs.py
[2025-02-15T19:57:32.683+0100] {logging_mixin.py:188} INFO - [2025-02-15T19:57:32.683+0100] {dag.py:3036} INFO - Sync 2 DAGs
[2025-02-15T19:57:32.699+0100] {logging_mixin.py:188} INFO - [2025-02-15T19:57:32.699+0100] {dag.py:3823} INFO - Setting next_dagrun for example_xcom_args to None, run_after=None
[2025-02-15T19:57:32.703+0100] {logging_mixin.py:188} INFO - [2025-02-15T19:57:32.703+0100] {dag.py:3823} INFO - Setting next_dagrun for example_xcom_args_with_operators to None, run_after=None
[2025-02-15T19:57:32.742+0100] {processor.py:183} INFO - Processing /home/nord/venv/lib/python3.8/site-packages/airflow/example_dags/example_xcomargs.py took 0.160 seconds
[2025-02-15T19:58:30.366+0100] {processor.py:161} INFO - Started process (PID=8487) to work on /home/nord/venv/lib/python3.8/site-packages/airflow/example_dags/example_xcomargs.py
[2025-02-15T19:58:30.369+0100] {processor.py:830} INFO - Processing file /home/nord/venv/lib/python3.8/site-packages/airflow/example_dags/example_xcomargs.py for tasks to queue
[2025-02-15T19:58:30.371+0100] {logging_mixin.py:188} INFO - [2025-02-15T19:58:30.370+0100] {dagbag.py:538} INFO - Filling up the DagBag from /home/nord/venv/lib/python3.8/site-packages/airflow/example_dags/example_xcomargs.py
[2025-02-15T19:58:30.399+0100] {processor.py:840} INFO - DAG(s) 'example_xcom_args', 'example_xcom_args_with_operators' retrieved from /home/nord/venv/lib/python3.8/site-packages/airflow/example_dags/example_xcomargs.py
[2025-02-15T19:58:30.472+0100] {logging_mixin.py:188} INFO - [2025-02-15T19:58:30.472+0100] {dag.py:3036} INFO - Sync 2 DAGs
[2025-02-15T19:58:30.494+0100] {logging_mixin.py:188} INFO - [2025-02-15T19:58:30.494+0100] {dag.py:3823} INFO - Setting next_dagrun for example_xcom_args to None, run_after=None
[2025-02-15T19:58:30.499+0100] {logging_mixin.py:188} INFO - [2025-02-15T19:58:30.498+0100] {dag.py:3823} INFO - Setting next_dagrun for example_xcom_args_with_operators to None, run_after=None
[2025-02-15T19:58:30.532+0100] {processor.py:183} INFO - Processing /home/nord/venv/lib/python3.8/site-packages/airflow/example_dags/example_xcomargs.py took 0.174 seconds
[2025-02-15T19:59:26.704+0100] {processor.py:161} INFO - Started process (PID=8535) to work on /home/nord/venv/lib/python3.8/site-packages/airflow/example_dags/example_xcomargs.py
[2025-02-15T19:59:26.740+0100] {processor.py:830} INFO - Processing file /home/nord/venv/lib/python3.8/site-packages/airflow/example_dags/example_xcomargs.py for tasks to queue
[2025-02-15T19:59:26.743+0100] {logging_mixin.py:188} INFO - [2025-02-15T19:59:26.742+0100] {dagbag.py:538} INFO - Filling up the DagBag from /home/nord/venv/lib/python3.8/site-packages/airflow/example_dags/example_xcomargs.py
[2025-02-15T19:59:26.762+0100] {processor.py:840} INFO - DAG(s) 'example_xcom_args_with_operators', 'example_xcom_args' retrieved from /home/nord/venv/lib/python3.8/site-packages/airflow/example_dags/example_xcomargs.py
[2025-02-15T19:59:26.799+0100] {logging_mixin.py:188} INFO - [2025-02-15T19:59:26.799+0100] {dag.py:3036} INFO - Sync 2 DAGs
[2025-02-15T19:59:26.814+0100] {logging_mixin.py:188} INFO - [2025-02-15T19:59:26.814+0100] {dag.py:3823} INFO - Setting next_dagrun for example_xcom_args to None, run_after=None
[2025-02-15T19:59:26.818+0100] {logging_mixin.py:188} INFO - [2025-02-15T19:59:26.818+0100] {dag.py:3823} INFO - Setting next_dagrun for example_xcom_args_with_operators to None, run_after=None
[2025-02-15T19:59:26.866+0100] {processor.py:183} INFO - Processing /home/nord/venv/lib/python3.8/site-packages/airflow/example_dags/example_xcomargs.py took 0.175 seconds
[2025-02-15T20:00:31.694+0100] {processor.py:161} INFO - Started process (PID=8585) to work on /home/nord/venv/lib/python3.8/site-packages/airflow/example_dags/example_xcomargs.py
[2025-02-15T20:00:31.696+0100] {processor.py:830} INFO - Processing file /home/nord/venv/lib/python3.8/site-packages/airflow/example_dags/example_xcomargs.py for tasks to queue
[2025-02-15T20:00:31.698+0100] {logging_mixin.py:188} INFO - [2025-02-15T20:00:31.698+0100] {dagbag.py:538} INFO - Filling up the DagBag from /home/nord/venv/lib/python3.8/site-packages/airflow/example_dags/example_xcomargs.py
[2025-02-15T20:00:31.718+0100] {processor.py:840} INFO - DAG(s) 'example_xcom_args_with_operators', 'example_xcom_args' retrieved from /home/nord/venv/lib/python3.8/site-packages/airflow/example_dags/example_xcomargs.py
[2025-02-15T20:00:31.756+0100] {logging_mixin.py:188} INFO - [2025-02-15T20:00:31.755+0100] {dag.py:3036} INFO - Sync 2 DAGs
[2025-02-15T20:00:31.779+0100] {logging_mixin.py:188} INFO - [2025-02-15T20:00:31.778+0100] {dag.py:3823} INFO - Setting next_dagrun for example_xcom_args to None, run_after=None
[2025-02-15T20:00:31.784+0100] {logging_mixin.py:188} INFO - [2025-02-15T20:00:31.784+0100] {dag.py:3823} INFO - Setting next_dagrun for example_xcom_args_with_operators to None, run_after=None
[2025-02-15T20:00:31.831+0100] {processor.py:183} INFO - Processing /home/nord/venv/lib/python3.8/site-packages/airflow/example_dags/example_xcomargs.py took 0.145 seconds
[2025-02-15T20:01:40.191+0100] {processor.py:161} INFO - Started process (PID=8655) to work on /home/nord/venv/lib/python3.8/site-packages/airflow/example_dags/example_xcomargs.py
[2025-02-15T20:01:40.196+0100] {processor.py:830} INFO - Processing file /home/nord/venv/lib/python3.8/site-packages/airflow/example_dags/example_xcomargs.py for tasks to queue
[2025-02-15T20:01:40.198+0100] {logging_mixin.py:188} INFO - [2025-02-15T20:01:40.197+0100] {dagbag.py:538} INFO - Filling up the DagBag from /home/nord/venv/lib/python3.8/site-packages/airflow/example_dags/example_xcomargs.py
[2025-02-15T20:01:40.220+0100] {processor.py:840} INFO - DAG(s) 'example_xcom_args', 'example_xcom_args_with_operators' retrieved from /home/nord/venv/lib/python3.8/site-packages/airflow/example_dags/example_xcomargs.py
[2025-02-15T20:01:40.269+0100] {logging_mixin.py:188} INFO - [2025-02-15T20:01:40.269+0100] {dag.py:3036} INFO - Sync 2 DAGs
[2025-02-15T20:01:40.303+0100] {logging_mixin.py:188} INFO - [2025-02-15T20:01:40.302+0100] {dag.py:3823} INFO - Setting next_dagrun for example_xcom_args to None, run_after=None
[2025-02-15T20:01:40.315+0100] {logging_mixin.py:188} INFO - [2025-02-15T20:01:40.314+0100] {dag.py:3823} INFO - Setting next_dagrun for example_xcom_args_with_operators to None, run_after=None
[2025-02-15T20:01:40.370+0100] {processor.py:183} INFO - Processing /home/nord/venv/lib/python3.8/site-packages/airflow/example_dags/example_xcomargs.py took 0.206 seconds
[2025-02-15T20:02:45.746+0100] {processor.py:161} INFO - Started process (PID=8710) to work on /home/nord/venv/lib/python3.8/site-packages/airflow/example_dags/example_xcomargs.py
[2025-02-15T20:02:45.757+0100] {processor.py:830} INFO - Processing file /home/nord/venv/lib/python3.8/site-packages/airflow/example_dags/example_xcomargs.py for tasks to queue
[2025-02-15T20:02:45.760+0100] {logging_mixin.py:188} INFO - [2025-02-15T20:02:45.759+0100] {dagbag.py:538} INFO - Filling up the DagBag from /home/nord/venv/lib/python3.8/site-packages/airflow/example_dags/example_xcomargs.py
[2025-02-15T20:02:45.793+0100] {processor.py:840} INFO - DAG(s) 'example_xcom_args_with_operators', 'example_xcom_args' retrieved from /home/nord/venv/lib/python3.8/site-packages/airflow/example_dags/example_xcomargs.py
[2025-02-15T20:02:45.861+0100] {logging_mixin.py:188} INFO - [2025-02-15T20:02:45.860+0100] {dag.py:3036} INFO - Sync 2 DAGs
[2025-02-15T20:02:45.917+0100] {logging_mixin.py:188} INFO - [2025-02-15T20:02:45.916+0100] {dag.py:3823} INFO - Setting next_dagrun for example_xcom_args to None, run_after=None
[2025-02-15T20:02:45.929+0100] {logging_mixin.py:188} INFO - [2025-02-15T20:02:45.928+0100] {dag.py:3823} INFO - Setting next_dagrun for example_xcom_args_with_operators to None, run_after=None
[2025-02-15T20:02:45.978+0100] {processor.py:183} INFO - Processing /home/nord/venv/lib/python3.8/site-packages/airflow/example_dags/example_xcomargs.py took 0.247 seconds
[2025-02-15T20:03:51.753+0100] {processor.py:161} INFO - Started process (PID=8771) to work on /home/nord/venv/lib/python3.8/site-packages/airflow/example_dags/example_xcomargs.py
[2025-02-15T20:03:51.759+0100] {processor.py:830} INFO - Processing file /home/nord/venv/lib/python3.8/site-packages/airflow/example_dags/example_xcomargs.py for tasks to queue
[2025-02-15T20:03:51.764+0100] {logging_mixin.py:188} INFO - [2025-02-15T20:03:51.762+0100] {dagbag.py:538} INFO - Filling up the DagBag from /home/nord/venv/lib/python3.8/site-packages/airflow/example_dags/example_xcomargs.py
[2025-02-15T20:03:51.841+0100] {processor.py:840} INFO - DAG(s) 'example_xcom_args_with_operators', 'example_xcom_args' retrieved from /home/nord/venv/lib/python3.8/site-packages/airflow/example_dags/example_xcomargs.py
[2025-02-15T20:03:51.997+0100] {logging_mixin.py:188} INFO - [2025-02-15T20:03:51.996+0100] {dag.py:3036} INFO - Sync 2 DAGs
[2025-02-15T20:03:52.023+0100] {logging_mixin.py:188} INFO - [2025-02-15T20:03:52.023+0100] {dag.py:3823} INFO - Setting next_dagrun for example_xcom_args to None, run_after=None
[2025-02-15T20:03:52.027+0100] {logging_mixin.py:188} INFO - [2025-02-15T20:03:52.027+0100] {dag.py:3823} INFO - Setting next_dagrun for example_xcom_args_with_operators to None, run_after=None
[2025-02-15T20:03:52.058+0100] {processor.py:183} INFO - Processing /home/nord/venv/lib/python3.8/site-packages/airflow/example_dags/example_xcomargs.py took 0.332 seconds
[2025-02-15T20:05:02.138+0100] {processor.py:161} INFO - Started process (PID=8837) to work on /home/nord/venv/lib/python3.8/site-packages/airflow/example_dags/example_xcomargs.py
[2025-02-15T20:05:02.143+0100] {processor.py:830} INFO - Processing file /home/nord/venv/lib/python3.8/site-packages/airflow/example_dags/example_xcomargs.py for tasks to queue
[2025-02-15T20:05:02.149+0100] {logging_mixin.py:188} INFO - [2025-02-15T20:05:02.146+0100] {dagbag.py:538} INFO - Filling up the DagBag from /home/nord/venv/lib/python3.8/site-packages/airflow/example_dags/example_xcomargs.py
[2025-02-15T20:05:02.192+0100] {processor.py:840} INFO - DAG(s) 'example_xcom_args', 'example_xcom_args_with_operators' retrieved from /home/nord/venv/lib/python3.8/site-packages/airflow/example_dags/example_xcomargs.py
[2025-02-15T20:05:02.310+0100] {logging_mixin.py:188} INFO - [2025-02-15T20:05:02.308+0100] {dag.py:3036} INFO - Sync 2 DAGs
[2025-02-15T20:05:02.374+0100] {logging_mixin.py:188} INFO - [2025-02-15T20:05:02.373+0100] {dag.py:3823} INFO - Setting next_dagrun for example_xcom_args to None, run_after=None
[2025-02-15T20:05:02.388+0100] {logging_mixin.py:188} INFO - [2025-02-15T20:05:02.388+0100] {dag.py:3823} INFO - Setting next_dagrun for example_xcom_args_with_operators to None, run_after=None
[2025-02-15T20:05:02.481+0100] {processor.py:183} INFO - Processing /home/nord/venv/lib/python3.8/site-packages/airflow/example_dags/example_xcomargs.py took 0.362 seconds
