[2025-02-15T19:49:00.744+0100] {processor.py:161} INFO - Started process (PID=7994) to work on /home/nord/venv/lib/python3.8/site-packages/airflow/example_dags/example_branch_python_dop_operator_3.py
[2025-02-15T19:49:00.750+0100] {processor.py:830} INFO - Processing file /home/nord/venv/lib/python3.8/site-packages/airflow/example_dags/example_branch_python_dop_operator_3.py for tasks to queue
[2025-02-15T19:49:00.754+0100] {logging_mixin.py:188} INFO - [2025-02-15T19:49:00.752+0100] {dagbag.py:538} INFO - Filling up the DagBag from /home/nord/venv/lib/python3.8/site-packages/airflow/example_dags/example_branch_python_dop_operator_3.py
[2025-02-15T19:49:01.056+0100] {processor.py:840} INFO - DAG(s) 'example_branch_dop_operator_v3' retrieved from /home/nord/venv/lib/python3.8/site-packages/airflow/example_dags/example_branch_python_dop_operator_3.py
[2025-02-15T19:49:01.281+0100] {logging_mixin.py:188} INFO - [2025-02-15T19:49:01.280+0100] {dag.py:3036} INFO - Sync 1 DAGs
[2025-02-15T19:49:01.325+0100] {logging_mixin.py:188} INFO - [2025-02-15T19:49:01.324+0100] {dag.py:3823} INFO - Setting next_dagrun for example_branch_dop_operator_v3 to 2025-02-15 18:48:00+00:00, run_after=2025-02-15 18:49:00+00:00
[2025-02-15T19:49:01.382+0100] {processor.py:183} INFO - Processing /home/nord/venv/lib/python3.8/site-packages/airflow/example_dags/example_branch_python_dop_operator_3.py took 0.663 seconds
[2025-02-15T19:50:08.783+0100] {processor.py:161} INFO - Started process (PID=8058) to work on /home/nord/venv/lib/python3.8/site-packages/airflow/example_dags/example_branch_python_dop_operator_3.py
[2025-02-15T19:50:08.795+0100] {processor.py:830} INFO - Processing file /home/nord/venv/lib/python3.8/site-packages/airflow/example_dags/example_branch_python_dop_operator_3.py for tasks to queue
[2025-02-15T19:50:08.798+0100] {logging_mixin.py:188} INFO - [2025-02-15T19:50:08.797+0100] {dagbag.py:538} INFO - Filling up the DagBag from /home/nord/venv/lib/python3.8/site-packages/airflow/example_dags/example_branch_python_dop_operator_3.py
[2025-02-15T19:50:08.836+0100] {processor.py:840} INFO - DAG(s) 'example_branch_dop_operator_v3' retrieved from /home/nord/venv/lib/python3.8/site-packages/airflow/example_dags/example_branch_python_dop_operator_3.py
[2025-02-15T19:50:08.879+0100] {logging_mixin.py:188} INFO - [2025-02-15T19:50:08.878+0100] {dag.py:3036} INFO - Sync 1 DAGs
[2025-02-15T19:50:08.958+0100] {logging_mixin.py:188} INFO - [2025-02-15T19:50:08.957+0100] {dag.py:3823} INFO - Setting next_dagrun for example_branch_dop_operator_v3 to 2025-02-15 18:49:00+00:00, run_after=2025-02-15 18:50:00+00:00
[2025-02-15T19:50:09.039+0100] {processor.py:183} INFO - Processing /home/nord/venv/lib/python3.8/site-packages/airflow/example_dags/example_branch_python_dop_operator_3.py took 0.262 seconds
[2025-02-15T19:51:23.013+0100] {processor.py:161} INFO - Started process (PID=8122) to work on /home/nord/venv/lib/python3.8/site-packages/airflow/example_dags/example_branch_python_dop_operator_3.py
[2025-02-15T19:51:23.019+0100] {processor.py:830} INFO - Processing file /home/nord/venv/lib/python3.8/site-packages/airflow/example_dags/example_branch_python_dop_operator_3.py for tasks to queue
[2025-02-15T19:51:23.026+0100] {logging_mixin.py:188} INFO - [2025-02-15T19:51:23.022+0100] {dagbag.py:538} INFO - Filling up the DagBag from /home/nord/venv/lib/python3.8/site-packages/airflow/example_dags/example_branch_python_dop_operator_3.py
[2025-02-15T19:51:23.081+0100] {processor.py:840} INFO - DAG(s) 'example_branch_dop_operator_v3' retrieved from /home/nord/venv/lib/python3.8/site-packages/airflow/example_dags/example_branch_python_dop_operator_3.py
[2025-02-15T19:51:23.131+0100] {logging_mixin.py:188} INFO - [2025-02-15T19:51:23.130+0100] {dag.py:3036} INFO - Sync 1 DAGs
[2025-02-15T19:51:23.160+0100] {logging_mixin.py:188} INFO - [2025-02-15T19:51:23.160+0100] {dag.py:3823} INFO - Setting next_dagrun for example_branch_dop_operator_v3 to 2025-02-15 18:50:00+00:00, run_after=2025-02-15 18:51:00+00:00
[2025-02-15T19:51:23.193+0100] {processor.py:183} INFO - Processing /home/nord/venv/lib/python3.8/site-packages/airflow/example_dags/example_branch_python_dop_operator_3.py took 0.198 seconds
[2025-02-15T19:52:27.691+0100] {processor.py:161} INFO - Started process (PID=8175) to work on /home/nord/venv/lib/python3.8/site-packages/airflow/example_dags/example_branch_python_dop_operator_3.py
[2025-02-15T19:52:27.703+0100] {processor.py:830} INFO - Processing file /home/nord/venv/lib/python3.8/site-packages/airflow/example_dags/example_branch_python_dop_operator_3.py for tasks to queue
[2025-02-15T19:52:27.713+0100] {logging_mixin.py:188} INFO - [2025-02-15T19:52:27.707+0100] {dagbag.py:538} INFO - Filling up the DagBag from /home/nord/venv/lib/python3.8/site-packages/airflow/example_dags/example_branch_python_dop_operator_3.py
[2025-02-15T19:52:27.772+0100] {processor.py:840} INFO - DAG(s) 'example_branch_dop_operator_v3' retrieved from /home/nord/venv/lib/python3.8/site-packages/airflow/example_dags/example_branch_python_dop_operator_3.py
[2025-02-15T19:52:27.861+0100] {logging_mixin.py:188} INFO - [2025-02-15T19:52:27.860+0100] {dag.py:3036} INFO - Sync 1 DAGs
[2025-02-15T19:52:27.964+0100] {logging_mixin.py:188} INFO - [2025-02-15T19:52:27.964+0100] {dag.py:3823} INFO - Setting next_dagrun for example_branch_dop_operator_v3 to 2025-02-15 18:51:00+00:00, run_after=2025-02-15 18:52:00+00:00
[2025-02-15T19:52:28.029+0100] {processor.py:183} INFO - Processing /home/nord/venv/lib/python3.8/site-packages/airflow/example_dags/example_branch_python_dop_operator_3.py took 0.367 seconds
[2025-02-15T19:53:37.099+0100] {processor.py:161} INFO - Started process (PID=8243) to work on /home/nord/venv/lib/python3.8/site-packages/airflow/example_dags/example_branch_python_dop_operator_3.py
[2025-02-15T19:53:37.101+0100] {processor.py:830} INFO - Processing file /home/nord/venv/lib/python3.8/site-packages/airflow/example_dags/example_branch_python_dop_operator_3.py for tasks to queue
[2025-02-15T19:53:37.102+0100] {logging_mixin.py:188} INFO - [2025-02-15T19:53:37.102+0100] {dagbag.py:538} INFO - Filling up the DagBag from /home/nord/venv/lib/python3.8/site-packages/airflow/example_dags/example_branch_python_dop_operator_3.py
[2025-02-15T19:53:37.116+0100] {processor.py:840} INFO - DAG(s) 'example_branch_dop_operator_v3' retrieved from /home/nord/venv/lib/python3.8/site-packages/airflow/example_dags/example_branch_python_dop_operator_3.py
[2025-02-15T19:53:37.139+0100] {logging_mixin.py:188} INFO - [2025-02-15T19:53:37.139+0100] {dag.py:3036} INFO - Sync 1 DAGs
[2025-02-15T19:53:37.175+0100] {logging_mixin.py:188} INFO - [2025-02-15T19:53:37.175+0100] {dag.py:3823} INFO - Setting next_dagrun for example_branch_dop_operator_v3 to 2025-02-15 18:52:00+00:00, run_after=2025-02-15 18:53:00+00:00
[2025-02-15T19:53:37.228+0100] {processor.py:183} INFO - Processing /home/nord/venv/lib/python3.8/site-packages/airflow/example_dags/example_branch_python_dop_operator_3.py took 0.133 seconds
[2025-02-15T19:54:42.242+0100] {processor.py:161} INFO - Started process (PID=8295) to work on /home/nord/venv/lib/python3.8/site-packages/airflow/example_dags/example_branch_python_dop_operator_3.py
[2025-02-15T19:54:42.246+0100] {processor.py:830} INFO - Processing file /home/nord/venv/lib/python3.8/site-packages/airflow/example_dags/example_branch_python_dop_operator_3.py for tasks to queue
[2025-02-15T19:54:42.250+0100] {logging_mixin.py:188} INFO - [2025-02-15T19:54:42.248+0100] {dagbag.py:538} INFO - Filling up the DagBag from /home/nord/venv/lib/python3.8/site-packages/airflow/example_dags/example_branch_python_dop_operator_3.py
[2025-02-15T19:54:42.284+0100] {processor.py:840} INFO - DAG(s) 'example_branch_dop_operator_v3' retrieved from /home/nord/venv/lib/python3.8/site-packages/airflow/example_dags/example_branch_python_dop_operator_3.py
[2025-02-15T19:54:42.339+0100] {logging_mixin.py:188} INFO - [2025-02-15T19:54:42.339+0100] {dag.py:3036} INFO - Sync 1 DAGs
[2025-02-15T19:54:42.376+0100] {logging_mixin.py:188} INFO - [2025-02-15T19:54:42.376+0100] {dag.py:3823} INFO - Setting next_dagrun for example_branch_dop_operator_v3 to 2025-02-15 18:53:00+00:00, run_after=2025-02-15 18:54:00+00:00
[2025-02-15T19:54:42.407+0100] {processor.py:183} INFO - Processing /home/nord/venv/lib/python3.8/site-packages/airflow/example_dags/example_branch_python_dop_operator_3.py took 0.176 seconds
[2025-02-15T19:55:47.947+0100] {processor.py:161} INFO - Started process (PID=8348) to work on /home/nord/venv/lib/python3.8/site-packages/airflow/example_dags/example_branch_python_dop_operator_3.py
[2025-02-15T19:55:47.956+0100] {processor.py:830} INFO - Processing file /home/nord/venv/lib/python3.8/site-packages/airflow/example_dags/example_branch_python_dop_operator_3.py for tasks to queue
[2025-02-15T19:55:47.964+0100] {logging_mixin.py:188} INFO - [2025-02-15T19:55:47.960+0100] {dagbag.py:538} INFO - Filling up the DagBag from /home/nord/venv/lib/python3.8/site-packages/airflow/example_dags/example_branch_python_dop_operator_3.py
[2025-02-15T19:55:48.034+0100] {processor.py:840} INFO - DAG(s) 'example_branch_dop_operator_v3' retrieved from /home/nord/venv/lib/python3.8/site-packages/airflow/example_dags/example_branch_python_dop_operator_3.py
[2025-02-15T19:55:48.107+0100] {logging_mixin.py:188} INFO - [2025-02-15T19:55:48.106+0100] {dag.py:3036} INFO - Sync 1 DAGs
[2025-02-15T19:55:48.143+0100] {logging_mixin.py:188} INFO - [2025-02-15T19:55:48.142+0100] {dag.py:3823} INFO - Setting next_dagrun for example_branch_dop_operator_v3 to 2025-02-15 18:54:00+00:00, run_after=2025-02-15 18:55:00+00:00
[2025-02-15T19:55:48.183+0100] {processor.py:183} INFO - Processing /home/nord/venv/lib/python3.8/site-packages/airflow/example_dags/example_branch_python_dop_operator_3.py took 0.258 seconds
[2025-02-15T19:56:49.786+0100] {processor.py:161} INFO - Started process (PID=8402) to work on /home/nord/venv/lib/python3.8/site-packages/airflow/example_dags/example_branch_python_dop_operator_3.py
[2025-02-15T19:56:49.790+0100] {processor.py:830} INFO - Processing file /home/nord/venv/lib/python3.8/site-packages/airflow/example_dags/example_branch_python_dop_operator_3.py for tasks to queue
[2025-02-15T19:56:49.792+0100] {logging_mixin.py:188} INFO - [2025-02-15T19:56:49.791+0100] {dagbag.py:538} INFO - Filling up the DagBag from /home/nord/venv/lib/python3.8/site-packages/airflow/example_dags/example_branch_python_dop_operator_3.py
[2025-02-15T19:56:49.824+0100] {processor.py:840} INFO - DAG(s) 'example_branch_dop_operator_v3' retrieved from /home/nord/venv/lib/python3.8/site-packages/airflow/example_dags/example_branch_python_dop_operator_3.py
[2025-02-15T19:56:49.878+0100] {logging_mixin.py:188} INFO - [2025-02-15T19:56:49.877+0100] {dag.py:3036} INFO - Sync 1 DAGs
[2025-02-15T19:56:49.974+0100] {logging_mixin.py:188} INFO - [2025-02-15T19:56:49.973+0100] {dag.py:3823} INFO - Setting next_dagrun for example_branch_dop_operator_v3 to 2025-02-15 18:55:00+00:00, run_after=2025-02-15 18:56:00+00:00
[2025-02-15T19:56:50.038+0100] {processor.py:183} INFO - Processing /home/nord/venv/lib/python3.8/site-packages/airflow/example_dags/example_branch_python_dop_operator_3.py took 0.261 seconds
[2025-02-15T19:57:51.725+0100] {processor.py:161} INFO - Started process (PID=8453) to work on /home/nord/venv/lib/python3.8/site-packages/airflow/example_dags/example_branch_python_dop_operator_3.py
[2025-02-15T19:57:51.730+0100] {processor.py:830} INFO - Processing file /home/nord/venv/lib/python3.8/site-packages/airflow/example_dags/example_branch_python_dop_operator_3.py for tasks to queue
[2025-02-15T19:57:51.736+0100] {logging_mixin.py:188} INFO - [2025-02-15T19:57:51.733+0100] {dagbag.py:538} INFO - Filling up the DagBag from /home/nord/venv/lib/python3.8/site-packages/airflow/example_dags/example_branch_python_dop_operator_3.py
[2025-02-15T19:57:51.791+0100] {processor.py:840} INFO - DAG(s) 'example_branch_dop_operator_v3' retrieved from /home/nord/venv/lib/python3.8/site-packages/airflow/example_dags/example_branch_python_dop_operator_3.py
[2025-02-15T19:57:51.848+0100] {logging_mixin.py:188} INFO - [2025-02-15T19:57:51.847+0100] {dag.py:3036} INFO - Sync 1 DAGs
[2025-02-15T19:57:51.897+0100] {logging_mixin.py:188} INFO - [2025-02-15T19:57:51.897+0100] {dag.py:3823} INFO - Setting next_dagrun for example_branch_dop_operator_v3 to 2025-02-15 18:56:00+00:00, run_after=2025-02-15 18:57:00+00:00
[2025-02-15T19:57:51.962+0100] {processor.py:183} INFO - Processing /home/nord/venv/lib/python3.8/site-packages/airflow/example_dags/example_branch_python_dop_operator_3.py took 0.249 seconds
[2025-02-15T19:58:47.730+0100] {processor.py:161} INFO - Started process (PID=8503) to work on /home/nord/venv/lib/python3.8/site-packages/airflow/example_dags/example_branch_python_dop_operator_3.py
[2025-02-15T19:58:47.734+0100] {processor.py:830} INFO - Processing file /home/nord/venv/lib/python3.8/site-packages/airflow/example_dags/example_branch_python_dop_operator_3.py for tasks to queue
[2025-02-15T19:58:47.738+0100] {logging_mixin.py:188} INFO - [2025-02-15T19:58:47.736+0100] {dagbag.py:538} INFO - Filling up the DagBag from /home/nord/venv/lib/python3.8/site-packages/airflow/example_dags/example_branch_python_dop_operator_3.py
[2025-02-15T19:58:47.772+0100] {processor.py:840} INFO - DAG(s) 'example_branch_dop_operator_v3' retrieved from /home/nord/venv/lib/python3.8/site-packages/airflow/example_dags/example_branch_python_dop_operator_3.py
[2025-02-15T19:58:47.813+0100] {logging_mixin.py:188} INFO - [2025-02-15T19:58:47.812+0100] {dag.py:3036} INFO - Sync 1 DAGs
[2025-02-15T19:58:47.851+0100] {logging_mixin.py:188} INFO - [2025-02-15T19:58:47.851+0100] {dag.py:3823} INFO - Setting next_dagrun for example_branch_dop_operator_v3 to 2025-02-15 18:57:00+00:00, run_after=2025-02-15 18:58:00+00:00
[2025-02-15T19:58:47.894+0100] {processor.py:183} INFO - Processing /home/nord/venv/lib/python3.8/site-packages/airflow/example_dags/example_branch_python_dop_operator_3.py took 0.175 seconds
[2025-02-15T19:59:41.765+0100] {processor.py:161} INFO - Started process (PID=8548) to work on /home/nord/venv/lib/python3.8/site-packages/airflow/example_dags/example_branch_python_dop_operator_3.py
[2025-02-15T19:59:41.779+0100] {processor.py:830} INFO - Processing file /home/nord/venv/lib/python3.8/site-packages/airflow/example_dags/example_branch_python_dop_operator_3.py for tasks to queue
[2025-02-15T19:59:41.783+0100] {logging_mixin.py:188} INFO - [2025-02-15T19:59:41.781+0100] {dagbag.py:538} INFO - Filling up the DagBag from /home/nord/venv/lib/python3.8/site-packages/airflow/example_dags/example_branch_python_dop_operator_3.py
[2025-02-15T19:59:41.810+0100] {processor.py:840} INFO - DAG(s) 'example_branch_dop_operator_v3' retrieved from /home/nord/venv/lib/python3.8/site-packages/airflow/example_dags/example_branch_python_dop_operator_3.py
[2025-02-15T19:59:41.833+0100] {logging_mixin.py:188} INFO - [2025-02-15T19:59:41.832+0100] {dag.py:3036} INFO - Sync 1 DAGs
[2025-02-15T19:59:41.871+0100] {logging_mixin.py:188} INFO - [2025-02-15T19:59:41.870+0100] {dag.py:3823} INFO - Setting next_dagrun for example_branch_dop_operator_v3 to 2025-02-15 18:58:00+00:00, run_after=2025-02-15 18:59:00+00:00
[2025-02-15T19:59:41.910+0100] {processor.py:183} INFO - Processing /home/nord/venv/lib/python3.8/site-packages/airflow/example_dags/example_branch_python_dop_operator_3.py took 0.166 seconds
[2025-02-15T20:00:53.663+0100] {processor.py:161} INFO - Started process (PID=8602) to work on /home/nord/venv/lib/python3.8/site-packages/airflow/example_dags/example_branch_python_dop_operator_3.py
[2025-02-15T20:00:53.683+0100] {processor.py:830} INFO - Processing file /home/nord/venv/lib/python3.8/site-packages/airflow/example_dags/example_branch_python_dop_operator_3.py for tasks to queue
[2025-02-15T20:00:53.686+0100] {logging_mixin.py:188} INFO - [2025-02-15T20:00:53.685+0100] {dagbag.py:538} INFO - Filling up the DagBag from /home/nord/venv/lib/python3.8/site-packages/airflow/example_dags/example_branch_python_dop_operator_3.py
[2025-02-15T20:00:53.736+0100] {processor.py:840} INFO - DAG(s) 'example_branch_dop_operator_v3' retrieved from /home/nord/venv/lib/python3.8/site-packages/airflow/example_dags/example_branch_python_dop_operator_3.py
[2025-02-15T20:00:53.767+0100] {logging_mixin.py:188} INFO - [2025-02-15T20:00:53.766+0100] {dag.py:3036} INFO - Sync 1 DAGs
[2025-02-15T20:00:53.812+0100] {logging_mixin.py:188} INFO - [2025-02-15T20:00:53.811+0100] {dag.py:3823} INFO - Setting next_dagrun for example_branch_dop_operator_v3 to 2025-02-15 18:59:00+00:00, run_after=2025-02-15 19:00:00+00:00
[2025-02-15T20:00:53.862+0100] {processor.py:183} INFO - Processing /home/nord/venv/lib/python3.8/site-packages/airflow/example_dags/example_branch_python_dop_operator_3.py took 0.267 seconds
[2025-02-15T20:02:00.352+0100] {processor.py:161} INFO - Started process (PID=8674) to work on /home/nord/venv/lib/python3.8/site-packages/airflow/example_dags/example_branch_python_dop_operator_3.py
[2025-02-15T20:02:00.354+0100] {processor.py:830} INFO - Processing file /home/nord/venv/lib/python3.8/site-packages/airflow/example_dags/example_branch_python_dop_operator_3.py for tasks to queue
[2025-02-15T20:02:00.357+0100] {logging_mixin.py:188} INFO - [2025-02-15T20:02:00.356+0100] {dagbag.py:538} INFO - Filling up the DagBag from /home/nord/venv/lib/python3.8/site-packages/airflow/example_dags/example_branch_python_dop_operator_3.py
[2025-02-15T20:02:00.376+0100] {processor.py:840} INFO - DAG(s) 'example_branch_dop_operator_v3' retrieved from /home/nord/venv/lib/python3.8/site-packages/airflow/example_dags/example_branch_python_dop_operator_3.py
[2025-02-15T20:02:00.412+0100] {logging_mixin.py:188} INFO - [2025-02-15T20:02:00.412+0100] {dag.py:3036} INFO - Sync 1 DAGs
[2025-02-15T20:02:00.463+0100] {logging_mixin.py:188} INFO - [2025-02-15T20:02:00.462+0100] {dag.py:3823} INFO - Setting next_dagrun for example_branch_dop_operator_v3 to 2025-02-15 19:01:00+00:00, run_after=2025-02-15 19:02:00+00:00
[2025-02-15T20:02:00.517+0100] {processor.py:183} INFO - Processing /home/nord/venv/lib/python3.8/site-packages/airflow/example_dags/example_branch_python_dop_operator_3.py took 0.172 seconds
[2025-02-15T20:03:05.408+0100] {processor.py:161} INFO - Started process (PID=8726) to work on /home/nord/venv/lib/python3.8/site-packages/airflow/example_dags/example_branch_python_dop_operator_3.py
[2025-02-15T20:03:05.413+0100] {processor.py:830} INFO - Processing file /home/nord/venv/lib/python3.8/site-packages/airflow/example_dags/example_branch_python_dop_operator_3.py for tasks to queue
[2025-02-15T20:03:05.417+0100] {logging_mixin.py:188} INFO - [2025-02-15T20:03:05.415+0100] {dagbag.py:538} INFO - Filling up the DagBag from /home/nord/venv/lib/python3.8/site-packages/airflow/example_dags/example_branch_python_dop_operator_3.py
[2025-02-15T20:03:05.453+0100] {processor.py:840} INFO - DAG(s) 'example_branch_dop_operator_v3' retrieved from /home/nord/venv/lib/python3.8/site-packages/airflow/example_dags/example_branch_python_dop_operator_3.py
[2025-02-15T20:03:05.504+0100] {logging_mixin.py:188} INFO - [2025-02-15T20:03:05.504+0100] {dag.py:3036} INFO - Sync 1 DAGs
[2025-02-15T20:03:05.533+0100] {logging_mixin.py:188} INFO - [2025-02-15T20:03:05.533+0100] {dag.py:3823} INFO - Setting next_dagrun for example_branch_dop_operator_v3 to 2025-02-15 19:02:00+00:00, run_after=2025-02-15 19:03:00+00:00
[2025-02-15T20:03:05.566+0100] {processor.py:183} INFO - Processing /home/nord/venv/lib/python3.8/site-packages/airflow/example_dags/example_branch_python_dop_operator_3.py took 0.172 seconds
[2025-02-15T20:04:13.381+0100] {processor.py:161} INFO - Started process (PID=8797) to work on /home/nord/venv/lib/python3.8/site-packages/airflow/example_dags/example_branch_python_dop_operator_3.py
[2025-02-15T20:04:13.391+0100] {processor.py:830} INFO - Processing file /home/nord/venv/lib/python3.8/site-packages/airflow/example_dags/example_branch_python_dop_operator_3.py for tasks to queue
[2025-02-15T20:04:13.404+0100] {logging_mixin.py:188} INFO - [2025-02-15T20:04:13.397+0100] {dagbag.py:538} INFO - Filling up the DagBag from /home/nord/venv/lib/python3.8/site-packages/airflow/example_dags/example_branch_python_dop_operator_3.py
[2025-02-15T20:04:13.458+0100] {processor.py:840} INFO - DAG(s) 'example_branch_dop_operator_v3' retrieved from /home/nord/venv/lib/python3.8/site-packages/airflow/example_dags/example_branch_python_dop_operator_3.py
[2025-02-15T20:04:13.523+0100] {logging_mixin.py:188} INFO - [2025-02-15T20:04:13.522+0100] {dag.py:3036} INFO - Sync 1 DAGs
[2025-02-15T20:04:13.632+0100] {logging_mixin.py:188} INFO - [2025-02-15T20:04:13.632+0100] {dag.py:3823} INFO - Setting next_dagrun for example_branch_dop_operator_v3 to 2025-02-15 19:03:00+00:00, run_after=2025-02-15 19:04:00+00:00
[2025-02-15T20:04:13.735+0100] {processor.py:183} INFO - Processing /home/nord/venv/lib/python3.8/site-packages/airflow/example_dags/example_branch_python_dop_operator_3.py took 0.390 seconds
[2025-02-15T20:05:25.980+0100] {processor.py:161} INFO - Started process (PID=8855) to work on /home/nord/venv/lib/python3.8/site-packages/airflow/example_dags/example_branch_python_dop_operator_3.py
[2025-02-15T20:05:25.990+0100] {processor.py:830} INFO - Processing file /home/nord/venv/lib/python3.8/site-packages/airflow/example_dags/example_branch_python_dop_operator_3.py for tasks to queue
[2025-02-15T20:05:25.993+0100] {logging_mixin.py:188} INFO - [2025-02-15T20:05:25.992+0100] {dagbag.py:538} INFO - Filling up the DagBag from /home/nord/venv/lib/python3.8/site-packages/airflow/example_dags/example_branch_python_dop_operator_3.py
[2025-02-15T20:05:26.024+0100] {processor.py:840} INFO - DAG(s) 'example_branch_dop_operator_v3' retrieved from /home/nord/venv/lib/python3.8/site-packages/airflow/example_dags/example_branch_python_dop_operator_3.py
[2025-02-15T20:05:26.075+0100] {logging_mixin.py:188} INFO - [2025-02-15T20:05:26.074+0100] {dag.py:3036} INFO - Sync 1 DAGs
[2025-02-15T20:05:26.166+0100] {logging_mixin.py:188} INFO - [2025-02-15T20:05:26.166+0100] {dag.py:3823} INFO - Setting next_dagrun for example_branch_dop_operator_v3 to 2025-02-15 19:04:00+00:00, run_after=2025-02-15 19:05:00+00:00
[2025-02-15T20:05:26.236+0100] {processor.py:183} INFO - Processing /home/nord/venv/lib/python3.8/site-packages/airflow/example_dags/example_branch_python_dop_operator_3.py took 0.263 seconds
