[2025-02-15T19:49:25.080+0100] {processor.py:161} INFO - Started process (PID=8014) to work on /home/nord/venv/lib/python3.8/site-packages/airflow/example_dags/example_branch_datetime_operator.py
[2025-02-15T19:49:25.082+0100] {processor.py:830} INFO - Processing file /home/nord/venv/lib/python3.8/site-packages/airflow/example_dags/example_branch_datetime_operator.py for tasks to queue
[2025-02-15T19:49:25.084+0100] {logging_mixin.py:188} INFO - [2025-02-15T19:49:25.083+0100] {dagbag.py:538} INFO - Filling up the DagBag from /home/nord/venv/lib/python3.8/site-packages/airflow/example_dags/example_branch_datetime_operator.py
[2025-02-15T19:49:25.110+0100] {processor.py:840} INFO - DAG(s) 'example_branch_datetime_operator_2', 'example_branch_datetime_operator_3', 'example_branch_datetime_operator' retrieved from /home/nord/venv/lib/python3.8/site-packages/airflow/example_dags/example_branch_datetime_operator.py
[2025-02-15T19:49:25.263+0100] {logging_mixin.py:188} INFO - [2025-02-15T19:49:25.263+0100] {dag.py:3036} INFO - Sync 3 DAGs
[2025-02-15T19:49:25.289+0100] {logging_mixin.py:188} INFO - [2025-02-15T19:49:25.288+0100] {dag.py:3823} INFO - Setting next_dagrun for example_branch_datetime_operator to 2025-02-14 00:00:00+00:00, run_after=2025-02-15 00:00:00+00:00
[2025-02-15T19:49:25.295+0100] {logging_mixin.py:188} INFO - [2025-02-15T19:49:25.294+0100] {dag.py:3823} INFO - Setting next_dagrun for example_branch_datetime_operator_2 to 2025-02-14 00:00:00+00:00, run_after=2025-02-15 00:00:00+00:00
[2025-02-15T19:49:25.298+0100] {logging_mixin.py:188} INFO - [2025-02-15T19:49:25.297+0100] {dag.py:3823} INFO - Setting next_dagrun for example_branch_datetime_operator_3 to 2025-02-14 00:00:00+00:00, run_after=2025-02-15 00:00:00+00:00
[2025-02-15T19:49:25.340+0100] {processor.py:183} INFO - Processing /home/nord/venv/lib/python3.8/site-packages/airflow/example_dags/example_branch_datetime_operator.py took 0.268 seconds
[2025-02-15T19:50:37.076+0100] {processor.py:161} INFO - Started process (PID=8083) to work on /home/nord/venv/lib/python3.8/site-packages/airflow/example_dags/example_branch_datetime_operator.py
[2025-02-15T19:50:37.082+0100] {processor.py:830} INFO - Processing file /home/nord/venv/lib/python3.8/site-packages/airflow/example_dags/example_branch_datetime_operator.py for tasks to queue
[2025-02-15T19:50:37.088+0100] {logging_mixin.py:188} INFO - [2025-02-15T19:50:37.085+0100] {dagbag.py:538} INFO - Filling up the DagBag from /home/nord/venv/lib/python3.8/site-packages/airflow/example_dags/example_branch_datetime_operator.py
[2025-02-15T19:50:37.124+0100] {processor.py:840} INFO - DAG(s) 'example_branch_datetime_operator_3', 'example_branch_datetime_operator_2', 'example_branch_datetime_operator' retrieved from /home/nord/venv/lib/python3.8/site-packages/airflow/example_dags/example_branch_datetime_operator.py
[2025-02-15T19:50:37.170+0100] {logging_mixin.py:188} INFO - [2025-02-15T19:50:37.170+0100] {dag.py:3036} INFO - Sync 3 DAGs
[2025-02-15T19:50:37.224+0100] {logging_mixin.py:188} INFO - [2025-02-15T19:50:37.223+0100] {dag.py:3823} INFO - Setting next_dagrun for example_branch_datetime_operator to 2025-02-14 00:00:00+00:00, run_after=2025-02-15 00:00:00+00:00
[2025-02-15T19:50:37.235+0100] {logging_mixin.py:188} INFO - [2025-02-15T19:50:37.235+0100] {dag.py:3823} INFO - Setting next_dagrun for example_branch_datetime_operator_2 to 2025-02-14 00:00:00+00:00, run_after=2025-02-15 00:00:00+00:00
[2025-02-15T19:50:37.241+0100] {logging_mixin.py:188} INFO - [2025-02-15T19:50:37.240+0100] {dag.py:3823} INFO - Setting next_dagrun for example_branch_datetime_operator_3 to 2025-02-14 00:00:00+00:00, run_after=2025-02-15 00:00:00+00:00
[2025-02-15T19:50:37.387+0100] {processor.py:183} INFO - Processing /home/nord/venv/lib/python3.8/site-packages/airflow/example_dags/example_branch_datetime_operator.py took 0.328 seconds
[2025-02-15T19:51:49.750+0100] {processor.py:161} INFO - Started process (PID=8145) to work on /home/nord/venv/lib/python3.8/site-packages/airflow/example_dags/example_branch_datetime_operator.py
[2025-02-15T19:51:49.758+0100] {processor.py:830} INFO - Processing file /home/nord/venv/lib/python3.8/site-packages/airflow/example_dags/example_branch_datetime_operator.py for tasks to queue
[2025-02-15T19:51:49.764+0100] {logging_mixin.py:188} INFO - [2025-02-15T19:51:49.762+0100] {dagbag.py:538} INFO - Filling up the DagBag from /home/nord/venv/lib/python3.8/site-packages/airflow/example_dags/example_branch_datetime_operator.py
[2025-02-15T19:51:49.808+0100] {processor.py:840} INFO - DAG(s) 'example_branch_datetime_operator_3', 'example_branch_datetime_operator', 'example_branch_datetime_operator_2' retrieved from /home/nord/venv/lib/python3.8/site-packages/airflow/example_dags/example_branch_datetime_operator.py
[2025-02-15T19:51:49.876+0100] {logging_mixin.py:188} INFO - [2025-02-15T19:51:49.875+0100] {dag.py:3036} INFO - Sync 3 DAGs
[2025-02-15T19:51:49.909+0100] {logging_mixin.py:188} INFO - [2025-02-15T19:51:49.909+0100] {dag.py:3823} INFO - Setting next_dagrun for example_branch_datetime_operator to 2025-02-14 00:00:00+00:00, run_after=2025-02-15 00:00:00+00:00
[2025-02-15T19:51:49.915+0100] {logging_mixin.py:188} INFO - [2025-02-15T19:51:49.915+0100] {dag.py:3823} INFO - Setting next_dagrun for example_branch_datetime_operator_2 to 2025-02-14 00:00:00+00:00, run_after=2025-02-15 00:00:00+00:00
[2025-02-15T19:51:49.918+0100] {logging_mixin.py:188} INFO - [2025-02-15T19:51:49.918+0100] {dag.py:3823} INFO - Setting next_dagrun for example_branch_datetime_operator_3 to 2025-02-14 00:00:00+00:00, run_after=2025-02-15 00:00:00+00:00
[2025-02-15T19:51:49.970+0100] {processor.py:183} INFO - Processing /home/nord/venv/lib/python3.8/site-packages/airflow/example_dags/example_branch_datetime_operator.py took 0.239 seconds
[2025-02-15T19:52:56.049+0100] {processor.py:161} INFO - Started process (PID=8198) to work on /home/nord/venv/lib/python3.8/site-packages/airflow/example_dags/example_branch_datetime_operator.py
[2025-02-15T19:52:56.056+0100] {processor.py:830} INFO - Processing file /home/nord/venv/lib/python3.8/site-packages/airflow/example_dags/example_branch_datetime_operator.py for tasks to queue
[2025-02-15T19:52:56.058+0100] {logging_mixin.py:188} INFO - [2025-02-15T19:52:56.057+0100] {dagbag.py:538} INFO - Filling up the DagBag from /home/nord/venv/lib/python3.8/site-packages/airflow/example_dags/example_branch_datetime_operator.py
[2025-02-15T19:52:56.089+0100] {processor.py:840} INFO - DAG(s) 'example_branch_datetime_operator', 'example_branch_datetime_operator_3', 'example_branch_datetime_operator_2' retrieved from /home/nord/venv/lib/python3.8/site-packages/airflow/example_dags/example_branch_datetime_operator.py
[2025-02-15T19:52:56.140+0100] {logging_mixin.py:188} INFO - [2025-02-15T19:52:56.140+0100] {dag.py:3036} INFO - Sync 3 DAGs
[2025-02-15T19:52:56.171+0100] {logging_mixin.py:188} INFO - [2025-02-15T19:52:56.171+0100] {dag.py:3823} INFO - Setting next_dagrun for example_branch_datetime_operator to 2025-02-14 00:00:00+00:00, run_after=2025-02-15 00:00:00+00:00
[2025-02-15T19:52:56.177+0100] {logging_mixin.py:188} INFO - [2025-02-15T19:52:56.177+0100] {dag.py:3823} INFO - Setting next_dagrun for example_branch_datetime_operator_2 to 2025-02-14 00:00:00+00:00, run_after=2025-02-15 00:00:00+00:00
[2025-02-15T19:52:56.180+0100] {logging_mixin.py:188} INFO - [2025-02-15T19:52:56.180+0100] {dag.py:3823} INFO - Setting next_dagrun for example_branch_datetime_operator_3 to 2025-02-14 00:00:00+00:00, run_after=2025-02-15 00:00:00+00:00
[2025-02-15T19:52:56.211+0100] {processor.py:183} INFO - Processing /home/nord/venv/lib/python3.8/site-packages/airflow/example_dags/example_branch_datetime_operator.py took 0.174 seconds
[2025-02-15T19:54:01.192+0100] {processor.py:161} INFO - Started process (PID=8265) to work on /home/nord/venv/lib/python3.8/site-packages/airflow/example_dags/example_branch_datetime_operator.py
[2025-02-15T19:54:01.198+0100] {processor.py:830} INFO - Processing file /home/nord/venv/lib/python3.8/site-packages/airflow/example_dags/example_branch_datetime_operator.py for tasks to queue
[2025-02-15T19:54:01.202+0100] {logging_mixin.py:188} INFO - [2025-02-15T19:54:01.200+0100] {dagbag.py:538} INFO - Filling up the DagBag from /home/nord/venv/lib/python3.8/site-packages/airflow/example_dags/example_branch_datetime_operator.py
[2025-02-15T19:54:01.252+0100] {processor.py:840} INFO - DAG(s) 'example_branch_datetime_operator_2', 'example_branch_datetime_operator', 'example_branch_datetime_operator_3' retrieved from /home/nord/venv/lib/python3.8/site-packages/airflow/example_dags/example_branch_datetime_operator.py
[2025-02-15T19:54:01.318+0100] {logging_mixin.py:188} INFO - [2025-02-15T19:54:01.318+0100] {dag.py:3036} INFO - Sync 3 DAGs
[2025-02-15T19:54:01.362+0100] {logging_mixin.py:188} INFO - [2025-02-15T19:54:01.361+0100] {dag.py:3823} INFO - Setting next_dagrun for example_branch_datetime_operator to 2025-02-14 00:00:00+00:00, run_after=2025-02-15 00:00:00+00:00
[2025-02-15T19:54:01.372+0100] {logging_mixin.py:188} INFO - [2025-02-15T19:54:01.372+0100] {dag.py:3823} INFO - Setting next_dagrun for example_branch_datetime_operator_2 to 2025-02-14 00:00:00+00:00, run_after=2025-02-15 00:00:00+00:00
[2025-02-15T19:54:01.377+0100] {logging_mixin.py:188} INFO - [2025-02-15T19:54:01.376+0100] {dag.py:3823} INFO - Setting next_dagrun for example_branch_datetime_operator_3 to 2025-02-14 00:00:00+00:00, run_after=2025-02-15 00:00:00+00:00
[2025-02-15T19:54:01.417+0100] {processor.py:183} INFO - Processing /home/nord/venv/lib/python3.8/site-packages/airflow/example_dags/example_branch_datetime_operator.py took 0.243 seconds
[2025-02-15T19:55:07.908+0100] {processor.py:161} INFO - Started process (PID=8315) to work on /home/nord/venv/lib/python3.8/site-packages/airflow/example_dags/example_branch_datetime_operator.py
[2025-02-15T19:55:07.915+0100] {processor.py:830} INFO - Processing file /home/nord/venv/lib/python3.8/site-packages/airflow/example_dags/example_branch_datetime_operator.py for tasks to queue
[2025-02-15T19:55:07.920+0100] {logging_mixin.py:188} INFO - [2025-02-15T19:55:07.918+0100] {dagbag.py:538} INFO - Filling up the DagBag from /home/nord/venv/lib/python3.8/site-packages/airflow/example_dags/example_branch_datetime_operator.py
[2025-02-15T19:55:07.968+0100] {processor.py:840} INFO - DAG(s) 'example_branch_datetime_operator_3', 'example_branch_datetime_operator_2', 'example_branch_datetime_operator' retrieved from /home/nord/venv/lib/python3.8/site-packages/airflow/example_dags/example_branch_datetime_operator.py
[2025-02-15T19:55:08.013+0100] {logging_mixin.py:188} INFO - [2025-02-15T19:55:08.013+0100] {dag.py:3036} INFO - Sync 3 DAGs
[2025-02-15T19:55:08.077+0100] {logging_mixin.py:188} INFO - [2025-02-15T19:55:08.076+0100] {dag.py:3823} INFO - Setting next_dagrun for example_branch_datetime_operator to 2025-02-14 00:00:00+00:00, run_after=2025-02-15 00:00:00+00:00
[2025-02-15T19:55:08.088+0100] {logging_mixin.py:188} INFO - [2025-02-15T19:55:08.088+0100] {dag.py:3823} INFO - Setting next_dagrun for example_branch_datetime_operator_2 to 2025-02-14 00:00:00+00:00, run_after=2025-02-15 00:00:00+00:00
[2025-02-15T19:55:08.098+0100] {logging_mixin.py:188} INFO - [2025-02-15T19:55:08.098+0100] {dag.py:3823} INFO - Setting next_dagrun for example_branch_datetime_operator_3 to 2025-02-14 00:00:00+00:00, run_after=2025-02-15 00:00:00+00:00
[2025-02-15T19:55:08.156+0100] {processor.py:183} INFO - Processing /home/nord/venv/lib/python3.8/site-packages/airflow/example_dags/example_branch_datetime_operator.py took 0.267 seconds
[2025-02-15T19:56:12.522+0100] {processor.py:161} INFO - Started process (PID=8368) to work on /home/nord/venv/lib/python3.8/site-packages/airflow/example_dags/example_branch_datetime_operator.py
[2025-02-15T19:56:12.529+0100] {processor.py:830} INFO - Processing file /home/nord/venv/lib/python3.8/site-packages/airflow/example_dags/example_branch_datetime_operator.py for tasks to queue
[2025-02-15T19:56:12.535+0100] {logging_mixin.py:188} INFO - [2025-02-15T19:56:12.533+0100] {dagbag.py:538} INFO - Filling up the DagBag from /home/nord/venv/lib/python3.8/site-packages/airflow/example_dags/example_branch_datetime_operator.py
[2025-02-15T19:56:12.594+0100] {processor.py:840} INFO - DAG(s) 'example_branch_datetime_operator_2', 'example_branch_datetime_operator_3', 'example_branch_datetime_operator' retrieved from /home/nord/venv/lib/python3.8/site-packages/airflow/example_dags/example_branch_datetime_operator.py
[2025-02-15T19:56:12.724+0100] {logging_mixin.py:188} INFO - [2025-02-15T19:56:12.722+0100] {dag.py:3036} INFO - Sync 3 DAGs
[2025-02-15T19:56:12.834+0100] {logging_mixin.py:188} INFO - [2025-02-15T19:56:12.833+0100] {dag.py:3823} INFO - Setting next_dagrun for example_branch_datetime_operator to 2025-02-14 00:00:00+00:00, run_after=2025-02-15 00:00:00+00:00
[2025-02-15T19:56:12.856+0100] {logging_mixin.py:188} INFO - [2025-02-15T19:56:12.855+0100] {dag.py:3823} INFO - Setting next_dagrun for example_branch_datetime_operator_2 to 2025-02-14 00:00:00+00:00, run_after=2025-02-15 00:00:00+00:00
[2025-02-15T19:56:12.869+0100] {logging_mixin.py:188} INFO - [2025-02-15T19:56:12.868+0100] {dag.py:3823} INFO - Setting next_dagrun for example_branch_datetime_operator_3 to 2025-02-14 00:00:00+00:00, run_after=2025-02-15 00:00:00+00:00
[2025-02-15T19:56:12.962+0100] {processor.py:183} INFO - Processing /home/nord/venv/lib/python3.8/site-packages/airflow/example_dags/example_branch_datetime_operator.py took 0.457 seconds
[2025-02-15T19:57:16.505+0100] {processor.py:161} INFO - Started process (PID=8422) to work on /home/nord/venv/lib/python3.8/site-packages/airflow/example_dags/example_branch_datetime_operator.py
[2025-02-15T19:57:16.507+0100] {processor.py:830} INFO - Processing file /home/nord/venv/lib/python3.8/site-packages/airflow/example_dags/example_branch_datetime_operator.py for tasks to queue
[2025-02-15T19:57:16.509+0100] {logging_mixin.py:188} INFO - [2025-02-15T19:57:16.508+0100] {dagbag.py:538} INFO - Filling up the DagBag from /home/nord/venv/lib/python3.8/site-packages/airflow/example_dags/example_branch_datetime_operator.py
[2025-02-15T19:57:16.533+0100] {processor.py:840} INFO - DAG(s) 'example_branch_datetime_operator', 'example_branch_datetime_operator_2', 'example_branch_datetime_operator_3' retrieved from /home/nord/venv/lib/python3.8/site-packages/airflow/example_dags/example_branch_datetime_operator.py
[2025-02-15T19:57:16.614+0100] {logging_mixin.py:188} INFO - [2025-02-15T19:57:16.614+0100] {dag.py:3036} INFO - Sync 3 DAGs
[2025-02-15T19:57:16.664+0100] {logging_mixin.py:188} INFO - [2025-02-15T19:57:16.664+0100] {dag.py:3823} INFO - Setting next_dagrun for example_branch_datetime_operator to 2025-02-14 00:00:00+00:00, run_after=2025-02-15 00:00:00+00:00
[2025-02-15T19:57:16.672+0100] {logging_mixin.py:188} INFO - [2025-02-15T19:57:16.671+0100] {dag.py:3823} INFO - Setting next_dagrun for example_branch_datetime_operator_2 to 2025-02-14 00:00:00+00:00, run_after=2025-02-15 00:00:00+00:00
[2025-02-15T19:57:16.675+0100] {logging_mixin.py:188} INFO - [2025-02-15T19:57:16.675+0100] {dag.py:3823} INFO - Setting next_dagrun for example_branch_datetime_operator_3 to 2025-02-14 00:00:00+00:00, run_after=2025-02-15 00:00:00+00:00
[2025-02-15T19:57:16.721+0100] {processor.py:183} INFO - Processing /home/nord/venv/lib/python3.8/site-packages/airflow/example_dags/example_branch_datetime_operator.py took 0.225 seconds
[2025-02-15T19:58:14.224+0100] {processor.py:161} INFO - Started process (PID=8474) to work on /home/nord/venv/lib/python3.8/site-packages/airflow/example_dags/example_branch_datetime_operator.py
[2025-02-15T19:58:14.226+0100] {processor.py:830} INFO - Processing file /home/nord/venv/lib/python3.8/site-packages/airflow/example_dags/example_branch_datetime_operator.py for tasks to queue
[2025-02-15T19:58:14.228+0100] {logging_mixin.py:188} INFO - [2025-02-15T19:58:14.228+0100] {dagbag.py:538} INFO - Filling up the DagBag from /home/nord/venv/lib/python3.8/site-packages/airflow/example_dags/example_branch_datetime_operator.py
[2025-02-15T19:58:14.244+0100] {processor.py:840} INFO - DAG(s) 'example_branch_datetime_operator_3', 'example_branch_datetime_operator', 'example_branch_datetime_operator_2' retrieved from /home/nord/venv/lib/python3.8/site-packages/airflow/example_dags/example_branch_datetime_operator.py
[2025-02-15T19:58:14.283+0100] {logging_mixin.py:188} INFO - [2025-02-15T19:58:14.283+0100] {dag.py:3036} INFO - Sync 3 DAGs
[2025-02-15T19:58:14.320+0100] {logging_mixin.py:188} INFO - [2025-02-15T19:58:14.320+0100] {dag.py:3823} INFO - Setting next_dagrun for example_branch_datetime_operator to 2025-02-14 00:00:00+00:00, run_after=2025-02-15 00:00:00+00:00
[2025-02-15T19:58:14.328+0100] {logging_mixin.py:188} INFO - [2025-02-15T19:58:14.328+0100] {dag.py:3823} INFO - Setting next_dagrun for example_branch_datetime_operator_2 to 2025-02-14 00:00:00+00:00, run_after=2025-02-15 00:00:00+00:00
[2025-02-15T19:58:14.332+0100] {logging_mixin.py:188} INFO - [2025-02-15T19:58:14.331+0100] {dag.py:3823} INFO - Setting next_dagrun for example_branch_datetime_operator_3 to 2025-02-14 00:00:00+00:00, run_after=2025-02-15 00:00:00+00:00
[2025-02-15T19:58:14.381+0100] {processor.py:183} INFO - Processing /home/nord/venv/lib/python3.8/site-packages/airflow/example_dags/example_branch_datetime_operator.py took 0.161 seconds
[2025-02-15T19:59:11.483+0100] {processor.py:161} INFO - Started process (PID=8522) to work on /home/nord/venv/lib/python3.8/site-packages/airflow/example_dags/example_branch_datetime_operator.py
[2025-02-15T19:59:11.485+0100] {processor.py:830} INFO - Processing file /home/nord/venv/lib/python3.8/site-packages/airflow/example_dags/example_branch_datetime_operator.py for tasks to queue
[2025-02-15T19:59:11.487+0100] {logging_mixin.py:188} INFO - [2025-02-15T19:59:11.486+0100] {dagbag.py:538} INFO - Filling up the DagBag from /home/nord/venv/lib/python3.8/site-packages/airflow/example_dags/example_branch_datetime_operator.py
[2025-02-15T19:59:11.507+0100] {processor.py:840} INFO - DAG(s) 'example_branch_datetime_operator_2', 'example_branch_datetime_operator_3', 'example_branch_datetime_operator' retrieved from /home/nord/venv/lib/python3.8/site-packages/airflow/example_dags/example_branch_datetime_operator.py
[2025-02-15T19:59:11.538+0100] {logging_mixin.py:188} INFO - [2025-02-15T19:59:11.538+0100] {dag.py:3036} INFO - Sync 3 DAGs
[2025-02-15T19:59:11.569+0100] {logging_mixin.py:188} INFO - [2025-02-15T19:59:11.568+0100] {dag.py:3823} INFO - Setting next_dagrun for example_branch_datetime_operator to 2025-02-14 00:00:00+00:00, run_after=2025-02-15 00:00:00+00:00
[2025-02-15T19:59:11.575+0100] {logging_mixin.py:188} INFO - [2025-02-15T19:59:11.575+0100] {dag.py:3823} INFO - Setting next_dagrun for example_branch_datetime_operator_2 to 2025-02-14 00:00:00+00:00, run_after=2025-02-15 00:00:00+00:00
[2025-02-15T19:59:11.579+0100] {logging_mixin.py:188} INFO - [2025-02-15T19:59:11.579+0100] {dag.py:3823} INFO - Setting next_dagrun for example_branch_datetime_operator_3 to 2025-02-14 00:00:00+00:00, run_after=2025-02-15 00:00:00+00:00
[2025-02-15T19:59:11.617+0100] {processor.py:183} INFO - Processing /home/nord/venv/lib/python3.8/site-packages/airflow/example_dags/example_branch_datetime_operator.py took 0.142 seconds
[2025-02-15T20:00:12.427+0100] {processor.py:161} INFO - Started process (PID=8572) to work on /home/nord/venv/lib/python3.8/site-packages/airflow/example_dags/example_branch_datetime_operator.py
[2025-02-15T20:00:12.434+0100] {processor.py:830} INFO - Processing file /home/nord/venv/lib/python3.8/site-packages/airflow/example_dags/example_branch_datetime_operator.py for tasks to queue
[2025-02-15T20:00:12.441+0100] {logging_mixin.py:188} INFO - [2025-02-15T20:00:12.438+0100] {dagbag.py:538} INFO - Filling up the DagBag from /home/nord/venv/lib/python3.8/site-packages/airflow/example_dags/example_branch_datetime_operator.py
[2025-02-15T20:00:12.534+0100] {processor.py:840} INFO - DAG(s) 'example_branch_datetime_operator', 'example_branch_datetime_operator_3', 'example_branch_datetime_operator_2' retrieved from /home/nord/venv/lib/python3.8/site-packages/airflow/example_dags/example_branch_datetime_operator.py
[2025-02-15T20:00:12.629+0100] {logging_mixin.py:188} INFO - [2025-02-15T20:00:12.628+0100] {dag.py:3036} INFO - Sync 3 DAGs
[2025-02-15T20:00:12.676+0100] {logging_mixin.py:188} INFO - [2025-02-15T20:00:12.675+0100] {dag.py:3823} INFO - Setting next_dagrun for example_branch_datetime_operator to 2025-02-14 00:00:00+00:00, run_after=2025-02-15 00:00:00+00:00
[2025-02-15T20:00:12.685+0100] {logging_mixin.py:188} INFO - [2025-02-15T20:00:12.685+0100] {dag.py:3823} INFO - Setting next_dagrun for example_branch_datetime_operator_2 to 2025-02-14 00:00:00+00:00, run_after=2025-02-15 00:00:00+00:00
[2025-02-15T20:00:12.693+0100] {logging_mixin.py:188} INFO - [2025-02-15T20:00:12.693+0100] {dag.py:3823} INFO - Setting next_dagrun for example_branch_datetime_operator_3 to 2025-02-14 00:00:00+00:00, run_after=2025-02-15 00:00:00+00:00
[2025-02-15T20:00:12.740+0100] {processor.py:183} INFO - Processing /home/nord/venv/lib/python3.8/site-packages/airflow/example_dags/example_branch_datetime_operator.py took 0.332 seconds
[2025-02-15T20:01:22.872+0100] {processor.py:161} INFO - Started process (PID=8625) to work on /home/nord/venv/lib/python3.8/site-packages/airflow/example_dags/example_branch_datetime_operator.py
[2025-02-15T20:01:22.880+0100] {processor.py:830} INFO - Processing file /home/nord/venv/lib/python3.8/site-packages/airflow/example_dags/example_branch_datetime_operator.py for tasks to queue
[2025-02-15T20:01:22.886+0100] {logging_mixin.py:188} INFO - [2025-02-15T20:01:22.883+0100] {dagbag.py:538} INFO - Filling up the DagBag from /home/nord/venv/lib/python3.8/site-packages/airflow/example_dags/example_branch_datetime_operator.py
[2025-02-15T20:01:22.944+0100] {processor.py:840} INFO - DAG(s) 'example_branch_datetime_operator', 'example_branch_datetime_operator_2', 'example_branch_datetime_operator_3' retrieved from /home/nord/venv/lib/python3.8/site-packages/airflow/example_dags/example_branch_datetime_operator.py
[2025-02-15T20:01:23.068+0100] {logging_mixin.py:188} INFO - [2025-02-15T20:01:23.066+0100] {dag.py:3036} INFO - Sync 3 DAGs
[2025-02-15T20:01:23.153+0100] {logging_mixin.py:188} INFO - [2025-02-15T20:01:23.153+0100] {dag.py:3823} INFO - Setting next_dagrun for example_branch_datetime_operator to 2025-02-14 00:00:00+00:00, run_after=2025-02-15 00:00:00+00:00
[2025-02-15T20:01:23.163+0100] {logging_mixin.py:188} INFO - [2025-02-15T20:01:23.162+0100] {dag.py:3823} INFO - Setting next_dagrun for example_branch_datetime_operator_2 to 2025-02-14 00:00:00+00:00, run_after=2025-02-15 00:00:00+00:00
[2025-02-15T20:01:23.169+0100] {logging_mixin.py:188} INFO - [2025-02-15T20:01:23.168+0100] {dag.py:3823} INFO - Setting next_dagrun for example_branch_datetime_operator_3 to 2025-02-14 00:00:00+00:00, run_after=2025-02-15 00:00:00+00:00
[2025-02-15T20:01:23.223+0100] {processor.py:183} INFO - Processing /home/nord/venv/lib/python3.8/site-packages/airflow/example_dags/example_branch_datetime_operator.py took 0.367 seconds
[2025-02-15T20:02:28.885+0100] {processor.py:161} INFO - Started process (PID=8697) to work on /home/nord/venv/lib/python3.8/site-packages/airflow/example_dags/example_branch_datetime_operator.py
[2025-02-15T20:02:28.890+0100] {processor.py:830} INFO - Processing file /home/nord/venv/lib/python3.8/site-packages/airflow/example_dags/example_branch_datetime_operator.py for tasks to queue
[2025-02-15T20:02:28.894+0100] {logging_mixin.py:188} INFO - [2025-02-15T20:02:28.892+0100] {dagbag.py:538} INFO - Filling up the DagBag from /home/nord/venv/lib/python3.8/site-packages/airflow/example_dags/example_branch_datetime_operator.py
[2025-02-15T20:02:28.943+0100] {processor.py:840} INFO - DAG(s) 'example_branch_datetime_operator_3', 'example_branch_datetime_operator', 'example_branch_datetime_operator_2' retrieved from /home/nord/venv/lib/python3.8/site-packages/airflow/example_dags/example_branch_datetime_operator.py
[2025-02-15T20:02:29.024+0100] {logging_mixin.py:188} INFO - [2025-02-15T20:02:29.024+0100] {dag.py:3036} INFO - Sync 3 DAGs
[2025-02-15T20:02:29.089+0100] {logging_mixin.py:188} INFO - [2025-02-15T20:02:29.088+0100] {dag.py:3823} INFO - Setting next_dagrun for example_branch_datetime_operator to 2025-02-14 00:00:00+00:00, run_after=2025-02-15 00:00:00+00:00
[2025-02-15T20:02:29.104+0100] {logging_mixin.py:188} INFO - [2025-02-15T20:02:29.104+0100] {dag.py:3823} INFO - Setting next_dagrun for example_branch_datetime_operator_2 to 2025-02-14 00:00:00+00:00, run_after=2025-02-15 00:00:00+00:00
[2025-02-15T20:02:29.112+0100] {logging_mixin.py:188} INFO - [2025-02-15T20:02:29.112+0100] {dag.py:3823} INFO - Setting next_dagrun for example_branch_datetime_operator_3 to 2025-02-14 00:00:00+00:00, run_after=2025-02-15 00:00:00+00:00
[2025-02-15T20:02:29.174+0100] {processor.py:183} INFO - Processing /home/nord/venv/lib/python3.8/site-packages/airflow/example_dags/example_branch_datetime_operator.py took 0.303 seconds
[2025-02-15T20:03:33.551+0100] {processor.py:161} INFO - Started process (PID=8749) to work on /home/nord/venv/lib/python3.8/site-packages/airflow/example_dags/example_branch_datetime_operator.py
[2025-02-15T20:03:33.556+0100] {processor.py:830} INFO - Processing file /home/nord/venv/lib/python3.8/site-packages/airflow/example_dags/example_branch_datetime_operator.py for tasks to queue
[2025-02-15T20:03:33.560+0100] {logging_mixin.py:188} INFO - [2025-02-15T20:03:33.559+0100] {dagbag.py:538} INFO - Filling up the DagBag from /home/nord/venv/lib/python3.8/site-packages/airflow/example_dags/example_branch_datetime_operator.py
[2025-02-15T20:03:33.605+0100] {processor.py:840} INFO - DAG(s) 'example_branch_datetime_operator_3', 'example_branch_datetime_operator', 'example_branch_datetime_operator_2' retrieved from /home/nord/venv/lib/python3.8/site-packages/airflow/example_dags/example_branch_datetime_operator.py
[2025-02-15T20:03:33.691+0100] {logging_mixin.py:188} INFO - [2025-02-15T20:03:33.690+0100] {dag.py:3036} INFO - Sync 3 DAGs
[2025-02-15T20:03:33.738+0100] {logging_mixin.py:188} INFO - [2025-02-15T20:03:33.737+0100] {dag.py:3823} INFO - Setting next_dagrun for example_branch_datetime_operator to 2025-02-14 00:00:00+00:00, run_after=2025-02-15 00:00:00+00:00
[2025-02-15T20:03:33.748+0100] {logging_mixin.py:188} INFO - [2025-02-15T20:03:33.747+0100] {dag.py:3823} INFO - Setting next_dagrun for example_branch_datetime_operator_2 to 2025-02-14 00:00:00+00:00, run_after=2025-02-15 00:00:00+00:00
[2025-02-15T20:03:33.753+0100] {logging_mixin.py:188} INFO - [2025-02-15T20:03:33.753+0100] {dag.py:3823} INFO - Setting next_dagrun for example_branch_datetime_operator_3 to 2025-02-14 00:00:00+00:00, run_after=2025-02-15 00:00:00+00:00
[2025-02-15T20:03:33.800+0100] {processor.py:183} INFO - Processing /home/nord/venv/lib/python3.8/site-packages/airflow/example_dags/example_branch_datetime_operator.py took 0.263 seconds
[2025-02-15T20:04:44.424+0100] {processor.py:161} INFO - Started process (PID=8824) to work on /home/nord/venv/lib/python3.8/site-packages/airflow/example_dags/example_branch_datetime_operator.py
[2025-02-15T20:04:44.429+0100] {processor.py:830} INFO - Processing file /home/nord/venv/lib/python3.8/site-packages/airflow/example_dags/example_branch_datetime_operator.py for tasks to queue
[2025-02-15T20:04:44.432+0100] {logging_mixin.py:188} INFO - [2025-02-15T20:04:44.431+0100] {dagbag.py:538} INFO - Filling up the DagBag from /home/nord/venv/lib/python3.8/site-packages/airflow/example_dags/example_branch_datetime_operator.py
[2025-02-15T20:04:44.474+0100] {processor.py:840} INFO - DAG(s) 'example_branch_datetime_operator_3', 'example_branch_datetime_operator_2', 'example_branch_datetime_operator' retrieved from /home/nord/venv/lib/python3.8/site-packages/airflow/example_dags/example_branch_datetime_operator.py
[2025-02-15T20:04:44.518+0100] {logging_mixin.py:188} INFO - [2025-02-15T20:04:44.517+0100] {dag.py:3036} INFO - Sync 3 DAGs
[2025-02-15T20:04:44.541+0100] {logging_mixin.py:188} INFO - [2025-02-15T20:04:44.541+0100] {dag.py:3823} INFO - Setting next_dagrun for example_branch_datetime_operator to 2025-02-14 00:00:00+00:00, run_after=2025-02-15 00:00:00+00:00
[2025-02-15T20:04:44.546+0100] {logging_mixin.py:188} INFO - [2025-02-15T20:04:44.546+0100] {dag.py:3823} INFO - Setting next_dagrun for example_branch_datetime_operator_2 to 2025-02-14 00:00:00+00:00, run_after=2025-02-15 00:00:00+00:00
[2025-02-15T20:04:44.549+0100] {logging_mixin.py:188} INFO - [2025-02-15T20:04:44.548+0100] {dag.py:3823} INFO - Setting next_dagrun for example_branch_datetime_operator_3 to 2025-02-14 00:00:00+00:00, run_after=2025-02-15 00:00:00+00:00
[2025-02-15T20:04:44.581+0100] {processor.py:183} INFO - Processing /home/nord/venv/lib/python3.8/site-packages/airflow/example_dags/example_branch_datetime_operator.py took 0.169 seconds
