[2025-02-15T19:48:42.039+0100] {processor.py:161} INFO - Started process (PID=7970) to work on /home/nord/venv/lib/python3.8/site-packages/airflow/example_dags/example_kubernetes_executor.py
[2025-02-15T19:48:42.041+0100] {processor.py:830} INFO - Processing file /home/nord/venv/lib/python3.8/site-packages/airflow/example_dags/example_kubernetes_executor.py for tasks to queue
[2025-02-15T19:48:42.044+0100] {logging_mixin.py:188} INFO - [2025-02-15T19:48:42.043+0100] {dagbag.py:538} INFO - Filling up the DagBag from /home/nord/venv/lib/python3.8/site-packages/airflow/example_dags/example_kubernetes_executor.py
[2025-02-15T19:48:42.054+0100] {logging_mixin.py:188} INFO - [2025-02-15T19:48:42.054+0100] {example_kubernetes_executor.py:38} WARNING - The example_kubernetes_executor example DAG requires the kubernetes provider. Please install it with: pip install apache-airflow[cncf.kubernetes]
[2025-02-15T19:48:42.055+0100] {processor.py:842} WARNING - No viable dags retrieved from /home/nord/venv/lib/python3.8/site-packages/airflow/example_dags/example_kubernetes_executor.py
[2025-02-15T19:48:42.095+0100] {processor.py:183} INFO - Processing /home/nord/venv/lib/python3.8/site-packages/airflow/example_dags/example_kubernetes_executor.py took 0.066 seconds
[2025-02-15T19:49:54.627+0100] {processor.py:161} INFO - Started process (PID=8041) to work on /home/nord/venv/lib/python3.8/site-packages/airflow/example_dags/example_kubernetes_executor.py
[2025-02-15T19:49:54.632+0100] {processor.py:830} INFO - Processing file /home/nord/venv/lib/python3.8/site-packages/airflow/example_dags/example_kubernetes_executor.py for tasks to queue
[2025-02-15T19:49:54.634+0100] {logging_mixin.py:188} INFO - [2025-02-15T19:49:54.633+0100] {dagbag.py:538} INFO - Filling up the DagBag from /home/nord/venv/lib/python3.8/site-packages/airflow/example_dags/example_kubernetes_executor.py
[2025-02-15T19:49:54.659+0100] {logging_mixin.py:188} INFO - [2025-02-15T19:49:54.659+0100] {example_kubernetes_executor.py:38} WARNING - The example_kubernetes_executor example DAG requires the kubernetes provider. Please install it with: pip install apache-airflow[cncf.kubernetes]
[2025-02-15T19:49:54.660+0100] {processor.py:842} WARNING - No viable dags retrieved from /home/nord/venv/lib/python3.8/site-packages/airflow/example_dags/example_kubernetes_executor.py
[2025-02-15T19:49:54.723+0100] {processor.py:183} INFO - Processing /home/nord/venv/lib/python3.8/site-packages/airflow/example_dags/example_kubernetes_executor.py took 0.113 seconds
[2025-02-15T19:50:32.148+0100] {processor.py:161} INFO - Started process (PID=8079) to work on /home/nord/venv/lib/python3.8/site-packages/airflow/example_dags/example_kubernetes_executor.py
[2025-02-15T19:50:32.154+0100] {processor.py:830} INFO - Processing file /home/nord/venv/lib/python3.8/site-packages/airflow/example_dags/example_kubernetes_executor.py for tasks to queue
[2025-02-15T19:50:32.155+0100] {logging_mixin.py:188} INFO - [2025-02-15T19:50:32.155+0100] {dagbag.py:538} INFO - Filling up the DagBag from /home/nord/venv/lib/python3.8/site-packages/airflow/example_dags/example_kubernetes_executor.py
[2025-02-15T19:50:32.162+0100] {logging_mixin.py:188} INFO - [2025-02-15T19:50:32.161+0100] {example_kubernetes_executor.py:38} WARNING - The example_kubernetes_executor example DAG requires the kubernetes provider. Please install it with: pip install apache-airflow[cncf.kubernetes]
[2025-02-15T19:50:32.162+0100] {processor.py:842} WARNING - No viable dags retrieved from /home/nord/venv/lib/python3.8/site-packages/airflow/example_dags/example_kubernetes_executor.py
[2025-02-15T19:50:32.196+0100] {processor.py:183} INFO - Processing /home/nord/venv/lib/python3.8/site-packages/airflow/example_dags/example_kubernetes_executor.py took 0.056 seconds
[2025-02-15T19:51:09.111+0100] {processor.py:161} INFO - Started process (PID=8112) to work on /home/nord/venv/lib/python3.8/site-packages/airflow/example_dags/example_kubernetes_executor.py
[2025-02-15T19:51:09.114+0100] {processor.py:830} INFO - Processing file /home/nord/venv/lib/python3.8/site-packages/airflow/example_dags/example_kubernetes_executor.py for tasks to queue
[2025-02-15T19:51:09.116+0100] {logging_mixin.py:188} INFO - [2025-02-15T19:51:09.115+0100] {dagbag.py:538} INFO - Filling up the DagBag from /home/nord/venv/lib/python3.8/site-packages/airflow/example_dags/example_kubernetes_executor.py
[2025-02-15T19:51:09.122+0100] {logging_mixin.py:188} INFO - [2025-02-15T19:51:09.121+0100] {example_kubernetes_executor.py:38} WARNING - The example_kubernetes_executor example DAG requires the kubernetes provider. Please install it with: pip install apache-airflow[cncf.kubernetes]
[2025-02-15T19:51:09.122+0100] {processor.py:842} WARNING - No viable dags retrieved from /home/nord/venv/lib/python3.8/site-packages/airflow/example_dags/example_kubernetes_executor.py
[2025-02-15T19:51:09.136+0100] {processor.py:183} INFO - Processing /home/nord/venv/lib/python3.8/site-packages/airflow/example_dags/example_kubernetes_executor.py took 0.030 seconds
[2025-02-15T19:51:44.234+0100] {processor.py:161} INFO - Started process (PID=8141) to work on /home/nord/venv/lib/python3.8/site-packages/airflow/example_dags/example_kubernetes_executor.py
[2025-02-15T19:51:44.242+0100] {processor.py:830} INFO - Processing file /home/nord/venv/lib/python3.8/site-packages/airflow/example_dags/example_kubernetes_executor.py for tasks to queue
[2025-02-15T19:51:44.247+0100] {logging_mixin.py:188} INFO - [2025-02-15T19:51:44.245+0100] {dagbag.py:538} INFO - Filling up the DagBag from /home/nord/venv/lib/python3.8/site-packages/airflow/example_dags/example_kubernetes_executor.py
[2025-02-15T19:51:44.266+0100] {logging_mixin.py:188} INFO - [2025-02-15T19:51:44.264+0100] {example_kubernetes_executor.py:38} WARNING - The example_kubernetes_executor example DAG requires the kubernetes provider. Please install it with: pip install apache-airflow[cncf.kubernetes]
[2025-02-15T19:51:44.268+0100] {processor.py:842} WARNING - No viable dags retrieved from /home/nord/venv/lib/python3.8/site-packages/airflow/example_dags/example_kubernetes_executor.py
[2025-02-15T19:51:44.333+0100] {processor.py:183} INFO - Processing /home/nord/venv/lib/python3.8/site-packages/airflow/example_dags/example_kubernetes_executor.py took 0.123 seconds
[2025-02-15T19:52:50.049+0100] {processor.py:161} INFO - Started process (PID=8194) to work on /home/nord/venv/lib/python3.8/site-packages/airflow/example_dags/example_kubernetes_executor.py
[2025-02-15T19:52:50.055+0100] {processor.py:830} INFO - Processing file /home/nord/venv/lib/python3.8/site-packages/airflow/example_dags/example_kubernetes_executor.py for tasks to queue
[2025-02-15T19:52:50.060+0100] {logging_mixin.py:188} INFO - [2025-02-15T19:52:50.057+0100] {dagbag.py:538} INFO - Filling up the DagBag from /home/nord/venv/lib/python3.8/site-packages/airflow/example_dags/example_kubernetes_executor.py
[2025-02-15T19:52:50.074+0100] {logging_mixin.py:188} INFO - [2025-02-15T19:52:50.073+0100] {example_kubernetes_executor.py:38} WARNING - The example_kubernetes_executor example DAG requires the kubernetes provider. Please install it with: pip install apache-airflow[cncf.kubernetes]
[2025-02-15T19:52:50.075+0100] {processor.py:842} WARNING - No viable dags retrieved from /home/nord/venv/lib/python3.8/site-packages/airflow/example_dags/example_kubernetes_executor.py
[2025-02-15T19:52:50.126+0100] {processor.py:183} INFO - Processing /home/nord/venv/lib/python3.8/site-packages/airflow/example_dags/example_kubernetes_executor.py took 0.093 seconds
[2025-02-15T19:53:57.618+0100] {processor.py:161} INFO - Started process (PID=8261) to work on /home/nord/venv/lib/python3.8/site-packages/airflow/example_dags/example_kubernetes_executor.py
[2025-02-15T19:53:57.631+0100] {processor.py:830} INFO - Processing file /home/nord/venv/lib/python3.8/site-packages/airflow/example_dags/example_kubernetes_executor.py for tasks to queue
[2025-02-15T19:53:57.636+0100] {logging_mixin.py:188} INFO - [2025-02-15T19:53:57.634+0100] {dagbag.py:538} INFO - Filling up the DagBag from /home/nord/venv/lib/python3.8/site-packages/airflow/example_dags/example_kubernetes_executor.py
[2025-02-15T19:53:57.651+0100] {logging_mixin.py:188} INFO - [2025-02-15T19:53:57.650+0100] {example_kubernetes_executor.py:38} WARNING - The example_kubernetes_executor example DAG requires the kubernetes provider. Please install it with: pip install apache-airflow[cncf.kubernetes]
[2025-02-15T19:53:57.653+0100] {processor.py:842} WARNING - No viable dags retrieved from /home/nord/venv/lib/python3.8/site-packages/airflow/example_dags/example_kubernetes_executor.py
[2025-02-15T19:53:57.698+0100] {processor.py:183} INFO - Processing /home/nord/venv/lib/python3.8/site-packages/airflow/example_dags/example_kubernetes_executor.py took 0.096 seconds
[2025-02-15T19:55:02.465+0100] {processor.py:161} INFO - Started process (PID=8311) to work on /home/nord/venv/lib/python3.8/site-packages/airflow/example_dags/example_kubernetes_executor.py
[2025-02-15T19:55:02.472+0100] {processor.py:830} INFO - Processing file /home/nord/venv/lib/python3.8/site-packages/airflow/example_dags/example_kubernetes_executor.py for tasks to queue
[2025-02-15T19:55:02.478+0100] {logging_mixin.py:188} INFO - [2025-02-15T19:55:02.475+0100] {dagbag.py:538} INFO - Filling up the DagBag from /home/nord/venv/lib/python3.8/site-packages/airflow/example_dags/example_kubernetes_executor.py
[2025-02-15T19:55:02.497+0100] {logging_mixin.py:188} INFO - [2025-02-15T19:55:02.496+0100] {example_kubernetes_executor.py:38} WARNING - The example_kubernetes_executor example DAG requires the kubernetes provider. Please install it with: pip install apache-airflow[cncf.kubernetes]
[2025-02-15T19:55:02.499+0100] {processor.py:842} WARNING - No viable dags retrieved from /home/nord/venv/lib/python3.8/site-packages/airflow/example_dags/example_kubernetes_executor.py
[2025-02-15T19:55:02.559+0100] {processor.py:183} INFO - Processing /home/nord/venv/lib/python3.8/site-packages/airflow/example_dags/example_kubernetes_executor.py took 0.118 seconds
[2025-02-15T19:56:07.607+0100] {processor.py:161} INFO - Started process (PID=8364) to work on /home/nord/venv/lib/python3.8/site-packages/airflow/example_dags/example_kubernetes_executor.py
[2025-02-15T19:56:07.612+0100] {processor.py:830} INFO - Processing file /home/nord/venv/lib/python3.8/site-packages/airflow/example_dags/example_kubernetes_executor.py for tasks to queue
[2025-02-15T19:56:07.616+0100] {logging_mixin.py:188} INFO - [2025-02-15T19:56:07.615+0100] {dagbag.py:538} INFO - Filling up the DagBag from /home/nord/venv/lib/python3.8/site-packages/airflow/example_dags/example_kubernetes_executor.py
[2025-02-15T19:56:07.631+0100] {logging_mixin.py:188} INFO - [2025-02-15T19:56:07.630+0100] {example_kubernetes_executor.py:38} WARNING - The example_kubernetes_executor example DAG requires the kubernetes provider. Please install it with: pip install apache-airflow[cncf.kubernetes]
[2025-02-15T19:56:07.632+0100] {processor.py:842} WARNING - No viable dags retrieved from /home/nord/venv/lib/python3.8/site-packages/airflow/example_dags/example_kubernetes_executor.py
[2025-02-15T19:56:07.682+0100] {processor.py:183} INFO - Processing /home/nord/venv/lib/python3.8/site-packages/airflow/example_dags/example_kubernetes_executor.py took 0.093 seconds
[2025-02-15T19:57:11.180+0100] {processor.py:161} INFO - Started process (PID=8418) to work on /home/nord/venv/lib/python3.8/site-packages/airflow/example_dags/example_kubernetes_executor.py
[2025-02-15T19:57:11.183+0100] {processor.py:830} INFO - Processing file /home/nord/venv/lib/python3.8/site-packages/airflow/example_dags/example_kubernetes_executor.py for tasks to queue
[2025-02-15T19:57:11.186+0100] {logging_mixin.py:188} INFO - [2025-02-15T19:57:11.184+0100] {dagbag.py:538} INFO - Filling up the DagBag from /home/nord/venv/lib/python3.8/site-packages/airflow/example_dags/example_kubernetes_executor.py
[2025-02-15T19:57:11.198+0100] {logging_mixin.py:188} INFO - [2025-02-15T19:57:11.198+0100] {example_kubernetes_executor.py:38} WARNING - The example_kubernetes_executor example DAG requires the kubernetes provider. Please install it with: pip install apache-airflow[cncf.kubernetes]
[2025-02-15T19:57:11.199+0100] {processor.py:842} WARNING - No viable dags retrieved from /home/nord/venv/lib/python3.8/site-packages/airflow/example_dags/example_kubernetes_executor.py
[2025-02-15T19:57:11.245+0100] {processor.py:183} INFO - Processing /home/nord/venv/lib/python3.8/site-packages/airflow/example_dags/example_kubernetes_executor.py took 0.077 seconds
[2025-02-15T19:58:10.302+0100] {processor.py:161} INFO - Started process (PID=8470) to work on /home/nord/venv/lib/python3.8/site-packages/airflow/example_dags/example_kubernetes_executor.py
[2025-02-15T19:58:10.308+0100] {processor.py:830} INFO - Processing file /home/nord/venv/lib/python3.8/site-packages/airflow/example_dags/example_kubernetes_executor.py for tasks to queue
[2025-02-15T19:58:10.311+0100] {logging_mixin.py:188} INFO - [2025-02-15T19:58:10.310+0100] {dagbag.py:538} INFO - Filling up the DagBag from /home/nord/venv/lib/python3.8/site-packages/airflow/example_dags/example_kubernetes_executor.py
[2025-02-15T19:58:10.318+0100] {logging_mixin.py:188} INFO - [2025-02-15T19:58:10.318+0100] {example_kubernetes_executor.py:38} WARNING - The example_kubernetes_executor example DAG requires the kubernetes provider. Please install it with: pip install apache-airflow[cncf.kubernetes]
[2025-02-15T19:58:10.319+0100] {processor.py:842} WARNING - No viable dags retrieved from /home/nord/venv/lib/python3.8/site-packages/airflow/example_dags/example_kubernetes_executor.py
[2025-02-15T19:58:10.353+0100] {processor.py:183} INFO - Processing /home/nord/venv/lib/python3.8/site-packages/airflow/example_dags/example_kubernetes_executor.py took 0.065 seconds
[2025-02-15T19:59:04.516+0100] {processor.py:161} INFO - Started process (PID=8516) to work on /home/nord/venv/lib/python3.8/site-packages/airflow/example_dags/example_kubernetes_executor.py
[2025-02-15T19:59:04.528+0100] {processor.py:830} INFO - Processing file /home/nord/venv/lib/python3.8/site-packages/airflow/example_dags/example_kubernetes_executor.py for tasks to queue
[2025-02-15T19:59:04.533+0100] {logging_mixin.py:188} INFO - [2025-02-15T19:59:04.530+0100] {dagbag.py:538} INFO - Filling up the DagBag from /home/nord/venv/lib/python3.8/site-packages/airflow/example_dags/example_kubernetes_executor.py
[2025-02-15T19:59:04.555+0100] {logging_mixin.py:188} INFO - [2025-02-15T19:59:04.554+0100] {example_kubernetes_executor.py:38} WARNING - The example_kubernetes_executor example DAG requires the kubernetes provider. Please install it with: pip install apache-airflow[cncf.kubernetes]
[2025-02-15T19:59:04.557+0100] {processor.py:842} WARNING - No viable dags retrieved from /home/nord/venv/lib/python3.8/site-packages/airflow/example_dags/example_kubernetes_executor.py
[2025-02-15T19:59:04.605+0100] {processor.py:183} INFO - Processing /home/nord/venv/lib/python3.8/site-packages/airflow/example_dags/example_kubernetes_executor.py took 0.106 seconds
[2025-02-15T20:00:01.813+0100] {processor.py:161} INFO - Started process (PID=8564) to work on /home/nord/venv/lib/python3.8/site-packages/airflow/example_dags/example_kubernetes_executor.py
[2025-02-15T20:00:01.820+0100] {processor.py:830} INFO - Processing file /home/nord/venv/lib/python3.8/site-packages/airflow/example_dags/example_kubernetes_executor.py for tasks to queue
[2025-02-15T20:00:01.822+0100] {logging_mixin.py:188} INFO - [2025-02-15T20:00:01.821+0100] {dagbag.py:538} INFO - Filling up the DagBag from /home/nord/venv/lib/python3.8/site-packages/airflow/example_dags/example_kubernetes_executor.py
[2025-02-15T20:00:01.828+0100] {logging_mixin.py:188} INFO - [2025-02-15T20:00:01.827+0100] {example_kubernetes_executor.py:38} WARNING - The example_kubernetes_executor example DAG requires the kubernetes provider. Please install it with: pip install apache-airflow[cncf.kubernetes]
[2025-02-15T20:00:01.829+0100] {processor.py:842} WARNING - No viable dags retrieved from /home/nord/venv/lib/python3.8/site-packages/airflow/example_dags/example_kubernetes_executor.py
[2025-02-15T20:00:01.852+0100] {processor.py:183} INFO - Processing /home/nord/venv/lib/python3.8/site-packages/airflow/example_dags/example_kubernetes_executor.py took 0.045 seconds
[2025-02-15T20:00:38.538+0100] {processor.py:161} INFO - Started process (PID=8591) to work on /home/nord/venv/lib/python3.8/site-packages/airflow/example_dags/example_kubernetes_executor.py
[2025-02-15T20:00:38.541+0100] {processor.py:830} INFO - Processing file /home/nord/venv/lib/python3.8/site-packages/airflow/example_dags/example_kubernetes_executor.py for tasks to queue
[2025-02-15T20:00:38.542+0100] {logging_mixin.py:188} INFO - [2025-02-15T20:00:38.542+0100] {dagbag.py:538} INFO - Filling up the DagBag from /home/nord/venv/lib/python3.8/site-packages/airflow/example_dags/example_kubernetes_executor.py
[2025-02-15T20:00:38.550+0100] {logging_mixin.py:188} INFO - [2025-02-15T20:00:38.549+0100] {example_kubernetes_executor.py:38} WARNING - The example_kubernetes_executor example DAG requires the kubernetes provider. Please install it with: pip install apache-airflow[cncf.kubernetes]
[2025-02-15T20:00:38.550+0100] {processor.py:842} WARNING - No viable dags retrieved from /home/nord/venv/lib/python3.8/site-packages/airflow/example_dags/example_kubernetes_executor.py
[2025-02-15T20:00:38.571+0100] {processor.py:183} INFO - Processing /home/nord/venv/lib/python3.8/site-packages/airflow/example_dags/example_kubernetes_executor.py took 0.040 seconds
[2025-02-15T20:01:13.562+0100] {processor.py:161} INFO - Started process (PID=8618) to work on /home/nord/venv/lib/python3.8/site-packages/airflow/example_dags/example_kubernetes_executor.py
[2025-02-15T20:01:13.568+0100] {processor.py:830} INFO - Processing file /home/nord/venv/lib/python3.8/site-packages/airflow/example_dags/example_kubernetes_executor.py for tasks to queue
[2025-02-15T20:01:13.573+0100] {logging_mixin.py:188} INFO - [2025-02-15T20:01:13.571+0100] {dagbag.py:538} INFO - Filling up the DagBag from /home/nord/venv/lib/python3.8/site-packages/airflow/example_dags/example_kubernetes_executor.py
[2025-02-15T20:01:13.590+0100] {logging_mixin.py:188} INFO - [2025-02-15T20:01:13.589+0100] {example_kubernetes_executor.py:38} WARNING - The example_kubernetes_executor example DAG requires the kubernetes provider. Please install it with: pip install apache-airflow[cncf.kubernetes]
[2025-02-15T20:01:13.591+0100] {processor.py:842} WARNING - No viable dags retrieved from /home/nord/venv/lib/python3.8/site-packages/airflow/example_dags/example_kubernetes_executor.py
[2025-02-15T20:01:13.681+0100] {processor.py:183} INFO - Processing /home/nord/venv/lib/python3.8/site-packages/airflow/example_dags/example_kubernetes_executor.py took 0.137 seconds
[2025-02-15T20:02:20.309+0100] {processor.py:161} INFO - Started process (PID=8689) to work on /home/nord/venv/lib/python3.8/site-packages/airflow/example_dags/example_kubernetes_executor.py
[2025-02-15T20:02:20.315+0100] {processor.py:830} INFO - Processing file /home/nord/venv/lib/python3.8/site-packages/airflow/example_dags/example_kubernetes_executor.py for tasks to queue
[2025-02-15T20:02:20.320+0100] {logging_mixin.py:188} INFO - [2025-02-15T20:02:20.318+0100] {dagbag.py:538} INFO - Filling up the DagBag from /home/nord/venv/lib/python3.8/site-packages/airflow/example_dags/example_kubernetes_executor.py
[2025-02-15T20:02:20.335+0100] {logging_mixin.py:188} INFO - [2025-02-15T20:02:20.335+0100] {example_kubernetes_executor.py:38} WARNING - The example_kubernetes_executor example DAG requires the kubernetes provider. Please install it with: pip install apache-airflow[cncf.kubernetes]
[2025-02-15T20:02:20.337+0100] {processor.py:842} WARNING - No viable dags retrieved from /home/nord/venv/lib/python3.8/site-packages/airflow/example_dags/example_kubernetes_executor.py
[2025-02-15T20:02:20.368+0100] {processor.py:183} INFO - Processing /home/nord/venv/lib/python3.8/site-packages/airflow/example_dags/example_kubernetes_executor.py took 0.075 seconds
[2025-02-15T20:03:23.617+0100] {processor.py:161} INFO - Started process (PID=8741) to work on /home/nord/venv/lib/python3.8/site-packages/airflow/example_dags/example_kubernetes_executor.py
[2025-02-15T20:03:23.621+0100] {processor.py:830} INFO - Processing file /home/nord/venv/lib/python3.8/site-packages/airflow/example_dags/example_kubernetes_executor.py for tasks to queue
[2025-02-15T20:03:23.624+0100] {logging_mixin.py:188} INFO - [2025-02-15T20:03:23.623+0100] {dagbag.py:538} INFO - Filling up the DagBag from /home/nord/venv/lib/python3.8/site-packages/airflow/example_dags/example_kubernetes_executor.py
[2025-02-15T20:03:23.634+0100] {logging_mixin.py:188} INFO - [2025-02-15T20:03:23.634+0100] {example_kubernetes_executor.py:38} WARNING - The example_kubernetes_executor example DAG requires the kubernetes provider. Please install it with: pip install apache-airflow[cncf.kubernetes]
[2025-02-15T20:03:23.635+0100] {processor.py:842} WARNING - No viable dags retrieved from /home/nord/venv/lib/python3.8/site-packages/airflow/example_dags/example_kubernetes_executor.py
[2025-02-15T20:03:23.662+0100] {processor.py:183} INFO - Processing /home/nord/venv/lib/python3.8/site-packages/airflow/example_dags/example_kubernetes_executor.py took 0.058 seconds
[2025-02-15T20:03:59.650+0100] {processor.py:161} INFO - Started process (PID=8781) to work on /home/nord/venv/lib/python3.8/site-packages/airflow/example_dags/example_kubernetes_executor.py
[2025-02-15T20:03:59.656+0100] {processor.py:830} INFO - Processing file /home/nord/venv/lib/python3.8/site-packages/airflow/example_dags/example_kubernetes_executor.py for tasks to queue
[2025-02-15T20:03:59.664+0100] {logging_mixin.py:188} INFO - [2025-02-15T20:03:59.662+0100] {dagbag.py:538} INFO - Filling up the DagBag from /home/nord/venv/lib/python3.8/site-packages/airflow/example_dags/example_kubernetes_executor.py
[2025-02-15T20:03:59.684+0100] {logging_mixin.py:188} INFO - [2025-02-15T20:03:59.682+0100] {example_kubernetes_executor.py:38} WARNING - The example_kubernetes_executor example DAG requires the kubernetes provider. Please install it with: pip install apache-airflow[cncf.kubernetes]
[2025-02-15T20:03:59.686+0100] {processor.py:842} WARNING - No viable dags retrieved from /home/nord/venv/lib/python3.8/site-packages/airflow/example_dags/example_kubernetes_executor.py
[2025-02-15T20:03:59.777+0100] {processor.py:183} INFO - Processing /home/nord/venv/lib/python3.8/site-packages/airflow/example_dags/example_kubernetes_executor.py took 0.147 seconds
[2025-02-15T20:04:34.845+0100] {processor.py:161} INFO - Started process (PID=8815) to work on /home/nord/venv/lib/python3.8/site-packages/airflow/example_dags/example_kubernetes_executor.py
[2025-02-15T20:04:34.852+0100] {processor.py:830} INFO - Processing file /home/nord/venv/lib/python3.8/site-packages/airflow/example_dags/example_kubernetes_executor.py for tasks to queue
[2025-02-15T20:04:34.860+0100] {logging_mixin.py:188} INFO - [2025-02-15T20:04:34.857+0100] {dagbag.py:538} INFO - Filling up the DagBag from /home/nord/venv/lib/python3.8/site-packages/airflow/example_dags/example_kubernetes_executor.py
[2025-02-15T20:04:34.888+0100] {logging_mixin.py:188} INFO - [2025-02-15T20:04:34.886+0100] {example_kubernetes_executor.py:38} WARNING - The example_kubernetes_executor example DAG requires the kubernetes provider. Please install it with: pip install apache-airflow[cncf.kubernetes]
[2025-02-15T20:04:34.889+0100] {processor.py:842} WARNING - No viable dags retrieved from /home/nord/venv/lib/python3.8/site-packages/airflow/example_dags/example_kubernetes_executor.py
[2025-02-15T20:04:34.981+0100] {processor.py:183} INFO - Processing /home/nord/venv/lib/python3.8/site-packages/airflow/example_dags/example_kubernetes_executor.py took 0.157 seconds
[2025-02-15T20:05:10.357+0100] {processor.py:161} INFO - Started process (PID=8844) to work on /home/nord/venv/lib/python3.8/site-packages/airflow/example_dags/example_kubernetes_executor.py
[2025-02-15T20:05:10.363+0100] {processor.py:830} INFO - Processing file /home/nord/venv/lib/python3.8/site-packages/airflow/example_dags/example_kubernetes_executor.py for tasks to queue
[2025-02-15T20:05:10.365+0100] {logging_mixin.py:188} INFO - [2025-02-15T20:05:10.364+0100] {dagbag.py:538} INFO - Filling up the DagBag from /home/nord/venv/lib/python3.8/site-packages/airflow/example_dags/example_kubernetes_executor.py
[2025-02-15T20:05:10.374+0100] {logging_mixin.py:188} INFO - [2025-02-15T20:05:10.374+0100] {example_kubernetes_executor.py:38} WARNING - The example_kubernetes_executor example DAG requires the kubernetes provider. Please install it with: pip install apache-airflow[cncf.kubernetes]
[2025-02-15T20:05:10.375+0100] {processor.py:842} WARNING - No viable dags retrieved from /home/nord/venv/lib/python3.8/site-packages/airflow/example_dags/example_kubernetes_executor.py
[2025-02-15T20:05:10.398+0100] {processor.py:183} INFO - Processing /home/nord/venv/lib/python3.8/site-packages/airflow/example_dags/example_kubernetes_executor.py took 0.045 seconds
