[2025-03-16T18:27:08.324+0000] {taskinstance.py:1956} INFO - Dependencies all met for dep_context=non-requeueable deps ti=<TaskInstance: Google_map.transform_phase_2_task manual__2025-03-16T18:22:09.744491+00:00 [queued]>
[2025-03-16T18:27:08.339+0000] {taskinstance.py:1956} INFO - Dependencies all met for dep_context=requeueable deps ti=<TaskInstance: Google_map.transform_phase_2_task manual__2025-03-16T18:22:09.744491+00:00 [queued]>
[2025-03-16T18:27:08.340+0000] {taskinstance.py:2170} INFO - Starting attempt 3 of 4
[2025-03-16T18:27:08.371+0000] {taskinstance.py:2191} INFO - Executing <Task(PythonOperator): transform_phase_2_task> on 2025-03-16 18:22:09.744491+00:00
[2025-03-16T18:27:08.376+0000] {standard_task_runner.py:60} INFO - Started process 176182 to run task
[2025-03-16T18:27:08.382+0000] {standard_task_runner.py:87} INFO - Running: ['airflow', 'tasks', 'run', 'Google_map', 'transform_phase_2_task', 'manual__2025-03-16T18:22:09.744491+00:00', '--job-id', '139', '--raw', '--subdir', 'DAGS_FOLDER/google_map_dag_etl.py', '--cfg-path', '/tmp/tmpakrhpth3']
[2025-03-16T18:27:08.386+0000] {standard_task_runner.py:88} INFO - Job 139: Subtask transform_phase_2_task
[2025-03-16T18:27:08.565+0000] {task_command.py:423} INFO - Running <TaskInstance: Google_map.transform_phase_2_task manual__2025-03-16T18:22:09.744491+00:00 [running]> on host DESKTOP-AVAHALM.
[2025-03-16T18:27:08.789+0000] {taskinstance.py:2480} INFO - Exporting env vars: AIRFLOW_CTX_DAG_OWNER='master_m2si' AIRFLOW_CTX_DAG_ID='Google_map' AIRFLOW_CTX_TASK_ID='transform_phase_2_task' AIRFLOW_CTX_EXECUTION_DATE='2025-03-16T18:22:09.744491+00:00' AIRFLOW_CTX_TRY_NUMBER='3' AIRFLOW_CTX_DAG_RUN_ID='manual__2025-03-16T18:22:09.744491+00:00'
[2025-03-16T18:27:17.990+0000] {logging_mixin.py:188} WARNING - [nltk_data] Downloading package stopwords to /home/nord/nltk_data...
[2025-03-16T18:27:19.031+0000] {logging_mixin.py:188} WARNING - [nltk_data]   Unzipping corpora/stopwords.zip.
[2025-03-16T18:27:23.882+0000] {taskinstance.py:2698} ERROR - Task failed with exception
Traceback (most recent call last):
  File "/home/nord/venv/lib/python3.8/site-packages/airflow/models/taskinstance.py", line 433, in _execute_task
    result = execute_callable(context=context, **execute_callable_kwargs)
  File "/home/nord/venv/lib/python3.8/site-packages/airflow/operators/python.py", line 199, in execute
    return_value = self.execute_callable()
  File "/home/nord/venv/lib/python3.8/site-packages/airflow/operators/python.py", line 216, in execute_callable
    return self.python_callable(*self.op_args, **self.op_kwargs)
  File "/home/nord/airflow/dags/google_map_dag_etl.py", line 51, in <lambda>
    python_callable=lambda: __import__('transform_phase_2').main()
  File "/home/nord/airflow/dags/transform_phase_2.py", line 83, in main
    common_topics = extract_common_topics(df_filtered['review_text'].tolist(), n_topics=5)
  File "/home/nord/airflow/dags/transform_phase_2.py", line 50, in extract_common_topics
    preprocessed_reviews = [preprocess(review) for review in reviews]
  File "/home/nord/airflow/dags/transform_phase_2.py", line 50, in <listcomp>
    preprocessed_reviews = [preprocess(review) for review in reviews]
  File "/home/nord/airflow/dags/transform_phase_2.py", line 42, in preprocess
    tokens = nltk.word_tokenize(text.lower())  # Minuscule et tokenisation
  File "/home/nord/venv/lib/python3.8/site-packages/nltk/tokenize/__init__.py", line 142, in word_tokenize
    sentences = [text] if preserve_line else sent_tokenize(text, language)
  File "/home/nord/venv/lib/python3.8/site-packages/nltk/tokenize/__init__.py", line 119, in sent_tokenize
    tokenizer = _get_punkt_tokenizer(language)
  File "/home/nord/venv/lib/python3.8/site-packages/nltk/tokenize/__init__.py", line 105, in _get_punkt_tokenizer
    return PunktTokenizer(language)
  File "/home/nord/venv/lib/python3.8/site-packages/nltk/tokenize/punkt.py", line 1744, in __init__
    self.load_lang(lang)
  File "/home/nord/venv/lib/python3.8/site-packages/nltk/tokenize/punkt.py", line 1749, in load_lang
    lang_dir = find(f"tokenizers/punkt_tab/{lang}/")
  File "/home/nord/venv/lib/python3.8/site-packages/nltk/data.py", line 579, in find
    raise LookupError(resource_not_found)
LookupError: 
**********************************************************************
  Resource [93mpunkt_tab[0m not found.
  Please use the NLTK Downloader to obtain the resource:

  [31m>>> import nltk
  >>> nltk.download('punkt_tab')
  [0m
  For more information see: https://www.nltk.org/data.html

  Attempted to load [93mtokenizers/punkt_tab/english/[0m

  Searched in:
    - '/home/nord/nltk_data'
    - '/home/nord/venv/nltk_data'
    - '/home/nord/venv/share/nltk_data'
    - '/home/nord/venv/lib/nltk_data'
    - '/usr/share/nltk_data'
    - '/usr/local/share/nltk_data'
    - '/usr/lib/nltk_data'
    - '/usr/local/lib/nltk_data'
**********************************************************************

[2025-03-16T18:27:23.905+0000] {taskinstance.py:1138} INFO - Marking task as UP_FOR_RETRY. dag_id=Google_map, task_id=transform_phase_2_task, execution_date=20250316T182209, start_date=20250316T182708, end_date=20250316T182723
[2025-03-16T18:27:23.928+0000] {standard_task_runner.py:107} ERROR - Failed to execute job 139 for task transform_phase_2_task (
**********************************************************************
  Resource [93mpunkt_tab[0m not found.
  Please use the NLTK Downloader to obtain the resource:

  [31m>>> import nltk
  >>> nltk.download('punkt_tab')
  [0m
  For more information see: https://www.nltk.org/data.html

  Attempted to load [93mtokenizers/punkt_tab/english/[0m

  Searched in:
    - '/home/nord/nltk_data'
    - '/home/nord/venv/nltk_data'
    - '/home/nord/venv/share/nltk_data'
    - '/home/nord/venv/lib/nltk_data'
    - '/usr/share/nltk_data'
    - '/usr/local/share/nltk_data'
    - '/usr/lib/nltk_data'
    - '/usr/local/lib/nltk_data'
**********************************************************************
; 176182)
[2025-03-16T18:27:24.040+0000] {local_task_job_runner.py:234} INFO - Task exited with return code 1
[2025-03-16T18:27:24.094+0000] {taskinstance.py:3280} INFO - 0 downstream tasks scheduled from follow-on schedule check
