[2025-03-21T16:40:20.015+0000] {taskinstance.py:1956} INFO - Dependencies all met for dep_context=non-requeueable deps ti=<TaskInstance: Google_map.transform_phase_1_task manual__2025-03-21T16:40:09.876807+00:00 [queued]>
[2025-03-21T16:40:20.038+0000] {taskinstance.py:1956} INFO - Dependencies all met for dep_context=requeueable deps ti=<TaskInstance: Google_map.transform_phase_1_task manual__2025-03-21T16:40:09.876807+00:00 [queued]>
[2025-03-21T16:40:20.039+0000] {taskinstance.py:2170} INFO - Starting attempt 1 of 2
[2025-03-21T16:40:20.106+0000] {taskinstance.py:2191} INFO - Executing <Task(BashOperator): transform_phase_1_task> on 2025-03-21 16:40:09.876807+00:00
[2025-03-21T16:40:20.127+0000] {standard_task_runner.py:60} INFO - Started process 4596 to run task
[2025-03-21T16:40:20.138+0000] {standard_task_runner.py:87} INFO - Running: ['airflow', 'tasks', 'run', 'Google_map', 'transform_phase_1_task', 'manual__2025-03-21T16:40:09.876807+00:00', '--job-id', '275', '--raw', '--subdir', 'DAGS_FOLDER/google_map_dag_etl.py', '--cfg-path', '/tmp/tmpygxtx2nq']
[2025-03-21T16:40:20.141+0000] {standard_task_runner.py:88} INFO - Job 275: Subtask transform_phase_1_task
[2025-03-21T16:40:20.383+0000] {task_command.py:423} INFO - Running <TaskInstance: Google_map.transform_phase_1_task manual__2025-03-21T16:40:09.876807+00:00 [running]> on host DESKTOP-AVAHALM.
[2025-03-21T16:40:20.736+0000] {taskinstance.py:2480} INFO - Exporting env vars: AIRFLOW_CTX_DAG_OWNER='master_m2si' AIRFLOW_CTX_DAG_ID='Google_map' AIRFLOW_CTX_TASK_ID='transform_phase_1_task' AIRFLOW_CTX_EXECUTION_DATE='2025-03-21T16:40:09.876807+00:00' AIRFLOW_CTX_TRY_NUMBER='1' AIRFLOW_CTX_DAG_RUN_ID='manual__2025-03-21T16:40:09.876807+00:00'
[2025-03-21T16:40:20.739+0000] {subprocess.py:63} INFO - Tmp dir root location: /tmp
[2025-03-21T16:40:20.740+0000] {subprocess.py:75} INFO - Running command: ['/usr/bin/bash', '-c', 'cd ~/data_warehouse_project && dbt run --profiles-dir ~/.dbt --models cleaned_reviews']
[2025-03-21T16:40:20.754+0000] {subprocess.py:86} INFO - Output:
[2025-03-21T16:40:25.694+0000] {subprocess.py:93} INFO - [0m16:40:25  Running with dbt=1.9.0-b2
[2025-03-21T16:40:27.012+0000] {subprocess.py:93} INFO - [0m16:40:27  Registered adapter: postgres=1.8.2
[2025-03-21T16:40:27.772+0000] {subprocess.py:93} INFO - [0m16:40:27  Unable to do partial parsing because config vars, config profile, or config target have changed
[2025-03-21T16:40:27.776+0000] {subprocess.py:93} INFO - [0m16:40:27  Unable to do partial parsing because profile has changed
[2025-03-21T16:40:39.193+0000] {subprocess.py:93} INFO - [0m16:40:39  [[33mWARNING[0m]: Configuration paths exist in your dbt_project.yml file which do not apply to any resources.
[2025-03-21T16:40:39.193+0000] {subprocess.py:93} INFO - There are 1 unused configuration paths:
[2025-03-21T16:40:39.194+0000] {subprocess.py:93} INFO - - models.data_warehouse_project.example
[2025-03-21T16:40:39.893+0000] {subprocess.py:93} INFO - [0m16:40:39  Found 6 models, 1 source, 425 macros
[2025-03-21T16:40:39.909+0000] {subprocess.py:93} INFO - [0m16:40:39
[2025-03-21T16:40:39.911+0000] {subprocess.py:93} INFO - [0m16:40:39  Concurrency: 4 threads (target='dev')
[2025-03-21T16:40:39.919+0000] {subprocess.py:93} INFO - [0m16:40:39
[2025-03-21T16:40:40.353+0000] {subprocess.py:93} INFO - [0m16:40:40  1 of 1 START sql table model public.cleaned_reviews ............................ [RUN]
[2025-03-21T16:40:41.103+0000] {subprocess.py:93} INFO - [0m16:40:41  1 of 1 OK created sql table model public.cleaned_reviews ....................... [[32mSELECT 9[0m in 0.74s]
[2025-03-21T16:40:41.202+0000] {subprocess.py:93} INFO - [0m16:40:41
[2025-03-21T16:40:41.204+0000] {subprocess.py:93} INFO - [0m16:40:41  Finished running 1 table model in 0 hours 0 minutes and 1.28 seconds (1.28s).
[2025-03-21T16:40:41.532+0000] {subprocess.py:93} INFO - [0m16:40:41
[2025-03-21T16:40:41.535+0000] {subprocess.py:93} INFO - [0m16:40:41  [32mCompleted successfully[0m
[2025-03-21T16:40:41.548+0000] {subprocess.py:93} INFO - [0m16:40:41
[2025-03-21T16:40:41.550+0000] {subprocess.py:93} INFO - [0m16:40:41  Done. PASS=1 WARN=0 ERROR=0 SKIP=0 TOTAL=1
[2025-03-21T16:40:46.386+0000] {subprocess.py:97} INFO - Command exited with return code 0
[2025-03-21T16:40:46.494+0000] {taskinstance.py:1138} INFO - Marking task as SUCCESS. dag_id=Google_map, task_id=transform_phase_1_task, execution_date=20250321T164009, start_date=20250321T164020, end_date=20250321T164046
[2025-03-21T16:40:46.554+0000] {local_task_job_runner.py:234} INFO - Task exited with return code 0
[2025-03-21T16:40:46.661+0000] {taskinstance.py:3280} INFO - 1 downstream tasks scheduled from follow-on schedule check
