[2025-03-16T15:40:12.133+0000] {taskinstance.py:1956} INFO - Dependencies all met for dep_context=non-requeueable deps ti=<TaskInstance: Google_map.transform_data_phase_1_task manual__2025-03-16T15:40:06.958244+00:00 [queued]>
[2025-03-16T15:40:12.150+0000] {taskinstance.py:1956} INFO - Dependencies all met for dep_context=requeueable deps ti=<TaskInstance: Google_map.transform_data_phase_1_task manual__2025-03-16T15:40:06.958244+00:00 [queued]>
[2025-03-16T15:40:12.150+0000] {taskinstance.py:2170} INFO - Starting attempt 1 of 2
[2025-03-16T15:40:12.172+0000] {taskinstance.py:2191} INFO - Executing <Task(BashOperator): transform_data_phase_1_task> on 2025-03-16 15:40:06.958244+00:00
[2025-03-16T15:40:12.180+0000] {standard_task_runner.py:60} INFO - Started process 67424 to run task
[2025-03-16T15:40:12.185+0000] {standard_task_runner.py:87} INFO - Running: ['airflow', 'tasks', 'run', 'Google_map', 'transform_data_phase_1_task', 'manual__2025-03-16T15:40:06.958244+00:00', '--job-id', '118', '--raw', '--subdir', 'DAGS_FOLDER/google_map_dag_etl.py', '--cfg-path', '/tmp/tmp5c2gan3i']
[2025-03-16T15:40:12.188+0000] {standard_task_runner.py:88} INFO - Job 118: Subtask transform_data_phase_1_task
[2025-03-16T15:40:12.335+0000] {task_command.py:423} INFO - Running <TaskInstance: Google_map.transform_data_phase_1_task manual__2025-03-16T15:40:06.958244+00:00 [running]> on host DESKTOP-AVAHALM.
[2025-03-16T15:40:12.578+0000] {taskinstance.py:2480} INFO - Exporting env vars: AIRFLOW_CTX_DAG_OWNER='master_m2si' AIRFLOW_CTX_DAG_ID='Google_map' AIRFLOW_CTX_TASK_ID='transform_data_phase_1_task' AIRFLOW_CTX_EXECUTION_DATE='2025-03-16T15:40:06.958244+00:00' AIRFLOW_CTX_TRY_NUMBER='1' AIRFLOW_CTX_DAG_RUN_ID='manual__2025-03-16T15:40:06.958244+00:00'
[2025-03-16T15:40:12.581+0000] {subprocess.py:63} INFO - Tmp dir root location: /tmp
[2025-03-16T15:40:12.586+0000] {subprocess.py:75} INFO - Running command: ['/usr/bin/bash', '-c', 'cd ~/data_warehouse_project && dbt run --profiles-dir ~/.dbt/profiles.yml --models cleaned_review']
[2025-03-16T15:40:12.602+0000] {subprocess.py:86} INFO - Output:
[2025-03-16T15:40:17.242+0000] {subprocess.py:93} INFO - [0m15:40:17  Running with dbt=1.9.0-b2
[2025-03-16T15:40:17.251+0000] {subprocess.py:93} INFO - [0m15:40:17  Encountered an error:
[2025-03-16T15:40:17.251+0000] {subprocess.py:93} INFO - Runtime Error
[2025-03-16T15:40:17.251+0000] {subprocess.py:93} INFO -   Could not find profile named 'data_warehouse_project'
[2025-03-16T15:40:18.596+0000] {subprocess.py:97} INFO - Command exited with return code 2
[2025-03-16T15:40:18.634+0000] {taskinstance.py:2698} ERROR - Task failed with exception
Traceback (most recent call last):
  File "/home/nord/venv/lib/python3.8/site-packages/airflow/models/taskinstance.py", line 433, in _execute_task
    result = execute_callable(context=context, **execute_callable_kwargs)
  File "/home/nord/venv/lib/python3.8/site-packages/airflow/operators/bash.py", line 212, in execute
    raise AirflowException(
airflow.exceptions.AirflowException: Bash command failed. The command returned a non-zero exit code 2.
[2025-03-16T15:40:18.641+0000] {taskinstance.py:1138} INFO - Marking task as UP_FOR_RETRY. dag_id=Google_map, task_id=transform_data_phase_1_task, execution_date=20250316T154006, start_date=20250316T154012, end_date=20250316T154018
[2025-03-16T15:40:18.664+0000] {standard_task_runner.py:107} ERROR - Failed to execute job 118 for task transform_data_phase_1_task (Bash command failed. The command returned a non-zero exit code 2.; 67424)
[2025-03-16T15:40:18.702+0000] {local_task_job_runner.py:234} INFO - Task exited with return code 1
[2025-03-16T15:40:18.824+0000] {taskinstance.py:3280} INFO - 0 downstream tasks scheduled from follow-on schedule check
