[2025-03-16T15:45:21.246+0000] {taskinstance.py:1956} INFO - Dependencies all met for dep_context=non-requeueable deps ti=<TaskInstance: Google_map.transform_data_phase_1_task manual__2025-03-16T15:40:06.958244+00:00 [queued]>
[2025-03-16T15:45:21.284+0000] {taskinstance.py:1956} INFO - Dependencies all met for dep_context=requeueable deps ti=<TaskInstance: Google_map.transform_data_phase_1_task manual__2025-03-16T15:40:06.958244+00:00 [queued]>
[2025-03-16T15:45:21.285+0000] {taskinstance.py:2170} INFO - Starting attempt 2 of 2
[2025-03-16T15:45:21.330+0000] {taskinstance.py:2191} INFO - Executing <Task(BashOperator): transform_data_phase_1_task> on 2025-03-16 15:40:06.958244+00:00
[2025-03-16T15:45:21.336+0000] {standard_task_runner.py:60} INFO - Started process 70885 to run task
[2025-03-16T15:45:21.343+0000] {standard_task_runner.py:87} INFO - Running: ['airflow', 'tasks', 'run', 'Google_map', 'transform_data_phase_1_task', 'manual__2025-03-16T15:40:06.958244+00:00', '--job-id', '122', '--raw', '--subdir', 'DAGS_FOLDER/google_map_dag_etl.py', '--cfg-path', '/tmp/tmpza7auq33']
[2025-03-16T15:45:21.346+0000] {standard_task_runner.py:88} INFO - Job 122: Subtask transform_data_phase_1_task
[2025-03-16T15:45:21.459+0000] {task_command.py:423} INFO - Running <TaskInstance: Google_map.transform_data_phase_1_task manual__2025-03-16T15:40:06.958244+00:00 [running]> on host DESKTOP-AVAHALM.
[2025-03-16T15:45:21.638+0000] {taskinstance.py:2480} INFO - Exporting env vars: AIRFLOW_CTX_DAG_OWNER='master_m2si' AIRFLOW_CTX_DAG_ID='Google_map' AIRFLOW_CTX_TASK_ID='transform_data_phase_1_task' AIRFLOW_CTX_EXECUTION_DATE='2025-03-16T15:40:06.958244+00:00' AIRFLOW_CTX_TRY_NUMBER='2' AIRFLOW_CTX_DAG_RUN_ID='manual__2025-03-16T15:40:06.958244+00:00'
[2025-03-16T15:45:21.641+0000] {subprocess.py:63} INFO - Tmp dir root location: /tmp
[2025-03-16T15:45:21.643+0000] {subprocess.py:75} INFO - Running command: ['/usr/bin/bash', '-c', 'cd ~/data_warehouse_project && dbt run --profiles-dir ~/.dbt --models cleaned_review']
[2025-03-16T15:45:21.654+0000] {subprocess.py:86} INFO - Output:
[2025-03-16T15:45:25.594+0000] {subprocess.py:93} INFO - [0m15:45:25  Running with dbt=1.9.0-b2
[2025-03-16T15:45:26.787+0000] {subprocess.py:93} INFO - [0m15:45:26  Registered adapter: postgres=1.8.2
[2025-03-16T15:45:27.180+0000] {subprocess.py:93} INFO - [0m15:45:27  [[33mWARNING[0m]: Configuration paths exist in your dbt_project.yml file which do not apply to any resources.
[2025-03-16T15:45:27.180+0000] {subprocess.py:93} INFO - There are 1 unused configuration paths:
[2025-03-16T15:45:27.181+0000] {subprocess.py:93} INFO - - models.data_warehouse_project.example
[2025-03-16T15:45:27.641+0000] {subprocess.py:93} INFO - [0m15:45:27  Found 1 model, 1 source, 424 macros
[2025-03-16T15:45:27.645+0000] {subprocess.py:93} INFO - [0m15:45:27
[2025-03-16T15:45:27.646+0000] {subprocess.py:93} INFO - [0m15:45:27  Concurrency: 4 threads (target='dev')
[2025-03-16T15:45:27.648+0000] {subprocess.py:93} INFO - [0m15:45:27
[2025-03-16T15:45:28.065+0000] {subprocess.py:93} INFO - [0m15:45:28  1 of 1 START sql table model public.cleaned_review ............................. [RUN]
[2025-03-16T15:45:28.624+0000] {subprocess.py:93} INFO - [0m15:45:28  1 of 1 OK created sql table model public.cleaned_review ........................ [[32mSELECT 9[0m in 0.55s]
[2025-03-16T15:45:28.657+0000] {subprocess.py:93} INFO - [0m15:45:28
[2025-03-16T15:45:28.659+0000] {subprocess.py:93} INFO - [0m15:45:28  Finished running 1 table model in 0 hours 0 minutes and 1.01 seconds (1.01s).
[2025-03-16T15:45:28.769+0000] {subprocess.py:93} INFO - [0m15:45:28
[2025-03-16T15:45:28.771+0000] {subprocess.py:93} INFO - [0m15:45:28  [32mCompleted successfully[0m
[2025-03-16T15:45:28.773+0000] {subprocess.py:93} INFO - [0m15:45:28
[2025-03-16T15:45:28.774+0000] {subprocess.py:93} INFO - [0m15:45:28  Done. PASS=1 WARN=0 ERROR=0 SKIP=0 TOTAL=1
[2025-03-16T15:45:30.407+0000] {subprocess.py:97} INFO - Command exited with return code 0
[2025-03-16T15:45:30.496+0000] {taskinstance.py:1138} INFO - Marking task as SUCCESS. dag_id=Google_map, task_id=transform_data_phase_1_task, execution_date=20250316T154006, start_date=20250316T154521, end_date=20250316T154530
[2025-03-16T15:45:30.551+0000] {local_task_job_runner.py:234} INFO - Task exited with return code 0
[2025-03-16T15:45:30.685+0000] {taskinstance.py:3280} INFO - 0 downstream tasks scheduled from follow-on schedule check
