[2025-03-20T22:02:02.908+0000] {processor.py:161} INFO - Started process (PID=1349) to work on /home/nord/venv/lib/python3.8/site-packages/airflow/example_dags/plugins/event_listener.py
[2025-03-20T22:02:02.909+0000] {processor.py:830} INFO - Processing file /home/nord/venv/lib/python3.8/site-packages/airflow/example_dags/plugins/event_listener.py for tasks to queue
[2025-03-20T22:02:02.910+0000] {logging_mixin.py:188} INFO - [2025-03-20T22:02:02.910+0000] {dagbag.py:538} INFO - Filling up the DagBag from /home/nord/venv/lib/python3.8/site-packages/airflow/example_dags/plugins/event_listener.py
[2025-03-20T22:02:02.913+0000] {processor.py:842} WARNING - No viable dags retrieved from /home/nord/venv/lib/python3.8/site-packages/airflow/example_dags/plugins/event_listener.py
[2025-03-20T22:02:02.945+0000] {processor.py:183} INFO - Processing /home/nord/venv/lib/python3.8/site-packages/airflow/example_dags/plugins/event_listener.py took 0.042 seconds
[2025-03-20T22:02:33.426+0000] {processor.py:161} INFO - Started process (PID=1682) to work on /home/nord/venv/lib/python3.8/site-packages/airflow/example_dags/plugins/event_listener.py
[2025-03-20T22:02:33.428+0000] {processor.py:830} INFO - Processing file /home/nord/venv/lib/python3.8/site-packages/airflow/example_dags/plugins/event_listener.py for tasks to queue
[2025-03-20T22:02:33.430+0000] {logging_mixin.py:188} INFO - [2025-03-20T22:02:33.429+0000] {dagbag.py:538} INFO - Filling up the DagBag from /home/nord/venv/lib/python3.8/site-packages/airflow/example_dags/plugins/event_listener.py
[2025-03-20T22:02:33.434+0000] {processor.py:842} WARNING - No viable dags retrieved from /home/nord/venv/lib/python3.8/site-packages/airflow/example_dags/plugins/event_listener.py
[2025-03-20T22:02:33.490+0000] {processor.py:183} INFO - Processing /home/nord/venv/lib/python3.8/site-packages/airflow/example_dags/plugins/event_listener.py took 0.069 seconds
[2025-03-20T22:03:04.221+0000] {processor.py:161} INFO - Started process (PID=2266) to work on /home/nord/venv/lib/python3.8/site-packages/airflow/example_dags/plugins/event_listener.py
[2025-03-20T22:03:04.240+0000] {processor.py:830} INFO - Processing file /home/nord/venv/lib/python3.8/site-packages/airflow/example_dags/plugins/event_listener.py for tasks to queue
[2025-03-20T22:03:04.242+0000] {logging_mixin.py:188} INFO - [2025-03-20T22:03:04.241+0000] {dagbag.py:538} INFO - Filling up the DagBag from /home/nord/venv/lib/python3.8/site-packages/airflow/example_dags/plugins/event_listener.py
[2025-03-20T22:03:04.257+0000] {processor.py:842} WARNING - No viable dags retrieved from /home/nord/venv/lib/python3.8/site-packages/airflow/example_dags/plugins/event_listener.py
[2025-03-20T22:03:04.381+0000] {processor.py:183} INFO - Processing /home/nord/venv/lib/python3.8/site-packages/airflow/example_dags/plugins/event_listener.py took 0.178 seconds
[2025-03-20T22:03:34.948+0000] {processor.py:161} INFO - Started process (PID=2708) to work on /home/nord/venv/lib/python3.8/site-packages/airflow/example_dags/plugins/event_listener.py
[2025-03-20T22:03:34.949+0000] {processor.py:830} INFO - Processing file /home/nord/venv/lib/python3.8/site-packages/airflow/example_dags/plugins/event_listener.py for tasks to queue
[2025-03-20T22:03:34.953+0000] {logging_mixin.py:188} INFO - [2025-03-20T22:03:34.951+0000] {dagbag.py:538} INFO - Filling up the DagBag from /home/nord/venv/lib/python3.8/site-packages/airflow/example_dags/plugins/event_listener.py
[2025-03-20T22:03:34.960+0000] {processor.py:842} WARNING - No viable dags retrieved from /home/nord/venv/lib/python3.8/site-packages/airflow/example_dags/plugins/event_listener.py
[2025-03-20T22:03:35.037+0000] {processor.py:183} INFO - Processing /home/nord/venv/lib/python3.8/site-packages/airflow/example_dags/plugins/event_listener.py took 0.100 seconds
[2025-03-20T22:04:05.235+0000] {processor.py:161} INFO - Started process (PID=3054) to work on /home/nord/venv/lib/python3.8/site-packages/airflow/example_dags/plugins/event_listener.py
[2025-03-20T22:04:05.238+0000] {processor.py:830} INFO - Processing file /home/nord/venv/lib/python3.8/site-packages/airflow/example_dags/plugins/event_listener.py for tasks to queue
[2025-03-20T22:04:05.240+0000] {logging_mixin.py:188} INFO - [2025-03-20T22:04:05.240+0000] {dagbag.py:538} INFO - Filling up the DagBag from /home/nord/venv/lib/python3.8/site-packages/airflow/example_dags/plugins/event_listener.py
[2025-03-20T22:04:05.244+0000] {processor.py:842} WARNING - No viable dags retrieved from /home/nord/venv/lib/python3.8/site-packages/airflow/example_dags/plugins/event_listener.py
[2025-03-20T22:04:05.284+0000] {processor.py:183} INFO - Processing /home/nord/venv/lib/python3.8/site-packages/airflow/example_dags/plugins/event_listener.py took 0.057 seconds
[2025-03-20T22:04:35.937+0000] {processor.py:161} INFO - Started process (PID=3384) to work on /home/nord/venv/lib/python3.8/site-packages/airflow/example_dags/plugins/event_listener.py
[2025-03-20T22:04:35.938+0000] {processor.py:830} INFO - Processing file /home/nord/venv/lib/python3.8/site-packages/airflow/example_dags/plugins/event_listener.py for tasks to queue
[2025-03-20T22:04:35.939+0000] {logging_mixin.py:188} INFO - [2025-03-20T22:04:35.939+0000] {dagbag.py:538} INFO - Filling up the DagBag from /home/nord/venv/lib/python3.8/site-packages/airflow/example_dags/plugins/event_listener.py
[2025-03-20T22:04:35.945+0000] {processor.py:842} WARNING - No viable dags retrieved from /home/nord/venv/lib/python3.8/site-packages/airflow/example_dags/plugins/event_listener.py
[2025-03-20T22:04:35.998+0000] {processor.py:183} INFO - Processing /home/nord/venv/lib/python3.8/site-packages/airflow/example_dags/plugins/event_listener.py took 0.069 seconds
[2025-03-20T22:05:06.901+0000] {processor.py:161} INFO - Started process (PID=3710) to work on /home/nord/venv/lib/python3.8/site-packages/airflow/example_dags/plugins/event_listener.py
[2025-03-20T22:05:06.906+0000] {processor.py:830} INFO - Processing file /home/nord/venv/lib/python3.8/site-packages/airflow/example_dags/plugins/event_listener.py for tasks to queue
[2025-03-20T22:05:06.907+0000] {logging_mixin.py:188} INFO - [2025-03-20T22:05:06.907+0000] {dagbag.py:538} INFO - Filling up the DagBag from /home/nord/venv/lib/python3.8/site-packages/airflow/example_dags/plugins/event_listener.py
[2025-03-20T22:05:06.912+0000] {processor.py:842} WARNING - No viable dags retrieved from /home/nord/venv/lib/python3.8/site-packages/airflow/example_dags/plugins/event_listener.py
[2025-03-20T22:05:06.965+0000] {processor.py:183} INFO - Processing /home/nord/venv/lib/python3.8/site-packages/airflow/example_dags/plugins/event_listener.py took 0.072 seconds
[2025-03-20T22:05:37.509+0000] {processor.py:161} INFO - Started process (PID=4036) to work on /home/nord/venv/lib/python3.8/site-packages/airflow/example_dags/plugins/event_listener.py
[2025-03-20T22:05:37.512+0000] {processor.py:830} INFO - Processing file /home/nord/venv/lib/python3.8/site-packages/airflow/example_dags/plugins/event_listener.py for tasks to queue
[2025-03-20T22:05:37.515+0000] {logging_mixin.py:188} INFO - [2025-03-20T22:05:37.513+0000] {dagbag.py:538} INFO - Filling up the DagBag from /home/nord/venv/lib/python3.8/site-packages/airflow/example_dags/plugins/event_listener.py
[2025-03-20T22:05:37.517+0000] {processor.py:842} WARNING - No viable dags retrieved from /home/nord/venv/lib/python3.8/site-packages/airflow/example_dags/plugins/event_listener.py
[2025-03-20T22:05:37.545+0000] {processor.py:183} INFO - Processing /home/nord/venv/lib/python3.8/site-packages/airflow/example_dags/plugins/event_listener.py took 0.041 seconds
[2025-03-20T22:05:49.694+0000] {processor.py:161} INFO - Started process (PID=4296) to work on /home/nord/venv/lib/python3.8/site-packages/airflow/example_dags/plugins/event_listener.py
[2025-03-20T22:05:49.696+0000] {processor.py:830} INFO - Processing file /home/nord/venv/lib/python3.8/site-packages/airflow/example_dags/plugins/event_listener.py for tasks to queue
[2025-03-20T22:05:49.698+0000] {logging_mixin.py:188} INFO - [2025-03-20T22:05:49.697+0000] {dagbag.py:538} INFO - Filling up the DagBag from /home/nord/venv/lib/python3.8/site-packages/airflow/example_dags/plugins/event_listener.py
[2025-03-20T22:05:49.701+0000] {processor.py:842} WARNING - No viable dags retrieved from /home/nord/venv/lib/python3.8/site-packages/airflow/example_dags/plugins/event_listener.py
[2025-03-20T22:05:49.741+0000] {processor.py:183} INFO - Processing /home/nord/venv/lib/python3.8/site-packages/airflow/example_dags/plugins/event_listener.py took 0.052 seconds
[2025-03-20T22:06:20.361+0000] {processor.py:161} INFO - Started process (PID=4628) to work on /home/nord/venv/lib/python3.8/site-packages/airflow/example_dags/plugins/event_listener.py
[2025-03-20T22:06:20.362+0000] {processor.py:830} INFO - Processing file /home/nord/venv/lib/python3.8/site-packages/airflow/example_dags/plugins/event_listener.py for tasks to queue
[2025-03-20T22:06:20.364+0000] {logging_mixin.py:188} INFO - [2025-03-20T22:06:20.364+0000] {dagbag.py:538} INFO - Filling up the DagBag from /home/nord/venv/lib/python3.8/site-packages/airflow/example_dags/plugins/event_listener.py
[2025-03-20T22:06:20.369+0000] {processor.py:842} WARNING - No viable dags retrieved from /home/nord/venv/lib/python3.8/site-packages/airflow/example_dags/plugins/event_listener.py
[2025-03-20T22:06:20.405+0000] {processor.py:183} INFO - Processing /home/nord/venv/lib/python3.8/site-packages/airflow/example_dags/plugins/event_listener.py took 0.051 seconds
[2025-03-20T22:06:50.835+0000] {processor.py:161} INFO - Started process (PID=4951) to work on /home/nord/venv/lib/python3.8/site-packages/airflow/example_dags/plugins/event_listener.py
[2025-03-20T22:06:50.841+0000] {processor.py:830} INFO - Processing file /home/nord/venv/lib/python3.8/site-packages/airflow/example_dags/plugins/event_listener.py for tasks to queue
[2025-03-20T22:06:50.842+0000] {logging_mixin.py:188} INFO - [2025-03-20T22:06:50.842+0000] {dagbag.py:538} INFO - Filling up the DagBag from /home/nord/venv/lib/python3.8/site-packages/airflow/example_dags/plugins/event_listener.py
[2025-03-20T22:06:50.847+0000] {processor.py:842} WARNING - No viable dags retrieved from /home/nord/venv/lib/python3.8/site-packages/airflow/example_dags/plugins/event_listener.py
[2025-03-20T22:06:50.885+0000] {processor.py:183} INFO - Processing /home/nord/venv/lib/python3.8/site-packages/airflow/example_dags/plugins/event_listener.py took 0.058 seconds
[2025-03-20T22:07:21.793+0000] {processor.py:161} INFO - Started process (PID=5415) to work on /home/nord/venv/lib/python3.8/site-packages/airflow/example_dags/plugins/event_listener.py
[2025-03-20T22:07:21.794+0000] {processor.py:830} INFO - Processing file /home/nord/venv/lib/python3.8/site-packages/airflow/example_dags/plugins/event_listener.py for tasks to queue
[2025-03-20T22:07:21.796+0000] {logging_mixin.py:188} INFO - [2025-03-20T22:07:21.795+0000] {dagbag.py:538} INFO - Filling up the DagBag from /home/nord/venv/lib/python3.8/site-packages/airflow/example_dags/plugins/event_listener.py
[2025-03-20T22:07:21.802+0000] {processor.py:842} WARNING - No viable dags retrieved from /home/nord/venv/lib/python3.8/site-packages/airflow/example_dags/plugins/event_listener.py
[2025-03-20T22:07:21.843+0000] {processor.py:183} INFO - Processing /home/nord/venv/lib/python3.8/site-packages/airflow/example_dags/plugins/event_listener.py took 0.056 seconds
[2025-03-20T22:07:52.127+0000] {processor.py:161} INFO - Started process (PID=5759) to work on /home/nord/venv/lib/python3.8/site-packages/airflow/example_dags/plugins/event_listener.py
[2025-03-20T22:07:52.129+0000] {processor.py:830} INFO - Processing file /home/nord/venv/lib/python3.8/site-packages/airflow/example_dags/plugins/event_listener.py for tasks to queue
[2025-03-20T22:07:52.130+0000] {logging_mixin.py:188} INFO - [2025-03-20T22:07:52.130+0000] {dagbag.py:538} INFO - Filling up the DagBag from /home/nord/venv/lib/python3.8/site-packages/airflow/example_dags/plugins/event_listener.py
[2025-03-20T22:07:52.133+0000] {processor.py:842} WARNING - No viable dags retrieved from /home/nord/venv/lib/python3.8/site-packages/airflow/example_dags/plugins/event_listener.py
[2025-03-20T22:07:52.172+0000] {processor.py:183} INFO - Processing /home/nord/venv/lib/python3.8/site-packages/airflow/example_dags/plugins/event_listener.py took 0.051 seconds
[2025-03-20T22:08:22.894+0000] {processor.py:161} INFO - Started process (PID=6090) to work on /home/nord/venv/lib/python3.8/site-packages/airflow/example_dags/plugins/event_listener.py
[2025-03-20T22:08:22.895+0000] {processor.py:830} INFO - Processing file /home/nord/venv/lib/python3.8/site-packages/airflow/example_dags/plugins/event_listener.py for tasks to queue
[2025-03-20T22:08:22.897+0000] {logging_mixin.py:188} INFO - [2025-03-20T22:08:22.897+0000] {dagbag.py:538} INFO - Filling up the DagBag from /home/nord/venv/lib/python3.8/site-packages/airflow/example_dags/plugins/event_listener.py
[2025-03-20T22:08:22.902+0000] {processor.py:842} WARNING - No viable dags retrieved from /home/nord/venv/lib/python3.8/site-packages/airflow/example_dags/plugins/event_listener.py
[2025-03-20T22:08:22.948+0000] {processor.py:183} INFO - Processing /home/nord/venv/lib/python3.8/site-packages/airflow/example_dags/plugins/event_listener.py took 0.062 seconds
[2025-03-20T22:08:53.748+0000] {processor.py:161} INFO - Started process (PID=6441) to work on /home/nord/venv/lib/python3.8/site-packages/airflow/example_dags/plugins/event_listener.py
[2025-03-20T22:08:53.751+0000] {processor.py:830} INFO - Processing file /home/nord/venv/lib/python3.8/site-packages/airflow/example_dags/plugins/event_listener.py for tasks to queue
[2025-03-20T22:08:53.754+0000] {logging_mixin.py:188} INFO - [2025-03-20T22:08:53.753+0000] {dagbag.py:538} INFO - Filling up the DagBag from /home/nord/venv/lib/python3.8/site-packages/airflow/example_dags/plugins/event_listener.py
[2025-03-20T22:08:53.759+0000] {processor.py:842} WARNING - No viable dags retrieved from /home/nord/venv/lib/python3.8/site-packages/airflow/example_dags/plugins/event_listener.py
[2025-03-20T22:08:53.793+0000] {processor.py:183} INFO - Processing /home/nord/venv/lib/python3.8/site-packages/airflow/example_dags/plugins/event_listener.py took 0.053 seconds
[2025-03-20T22:09:24.077+0000] {processor.py:161} INFO - Started process (PID=6832) to work on /home/nord/venv/lib/python3.8/site-packages/airflow/example_dags/plugins/event_listener.py
[2025-03-20T22:09:24.079+0000] {processor.py:830} INFO - Processing file /home/nord/venv/lib/python3.8/site-packages/airflow/example_dags/plugins/event_listener.py for tasks to queue
[2025-03-20T22:09:24.088+0000] {logging_mixin.py:188} INFO - [2025-03-20T22:09:24.087+0000] {dagbag.py:538} INFO - Filling up the DagBag from /home/nord/venv/lib/python3.8/site-packages/airflow/example_dags/plugins/event_listener.py
[2025-03-20T22:09:24.091+0000] {processor.py:842} WARNING - No viable dags retrieved from /home/nord/venv/lib/python3.8/site-packages/airflow/example_dags/plugins/event_listener.py
[2025-03-20T22:09:24.185+0000] {processor.py:183} INFO - Processing /home/nord/venv/lib/python3.8/site-packages/airflow/example_dags/plugins/event_listener.py took 0.114 seconds
[2025-03-20T22:09:54.748+0000] {processor.py:161} INFO - Started process (PID=7198) to work on /home/nord/venv/lib/python3.8/site-packages/airflow/example_dags/plugins/event_listener.py
[2025-03-20T22:09:54.750+0000] {processor.py:830} INFO - Processing file /home/nord/venv/lib/python3.8/site-packages/airflow/example_dags/plugins/event_listener.py for tasks to queue
[2025-03-20T22:09:54.752+0000] {logging_mixin.py:188} INFO - [2025-03-20T22:09:54.751+0000] {dagbag.py:538} INFO - Filling up the DagBag from /home/nord/venv/lib/python3.8/site-packages/airflow/example_dags/plugins/event_listener.py
[2025-03-20T22:09:54.756+0000] {processor.py:842} WARNING - No viable dags retrieved from /home/nord/venv/lib/python3.8/site-packages/airflow/example_dags/plugins/event_listener.py
[2025-03-20T22:09:54.793+0000] {processor.py:183} INFO - Processing /home/nord/venv/lib/python3.8/site-packages/airflow/example_dags/plugins/event_listener.py took 0.051 seconds
[2025-03-20T22:10:25.371+0000] {processor.py:161} INFO - Started process (PID=7549) to work on /home/nord/venv/lib/python3.8/site-packages/airflow/example_dags/plugins/event_listener.py
[2025-03-20T22:10:25.375+0000] {processor.py:830} INFO - Processing file /home/nord/venv/lib/python3.8/site-packages/airflow/example_dags/plugins/event_listener.py for tasks to queue
[2025-03-20T22:10:25.378+0000] {logging_mixin.py:188} INFO - [2025-03-20T22:10:25.376+0000] {dagbag.py:538} INFO - Filling up the DagBag from /home/nord/venv/lib/python3.8/site-packages/airflow/example_dags/plugins/event_listener.py
[2025-03-20T22:10:25.383+0000] {processor.py:842} WARNING - No viable dags retrieved from /home/nord/venv/lib/python3.8/site-packages/airflow/example_dags/plugins/event_listener.py
[2025-03-20T22:10:25.440+0000] {processor.py:183} INFO - Processing /home/nord/venv/lib/python3.8/site-packages/airflow/example_dags/plugins/event_listener.py took 0.078 seconds
[2025-03-20T22:10:55.962+0000] {processor.py:161} INFO - Started process (PID=7878) to work on /home/nord/venv/lib/python3.8/site-packages/airflow/example_dags/plugins/event_listener.py
[2025-03-20T22:10:55.966+0000] {processor.py:830} INFO - Processing file /home/nord/venv/lib/python3.8/site-packages/airflow/example_dags/plugins/event_listener.py for tasks to queue
[2025-03-20T22:10:55.968+0000] {logging_mixin.py:188} INFO - [2025-03-20T22:10:55.967+0000] {dagbag.py:538} INFO - Filling up the DagBag from /home/nord/venv/lib/python3.8/site-packages/airflow/example_dags/plugins/event_listener.py
[2025-03-20T22:10:55.972+0000] {processor.py:842} WARNING - No viable dags retrieved from /home/nord/venv/lib/python3.8/site-packages/airflow/example_dags/plugins/event_listener.py
[2025-03-20T22:10:56.027+0000] {processor.py:183} INFO - Processing /home/nord/venv/lib/python3.8/site-packages/airflow/example_dags/plugins/event_listener.py took 0.072 seconds
[2025-03-20T22:11:26.369+0000] {processor.py:161} INFO - Started process (PID=8202) to work on /home/nord/venv/lib/python3.8/site-packages/airflow/example_dags/plugins/event_listener.py
[2025-03-20T22:11:26.370+0000] {processor.py:830} INFO - Processing file /home/nord/venv/lib/python3.8/site-packages/airflow/example_dags/plugins/event_listener.py for tasks to queue
[2025-03-20T22:11:26.371+0000] {logging_mixin.py:188} INFO - [2025-03-20T22:11:26.371+0000] {dagbag.py:538} INFO - Filling up the DagBag from /home/nord/venv/lib/python3.8/site-packages/airflow/example_dags/plugins/event_listener.py
[2025-03-20T22:11:26.376+0000] {processor.py:842} WARNING - No viable dags retrieved from /home/nord/venv/lib/python3.8/site-packages/airflow/example_dags/plugins/event_listener.py
[2025-03-20T22:11:26.409+0000] {processor.py:183} INFO - Processing /home/nord/venv/lib/python3.8/site-packages/airflow/example_dags/plugins/event_listener.py took 0.046 seconds
[2025-03-20T22:11:56.996+0000] {processor.py:161} INFO - Started process (PID=8511) to work on /home/nord/venv/lib/python3.8/site-packages/airflow/example_dags/plugins/event_listener.py
[2025-03-20T22:11:56.998+0000] {processor.py:830} INFO - Processing file /home/nord/venv/lib/python3.8/site-packages/airflow/example_dags/plugins/event_listener.py for tasks to queue
[2025-03-20T22:11:56.999+0000] {logging_mixin.py:188} INFO - [2025-03-20T22:11:56.999+0000] {dagbag.py:538} INFO - Filling up the DagBag from /home/nord/venv/lib/python3.8/site-packages/airflow/example_dags/plugins/event_listener.py
[2025-03-20T22:11:57.004+0000] {processor.py:842} WARNING - No viable dags retrieved from /home/nord/venv/lib/python3.8/site-packages/airflow/example_dags/plugins/event_listener.py
[2025-03-20T22:11:57.049+0000] {processor.py:183} INFO - Processing /home/nord/venv/lib/python3.8/site-packages/airflow/example_dags/plugins/event_listener.py took 0.061 seconds
