[2025-03-20T22:02:02.793+0000] {processor.py:161} INFO - Started process (PID=1340) to work on /home/nord/venv/lib/python3.8/site-packages/airflow/example_dags/plugins/listener_plugin.py
[2025-03-20T22:02:02.795+0000] {processor.py:830} INFO - Processing file /home/nord/venv/lib/python3.8/site-packages/airflow/example_dags/plugins/listener_plugin.py for tasks to queue
[2025-03-20T22:02:02.797+0000] {logging_mixin.py:188} INFO - [2025-03-20T22:02:02.796+0000] {dagbag.py:538} INFO - Filling up the DagBag from /home/nord/venv/lib/python3.8/site-packages/airflow/example_dags/plugins/listener_plugin.py
[2025-03-20T22:02:02.806+0000] {processor.py:842} WARNING - No viable dags retrieved from /home/nord/venv/lib/python3.8/site-packages/airflow/example_dags/plugins/listener_plugin.py
[2025-03-20T22:02:02.868+0000] {processor.py:183} INFO - Processing /home/nord/venv/lib/python3.8/site-packages/airflow/example_dags/plugins/listener_plugin.py took 0.084 seconds
[2025-03-20T22:02:33.332+0000] {processor.py:161} INFO - Started process (PID=1676) to work on /home/nord/venv/lib/python3.8/site-packages/airflow/example_dags/plugins/listener_plugin.py
[2025-03-20T22:02:33.333+0000] {processor.py:830} INFO - Processing file /home/nord/venv/lib/python3.8/site-packages/airflow/example_dags/plugins/listener_plugin.py for tasks to queue
[2025-03-20T22:02:33.334+0000] {logging_mixin.py:188} INFO - [2025-03-20T22:02:33.333+0000] {dagbag.py:538} INFO - Filling up the DagBag from /home/nord/venv/lib/python3.8/site-packages/airflow/example_dags/plugins/listener_plugin.py
[2025-03-20T22:02:33.339+0000] {processor.py:842} WARNING - No viable dags retrieved from /home/nord/venv/lib/python3.8/site-packages/airflow/example_dags/plugins/listener_plugin.py
[2025-03-20T22:02:33.380+0000] {processor.py:183} INFO - Processing /home/nord/venv/lib/python3.8/site-packages/airflow/example_dags/plugins/listener_plugin.py took 0.054 seconds
[2025-03-20T22:03:03.885+0000] {processor.py:161} INFO - Started process (PID=2257) to work on /home/nord/venv/lib/python3.8/site-packages/airflow/example_dags/plugins/listener_plugin.py
[2025-03-20T22:03:03.893+0000] {processor.py:830} INFO - Processing file /home/nord/venv/lib/python3.8/site-packages/airflow/example_dags/plugins/listener_plugin.py for tasks to queue
[2025-03-20T22:03:03.901+0000] {logging_mixin.py:188} INFO - [2025-03-20T22:03:03.900+0000] {dagbag.py:538} INFO - Filling up the DagBag from /home/nord/venv/lib/python3.8/site-packages/airflow/example_dags/plugins/listener_plugin.py
[2025-03-20T22:03:03.918+0000] {processor.py:842} WARNING - No viable dags retrieved from /home/nord/venv/lib/python3.8/site-packages/airflow/example_dags/plugins/listener_plugin.py
[2025-03-20T22:03:04.090+0000] {processor.py:183} INFO - Processing /home/nord/venv/lib/python3.8/site-packages/airflow/example_dags/plugins/listener_plugin.py took 0.220 seconds
[2025-03-20T22:03:34.781+0000] {processor.py:161} INFO - Started process (PID=2702) to work on /home/nord/venv/lib/python3.8/site-packages/airflow/example_dags/plugins/listener_plugin.py
[2025-03-20T22:03:34.783+0000] {processor.py:830} INFO - Processing file /home/nord/venv/lib/python3.8/site-packages/airflow/example_dags/plugins/listener_plugin.py for tasks to queue
[2025-03-20T22:03:34.788+0000] {logging_mixin.py:188} INFO - [2025-03-20T22:03:34.787+0000] {dagbag.py:538} INFO - Filling up the DagBag from /home/nord/venv/lib/python3.8/site-packages/airflow/example_dags/plugins/listener_plugin.py
[2025-03-20T22:03:34.798+0000] {processor.py:842} WARNING - No viable dags retrieved from /home/nord/venv/lib/python3.8/site-packages/airflow/example_dags/plugins/listener_plugin.py
[2025-03-20T22:03:34.886+0000] {processor.py:183} INFO - Processing /home/nord/venv/lib/python3.8/site-packages/airflow/example_dags/plugins/listener_plugin.py took 0.117 seconds
[2025-03-20T22:04:05.166+0000] {processor.py:161} INFO - Started process (PID=3047) to work on /home/nord/venv/lib/python3.8/site-packages/airflow/example_dags/plugins/listener_plugin.py
[2025-03-20T22:04:05.167+0000] {processor.py:830} INFO - Processing file /home/nord/venv/lib/python3.8/site-packages/airflow/example_dags/plugins/listener_plugin.py for tasks to queue
[2025-03-20T22:04:05.168+0000] {logging_mixin.py:188} INFO - [2025-03-20T22:04:05.168+0000] {dagbag.py:538} INFO - Filling up the DagBag from /home/nord/venv/lib/python3.8/site-packages/airflow/example_dags/plugins/listener_plugin.py
[2025-03-20T22:04:05.174+0000] {processor.py:842} WARNING - No viable dags retrieved from /home/nord/venv/lib/python3.8/site-packages/airflow/example_dags/plugins/listener_plugin.py
[2025-03-20T22:04:05.218+0000] {processor.py:183} INFO - Processing /home/nord/venv/lib/python3.8/site-packages/airflow/example_dags/plugins/listener_plugin.py took 0.060 seconds
[2025-03-20T22:04:35.927+0000] {processor.py:161} INFO - Started process (PID=3381) to work on /home/nord/venv/lib/python3.8/site-packages/airflow/example_dags/plugins/listener_plugin.py
[2025-03-20T22:04:35.928+0000] {processor.py:830} INFO - Processing file /home/nord/venv/lib/python3.8/site-packages/airflow/example_dags/plugins/listener_plugin.py for tasks to queue
[2025-03-20T22:04:35.930+0000] {logging_mixin.py:188} INFO - [2025-03-20T22:04:35.929+0000] {dagbag.py:538} INFO - Filling up the DagBag from /home/nord/venv/lib/python3.8/site-packages/airflow/example_dags/plugins/listener_plugin.py
[2025-03-20T22:04:35.936+0000] {processor.py:842} WARNING - No viable dags retrieved from /home/nord/venv/lib/python3.8/site-packages/airflow/example_dags/plugins/listener_plugin.py
[2025-03-20T22:04:35.985+0000] {processor.py:183} INFO - Processing /home/nord/venv/lib/python3.8/site-packages/airflow/example_dags/plugins/listener_plugin.py took 0.071 seconds
[2025-03-20T22:05:06.784+0000] {processor.py:161} INFO - Started process (PID=3703) to work on /home/nord/venv/lib/python3.8/site-packages/airflow/example_dags/plugins/listener_plugin.py
[2025-03-20T22:05:06.791+0000] {processor.py:830} INFO - Processing file /home/nord/venv/lib/python3.8/site-packages/airflow/example_dags/plugins/listener_plugin.py for tasks to queue
[2025-03-20T22:05:06.796+0000] {logging_mixin.py:188} INFO - [2025-03-20T22:05:06.795+0000] {dagbag.py:538} INFO - Filling up the DagBag from /home/nord/venv/lib/python3.8/site-packages/airflow/example_dags/plugins/listener_plugin.py
[2025-03-20T22:05:06.810+0000] {processor.py:842} WARNING - No viable dags retrieved from /home/nord/venv/lib/python3.8/site-packages/airflow/example_dags/plugins/listener_plugin.py
[2025-03-20T22:05:06.878+0000] {processor.py:183} INFO - Processing /home/nord/venv/lib/python3.8/site-packages/airflow/example_dags/plugins/listener_plugin.py took 0.112 seconds
[2025-03-20T22:05:37.437+0000] {processor.py:161} INFO - Started process (PID=4027) to work on /home/nord/venv/lib/python3.8/site-packages/airflow/example_dags/plugins/listener_plugin.py
[2025-03-20T22:05:37.438+0000] {processor.py:830} INFO - Processing file /home/nord/venv/lib/python3.8/site-packages/airflow/example_dags/plugins/listener_plugin.py for tasks to queue
[2025-03-20T22:05:37.440+0000] {logging_mixin.py:188} INFO - [2025-03-20T22:05:37.439+0000] {dagbag.py:538} INFO - Filling up the DagBag from /home/nord/venv/lib/python3.8/site-packages/airflow/example_dags/plugins/listener_plugin.py
[2025-03-20T22:05:37.444+0000] {processor.py:842} WARNING - No viable dags retrieved from /home/nord/venv/lib/python3.8/site-packages/airflow/example_dags/plugins/listener_plugin.py
[2025-03-20T22:05:37.486+0000] {processor.py:183} INFO - Processing /home/nord/venv/lib/python3.8/site-packages/airflow/example_dags/plugins/listener_plugin.py took 0.056 seconds
[2025-03-20T22:05:49.573+0000] {processor.py:161} INFO - Started process (PID=4287) to work on /home/nord/venv/lib/python3.8/site-packages/airflow/example_dags/plugins/listener_plugin.py
[2025-03-20T22:05:49.574+0000] {processor.py:830} INFO - Processing file /home/nord/venv/lib/python3.8/site-packages/airflow/example_dags/plugins/listener_plugin.py for tasks to queue
[2025-03-20T22:05:49.575+0000] {logging_mixin.py:188} INFO - [2025-03-20T22:05:49.575+0000] {dagbag.py:538} INFO - Filling up the DagBag from /home/nord/venv/lib/python3.8/site-packages/airflow/example_dags/plugins/listener_plugin.py
[2025-03-20T22:05:49.578+0000] {processor.py:842} WARNING - No viable dags retrieved from /home/nord/venv/lib/python3.8/site-packages/airflow/example_dags/plugins/listener_plugin.py
[2025-03-20T22:05:49.639+0000] {processor.py:183} INFO - Processing /home/nord/venv/lib/python3.8/site-packages/airflow/example_dags/plugins/listener_plugin.py took 0.072 seconds
[2025-03-20T22:06:20.349+0000] {processor.py:161} INFO - Started process (PID=4625) to work on /home/nord/venv/lib/python3.8/site-packages/airflow/example_dags/plugins/listener_plugin.py
[2025-03-20T22:06:20.352+0000] {processor.py:830} INFO - Processing file /home/nord/venv/lib/python3.8/site-packages/airflow/example_dags/plugins/listener_plugin.py for tasks to queue
[2025-03-20T22:06:20.353+0000] {logging_mixin.py:188} INFO - [2025-03-20T22:06:20.352+0000] {dagbag.py:538} INFO - Filling up the DagBag from /home/nord/venv/lib/python3.8/site-packages/airflow/example_dags/plugins/listener_plugin.py
[2025-03-20T22:06:20.356+0000] {processor.py:842} WARNING - No viable dags retrieved from /home/nord/venv/lib/python3.8/site-packages/airflow/example_dags/plugins/listener_plugin.py
[2025-03-20T22:06:20.402+0000] {processor.py:183} INFO - Processing /home/nord/venv/lib/python3.8/site-packages/airflow/example_dags/plugins/listener_plugin.py took 0.058 seconds
[2025-03-20T22:06:50.823+0000] {processor.py:161} INFO - Started process (PID=4948) to work on /home/nord/venv/lib/python3.8/site-packages/airflow/example_dags/plugins/listener_plugin.py
[2025-03-20T22:06:50.825+0000] {processor.py:830} INFO - Processing file /home/nord/venv/lib/python3.8/site-packages/airflow/example_dags/plugins/listener_plugin.py for tasks to queue
[2025-03-20T22:06:50.826+0000] {logging_mixin.py:188} INFO - [2025-03-20T22:06:50.825+0000] {dagbag.py:538} INFO - Filling up the DagBag from /home/nord/venv/lib/python3.8/site-packages/airflow/example_dags/plugins/listener_plugin.py
[2025-03-20T22:06:50.832+0000] {processor.py:842} WARNING - No viable dags retrieved from /home/nord/venv/lib/python3.8/site-packages/airflow/example_dags/plugins/listener_plugin.py
[2025-03-20T22:06:50.871+0000] {processor.py:183} INFO - Processing /home/nord/venv/lib/python3.8/site-packages/airflow/example_dags/plugins/listener_plugin.py took 0.056 seconds
[2025-03-20T22:07:21.781+0000] {processor.py:161} INFO - Started process (PID=5412) to work on /home/nord/venv/lib/python3.8/site-packages/airflow/example_dags/plugins/listener_plugin.py
[2025-03-20T22:07:21.783+0000] {processor.py:830} INFO - Processing file /home/nord/venv/lib/python3.8/site-packages/airflow/example_dags/plugins/listener_plugin.py for tasks to queue
[2025-03-20T22:07:21.784+0000] {logging_mixin.py:188} INFO - [2025-03-20T22:07:21.784+0000] {dagbag.py:538} INFO - Filling up the DagBag from /home/nord/venv/lib/python3.8/site-packages/airflow/example_dags/plugins/listener_plugin.py
[2025-03-20T22:07:21.790+0000] {processor.py:842} WARNING - No viable dags retrieved from /home/nord/venv/lib/python3.8/site-packages/airflow/example_dags/plugins/listener_plugin.py
[2025-03-20T22:07:21.830+0000] {processor.py:183} INFO - Processing /home/nord/venv/lib/python3.8/site-packages/airflow/example_dags/plugins/listener_plugin.py took 0.056 seconds
[2025-03-20T22:07:52.113+0000] {processor.py:161} INFO - Started process (PID=5756) to work on /home/nord/venv/lib/python3.8/site-packages/airflow/example_dags/plugins/listener_plugin.py
[2025-03-20T22:07:52.115+0000] {processor.py:830} INFO - Processing file /home/nord/venv/lib/python3.8/site-packages/airflow/example_dags/plugins/listener_plugin.py for tasks to queue
[2025-03-20T22:07:52.119+0000] {logging_mixin.py:188} INFO - [2025-03-20T22:07:52.116+0000] {dagbag.py:538} INFO - Filling up the DagBag from /home/nord/venv/lib/python3.8/site-packages/airflow/example_dags/plugins/listener_plugin.py
[2025-03-20T22:07:52.122+0000] {processor.py:842} WARNING - No viable dags retrieved from /home/nord/venv/lib/python3.8/site-packages/airflow/example_dags/plugins/listener_plugin.py
[2025-03-20T22:07:52.166+0000] {processor.py:183} INFO - Processing /home/nord/venv/lib/python3.8/site-packages/airflow/example_dags/plugins/listener_plugin.py took 0.059 seconds
[2025-03-20T22:08:22.884+0000] {processor.py:161} INFO - Started process (PID=6087) to work on /home/nord/venv/lib/python3.8/site-packages/airflow/example_dags/plugins/listener_plugin.py
[2025-03-20T22:08:22.885+0000] {processor.py:830} INFO - Processing file /home/nord/venv/lib/python3.8/site-packages/airflow/example_dags/plugins/listener_plugin.py for tasks to queue
[2025-03-20T22:08:22.887+0000] {logging_mixin.py:188} INFO - [2025-03-20T22:08:22.886+0000] {dagbag.py:538} INFO - Filling up the DagBag from /home/nord/venv/lib/python3.8/site-packages/airflow/example_dags/plugins/listener_plugin.py
[2025-03-20T22:08:22.892+0000] {processor.py:842} WARNING - No viable dags retrieved from /home/nord/venv/lib/python3.8/site-packages/airflow/example_dags/plugins/listener_plugin.py
[2025-03-20T22:08:22.937+0000] {processor.py:183} INFO - Processing /home/nord/venv/lib/python3.8/site-packages/airflow/example_dags/plugins/listener_plugin.py took 0.062 seconds
[2025-03-20T22:08:53.635+0000] {processor.py:161} INFO - Started process (PID=6430) to work on /home/nord/venv/lib/python3.8/site-packages/airflow/example_dags/plugins/listener_plugin.py
[2025-03-20T22:08:53.637+0000] {processor.py:830} INFO - Processing file /home/nord/venv/lib/python3.8/site-packages/airflow/example_dags/plugins/listener_plugin.py for tasks to queue
[2025-03-20T22:08:53.638+0000] {logging_mixin.py:188} INFO - [2025-03-20T22:08:53.638+0000] {dagbag.py:538} INFO - Filling up the DagBag from /home/nord/venv/lib/python3.8/site-packages/airflow/example_dags/plugins/listener_plugin.py
[2025-03-20T22:08:53.645+0000] {processor.py:842} WARNING - No viable dags retrieved from /home/nord/venv/lib/python3.8/site-packages/airflow/example_dags/plugins/listener_plugin.py
[2025-03-20T22:08:53.702+0000] {processor.py:183} INFO - Processing /home/nord/venv/lib/python3.8/site-packages/airflow/example_dags/plugins/listener_plugin.py took 0.075 seconds
[2025-03-20T22:09:24.065+0000] {processor.py:161} INFO - Started process (PID=6829) to work on /home/nord/venv/lib/python3.8/site-packages/airflow/example_dags/plugins/listener_plugin.py
[2025-03-20T22:09:24.067+0000] {processor.py:830} INFO - Processing file /home/nord/venv/lib/python3.8/site-packages/airflow/example_dags/plugins/listener_plugin.py for tasks to queue
[2025-03-20T22:09:24.068+0000] {logging_mixin.py:188} INFO - [2025-03-20T22:09:24.068+0000] {dagbag.py:538} INFO - Filling up the DagBag from /home/nord/venv/lib/python3.8/site-packages/airflow/example_dags/plugins/listener_plugin.py
[2025-03-20T22:09:24.075+0000] {processor.py:842} WARNING - No viable dags retrieved from /home/nord/venv/lib/python3.8/site-packages/airflow/example_dags/plugins/listener_plugin.py
[2025-03-20T22:09:24.142+0000] {processor.py:183} INFO - Processing /home/nord/venv/lib/python3.8/site-packages/airflow/example_dags/plugins/listener_plugin.py took 0.082 seconds
[2025-03-20T22:09:54.737+0000] {processor.py:161} INFO - Started process (PID=7195) to work on /home/nord/venv/lib/python3.8/site-packages/airflow/example_dags/plugins/listener_plugin.py
[2025-03-20T22:09:54.739+0000] {processor.py:830} INFO - Processing file /home/nord/venv/lib/python3.8/site-packages/airflow/example_dags/plugins/listener_plugin.py for tasks to queue
[2025-03-20T22:09:54.741+0000] {logging_mixin.py:188} INFO - [2025-03-20T22:09:54.740+0000] {dagbag.py:538} INFO - Filling up the DagBag from /home/nord/venv/lib/python3.8/site-packages/airflow/example_dags/plugins/listener_plugin.py
[2025-03-20T22:09:54.745+0000] {processor.py:842} WARNING - No viable dags retrieved from /home/nord/venv/lib/python3.8/site-packages/airflow/example_dags/plugins/listener_plugin.py
[2025-03-20T22:09:54.784+0000] {processor.py:183} INFO - Processing /home/nord/venv/lib/python3.8/site-packages/airflow/example_dags/plugins/listener_plugin.py took 0.054 seconds
[2025-03-20T22:10:25.362+0000] {processor.py:161} INFO - Started process (PID=7546) to work on /home/nord/venv/lib/python3.8/site-packages/airflow/example_dags/plugins/listener_plugin.py
[2025-03-20T22:10:25.364+0000] {processor.py:830} INFO - Processing file /home/nord/venv/lib/python3.8/site-packages/airflow/example_dags/plugins/listener_plugin.py for tasks to queue
[2025-03-20T22:10:25.366+0000] {logging_mixin.py:188} INFO - [2025-03-20T22:10:25.365+0000] {dagbag.py:538} INFO - Filling up the DagBag from /home/nord/venv/lib/python3.8/site-packages/airflow/example_dags/plugins/listener_plugin.py
[2025-03-20T22:10:25.373+0000] {processor.py:842} WARNING - No viable dags retrieved from /home/nord/venv/lib/python3.8/site-packages/airflow/example_dags/plugins/listener_plugin.py
[2025-03-20T22:10:25.423+0000] {processor.py:183} INFO - Processing /home/nord/venv/lib/python3.8/site-packages/airflow/example_dags/plugins/listener_plugin.py took 0.073 seconds
[2025-03-20T22:10:55.953+0000] {processor.py:161} INFO - Started process (PID=7875) to work on /home/nord/venv/lib/python3.8/site-packages/airflow/example_dags/plugins/listener_plugin.py
[2025-03-20T22:10:55.955+0000] {processor.py:830} INFO - Processing file /home/nord/venv/lib/python3.8/site-packages/airflow/example_dags/plugins/listener_plugin.py for tasks to queue
[2025-03-20T22:10:55.957+0000] {logging_mixin.py:188} INFO - [2025-03-20T22:10:55.956+0000] {dagbag.py:538} INFO - Filling up the DagBag from /home/nord/venv/lib/python3.8/site-packages/airflow/example_dags/plugins/listener_plugin.py
[2025-03-20T22:10:55.961+0000] {processor.py:842} WARNING - No viable dags retrieved from /home/nord/venv/lib/python3.8/site-packages/airflow/example_dags/plugins/listener_plugin.py
[2025-03-20T22:10:56.008+0000] {processor.py:183} INFO - Processing /home/nord/venv/lib/python3.8/site-packages/airflow/example_dags/plugins/listener_plugin.py took 0.067 seconds
[2025-03-20T22:11:26.306+0000] {processor.py:161} INFO - Started process (PID=8194) to work on /home/nord/venv/lib/python3.8/site-packages/airflow/example_dags/plugins/listener_plugin.py
[2025-03-20T22:11:26.307+0000] {processor.py:830} INFO - Processing file /home/nord/venv/lib/python3.8/site-packages/airflow/example_dags/plugins/listener_plugin.py for tasks to queue
[2025-03-20T22:11:26.309+0000] {logging_mixin.py:188} INFO - [2025-03-20T22:11:26.308+0000] {dagbag.py:538} INFO - Filling up the DagBag from /home/nord/venv/lib/python3.8/site-packages/airflow/example_dags/plugins/listener_plugin.py
[2025-03-20T22:11:26.313+0000] {processor.py:842} WARNING - No viable dags retrieved from /home/nord/venv/lib/python3.8/site-packages/airflow/example_dags/plugins/listener_plugin.py
[2025-03-20T22:11:26.349+0000] {processor.py:183} INFO - Processing /home/nord/venv/lib/python3.8/site-packages/airflow/example_dags/plugins/listener_plugin.py took 0.048 seconds
[2025-03-20T22:11:56.927+0000] {processor.py:161} INFO - Started process (PID=8508) to work on /home/nord/venv/lib/python3.8/site-packages/airflow/example_dags/plugins/listener_plugin.py
[2025-03-20T22:11:56.929+0000] {processor.py:830} INFO - Processing file /home/nord/venv/lib/python3.8/site-packages/airflow/example_dags/plugins/listener_plugin.py for tasks to queue
[2025-03-20T22:11:56.931+0000] {logging_mixin.py:188} INFO - [2025-03-20T22:11:56.930+0000] {dagbag.py:538} INFO - Filling up the DagBag from /home/nord/venv/lib/python3.8/site-packages/airflow/example_dags/plugins/listener_plugin.py
[2025-03-20T22:11:56.935+0000] {processor.py:842} WARNING - No viable dags retrieved from /home/nord/venv/lib/python3.8/site-packages/airflow/example_dags/plugins/listener_plugin.py
[2025-03-20T22:11:56.984+0000] {processor.py:183} INFO - Processing /home/nord/venv/lib/python3.8/site-packages/airflow/example_dags/plugins/listener_plugin.py took 0.062 seconds
