[2025-03-17T12:31:44.839+0000] {taskinstance.py:1956} INFO - Dependencies all met for dep_context=non-requeueable deps ti=<TaskInstance: Google_map.load_phase_2_task manual__2025-03-17T12:26:35.237641+00:00 [queued]>
[2025-03-17T12:31:44.854+0000] {taskinstance.py:1956} INFO - Dependencies all met for dep_context=requeueable deps ti=<TaskInstance: Google_map.load_phase_2_task manual__2025-03-17T12:26:35.237641+00:00 [queued]>
[2025-03-17T12:31:44.855+0000] {taskinstance.py:2170} INFO - Starting attempt 2 of 2
[2025-03-17T12:31:44.895+0000] {taskinstance.py:2191} INFO - Executing <Task(BashOperator): load_phase_2_task> on 2025-03-17 12:26:35.237641+00:00
[2025-03-17T12:31:44.901+0000] {standard_task_runner.py:60} INFO - Started process 55432 to run task
[2025-03-17T12:31:44.908+0000] {standard_task_runner.py:87} INFO - Running: ['airflow', 'tasks', 'run', 'Google_map', 'load_phase_2_task', 'manual__2025-03-17T12:26:35.237641+00:00', '--job-id', '161', '--raw', '--subdir', 'DAGS_FOLDER/google_map_dag_etl.py', '--cfg-path', '/tmp/tmptncsm4_1']
[2025-03-17T12:31:44.911+0000] {standard_task_runner.py:88} INFO - Job 161: Subtask load_phase_2_task
[2025-03-17T12:31:45.115+0000] {task_command.py:423} INFO - Running <TaskInstance: Google_map.load_phase_2_task manual__2025-03-17T12:26:35.237641+00:00 [running]> on host DESKTOP-AVAHALM.
[2025-03-17T12:31:45.436+0000] {taskinstance.py:2480} INFO - Exporting env vars: AIRFLOW_CTX_DAG_OWNER='master_m2si' AIRFLOW_CTX_DAG_ID='Google_map' AIRFLOW_CTX_TASK_ID='load_phase_2_task' AIRFLOW_CTX_EXECUTION_DATE='2025-03-17T12:26:35.237641+00:00' AIRFLOW_CTX_TRY_NUMBER='2' AIRFLOW_CTX_DAG_RUN_ID='manual__2025-03-17T12:26:35.237641+00:00'
[2025-03-17T12:31:45.442+0000] {subprocess.py:63} INFO - Tmp dir root location: /tmp
[2025-03-17T12:31:45.444+0000] {subprocess.py:75} INFO - Running command: ['/usr/bin/bash', '-c', 'cd ~/data_warehouse_project && dbt run --profiles-dir ~/.dbt --models stg_cleaned_reviews fact_reviews']
[2025-03-17T12:31:45.461+0000] {subprocess.py:86} INFO - Output:
[2025-03-17T12:31:49.256+0000] {subprocess.py:93} INFO - [0m12:31:49  Running with dbt=1.9.0-b2
[2025-03-17T12:31:49.263+0000] {subprocess.py:93} INFO - [0m12:31:49  Encountered an error:
[2025-03-17T12:31:49.263+0000] {subprocess.py:93} INFO - Runtime Error
[2025-03-17T12:31:49.264+0000] {subprocess.py:93} INFO -   Could not find profile named 'default'
[2025-03-17T12:31:51.124+0000] {subprocess.py:97} INFO - Command exited with return code 2
[2025-03-17T12:31:51.166+0000] {taskinstance.py:2698} ERROR - Task failed with exception
Traceback (most recent call last):
  File "/home/nord/venv/lib/python3.8/site-packages/airflow/models/taskinstance.py", line 433, in _execute_task
    result = execute_callable(context=context, **execute_callable_kwargs)
  File "/home/nord/venv/lib/python3.8/site-packages/airflow/operators/bash.py", line 212, in execute
    raise AirflowException(
airflow.exceptions.AirflowException: Bash command failed. The command returned a non-zero exit code 2.
[2025-03-17T12:31:51.179+0000] {taskinstance.py:1138} INFO - Marking task as FAILED. dag_id=Google_map, task_id=load_phase_2_task, execution_date=20250317T122635, start_date=20250317T123144, end_date=20250317T123151
[2025-03-17T12:31:51.227+0000] {standard_task_runner.py:107} ERROR - Failed to execute job 161 for task load_phase_2_task (Bash command failed. The command returned a non-zero exit code 2.; 55432)
[2025-03-17T12:31:51.258+0000] {local_task_job_runner.py:234} INFO - Task exited with return code 1
[2025-03-17T12:31:51.358+0000] {taskinstance.py:3280} INFO - 0 downstream tasks scheduled from follow-on schedule check
