[2025-03-20T22:02:05.393+0000] {processor.py:161} INFO - Started process (PID=1441) to work on /home/nord/venv/lib/python3.8/site-packages/airflow/example_dags/example_skip_dag.py
[2025-03-20T22:02:05.395+0000] {processor.py:830} INFO - Processing file /home/nord/venv/lib/python3.8/site-packages/airflow/example_dags/example_skip_dag.py for tasks to queue
[2025-03-20T22:02:05.397+0000] {logging_mixin.py:188} INFO - [2025-03-20T22:02:05.396+0000] {dagbag.py:538} INFO - Filling up the DagBag from /home/nord/venv/lib/python3.8/site-packages/airflow/example_dags/example_skip_dag.py
[2025-03-20T22:02:05.417+0000] {processor.py:840} INFO - DAG(s) 'example_skip_dag' retrieved from /home/nord/venv/lib/python3.8/site-packages/airflow/example_dags/example_skip_dag.py
[2025-03-20T22:02:05.497+0000] {logging_mixin.py:188} INFO - [2025-03-20T22:02:05.496+0000] {dag.py:3036} INFO - Sync 1 DAGs
[2025-03-20T22:02:05.580+0000] {logging_mixin.py:188} INFO - [2025-03-20T22:02:05.580+0000] {dag.py:3823} INFO - Setting next_dagrun for example_skip_dag to 2025-03-19 00:00:00+00:00, run_after=2025-03-20 00:00:00+00:00
[2025-03-20T22:02:05.626+0000] {processor.py:183} INFO - Processing /home/nord/venv/lib/python3.8/site-packages/airflow/example_dags/example_skip_dag.py took 0.242 seconds
[2025-03-20T22:02:36.031+0000] {processor.py:161} INFO - Started process (PID=1781) to work on /home/nord/venv/lib/python3.8/site-packages/airflow/example_dags/example_skip_dag.py
[2025-03-20T22:02:36.034+0000] {processor.py:830} INFO - Processing file /home/nord/venv/lib/python3.8/site-packages/airflow/example_dags/example_skip_dag.py for tasks to queue
[2025-03-20T22:02:36.040+0000] {logging_mixin.py:188} INFO - [2025-03-20T22:02:36.039+0000] {dagbag.py:538} INFO - Filling up the DagBag from /home/nord/venv/lib/python3.8/site-packages/airflow/example_dags/example_skip_dag.py
[2025-03-20T22:02:36.059+0000] {processor.py:840} INFO - DAG(s) 'example_skip_dag' retrieved from /home/nord/venv/lib/python3.8/site-packages/airflow/example_dags/example_skip_dag.py
[2025-03-20T22:02:36.123+0000] {logging_mixin.py:188} INFO - [2025-03-20T22:02:36.123+0000] {dag.py:3036} INFO - Sync 1 DAGs
[2025-03-20T22:02:36.174+0000] {logging_mixin.py:188} INFO - [2025-03-20T22:02:36.173+0000] {dag.py:3823} INFO - Setting next_dagrun for example_skip_dag to 2025-03-19 00:00:00+00:00, run_after=2025-03-20 00:00:00+00:00
[2025-03-20T22:02:36.217+0000] {processor.py:183} INFO - Processing /home/nord/venv/lib/python3.8/site-packages/airflow/example_dags/example_skip_dag.py took 0.192 seconds
[2025-03-20T22:03:10.493+0000] {processor.py:161} INFO - Started process (PID=2402) to work on /home/nord/venv/lib/python3.8/site-packages/airflow/example_dags/example_skip_dag.py
[2025-03-20T22:03:10.499+0000] {processor.py:830} INFO - Processing file /home/nord/venv/lib/python3.8/site-packages/airflow/example_dags/example_skip_dag.py for tasks to queue
[2025-03-20T22:03:10.501+0000] {logging_mixin.py:188} INFO - [2025-03-20T22:03:10.500+0000] {dagbag.py:538} INFO - Filling up the DagBag from /home/nord/venv/lib/python3.8/site-packages/airflow/example_dags/example_skip_dag.py
[2025-03-20T22:03:10.520+0000] {processor.py:840} INFO - DAG(s) 'example_skip_dag' retrieved from /home/nord/venv/lib/python3.8/site-packages/airflow/example_dags/example_skip_dag.py
[2025-03-20T22:03:10.598+0000] {logging_mixin.py:188} INFO - [2025-03-20T22:03:10.597+0000] {dag.py:3036} INFO - Sync 1 DAGs
[2025-03-20T22:03:10.660+0000] {logging_mixin.py:188} INFO - [2025-03-20T22:03:10.660+0000] {dag.py:3823} INFO - Setting next_dagrun for example_skip_dag to 2025-03-19 00:00:00+00:00, run_after=2025-03-20 00:00:00+00:00
[2025-03-20T22:03:10.724+0000] {processor.py:183} INFO - Processing /home/nord/venv/lib/python3.8/site-packages/airflow/example_dags/example_skip_dag.py took 0.239 seconds
[2025-03-20T22:03:41.131+0000] {processor.py:161} INFO - Started process (PID=2818) to work on /home/nord/venv/lib/python3.8/site-packages/airflow/example_dags/example_skip_dag.py
[2025-03-20T22:03:41.135+0000] {processor.py:830} INFO - Processing file /home/nord/venv/lib/python3.8/site-packages/airflow/example_dags/example_skip_dag.py for tasks to queue
[2025-03-20T22:03:41.137+0000] {logging_mixin.py:188} INFO - [2025-03-20T22:03:41.136+0000] {dagbag.py:538} INFO - Filling up the DagBag from /home/nord/venv/lib/python3.8/site-packages/airflow/example_dags/example_skip_dag.py
[2025-03-20T22:03:41.153+0000] {processor.py:840} INFO - DAG(s) 'example_skip_dag' retrieved from /home/nord/venv/lib/python3.8/site-packages/airflow/example_dags/example_skip_dag.py
[2025-03-20T22:03:41.206+0000] {logging_mixin.py:188} INFO - [2025-03-20T22:03:41.206+0000] {dag.py:3036} INFO - Sync 1 DAGs
[2025-03-20T22:03:41.263+0000] {logging_mixin.py:188} INFO - [2025-03-20T22:03:41.263+0000] {dag.py:3823} INFO - Setting next_dagrun for example_skip_dag to 2025-03-19 00:00:00+00:00, run_after=2025-03-20 00:00:00+00:00
[2025-03-20T22:03:41.325+0000] {processor.py:183} INFO - Processing /home/nord/venv/lib/python3.8/site-packages/airflow/example_dags/example_skip_dag.py took 0.201 seconds
[2025-03-20T22:04:12.621+0000] {processor.py:161} INFO - Started process (PID=3158) to work on /home/nord/venv/lib/python3.8/site-packages/airflow/example_dags/example_skip_dag.py
[2025-03-20T22:04:12.635+0000] {processor.py:830} INFO - Processing file /home/nord/venv/lib/python3.8/site-packages/airflow/example_dags/example_skip_dag.py for tasks to queue
[2025-03-20T22:04:12.640+0000] {logging_mixin.py:188} INFO - [2025-03-20T22:04:12.639+0000] {dagbag.py:538} INFO - Filling up the DagBag from /home/nord/venv/lib/python3.8/site-packages/airflow/example_dags/example_skip_dag.py
[2025-03-20T22:04:12.696+0000] {processor.py:840} INFO - DAG(s) 'example_skip_dag' retrieved from /home/nord/venv/lib/python3.8/site-packages/airflow/example_dags/example_skip_dag.py
[2025-03-20T22:04:12.867+0000] {logging_mixin.py:188} INFO - [2025-03-20T22:04:12.866+0000] {dag.py:3036} INFO - Sync 1 DAGs
[2025-03-20T22:04:12.984+0000] {logging_mixin.py:188} INFO - [2025-03-20T22:04:12.983+0000] {dag.py:3823} INFO - Setting next_dagrun for example_skip_dag to 2025-03-19 00:00:00+00:00, run_after=2025-03-20 00:00:00+00:00
[2025-03-20T22:04:13.085+0000] {processor.py:183} INFO - Processing /home/nord/venv/lib/python3.8/site-packages/airflow/example_dags/example_skip_dag.py took 0.486 seconds
[2025-03-20T22:04:43.285+0000] {processor.py:161} INFO - Started process (PID=3477) to work on /home/nord/venv/lib/python3.8/site-packages/airflow/example_dags/example_skip_dag.py
[2025-03-20T22:04:43.287+0000] {processor.py:830} INFO - Processing file /home/nord/venv/lib/python3.8/site-packages/airflow/example_dags/example_skip_dag.py for tasks to queue
[2025-03-20T22:04:43.288+0000] {logging_mixin.py:188} INFO - [2025-03-20T22:04:43.288+0000] {dagbag.py:538} INFO - Filling up the DagBag from /home/nord/venv/lib/python3.8/site-packages/airflow/example_dags/example_skip_dag.py
[2025-03-20T22:04:43.301+0000] {processor.py:840} INFO - DAG(s) 'example_skip_dag' retrieved from /home/nord/venv/lib/python3.8/site-packages/airflow/example_dags/example_skip_dag.py
[2025-03-20T22:04:43.357+0000] {logging_mixin.py:188} INFO - [2025-03-20T22:04:43.357+0000] {dag.py:3036} INFO - Sync 1 DAGs
[2025-03-20T22:04:43.403+0000] {logging_mixin.py:188} INFO - [2025-03-20T22:04:43.403+0000] {dag.py:3823} INFO - Setting next_dagrun for example_skip_dag to 2025-03-19 00:00:00+00:00, run_after=2025-03-20 00:00:00+00:00
[2025-03-20T22:04:43.443+0000] {processor.py:183} INFO - Processing /home/nord/venv/lib/python3.8/site-packages/airflow/example_dags/example_skip_dag.py took 0.165 seconds
[2025-03-20T22:05:14.192+0000] {processor.py:161} INFO - Started process (PID=3802) to work on /home/nord/venv/lib/python3.8/site-packages/airflow/example_dags/example_skip_dag.py
[2025-03-20T22:05:14.194+0000] {processor.py:830} INFO - Processing file /home/nord/venv/lib/python3.8/site-packages/airflow/example_dags/example_skip_dag.py for tasks to queue
[2025-03-20T22:05:14.195+0000] {logging_mixin.py:188} INFO - [2025-03-20T22:05:14.195+0000] {dagbag.py:538} INFO - Filling up the DagBag from /home/nord/venv/lib/python3.8/site-packages/airflow/example_dags/example_skip_dag.py
[2025-03-20T22:05:14.205+0000] {processor.py:840} INFO - DAG(s) 'example_skip_dag' retrieved from /home/nord/venv/lib/python3.8/site-packages/airflow/example_dags/example_skip_dag.py
[2025-03-20T22:05:14.241+0000] {logging_mixin.py:188} INFO - [2025-03-20T22:05:14.241+0000] {dag.py:3036} INFO - Sync 1 DAGs
[2025-03-20T22:05:14.271+0000] {logging_mixin.py:188} INFO - [2025-03-20T22:05:14.271+0000] {dag.py:3823} INFO - Setting next_dagrun for example_skip_dag to 2025-03-19 00:00:00+00:00, run_after=2025-03-20 00:00:00+00:00
[2025-03-20T22:05:14.300+0000] {processor.py:183} INFO - Processing /home/nord/venv/lib/python3.8/site-packages/airflow/example_dags/example_skip_dag.py took 0.112 seconds
[2025-03-20T22:05:51.597+0000] {processor.py:161} INFO - Started process (PID=4406) to work on /home/nord/venv/lib/python3.8/site-packages/airflow/example_dags/example_skip_dag.py
[2025-03-20T22:05:51.599+0000] {processor.py:830} INFO - Processing file /home/nord/venv/lib/python3.8/site-packages/airflow/example_dags/example_skip_dag.py for tasks to queue
[2025-03-20T22:05:51.600+0000] {logging_mixin.py:188} INFO - [2025-03-20T22:05:51.599+0000] {dagbag.py:538} INFO - Filling up the DagBag from /home/nord/venv/lib/python3.8/site-packages/airflow/example_dags/example_skip_dag.py
[2025-03-20T22:05:51.630+0000] {processor.py:840} INFO - DAG(s) 'example_skip_dag' retrieved from /home/nord/venv/lib/python3.8/site-packages/airflow/example_dags/example_skip_dag.py
[2025-03-20T22:05:51.716+0000] {logging_mixin.py:188} INFO - [2025-03-20T22:05:51.716+0000] {dag.py:3036} INFO - Sync 1 DAGs
[2025-03-20T22:05:51.768+0000] {logging_mixin.py:188} INFO - [2025-03-20T22:05:51.767+0000] {dag.py:3823} INFO - Setting next_dagrun for example_skip_dag to 2025-03-19 00:00:00+00:00, run_after=2025-03-20 00:00:00+00:00
[2025-03-20T22:05:51.824+0000] {processor.py:183} INFO - Processing /home/nord/venv/lib/python3.8/site-packages/airflow/example_dags/example_skip_dag.py took 0.235 seconds
[2025-03-20T22:06:22.638+0000] {processor.py:161} INFO - Started process (PID=4729) to work on /home/nord/venv/lib/python3.8/site-packages/airflow/example_dags/example_skip_dag.py
[2025-03-20T22:06:22.640+0000] {processor.py:830} INFO - Processing file /home/nord/venv/lib/python3.8/site-packages/airflow/example_dags/example_skip_dag.py for tasks to queue
[2025-03-20T22:06:22.642+0000] {logging_mixin.py:188} INFO - [2025-03-20T22:06:22.642+0000] {dagbag.py:538} INFO - Filling up the DagBag from /home/nord/venv/lib/python3.8/site-packages/airflow/example_dags/example_skip_dag.py
[2025-03-20T22:06:22.654+0000] {processor.py:840} INFO - DAG(s) 'example_skip_dag' retrieved from /home/nord/venv/lib/python3.8/site-packages/airflow/example_dags/example_skip_dag.py
[2025-03-20T22:06:22.703+0000] {logging_mixin.py:188} INFO - [2025-03-20T22:06:22.703+0000] {dag.py:3036} INFO - Sync 1 DAGs
[2025-03-20T22:06:22.743+0000] {logging_mixin.py:188} INFO - [2025-03-20T22:06:22.742+0000] {dag.py:3823} INFO - Setting next_dagrun for example_skip_dag to 2025-03-19 00:00:00+00:00, run_after=2025-03-20 00:00:00+00:00
[2025-03-20T22:06:22.780+0000] {processor.py:183} INFO - Processing /home/nord/venv/lib/python3.8/site-packages/airflow/example_dags/example_skip_dag.py took 0.148 seconds
[2025-03-20T22:06:53.290+0000] {processor.py:161} INFO - Started process (PID=5052) to work on /home/nord/venv/lib/python3.8/site-packages/airflow/example_dags/example_skip_dag.py
[2025-03-20T22:06:53.291+0000] {processor.py:830} INFO - Processing file /home/nord/venv/lib/python3.8/site-packages/airflow/example_dags/example_skip_dag.py for tasks to queue
[2025-03-20T22:06:53.293+0000] {logging_mixin.py:188} INFO - [2025-03-20T22:06:53.292+0000] {dagbag.py:538} INFO - Filling up the DagBag from /home/nord/venv/lib/python3.8/site-packages/airflow/example_dags/example_skip_dag.py
[2025-03-20T22:06:53.305+0000] {processor.py:840} INFO - DAG(s) 'example_skip_dag' retrieved from /home/nord/venv/lib/python3.8/site-packages/airflow/example_dags/example_skip_dag.py
[2025-03-20T22:06:53.352+0000] {logging_mixin.py:188} INFO - [2025-03-20T22:06:53.351+0000] {dag.py:3036} INFO - Sync 1 DAGs
[2025-03-20T22:06:53.400+0000] {logging_mixin.py:188} INFO - [2025-03-20T22:06:53.399+0000] {dag.py:3823} INFO - Setting next_dagrun for example_skip_dag to 2025-03-19 00:00:00+00:00, run_after=2025-03-20 00:00:00+00:00
[2025-03-20T22:06:53.434+0000] {processor.py:183} INFO - Processing /home/nord/venv/lib/python3.8/site-packages/airflow/example_dags/example_skip_dag.py took 0.151 seconds
[2025-03-20T22:07:24.832+0000] {processor.py:161} INFO - Started process (PID=5516) to work on /home/nord/venv/lib/python3.8/site-packages/airflow/example_dags/example_skip_dag.py
[2025-03-20T22:07:24.833+0000] {processor.py:830} INFO - Processing file /home/nord/venv/lib/python3.8/site-packages/airflow/example_dags/example_skip_dag.py for tasks to queue
[2025-03-20T22:07:24.835+0000] {logging_mixin.py:188} INFO - [2025-03-20T22:07:24.834+0000] {dagbag.py:538} INFO - Filling up the DagBag from /home/nord/venv/lib/python3.8/site-packages/airflow/example_dags/example_skip_dag.py
[2025-03-20T22:07:24.850+0000] {processor.py:840} INFO - DAG(s) 'example_skip_dag' retrieved from /home/nord/venv/lib/python3.8/site-packages/airflow/example_dags/example_skip_dag.py
[2025-03-20T22:07:24.903+0000] {logging_mixin.py:188} INFO - [2025-03-20T22:07:24.903+0000] {dag.py:3036} INFO - Sync 1 DAGs
[2025-03-20T22:07:24.942+0000] {logging_mixin.py:188} INFO - [2025-03-20T22:07:24.942+0000] {dag.py:3823} INFO - Setting next_dagrun for example_skip_dag to 2025-03-19 00:00:00+00:00, run_after=2025-03-20 00:00:00+00:00
[2025-03-20T22:07:24.980+0000] {processor.py:183} INFO - Processing /home/nord/venv/lib/python3.8/site-packages/airflow/example_dags/example_skip_dag.py took 0.154 seconds
[2025-03-20T22:07:55.229+0000] {processor.py:161} INFO - Started process (PID=5859) to work on /home/nord/venv/lib/python3.8/site-packages/airflow/example_dags/example_skip_dag.py
[2025-03-20T22:07:55.230+0000] {processor.py:830} INFO - Processing file /home/nord/venv/lib/python3.8/site-packages/airflow/example_dags/example_skip_dag.py for tasks to queue
[2025-03-20T22:07:55.231+0000] {logging_mixin.py:188} INFO - [2025-03-20T22:07:55.231+0000] {dagbag.py:538} INFO - Filling up the DagBag from /home/nord/venv/lib/python3.8/site-packages/airflow/example_dags/example_skip_dag.py
[2025-03-20T22:07:55.243+0000] {processor.py:840} INFO - DAG(s) 'example_skip_dag' retrieved from /home/nord/venv/lib/python3.8/site-packages/airflow/example_dags/example_skip_dag.py
[2025-03-20T22:07:55.291+0000] {logging_mixin.py:188} INFO - [2025-03-20T22:07:55.290+0000] {dag.py:3036} INFO - Sync 1 DAGs
[2025-03-20T22:07:55.330+0000] {logging_mixin.py:188} INFO - [2025-03-20T22:07:55.330+0000] {dag.py:3823} INFO - Setting next_dagrun for example_skip_dag to 2025-03-19 00:00:00+00:00, run_after=2025-03-20 00:00:00+00:00
[2025-03-20T22:07:55.387+0000] {processor.py:183} INFO - Processing /home/nord/venv/lib/python3.8/site-packages/airflow/example_dags/example_skip_dag.py took 0.164 seconds
[2025-03-20T22:08:25.648+0000] {processor.py:161} INFO - Started process (PID=6182) to work on /home/nord/venv/lib/python3.8/site-packages/airflow/example_dags/example_skip_dag.py
[2025-03-20T22:08:25.649+0000] {processor.py:830} INFO - Processing file /home/nord/venv/lib/python3.8/site-packages/airflow/example_dags/example_skip_dag.py for tasks to queue
[2025-03-20T22:08:25.650+0000] {logging_mixin.py:188} INFO - [2025-03-20T22:08:25.650+0000] {dagbag.py:538} INFO - Filling up the DagBag from /home/nord/venv/lib/python3.8/site-packages/airflow/example_dags/example_skip_dag.py
[2025-03-20T22:08:25.665+0000] {processor.py:840} INFO - DAG(s) 'example_skip_dag' retrieved from /home/nord/venv/lib/python3.8/site-packages/airflow/example_dags/example_skip_dag.py
[2025-03-20T22:08:25.718+0000] {logging_mixin.py:188} INFO - [2025-03-20T22:08:25.718+0000] {dag.py:3036} INFO - Sync 1 DAGs
[2025-03-20T22:08:25.761+0000] {logging_mixin.py:188} INFO - [2025-03-20T22:08:25.761+0000] {dag.py:3823} INFO - Setting next_dagrun for example_skip_dag to 2025-03-19 00:00:00+00:00, run_after=2025-03-20 00:00:00+00:00
[2025-03-20T22:08:25.806+0000] {processor.py:183} INFO - Processing /home/nord/venv/lib/python3.8/site-packages/airflow/example_dags/example_skip_dag.py took 0.163 seconds
[2025-03-20T22:08:56.988+0000] {processor.py:161} INFO - Started process (PID=6531) to work on /home/nord/venv/lib/python3.8/site-packages/airflow/example_dags/example_skip_dag.py
[2025-03-20T22:08:56.989+0000] {processor.py:830} INFO - Processing file /home/nord/venv/lib/python3.8/site-packages/airflow/example_dags/example_skip_dag.py for tasks to queue
[2025-03-20T22:08:56.991+0000] {logging_mixin.py:188} INFO - [2025-03-20T22:08:56.990+0000] {dagbag.py:538} INFO - Filling up the DagBag from /home/nord/venv/lib/python3.8/site-packages/airflow/example_dags/example_skip_dag.py
[2025-03-20T22:08:57.003+0000] {processor.py:840} INFO - DAG(s) 'example_skip_dag' retrieved from /home/nord/venv/lib/python3.8/site-packages/airflow/example_dags/example_skip_dag.py
[2025-03-20T22:08:57.045+0000] {logging_mixin.py:188} INFO - [2025-03-20T22:08:57.045+0000] {dag.py:3036} INFO - Sync 1 DAGs
[2025-03-20T22:08:57.091+0000] {logging_mixin.py:188} INFO - [2025-03-20T22:08:57.091+0000] {dag.py:3823} INFO - Setting next_dagrun for example_skip_dag to 2025-03-19 00:00:00+00:00, run_after=2025-03-20 00:00:00+00:00
[2025-03-20T22:08:57.128+0000] {processor.py:183} INFO - Processing /home/nord/venv/lib/python3.8/site-packages/airflow/example_dags/example_skip_dag.py took 0.145 seconds
[2025-03-20T22:09:27.314+0000] {processor.py:161} INFO - Started process (PID=6933) to work on /home/nord/venv/lib/python3.8/site-packages/airflow/example_dags/example_skip_dag.py
[2025-03-20T22:09:27.326+0000] {processor.py:830} INFO - Processing file /home/nord/venv/lib/python3.8/site-packages/airflow/example_dags/example_skip_dag.py for tasks to queue
[2025-03-20T22:09:27.329+0000] {logging_mixin.py:188} INFO - [2025-03-20T22:09:27.328+0000] {dagbag.py:538} INFO - Filling up the DagBag from /home/nord/venv/lib/python3.8/site-packages/airflow/example_dags/example_skip_dag.py
[2025-03-20T22:09:27.353+0000] {processor.py:840} INFO - DAG(s) 'example_skip_dag' retrieved from /home/nord/venv/lib/python3.8/site-packages/airflow/example_dags/example_skip_dag.py
[2025-03-20T22:09:27.440+0000] {logging_mixin.py:188} INFO - [2025-03-20T22:09:27.440+0000] {dag.py:3036} INFO - Sync 1 DAGs
[2025-03-20T22:09:27.487+0000] {logging_mixin.py:188} INFO - [2025-03-20T22:09:27.486+0000] {dag.py:3823} INFO - Setting next_dagrun for example_skip_dag to 2025-03-19 00:00:00+00:00, run_after=2025-03-20 00:00:00+00:00
[2025-03-20T22:09:27.539+0000] {processor.py:183} INFO - Processing /home/nord/venv/lib/python3.8/site-packages/airflow/example_dags/example_skip_dag.py took 0.231 seconds
[2025-03-20T22:09:57.830+0000] {processor.py:161} INFO - Started process (PID=7291) to work on /home/nord/venv/lib/python3.8/site-packages/airflow/example_dags/example_skip_dag.py
[2025-03-20T22:09:57.832+0000] {processor.py:830} INFO - Processing file /home/nord/venv/lib/python3.8/site-packages/airflow/example_dags/example_skip_dag.py for tasks to queue
[2025-03-20T22:09:57.833+0000] {logging_mixin.py:188} INFO - [2025-03-20T22:09:57.833+0000] {dagbag.py:538} INFO - Filling up the DagBag from /home/nord/venv/lib/python3.8/site-packages/airflow/example_dags/example_skip_dag.py
[2025-03-20T22:09:57.843+0000] {processor.py:840} INFO - DAG(s) 'example_skip_dag' retrieved from /home/nord/venv/lib/python3.8/site-packages/airflow/example_dags/example_skip_dag.py
[2025-03-20T22:09:57.886+0000] {logging_mixin.py:188} INFO - [2025-03-20T22:09:57.886+0000] {dag.py:3036} INFO - Sync 1 DAGs
[2025-03-20T22:09:57.931+0000] {logging_mixin.py:188} INFO - [2025-03-20T22:09:57.930+0000] {dag.py:3823} INFO - Setting next_dagrun for example_skip_dag to 2025-03-19 00:00:00+00:00, run_after=2025-03-20 00:00:00+00:00
[2025-03-20T22:09:57.977+0000] {processor.py:183} INFO - Processing /home/nord/venv/lib/python3.8/site-packages/airflow/example_dags/example_skip_dag.py took 0.152 seconds
[2025-03-20T22:10:28.420+0000] {processor.py:161} INFO - Started process (PID=7643) to work on /home/nord/venv/lib/python3.8/site-packages/airflow/example_dags/example_skip_dag.py
[2025-03-20T22:10:28.421+0000] {processor.py:830} INFO - Processing file /home/nord/venv/lib/python3.8/site-packages/airflow/example_dags/example_skip_dag.py for tasks to queue
[2025-03-20T22:10:28.422+0000] {logging_mixin.py:188} INFO - [2025-03-20T22:10:28.422+0000] {dagbag.py:538} INFO - Filling up the DagBag from /home/nord/venv/lib/python3.8/site-packages/airflow/example_dags/example_skip_dag.py
[2025-03-20T22:10:28.432+0000] {processor.py:840} INFO - DAG(s) 'example_skip_dag' retrieved from /home/nord/venv/lib/python3.8/site-packages/airflow/example_dags/example_skip_dag.py
[2025-03-20T22:10:28.472+0000] {logging_mixin.py:188} INFO - [2025-03-20T22:10:28.472+0000] {dag.py:3036} INFO - Sync 1 DAGs
[2025-03-20T22:10:28.506+0000] {logging_mixin.py:188} INFO - [2025-03-20T22:10:28.505+0000] {dag.py:3823} INFO - Setting next_dagrun for example_skip_dag to 2025-03-19 00:00:00+00:00, run_after=2025-03-20 00:00:00+00:00
[2025-03-20T22:10:28.539+0000] {processor.py:183} INFO - Processing /home/nord/venv/lib/python3.8/site-packages/airflow/example_dags/example_skip_dag.py took 0.126 seconds
[2025-03-20T22:10:58.840+0000] {processor.py:161} INFO - Started process (PID=7971) to work on /home/nord/venv/lib/python3.8/site-packages/airflow/example_dags/example_skip_dag.py
[2025-03-20T22:10:58.842+0000] {processor.py:830} INFO - Processing file /home/nord/venv/lib/python3.8/site-packages/airflow/example_dags/example_skip_dag.py for tasks to queue
[2025-03-20T22:10:58.843+0000] {logging_mixin.py:188} INFO - [2025-03-20T22:10:58.843+0000] {dagbag.py:538} INFO - Filling up the DagBag from /home/nord/venv/lib/python3.8/site-packages/airflow/example_dags/example_skip_dag.py
[2025-03-20T22:10:58.859+0000] {processor.py:840} INFO - DAG(s) 'example_skip_dag' retrieved from /home/nord/venv/lib/python3.8/site-packages/airflow/example_dags/example_skip_dag.py
[2025-03-20T22:10:58.911+0000] {logging_mixin.py:188} INFO - [2025-03-20T22:10:58.911+0000] {dag.py:3036} INFO - Sync 1 DAGs
[2025-03-20T22:10:58.953+0000] {logging_mixin.py:188} INFO - [2025-03-20T22:10:58.952+0000] {dag.py:3823} INFO - Setting next_dagrun for example_skip_dag to 2025-03-19 00:00:00+00:00, run_after=2025-03-20 00:00:00+00:00
[2025-03-20T22:10:58.994+0000] {processor.py:183} INFO - Processing /home/nord/venv/lib/python3.8/site-packages/airflow/example_dags/example_skip_dag.py took 0.162 seconds
[2025-03-20T22:11:29.348+0000] {processor.py:161} INFO - Started process (PID=8293) to work on /home/nord/venv/lib/python3.8/site-packages/airflow/example_dags/example_skip_dag.py
[2025-03-20T22:11:29.352+0000] {processor.py:830} INFO - Processing file /home/nord/venv/lib/python3.8/site-packages/airflow/example_dags/example_skip_dag.py for tasks to queue
[2025-03-20T22:11:29.355+0000] {logging_mixin.py:188} INFO - [2025-03-20T22:11:29.354+0000] {dagbag.py:538} INFO - Filling up the DagBag from /home/nord/venv/lib/python3.8/site-packages/airflow/example_dags/example_skip_dag.py
[2025-03-20T22:11:29.385+0000] {processor.py:840} INFO - DAG(s) 'example_skip_dag' retrieved from /home/nord/venv/lib/python3.8/site-packages/airflow/example_dags/example_skip_dag.py
[2025-03-20T22:11:29.498+0000] {logging_mixin.py:188} INFO - [2025-03-20T22:11:29.498+0000] {dag.py:3036} INFO - Sync 1 DAGs
[2025-03-20T22:11:29.544+0000] {logging_mixin.py:188} INFO - [2025-03-20T22:11:29.544+0000] {dag.py:3823} INFO - Setting next_dagrun for example_skip_dag to 2025-03-19 00:00:00+00:00, run_after=2025-03-20 00:00:00+00:00
[2025-03-20T22:11:29.585+0000] {processor.py:183} INFO - Processing /home/nord/venv/lib/python3.8/site-packages/airflow/example_dags/example_skip_dag.py took 0.249 seconds
