[2025-03-20T22:02:04.859+0000] {processor.py:161} INFO - Started process (PID=1425) to work on /home/nord/venv/lib/python3.8/site-packages/airflow/example_dags/example_branch_python_dop_operator_3.py
[2025-03-20T22:02:04.860+0000] {processor.py:830} INFO - Processing file /home/nord/venv/lib/python3.8/site-packages/airflow/example_dags/example_branch_python_dop_operator_3.py for tasks to queue
[2025-03-20T22:02:04.861+0000] {logging_mixin.py:188} INFO - [2025-03-20T22:02:04.860+0000] {dagbag.py:538} INFO - Filling up the DagBag from /home/nord/venv/lib/python3.8/site-packages/airflow/example_dags/example_branch_python_dop_operator_3.py
[2025-03-20T22:02:04.872+0000] {processor.py:840} INFO - DAG(s) 'example_branch_dop_operator_v3' retrieved from /home/nord/venv/lib/python3.8/site-packages/airflow/example_dags/example_branch_python_dop_operator_3.py
[2025-03-20T22:02:04.921+0000] {logging_mixin.py:188} INFO - [2025-03-20T22:02:04.920+0000] {dag.py:3036} INFO - Sync 1 DAGs
[2025-03-20T22:02:05.003+0000] {logging_mixin.py:188} INFO - [2025-03-20T22:02:05.002+0000] {dag.py:3823} INFO - Setting next_dagrun for example_branch_dop_operator_v3 to 2025-03-20 22:01:00+00:00, run_after=2025-03-20 22:02:00+00:00
[2025-03-20T22:02:05.082+0000] {processor.py:183} INFO - Processing /home/nord/venv/lib/python3.8/site-packages/airflow/example_dags/example_branch_python_dop_operator_3.py took 0.228 seconds
[2025-03-20T22:02:35.666+0000] {processor.py:161} INFO - Started process (PID=1762) to work on /home/nord/venv/lib/python3.8/site-packages/airflow/example_dags/example_branch_python_dop_operator_3.py
[2025-03-20T22:02:35.668+0000] {processor.py:830} INFO - Processing file /home/nord/venv/lib/python3.8/site-packages/airflow/example_dags/example_branch_python_dop_operator_3.py for tasks to queue
[2025-03-20T22:02:35.670+0000] {logging_mixin.py:188} INFO - [2025-03-20T22:02:35.669+0000] {dagbag.py:538} INFO - Filling up the DagBag from /home/nord/venv/lib/python3.8/site-packages/airflow/example_dags/example_branch_python_dop_operator_3.py
[2025-03-20T22:02:35.700+0000] {processor.py:840} INFO - DAG(s) 'example_branch_dop_operator_v3' retrieved from /home/nord/venv/lib/python3.8/site-packages/airflow/example_dags/example_branch_python_dop_operator_3.py
[2025-03-20T22:02:35.775+0000] {logging_mixin.py:188} INFO - [2025-03-20T22:02:35.775+0000] {dag.py:3036} INFO - Sync 1 DAGs
[2025-03-20T22:02:35.851+0000] {logging_mixin.py:188} INFO - [2025-03-20T22:02:35.851+0000] {dag.py:3823} INFO - Setting next_dagrun for example_branch_dop_operator_v3 to 2025-03-20 22:01:00+00:00, run_after=2025-03-20 22:02:00+00:00
[2025-03-20T22:02:35.914+0000] {processor.py:183} INFO - Processing /home/nord/venv/lib/python3.8/site-packages/airflow/example_dags/example_branch_python_dop_operator_3.py took 0.259 seconds
[2025-03-20T22:03:09.590+0000] {processor.py:161} INFO - Started process (PID=2372) to work on /home/nord/venv/lib/python3.8/site-packages/airflow/example_dags/example_branch_python_dop_operator_3.py
[2025-03-20T22:03:09.602+0000] {processor.py:830} INFO - Processing file /home/nord/venv/lib/python3.8/site-packages/airflow/example_dags/example_branch_python_dop_operator_3.py for tasks to queue
[2025-03-20T22:03:09.606+0000] {logging_mixin.py:188} INFO - [2025-03-20T22:03:09.603+0000] {dagbag.py:538} INFO - Filling up the DagBag from /home/nord/venv/lib/python3.8/site-packages/airflow/example_dags/example_branch_python_dop_operator_3.py
[2025-03-20T22:03:09.665+0000] {processor.py:840} INFO - DAG(s) 'example_branch_dop_operator_v3' retrieved from /home/nord/venv/lib/python3.8/site-packages/airflow/example_dags/example_branch_python_dop_operator_3.py
[2025-03-20T22:03:09.803+0000] {logging_mixin.py:188} INFO - [2025-03-20T22:03:09.802+0000] {dag.py:3036} INFO - Sync 1 DAGs
[2025-03-20T22:03:09.957+0000] {logging_mixin.py:188} INFO - [2025-03-20T22:03:09.956+0000] {dag.py:3823} INFO - Setting next_dagrun for example_branch_dop_operator_v3 to 2025-03-20 22:02:00+00:00, run_after=2025-03-20 22:03:00+00:00
[2025-03-20T22:03:10.094+0000] {processor.py:183} INFO - Processing /home/nord/venv/lib/python3.8/site-packages/airflow/example_dags/example_branch_python_dop_operator_3.py took 0.516 seconds
[2025-03-20T22:03:40.810+0000] {processor.py:161} INFO - Started process (PID=2798) to work on /home/nord/venv/lib/python3.8/site-packages/airflow/example_dags/example_branch_python_dop_operator_3.py
[2025-03-20T22:03:40.811+0000] {processor.py:830} INFO - Processing file /home/nord/venv/lib/python3.8/site-packages/airflow/example_dags/example_branch_python_dop_operator_3.py for tasks to queue
[2025-03-20T22:03:40.813+0000] {logging_mixin.py:188} INFO - [2025-03-20T22:03:40.813+0000] {dagbag.py:538} INFO - Filling up the DagBag from /home/nord/venv/lib/python3.8/site-packages/airflow/example_dags/example_branch_python_dop_operator_3.py
[2025-03-20T22:03:40.829+0000] {processor.py:840} INFO - DAG(s) 'example_branch_dop_operator_v3' retrieved from /home/nord/venv/lib/python3.8/site-packages/airflow/example_dags/example_branch_python_dop_operator_3.py
[2025-03-20T22:03:40.889+0000] {logging_mixin.py:188} INFO - [2025-03-20T22:03:40.889+0000] {dag.py:3036} INFO - Sync 1 DAGs
[2025-03-20T22:03:40.939+0000] {logging_mixin.py:188} INFO - [2025-03-20T22:03:40.939+0000] {dag.py:3823} INFO - Setting next_dagrun for example_branch_dop_operator_v3 to 2025-03-20 22:02:00+00:00, run_after=2025-03-20 22:03:00+00:00
[2025-03-20T22:03:40.989+0000] {processor.py:183} INFO - Processing /home/nord/venv/lib/python3.8/site-packages/airflow/example_dags/example_branch_python_dop_operator_3.py took 0.192 seconds
[2025-03-20T22:04:11.736+0000] {processor.py:161} INFO - Started process (PID=3136) to work on /home/nord/venv/lib/python3.8/site-packages/airflow/example_dags/example_branch_python_dop_operator_3.py
[2025-03-20T22:04:11.739+0000] {processor.py:830} INFO - Processing file /home/nord/venv/lib/python3.8/site-packages/airflow/example_dags/example_branch_python_dop_operator_3.py for tasks to queue
[2025-03-20T22:04:11.740+0000] {logging_mixin.py:188} INFO - [2025-03-20T22:04:11.740+0000] {dagbag.py:538} INFO - Filling up the DagBag from /home/nord/venv/lib/python3.8/site-packages/airflow/example_dags/example_branch_python_dop_operator_3.py
[2025-03-20T22:04:11.766+0000] {processor.py:840} INFO - DAG(s) 'example_branch_dop_operator_v3' retrieved from /home/nord/venv/lib/python3.8/site-packages/airflow/example_dags/example_branch_python_dop_operator_3.py
[2025-03-20T22:04:11.863+0000] {logging_mixin.py:188} INFO - [2025-03-20T22:04:11.863+0000] {dag.py:3036} INFO - Sync 1 DAGs
[2025-03-20T22:04:11.953+0000] {logging_mixin.py:188} INFO - [2025-03-20T22:04:11.953+0000] {dag.py:3823} INFO - Setting next_dagrun for example_branch_dop_operator_v3 to 2025-03-20 22:03:00+00:00, run_after=2025-03-20 22:04:00+00:00
[2025-03-20T22:04:12.008+0000] {processor.py:183} INFO - Processing /home/nord/venv/lib/python3.8/site-packages/airflow/example_dags/example_branch_python_dop_operator_3.py took 0.279 seconds
[2025-03-20T22:04:42.945+0000] {processor.py:161} INFO - Started process (PID=3459) to work on /home/nord/venv/lib/python3.8/site-packages/airflow/example_dags/example_branch_python_dop_operator_3.py
[2025-03-20T22:04:42.947+0000] {processor.py:830} INFO - Processing file /home/nord/venv/lib/python3.8/site-packages/airflow/example_dags/example_branch_python_dop_operator_3.py for tasks to queue
[2025-03-20T22:04:42.950+0000] {logging_mixin.py:188} INFO - [2025-03-20T22:04:42.949+0000] {dagbag.py:538} INFO - Filling up the DagBag from /home/nord/venv/lib/python3.8/site-packages/airflow/example_dags/example_branch_python_dop_operator_3.py
[2025-03-20T22:04:42.978+0000] {processor.py:840} INFO - DAG(s) 'example_branch_dop_operator_v3' retrieved from /home/nord/venv/lib/python3.8/site-packages/airflow/example_dags/example_branch_python_dop_operator_3.py
[2025-03-20T22:04:43.059+0000] {logging_mixin.py:188} INFO - [2025-03-20T22:04:43.058+0000] {dag.py:3036} INFO - Sync 1 DAGs
[2025-03-20T22:04:43.120+0000] {logging_mixin.py:188} INFO - [2025-03-20T22:04:43.120+0000] {dag.py:3823} INFO - Setting next_dagrun for example_branch_dop_operator_v3 to 2025-03-20 22:03:00+00:00, run_after=2025-03-20 22:04:00+00:00
[2025-03-20T22:04:43.162+0000] {processor.py:183} INFO - Processing /home/nord/venv/lib/python3.8/site-packages/airflow/example_dags/example_branch_python_dop_operator_3.py took 0.275 seconds
[2025-03-20T22:05:13.835+0000] {processor.py:161} INFO - Started process (PID=3784) to work on /home/nord/venv/lib/python3.8/site-packages/airflow/example_dags/example_branch_python_dop_operator_3.py
[2025-03-20T22:05:13.838+0000] {processor.py:830} INFO - Processing file /home/nord/venv/lib/python3.8/site-packages/airflow/example_dags/example_branch_python_dop_operator_3.py for tasks to queue
[2025-03-20T22:05:13.842+0000] {logging_mixin.py:188} INFO - [2025-03-20T22:05:13.841+0000] {dagbag.py:538} INFO - Filling up the DagBag from /home/nord/venv/lib/python3.8/site-packages/airflow/example_dags/example_branch_python_dop_operator_3.py
[2025-03-20T22:05:13.890+0000] {processor.py:840} INFO - DAG(s) 'example_branch_dop_operator_v3' retrieved from /home/nord/venv/lib/python3.8/site-packages/airflow/example_dags/example_branch_python_dop_operator_3.py
[2025-03-20T22:05:13.957+0000] {logging_mixin.py:188} INFO - [2025-03-20T22:05:13.956+0000] {dag.py:3036} INFO - Sync 1 DAGs
[2025-03-20T22:05:14.010+0000] {logging_mixin.py:188} INFO - [2025-03-20T22:05:14.009+0000] {dag.py:3823} INFO - Setting next_dagrun for example_branch_dop_operator_v3 to 2025-03-20 22:04:00+00:00, run_after=2025-03-20 22:05:00+00:00
[2025-03-20T22:05:14.053+0000] {processor.py:183} INFO - Processing /home/nord/venv/lib/python3.8/site-packages/airflow/example_dags/example_branch_python_dop_operator_3.py took 0.242 seconds
[2025-03-20T22:05:51.332+0000] {processor.py:161} INFO - Started process (PID=4388) to work on /home/nord/venv/lib/python3.8/site-packages/airflow/example_dags/example_branch_python_dop_operator_3.py
[2025-03-20T22:05:51.334+0000] {processor.py:830} INFO - Processing file /home/nord/venv/lib/python3.8/site-packages/airflow/example_dags/example_branch_python_dop_operator_3.py for tasks to queue
[2025-03-20T22:05:51.335+0000] {logging_mixin.py:188} INFO - [2025-03-20T22:05:51.335+0000] {dagbag.py:538} INFO - Filling up the DagBag from /home/nord/venv/lib/python3.8/site-packages/airflow/example_dags/example_branch_python_dop_operator_3.py
[2025-03-20T22:05:51.356+0000] {processor.py:840} INFO - DAG(s) 'example_branch_dop_operator_v3' retrieved from /home/nord/venv/lib/python3.8/site-packages/airflow/example_dags/example_branch_python_dop_operator_3.py
[2025-03-20T22:05:51.423+0000] {logging_mixin.py:188} INFO - [2025-03-20T22:05:51.422+0000] {dag.py:3036} INFO - Sync 1 DAGs
[2025-03-20T22:05:51.472+0000] {logging_mixin.py:188} INFO - [2025-03-20T22:05:51.472+0000] {dag.py:3823} INFO - Setting next_dagrun for example_branch_dop_operator_v3 to 2025-03-20 22:04:00+00:00, run_after=2025-03-20 22:05:00+00:00
[2025-03-20T22:05:51.507+0000] {processor.py:183} INFO - Processing /home/nord/venv/lib/python3.8/site-packages/airflow/example_dags/example_branch_python_dop_operator_3.py took 0.182 seconds
[2025-03-20T22:06:22.385+0000] {processor.py:161} INFO - Started process (PID=4711) to work on /home/nord/venv/lib/python3.8/site-packages/airflow/example_dags/example_branch_python_dop_operator_3.py
[2025-03-20T22:06:22.386+0000] {processor.py:830} INFO - Processing file /home/nord/venv/lib/python3.8/site-packages/airflow/example_dags/example_branch_python_dop_operator_3.py for tasks to queue
[2025-03-20T22:06:22.392+0000] {logging_mixin.py:188} INFO - [2025-03-20T22:06:22.388+0000] {dagbag.py:538} INFO - Filling up the DagBag from /home/nord/venv/lib/python3.8/site-packages/airflow/example_dags/example_branch_python_dop_operator_3.py
[2025-03-20T22:06:22.423+0000] {processor.py:840} INFO - DAG(s) 'example_branch_dop_operator_v3' retrieved from /home/nord/venv/lib/python3.8/site-packages/airflow/example_dags/example_branch_python_dop_operator_3.py
[2025-03-20T22:06:22.470+0000] {logging_mixin.py:188} INFO - [2025-03-20T22:06:22.470+0000] {dag.py:3036} INFO - Sync 1 DAGs
[2025-03-20T22:06:22.517+0000] {logging_mixin.py:188} INFO - [2025-03-20T22:06:22.516+0000] {dag.py:3823} INFO - Setting next_dagrun for example_branch_dop_operator_v3 to 2025-03-20 22:05:00+00:00, run_after=2025-03-20 22:06:00+00:00
[2025-03-20T22:06:22.554+0000] {processor.py:183} INFO - Processing /home/nord/venv/lib/python3.8/site-packages/airflow/example_dags/example_branch_python_dop_operator_3.py took 0.175 seconds
[2025-03-20T22:06:52.999+0000] {processor.py:161} INFO - Started process (PID=5034) to work on /home/nord/venv/lib/python3.8/site-packages/airflow/example_dags/example_branch_python_dop_operator_3.py
[2025-03-20T22:06:53.001+0000] {processor.py:830} INFO - Processing file /home/nord/venv/lib/python3.8/site-packages/airflow/example_dags/example_branch_python_dop_operator_3.py for tasks to queue
[2025-03-20T22:06:53.004+0000] {logging_mixin.py:188} INFO - [2025-03-20T22:06:53.003+0000] {dagbag.py:538} INFO - Filling up the DagBag from /home/nord/venv/lib/python3.8/site-packages/airflow/example_dags/example_branch_python_dop_operator_3.py
[2025-03-20T22:06:53.017+0000] {processor.py:840} INFO - DAG(s) 'example_branch_dop_operator_v3' retrieved from /home/nord/venv/lib/python3.8/site-packages/airflow/example_dags/example_branch_python_dop_operator_3.py
[2025-03-20T22:06:53.066+0000] {logging_mixin.py:188} INFO - [2025-03-20T22:06:53.066+0000] {dag.py:3036} INFO - Sync 1 DAGs
[2025-03-20T22:06:53.120+0000] {logging_mixin.py:188} INFO - [2025-03-20T22:06:53.120+0000] {dag.py:3823} INFO - Setting next_dagrun for example_branch_dop_operator_v3 to 2025-03-20 22:05:00+00:00, run_after=2025-03-20 22:06:00+00:00
[2025-03-20T22:06:53.160+0000] {processor.py:183} INFO - Processing /home/nord/venv/lib/python3.8/site-packages/airflow/example_dags/example_branch_python_dop_operator_3.py took 0.165 seconds
[2025-03-20T22:07:24.343+0000] {processor.py:161} INFO - Started process (PID=5497) to work on /home/nord/venv/lib/python3.8/site-packages/airflow/example_dags/example_branch_python_dop_operator_3.py
[2025-03-20T22:07:24.344+0000] {processor.py:830} INFO - Processing file /home/nord/venv/lib/python3.8/site-packages/airflow/example_dags/example_branch_python_dop_operator_3.py for tasks to queue
[2025-03-20T22:07:24.346+0000] {logging_mixin.py:188} INFO - [2025-03-20T22:07:24.345+0000] {dagbag.py:538} INFO - Filling up the DagBag from /home/nord/venv/lib/python3.8/site-packages/airflow/example_dags/example_branch_python_dop_operator_3.py
[2025-03-20T22:07:24.359+0000] {processor.py:840} INFO - DAG(s) 'example_branch_dop_operator_v3' retrieved from /home/nord/venv/lib/python3.8/site-packages/airflow/example_dags/example_branch_python_dop_operator_3.py
[2025-03-20T22:07:24.400+0000] {logging_mixin.py:188} INFO - [2025-03-20T22:07:24.400+0000] {dag.py:3036} INFO - Sync 1 DAGs
[2025-03-20T22:07:24.445+0000] {logging_mixin.py:188} INFO - [2025-03-20T22:07:24.444+0000] {dag.py:3823} INFO - Setting next_dagrun for example_branch_dop_operator_v3 to 2025-03-20 22:06:00+00:00, run_after=2025-03-20 22:07:00+00:00
[2025-03-20T22:07:24.492+0000] {processor.py:183} INFO - Processing /home/nord/venv/lib/python3.8/site-packages/airflow/example_dags/example_branch_python_dop_operator_3.py took 0.155 seconds
[2025-03-20T22:07:54.683+0000] {processor.py:161} INFO - Started process (PID=5832) to work on /home/nord/venv/lib/python3.8/site-packages/airflow/example_dags/example_branch_python_dop_operator_3.py
[2025-03-20T22:07:54.686+0000] {processor.py:830} INFO - Processing file /home/nord/venv/lib/python3.8/site-packages/airflow/example_dags/example_branch_python_dop_operator_3.py for tasks to queue
[2025-03-20T22:07:54.688+0000] {logging_mixin.py:188} INFO - [2025-03-20T22:07:54.687+0000] {dagbag.py:538} INFO - Filling up the DagBag from /home/nord/venv/lib/python3.8/site-packages/airflow/example_dags/example_branch_python_dop_operator_3.py
[2025-03-20T22:07:54.705+0000] {processor.py:840} INFO - DAG(s) 'example_branch_dop_operator_v3' retrieved from /home/nord/venv/lib/python3.8/site-packages/airflow/example_dags/example_branch_python_dop_operator_3.py
[2025-03-20T22:07:54.755+0000] {logging_mixin.py:188} INFO - [2025-03-20T22:07:54.755+0000] {dag.py:3036} INFO - Sync 1 DAGs
[2025-03-20T22:07:54.797+0000] {logging_mixin.py:188} INFO - [2025-03-20T22:07:54.797+0000] {dag.py:3823} INFO - Setting next_dagrun for example_branch_dop_operator_v3 to 2025-03-20 22:06:00+00:00, run_after=2025-03-20 22:07:00+00:00
[2025-03-20T22:07:54.829+0000] {processor.py:183} INFO - Processing /home/nord/venv/lib/python3.8/site-packages/airflow/example_dags/example_branch_python_dop_operator_3.py took 0.152 seconds
[2025-03-20T22:08:25.354+0000] {processor.py:161} INFO - Started process (PID=6163) to work on /home/nord/venv/lib/python3.8/site-packages/airflow/example_dags/example_branch_python_dop_operator_3.py
[2025-03-20T22:08:25.356+0000] {processor.py:830} INFO - Processing file /home/nord/venv/lib/python3.8/site-packages/airflow/example_dags/example_branch_python_dop_operator_3.py for tasks to queue
[2025-03-20T22:08:25.358+0000] {logging_mixin.py:188} INFO - [2025-03-20T22:08:25.358+0000] {dagbag.py:538} INFO - Filling up the DagBag from /home/nord/venv/lib/python3.8/site-packages/airflow/example_dags/example_branch_python_dop_operator_3.py
[2025-03-20T22:08:25.375+0000] {processor.py:840} INFO - DAG(s) 'example_branch_dop_operator_v3' retrieved from /home/nord/venv/lib/python3.8/site-packages/airflow/example_dags/example_branch_python_dop_operator_3.py
[2025-03-20T22:08:25.419+0000] {logging_mixin.py:188} INFO - [2025-03-20T22:08:25.419+0000] {dag.py:3036} INFO - Sync 1 DAGs
[2025-03-20T22:08:25.479+0000] {logging_mixin.py:188} INFO - [2025-03-20T22:08:25.478+0000] {dag.py:3823} INFO - Setting next_dagrun for example_branch_dop_operator_v3 to 2025-03-20 22:07:00+00:00, run_after=2025-03-20 22:08:00+00:00
[2025-03-20T22:08:25.517+0000] {processor.py:183} INFO - Processing /home/nord/venv/lib/python3.8/site-packages/airflow/example_dags/example_branch_python_dop_operator_3.py took 0.170 seconds
[2025-03-20T22:08:56.560+0000] {processor.py:161} INFO - Started process (PID=6511) to work on /home/nord/venv/lib/python3.8/site-packages/airflow/example_dags/example_branch_python_dop_operator_3.py
[2025-03-20T22:08:56.562+0000] {processor.py:830} INFO - Processing file /home/nord/venv/lib/python3.8/site-packages/airflow/example_dags/example_branch_python_dop_operator_3.py for tasks to queue
[2025-03-20T22:08:56.563+0000] {logging_mixin.py:188} INFO - [2025-03-20T22:08:56.563+0000] {dagbag.py:538} INFO - Filling up the DagBag from /home/nord/venv/lib/python3.8/site-packages/airflow/example_dags/example_branch_python_dop_operator_3.py
[2025-03-20T22:08:56.589+0000] {processor.py:840} INFO - DAG(s) 'example_branch_dop_operator_v3' retrieved from /home/nord/venv/lib/python3.8/site-packages/airflow/example_dags/example_branch_python_dop_operator_3.py
[2025-03-20T22:08:56.667+0000] {logging_mixin.py:188} INFO - [2025-03-20T22:08:56.666+0000] {dag.py:3036} INFO - Sync 1 DAGs
[2025-03-20T22:08:56.754+0000] {logging_mixin.py:188} INFO - [2025-03-20T22:08:56.753+0000] {dag.py:3823} INFO - Setting next_dagrun for example_branch_dop_operator_v3 to 2025-03-20 22:07:00+00:00, run_after=2025-03-20 22:08:00+00:00
[2025-03-20T22:08:56.815+0000] {processor.py:183} INFO - Processing /home/nord/venv/lib/python3.8/site-packages/airflow/example_dags/example_branch_python_dop_operator_3.py took 0.268 seconds
[2025-03-20T22:09:26.903+0000] {processor.py:161} INFO - Started process (PID=6913) to work on /home/nord/venv/lib/python3.8/site-packages/airflow/example_dags/example_branch_python_dop_operator_3.py
[2025-03-20T22:09:26.904+0000] {processor.py:830} INFO - Processing file /home/nord/venv/lib/python3.8/site-packages/airflow/example_dags/example_branch_python_dop_operator_3.py for tasks to queue
[2025-03-20T22:09:26.906+0000] {logging_mixin.py:188} INFO - [2025-03-20T22:09:26.905+0000] {dagbag.py:538} INFO - Filling up the DagBag from /home/nord/venv/lib/python3.8/site-packages/airflow/example_dags/example_branch_python_dop_operator_3.py
[2025-03-20T22:09:26.922+0000] {processor.py:840} INFO - DAG(s) 'example_branch_dop_operator_v3' retrieved from /home/nord/venv/lib/python3.8/site-packages/airflow/example_dags/example_branch_python_dop_operator_3.py
[2025-03-20T22:09:26.976+0000] {logging_mixin.py:188} INFO - [2025-03-20T22:09:26.975+0000] {dag.py:3036} INFO - Sync 1 DAGs
[2025-03-20T22:09:27.024+0000] {logging_mixin.py:188} INFO - [2025-03-20T22:09:27.023+0000] {dag.py:3823} INFO - Setting next_dagrun for example_branch_dop_operator_v3 to 2025-03-20 22:08:00+00:00, run_after=2025-03-20 22:09:00+00:00
[2025-03-20T22:09:27.063+0000] {processor.py:183} INFO - Processing /home/nord/venv/lib/python3.8/site-packages/airflow/example_dags/example_branch_python_dop_operator_3.py took 0.166 seconds
[2025-03-20T22:09:57.543+0000] {processor.py:161} INFO - Started process (PID=7271) to work on /home/nord/venv/lib/python3.8/site-packages/airflow/example_dags/example_branch_python_dop_operator_3.py
[2025-03-20T22:09:57.545+0000] {processor.py:830} INFO - Processing file /home/nord/venv/lib/python3.8/site-packages/airflow/example_dags/example_branch_python_dop_operator_3.py for tasks to queue
[2025-03-20T22:09:57.548+0000] {logging_mixin.py:188} INFO - [2025-03-20T22:09:57.546+0000] {dagbag.py:538} INFO - Filling up the DagBag from /home/nord/venv/lib/python3.8/site-packages/airflow/example_dags/example_branch_python_dop_operator_3.py
[2025-03-20T22:09:57.567+0000] {processor.py:840} INFO - DAG(s) 'example_branch_dop_operator_v3' retrieved from /home/nord/venv/lib/python3.8/site-packages/airflow/example_dags/example_branch_python_dop_operator_3.py
[2025-03-20T22:09:57.621+0000] {logging_mixin.py:188} INFO - [2025-03-20T22:09:57.620+0000] {dag.py:3036} INFO - Sync 1 DAGs
[2025-03-20T22:09:57.672+0000] {logging_mixin.py:188} INFO - [2025-03-20T22:09:57.671+0000] {dag.py:3823} INFO - Setting next_dagrun for example_branch_dop_operator_v3 to 2025-03-20 22:08:00+00:00, run_after=2025-03-20 22:09:00+00:00
[2025-03-20T22:09:57.706+0000] {processor.py:183} INFO - Processing /home/nord/venv/lib/python3.8/site-packages/airflow/example_dags/example_branch_python_dop_operator_3.py took 0.170 seconds
[2025-03-20T22:10:28.035+0000] {processor.py:161} INFO - Started process (PID=7623) to work on /home/nord/venv/lib/python3.8/site-packages/airflow/example_dags/example_branch_python_dop_operator_3.py
[2025-03-20T22:10:28.037+0000] {processor.py:830} INFO - Processing file /home/nord/venv/lib/python3.8/site-packages/airflow/example_dags/example_branch_python_dop_operator_3.py for tasks to queue
[2025-03-20T22:10:28.038+0000] {logging_mixin.py:188} INFO - [2025-03-20T22:10:28.037+0000] {dagbag.py:538} INFO - Filling up the DagBag from /home/nord/venv/lib/python3.8/site-packages/airflow/example_dags/example_branch_python_dop_operator_3.py
[2025-03-20T22:10:28.054+0000] {processor.py:840} INFO - DAG(s) 'example_branch_dop_operator_v3' retrieved from /home/nord/venv/lib/python3.8/site-packages/airflow/example_dags/example_branch_python_dop_operator_3.py
[2025-03-20T22:10:28.109+0000] {logging_mixin.py:188} INFO - [2025-03-20T22:10:28.108+0000] {dag.py:3036} INFO - Sync 1 DAGs
[2025-03-20T22:10:28.156+0000] {logging_mixin.py:188} INFO - [2025-03-20T22:10:28.155+0000] {dag.py:3823} INFO - Setting next_dagrun for example_branch_dop_operator_v3 to 2025-03-20 22:09:00+00:00, run_after=2025-03-20 22:10:00+00:00
[2025-03-20T22:10:28.191+0000] {processor.py:183} INFO - Processing /home/nord/venv/lib/python3.8/site-packages/airflow/example_dags/example_branch_python_dop_operator_3.py took 0.162 seconds
[2025-03-20T22:10:58.365+0000] {processor.py:161} INFO - Started process (PID=7951) to work on /home/nord/venv/lib/python3.8/site-packages/airflow/example_dags/example_branch_python_dop_operator_3.py
[2025-03-20T22:10:58.368+0000] {processor.py:830} INFO - Processing file /home/nord/venv/lib/python3.8/site-packages/airflow/example_dags/example_branch_python_dop_operator_3.py for tasks to queue
[2025-03-20T22:10:58.370+0000] {logging_mixin.py:188} INFO - [2025-03-20T22:10:58.369+0000] {dagbag.py:538} INFO - Filling up the DagBag from /home/nord/venv/lib/python3.8/site-packages/airflow/example_dags/example_branch_python_dop_operator_3.py
[2025-03-20T22:10:58.400+0000] {processor.py:840} INFO - DAG(s) 'example_branch_dop_operator_v3' retrieved from /home/nord/venv/lib/python3.8/site-packages/airflow/example_dags/example_branch_python_dop_operator_3.py
[2025-03-20T22:10:58.461+0000] {logging_mixin.py:188} INFO - [2025-03-20T22:10:58.461+0000] {dag.py:3036} INFO - Sync 1 DAGs
[2025-03-20T22:10:58.529+0000] {logging_mixin.py:188} INFO - [2025-03-20T22:10:58.528+0000] {dag.py:3823} INFO - Setting next_dagrun for example_branch_dop_operator_v3 to 2025-03-20 22:09:00+00:00, run_after=2025-03-20 22:10:00+00:00
[2025-03-20T22:10:58.591+0000] {processor.py:183} INFO - Processing /home/nord/venv/lib/python3.8/site-packages/airflow/example_dags/example_branch_python_dop_operator_3.py took 0.234 seconds
[2025-03-20T22:11:28.948+0000] {processor.py:161} INFO - Started process (PID=8273) to work on /home/nord/venv/lib/python3.8/site-packages/airflow/example_dags/example_branch_python_dop_operator_3.py
[2025-03-20T22:11:28.950+0000] {processor.py:830} INFO - Processing file /home/nord/venv/lib/python3.8/site-packages/airflow/example_dags/example_branch_python_dop_operator_3.py for tasks to queue
[2025-03-20T22:11:28.951+0000] {logging_mixin.py:188} INFO - [2025-03-20T22:11:28.951+0000] {dagbag.py:538} INFO - Filling up the DagBag from /home/nord/venv/lib/python3.8/site-packages/airflow/example_dags/example_branch_python_dop_operator_3.py
[2025-03-20T22:11:28.968+0000] {processor.py:840} INFO - DAG(s) 'example_branch_dop_operator_v3' retrieved from /home/nord/venv/lib/python3.8/site-packages/airflow/example_dags/example_branch_python_dop_operator_3.py
[2025-03-20T22:11:29.015+0000] {logging_mixin.py:188} INFO - [2025-03-20T22:11:29.015+0000] {dag.py:3036} INFO - Sync 1 DAGs
[2025-03-20T22:11:29.064+0000] {logging_mixin.py:188} INFO - [2025-03-20T22:11:29.063+0000] {dag.py:3823} INFO - Setting next_dagrun for example_branch_dop_operator_v3 to 2025-03-20 22:10:00+00:00, run_after=2025-03-20 22:11:00+00:00
[2025-03-20T22:11:29.104+0000] {processor.py:183} INFO - Processing /home/nord/venv/lib/python3.8/site-packages/airflow/example_dags/example_branch_python_dop_operator_3.py took 0.162 seconds
