[2025-03-20T22:02:04.000+0000] {processor.py:161} INFO - Started process (PID=1386) to work on /home/nord/venv/lib/python3.8/site-packages/airflow/example_dags/example_xcom.py
[2025-03-20T22:02:04.002+0000] {processor.py:830} INFO - Processing file /home/nord/venv/lib/python3.8/site-packages/airflow/example_dags/example_xcom.py for tasks to queue
[2025-03-20T22:02:04.003+0000] {logging_mixin.py:188} INFO - [2025-03-20T22:02:04.003+0000] {dagbag.py:538} INFO - Filling up the DagBag from /home/nord/venv/lib/python3.8/site-packages/airflow/example_dags/example_xcom.py
[2025-03-20T22:02:04.016+0000] {processor.py:840} INFO - DAG(s) 'example_xcom' retrieved from /home/nord/venv/lib/python3.8/site-packages/airflow/example_dags/example_xcom.py
[2025-03-20T22:02:04.075+0000] {logging_mixin.py:188} INFO - [2025-03-20T22:02:04.074+0000] {dag.py:3036} INFO - Sync 1 DAGs
[2025-03-20T22:02:04.133+0000] {logging_mixin.py:188} INFO - [2025-03-20T22:02:04.133+0000] {dag.py:3823} INFO - Setting next_dagrun for example_xcom to 2021-01-01 00:00:00+00:00, run_after=2021-01-01 00:00:00+00:00
[2025-03-20T22:02:04.184+0000] {processor.py:183} INFO - Processing /home/nord/venv/lib/python3.8/site-packages/airflow/example_dags/example_xcom.py took 0.190 seconds
[2025-03-20T22:02:34.399+0000] {processor.py:161} INFO - Started process (PID=1721) to work on /home/nord/venv/lib/python3.8/site-packages/airflow/example_dags/example_xcom.py
[2025-03-20T22:02:34.400+0000] {processor.py:830} INFO - Processing file /home/nord/venv/lib/python3.8/site-packages/airflow/example_dags/example_xcom.py for tasks to queue
[2025-03-20T22:02:34.403+0000] {logging_mixin.py:188} INFO - [2025-03-20T22:02:34.401+0000] {dagbag.py:538} INFO - Filling up the DagBag from /home/nord/venv/lib/python3.8/site-packages/airflow/example_dags/example_xcom.py
[2025-03-20T22:02:34.424+0000] {processor.py:840} INFO - DAG(s) 'example_xcom' retrieved from /home/nord/venv/lib/python3.8/site-packages/airflow/example_dags/example_xcom.py
[2025-03-20T22:02:34.509+0000] {logging_mixin.py:188} INFO - [2025-03-20T22:02:34.509+0000] {dag.py:3036} INFO - Sync 1 DAGs
[2025-03-20T22:02:34.548+0000] {logging_mixin.py:188} INFO - [2025-03-20T22:02:34.548+0000] {dag.py:3823} INFO - Setting next_dagrun for example_xcom to 2021-01-01 00:00:00+00:00, run_after=2021-01-01 00:00:00+00:00
[2025-03-20T22:02:34.593+0000] {processor.py:183} INFO - Processing /home/nord/venv/lib/python3.8/site-packages/airflow/example_dags/example_xcom.py took 0.200 seconds
[2025-03-20T22:03:05.983+0000] {processor.py:161} INFO - Started process (PID=2310) to work on /home/nord/venv/lib/python3.8/site-packages/airflow/example_dags/example_xcom.py
[2025-03-20T22:03:05.987+0000] {processor.py:830} INFO - Processing file /home/nord/venv/lib/python3.8/site-packages/airflow/example_dags/example_xcom.py for tasks to queue
[2025-03-20T22:03:05.989+0000] {logging_mixin.py:188} INFO - [2025-03-20T22:03:05.988+0000] {dagbag.py:538} INFO - Filling up the DagBag from /home/nord/venv/lib/python3.8/site-packages/airflow/example_dags/example_xcom.py
[2025-03-20T22:03:06.042+0000] {processor.py:840} INFO - DAG(s) 'example_xcom' retrieved from /home/nord/venv/lib/python3.8/site-packages/airflow/example_dags/example_xcom.py
[2025-03-20T22:03:06.242+0000] {logging_mixin.py:188} INFO - [2025-03-20T22:03:06.241+0000] {dag.py:3036} INFO - Sync 1 DAGs
[2025-03-20T22:03:06.355+0000] {logging_mixin.py:188} INFO - [2025-03-20T22:03:06.354+0000] {dag.py:3823} INFO - Setting next_dagrun for example_xcom to 2021-01-01 00:00:00+00:00, run_after=2021-01-01 00:00:00+00:00
[2025-03-20T22:03:06.452+0000] {processor.py:183} INFO - Processing /home/nord/venv/lib/python3.8/site-packages/airflow/example_dags/example_xcom.py took 0.487 seconds
[2025-03-20T22:03:36.906+0000] {processor.py:161} INFO - Started process (PID=2746) to work on /home/nord/venv/lib/python3.8/site-packages/airflow/example_dags/example_xcom.py
[2025-03-20T22:03:36.907+0000] {processor.py:830} INFO - Processing file /home/nord/venv/lib/python3.8/site-packages/airflow/example_dags/example_xcom.py for tasks to queue
[2025-03-20T22:03:36.910+0000] {logging_mixin.py:188} INFO - [2025-03-20T22:03:36.909+0000] {dagbag.py:538} INFO - Filling up the DagBag from /home/nord/venv/lib/python3.8/site-packages/airflow/example_dags/example_xcom.py
[2025-03-20T22:03:36.949+0000] {processor.py:840} INFO - DAG(s) 'example_xcom' retrieved from /home/nord/venv/lib/python3.8/site-packages/airflow/example_dags/example_xcom.py
[2025-03-20T22:03:37.106+0000] {logging_mixin.py:188} INFO - [2025-03-20T22:03:37.105+0000] {dag.py:3036} INFO - Sync 1 DAGs
[2025-03-20T22:03:37.196+0000] {logging_mixin.py:188} INFO - [2025-03-20T22:03:37.196+0000] {dag.py:3823} INFO - Setting next_dagrun for example_xcom to 2021-01-01 00:00:00+00:00, run_after=2021-01-01 00:00:00+00:00
[2025-03-20T22:03:37.266+0000] {processor.py:183} INFO - Processing /home/nord/venv/lib/python3.8/site-packages/airflow/example_dags/example_xcom.py took 0.374 seconds
[2025-03-20T22:04:07.866+0000] {processor.py:161} INFO - Started process (PID=3092) to work on /home/nord/venv/lib/python3.8/site-packages/airflow/example_dags/example_xcom.py
[2025-03-20T22:04:07.868+0000] {processor.py:830} INFO - Processing file /home/nord/venv/lib/python3.8/site-packages/airflow/example_dags/example_xcom.py for tasks to queue
[2025-03-20T22:04:07.870+0000] {logging_mixin.py:188} INFO - [2025-03-20T22:04:07.869+0000] {dagbag.py:538} INFO - Filling up the DagBag from /home/nord/venv/lib/python3.8/site-packages/airflow/example_dags/example_xcom.py
[2025-03-20T22:04:07.897+0000] {processor.py:840} INFO - DAG(s) 'example_xcom' retrieved from /home/nord/venv/lib/python3.8/site-packages/airflow/example_dags/example_xcom.py
[2025-03-20T22:04:07.998+0000] {logging_mixin.py:188} INFO - [2025-03-20T22:04:07.997+0000] {dag.py:3036} INFO - Sync 1 DAGs
[2025-03-20T22:04:08.047+0000] {logging_mixin.py:188} INFO - [2025-03-20T22:04:08.046+0000] {dag.py:3823} INFO - Setting next_dagrun for example_xcom to 2021-01-01 00:00:00+00:00, run_after=2021-01-01 00:00:00+00:00
[2025-03-20T22:04:08.089+0000] {processor.py:183} INFO - Processing /home/nord/venv/lib/python3.8/site-packages/airflow/example_dags/example_xcom.py took 0.234 seconds
[2025-03-20T22:04:38.705+0000] {processor.py:161} INFO - Started process (PID=3421) to work on /home/nord/venv/lib/python3.8/site-packages/airflow/example_dags/example_xcom.py
[2025-03-20T22:04:38.709+0000] {processor.py:830} INFO - Processing file /home/nord/venv/lib/python3.8/site-packages/airflow/example_dags/example_xcom.py for tasks to queue
[2025-03-20T22:04:38.712+0000] {logging_mixin.py:188} INFO - [2025-03-20T22:04:38.710+0000] {dagbag.py:538} INFO - Filling up the DagBag from /home/nord/venv/lib/python3.8/site-packages/airflow/example_dags/example_xcom.py
[2025-03-20T22:04:38.735+0000] {processor.py:840} INFO - DAG(s) 'example_xcom' retrieved from /home/nord/venv/lib/python3.8/site-packages/airflow/example_dags/example_xcom.py
[2025-03-20T22:04:38.845+0000] {logging_mixin.py:188} INFO - [2025-03-20T22:04:38.844+0000] {dag.py:3036} INFO - Sync 1 DAGs
[2025-03-20T22:04:38.975+0000] {logging_mixin.py:188} INFO - [2025-03-20T22:04:38.973+0000] {dag.py:3823} INFO - Setting next_dagrun for example_xcom to 2021-01-01 00:00:00+00:00, run_after=2021-01-01 00:00:00+00:00
[2025-03-20T22:04:39.085+0000] {processor.py:183} INFO - Processing /home/nord/venv/lib/python3.8/site-packages/airflow/example_dags/example_xcom.py took 0.390 seconds
[2025-03-20T22:05:09.914+0000] {processor.py:161} INFO - Started process (PID=3746) to work on /home/nord/venv/lib/python3.8/site-packages/airflow/example_dags/example_xcom.py
[2025-03-20T22:05:09.916+0000] {processor.py:830} INFO - Processing file /home/nord/venv/lib/python3.8/site-packages/airflow/example_dags/example_xcom.py for tasks to queue
[2025-03-20T22:05:09.920+0000] {logging_mixin.py:188} INFO - [2025-03-20T22:05:09.919+0000] {dagbag.py:538} INFO - Filling up the DagBag from /home/nord/venv/lib/python3.8/site-packages/airflow/example_dags/example_xcom.py
[2025-03-20T22:05:09.947+0000] {processor.py:840} INFO - DAG(s) 'example_xcom' retrieved from /home/nord/venv/lib/python3.8/site-packages/airflow/example_dags/example_xcom.py
[2025-03-20T22:05:10.025+0000] {logging_mixin.py:188} INFO - [2025-03-20T22:05:10.024+0000] {dag.py:3036} INFO - Sync 1 DAGs
[2025-03-20T22:05:10.115+0000] {logging_mixin.py:188} INFO - [2025-03-20T22:05:10.115+0000] {dag.py:3823} INFO - Setting next_dagrun for example_xcom to 2021-01-01 00:00:00+00:00, run_after=2021-01-01 00:00:00+00:00
[2025-03-20T22:05:10.179+0000] {processor.py:183} INFO - Processing /home/nord/venv/lib/python3.8/site-packages/airflow/example_dags/example_xcom.py took 0.277 seconds
[2025-03-20T22:05:50.516+0000] {processor.py:161} INFO - Started process (PID=4334) to work on /home/nord/venv/lib/python3.8/site-packages/airflow/example_dags/example_xcom.py
[2025-03-20T22:05:50.518+0000] {processor.py:830} INFO - Processing file /home/nord/venv/lib/python3.8/site-packages/airflow/example_dags/example_xcom.py for tasks to queue
[2025-03-20T22:05:50.519+0000] {logging_mixin.py:188} INFO - [2025-03-20T22:05:50.519+0000] {dagbag.py:538} INFO - Filling up the DagBag from /home/nord/venv/lib/python3.8/site-packages/airflow/example_dags/example_xcom.py
[2025-03-20T22:05:50.533+0000] {processor.py:840} INFO - DAG(s) 'example_xcom' retrieved from /home/nord/venv/lib/python3.8/site-packages/airflow/example_dags/example_xcom.py
[2025-03-20T22:05:50.601+0000] {logging_mixin.py:188} INFO - [2025-03-20T22:05:50.600+0000] {dag.py:3036} INFO - Sync 1 DAGs
[2025-03-20T22:05:50.647+0000] {logging_mixin.py:188} INFO - [2025-03-20T22:05:50.647+0000] {dag.py:3823} INFO - Setting next_dagrun for example_xcom to 2021-01-01 00:00:00+00:00, run_after=2021-01-01 00:00:00+00:00
[2025-03-20T22:05:50.681+0000] {processor.py:183} INFO - Processing /home/nord/venv/lib/python3.8/site-packages/airflow/example_dags/example_xcom.py took 0.171 seconds
[2025-03-20T22:06:21.391+0000] {processor.py:161} INFO - Started process (PID=4674) to work on /home/nord/venv/lib/python3.8/site-packages/airflow/example_dags/example_xcom.py
[2025-03-20T22:06:21.392+0000] {processor.py:830} INFO - Processing file /home/nord/venv/lib/python3.8/site-packages/airflow/example_dags/example_xcom.py for tasks to queue
[2025-03-20T22:06:21.393+0000] {logging_mixin.py:188} INFO - [2025-03-20T22:06:21.393+0000] {dagbag.py:538} INFO - Filling up the DagBag from /home/nord/venv/lib/python3.8/site-packages/airflow/example_dags/example_xcom.py
[2025-03-20T22:06:21.404+0000] {processor.py:840} INFO - DAG(s) 'example_xcom' retrieved from /home/nord/venv/lib/python3.8/site-packages/airflow/example_dags/example_xcom.py
[2025-03-20T22:06:21.452+0000] {logging_mixin.py:188} INFO - [2025-03-20T22:06:21.452+0000] {dag.py:3036} INFO - Sync 1 DAGs
[2025-03-20T22:06:21.492+0000] {logging_mixin.py:188} INFO - [2025-03-20T22:06:21.491+0000] {dag.py:3823} INFO - Setting next_dagrun for example_xcom to 2021-01-01 00:00:00+00:00, run_after=2021-01-01 00:00:00+00:00
[2025-03-20T22:06:21.537+0000] {processor.py:183} INFO - Processing /home/nord/venv/lib/python3.8/site-packages/airflow/example_dags/example_xcom.py took 0.153 seconds
[2025-03-20T22:06:51.671+0000] {processor.py:161} INFO - Started process (PID=4990) to work on /home/nord/venv/lib/python3.8/site-packages/airflow/example_dags/example_xcom.py
[2025-03-20T22:06:51.673+0000] {processor.py:830} INFO - Processing file /home/nord/venv/lib/python3.8/site-packages/airflow/example_dags/example_xcom.py for tasks to queue
[2025-03-20T22:06:51.674+0000] {logging_mixin.py:188} INFO - [2025-03-20T22:06:51.674+0000] {dagbag.py:538} INFO - Filling up the DagBag from /home/nord/venv/lib/python3.8/site-packages/airflow/example_dags/example_xcom.py
[2025-03-20T22:06:51.689+0000] {processor.py:840} INFO - DAG(s) 'example_xcom' retrieved from /home/nord/venv/lib/python3.8/site-packages/airflow/example_dags/example_xcom.py
[2025-03-20T22:06:51.742+0000] {logging_mixin.py:188} INFO - [2025-03-20T22:06:51.742+0000] {dag.py:3036} INFO - Sync 1 DAGs
[2025-03-20T22:06:51.781+0000] {logging_mixin.py:188} INFO - [2025-03-20T22:06:51.781+0000] {dag.py:3823} INFO - Setting next_dagrun for example_xcom to 2021-01-01 00:00:00+00:00, run_after=2021-01-01 00:00:00+00:00
[2025-03-20T22:06:51.824+0000] {processor.py:183} INFO - Processing /home/nord/venv/lib/python3.8/site-packages/airflow/example_dags/example_xcom.py took 0.160 seconds
[2025-03-20T22:07:22.309+0000] {processor.py:161} INFO - Started process (PID=5451) to work on /home/nord/venv/lib/python3.8/site-packages/airflow/example_dags/example_xcom.py
[2025-03-20T22:07:22.310+0000] {processor.py:830} INFO - Processing file /home/nord/venv/lib/python3.8/site-packages/airflow/example_dags/example_xcom.py for tasks to queue
[2025-03-20T22:07:22.312+0000] {logging_mixin.py:188} INFO - [2025-03-20T22:07:22.311+0000] {dagbag.py:538} INFO - Filling up the DagBag from /home/nord/venv/lib/python3.8/site-packages/airflow/example_dags/example_xcom.py
[2025-03-20T22:07:22.333+0000] {processor.py:840} INFO - DAG(s) 'example_xcom' retrieved from /home/nord/venv/lib/python3.8/site-packages/airflow/example_dags/example_xcom.py
[2025-03-20T22:07:22.400+0000] {logging_mixin.py:188} INFO - [2025-03-20T22:07:22.399+0000] {dag.py:3036} INFO - Sync 1 DAGs
[2025-03-20T22:07:22.446+0000] {logging_mixin.py:188} INFO - [2025-03-20T22:07:22.446+0000] {dag.py:3823} INFO - Setting next_dagrun for example_xcom to 2021-01-01 00:00:00+00:00, run_after=2021-01-01 00:00:00+00:00
[2025-03-20T22:07:22.487+0000] {processor.py:183} INFO - Processing /home/nord/venv/lib/python3.8/site-packages/airflow/example_dags/example_xcom.py took 0.188 seconds
[2025-03-20T22:07:52.856+0000] {processor.py:161} INFO - Started process (PID=5795) to work on /home/nord/venv/lib/python3.8/site-packages/airflow/example_dags/example_xcom.py
[2025-03-20T22:07:52.863+0000] {processor.py:830} INFO - Processing file /home/nord/venv/lib/python3.8/site-packages/airflow/example_dags/example_xcom.py for tasks to queue
[2025-03-20T22:07:52.866+0000] {logging_mixin.py:188} INFO - [2025-03-20T22:07:52.865+0000] {dagbag.py:538} INFO - Filling up the DagBag from /home/nord/venv/lib/python3.8/site-packages/airflow/example_dags/example_xcom.py
[2025-03-20T22:07:52.912+0000] {processor.py:840} INFO - DAG(s) 'example_xcom' retrieved from /home/nord/venv/lib/python3.8/site-packages/airflow/example_dags/example_xcom.py
[2025-03-20T22:07:52.962+0000] {logging_mixin.py:188} INFO - [2025-03-20T22:07:52.961+0000] {dag.py:3036} INFO - Sync 1 DAGs
[2025-03-20T22:07:53.019+0000] {logging_mixin.py:188} INFO - [2025-03-20T22:07:53.016+0000] {dag.py:3823} INFO - Setting next_dagrun for example_xcom to 2021-01-01 00:00:00+00:00, run_after=2021-01-01 00:00:00+00:00
[2025-03-20T22:07:53.079+0000] {processor.py:183} INFO - Processing /home/nord/venv/lib/python3.8/site-packages/airflow/example_dags/example_xcom.py took 0.251 seconds
[2025-03-20T22:08:23.435+0000] {processor.py:161} INFO - Started process (PID=6126) to work on /home/nord/venv/lib/python3.8/site-packages/airflow/example_dags/example_xcom.py
[2025-03-20T22:08:23.437+0000] {processor.py:830} INFO - Processing file /home/nord/venv/lib/python3.8/site-packages/airflow/example_dags/example_xcom.py for tasks to queue
[2025-03-20T22:08:23.439+0000] {logging_mixin.py:188} INFO - [2025-03-20T22:08:23.438+0000] {dagbag.py:538} INFO - Filling up the DagBag from /home/nord/venv/lib/python3.8/site-packages/airflow/example_dags/example_xcom.py
[2025-03-20T22:08:23.457+0000] {processor.py:840} INFO - DAG(s) 'example_xcom' retrieved from /home/nord/venv/lib/python3.8/site-packages/airflow/example_dags/example_xcom.py
[2025-03-20T22:08:23.528+0000] {logging_mixin.py:188} INFO - [2025-03-20T22:08:23.528+0000] {dag.py:3036} INFO - Sync 1 DAGs
[2025-03-20T22:08:23.623+0000] {logging_mixin.py:188} INFO - [2025-03-20T22:08:23.622+0000] {dag.py:3823} INFO - Setting next_dagrun for example_xcom to 2021-01-01 00:00:00+00:00, run_after=2021-01-01 00:00:00+00:00
[2025-03-20T22:08:23.678+0000] {processor.py:183} INFO - Processing /home/nord/venv/lib/python3.8/site-packages/airflow/example_dags/example_xcom.py took 0.252 seconds
[2025-03-20T22:08:54.605+0000] {processor.py:161} INFO - Started process (PID=6475) to work on /home/nord/venv/lib/python3.8/site-packages/airflow/example_dags/example_xcom.py
[2025-03-20T22:08:54.618+0000] {processor.py:830} INFO - Processing file /home/nord/venv/lib/python3.8/site-packages/airflow/example_dags/example_xcom.py for tasks to queue
[2025-03-20T22:08:54.619+0000] {logging_mixin.py:188} INFO - [2025-03-20T22:08:54.619+0000] {dagbag.py:538} INFO - Filling up the DagBag from /home/nord/venv/lib/python3.8/site-packages/airflow/example_dags/example_xcom.py
[2025-03-20T22:08:54.637+0000] {processor.py:840} INFO - DAG(s) 'example_xcom' retrieved from /home/nord/venv/lib/python3.8/site-packages/airflow/example_dags/example_xcom.py
[2025-03-20T22:08:54.746+0000] {logging_mixin.py:188} INFO - [2025-03-20T22:08:54.745+0000] {dag.py:3036} INFO - Sync 1 DAGs
[2025-03-20T22:08:54.803+0000] {logging_mixin.py:188} INFO - [2025-03-20T22:08:54.802+0000] {dag.py:3823} INFO - Setting next_dagrun for example_xcom to 2021-01-01 00:00:00+00:00, run_after=2021-01-01 00:00:00+00:00
[2025-03-20T22:08:54.871+0000] {processor.py:183} INFO - Processing /home/nord/venv/lib/python3.8/site-packages/airflow/example_dags/example_xcom.py took 0.275 seconds
[2025-03-20T22:09:25.159+0000] {processor.py:161} INFO - Started process (PID=6875) to work on /home/nord/venv/lib/python3.8/site-packages/airflow/example_dags/example_xcom.py
[2025-03-20T22:09:25.160+0000] {processor.py:830} INFO - Processing file /home/nord/venv/lib/python3.8/site-packages/airflow/example_dags/example_xcom.py for tasks to queue
[2025-03-20T22:09:25.162+0000] {logging_mixin.py:188} INFO - [2025-03-20T22:09:25.161+0000] {dagbag.py:538} INFO - Filling up the DagBag from /home/nord/venv/lib/python3.8/site-packages/airflow/example_dags/example_xcom.py
[2025-03-20T22:09:25.193+0000] {processor.py:840} INFO - DAG(s) 'example_xcom' retrieved from /home/nord/venv/lib/python3.8/site-packages/airflow/example_dags/example_xcom.py
[2025-03-20T22:09:25.267+0000] {logging_mixin.py:188} INFO - [2025-03-20T22:09:25.267+0000] {dag.py:3036} INFO - Sync 1 DAGs
[2025-03-20T22:09:25.309+0000] {logging_mixin.py:188} INFO - [2025-03-20T22:09:25.309+0000] {dag.py:3823} INFO - Setting next_dagrun for example_xcom to 2021-01-01 00:00:00+00:00, run_after=2021-01-01 00:00:00+00:00
[2025-03-20T22:09:25.353+0000] {processor.py:183} INFO - Processing /home/nord/venv/lib/python3.8/site-packages/airflow/example_dags/example_xcom.py took 0.209 seconds
[2025-03-20T22:09:55.677+0000] {processor.py:161} INFO - Started process (PID=7237) to work on /home/nord/venv/lib/python3.8/site-packages/airflow/example_dags/example_xcom.py
[2025-03-20T22:09:55.680+0000] {processor.py:830} INFO - Processing file /home/nord/venv/lib/python3.8/site-packages/airflow/example_dags/example_xcom.py for tasks to queue
[2025-03-20T22:09:55.683+0000] {logging_mixin.py:188} INFO - [2025-03-20T22:09:55.682+0000] {dagbag.py:538} INFO - Filling up the DagBag from /home/nord/venv/lib/python3.8/site-packages/airflow/example_dags/example_xcom.py
[2025-03-20T22:09:55.707+0000] {processor.py:840} INFO - DAG(s) 'example_xcom' retrieved from /home/nord/venv/lib/python3.8/site-packages/airflow/example_dags/example_xcom.py
[2025-03-20T22:09:55.804+0000] {logging_mixin.py:188} INFO - [2025-03-20T22:09:55.804+0000] {dag.py:3036} INFO - Sync 1 DAGs
[2025-03-20T22:09:55.851+0000] {logging_mixin.py:188} INFO - [2025-03-20T22:09:55.851+0000] {dag.py:3823} INFO - Setting next_dagrun for example_xcom to 2021-01-01 00:00:00+00:00, run_after=2021-01-01 00:00:00+00:00
[2025-03-20T22:09:55.893+0000] {processor.py:183} INFO - Processing /home/nord/venv/lib/python3.8/site-packages/airflow/example_dags/example_xcom.py took 0.228 seconds
[2025-03-20T22:10:26.180+0000] {processor.py:161} INFO - Started process (PID=7589) to work on /home/nord/venv/lib/python3.8/site-packages/airflow/example_dags/example_xcom.py
[2025-03-20T22:10:26.182+0000] {processor.py:830} INFO - Processing file /home/nord/venv/lib/python3.8/site-packages/airflow/example_dags/example_xcom.py for tasks to queue
[2025-03-20T22:10:26.185+0000] {logging_mixin.py:188} INFO - [2025-03-20T22:10:26.184+0000] {dagbag.py:538} INFO - Filling up the DagBag from /home/nord/venv/lib/python3.8/site-packages/airflow/example_dags/example_xcom.py
[2025-03-20T22:10:26.219+0000] {processor.py:840} INFO - DAG(s) 'example_xcom' retrieved from /home/nord/venv/lib/python3.8/site-packages/airflow/example_dags/example_xcom.py
[2025-03-20T22:10:26.324+0000] {logging_mixin.py:188} INFO - [2025-03-20T22:10:26.323+0000] {dag.py:3036} INFO - Sync 1 DAGs
[2025-03-20T22:10:26.401+0000] {logging_mixin.py:188} INFO - [2025-03-20T22:10:26.400+0000] {dag.py:3823} INFO - Setting next_dagrun for example_xcom to 2021-01-01 00:00:00+00:00, run_after=2021-01-01 00:00:00+00:00
[2025-03-20T22:10:26.477+0000] {processor.py:183} INFO - Processing /home/nord/venv/lib/python3.8/site-packages/airflow/example_dags/example_xcom.py took 0.312 seconds
[2025-03-20T22:10:56.627+0000] {processor.py:161} INFO - Started process (PID=7917) to work on /home/nord/venv/lib/python3.8/site-packages/airflow/example_dags/example_xcom.py
[2025-03-20T22:10:56.629+0000] {processor.py:830} INFO - Processing file /home/nord/venv/lib/python3.8/site-packages/airflow/example_dags/example_xcom.py for tasks to queue
[2025-03-20T22:10:56.632+0000] {logging_mixin.py:188} INFO - [2025-03-20T22:10:56.631+0000] {dagbag.py:538} INFO - Filling up the DagBag from /home/nord/venv/lib/python3.8/site-packages/airflow/example_dags/example_xcom.py
[2025-03-20T22:10:56.655+0000] {processor.py:840} INFO - DAG(s) 'example_xcom' retrieved from /home/nord/venv/lib/python3.8/site-packages/airflow/example_dags/example_xcom.py
[2025-03-20T22:10:56.748+0000] {logging_mixin.py:188} INFO - [2025-03-20T22:10:56.747+0000] {dag.py:3036} INFO - Sync 1 DAGs
[2025-03-20T22:10:56.834+0000] {logging_mixin.py:188} INFO - [2025-03-20T22:10:56.833+0000] {dag.py:3823} INFO - Setting next_dagrun for example_xcom to 2021-01-01 00:00:00+00:00, run_after=2021-01-01 00:00:00+00:00
[2025-03-20T22:10:56.893+0000] {processor.py:183} INFO - Processing /home/nord/venv/lib/python3.8/site-packages/airflow/example_dags/example_xcom.py took 0.276 seconds
[2025-03-20T22:11:27.234+0000] {processor.py:161} INFO - Started process (PID=8239) to work on /home/nord/venv/lib/python3.8/site-packages/airflow/example_dags/example_xcom.py
[2025-03-20T22:11:27.236+0000] {processor.py:830} INFO - Processing file /home/nord/venv/lib/python3.8/site-packages/airflow/example_dags/example_xcom.py for tasks to queue
[2025-03-20T22:11:27.238+0000] {logging_mixin.py:188} INFO - [2025-03-20T22:11:27.238+0000] {dagbag.py:538} INFO - Filling up the DagBag from /home/nord/venv/lib/python3.8/site-packages/airflow/example_dags/example_xcom.py
[2025-03-20T22:11:27.264+0000] {processor.py:840} INFO - DAG(s) 'example_xcom' retrieved from /home/nord/venv/lib/python3.8/site-packages/airflow/example_dags/example_xcom.py
[2025-03-20T22:11:27.330+0000] {logging_mixin.py:188} INFO - [2025-03-20T22:11:27.329+0000] {dag.py:3036} INFO - Sync 1 DAGs
[2025-03-20T22:11:27.366+0000] {logging_mixin.py:188} INFO - [2025-03-20T22:11:27.365+0000] {dag.py:3823} INFO - Setting next_dagrun for example_xcom to 2021-01-01 00:00:00+00:00, run_after=2021-01-01 00:00:00+00:00
[2025-03-20T22:11:27.403+0000] {processor.py:183} INFO - Processing /home/nord/venv/lib/python3.8/site-packages/airflow/example_dags/example_xcom.py took 0.176 seconds
[2025-03-20T22:11:57.500+0000] {processor.py:161} INFO - Started process (PID=8522) to work on /home/nord/venv/lib/python3.8/site-packages/airflow/example_dags/example_xcom.py
[2025-03-20T22:11:57.502+0000] {processor.py:830} INFO - Processing file /home/nord/venv/lib/python3.8/site-packages/airflow/example_dags/example_xcom.py for tasks to queue
[2025-03-20T22:11:57.506+0000] {logging_mixin.py:188} INFO - [2025-03-20T22:11:57.505+0000] {dagbag.py:538} INFO - Filling up the DagBag from /home/nord/venv/lib/python3.8/site-packages/airflow/example_dags/example_xcom.py
[2025-03-20T22:11:57.524+0000] {processor.py:840} INFO - DAG(s) 'example_xcom' retrieved from /home/nord/venv/lib/python3.8/site-packages/airflow/example_dags/example_xcom.py
[2025-03-20T22:11:57.577+0000] {logging_mixin.py:188} INFO - [2025-03-20T22:11:57.577+0000] {dag.py:3036} INFO - Sync 1 DAGs
[2025-03-20T22:11:57.618+0000] {logging_mixin.py:188} INFO - [2025-03-20T22:11:57.618+0000] {dag.py:3823} INFO - Setting next_dagrun for example_xcom to 2021-01-01 00:00:00+00:00, run_after=2021-01-01 00:00:00+00:00
[2025-03-20T22:11:57.671+0000] {processor.py:183} INFO - Processing /home/nord/venv/lib/python3.8/site-packages/airflow/example_dags/example_xcom.py took 0.175 seconds
