[2025-03-20T22:02:03.777+0000] {processor.py:161} INFO - Started process (PID=1380) to work on /home/nord/venv/lib/python3.8/site-packages/airflow/example_dags/example_subdag_operator.py
[2025-03-20T22:02:03.778+0000] {processor.py:830} INFO - Processing file /home/nord/venv/lib/python3.8/site-packages/airflow/example_dags/example_subdag_operator.py for tasks to queue
[2025-03-20T22:02:03.780+0000] {logging_mixin.py:188} INFO - [2025-03-20T22:02:03.779+0000] {dagbag.py:538} INFO - Filling up the DagBag from /home/nord/venv/lib/python3.8/site-packages/airflow/example_dags/example_subdag_operator.py
[2025-03-20T22:02:03.832+0000] {processor.py:840} INFO - DAG(s) 'example_subdag_operator.section-1', 'example_subdag_operator.section-2', 'example_subdag_operator' retrieved from /home/nord/venv/lib/python3.8/site-packages/airflow/example_dags/example_subdag_operator.py
[2025-03-20T22:02:03.867+0000] {logging_mixin.py:188} INFO - [2025-03-20T22:02:03.866+0000] {dag.py:3036} INFO - Sync 3 DAGs
[2025-03-20T22:02:03.904+0000] {logging_mixin.py:188} INFO - [2025-03-20T22:02:03.904+0000] {dag.py:3823} INFO - Setting next_dagrun for example_subdag_operator to 2022-01-01 00:00:00+00:00, run_after=2022-01-01 00:00:00+00:00
[2025-03-20T22:02:03.911+0000] {logging_mixin.py:188} INFO - [2025-03-20T22:02:03.910+0000] {dag.py:3823} INFO - Setting next_dagrun for example_subdag_operator.section-1 to None, run_after=None
[2025-03-20T22:02:03.913+0000] {logging_mixin.py:188} INFO - [2025-03-20T22:02:03.913+0000] {dag.py:3823} INFO - Setting next_dagrun for example_subdag_operator.section-2 to None, run_after=None
[2025-03-20T22:02:03.926+0000] {logging_mixin.py:188} INFO - [2025-03-20T22:02:03.926+0000] {dag.py:3036} INFO - Sync 2 DAGs
[2025-03-20T22:02:03.935+0000] {logging_mixin.py:188} INFO - [2025-03-20T22:02:03.935+0000] {dag.py:3823} INFO - Setting next_dagrun for example_subdag_operator.section-1 to None, run_after=None
[2025-03-20T22:02:03.935+0000] {logging_mixin.py:188} INFO - [2025-03-20T22:02:03.935+0000] {dag.py:3823} INFO - Setting next_dagrun for example_subdag_operator.section-2 to None, run_after=None
[2025-03-20T22:02:03.961+0000] {processor.py:183} INFO - Processing /home/nord/venv/lib/python3.8/site-packages/airflow/example_dags/example_subdag_operator.py took 0.189 seconds
[2025-03-20T22:02:34.188+0000] {processor.py:161} INFO - Started process (PID=1712) to work on /home/nord/venv/lib/python3.8/site-packages/airflow/example_dags/example_subdag_operator.py
[2025-03-20T22:02:34.189+0000] {processor.py:830} INFO - Processing file /home/nord/venv/lib/python3.8/site-packages/airflow/example_dags/example_subdag_operator.py for tasks to queue
[2025-03-20T22:02:34.191+0000] {logging_mixin.py:188} INFO - [2025-03-20T22:02:34.191+0000] {dagbag.py:538} INFO - Filling up the DagBag from /home/nord/venv/lib/python3.8/site-packages/airflow/example_dags/example_subdag_operator.py
[2025-03-20T22:02:34.243+0000] {processor.py:840} INFO - DAG(s) 'example_subdag_operator.section-1', 'example_subdag_operator.section-2', 'example_subdag_operator' retrieved from /home/nord/venv/lib/python3.8/site-packages/airflow/example_dags/example_subdag_operator.py
[2025-03-20T22:02:34.265+0000] {logging_mixin.py:188} INFO - [2025-03-20T22:02:34.265+0000] {dag.py:3036} INFO - Sync 3 DAGs
[2025-03-20T22:02:34.299+0000] {logging_mixin.py:188} INFO - [2025-03-20T22:02:34.298+0000] {dag.py:3823} INFO - Setting next_dagrun for example_subdag_operator to 2022-01-01 00:00:00+00:00, run_after=2022-01-01 00:00:00+00:00
[2025-03-20T22:02:34.305+0000] {logging_mixin.py:188} INFO - [2025-03-20T22:02:34.304+0000] {dag.py:3823} INFO - Setting next_dagrun for example_subdag_operator.section-1 to None, run_after=None
[2025-03-20T22:02:34.307+0000] {logging_mixin.py:188} INFO - [2025-03-20T22:02:34.306+0000] {dag.py:3823} INFO - Setting next_dagrun for example_subdag_operator.section-2 to None, run_after=None
[2025-03-20T22:02:34.320+0000] {logging_mixin.py:188} INFO - [2025-03-20T22:02:34.319+0000] {dag.py:3036} INFO - Sync 2 DAGs
[2025-03-20T22:02:34.329+0000] {logging_mixin.py:188} INFO - [2025-03-20T22:02:34.328+0000] {dag.py:3823} INFO - Setting next_dagrun for example_subdag_operator.section-1 to None, run_after=None
[2025-03-20T22:02:34.329+0000] {logging_mixin.py:188} INFO - [2025-03-20T22:02:34.329+0000] {dag.py:3823} INFO - Setting next_dagrun for example_subdag_operator.section-2 to None, run_after=None
[2025-03-20T22:02:34.349+0000] {processor.py:183} INFO - Processing /home/nord/venv/lib/python3.8/site-packages/airflow/example_dags/example_subdag_operator.py took 0.168 seconds
[2025-03-20T22:03:05.782+0000] {processor.py:161} INFO - Started process (PID=2303) to work on /home/nord/venv/lib/python3.8/site-packages/airflow/example_dags/example_subdag_operator.py
[2025-03-20T22:03:05.795+0000] {processor.py:830} INFO - Processing file /home/nord/venv/lib/python3.8/site-packages/airflow/example_dags/example_subdag_operator.py for tasks to queue
[2025-03-20T22:03:05.796+0000] {logging_mixin.py:188} INFO - [2025-03-20T22:03:05.796+0000] {dagbag.py:538} INFO - Filling up the DagBag from /home/nord/venv/lib/python3.8/site-packages/airflow/example_dags/example_subdag_operator.py
[2025-03-20T22:03:05.923+0000] {processor.py:840} INFO - DAG(s) 'example_subdag_operator.section-1', 'example_subdag_operator.section-2', 'example_subdag_operator' retrieved from /home/nord/venv/lib/python3.8/site-packages/airflow/example_dags/example_subdag_operator.py
[2025-03-20T22:03:06.016+0000] {logging_mixin.py:188} INFO - [2025-03-20T22:03:06.016+0000] {dag.py:3036} INFO - Sync 3 DAGs
[2025-03-20T22:03:06.177+0000] {logging_mixin.py:188} INFO - [2025-03-20T22:03:06.176+0000] {dag.py:3823} INFO - Setting next_dagrun for example_subdag_operator to 2022-01-01 00:00:00+00:00, run_after=2022-01-01 00:00:00+00:00
[2025-03-20T22:03:06.209+0000] {logging_mixin.py:188} INFO - [2025-03-20T22:03:06.207+0000] {dag.py:3823} INFO - Setting next_dagrun for example_subdag_operator.section-1 to None, run_after=None
[2025-03-20T22:03:06.220+0000] {logging_mixin.py:188} INFO - [2025-03-20T22:03:06.219+0000] {dag.py:3823} INFO - Setting next_dagrun for example_subdag_operator.section-2 to None, run_after=None
[2025-03-20T22:03:06.265+0000] {logging_mixin.py:188} INFO - [2025-03-20T22:03:06.262+0000] {dag.py:3036} INFO - Sync 2 DAGs
[2025-03-20T22:03:06.285+0000] {logging_mixin.py:188} INFO - [2025-03-20T22:03:06.284+0000] {dag.py:3823} INFO - Setting next_dagrun for example_subdag_operator.section-1 to None, run_after=None
[2025-03-20T22:03:06.286+0000] {logging_mixin.py:188} INFO - [2025-03-20T22:03:06.286+0000] {dag.py:3823} INFO - Setting next_dagrun for example_subdag_operator.section-2 to None, run_after=None
[2025-03-20T22:03:06.361+0000] {processor.py:183} INFO - Processing /home/nord/venv/lib/python3.8/site-packages/airflow/example_dags/example_subdag_operator.py took 0.596 seconds
[2025-03-20T22:03:36.597+0000] {processor.py:161} INFO - Started process (PID=2739) to work on /home/nord/venv/lib/python3.8/site-packages/airflow/example_dags/example_subdag_operator.py
[2025-03-20T22:03:36.600+0000] {processor.py:830} INFO - Processing file /home/nord/venv/lib/python3.8/site-packages/airflow/example_dags/example_subdag_operator.py for tasks to queue
[2025-03-20T22:03:36.602+0000] {logging_mixin.py:188} INFO - [2025-03-20T22:03:36.601+0000] {dagbag.py:538} INFO - Filling up the DagBag from /home/nord/venv/lib/python3.8/site-packages/airflow/example_dags/example_subdag_operator.py
[2025-03-20T22:03:36.765+0000] {processor.py:840} INFO - DAG(s) 'example_subdag_operator.section-1', 'example_subdag_operator.section-2', 'example_subdag_operator' retrieved from /home/nord/venv/lib/python3.8/site-packages/airflow/example_dags/example_subdag_operator.py
[2025-03-20T22:03:36.856+0000] {logging_mixin.py:188} INFO - [2025-03-20T22:03:36.855+0000] {dag.py:3036} INFO - Sync 3 DAGs
[2025-03-20T22:03:36.962+0000] {logging_mixin.py:188} INFO - [2025-03-20T22:03:36.962+0000] {dag.py:3823} INFO - Setting next_dagrun for example_subdag_operator to 2022-01-01 00:00:00+00:00, run_after=2022-01-01 00:00:00+00:00
[2025-03-20T22:03:36.989+0000] {logging_mixin.py:188} INFO - [2025-03-20T22:03:36.988+0000] {dag.py:3823} INFO - Setting next_dagrun for example_subdag_operator.section-1 to None, run_after=None
[2025-03-20T22:03:36.992+0000] {logging_mixin.py:188} INFO - [2025-03-20T22:03:36.992+0000] {dag.py:3823} INFO - Setting next_dagrun for example_subdag_operator.section-2 to None, run_after=None
[2025-03-20T22:03:37.040+0000] {logging_mixin.py:188} INFO - [2025-03-20T22:03:37.039+0000] {dag.py:3036} INFO - Sync 2 DAGs
[2025-03-20T22:03:37.069+0000] {logging_mixin.py:188} INFO - [2025-03-20T22:03:37.069+0000] {dag.py:3823} INFO - Setting next_dagrun for example_subdag_operator.section-1 to None, run_after=None
[2025-03-20T22:03:37.070+0000] {logging_mixin.py:188} INFO - [2025-03-20T22:03:37.070+0000] {dag.py:3823} INFO - Setting next_dagrun for example_subdag_operator.section-2 to None, run_after=None
[2025-03-20T22:03:37.138+0000] {processor.py:183} INFO - Processing /home/nord/venv/lib/python3.8/site-packages/airflow/example_dags/example_subdag_operator.py took 0.556 seconds
[2025-03-20T22:04:07.855+0000] {processor.py:161} INFO - Started process (PID=3089) to work on /home/nord/venv/lib/python3.8/site-packages/airflow/example_dags/example_subdag_operator.py
[2025-03-20T22:04:07.858+0000] {processor.py:830} INFO - Processing file /home/nord/venv/lib/python3.8/site-packages/airflow/example_dags/example_subdag_operator.py for tasks to queue
[2025-03-20T22:04:07.860+0000] {logging_mixin.py:188} INFO - [2025-03-20T22:04:07.859+0000] {dagbag.py:538} INFO - Filling up the DagBag from /home/nord/venv/lib/python3.8/site-packages/airflow/example_dags/example_subdag_operator.py
[2025-03-20T22:04:07.959+0000] {processor.py:840} INFO - DAG(s) 'example_subdag_operator.section-1', 'example_subdag_operator.section-2', 'example_subdag_operator' retrieved from /home/nord/venv/lib/python3.8/site-packages/airflow/example_dags/example_subdag_operator.py
[2025-03-20T22:04:08.008+0000] {logging_mixin.py:188} INFO - [2025-03-20T22:04:08.008+0000] {dag.py:3036} INFO - Sync 3 DAGs
[2025-03-20T22:04:08.065+0000] {logging_mixin.py:188} INFO - [2025-03-20T22:04:08.065+0000] {dag.py:3823} INFO - Setting next_dagrun for example_subdag_operator to 2022-01-01 00:00:00+00:00, run_after=2022-01-01 00:00:00+00:00
[2025-03-20T22:04:08.074+0000] {logging_mixin.py:188} INFO - [2025-03-20T22:04:08.074+0000] {dag.py:3823} INFO - Setting next_dagrun for example_subdag_operator.section-1 to None, run_after=None
[2025-03-20T22:04:08.078+0000] {logging_mixin.py:188} INFO - [2025-03-20T22:04:08.077+0000] {dag.py:3823} INFO - Setting next_dagrun for example_subdag_operator.section-2 to None, run_after=None
[2025-03-20T22:04:08.091+0000] {logging_mixin.py:188} INFO - [2025-03-20T22:04:08.091+0000] {dag.py:3036} INFO - Sync 2 DAGs
[2025-03-20T22:04:08.106+0000] {logging_mixin.py:188} INFO - [2025-03-20T22:04:08.106+0000] {dag.py:3823} INFO - Setting next_dagrun for example_subdag_operator.section-1 to None, run_after=None
[2025-03-20T22:04:08.107+0000] {logging_mixin.py:188} INFO - [2025-03-20T22:04:08.107+0000] {dag.py:3823} INFO - Setting next_dagrun for example_subdag_operator.section-2 to None, run_after=None
[2025-03-20T22:04:08.158+0000] {processor.py:183} INFO - Processing /home/nord/venv/lib/python3.8/site-packages/airflow/example_dags/example_subdag_operator.py took 0.315 seconds
[2025-03-20T22:04:38.379+0000] {processor.py:161} INFO - Started process (PID=3414) to work on /home/nord/venv/lib/python3.8/site-packages/airflow/example_dags/example_subdag_operator.py
[2025-03-20T22:04:38.381+0000] {processor.py:830} INFO - Processing file /home/nord/venv/lib/python3.8/site-packages/airflow/example_dags/example_subdag_operator.py for tasks to queue
[2025-03-20T22:04:38.385+0000] {logging_mixin.py:188} INFO - [2025-03-20T22:04:38.385+0000] {dagbag.py:538} INFO - Filling up the DagBag from /home/nord/venv/lib/python3.8/site-packages/airflow/example_dags/example_subdag_operator.py
[2025-03-20T22:04:38.515+0000] {processor.py:840} INFO - DAG(s) 'example_subdag_operator.section-1', 'example_subdag_operator.section-2', 'example_subdag_operator' retrieved from /home/nord/venv/lib/python3.8/site-packages/airflow/example_dags/example_subdag_operator.py
[2025-03-20T22:04:38.597+0000] {logging_mixin.py:188} INFO - [2025-03-20T22:04:38.596+0000] {dag.py:3036} INFO - Sync 3 DAGs
[2025-03-20T22:04:38.717+0000] {logging_mixin.py:188} INFO - [2025-03-20T22:04:38.717+0000] {dag.py:3823} INFO - Setting next_dagrun for example_subdag_operator to 2022-01-01 00:00:00+00:00, run_after=2022-01-01 00:00:00+00:00
[2025-03-20T22:04:38.728+0000] {logging_mixin.py:188} INFO - [2025-03-20T22:04:38.726+0000] {dag.py:3823} INFO - Setting next_dagrun for example_subdag_operator.section-1 to None, run_after=None
[2025-03-20T22:04:38.733+0000] {logging_mixin.py:188} INFO - [2025-03-20T22:04:38.731+0000] {dag.py:3823} INFO - Setting next_dagrun for example_subdag_operator.section-2 to None, run_after=None
[2025-03-20T22:04:38.756+0000] {logging_mixin.py:188} INFO - [2025-03-20T22:04:38.755+0000] {dag.py:3036} INFO - Sync 2 DAGs
[2025-03-20T22:04:38.777+0000] {logging_mixin.py:188} INFO - [2025-03-20T22:04:38.777+0000] {dag.py:3823} INFO - Setting next_dagrun for example_subdag_operator.section-1 to None, run_after=None
[2025-03-20T22:04:38.778+0000] {logging_mixin.py:188} INFO - [2025-03-20T22:04:38.778+0000] {dag.py:3823} INFO - Setting next_dagrun for example_subdag_operator.section-2 to None, run_after=None
[2025-03-20T22:04:38.836+0000] {processor.py:183} INFO - Processing /home/nord/venv/lib/python3.8/site-packages/airflow/example_dags/example_subdag_operator.py took 0.464 seconds
[2025-03-20T22:05:09.540+0000] {processor.py:161} INFO - Started process (PID=3739) to work on /home/nord/venv/lib/python3.8/site-packages/airflow/example_dags/example_subdag_operator.py
[2025-03-20T22:05:09.543+0000] {processor.py:830} INFO - Processing file /home/nord/venv/lib/python3.8/site-packages/airflow/example_dags/example_subdag_operator.py for tasks to queue
[2025-03-20T22:05:09.548+0000] {logging_mixin.py:188} INFO - [2025-03-20T22:05:09.547+0000] {dagbag.py:538} INFO - Filling up the DagBag from /home/nord/venv/lib/python3.8/site-packages/airflow/example_dags/example_subdag_operator.py
[2025-03-20T22:05:09.647+0000] {processor.py:840} INFO - DAG(s) 'example_subdag_operator.section-1', 'example_subdag_operator.section-2', 'example_subdag_operator' retrieved from /home/nord/venv/lib/python3.8/site-packages/airflow/example_dags/example_subdag_operator.py
[2025-03-20T22:05:09.772+0000] {logging_mixin.py:188} INFO - [2025-03-20T22:05:09.772+0000] {dag.py:3036} INFO - Sync 3 DAGs
[2025-03-20T22:05:09.905+0000] {logging_mixin.py:188} INFO - [2025-03-20T22:05:09.904+0000] {dag.py:3823} INFO - Setting next_dagrun for example_subdag_operator to 2022-01-01 00:00:00+00:00, run_after=2022-01-01 00:00:00+00:00
[2025-03-20T22:05:09.924+0000] {logging_mixin.py:188} INFO - [2025-03-20T22:05:09.923+0000] {dag.py:3823} INFO - Setting next_dagrun for example_subdag_operator.section-1 to None, run_after=None
[2025-03-20T22:05:09.932+0000] {logging_mixin.py:188} INFO - [2025-03-20T22:05:09.931+0000] {dag.py:3823} INFO - Setting next_dagrun for example_subdag_operator.section-2 to None, run_after=None
[2025-03-20T22:05:09.952+0000] {logging_mixin.py:188} INFO - [2025-03-20T22:05:09.952+0000] {dag.py:3036} INFO - Sync 2 DAGs
[2025-03-20T22:05:09.967+0000] {logging_mixin.py:188} INFO - [2025-03-20T22:05:09.967+0000] {dag.py:3823} INFO - Setting next_dagrun for example_subdag_operator.section-1 to None, run_after=None
[2025-03-20T22:05:09.972+0000] {logging_mixin.py:188} INFO - [2025-03-20T22:05:09.972+0000] {dag.py:3823} INFO - Setting next_dagrun for example_subdag_operator.section-2 to None, run_after=None
[2025-03-20T22:05:10.008+0000] {processor.py:183} INFO - Processing /home/nord/venv/lib/python3.8/site-packages/airflow/example_dags/example_subdag_operator.py took 0.474 seconds
[2025-03-20T22:05:50.355+0000] {processor.py:161} INFO - Started process (PID=4327) to work on /home/nord/venv/lib/python3.8/site-packages/airflow/example_dags/example_subdag_operator.py
[2025-03-20T22:05:50.357+0000] {processor.py:830} INFO - Processing file /home/nord/venv/lib/python3.8/site-packages/airflow/example_dags/example_subdag_operator.py for tasks to queue
[2025-03-20T22:05:50.359+0000] {logging_mixin.py:188} INFO - [2025-03-20T22:05:50.358+0000] {dagbag.py:538} INFO - Filling up the DagBag from /home/nord/venv/lib/python3.8/site-packages/airflow/example_dags/example_subdag_operator.py
[2025-03-20T22:05:50.415+0000] {processor.py:840} INFO - DAG(s) 'example_subdag_operator.section-1', 'example_subdag_operator.section-2', 'example_subdag_operator' retrieved from /home/nord/venv/lib/python3.8/site-packages/airflow/example_dags/example_subdag_operator.py
[2025-03-20T22:05:50.452+0000] {logging_mixin.py:188} INFO - [2025-03-20T22:05:50.452+0000] {dag.py:3036} INFO - Sync 3 DAGs
[2025-03-20T22:05:50.496+0000] {logging_mixin.py:188} INFO - [2025-03-20T22:05:50.496+0000] {dag.py:3823} INFO - Setting next_dagrun for example_subdag_operator to 2022-01-01 00:00:00+00:00, run_after=2022-01-01 00:00:00+00:00
[2025-03-20T22:05:50.505+0000] {logging_mixin.py:188} INFO - [2025-03-20T22:05:50.503+0000] {dag.py:3823} INFO - Setting next_dagrun for example_subdag_operator.section-1 to None, run_after=None
[2025-03-20T22:05:50.508+0000] {logging_mixin.py:188} INFO - [2025-03-20T22:05:50.507+0000] {dag.py:3823} INFO - Setting next_dagrun for example_subdag_operator.section-2 to None, run_after=None
[2025-03-20T22:05:50.521+0000] {logging_mixin.py:188} INFO - [2025-03-20T22:05:50.521+0000] {dag.py:3036} INFO - Sync 2 DAGs
[2025-03-20T22:05:50.530+0000] {logging_mixin.py:188} INFO - [2025-03-20T22:05:50.530+0000] {dag.py:3823} INFO - Setting next_dagrun for example_subdag_operator.section-1 to None, run_after=None
[2025-03-20T22:05:50.531+0000] {logging_mixin.py:188} INFO - [2025-03-20T22:05:50.531+0000] {dag.py:3823} INFO - Setting next_dagrun for example_subdag_operator.section-2 to None, run_after=None
[2025-03-20T22:05:50.552+0000] {processor.py:183} INFO - Processing /home/nord/venv/lib/python3.8/site-packages/airflow/example_dags/example_subdag_operator.py took 0.203 seconds
[2025-03-20T22:06:21.163+0000] {processor.py:161} INFO - Started process (PID=4668) to work on /home/nord/venv/lib/python3.8/site-packages/airflow/example_dags/example_subdag_operator.py
[2025-03-20T22:06:21.166+0000] {processor.py:830} INFO - Processing file /home/nord/venv/lib/python3.8/site-packages/airflow/example_dags/example_subdag_operator.py for tasks to queue
[2025-03-20T22:06:21.168+0000] {logging_mixin.py:188} INFO - [2025-03-20T22:06:21.168+0000] {dagbag.py:538} INFO - Filling up the DagBag from /home/nord/venv/lib/python3.8/site-packages/airflow/example_dags/example_subdag_operator.py
[2025-03-20T22:06:21.236+0000] {processor.py:840} INFO - DAG(s) 'example_subdag_operator.section-1', 'example_subdag_operator.section-2', 'example_subdag_operator' retrieved from /home/nord/venv/lib/python3.8/site-packages/airflow/example_dags/example_subdag_operator.py
[2025-03-20T22:06:21.264+0000] {logging_mixin.py:188} INFO - [2025-03-20T22:06:21.264+0000] {dag.py:3036} INFO - Sync 3 DAGs
[2025-03-20T22:06:21.303+0000] {logging_mixin.py:188} INFO - [2025-03-20T22:06:21.302+0000] {dag.py:3823} INFO - Setting next_dagrun for example_subdag_operator to 2022-01-01 00:00:00+00:00, run_after=2022-01-01 00:00:00+00:00
[2025-03-20T22:06:21.307+0000] {logging_mixin.py:188} INFO - [2025-03-20T22:06:21.307+0000] {dag.py:3823} INFO - Setting next_dagrun for example_subdag_operator.section-1 to None, run_after=None
[2025-03-20T22:06:21.310+0000] {logging_mixin.py:188} INFO - [2025-03-20T22:06:21.310+0000] {dag.py:3823} INFO - Setting next_dagrun for example_subdag_operator.section-2 to None, run_after=None
[2025-03-20T22:06:21.322+0000] {logging_mixin.py:188} INFO - [2025-03-20T22:06:21.322+0000] {dag.py:3036} INFO - Sync 2 DAGs
[2025-03-20T22:06:21.331+0000] {logging_mixin.py:188} INFO - [2025-03-20T22:06:21.330+0000] {dag.py:3823} INFO - Setting next_dagrun for example_subdag_operator.section-1 to None, run_after=None
[2025-03-20T22:06:21.332+0000] {logging_mixin.py:188} INFO - [2025-03-20T22:06:21.331+0000] {dag.py:3823} INFO - Setting next_dagrun for example_subdag_operator.section-2 to None, run_after=None
[2025-03-20T22:06:21.352+0000] {processor.py:183} INFO - Processing /home/nord/venv/lib/python3.8/site-packages/airflow/example_dags/example_subdag_operator.py took 0.195 seconds
[2025-03-20T22:06:51.454+0000] {processor.py:161} INFO - Started process (PID=4984) to work on /home/nord/venv/lib/python3.8/site-packages/airflow/example_dags/example_subdag_operator.py
[2025-03-20T22:06:51.456+0000] {processor.py:830} INFO - Processing file /home/nord/venv/lib/python3.8/site-packages/airflow/example_dags/example_subdag_operator.py for tasks to queue
[2025-03-20T22:06:51.457+0000] {logging_mixin.py:188} INFO - [2025-03-20T22:06:51.456+0000] {dagbag.py:538} INFO - Filling up the DagBag from /home/nord/venv/lib/python3.8/site-packages/airflow/example_dags/example_subdag_operator.py
[2025-03-20T22:06:51.514+0000] {processor.py:840} INFO - DAG(s) 'example_subdag_operator.section-1', 'example_subdag_operator.section-2', 'example_subdag_operator' retrieved from /home/nord/venv/lib/python3.8/site-packages/airflow/example_dags/example_subdag_operator.py
[2025-03-20T22:06:51.541+0000] {logging_mixin.py:188} INFO - [2025-03-20T22:06:51.541+0000] {dag.py:3036} INFO - Sync 3 DAGs
[2025-03-20T22:06:51.582+0000] {logging_mixin.py:188} INFO - [2025-03-20T22:06:51.582+0000] {dag.py:3823} INFO - Setting next_dagrun for example_subdag_operator to 2022-01-01 00:00:00+00:00, run_after=2022-01-01 00:00:00+00:00
[2025-03-20T22:06:51.588+0000] {logging_mixin.py:188} INFO - [2025-03-20T22:06:51.588+0000] {dag.py:3823} INFO - Setting next_dagrun for example_subdag_operator.section-1 to None, run_after=None
[2025-03-20T22:06:51.590+0000] {logging_mixin.py:188} INFO - [2025-03-20T22:06:51.590+0000] {dag.py:3823} INFO - Setting next_dagrun for example_subdag_operator.section-2 to None, run_after=None
[2025-03-20T22:06:51.603+0000] {logging_mixin.py:188} INFO - [2025-03-20T22:06:51.603+0000] {dag.py:3036} INFO - Sync 2 DAGs
[2025-03-20T22:06:51.612+0000] {logging_mixin.py:188} INFO - [2025-03-20T22:06:51.612+0000] {dag.py:3823} INFO - Setting next_dagrun for example_subdag_operator.section-1 to None, run_after=None
[2025-03-20T22:06:51.612+0000] {logging_mixin.py:188} INFO - [2025-03-20T22:06:51.612+0000] {dag.py:3823} INFO - Setting next_dagrun for example_subdag_operator.section-2 to None, run_after=None
[2025-03-20T22:06:51.633+0000] {processor.py:183} INFO - Processing /home/nord/venv/lib/python3.8/site-packages/airflow/example_dags/example_subdag_operator.py took 0.187 seconds
[2025-03-20T22:07:22.295+0000] {processor.py:161} INFO - Started process (PID=5448) to work on /home/nord/venv/lib/python3.8/site-packages/airflow/example_dags/example_subdag_operator.py
[2025-03-20T22:07:22.298+0000] {processor.py:830} INFO - Processing file /home/nord/venv/lib/python3.8/site-packages/airflow/example_dags/example_subdag_operator.py for tasks to queue
[2025-03-20T22:07:22.300+0000] {logging_mixin.py:188} INFO - [2025-03-20T22:07:22.299+0000] {dagbag.py:538} INFO - Filling up the DagBag from /home/nord/venv/lib/python3.8/site-packages/airflow/example_dags/example_subdag_operator.py
[2025-03-20T22:07:22.369+0000] {processor.py:840} INFO - DAG(s) 'example_subdag_operator.section-1', 'example_subdag_operator.section-2', 'example_subdag_operator' retrieved from /home/nord/venv/lib/python3.8/site-packages/airflow/example_dags/example_subdag_operator.py
[2025-03-20T22:07:22.407+0000] {logging_mixin.py:188} INFO - [2025-03-20T22:07:22.407+0000] {dag.py:3036} INFO - Sync 3 DAGs
[2025-03-20T22:07:22.453+0000] {logging_mixin.py:188} INFO - [2025-03-20T22:07:22.453+0000] {dag.py:3823} INFO - Setting next_dagrun for example_subdag_operator to 2022-01-01 00:00:00+00:00, run_after=2022-01-01 00:00:00+00:00
[2025-03-20T22:07:22.460+0000] {logging_mixin.py:188} INFO - [2025-03-20T22:07:22.459+0000] {dag.py:3823} INFO - Setting next_dagrun for example_subdag_operator.section-1 to None, run_after=None
[2025-03-20T22:07:22.463+0000] {logging_mixin.py:188} INFO - [2025-03-20T22:07:22.462+0000] {dag.py:3823} INFO - Setting next_dagrun for example_subdag_operator.section-2 to None, run_after=None
[2025-03-20T22:07:22.478+0000] {logging_mixin.py:188} INFO - [2025-03-20T22:07:22.478+0000] {dag.py:3036} INFO - Sync 2 DAGs
[2025-03-20T22:07:22.489+0000] {logging_mixin.py:188} INFO - [2025-03-20T22:07:22.488+0000] {dag.py:3823} INFO - Setting next_dagrun for example_subdag_operator.section-1 to None, run_after=None
[2025-03-20T22:07:22.491+0000] {logging_mixin.py:188} INFO - [2025-03-20T22:07:22.490+0000] {dag.py:3823} INFO - Setting next_dagrun for example_subdag_operator.section-2 to None, run_after=None
[2025-03-20T22:07:22.518+0000] {processor.py:183} INFO - Processing /home/nord/venv/lib/python3.8/site-packages/airflow/example_dags/example_subdag_operator.py took 0.230 seconds
[2025-03-20T22:07:52.820+0000] {processor.py:161} INFO - Started process (PID=5792) to work on /home/nord/venv/lib/python3.8/site-packages/airflow/example_dags/example_subdag_operator.py
[2025-03-20T22:07:52.829+0000] {processor.py:830} INFO - Processing file /home/nord/venv/lib/python3.8/site-packages/airflow/example_dags/example_subdag_operator.py for tasks to queue
[2025-03-20T22:07:52.834+0000] {logging_mixin.py:188} INFO - [2025-03-20T22:07:52.832+0000] {dagbag.py:538} INFO - Filling up the DagBag from /home/nord/venv/lib/python3.8/site-packages/airflow/example_dags/example_subdag_operator.py
[2025-03-20T22:07:52.944+0000] {processor.py:840} INFO - DAG(s) 'example_subdag_operator.section-1', 'example_subdag_operator.section-2', 'example_subdag_operator' retrieved from /home/nord/venv/lib/python3.8/site-packages/airflow/example_dags/example_subdag_operator.py
[2025-03-20T22:07:52.969+0000] {logging_mixin.py:188} INFO - [2025-03-20T22:07:52.969+0000] {dag.py:3036} INFO - Sync 3 DAGs
[2025-03-20T22:07:53.027+0000] {logging_mixin.py:188} INFO - [2025-03-20T22:07:53.027+0000] {dag.py:3823} INFO - Setting next_dagrun for example_subdag_operator to 2022-01-01 00:00:00+00:00, run_after=2022-01-01 00:00:00+00:00
[2025-03-20T22:07:53.043+0000] {logging_mixin.py:188} INFO - [2025-03-20T22:07:53.042+0000] {dag.py:3823} INFO - Setting next_dagrun for example_subdag_operator.section-1 to None, run_after=None
[2025-03-20T22:07:53.046+0000] {logging_mixin.py:188} INFO - [2025-03-20T22:07:53.046+0000] {dag.py:3823} INFO - Setting next_dagrun for example_subdag_operator.section-2 to None, run_after=None
[2025-03-20T22:07:53.062+0000] {logging_mixin.py:188} INFO - [2025-03-20T22:07:53.061+0000] {dag.py:3036} INFO - Sync 2 DAGs
[2025-03-20T22:07:53.080+0000] {logging_mixin.py:188} INFO - [2025-03-20T22:07:53.079+0000] {dag.py:3823} INFO - Setting next_dagrun for example_subdag_operator.section-1 to None, run_after=None
[2025-03-20T22:07:53.081+0000] {logging_mixin.py:188} INFO - [2025-03-20T22:07:53.081+0000] {dag.py:3823} INFO - Setting next_dagrun for example_subdag_operator.section-2 to None, run_after=None
[2025-03-20T22:07:53.112+0000] {processor.py:183} INFO - Processing /home/nord/venv/lib/python3.8/site-packages/airflow/example_dags/example_subdag_operator.py took 0.321 seconds
[2025-03-20T22:08:23.425+0000] {processor.py:161} INFO - Started process (PID=6123) to work on /home/nord/venv/lib/python3.8/site-packages/airflow/example_dags/example_subdag_operator.py
[2025-03-20T22:08:23.427+0000] {processor.py:830} INFO - Processing file /home/nord/venv/lib/python3.8/site-packages/airflow/example_dags/example_subdag_operator.py for tasks to queue
[2025-03-20T22:08:23.430+0000] {logging_mixin.py:188} INFO - [2025-03-20T22:08:23.428+0000] {dagbag.py:538} INFO - Filling up the DagBag from /home/nord/venv/lib/python3.8/site-packages/airflow/example_dags/example_subdag_operator.py
[2025-03-20T22:08:23.511+0000] {processor.py:840} INFO - DAG(s) 'example_subdag_operator.section-1', 'example_subdag_operator.section-2', 'example_subdag_operator' retrieved from /home/nord/venv/lib/python3.8/site-packages/airflow/example_dags/example_subdag_operator.py
[2025-03-20T22:08:23.559+0000] {logging_mixin.py:188} INFO - [2025-03-20T22:08:23.559+0000] {dag.py:3036} INFO - Sync 3 DAGs
[2025-03-20T22:08:23.643+0000] {logging_mixin.py:188} INFO - [2025-03-20T22:08:23.643+0000] {dag.py:3823} INFO - Setting next_dagrun for example_subdag_operator to 2022-01-01 00:00:00+00:00, run_after=2022-01-01 00:00:00+00:00
[2025-03-20T22:08:23.652+0000] {logging_mixin.py:188} INFO - [2025-03-20T22:08:23.651+0000] {dag.py:3823} INFO - Setting next_dagrun for example_subdag_operator.section-1 to None, run_after=None
[2025-03-20T22:08:23.657+0000] {logging_mixin.py:188} INFO - [2025-03-20T22:08:23.656+0000] {dag.py:3823} INFO - Setting next_dagrun for example_subdag_operator.section-2 to None, run_after=None
[2025-03-20T22:08:23.675+0000] {logging_mixin.py:188} INFO - [2025-03-20T22:08:23.674+0000] {dag.py:3036} INFO - Sync 2 DAGs
[2025-03-20T22:08:23.690+0000] {logging_mixin.py:188} INFO - [2025-03-20T22:08:23.690+0000] {dag.py:3823} INFO - Setting next_dagrun for example_subdag_operator.section-1 to None, run_after=None
[2025-03-20T22:08:23.691+0000] {logging_mixin.py:188} INFO - [2025-03-20T22:08:23.691+0000] {dag.py:3823} INFO - Setting next_dagrun for example_subdag_operator.section-2 to None, run_after=None
[2025-03-20T22:08:23.730+0000] {processor.py:183} INFO - Processing /home/nord/venv/lib/python3.8/site-packages/airflow/example_dags/example_subdag_operator.py took 0.316 seconds
[2025-03-20T22:08:54.295+0000] {processor.py:161} INFO - Started process (PID=6468) to work on /home/nord/venv/lib/python3.8/site-packages/airflow/example_dags/example_subdag_operator.py
[2025-03-20T22:08:54.304+0000] {processor.py:830} INFO - Processing file /home/nord/venv/lib/python3.8/site-packages/airflow/example_dags/example_subdag_operator.py for tasks to queue
[2025-03-20T22:08:54.305+0000] {logging_mixin.py:188} INFO - [2025-03-20T22:08:54.304+0000] {dagbag.py:538} INFO - Filling up the DagBag from /home/nord/venv/lib/python3.8/site-packages/airflow/example_dags/example_subdag_operator.py
[2025-03-20T22:08:54.444+0000] {processor.py:840} INFO - DAG(s) 'example_subdag_operator.section-1', 'example_subdag_operator.section-2', 'example_subdag_operator' retrieved from /home/nord/venv/lib/python3.8/site-packages/airflow/example_dags/example_subdag_operator.py
[2025-03-20T22:08:54.518+0000] {logging_mixin.py:188} INFO - [2025-03-20T22:08:54.516+0000] {dag.py:3036} INFO - Sync 3 DAGs
[2025-03-20T22:08:54.594+0000] {logging_mixin.py:188} INFO - [2025-03-20T22:08:54.594+0000] {dag.py:3823} INFO - Setting next_dagrun for example_subdag_operator to 2022-01-01 00:00:00+00:00, run_after=2022-01-01 00:00:00+00:00
[2025-03-20T22:08:54.605+0000] {logging_mixin.py:188} INFO - [2025-03-20T22:08:54.605+0000] {dag.py:3823} INFO - Setting next_dagrun for example_subdag_operator.section-1 to None, run_after=None
[2025-03-20T22:08:54.609+0000] {logging_mixin.py:188} INFO - [2025-03-20T22:08:54.609+0000] {dag.py:3823} INFO - Setting next_dagrun for example_subdag_operator.section-2 to None, run_after=None
[2025-03-20T22:08:54.630+0000] {logging_mixin.py:188} INFO - [2025-03-20T22:08:54.630+0000] {dag.py:3036} INFO - Sync 2 DAGs
[2025-03-20T22:08:54.645+0000] {logging_mixin.py:188} INFO - [2025-03-20T22:08:54.643+0000] {dag.py:3823} INFO - Setting next_dagrun for example_subdag_operator.section-1 to None, run_after=None
[2025-03-20T22:08:54.646+0000] {logging_mixin.py:188} INFO - [2025-03-20T22:08:54.646+0000] {dag.py:3823} INFO - Setting next_dagrun for example_subdag_operator.section-2 to None, run_after=None
[2025-03-20T22:08:54.715+0000] {processor.py:183} INFO - Processing /home/nord/venv/lib/python3.8/site-packages/airflow/example_dags/example_subdag_operator.py took 0.427 seconds
[2025-03-20T22:09:24.804+0000] {processor.py:161} INFO - Started process (PID=6869) to work on /home/nord/venv/lib/python3.8/site-packages/airflow/example_dags/example_subdag_operator.py
[2025-03-20T22:09:24.805+0000] {processor.py:830} INFO - Processing file /home/nord/venv/lib/python3.8/site-packages/airflow/example_dags/example_subdag_operator.py for tasks to queue
[2025-03-20T22:09:24.807+0000] {logging_mixin.py:188} INFO - [2025-03-20T22:09:24.806+0000] {dagbag.py:538} INFO - Filling up the DagBag from /home/nord/venv/lib/python3.8/site-packages/airflow/example_dags/example_subdag_operator.py
[2025-03-20T22:09:24.871+0000] {processor.py:840} INFO - DAG(s) 'example_subdag_operator.section-1', 'example_subdag_operator.section-2', 'example_subdag_operator' retrieved from /home/nord/venv/lib/python3.8/site-packages/airflow/example_dags/example_subdag_operator.py
[2025-03-20T22:09:24.949+0000] {logging_mixin.py:188} INFO - [2025-03-20T22:09:24.948+0000] {dag.py:3036} INFO - Sync 3 DAGs
[2025-03-20T22:09:25.013+0000] {logging_mixin.py:188} INFO - [2025-03-20T22:09:25.013+0000] {dag.py:3823} INFO - Setting next_dagrun for example_subdag_operator to 2022-01-01 00:00:00+00:00, run_after=2022-01-01 00:00:00+00:00
[2025-03-20T22:09:25.024+0000] {logging_mixin.py:188} INFO - [2025-03-20T22:09:25.023+0000] {dag.py:3823} INFO - Setting next_dagrun for example_subdag_operator.section-1 to None, run_after=None
[2025-03-20T22:09:25.027+0000] {logging_mixin.py:188} INFO - [2025-03-20T22:09:25.026+0000] {dag.py:3823} INFO - Setting next_dagrun for example_subdag_operator.section-2 to None, run_after=None
[2025-03-20T22:09:25.043+0000] {logging_mixin.py:188} INFO - [2025-03-20T22:09:25.043+0000] {dag.py:3036} INFO - Sync 2 DAGs
[2025-03-20T22:09:25.064+0000] {logging_mixin.py:188} INFO - [2025-03-20T22:09:25.063+0000] {dag.py:3823} INFO - Setting next_dagrun for example_subdag_operator.section-1 to None, run_after=None
[2025-03-20T22:09:25.065+0000] {logging_mixin.py:188} INFO - [2025-03-20T22:09:25.064+0000] {dag.py:3823} INFO - Setting next_dagrun for example_subdag_operator.section-2 to None, run_after=None
[2025-03-20T22:09:25.102+0000] {processor.py:183} INFO - Processing /home/nord/venv/lib/python3.8/site-packages/airflow/example_dags/example_subdag_operator.py took 0.303 seconds
[2025-03-20T22:09:55.345+0000] {processor.py:161} INFO - Started process (PID=7231) to work on /home/nord/venv/lib/python3.8/site-packages/airflow/example_dags/example_subdag_operator.py
[2025-03-20T22:09:55.347+0000] {processor.py:830} INFO - Processing file /home/nord/venv/lib/python3.8/site-packages/airflow/example_dags/example_subdag_operator.py for tasks to queue
[2025-03-20T22:09:55.349+0000] {logging_mixin.py:188} INFO - [2025-03-20T22:09:55.348+0000] {dagbag.py:538} INFO - Filling up the DagBag from /home/nord/venv/lib/python3.8/site-packages/airflow/example_dags/example_subdag_operator.py
[2025-03-20T22:09:55.405+0000] {processor.py:840} INFO - DAG(s) 'example_subdag_operator.section-1', 'example_subdag_operator.section-2', 'example_subdag_operator' retrieved from /home/nord/venv/lib/python3.8/site-packages/airflow/example_dags/example_subdag_operator.py
[2025-03-20T22:09:55.447+0000] {logging_mixin.py:188} INFO - [2025-03-20T22:09:55.446+0000] {dag.py:3036} INFO - Sync 3 DAGs
[2025-03-20T22:09:55.507+0000] {logging_mixin.py:188} INFO - [2025-03-20T22:09:55.506+0000] {dag.py:3823} INFO - Setting next_dagrun for example_subdag_operator to 2022-01-01 00:00:00+00:00, run_after=2022-01-01 00:00:00+00:00
[2025-03-20T22:09:55.517+0000] {logging_mixin.py:188} INFO - [2025-03-20T22:09:55.517+0000] {dag.py:3823} INFO - Setting next_dagrun for example_subdag_operator.section-1 to None, run_after=None
[2025-03-20T22:09:55.521+0000] {logging_mixin.py:188} INFO - [2025-03-20T22:09:55.520+0000] {dag.py:3823} INFO - Setting next_dagrun for example_subdag_operator.section-2 to None, run_after=None
[2025-03-20T22:09:55.541+0000] {logging_mixin.py:188} INFO - [2025-03-20T22:09:55.540+0000] {dag.py:3036} INFO - Sync 2 DAGs
[2025-03-20T22:09:55.560+0000] {logging_mixin.py:188} INFO - [2025-03-20T22:09:55.560+0000] {dag.py:3823} INFO - Setting next_dagrun for example_subdag_operator.section-1 to None, run_after=None
[2025-03-20T22:09:55.561+0000] {logging_mixin.py:188} INFO - [2025-03-20T22:09:55.561+0000] {dag.py:3823} INFO - Setting next_dagrun for example_subdag_operator.section-2 to None, run_after=None
[2025-03-20T22:09:55.606+0000] {processor.py:183} INFO - Processing /home/nord/venv/lib/python3.8/site-packages/airflow/example_dags/example_subdag_operator.py took 0.265 seconds
[2025-03-20T22:10:25.900+0000] {processor.py:161} INFO - Started process (PID=7582) to work on /home/nord/venv/lib/python3.8/site-packages/airflow/example_dags/example_subdag_operator.py
[2025-03-20T22:10:25.911+0000] {processor.py:830} INFO - Processing file /home/nord/venv/lib/python3.8/site-packages/airflow/example_dags/example_subdag_operator.py for tasks to queue
[2025-03-20T22:10:25.913+0000] {logging_mixin.py:188} INFO - [2025-03-20T22:10:25.912+0000] {dagbag.py:538} INFO - Filling up the DagBag from /home/nord/venv/lib/python3.8/site-packages/airflow/example_dags/example_subdag_operator.py
[2025-03-20T22:10:25.991+0000] {processor.py:840} INFO - DAG(s) 'example_subdag_operator.section-1', 'example_subdag_operator.section-2', 'example_subdag_operator' retrieved from /home/nord/venv/lib/python3.8/site-packages/airflow/example_dags/example_subdag_operator.py
[2025-03-20T22:10:26.038+0000] {logging_mixin.py:188} INFO - [2025-03-20T22:10:26.038+0000] {dag.py:3036} INFO - Sync 3 DAGs
[2025-03-20T22:10:26.069+0000] {logging_mixin.py:188} INFO - [2025-03-20T22:10:26.069+0000] {dag.py:3823} INFO - Setting next_dagrun for example_subdag_operator to 2022-01-01 00:00:00+00:00, run_after=2022-01-01 00:00:00+00:00
[2025-03-20T22:10:26.074+0000] {logging_mixin.py:188} INFO - [2025-03-20T22:10:26.074+0000] {dag.py:3823} INFO - Setting next_dagrun for example_subdag_operator.section-1 to None, run_after=None
[2025-03-20T22:10:26.076+0000] {logging_mixin.py:188} INFO - [2025-03-20T22:10:26.075+0000] {dag.py:3823} INFO - Setting next_dagrun for example_subdag_operator.section-2 to None, run_after=None
[2025-03-20T22:10:26.087+0000] {logging_mixin.py:188} INFO - [2025-03-20T22:10:26.087+0000] {dag.py:3036} INFO - Sync 2 DAGs
[2025-03-20T22:10:26.096+0000] {logging_mixin.py:188} INFO - [2025-03-20T22:10:26.096+0000] {dag.py:3823} INFO - Setting next_dagrun for example_subdag_operator.section-1 to None, run_after=None
[2025-03-20T22:10:26.097+0000] {logging_mixin.py:188} INFO - [2025-03-20T22:10:26.097+0000] {dag.py:3823} INFO - Setting next_dagrun for example_subdag_operator.section-2 to None, run_after=None
[2025-03-20T22:10:26.119+0000] {processor.py:183} INFO - Processing /home/nord/venv/lib/python3.8/site-packages/airflow/example_dags/example_subdag_operator.py took 0.225 seconds
[2025-03-20T22:10:56.354+0000] {processor.py:161} INFO - Started process (PID=7909) to work on /home/nord/venv/lib/python3.8/site-packages/airflow/example_dags/example_subdag_operator.py
[2025-03-20T22:10:56.362+0000] {processor.py:830} INFO - Processing file /home/nord/venv/lib/python3.8/site-packages/airflow/example_dags/example_subdag_operator.py for tasks to queue
[2025-03-20T22:10:56.364+0000] {logging_mixin.py:188} INFO - [2025-03-20T22:10:56.363+0000] {dagbag.py:538} INFO - Filling up the DagBag from /home/nord/venv/lib/python3.8/site-packages/airflow/example_dags/example_subdag_operator.py
[2025-03-20T22:10:56.436+0000] {processor.py:840} INFO - DAG(s) 'example_subdag_operator.section-1', 'example_subdag_operator.section-2', 'example_subdag_operator' retrieved from /home/nord/venv/lib/python3.8/site-packages/airflow/example_dags/example_subdag_operator.py
[2025-03-20T22:10:56.484+0000] {logging_mixin.py:188} INFO - [2025-03-20T22:10:56.484+0000] {dag.py:3036} INFO - Sync 3 DAGs
[2025-03-20T22:10:56.523+0000] {logging_mixin.py:188} INFO - [2025-03-20T22:10:56.523+0000] {dag.py:3823} INFO - Setting next_dagrun for example_subdag_operator to 2022-01-01 00:00:00+00:00, run_after=2022-01-01 00:00:00+00:00
[2025-03-20T22:10:56.528+0000] {logging_mixin.py:188} INFO - [2025-03-20T22:10:56.528+0000] {dag.py:3823} INFO - Setting next_dagrun for example_subdag_operator.section-1 to None, run_after=None
[2025-03-20T22:10:56.532+0000] {logging_mixin.py:188} INFO - [2025-03-20T22:10:56.532+0000] {dag.py:3823} INFO - Setting next_dagrun for example_subdag_operator.section-2 to None, run_after=None
[2025-03-20T22:10:56.543+0000] {logging_mixin.py:188} INFO - [2025-03-20T22:10:56.543+0000] {dag.py:3036} INFO - Sync 2 DAGs
[2025-03-20T22:10:56.553+0000] {logging_mixin.py:188} INFO - [2025-03-20T22:10:56.553+0000] {dag.py:3823} INFO - Setting next_dagrun for example_subdag_operator.section-1 to None, run_after=None
[2025-03-20T22:10:56.555+0000] {logging_mixin.py:188} INFO - [2025-03-20T22:10:56.555+0000] {dag.py:3823} INFO - Setting next_dagrun for example_subdag_operator.section-2 to None, run_after=None
[2025-03-20T22:10:56.581+0000] {processor.py:183} INFO - Processing /home/nord/venv/lib/python3.8/site-packages/airflow/example_dags/example_subdag_operator.py took 0.233 seconds
[2025-03-20T22:11:26.787+0000] {processor.py:161} INFO - Started process (PID=8233) to work on /home/nord/venv/lib/python3.8/site-packages/airflow/example_dags/example_subdag_operator.py
[2025-03-20T22:11:26.789+0000] {processor.py:830} INFO - Processing file /home/nord/venv/lib/python3.8/site-packages/airflow/example_dags/example_subdag_operator.py for tasks to queue
[2025-03-20T22:11:26.790+0000] {logging_mixin.py:188} INFO - [2025-03-20T22:11:26.790+0000] {dagbag.py:538} INFO - Filling up the DagBag from /home/nord/venv/lib/python3.8/site-packages/airflow/example_dags/example_subdag_operator.py
[2025-03-20T22:11:26.911+0000] {processor.py:840} INFO - DAG(s) 'example_subdag_operator.section-1', 'example_subdag_operator.section-2', 'example_subdag_operator' retrieved from /home/nord/venv/lib/python3.8/site-packages/airflow/example_dags/example_subdag_operator.py
[2025-03-20T22:11:26.995+0000] {logging_mixin.py:188} INFO - [2025-03-20T22:11:26.994+0000] {dag.py:3036} INFO - Sync 3 DAGs
[2025-03-20T22:11:27.097+0000] {logging_mixin.py:188} INFO - [2025-03-20T22:11:27.096+0000] {dag.py:3823} INFO - Setting next_dagrun for example_subdag_operator to 2022-01-01 00:00:00+00:00, run_after=2022-01-01 00:00:00+00:00
[2025-03-20T22:11:27.111+0000] {logging_mixin.py:188} INFO - [2025-03-20T22:11:27.110+0000] {dag.py:3823} INFO - Setting next_dagrun for example_subdag_operator.section-1 to None, run_after=None
[2025-03-20T22:11:27.119+0000] {logging_mixin.py:188} INFO - [2025-03-20T22:11:27.118+0000] {dag.py:3823} INFO - Setting next_dagrun for example_subdag_operator.section-2 to None, run_after=None
[2025-03-20T22:11:27.137+0000] {logging_mixin.py:188} INFO - [2025-03-20T22:11:27.137+0000] {dag.py:3036} INFO - Sync 2 DAGs
[2025-03-20T22:11:27.148+0000] {logging_mixin.py:188} INFO - [2025-03-20T22:11:27.147+0000] {dag.py:3823} INFO - Setting next_dagrun for example_subdag_operator.section-1 to None, run_after=None
[2025-03-20T22:11:27.148+0000] {logging_mixin.py:188} INFO - [2025-03-20T22:11:27.148+0000] {dag.py:3823} INFO - Setting next_dagrun for example_subdag_operator.section-2 to None, run_after=None
[2025-03-20T22:11:27.178+0000] {processor.py:183} INFO - Processing /home/nord/venv/lib/python3.8/site-packages/airflow/example_dags/example_subdag_operator.py took 0.398 seconds
[2025-03-20T22:11:57.493+0000] {processor.py:161} INFO - Started process (PID=8521) to work on /home/nord/venv/lib/python3.8/site-packages/airflow/example_dags/example_subdag_operator.py
[2025-03-20T22:11:57.499+0000] {processor.py:830} INFO - Processing file /home/nord/venv/lib/python3.8/site-packages/airflow/example_dags/example_subdag_operator.py for tasks to queue
[2025-03-20T22:11:57.501+0000] {logging_mixin.py:188} INFO - [2025-03-20T22:11:57.500+0000] {dagbag.py:538} INFO - Filling up the DagBag from /home/nord/venv/lib/python3.8/site-packages/airflow/example_dags/example_subdag_operator.py
[2025-03-20T22:11:57.569+0000] {processor.py:840} INFO - DAG(s) 'example_subdag_operator.section-1', 'example_subdag_operator.section-2', 'example_subdag_operator' retrieved from /home/nord/venv/lib/python3.8/site-packages/airflow/example_dags/example_subdag_operator.py
[2025-03-20T22:11:57.605+0000] {logging_mixin.py:188} INFO - [2025-03-20T22:11:57.605+0000] {dag.py:3036} INFO - Sync 3 DAGs
[2025-03-20T22:11:57.652+0000] {logging_mixin.py:188} INFO - [2025-03-20T22:11:57.651+0000] {dag.py:3823} INFO - Setting next_dagrun for example_subdag_operator to 2022-01-01 00:00:00+00:00, run_after=2022-01-01 00:00:00+00:00
[2025-03-20T22:11:57.663+0000] {logging_mixin.py:188} INFO - [2025-03-20T22:11:57.663+0000] {dag.py:3823} INFO - Setting next_dagrun for example_subdag_operator.section-1 to None, run_after=None
[2025-03-20T22:11:57.667+0000] {logging_mixin.py:188} INFO - [2025-03-20T22:11:57.666+0000] {dag.py:3823} INFO - Setting next_dagrun for example_subdag_operator.section-2 to None, run_after=None
[2025-03-20T22:11:57.684+0000] {logging_mixin.py:188} INFO - [2025-03-20T22:11:57.683+0000] {dag.py:3036} INFO - Sync 2 DAGs
[2025-03-20T22:11:57.699+0000] {logging_mixin.py:188} INFO - [2025-03-20T22:11:57.698+0000] {dag.py:3823} INFO - Setting next_dagrun for example_subdag_operator.section-1 to None, run_after=None
[2025-03-20T22:11:57.700+0000] {logging_mixin.py:188} INFO - [2025-03-20T22:11:57.699+0000] {dag.py:3823} INFO - Setting next_dagrun for example_subdag_operator.section-2 to None, run_after=None
[2025-03-20T22:11:57.727+0000] {processor.py:183} INFO - Processing /home/nord/venv/lib/python3.8/site-packages/airflow/example_dags/example_subdag_operator.py took 0.241 seconds
