[2025-03-20T22:02:07.766+0000] {processor.py:161} INFO - Started process (PID=1534) to work on /home/nord/venv/lib/python3.8/site-packages/airflow/example_dags/example_latest_only_with_trigger.py
[2025-03-20T22:02:07.768+0000] {processor.py:830} INFO - Processing file /home/nord/venv/lib/python3.8/site-packages/airflow/example_dags/example_latest_only_with_trigger.py for tasks to queue
[2025-03-20T22:02:07.771+0000] {logging_mixin.py:188} INFO - [2025-03-20T22:02:07.769+0000] {dagbag.py:538} INFO - Filling up the DagBag from /home/nord/venv/lib/python3.8/site-packages/airflow/example_dags/example_latest_only_with_trigger.py
[2025-03-20T22:02:07.787+0000] {processor.py:840} INFO - DAG(s) 'latest_only_with_trigger' retrieved from /home/nord/venv/lib/python3.8/site-packages/airflow/example_dags/example_latest_only_with_trigger.py
[2025-03-20T22:02:07.901+0000] {logging_mixin.py:188} INFO - [2025-03-20T22:02:07.901+0000] {dag.py:3036} INFO - Sync 1 DAGs
[2025-03-20T22:02:07.962+0000] {logging_mixin.py:188} INFO - [2025-03-20T22:02:07.961+0000] {dag.py:3823} INFO - Setting next_dagrun for latest_only_with_trigger to 2025-03-20 16:00:00+00:00, run_after=2025-03-20 20:00:00+00:00
[2025-03-20T22:02:08.030+0000] {processor.py:183} INFO - Processing /home/nord/venv/lib/python3.8/site-packages/airflow/example_dags/example_latest_only_with_trigger.py took 0.278 seconds
[2025-03-20T22:02:38.106+0000] {processor.py:161} INFO - Started process (PID=1870) to work on /home/nord/venv/lib/python3.8/site-packages/airflow/example_dags/example_latest_only_with_trigger.py
[2025-03-20T22:02:38.107+0000] {processor.py:830} INFO - Processing file /home/nord/venv/lib/python3.8/site-packages/airflow/example_dags/example_latest_only_with_trigger.py for tasks to queue
[2025-03-20T22:02:38.114+0000] {logging_mixin.py:188} INFO - [2025-03-20T22:02:38.111+0000] {dagbag.py:538} INFO - Filling up the DagBag from /home/nord/venv/lib/python3.8/site-packages/airflow/example_dags/example_latest_only_with_trigger.py
[2025-03-20T22:02:38.125+0000] {processor.py:840} INFO - DAG(s) 'latest_only_with_trigger' retrieved from /home/nord/venv/lib/python3.8/site-packages/airflow/example_dags/example_latest_only_with_trigger.py
[2025-03-20T22:02:38.186+0000] {logging_mixin.py:188} INFO - [2025-03-20T22:02:38.185+0000] {dag.py:3036} INFO - Sync 1 DAGs
[2025-03-20T22:02:38.237+0000] {logging_mixin.py:188} INFO - [2025-03-20T22:02:38.236+0000] {dag.py:3823} INFO - Setting next_dagrun for latest_only_with_trigger to 2025-03-20 16:00:00+00:00, run_after=2025-03-20 20:00:00+00:00
[2025-03-20T22:02:38.296+0000] {processor.py:183} INFO - Processing /home/nord/venv/lib/python3.8/site-packages/airflow/example_dags/example_latest_only_with_trigger.py took 0.196 seconds
[2025-03-20T22:03:13.554+0000] {processor.py:161} INFO - Started process (PID=2511) to work on /home/nord/venv/lib/python3.8/site-packages/airflow/example_dags/example_latest_only_with_trigger.py
[2025-03-20T22:03:13.557+0000] {processor.py:830} INFO - Processing file /home/nord/venv/lib/python3.8/site-packages/airflow/example_dags/example_latest_only_with_trigger.py for tasks to queue
[2025-03-20T22:03:13.569+0000] {logging_mixin.py:188} INFO - [2025-03-20T22:03:13.567+0000] {dagbag.py:538} INFO - Filling up the DagBag from /home/nord/venv/lib/python3.8/site-packages/airflow/example_dags/example_latest_only_with_trigger.py
[2025-03-20T22:03:13.587+0000] {processor.py:840} INFO - DAG(s) 'latest_only_with_trigger' retrieved from /home/nord/venv/lib/python3.8/site-packages/airflow/example_dags/example_latest_only_with_trigger.py
[2025-03-20T22:03:13.723+0000] {logging_mixin.py:188} INFO - [2025-03-20T22:03:13.723+0000] {dag.py:3036} INFO - Sync 1 DAGs
[2025-03-20T22:03:13.834+0000] {logging_mixin.py:188} INFO - [2025-03-20T22:03:13.834+0000] {dag.py:3823} INFO - Setting next_dagrun for latest_only_with_trigger to 2025-03-20 16:00:00+00:00, run_after=2025-03-20 20:00:00+00:00
[2025-03-20T22:03:13.916+0000] {processor.py:183} INFO - Processing /home/nord/venv/lib/python3.8/site-packages/airflow/example_dags/example_latest_only_with_trigger.py took 0.368 seconds
[2025-03-20T22:03:44.004+0000] {processor.py:161} INFO - Started process (PID=2906) to work on /home/nord/venv/lib/python3.8/site-packages/airflow/example_dags/example_latest_only_with_trigger.py
[2025-03-20T22:03:44.005+0000] {processor.py:830} INFO - Processing file /home/nord/venv/lib/python3.8/site-packages/airflow/example_dags/example_latest_only_with_trigger.py for tasks to queue
[2025-03-20T22:03:44.007+0000] {logging_mixin.py:188} INFO - [2025-03-20T22:03:44.006+0000] {dagbag.py:538} INFO - Filling up the DagBag from /home/nord/venv/lib/python3.8/site-packages/airflow/example_dags/example_latest_only_with_trigger.py
[2025-03-20T22:03:44.023+0000] {processor.py:840} INFO - DAG(s) 'latest_only_with_trigger' retrieved from /home/nord/venv/lib/python3.8/site-packages/airflow/example_dags/example_latest_only_with_trigger.py
[2025-03-20T22:03:44.109+0000] {logging_mixin.py:188} INFO - [2025-03-20T22:03:44.108+0000] {dag.py:3036} INFO - Sync 1 DAGs
[2025-03-20T22:03:44.203+0000] {logging_mixin.py:188} INFO - [2025-03-20T22:03:44.202+0000] {dag.py:3823} INFO - Setting next_dagrun for latest_only_with_trigger to 2025-03-20 16:00:00+00:00, run_after=2025-03-20 20:00:00+00:00
[2025-03-20T22:03:44.297+0000] {processor.py:183} INFO - Processing /home/nord/venv/lib/python3.8/site-packages/airflow/example_dags/example_latest_only_with_trigger.py took 0.307 seconds
[2025-03-20T22:04:15.996+0000] {processor.py:161} INFO - Started process (PID=3253) to work on /home/nord/venv/lib/python3.8/site-packages/airflow/example_dags/example_latest_only_with_trigger.py
[2025-03-20T22:04:16.001+0000] {processor.py:830} INFO - Processing file /home/nord/venv/lib/python3.8/site-packages/airflow/example_dags/example_latest_only_with_trigger.py for tasks to queue
[2025-03-20T22:04:16.004+0000] {logging_mixin.py:188} INFO - [2025-03-20T22:04:16.003+0000] {dagbag.py:538} INFO - Filling up the DagBag from /home/nord/venv/lib/python3.8/site-packages/airflow/example_dags/example_latest_only_with_trigger.py
[2025-03-20T22:04:16.041+0000] {processor.py:840} INFO - DAG(s) 'latest_only_with_trigger' retrieved from /home/nord/venv/lib/python3.8/site-packages/airflow/example_dags/example_latest_only_with_trigger.py
[2025-03-20T22:04:16.140+0000] {logging_mixin.py:188} INFO - [2025-03-20T22:04:16.139+0000] {dag.py:3036} INFO - Sync 1 DAGs
[2025-03-20T22:04:16.249+0000] {logging_mixin.py:188} INFO - [2025-03-20T22:04:16.248+0000] {dag.py:3823} INFO - Setting next_dagrun for latest_only_with_trigger to 2025-03-20 16:00:00+00:00, run_after=2025-03-20 20:00:00+00:00
[2025-03-20T22:04:16.300+0000] {processor.py:183} INFO - Processing /home/nord/venv/lib/python3.8/site-packages/airflow/example_dags/example_latest_only_with_trigger.py took 0.320 seconds
[2025-03-20T22:04:46.893+0000] {processor.py:161} INFO - Started process (PID=3576) to work on /home/nord/venv/lib/python3.8/site-packages/airflow/example_dags/example_latest_only_with_trigger.py
[2025-03-20T22:04:46.894+0000] {processor.py:830} INFO - Processing file /home/nord/venv/lib/python3.8/site-packages/airflow/example_dags/example_latest_only_with_trigger.py for tasks to queue
[2025-03-20T22:04:46.895+0000] {logging_mixin.py:188} INFO - [2025-03-20T22:04:46.895+0000] {dagbag.py:538} INFO - Filling up the DagBag from /home/nord/venv/lib/python3.8/site-packages/airflow/example_dags/example_latest_only_with_trigger.py
[2025-03-20T22:04:46.909+0000] {processor.py:840} INFO - DAG(s) 'latest_only_with_trigger' retrieved from /home/nord/venv/lib/python3.8/site-packages/airflow/example_dags/example_latest_only_with_trigger.py
[2025-03-20T22:04:46.985+0000] {logging_mixin.py:188} INFO - [2025-03-20T22:04:46.985+0000] {dag.py:3036} INFO - Sync 1 DAGs
[2025-03-20T22:04:47.062+0000] {logging_mixin.py:188} INFO - [2025-03-20T22:04:47.061+0000] {dag.py:3823} INFO - Setting next_dagrun for latest_only_with_trigger to 2025-03-20 16:00:00+00:00, run_after=2025-03-20 20:00:00+00:00
[2025-03-20T22:04:47.118+0000] {processor.py:183} INFO - Processing /home/nord/venv/lib/python3.8/site-packages/airflow/example_dags/example_latest_only_with_trigger.py took 0.234 seconds
[2025-03-20T22:05:18.046+0000] {processor.py:161} INFO - Started process (PID=3902) to work on /home/nord/venv/lib/python3.8/site-packages/airflow/example_dags/example_latest_only_with_trigger.py
[2025-03-20T22:05:18.047+0000] {processor.py:830} INFO - Processing file /home/nord/venv/lib/python3.8/site-packages/airflow/example_dags/example_latest_only_with_trigger.py for tasks to queue
[2025-03-20T22:05:18.049+0000] {logging_mixin.py:188} INFO - [2025-03-20T22:05:18.048+0000] {dagbag.py:538} INFO - Filling up the DagBag from /home/nord/venv/lib/python3.8/site-packages/airflow/example_dags/example_latest_only_with_trigger.py
[2025-03-20T22:05:18.061+0000] {processor.py:840} INFO - DAG(s) 'latest_only_with_trigger' retrieved from /home/nord/venv/lib/python3.8/site-packages/airflow/example_dags/example_latest_only_with_trigger.py
[2025-03-20T22:05:18.120+0000] {logging_mixin.py:188} INFO - [2025-03-20T22:05:18.120+0000] {dag.py:3036} INFO - Sync 1 DAGs
[2025-03-20T22:05:18.170+0000] {logging_mixin.py:188} INFO - [2025-03-20T22:05:18.170+0000] {dag.py:3823} INFO - Setting next_dagrun for latest_only_with_trigger to 2025-03-20 16:00:00+00:00, run_after=2025-03-20 20:00:00+00:00
[2025-03-20T22:05:18.211+0000] {processor.py:183} INFO - Processing /home/nord/venv/lib/python3.8/site-packages/airflow/example_dags/example_latest_only_with_trigger.py took 0.171 seconds
[2025-03-20T22:05:53.940+0000] {processor.py:161} INFO - Started process (PID=4498) to work on /home/nord/venv/lib/python3.8/site-packages/airflow/example_dags/example_latest_only_with_trigger.py
[2025-03-20T22:05:53.947+0000] {processor.py:830} INFO - Processing file /home/nord/venv/lib/python3.8/site-packages/airflow/example_dags/example_latest_only_with_trigger.py for tasks to queue
[2025-03-20T22:05:53.949+0000] {logging_mixin.py:188} INFO - [2025-03-20T22:05:53.948+0000] {dagbag.py:538} INFO - Filling up the DagBag from /home/nord/venv/lib/python3.8/site-packages/airflow/example_dags/example_latest_only_with_trigger.py
[2025-03-20T22:05:53.966+0000] {processor.py:840} INFO - DAG(s) 'latest_only_with_trigger' retrieved from /home/nord/venv/lib/python3.8/site-packages/airflow/example_dags/example_latest_only_with_trigger.py
[2025-03-20T22:05:54.057+0000] {logging_mixin.py:188} INFO - [2025-03-20T22:05:54.056+0000] {dag.py:3036} INFO - Sync 1 DAGs
[2025-03-20T22:05:54.115+0000] {logging_mixin.py:188} INFO - [2025-03-20T22:05:54.114+0000] {dag.py:3823} INFO - Setting next_dagrun for latest_only_with_trigger to 2025-03-20 16:00:00+00:00, run_after=2025-03-20 20:00:00+00:00
[2025-03-20T22:05:54.180+0000] {processor.py:183} INFO - Processing /home/nord/venv/lib/python3.8/site-packages/airflow/example_dags/example_latest_only_with_trigger.py took 0.252 seconds
[2025-03-20T22:06:24.280+0000] {processor.py:161} INFO - Started process (PID=4819) to work on /home/nord/venv/lib/python3.8/site-packages/airflow/example_dags/example_latest_only_with_trigger.py
[2025-03-20T22:06:24.285+0000] {processor.py:830} INFO - Processing file /home/nord/venv/lib/python3.8/site-packages/airflow/example_dags/example_latest_only_with_trigger.py for tasks to queue
[2025-03-20T22:06:24.286+0000] {logging_mixin.py:188} INFO - [2025-03-20T22:06:24.285+0000] {dagbag.py:538} INFO - Filling up the DagBag from /home/nord/venv/lib/python3.8/site-packages/airflow/example_dags/example_latest_only_with_trigger.py
[2025-03-20T22:06:24.296+0000] {processor.py:840} INFO - DAG(s) 'latest_only_with_trigger' retrieved from /home/nord/venv/lib/python3.8/site-packages/airflow/example_dags/example_latest_only_with_trigger.py
[2025-03-20T22:06:24.344+0000] {logging_mixin.py:188} INFO - [2025-03-20T22:06:24.343+0000] {dag.py:3036} INFO - Sync 1 DAGs
[2025-03-20T22:06:24.386+0000] {logging_mixin.py:188} INFO - [2025-03-20T22:06:24.386+0000] {dag.py:3823} INFO - Setting next_dagrun for latest_only_with_trigger to 2025-03-20 16:00:00+00:00, run_after=2025-03-20 20:00:00+00:00
[2025-03-20T22:06:24.427+0000] {processor.py:183} INFO - Processing /home/nord/venv/lib/python3.8/site-packages/airflow/example_dags/example_latest_only_with_trigger.py took 0.152 seconds
[2025-03-20T22:06:54.955+0000] {processor.py:161} INFO - Started process (PID=5144) to work on /home/nord/venv/lib/python3.8/site-packages/airflow/example_dags/example_latest_only_with_trigger.py
[2025-03-20T22:06:54.956+0000] {processor.py:830} INFO - Processing file /home/nord/venv/lib/python3.8/site-packages/airflow/example_dags/example_latest_only_with_trigger.py for tasks to queue
[2025-03-20T22:06:54.958+0000] {logging_mixin.py:188} INFO - [2025-03-20T22:06:54.957+0000] {dagbag.py:538} INFO - Filling up the DagBag from /home/nord/venv/lib/python3.8/site-packages/airflow/example_dags/example_latest_only_with_trigger.py
[2025-03-20T22:06:54.966+0000] {processor.py:840} INFO - DAG(s) 'latest_only_with_trigger' retrieved from /home/nord/venv/lib/python3.8/site-packages/airflow/example_dags/example_latest_only_with_trigger.py
[2025-03-20T22:06:55.015+0000] {logging_mixin.py:188} INFO - [2025-03-20T22:06:55.015+0000] {dag.py:3036} INFO - Sync 1 DAGs
[2025-03-20T22:06:55.058+0000] {logging_mixin.py:188} INFO - [2025-03-20T22:06:55.058+0000] {dag.py:3823} INFO - Setting next_dagrun for latest_only_with_trigger to 2025-03-20 16:00:00+00:00, run_after=2025-03-20 20:00:00+00:00
[2025-03-20T22:06:55.181+0000] {processor.py:183} INFO - Processing /home/nord/venv/lib/python3.8/site-packages/airflow/example_dags/example_latest_only_with_trigger.py took 0.231 seconds
[2025-03-20T22:07:26.656+0000] {processor.py:161} INFO - Started process (PID=5609) to work on /home/nord/venv/lib/python3.8/site-packages/airflow/example_dags/example_latest_only_with_trigger.py
[2025-03-20T22:07:26.657+0000] {processor.py:830} INFO - Processing file /home/nord/venv/lib/python3.8/site-packages/airflow/example_dags/example_latest_only_with_trigger.py for tasks to queue
[2025-03-20T22:07:26.658+0000] {logging_mixin.py:188} INFO - [2025-03-20T22:07:26.658+0000] {dagbag.py:538} INFO - Filling up the DagBag from /home/nord/venv/lib/python3.8/site-packages/airflow/example_dags/example_latest_only_with_trigger.py
[2025-03-20T22:07:26.666+0000] {processor.py:840} INFO - DAG(s) 'latest_only_with_trigger' retrieved from /home/nord/venv/lib/python3.8/site-packages/airflow/example_dags/example_latest_only_with_trigger.py
[2025-03-20T22:07:26.708+0000] {logging_mixin.py:188} INFO - [2025-03-20T22:07:26.708+0000] {dag.py:3036} INFO - Sync 1 DAGs
[2025-03-20T22:07:26.743+0000] {logging_mixin.py:188} INFO - [2025-03-20T22:07:26.742+0000] {dag.py:3823} INFO - Setting next_dagrun for latest_only_with_trigger to 2025-03-20 16:00:00+00:00, run_after=2025-03-20 20:00:00+00:00
[2025-03-20T22:07:26.777+0000] {processor.py:183} INFO - Processing /home/nord/venv/lib/python3.8/site-packages/airflow/example_dags/example_latest_only_with_trigger.py took 0.126 seconds
[2025-03-20T22:07:57.288+0000] {processor.py:161} INFO - Started process (PID=5949) to work on /home/nord/venv/lib/python3.8/site-packages/airflow/example_dags/example_latest_only_with_trigger.py
[2025-03-20T22:07:57.290+0000] {processor.py:830} INFO - Processing file /home/nord/venv/lib/python3.8/site-packages/airflow/example_dags/example_latest_only_with_trigger.py for tasks to queue
[2025-03-20T22:07:57.292+0000] {logging_mixin.py:188} INFO - [2025-03-20T22:07:57.291+0000] {dagbag.py:538} INFO - Filling up the DagBag from /home/nord/venv/lib/python3.8/site-packages/airflow/example_dags/example_latest_only_with_trigger.py
[2025-03-20T22:07:57.302+0000] {processor.py:840} INFO - DAG(s) 'latest_only_with_trigger' retrieved from /home/nord/venv/lib/python3.8/site-packages/airflow/example_dags/example_latest_only_with_trigger.py
[2025-03-20T22:07:57.351+0000] {logging_mixin.py:188} INFO - [2025-03-20T22:07:57.351+0000] {dag.py:3036} INFO - Sync 1 DAGs
[2025-03-20T22:07:57.393+0000] {logging_mixin.py:188} INFO - [2025-03-20T22:07:57.393+0000] {dag.py:3823} INFO - Setting next_dagrun for latest_only_with_trigger to 2025-03-20 16:00:00+00:00, run_after=2025-03-20 20:00:00+00:00
[2025-03-20T22:07:57.434+0000] {processor.py:183} INFO - Processing /home/nord/venv/lib/python3.8/site-packages/airflow/example_dags/example_latest_only_with_trigger.py took 0.151 seconds
[2025-03-20T22:08:29.199+0000] {processor.py:161} INFO - Started process (PID=6284) to work on /home/nord/venv/lib/python3.8/site-packages/airflow/example_dags/example_latest_only_with_trigger.py
[2025-03-20T22:08:29.200+0000] {processor.py:830} INFO - Processing file /home/nord/venv/lib/python3.8/site-packages/airflow/example_dags/example_latest_only_with_trigger.py for tasks to queue
[2025-03-20T22:08:29.201+0000] {logging_mixin.py:188} INFO - [2025-03-20T22:08:29.201+0000] {dagbag.py:538} INFO - Filling up the DagBag from /home/nord/venv/lib/python3.8/site-packages/airflow/example_dags/example_latest_only_with_trigger.py
[2025-03-20T22:08:29.210+0000] {processor.py:840} INFO - DAG(s) 'latest_only_with_trigger' retrieved from /home/nord/venv/lib/python3.8/site-packages/airflow/example_dags/example_latest_only_with_trigger.py
[2025-03-20T22:08:29.255+0000] {logging_mixin.py:188} INFO - [2025-03-20T22:08:29.254+0000] {dag.py:3036} INFO - Sync 1 DAGs
[2025-03-20T22:08:29.299+0000] {logging_mixin.py:188} INFO - [2025-03-20T22:08:29.299+0000] {dag.py:3823} INFO - Setting next_dagrun for latest_only_with_trigger to 2025-03-20 16:00:00+00:00, run_after=2025-03-20 20:00:00+00:00
[2025-03-20T22:08:29.335+0000] {processor.py:183} INFO - Processing /home/nord/venv/lib/python3.8/site-packages/airflow/example_dags/example_latest_only_with_trigger.py took 0.142 seconds
[2025-03-20T22:09:00.941+0000] {processor.py:161} INFO - Started process (PID=6631) to work on /home/nord/venv/lib/python3.8/site-packages/airflow/example_dags/example_latest_only_with_trigger.py
[2025-03-20T22:09:00.944+0000] {processor.py:830} INFO - Processing file /home/nord/venv/lib/python3.8/site-packages/airflow/example_dags/example_latest_only_with_trigger.py for tasks to queue
[2025-03-20T22:09:00.947+0000] {logging_mixin.py:188} INFO - [2025-03-20T22:09:00.945+0000] {dagbag.py:538} INFO - Filling up the DagBag from /home/nord/venv/lib/python3.8/site-packages/airflow/example_dags/example_latest_only_with_trigger.py
[2025-03-20T22:09:00.961+0000] {processor.py:840} INFO - DAG(s) 'latest_only_with_trigger' retrieved from /home/nord/venv/lib/python3.8/site-packages/airflow/example_dags/example_latest_only_with_trigger.py
[2025-03-20T22:09:01.034+0000] {logging_mixin.py:188} INFO - [2025-03-20T22:09:01.033+0000] {dag.py:3036} INFO - Sync 1 DAGs
[2025-03-20T22:09:01.089+0000] {logging_mixin.py:188} INFO - [2025-03-20T22:09:01.088+0000] {dag.py:3823} INFO - Setting next_dagrun for latest_only_with_trigger to 2025-03-20 16:00:00+00:00, run_after=2025-03-20 20:00:00+00:00
[2025-03-20T22:09:01.138+0000] {processor.py:183} INFO - Processing /home/nord/venv/lib/python3.8/site-packages/airflow/example_dags/example_latest_only_with_trigger.py took 0.205 seconds
[2025-03-20T22:09:32.177+0000] {processor.py:161} INFO - Started process (PID=7043) to work on /home/nord/venv/lib/python3.8/site-packages/airflow/example_dags/example_latest_only_with_trigger.py
[2025-03-20T22:09:32.179+0000] {processor.py:830} INFO - Processing file /home/nord/venv/lib/python3.8/site-packages/airflow/example_dags/example_latest_only_with_trigger.py for tasks to queue
[2025-03-20T22:09:32.181+0000] {logging_mixin.py:188} INFO - [2025-03-20T22:09:32.180+0000] {dagbag.py:538} INFO - Filling up the DagBag from /home/nord/venv/lib/python3.8/site-packages/airflow/example_dags/example_latest_only_with_trigger.py
[2025-03-20T22:09:32.194+0000] {processor.py:840} INFO - DAG(s) 'latest_only_with_trigger' retrieved from /home/nord/venv/lib/python3.8/site-packages/airflow/example_dags/example_latest_only_with_trigger.py
[2025-03-20T22:09:32.248+0000] {logging_mixin.py:188} INFO - [2025-03-20T22:09:32.247+0000] {dag.py:3036} INFO - Sync 1 DAGs
[2025-03-20T22:09:32.289+0000] {logging_mixin.py:188} INFO - [2025-03-20T22:09:32.289+0000] {dag.py:3823} INFO - Setting next_dagrun for latest_only_with_trigger to 2025-03-20 16:00:00+00:00, run_after=2025-03-20 20:00:00+00:00
[2025-03-20T22:09:32.352+0000] {processor.py:183} INFO - Processing /home/nord/venv/lib/python3.8/site-packages/airflow/example_dags/example_latest_only_with_trigger.py took 0.181 seconds
[2025-03-20T22:10:03.533+0000] {processor.py:161} INFO - Started process (PID=7416) to work on /home/nord/venv/lib/python3.8/site-packages/airflow/example_dags/example_latest_only_with_trigger.py
[2025-03-20T22:10:03.535+0000] {processor.py:830} INFO - Processing file /home/nord/venv/lib/python3.8/site-packages/airflow/example_dags/example_latest_only_with_trigger.py for tasks to queue
[2025-03-20T22:10:03.536+0000] {logging_mixin.py:188} INFO - [2025-03-20T22:10:03.536+0000] {dagbag.py:538} INFO - Filling up the DagBag from /home/nord/venv/lib/python3.8/site-packages/airflow/example_dags/example_latest_only_with_trigger.py
[2025-03-20T22:10:03.552+0000] {processor.py:840} INFO - DAG(s) 'latest_only_with_trigger' retrieved from /home/nord/venv/lib/python3.8/site-packages/airflow/example_dags/example_latest_only_with_trigger.py
[2025-03-20T22:10:03.614+0000] {logging_mixin.py:188} INFO - [2025-03-20T22:10:03.612+0000] {dag.py:3036} INFO - Sync 1 DAGs
[2025-03-20T22:10:03.661+0000] {logging_mixin.py:188} INFO - [2025-03-20T22:10:03.660+0000] {dag.py:3823} INFO - Setting next_dagrun for latest_only_with_trigger to 2025-03-20 16:00:00+00:00, run_after=2025-03-20 20:00:00+00:00
[2025-03-20T22:10:03.700+0000] {processor.py:183} INFO - Processing /home/nord/venv/lib/python3.8/site-packages/airflow/example_dags/example_latest_only_with_trigger.py took 0.173 seconds
[2025-03-20T22:10:35.836+0000] {processor.py:161} INFO - Started process (PID=7748) to work on /home/nord/venv/lib/python3.8/site-packages/airflow/example_dags/example_latest_only_with_trigger.py
[2025-03-20T22:10:35.843+0000] {processor.py:830} INFO - Processing file /home/nord/venv/lib/python3.8/site-packages/airflow/example_dags/example_latest_only_with_trigger.py for tasks to queue
[2025-03-20T22:10:35.845+0000] {logging_mixin.py:188} INFO - [2025-03-20T22:10:35.844+0000] {dagbag.py:538} INFO - Filling up the DagBag from /home/nord/venv/lib/python3.8/site-packages/airflow/example_dags/example_latest_only_with_trigger.py
[2025-03-20T22:10:35.871+0000] {processor.py:840} INFO - DAG(s) 'latest_only_with_trigger' retrieved from /home/nord/venv/lib/python3.8/site-packages/airflow/example_dags/example_latest_only_with_trigger.py
[2025-03-20T22:10:35.997+0000] {logging_mixin.py:188} INFO - [2025-03-20T22:10:35.996+0000] {dag.py:3036} INFO - Sync 1 DAGs
[2025-03-20T22:10:36.122+0000] {logging_mixin.py:188} INFO - [2025-03-20T22:10:36.122+0000] {dag.py:3823} INFO - Setting next_dagrun for latest_only_with_trigger to 2025-03-20 16:00:00+00:00, run_after=2025-03-20 20:00:00+00:00
[2025-03-20T22:10:36.228+0000] {processor.py:183} INFO - Processing /home/nord/venv/lib/python3.8/site-packages/airflow/example_dags/example_latest_only_with_trigger.py took 0.408 seconds
[2025-03-20T22:11:07.281+0000] {processor.py:161} INFO - Started process (PID=8072) to work on /home/nord/venv/lib/python3.8/site-packages/airflow/example_dags/example_latest_only_with_trigger.py
[2025-03-20T22:11:07.283+0000] {processor.py:830} INFO - Processing file /home/nord/venv/lib/python3.8/site-packages/airflow/example_dags/example_latest_only_with_trigger.py for tasks to queue
[2025-03-20T22:11:07.285+0000] {logging_mixin.py:188} INFO - [2025-03-20T22:11:07.284+0000] {dagbag.py:538} INFO - Filling up the DagBag from /home/nord/venv/lib/python3.8/site-packages/airflow/example_dags/example_latest_only_with_trigger.py
[2025-03-20T22:11:07.295+0000] {processor.py:840} INFO - DAG(s) 'latest_only_with_trigger' retrieved from /home/nord/venv/lib/python3.8/site-packages/airflow/example_dags/example_latest_only_with_trigger.py
[2025-03-20T22:11:07.342+0000] {logging_mixin.py:188} INFO - [2025-03-20T22:11:07.342+0000] {dag.py:3036} INFO - Sync 1 DAGs
[2025-03-20T22:11:07.380+0000] {logging_mixin.py:188} INFO - [2025-03-20T22:11:07.379+0000] {dag.py:3823} INFO - Setting next_dagrun for latest_only_with_trigger to 2025-03-20 16:00:00+00:00, run_after=2025-03-20 20:00:00+00:00
[2025-03-20T22:11:07.423+0000] {processor.py:183} INFO - Processing /home/nord/venv/lib/python3.8/site-packages/airflow/example_dags/example_latest_only_with_trigger.py took 0.147 seconds
[2025-03-20T22:11:38.477+0000] {processor.py:161} INFO - Started process (PID=8391) to work on /home/nord/venv/lib/python3.8/site-packages/airflow/example_dags/example_latest_only_with_trigger.py
[2025-03-20T22:11:38.479+0000] {processor.py:830} INFO - Processing file /home/nord/venv/lib/python3.8/site-packages/airflow/example_dags/example_latest_only_with_trigger.py for tasks to queue
[2025-03-20T22:11:38.480+0000] {logging_mixin.py:188} INFO - [2025-03-20T22:11:38.480+0000] {dagbag.py:538} INFO - Filling up the DagBag from /home/nord/venv/lib/python3.8/site-packages/airflow/example_dags/example_latest_only_with_trigger.py
[2025-03-20T22:11:38.492+0000] {processor.py:840} INFO - DAG(s) 'latest_only_with_trigger' retrieved from /home/nord/venv/lib/python3.8/site-packages/airflow/example_dags/example_latest_only_with_trigger.py
[2025-03-20T22:11:38.547+0000] {logging_mixin.py:188} INFO - [2025-03-20T22:11:38.546+0000] {dag.py:3036} INFO - Sync 1 DAGs
[2025-03-20T22:11:38.587+0000] {logging_mixin.py:188} INFO - [2025-03-20T22:11:38.586+0000] {dag.py:3823} INFO - Setting next_dagrun for latest_only_with_trigger to 2025-03-20 16:00:00+00:00, run_after=2025-03-20 20:00:00+00:00
[2025-03-20T22:11:38.624+0000] {processor.py:183} INFO - Processing /home/nord/venv/lib/python3.8/site-packages/airflow/example_dags/example_latest_only_with_trigger.py took 0.153 seconds
