[2025-03-20T22:02:08.888+0000] {processor.py:161} INFO - Started process (PID=1564) to work on /home/nord/venv/lib/python3.8/site-packages/airflow/example_dags/example_branch_operator_decorator.py
[2025-03-20T22:02:08.889+0000] {processor.py:830} INFO - Processing file /home/nord/venv/lib/python3.8/site-packages/airflow/example_dags/example_branch_operator_decorator.py for tasks to queue
[2025-03-20T22:02:08.891+0000] {logging_mixin.py:188} INFO - [2025-03-20T22:02:08.891+0000] {dagbag.py:538} INFO - Filling up the DagBag from /home/nord/venv/lib/python3.8/site-packages/airflow/example_dags/example_branch_operator_decorator.py
[2025-03-20T22:02:08.937+0000] {processor.py:840} INFO - DAG(s) 'example_branch_python_operator_decorator' retrieved from /home/nord/venv/lib/python3.8/site-packages/airflow/example_dags/example_branch_operator_decorator.py
[2025-03-20T22:02:09.137+0000] {logging_mixin.py:188} INFO - [2025-03-20T22:02:09.136+0000] {dag.py:3036} INFO - Sync 1 DAGs
[2025-03-20T22:02:09.177+0000] {logging_mixin.py:188} INFO - [2025-03-20T22:02:09.177+0000] {dag.py:3823} INFO - Setting next_dagrun for example_branch_python_operator_decorator to 2025-03-19 00:00:00+00:00, run_after=2025-03-20 00:00:00+00:00
[2025-03-20T22:02:09.231+0000] {processor.py:183} INFO - Processing /home/nord/venv/lib/python3.8/site-packages/airflow/example_dags/example_branch_operator_decorator.py took 0.351 seconds
[2025-03-20T22:02:40.112+0000] {processor.py:161} INFO - Started process (PID=1919) to work on /home/nord/venv/lib/python3.8/site-packages/airflow/example_dags/example_branch_operator_decorator.py
[2025-03-20T22:02:40.139+0000] {processor.py:830} INFO - Processing file /home/nord/venv/lib/python3.8/site-packages/airflow/example_dags/example_branch_operator_decorator.py for tasks to queue
[2025-03-20T22:02:40.141+0000] {logging_mixin.py:188} INFO - [2025-03-20T22:02:40.140+0000] {dagbag.py:538} INFO - Filling up the DagBag from /home/nord/venv/lib/python3.8/site-packages/airflow/example_dags/example_branch_operator_decorator.py
[2025-03-20T22:02:40.455+0000] {processor.py:840} INFO - DAG(s) 'example_branch_python_operator_decorator' retrieved from /home/nord/venv/lib/python3.8/site-packages/airflow/example_dags/example_branch_operator_decorator.py
[2025-03-20T22:02:41.008+0000] {logging_mixin.py:188} INFO - [2025-03-20T22:02:41.008+0000] {dag.py:3036} INFO - Sync 1 DAGs
[2025-03-20T22:02:41.187+0000] {logging_mixin.py:188} INFO - [2025-03-20T22:02:41.186+0000] {dag.py:3823} INFO - Setting next_dagrun for example_branch_python_operator_decorator to 2025-03-19 00:00:00+00:00, run_after=2025-03-20 00:00:00+00:00
[2025-03-20T22:02:41.322+0000] {processor.py:183} INFO - Processing /home/nord/venv/lib/python3.8/site-packages/airflow/example_dags/example_branch_operator_decorator.py took 1.265 seconds
[2025-03-20T22:03:14.402+0000] {processor.py:161} INFO - Started process (PID=2541) to work on /home/nord/venv/lib/python3.8/site-packages/airflow/example_dags/example_branch_operator_decorator.py
[2025-03-20T22:03:14.407+0000] {processor.py:830} INFO - Processing file /home/nord/venv/lib/python3.8/site-packages/airflow/example_dags/example_branch_operator_decorator.py for tasks to queue
[2025-03-20T22:03:14.409+0000] {logging_mixin.py:188} INFO - [2025-03-20T22:03:14.408+0000] {dagbag.py:538} INFO - Filling up the DagBag from /home/nord/venv/lib/python3.8/site-packages/airflow/example_dags/example_branch_operator_decorator.py
[2025-03-20T22:03:14.460+0000] {processor.py:840} INFO - DAG(s) 'example_branch_python_operator_decorator' retrieved from /home/nord/venv/lib/python3.8/site-packages/airflow/example_dags/example_branch_operator_decorator.py
[2025-03-20T22:03:14.545+0000] {logging_mixin.py:188} INFO - [2025-03-20T22:03:14.544+0000] {dag.py:3036} INFO - Sync 1 DAGs
[2025-03-20T22:03:14.609+0000] {logging_mixin.py:188} INFO - [2025-03-20T22:03:14.609+0000] {dag.py:3823} INFO - Setting next_dagrun for example_branch_python_operator_decorator to 2025-03-19 00:00:00+00:00, run_after=2025-03-20 00:00:00+00:00
[2025-03-20T22:03:14.673+0000] {processor.py:183} INFO - Processing /home/nord/venv/lib/python3.8/site-packages/airflow/example_dags/example_branch_operator_decorator.py took 0.280 seconds
[2025-03-20T22:03:45.073+0000] {processor.py:161} INFO - Started process (PID=2936) to work on /home/nord/venv/lib/python3.8/site-packages/airflow/example_dags/example_branch_operator_decorator.py
[2025-03-20T22:03:45.075+0000] {processor.py:830} INFO - Processing file /home/nord/venv/lib/python3.8/site-packages/airflow/example_dags/example_branch_operator_decorator.py for tasks to queue
[2025-03-20T22:03:45.078+0000] {logging_mixin.py:188} INFO - [2025-03-20T22:03:45.077+0000] {dagbag.py:538} INFO - Filling up the DagBag from /home/nord/venv/lib/python3.8/site-packages/airflow/example_dags/example_branch_operator_decorator.py
[2025-03-20T22:03:45.138+0000] {processor.py:840} INFO - DAG(s) 'example_branch_python_operator_decorator' retrieved from /home/nord/venv/lib/python3.8/site-packages/airflow/example_dags/example_branch_operator_decorator.py
[2025-03-20T22:03:45.223+0000] {logging_mixin.py:188} INFO - [2025-03-20T22:03:45.222+0000] {dag.py:3036} INFO - Sync 1 DAGs
[2025-03-20T22:03:45.286+0000] {logging_mixin.py:188} INFO - [2025-03-20T22:03:45.286+0000] {dag.py:3823} INFO - Setting next_dagrun for example_branch_python_operator_decorator to 2025-03-19 00:00:00+00:00, run_after=2025-03-20 00:00:00+00:00
[2025-03-20T22:03:45.329+0000] {processor.py:183} INFO - Processing /home/nord/venv/lib/python3.8/site-packages/airflow/example_dags/example_branch_operator_decorator.py took 0.261 seconds
[2025-03-20T22:04:16.702+0000] {processor.py:161} INFO - Started process (PID=3283) to work on /home/nord/venv/lib/python3.8/site-packages/airflow/example_dags/example_branch_operator_decorator.py
[2025-03-20T22:04:16.710+0000] {processor.py:830} INFO - Processing file /home/nord/venv/lib/python3.8/site-packages/airflow/example_dags/example_branch_operator_decorator.py for tasks to queue
[2025-03-20T22:04:16.712+0000] {logging_mixin.py:188} INFO - [2025-03-20T22:04:16.712+0000] {dagbag.py:538} INFO - Filling up the DagBag from /home/nord/venv/lib/python3.8/site-packages/airflow/example_dags/example_branch_operator_decorator.py
[2025-03-20T22:04:16.770+0000] {processor.py:840} INFO - DAG(s) 'example_branch_python_operator_decorator' retrieved from /home/nord/venv/lib/python3.8/site-packages/airflow/example_dags/example_branch_operator_decorator.py
[2025-03-20T22:04:16.854+0000] {logging_mixin.py:188} INFO - [2025-03-20T22:04:16.851+0000] {dag.py:3036} INFO - Sync 1 DAGs
[2025-03-20T22:04:16.929+0000] {logging_mixin.py:188} INFO - [2025-03-20T22:04:16.929+0000] {dag.py:3823} INFO - Setting next_dagrun for example_branch_python_operator_decorator to 2025-03-19 00:00:00+00:00, run_after=2025-03-20 00:00:00+00:00
[2025-03-20T22:04:16.983+0000] {processor.py:183} INFO - Processing /home/nord/venv/lib/python3.8/site-packages/airflow/example_dags/example_branch_operator_decorator.py took 0.290 seconds
[2025-03-20T22:04:47.501+0000] {processor.py:161} INFO - Started process (PID=3605) to work on /home/nord/venv/lib/python3.8/site-packages/airflow/example_dags/example_branch_operator_decorator.py
[2025-03-20T22:04:47.502+0000] {processor.py:830} INFO - Processing file /home/nord/venv/lib/python3.8/site-packages/airflow/example_dags/example_branch_operator_decorator.py for tasks to queue
[2025-03-20T22:04:47.503+0000] {logging_mixin.py:188} INFO - [2025-03-20T22:04:47.503+0000] {dagbag.py:538} INFO - Filling up the DagBag from /home/nord/venv/lib/python3.8/site-packages/airflow/example_dags/example_branch_operator_decorator.py
[2025-03-20T22:04:47.557+0000] {processor.py:840} INFO - DAG(s) 'example_branch_python_operator_decorator' retrieved from /home/nord/venv/lib/python3.8/site-packages/airflow/example_dags/example_branch_operator_decorator.py
[2025-03-20T22:04:47.658+0000] {logging_mixin.py:188} INFO - [2025-03-20T22:04:47.654+0000] {dag.py:3036} INFO - Sync 1 DAGs
[2025-03-20T22:04:47.717+0000] {logging_mixin.py:188} INFO - [2025-03-20T22:04:47.717+0000] {dag.py:3823} INFO - Setting next_dagrun for example_branch_python_operator_decorator to 2025-03-19 00:00:00+00:00, run_after=2025-03-20 00:00:00+00:00
[2025-03-20T22:04:47.760+0000] {processor.py:183} INFO - Processing /home/nord/venv/lib/python3.8/site-packages/airflow/example_dags/example_branch_operator_decorator.py took 0.267 seconds
[2025-03-20T22:05:18.505+0000] {processor.py:161} INFO - Started process (PID=3929) to work on /home/nord/venv/lib/python3.8/site-packages/airflow/example_dags/example_branch_operator_decorator.py
[2025-03-20T22:05:18.506+0000] {processor.py:830} INFO - Processing file /home/nord/venv/lib/python3.8/site-packages/airflow/example_dags/example_branch_operator_decorator.py for tasks to queue
[2025-03-20T22:05:18.508+0000] {logging_mixin.py:188} INFO - [2025-03-20T22:05:18.507+0000] {dagbag.py:538} INFO - Filling up the DagBag from /home/nord/venv/lib/python3.8/site-packages/airflow/example_dags/example_branch_operator_decorator.py
[2025-03-20T22:05:18.545+0000] {processor.py:840} INFO - DAG(s) 'example_branch_python_operator_decorator' retrieved from /home/nord/venv/lib/python3.8/site-packages/airflow/example_dags/example_branch_operator_decorator.py
[2025-03-20T22:05:18.612+0000] {logging_mixin.py:188} INFO - [2025-03-20T22:05:18.611+0000] {dag.py:3036} INFO - Sync 1 DAGs
[2025-03-20T22:05:18.653+0000] {logging_mixin.py:188} INFO - [2025-03-20T22:05:18.653+0000] {dag.py:3823} INFO - Setting next_dagrun for example_branch_python_operator_decorator to 2025-03-19 00:00:00+00:00, run_after=2025-03-20 00:00:00+00:00
[2025-03-20T22:05:18.695+0000] {processor.py:183} INFO - Processing /home/nord/venv/lib/python3.8/site-packages/airflow/example_dags/example_branch_operator_decorator.py took 0.196 seconds
[2025-03-20T22:05:54.879+0000] {processor.py:161} INFO - Started process (PID=4528) to work on /home/nord/venv/lib/python3.8/site-packages/airflow/example_dags/example_branch_operator_decorator.py
[2025-03-20T22:05:54.880+0000] {processor.py:830} INFO - Processing file /home/nord/venv/lib/python3.8/site-packages/airflow/example_dags/example_branch_operator_decorator.py for tasks to queue
[2025-03-20T22:05:54.882+0000] {logging_mixin.py:188} INFO - [2025-03-20T22:05:54.881+0000] {dagbag.py:538} INFO - Filling up the DagBag from /home/nord/venv/lib/python3.8/site-packages/airflow/example_dags/example_branch_operator_decorator.py
[2025-03-20T22:05:54.925+0000] {processor.py:840} INFO - DAG(s) 'example_branch_python_operator_decorator' retrieved from /home/nord/venv/lib/python3.8/site-packages/airflow/example_dags/example_branch_operator_decorator.py
[2025-03-20T22:05:55.146+0000] {logging_mixin.py:188} INFO - [2025-03-20T22:05:55.145+0000] {dag.py:3036} INFO - Sync 1 DAGs
[2025-03-20T22:05:55.186+0000] {logging_mixin.py:188} INFO - [2025-03-20T22:05:55.186+0000] {dag.py:3823} INFO - Setting next_dagrun for example_branch_python_operator_decorator to 2025-03-19 00:00:00+00:00, run_after=2025-03-20 00:00:00+00:00
[2025-03-20T22:05:55.225+0000] {processor.py:183} INFO - Processing /home/nord/venv/lib/python3.8/site-packages/airflow/example_dags/example_branch_operator_decorator.py took 0.355 seconds
[2025-03-20T22:06:25.845+0000] {processor.py:161} INFO - Started process (PID=4849) to work on /home/nord/venv/lib/python3.8/site-packages/airflow/example_dags/example_branch_operator_decorator.py
[2025-03-20T22:06:25.846+0000] {processor.py:830} INFO - Processing file /home/nord/venv/lib/python3.8/site-packages/airflow/example_dags/example_branch_operator_decorator.py for tasks to queue
[2025-03-20T22:06:25.847+0000] {logging_mixin.py:188} INFO - [2025-03-20T22:06:25.847+0000] {dagbag.py:538} INFO - Filling up the DagBag from /home/nord/venv/lib/python3.8/site-packages/airflow/example_dags/example_branch_operator_decorator.py
[2025-03-20T22:06:25.883+0000] {processor.py:840} INFO - DAG(s) 'example_branch_python_operator_decorator' retrieved from /home/nord/venv/lib/python3.8/site-packages/airflow/example_dags/example_branch_operator_decorator.py
[2025-03-20T22:06:25.947+0000] {logging_mixin.py:188} INFO - [2025-03-20T22:06:25.946+0000] {dag.py:3036} INFO - Sync 1 DAGs
[2025-03-20T22:06:25.996+0000] {logging_mixin.py:188} INFO - [2025-03-20T22:06:25.995+0000] {dag.py:3823} INFO - Setting next_dagrun for example_branch_python_operator_decorator to 2025-03-19 00:00:00+00:00, run_after=2025-03-20 00:00:00+00:00
[2025-03-20T22:06:26.035+0000] {processor.py:183} INFO - Processing /home/nord/venv/lib/python3.8/site-packages/airflow/example_dags/example_branch_operator_decorator.py took 0.197 seconds
[2025-03-20T22:06:56.742+0000] {processor.py:161} INFO - Started process (PID=5174) to work on /home/nord/venv/lib/python3.8/site-packages/airflow/example_dags/example_branch_operator_decorator.py
[2025-03-20T22:06:56.745+0000] {processor.py:830} INFO - Processing file /home/nord/venv/lib/python3.8/site-packages/airflow/example_dags/example_branch_operator_decorator.py for tasks to queue
[2025-03-20T22:06:56.746+0000] {logging_mixin.py:188} INFO - [2025-03-20T22:06:56.745+0000] {dagbag.py:538} INFO - Filling up the DagBag from /home/nord/venv/lib/python3.8/site-packages/airflow/example_dags/example_branch_operator_decorator.py
[2025-03-20T22:06:56.799+0000] {processor.py:840} INFO - DAG(s) 'example_branch_python_operator_decorator' retrieved from /home/nord/venv/lib/python3.8/site-packages/airflow/example_dags/example_branch_operator_decorator.py
[2025-03-20T22:06:56.866+0000] {logging_mixin.py:188} INFO - [2025-03-20T22:06:56.865+0000] {dag.py:3036} INFO - Sync 1 DAGs
[2025-03-20T22:06:56.928+0000] {logging_mixin.py:188} INFO - [2025-03-20T22:06:56.927+0000] {dag.py:3823} INFO - Setting next_dagrun for example_branch_python_operator_decorator to 2025-03-19 00:00:00+00:00, run_after=2025-03-20 00:00:00+00:00
[2025-03-20T22:06:56.968+0000] {processor.py:183} INFO - Processing /home/nord/venv/lib/python3.8/site-packages/airflow/example_dags/example_branch_operator_decorator.py took 0.232 seconds
[2025-03-20T22:07:27.227+0000] {processor.py:161} INFO - Started process (PID=5637) to work on /home/nord/venv/lib/python3.8/site-packages/airflow/example_dags/example_branch_operator_decorator.py
[2025-03-20T22:07:27.228+0000] {processor.py:830} INFO - Processing file /home/nord/venv/lib/python3.8/site-packages/airflow/example_dags/example_branch_operator_decorator.py for tasks to queue
[2025-03-20T22:07:27.229+0000] {logging_mixin.py:188} INFO - [2025-03-20T22:07:27.229+0000] {dagbag.py:538} INFO - Filling up the DagBag from /home/nord/venv/lib/python3.8/site-packages/airflow/example_dags/example_branch_operator_decorator.py
[2025-03-20T22:07:27.273+0000] {processor.py:840} INFO - DAG(s) 'example_branch_python_operator_decorator' retrieved from /home/nord/venv/lib/python3.8/site-packages/airflow/example_dags/example_branch_operator_decorator.py
[2025-03-20T22:07:27.341+0000] {logging_mixin.py:188} INFO - [2025-03-20T22:07:27.340+0000] {dag.py:3036} INFO - Sync 1 DAGs
[2025-03-20T22:07:27.382+0000] {logging_mixin.py:188} INFO - [2025-03-20T22:07:27.381+0000] {dag.py:3823} INFO - Setting next_dagrun for example_branch_python_operator_decorator to 2025-03-19 00:00:00+00:00, run_after=2025-03-20 00:00:00+00:00
[2025-03-20T22:07:27.420+0000] {processor.py:183} INFO - Processing /home/nord/venv/lib/python3.8/site-packages/airflow/example_dags/example_branch_operator_decorator.py took 0.198 seconds
[2025-03-20T22:07:57.923+0000] {processor.py:161} INFO - Started process (PID=5980) to work on /home/nord/venv/lib/python3.8/site-packages/airflow/example_dags/example_branch_operator_decorator.py
[2025-03-20T22:07:57.926+0000] {processor.py:830} INFO - Processing file /home/nord/venv/lib/python3.8/site-packages/airflow/example_dags/example_branch_operator_decorator.py for tasks to queue
[2025-03-20T22:07:57.928+0000] {logging_mixin.py:188} INFO - [2025-03-20T22:07:57.927+0000] {dagbag.py:538} INFO - Filling up the DagBag from /home/nord/venv/lib/python3.8/site-packages/airflow/example_dags/example_branch_operator_decorator.py
[2025-03-20T22:07:57.971+0000] {processor.py:840} INFO - DAG(s) 'example_branch_python_operator_decorator' retrieved from /home/nord/venv/lib/python3.8/site-packages/airflow/example_dags/example_branch_operator_decorator.py
[2025-03-20T22:07:58.030+0000] {logging_mixin.py:188} INFO - [2025-03-20T22:07:58.030+0000] {dag.py:3036} INFO - Sync 1 DAGs
[2025-03-20T22:07:58.073+0000] {logging_mixin.py:188} INFO - [2025-03-20T22:07:58.072+0000] {dag.py:3823} INFO - Setting next_dagrun for example_branch_python_operator_decorator to 2025-03-19 00:00:00+00:00, run_after=2025-03-20 00:00:00+00:00
[2025-03-20T22:07:58.109+0000] {processor.py:183} INFO - Processing /home/nord/venv/lib/python3.8/site-packages/airflow/example_dags/example_branch_operator_decorator.py took 0.195 seconds
[2025-03-20T22:08:29.828+0000] {processor.py:161} INFO - Started process (PID=6312) to work on /home/nord/venv/lib/python3.8/site-packages/airflow/example_dags/example_branch_operator_decorator.py
[2025-03-20T22:08:29.830+0000] {processor.py:830} INFO - Processing file /home/nord/venv/lib/python3.8/site-packages/airflow/example_dags/example_branch_operator_decorator.py for tasks to queue
[2025-03-20T22:08:29.832+0000] {logging_mixin.py:188} INFO - [2025-03-20T22:08:29.831+0000] {dagbag.py:538} INFO - Filling up the DagBag from /home/nord/venv/lib/python3.8/site-packages/airflow/example_dags/example_branch_operator_decorator.py
[2025-03-20T22:08:29.891+0000] {processor.py:840} INFO - DAG(s) 'example_branch_python_operator_decorator' retrieved from /home/nord/venv/lib/python3.8/site-packages/airflow/example_dags/example_branch_operator_decorator.py
[2025-03-20T22:08:29.962+0000] {logging_mixin.py:188} INFO - [2025-03-20T22:08:29.961+0000] {dag.py:3036} INFO - Sync 1 DAGs
[2025-03-20T22:08:30.013+0000] {logging_mixin.py:188} INFO - [2025-03-20T22:08:30.012+0000] {dag.py:3823} INFO - Setting next_dagrun for example_branch_python_operator_decorator to 2025-03-19 00:00:00+00:00, run_after=2025-03-20 00:00:00+00:00
[2025-03-20T22:08:30.054+0000] {processor.py:183} INFO - Processing /home/nord/venv/lib/python3.8/site-packages/airflow/example_dags/example_branch_operator_decorator.py took 0.232 seconds
[2025-03-20T22:09:01.545+0000] {processor.py:161} INFO - Started process (PID=6660) to work on /home/nord/venv/lib/python3.8/site-packages/airflow/example_dags/example_branch_operator_decorator.py
[2025-03-20T22:09:01.549+0000] {processor.py:830} INFO - Processing file /home/nord/venv/lib/python3.8/site-packages/airflow/example_dags/example_branch_operator_decorator.py for tasks to queue
[2025-03-20T22:09:01.550+0000] {logging_mixin.py:188} INFO - [2025-03-20T22:09:01.549+0000] {dagbag.py:538} INFO - Filling up the DagBag from /home/nord/venv/lib/python3.8/site-packages/airflow/example_dags/example_branch_operator_decorator.py
[2025-03-20T22:09:01.603+0000] {processor.py:840} INFO - DAG(s) 'example_branch_python_operator_decorator' retrieved from /home/nord/venv/lib/python3.8/site-packages/airflow/example_dags/example_branch_operator_decorator.py
[2025-03-20T22:09:01.680+0000] {logging_mixin.py:188} INFO - [2025-03-20T22:09:01.679+0000] {dag.py:3036} INFO - Sync 1 DAGs
[2025-03-20T22:09:01.726+0000] {logging_mixin.py:188} INFO - [2025-03-20T22:09:01.726+0000] {dag.py:3823} INFO - Setting next_dagrun for example_branch_python_operator_decorator to 2025-03-19 00:00:00+00:00, run_after=2025-03-20 00:00:00+00:00
[2025-03-20T22:09:01.767+0000] {processor.py:183} INFO - Processing /home/nord/venv/lib/python3.8/site-packages/airflow/example_dags/example_branch_operator_decorator.py took 0.225 seconds
[2025-03-20T22:09:32.826+0000] {processor.py:161} INFO - Started process (PID=7074) to work on /home/nord/venv/lib/python3.8/site-packages/airflow/example_dags/example_branch_operator_decorator.py
[2025-03-20T22:09:32.827+0000] {processor.py:830} INFO - Processing file /home/nord/venv/lib/python3.8/site-packages/airflow/example_dags/example_branch_operator_decorator.py for tasks to queue
[2025-03-20T22:09:32.829+0000] {logging_mixin.py:188} INFO - [2025-03-20T22:09:32.828+0000] {dagbag.py:538} INFO - Filling up the DagBag from /home/nord/venv/lib/python3.8/site-packages/airflow/example_dags/example_branch_operator_decorator.py
[2025-03-20T22:09:32.872+0000] {processor.py:840} INFO - DAG(s) 'example_branch_python_operator_decorator' retrieved from /home/nord/venv/lib/python3.8/site-packages/airflow/example_dags/example_branch_operator_decorator.py
[2025-03-20T22:09:32.939+0000] {logging_mixin.py:188} INFO - [2025-03-20T22:09:32.939+0000] {dag.py:3036} INFO - Sync 1 DAGs
[2025-03-20T22:09:32.995+0000] {logging_mixin.py:188} INFO - [2025-03-20T22:09:32.994+0000] {dag.py:3823} INFO - Setting next_dagrun for example_branch_python_operator_decorator to 2025-03-19 00:00:00+00:00, run_after=2025-03-20 00:00:00+00:00
[2025-03-20T22:09:33.033+0000] {processor.py:183} INFO - Processing /home/nord/venv/lib/python3.8/site-packages/airflow/example_dags/example_branch_operator_decorator.py took 0.214 seconds
[2025-03-20T22:10:04.085+0000] {processor.py:161} INFO - Started process (PID=7446) to work on /home/nord/venv/lib/python3.8/site-packages/airflow/example_dags/example_branch_operator_decorator.py
[2025-03-20T22:10:04.089+0000] {processor.py:830} INFO - Processing file /home/nord/venv/lib/python3.8/site-packages/airflow/example_dags/example_branch_operator_decorator.py for tasks to queue
[2025-03-20T22:10:04.091+0000] {logging_mixin.py:188} INFO - [2025-03-20T22:10:04.090+0000] {dagbag.py:538} INFO - Filling up the DagBag from /home/nord/venv/lib/python3.8/site-packages/airflow/example_dags/example_branch_operator_decorator.py
[2025-03-20T22:10:04.136+0000] {processor.py:840} INFO - DAG(s) 'example_branch_python_operator_decorator' retrieved from /home/nord/venv/lib/python3.8/site-packages/airflow/example_dags/example_branch_operator_decorator.py
[2025-03-20T22:10:04.209+0000] {logging_mixin.py:188} INFO - [2025-03-20T22:10:04.208+0000] {dag.py:3036} INFO - Sync 1 DAGs
[2025-03-20T22:10:04.267+0000] {logging_mixin.py:188} INFO - [2025-03-20T22:10:04.267+0000] {dag.py:3823} INFO - Setting next_dagrun for example_branch_python_operator_decorator to 2025-03-19 00:00:00+00:00, run_after=2025-03-20 00:00:00+00:00
[2025-03-20T22:10:04.310+0000] {processor.py:183} INFO - Processing /home/nord/venv/lib/python3.8/site-packages/airflow/example_dags/example_branch_operator_decorator.py took 0.233 seconds
[2025-03-20T22:10:36.727+0000] {processor.py:161} INFO - Started process (PID=7775) to work on /home/nord/venv/lib/python3.8/site-packages/airflow/example_dags/example_branch_operator_decorator.py
[2025-03-20T22:10:36.732+0000] {processor.py:830} INFO - Processing file /home/nord/venv/lib/python3.8/site-packages/airflow/example_dags/example_branch_operator_decorator.py for tasks to queue
[2025-03-20T22:10:36.734+0000] {logging_mixin.py:188} INFO - [2025-03-20T22:10:36.733+0000] {dagbag.py:538} INFO - Filling up the DagBag from /home/nord/venv/lib/python3.8/site-packages/airflow/example_dags/example_branch_operator_decorator.py
[2025-03-20T22:10:36.845+0000] {processor.py:840} INFO - DAG(s) 'example_branch_python_operator_decorator' retrieved from /home/nord/venv/lib/python3.8/site-packages/airflow/example_dags/example_branch_operator_decorator.py
[2025-03-20T22:10:37.023+0000] {logging_mixin.py:188} INFO - [2025-03-20T22:10:37.022+0000] {dag.py:3036} INFO - Sync 1 DAGs
[2025-03-20T22:10:37.124+0000] {logging_mixin.py:188} INFO - [2025-03-20T22:10:37.124+0000] {dag.py:3823} INFO - Setting next_dagrun for example_branch_python_operator_decorator to 2025-03-19 00:00:00+00:00, run_after=2025-03-20 00:00:00+00:00
[2025-03-20T22:10:37.243+0000] {processor.py:183} INFO - Processing /home/nord/venv/lib/python3.8/site-packages/airflow/example_dags/example_branch_operator_decorator.py took 0.532 seconds
[2025-03-20T22:11:08.078+0000] {processor.py:161} INFO - Started process (PID=8100) to work on /home/nord/venv/lib/python3.8/site-packages/airflow/example_dags/example_branch_operator_decorator.py
[2025-03-20T22:11:08.088+0000] {processor.py:830} INFO - Processing file /home/nord/venv/lib/python3.8/site-packages/airflow/example_dags/example_branch_operator_decorator.py for tasks to queue
[2025-03-20T22:11:08.091+0000] {logging_mixin.py:188} INFO - [2025-03-20T22:11:08.090+0000] {dagbag.py:538} INFO - Filling up the DagBag from /home/nord/venv/lib/python3.8/site-packages/airflow/example_dags/example_branch_operator_decorator.py
[2025-03-20T22:11:08.149+0000] {processor.py:840} INFO - DAG(s) 'example_branch_python_operator_decorator' retrieved from /home/nord/venv/lib/python3.8/site-packages/airflow/example_dags/example_branch_operator_decorator.py
[2025-03-20T22:11:08.214+0000] {logging_mixin.py:188} INFO - [2025-03-20T22:11:08.213+0000] {dag.py:3036} INFO - Sync 1 DAGs
[2025-03-20T22:11:08.274+0000] {logging_mixin.py:188} INFO - [2025-03-20T22:11:08.273+0000] {dag.py:3823} INFO - Setting next_dagrun for example_branch_python_operator_decorator to 2025-03-19 00:00:00+00:00, run_after=2025-03-20 00:00:00+00:00
[2025-03-20T22:11:08.331+0000] {processor.py:183} INFO - Processing /home/nord/venv/lib/python3.8/site-packages/airflow/example_dags/example_branch_operator_decorator.py took 0.283 seconds
[2025-03-20T22:11:39.209+0000] {processor.py:161} INFO - Started process (PID=8422) to work on /home/nord/venv/lib/python3.8/site-packages/airflow/example_dags/example_branch_operator_decorator.py
[2025-03-20T22:11:39.215+0000] {processor.py:830} INFO - Processing file /home/nord/venv/lib/python3.8/site-packages/airflow/example_dags/example_branch_operator_decorator.py for tasks to queue
[2025-03-20T22:11:39.217+0000] {logging_mixin.py:188} INFO - [2025-03-20T22:11:39.216+0000] {dagbag.py:538} INFO - Filling up the DagBag from /home/nord/venv/lib/python3.8/site-packages/airflow/example_dags/example_branch_operator_decorator.py
[2025-03-20T22:11:39.264+0000] {processor.py:840} INFO - DAG(s) 'example_branch_python_operator_decorator' retrieved from /home/nord/venv/lib/python3.8/site-packages/airflow/example_dags/example_branch_operator_decorator.py
[2025-03-20T22:11:39.319+0000] {logging_mixin.py:188} INFO - [2025-03-20T22:11:39.319+0000] {dag.py:3036} INFO - Sync 1 DAGs
[2025-03-20T22:11:39.366+0000] {logging_mixin.py:188} INFO - [2025-03-20T22:11:39.365+0000] {dag.py:3823} INFO - Setting next_dagrun for example_branch_python_operator_decorator to 2025-03-19 00:00:00+00:00, run_after=2025-03-20 00:00:00+00:00
[2025-03-20T22:11:39.404+0000] {processor.py:183} INFO - Processing /home/nord/venv/lib/python3.8/site-packages/airflow/example_dags/example_branch_operator_decorator.py took 0.201 seconds
