[2025-03-20T22:02:05.787+0000] {processor.py:161} INFO - Started process (PID=1459) to work on /home/nord/venv/lib/python3.8/site-packages/airflow/example_dags/example_sla_dag.py
[2025-03-20T22:02:05.788+0000] {processor.py:830} INFO - Processing file /home/nord/venv/lib/python3.8/site-packages/airflow/example_dags/example_sla_dag.py for tasks to queue
[2025-03-20T22:02:05.791+0000] {logging_mixin.py:188} INFO - [2025-03-20T22:02:05.789+0000] {dagbag.py:538} INFO - Filling up the DagBag from /home/nord/venv/lib/python3.8/site-packages/airflow/example_dags/example_sla_dag.py
[2025-03-20T22:02:05.807+0000] {processor.py:840} INFO - DAG(s) 'example_sla_dag' retrieved from /home/nord/venv/lib/python3.8/site-packages/airflow/example_dags/example_sla_dag.py
[2025-03-20T22:02:05.867+0000] {logging_mixin.py:188} INFO - [2025-03-20T22:02:05.866+0000] {dag.py:3036} INFO - Sync 1 DAGs
[2025-03-20T22:02:05.919+0000] {logging_mixin.py:188} INFO - [2025-03-20T22:02:05.919+0000] {dag.py:3823} INFO - Setting next_dagrun for example_sla_dag to 2025-03-20 22:00:00+00:00, run_after=2025-03-20 22:02:00+00:00
[2025-03-20T22:02:05.961+0000] {processor.py:183} INFO - Processing /home/nord/venv/lib/python3.8/site-packages/airflow/example_dags/example_sla_dag.py took 0.177 seconds
[2025-03-20T22:02:36.286+0000] {processor.py:161} INFO - Started process (PID=1798) to work on /home/nord/venv/lib/python3.8/site-packages/airflow/example_dags/example_sla_dag.py
[2025-03-20T22:02:36.288+0000] {processor.py:830} INFO - Processing file /home/nord/venv/lib/python3.8/site-packages/airflow/example_dags/example_sla_dag.py for tasks to queue
[2025-03-20T22:02:36.290+0000] {logging_mixin.py:188} INFO - [2025-03-20T22:02:36.289+0000] {dagbag.py:538} INFO - Filling up the DagBag from /home/nord/venv/lib/python3.8/site-packages/airflow/example_dags/example_sla_dag.py
[2025-03-20T22:02:36.305+0000] {processor.py:840} INFO - DAG(s) 'example_sla_dag' retrieved from /home/nord/venv/lib/python3.8/site-packages/airflow/example_dags/example_sla_dag.py
[2025-03-20T22:02:36.358+0000] {logging_mixin.py:188} INFO - [2025-03-20T22:02:36.358+0000] {dag.py:3036} INFO - Sync 1 DAGs
[2025-03-20T22:02:36.424+0000] {logging_mixin.py:188} INFO - [2025-03-20T22:02:36.424+0000] {dag.py:3823} INFO - Setting next_dagrun for example_sla_dag to 2025-03-20 22:00:00+00:00, run_after=2025-03-20 22:02:00+00:00
[2025-03-20T22:02:36.465+0000] {processor.py:183} INFO - Processing /home/nord/venv/lib/python3.8/site-packages/airflow/example_dags/example_sla_dag.py took 0.186 seconds
[2025-03-20T22:03:10.841+0000] {processor.py:161} INFO - Started process (PID=2421) to work on /home/nord/venv/lib/python3.8/site-packages/airflow/example_dags/example_sla_dag.py
[2025-03-20T22:03:10.848+0000] {processor.py:830} INFO - Processing file /home/nord/venv/lib/python3.8/site-packages/airflow/example_dags/example_sla_dag.py for tasks to queue
[2025-03-20T22:03:10.849+0000] {logging_mixin.py:188} INFO - [2025-03-20T22:03:10.849+0000] {dagbag.py:538} INFO - Filling up the DagBag from /home/nord/venv/lib/python3.8/site-packages/airflow/example_dags/example_sla_dag.py
[2025-03-20T22:03:10.868+0000] {processor.py:840} INFO - DAG(s) 'example_sla_dag' retrieved from /home/nord/venv/lib/python3.8/site-packages/airflow/example_dags/example_sla_dag.py
[2025-03-20T22:03:10.926+0000] {logging_mixin.py:188} INFO - [2025-03-20T22:03:10.926+0000] {dag.py:3036} INFO - Sync 1 DAGs
[2025-03-20T22:03:11.043+0000] {logging_mixin.py:188} INFO - [2025-03-20T22:03:11.042+0000] {dag.py:3823} INFO - Setting next_dagrun for example_sla_dag to 2025-03-20 22:00:00+00:00, run_after=2025-03-20 22:02:00+00:00
[2025-03-20T22:03:11.111+0000] {processor.py:183} INFO - Processing /home/nord/venv/lib/python3.8/site-packages/airflow/example_dags/example_sla_dag.py took 0.279 seconds
[2025-03-20T22:03:41.605+0000] {processor.py:161} INFO - Started process (PID=2834) to work on /home/nord/venv/lib/python3.8/site-packages/airflow/example_dags/example_sla_dag.py
[2025-03-20T22:03:41.607+0000] {processor.py:830} INFO - Processing file /home/nord/venv/lib/python3.8/site-packages/airflow/example_dags/example_sla_dag.py for tasks to queue
[2025-03-20T22:03:41.618+0000] {logging_mixin.py:188} INFO - [2025-03-20T22:03:41.615+0000] {dagbag.py:538} INFO - Filling up the DagBag from /home/nord/venv/lib/python3.8/site-packages/airflow/example_dags/example_sla_dag.py
[2025-03-20T22:03:41.644+0000] {processor.py:840} INFO - DAG(s) 'example_sla_dag' retrieved from /home/nord/venv/lib/python3.8/site-packages/airflow/example_dags/example_sla_dag.py
[2025-03-20T22:03:41.719+0000] {logging_mixin.py:188} INFO - [2025-03-20T22:03:41.719+0000] {dag.py:3036} INFO - Sync 1 DAGs
[2025-03-20T22:03:41.830+0000] {logging_mixin.py:188} INFO - [2025-03-20T22:03:41.829+0000] {dag.py:3823} INFO - Setting next_dagrun for example_sla_dag to 2025-03-20 22:00:00+00:00, run_after=2025-03-20 22:02:00+00:00
[2025-03-20T22:03:41.923+0000] {processor.py:183} INFO - Processing /home/nord/venv/lib/python3.8/site-packages/airflow/example_dags/example_sla_dag.py took 0.325 seconds
[2025-03-20T22:04:13.566+0000] {processor.py:161} INFO - Started process (PID=3180) to work on /home/nord/venv/lib/python3.8/site-packages/airflow/example_dags/example_sla_dag.py
[2025-03-20T22:04:13.568+0000] {processor.py:830} INFO - Processing file /home/nord/venv/lib/python3.8/site-packages/airflow/example_dags/example_sla_dag.py for tasks to queue
[2025-03-20T22:04:13.571+0000] {logging_mixin.py:188} INFO - [2025-03-20T22:04:13.570+0000] {dagbag.py:538} INFO - Filling up the DagBag from /home/nord/venv/lib/python3.8/site-packages/airflow/example_dags/example_sla_dag.py
[2025-03-20T22:04:13.600+0000] {processor.py:840} INFO - DAG(s) 'example_sla_dag' retrieved from /home/nord/venv/lib/python3.8/site-packages/airflow/example_dags/example_sla_dag.py
[2025-03-20T22:04:13.688+0000] {logging_mixin.py:188} INFO - [2025-03-20T22:04:13.687+0000] {dag.py:3036} INFO - Sync 1 DAGs
[2025-03-20T22:04:13.768+0000] {logging_mixin.py:188} INFO - [2025-03-20T22:04:13.767+0000] {dag.py:3823} INFO - Setting next_dagrun for example_sla_dag to 2025-03-20 22:02:00+00:00, run_after=2025-03-20 22:04:00+00:00
[2025-03-20T22:04:13.841+0000] {processor.py:183} INFO - Processing /home/nord/venv/lib/python3.8/site-packages/airflow/example_dags/example_sla_dag.py took 0.290 seconds
[2025-03-20T22:04:44.985+0000] {processor.py:161} INFO - Started process (PID=3502) to work on /home/nord/venv/lib/python3.8/site-packages/airflow/example_dags/example_sla_dag.py
[2025-03-20T22:04:44.987+0000] {processor.py:830} INFO - Processing file /home/nord/venv/lib/python3.8/site-packages/airflow/example_dags/example_sla_dag.py for tasks to queue
[2025-03-20T22:04:44.988+0000] {logging_mixin.py:188} INFO - [2025-03-20T22:04:44.987+0000] {dagbag.py:538} INFO - Filling up the DagBag from /home/nord/venv/lib/python3.8/site-packages/airflow/example_dags/example_sla_dag.py
[2025-03-20T22:04:45.001+0000] {processor.py:840} INFO - DAG(s) 'example_sla_dag' retrieved from /home/nord/venv/lib/python3.8/site-packages/airflow/example_dags/example_sla_dag.py
[2025-03-20T22:04:45.054+0000] {logging_mixin.py:188} INFO - [2025-03-20T22:04:45.053+0000] {dag.py:3036} INFO - Sync 1 DAGs
[2025-03-20T22:04:45.101+0000] {logging_mixin.py:188} INFO - [2025-03-20T22:04:45.101+0000] {dag.py:3823} INFO - Setting next_dagrun for example_sla_dag to 2025-03-20 22:02:00+00:00, run_after=2025-03-20 22:04:00+00:00
[2025-03-20T22:04:45.145+0000] {processor.py:183} INFO - Processing /home/nord/venv/lib/python3.8/site-packages/airflow/example_dags/example_sla_dag.py took 0.166 seconds
[2025-03-20T22:05:15.486+0000] {processor.py:161} INFO - Started process (PID=3818) to work on /home/nord/venv/lib/python3.8/site-packages/airflow/example_dags/example_sla_dag.py
[2025-03-20T22:05:15.490+0000] {processor.py:830} INFO - Processing file /home/nord/venv/lib/python3.8/site-packages/airflow/example_dags/example_sla_dag.py for tasks to queue
[2025-03-20T22:05:15.494+0000] {logging_mixin.py:188} INFO - [2025-03-20T22:05:15.491+0000] {dagbag.py:538} INFO - Filling up the DagBag from /home/nord/venv/lib/python3.8/site-packages/airflow/example_dags/example_sla_dag.py
[2025-03-20T22:05:15.513+0000] {processor.py:840} INFO - DAG(s) 'example_sla_dag' retrieved from /home/nord/venv/lib/python3.8/site-packages/airflow/example_dags/example_sla_dag.py
[2025-03-20T22:05:15.566+0000] {logging_mixin.py:188} INFO - [2025-03-20T22:05:15.566+0000] {dag.py:3036} INFO - Sync 1 DAGs
[2025-03-20T22:05:15.662+0000] {logging_mixin.py:188} INFO - [2025-03-20T22:05:15.635+0000] {dag.py:3823} INFO - Setting next_dagrun for example_sla_dag to 2025-03-20 22:02:00+00:00, run_after=2025-03-20 22:04:00+00:00
[2025-03-20T22:05:15.791+0000] {processor.py:183} INFO - Processing /home/nord/venv/lib/python3.8/site-packages/airflow/example_dags/example_sla_dag.py took 0.310 seconds
[2025-03-20T22:05:51.927+0000] {processor.py:161} INFO - Started process (PID=4424) to work on /home/nord/venv/lib/python3.8/site-packages/airflow/example_dags/example_sla_dag.py
[2025-03-20T22:05:51.929+0000] {processor.py:830} INFO - Processing file /home/nord/venv/lib/python3.8/site-packages/airflow/example_dags/example_sla_dag.py for tasks to queue
[2025-03-20T22:05:51.931+0000] {logging_mixin.py:188} INFO - [2025-03-20T22:05:51.930+0000] {dagbag.py:538} INFO - Filling up the DagBag from /home/nord/venv/lib/python3.8/site-packages/airflow/example_dags/example_sla_dag.py
[2025-03-20T22:05:51.943+0000] {processor.py:840} INFO - DAG(s) 'example_sla_dag' retrieved from /home/nord/venv/lib/python3.8/site-packages/airflow/example_dags/example_sla_dag.py
[2025-03-20T22:05:52.002+0000] {logging_mixin.py:188} INFO - [2025-03-20T22:05:52.001+0000] {dag.py:3036} INFO - Sync 1 DAGs
[2025-03-20T22:05:52.051+0000] {logging_mixin.py:188} INFO - [2025-03-20T22:05:52.051+0000] {dag.py:3823} INFO - Setting next_dagrun for example_sla_dag to 2025-03-20 22:02:00+00:00, run_after=2025-03-20 22:04:00+00:00
[2025-03-20T22:05:52.091+0000] {processor.py:183} INFO - Processing /home/nord/venv/lib/python3.8/site-packages/airflow/example_dags/example_sla_dag.py took 0.168 seconds
[2025-03-20T22:06:22.845+0000] {processor.py:161} INFO - Started process (PID=4746) to work on /home/nord/venv/lib/python3.8/site-packages/airflow/example_dags/example_sla_dag.py
[2025-03-20T22:06:22.846+0000] {processor.py:830} INFO - Processing file /home/nord/venv/lib/python3.8/site-packages/airflow/example_dags/example_sla_dag.py for tasks to queue
[2025-03-20T22:06:22.849+0000] {logging_mixin.py:188} INFO - [2025-03-20T22:06:22.847+0000] {dagbag.py:538} INFO - Filling up the DagBag from /home/nord/venv/lib/python3.8/site-packages/airflow/example_dags/example_sla_dag.py
[2025-03-20T22:06:22.862+0000] {processor.py:840} INFO - DAG(s) 'example_sla_dag' retrieved from /home/nord/venv/lib/python3.8/site-packages/airflow/example_dags/example_sla_dag.py
[2025-03-20T22:06:22.912+0000] {logging_mixin.py:188} INFO - [2025-03-20T22:06:22.911+0000] {dag.py:3036} INFO - Sync 1 DAGs
[2025-03-20T22:06:22.958+0000] {logging_mixin.py:188} INFO - [2025-03-20T22:06:22.957+0000] {dag.py:3823} INFO - Setting next_dagrun for example_sla_dag to 2025-03-20 22:04:00+00:00, run_after=2025-03-20 22:06:00+00:00
[2025-03-20T22:06:22.991+0000] {processor.py:183} INFO - Processing /home/nord/venv/lib/python3.8/site-packages/airflow/example_dags/example_sla_dag.py took 0.153 seconds
[2025-03-20T22:06:53.516+0000] {processor.py:161} INFO - Started process (PID=5069) to work on /home/nord/venv/lib/python3.8/site-packages/airflow/example_dags/example_sla_dag.py
[2025-03-20T22:06:53.518+0000] {processor.py:830} INFO - Processing file /home/nord/venv/lib/python3.8/site-packages/airflow/example_dags/example_sla_dag.py for tasks to queue
[2025-03-20T22:06:53.520+0000] {logging_mixin.py:188} INFO - [2025-03-20T22:06:53.519+0000] {dagbag.py:538} INFO - Filling up the DagBag from /home/nord/venv/lib/python3.8/site-packages/airflow/example_dags/example_sla_dag.py
[2025-03-20T22:06:53.536+0000] {processor.py:840} INFO - DAG(s) 'example_sla_dag' retrieved from /home/nord/venv/lib/python3.8/site-packages/airflow/example_dags/example_sla_dag.py
[2025-03-20T22:06:53.580+0000] {logging_mixin.py:188} INFO - [2025-03-20T22:06:53.579+0000] {dag.py:3036} INFO - Sync 1 DAGs
[2025-03-20T22:06:53.620+0000] {logging_mixin.py:188} INFO - [2025-03-20T22:06:53.620+0000] {dag.py:3823} INFO - Setting next_dagrun for example_sla_dag to 2025-03-20 22:04:00+00:00, run_after=2025-03-20 22:06:00+00:00
[2025-03-20T22:06:53.654+0000] {processor.py:183} INFO - Processing /home/nord/venv/lib/python3.8/site-packages/airflow/example_dags/example_sla_dag.py took 0.145 seconds
[2025-03-20T22:07:25.079+0000] {processor.py:161} INFO - Started process (PID=5534) to work on /home/nord/venv/lib/python3.8/site-packages/airflow/example_dags/example_sla_dag.py
[2025-03-20T22:07:25.081+0000] {processor.py:830} INFO - Processing file /home/nord/venv/lib/python3.8/site-packages/airflow/example_dags/example_sla_dag.py for tasks to queue
[2025-03-20T22:07:25.083+0000] {logging_mixin.py:188} INFO - [2025-03-20T22:07:25.082+0000] {dagbag.py:538} INFO - Filling up the DagBag from /home/nord/venv/lib/python3.8/site-packages/airflow/example_dags/example_sla_dag.py
[2025-03-20T22:07:25.099+0000] {processor.py:840} INFO - DAG(s) 'example_sla_dag' retrieved from /home/nord/venv/lib/python3.8/site-packages/airflow/example_dags/example_sla_dag.py
[2025-03-20T22:07:25.153+0000] {logging_mixin.py:188} INFO - [2025-03-20T22:07:25.153+0000] {dag.py:3036} INFO - Sync 1 DAGs
[2025-03-20T22:07:25.200+0000] {logging_mixin.py:188} INFO - [2025-03-20T22:07:25.200+0000] {dag.py:3823} INFO - Setting next_dagrun for example_sla_dag to 2025-03-20 22:04:00+00:00, run_after=2025-03-20 22:06:00+00:00
[2025-03-20T22:07:25.237+0000] {processor.py:183} INFO - Processing /home/nord/venv/lib/python3.8/site-packages/airflow/example_dags/example_sla_dag.py took 0.164 seconds
[2025-03-20T22:07:55.926+0000] {processor.py:161} INFO - Started process (PID=5880) to work on /home/nord/venv/lib/python3.8/site-packages/airflow/example_dags/example_sla_dag.py
[2025-03-20T22:07:55.927+0000] {processor.py:830} INFO - Processing file /home/nord/venv/lib/python3.8/site-packages/airflow/example_dags/example_sla_dag.py for tasks to queue
[2025-03-20T22:07:55.928+0000] {logging_mixin.py:188} INFO - [2025-03-20T22:07:55.928+0000] {dagbag.py:538} INFO - Filling up the DagBag from /home/nord/venv/lib/python3.8/site-packages/airflow/example_dags/example_sla_dag.py
[2025-03-20T22:07:55.945+0000] {processor.py:840} INFO - DAG(s) 'example_sla_dag' retrieved from /home/nord/venv/lib/python3.8/site-packages/airflow/example_dags/example_sla_dag.py
[2025-03-20T22:07:55.996+0000] {logging_mixin.py:188} INFO - [2025-03-20T22:07:55.995+0000] {dag.py:3036} INFO - Sync 1 DAGs
[2025-03-20T22:07:56.046+0000] {logging_mixin.py:188} INFO - [2025-03-20T22:07:56.046+0000] {dag.py:3823} INFO - Setting next_dagrun for example_sla_dag to 2025-03-20 22:04:00+00:00, run_after=2025-03-20 22:06:00+00:00
[2025-03-20T22:07:56.088+0000] {processor.py:183} INFO - Processing /home/nord/venv/lib/python3.8/site-packages/airflow/example_dags/example_sla_dag.py took 0.168 seconds
[2025-03-20T22:08:27.383+0000] {processor.py:161} INFO - Started process (PID=6209) to work on /home/nord/venv/lib/python3.8/site-packages/airflow/example_dags/example_sla_dag.py
[2025-03-20T22:08:27.385+0000] {processor.py:830} INFO - Processing file /home/nord/venv/lib/python3.8/site-packages/airflow/example_dags/example_sla_dag.py for tasks to queue
[2025-03-20T22:08:27.386+0000] {logging_mixin.py:188} INFO - [2025-03-20T22:08:27.385+0000] {dagbag.py:538} INFO - Filling up the DagBag from /home/nord/venv/lib/python3.8/site-packages/airflow/example_dags/example_sla_dag.py
[2025-03-20T22:08:27.404+0000] {processor.py:840} INFO - DAG(s) 'example_sla_dag' retrieved from /home/nord/venv/lib/python3.8/site-packages/airflow/example_dags/example_sla_dag.py
[2025-03-20T22:08:27.450+0000] {logging_mixin.py:188} INFO - [2025-03-20T22:08:27.449+0000] {dag.py:3036} INFO - Sync 1 DAGs
[2025-03-20T22:08:27.490+0000] {logging_mixin.py:188} INFO - [2025-03-20T22:08:27.490+0000] {dag.py:3823} INFO - Setting next_dagrun for example_sla_dag to 2025-03-20 22:06:00+00:00, run_after=2025-03-20 22:08:00+00:00
[2025-03-20T22:08:27.526+0000] {processor.py:183} INFO - Processing /home/nord/venv/lib/python3.8/site-packages/airflow/example_dags/example_sla_dag.py took 0.150 seconds
[2025-03-20T22:08:57.729+0000] {processor.py:161} INFO - Started process (PID=6546) to work on /home/nord/venv/lib/python3.8/site-packages/airflow/example_dags/example_sla_dag.py
[2025-03-20T22:08:57.730+0000] {processor.py:830} INFO - Processing file /home/nord/venv/lib/python3.8/site-packages/airflow/example_dags/example_sla_dag.py for tasks to queue
[2025-03-20T22:08:57.736+0000] {logging_mixin.py:188} INFO - [2025-03-20T22:08:57.735+0000] {dagbag.py:538} INFO - Filling up the DagBag from /home/nord/venv/lib/python3.8/site-packages/airflow/example_dags/example_sla_dag.py
[2025-03-20T22:08:57.781+0000] {processor.py:840} INFO - DAG(s) 'example_sla_dag' retrieved from /home/nord/venv/lib/python3.8/site-packages/airflow/example_dags/example_sla_dag.py
[2025-03-20T22:08:57.877+0000] {logging_mixin.py:188} INFO - [2025-03-20T22:08:57.876+0000] {dag.py:3036} INFO - Sync 1 DAGs
[2025-03-20T22:08:57.984+0000] {logging_mixin.py:188} INFO - [2025-03-20T22:08:57.983+0000] {dag.py:3823} INFO - Setting next_dagrun for example_sla_dag to 2025-03-20 22:06:00+00:00, run_after=2025-03-20 22:08:00+00:00
[2025-03-20T22:08:58.079+0000] {processor.py:183} INFO - Processing /home/nord/venv/lib/python3.8/site-packages/airflow/example_dags/example_sla_dag.py took 0.359 seconds
[2025-03-20T22:09:29.066+0000] {processor.py:161} INFO - Started process (PID=6956) to work on /home/nord/venv/lib/python3.8/site-packages/airflow/example_dags/example_sla_dag.py
[2025-03-20T22:09:29.082+0000] {processor.py:830} INFO - Processing file /home/nord/venv/lib/python3.8/site-packages/airflow/example_dags/example_sla_dag.py for tasks to queue
[2025-03-20T22:09:29.084+0000] {logging_mixin.py:188} INFO - [2025-03-20T22:09:29.083+0000] {dagbag.py:538} INFO - Filling up the DagBag from /home/nord/venv/lib/python3.8/site-packages/airflow/example_dags/example_sla_dag.py
[2025-03-20T22:09:29.133+0000] {processor.py:840} INFO - DAG(s) 'example_sla_dag' retrieved from /home/nord/venv/lib/python3.8/site-packages/airflow/example_dags/example_sla_dag.py
[2025-03-20T22:09:29.290+0000] {logging_mixin.py:188} INFO - [2025-03-20T22:09:29.290+0000] {dag.py:3036} INFO - Sync 1 DAGs
[2025-03-20T22:09:29.415+0000] {logging_mixin.py:188} INFO - [2025-03-20T22:09:29.414+0000] {dag.py:3823} INFO - Setting next_dagrun for example_sla_dag to 2025-03-20 22:06:00+00:00, run_after=2025-03-20 22:08:00+00:00
[2025-03-20T22:09:29.514+0000] {processor.py:183} INFO - Processing /home/nord/venv/lib/python3.8/site-packages/airflow/example_dags/example_sla_dag.py took 0.466 seconds
[2025-03-20T22:09:59.774+0000] {processor.py:161} INFO - Started process (PID=7335) to work on /home/nord/venv/lib/python3.8/site-packages/airflow/example_dags/example_sla_dag.py
[2025-03-20T22:09:59.776+0000] {processor.py:830} INFO - Processing file /home/nord/venv/lib/python3.8/site-packages/airflow/example_dags/example_sla_dag.py for tasks to queue
[2025-03-20T22:09:59.777+0000] {logging_mixin.py:188} INFO - [2025-03-20T22:09:59.777+0000] {dagbag.py:538} INFO - Filling up the DagBag from /home/nord/venv/lib/python3.8/site-packages/airflow/example_dags/example_sla_dag.py
[2025-03-20T22:09:59.795+0000] {processor.py:840} INFO - DAG(s) 'example_sla_dag' retrieved from /home/nord/venv/lib/python3.8/site-packages/airflow/example_dags/example_sla_dag.py
[2025-03-20T22:09:59.857+0000] {logging_mixin.py:188} INFO - [2025-03-20T22:09:59.856+0000] {dag.py:3036} INFO - Sync 1 DAGs
[2025-03-20T22:09:59.923+0000] {logging_mixin.py:188} INFO - [2025-03-20T22:09:59.921+0000] {dag.py:3823} INFO - Setting next_dagrun for example_sla_dag to 2025-03-20 22:06:00+00:00, run_after=2025-03-20 22:08:00+00:00
[2025-03-20T22:09:59.967+0000] {processor.py:183} INFO - Processing /home/nord/venv/lib/python3.8/site-packages/airflow/example_dags/example_sla_dag.py took 0.199 seconds
[2025-03-20T22:10:30.200+0000] {processor.py:161} INFO - Started process (PID=7658) to work on /home/nord/venv/lib/python3.8/site-packages/airflow/example_dags/example_sla_dag.py
[2025-03-20T22:10:30.208+0000] {processor.py:830} INFO - Processing file /home/nord/venv/lib/python3.8/site-packages/airflow/example_dags/example_sla_dag.py for tasks to queue
[2025-03-20T22:10:30.209+0000] {logging_mixin.py:188} INFO - [2025-03-20T22:10:30.209+0000] {dagbag.py:538} INFO - Filling up the DagBag from /home/nord/venv/lib/python3.8/site-packages/airflow/example_dags/example_sla_dag.py
[2025-03-20T22:10:30.227+0000] {processor.py:840} INFO - DAG(s) 'example_sla_dag' retrieved from /home/nord/venv/lib/python3.8/site-packages/airflow/example_dags/example_sla_dag.py
[2025-03-20T22:10:30.279+0000] {logging_mixin.py:188} INFO - [2025-03-20T22:10:30.279+0000] {dag.py:3036} INFO - Sync 1 DAGs
[2025-03-20T22:10:30.329+0000] {logging_mixin.py:188} INFO - [2025-03-20T22:10:30.328+0000] {dag.py:3823} INFO - Setting next_dagrun for example_sla_dag to 2025-03-20 22:08:00+00:00, run_after=2025-03-20 22:10:00+00:00
[2025-03-20T22:10:30.369+0000] {processor.py:183} INFO - Processing /home/nord/venv/lib/python3.8/site-packages/airflow/example_dags/example_sla_dag.py took 0.174 seconds
[2025-03-20T22:11:01.153+0000] {processor.py:161} INFO - Started process (PID=7987) to work on /home/nord/venv/lib/python3.8/site-packages/airflow/example_dags/example_sla_dag.py
[2025-03-20T22:11:01.158+0000] {processor.py:830} INFO - Processing file /home/nord/venv/lib/python3.8/site-packages/airflow/example_dags/example_sla_dag.py for tasks to queue
[2025-03-20T22:11:01.160+0000] {logging_mixin.py:188} INFO - [2025-03-20T22:11:01.159+0000] {dagbag.py:538} INFO - Filling up the DagBag from /home/nord/venv/lib/python3.8/site-packages/airflow/example_dags/example_sla_dag.py
[2025-03-20T22:11:01.177+0000] {processor.py:840} INFO - DAG(s) 'example_sla_dag' retrieved from /home/nord/venv/lib/python3.8/site-packages/airflow/example_dags/example_sla_dag.py
[2025-03-20T22:11:01.242+0000] {logging_mixin.py:188} INFO - [2025-03-20T22:11:01.242+0000] {dag.py:3036} INFO - Sync 1 DAGs
[2025-03-20T22:11:01.300+0000] {logging_mixin.py:188} INFO - [2025-03-20T22:11:01.300+0000] {dag.py:3823} INFO - Setting next_dagrun for example_sla_dag to 2025-03-20 22:08:00+00:00, run_after=2025-03-20 22:10:00+00:00
[2025-03-20T22:11:01.349+0000] {processor.py:183} INFO - Processing /home/nord/venv/lib/python3.8/site-packages/airflow/example_dags/example_sla_dag.py took 0.211 seconds
[2025-03-20T22:11:31.590+0000] {processor.py:161} INFO - Started process (PID=8309) to work on /home/nord/venv/lib/python3.8/site-packages/airflow/example_dags/example_sla_dag.py
[2025-03-20T22:11:31.592+0000] {processor.py:830} INFO - Processing file /home/nord/venv/lib/python3.8/site-packages/airflow/example_dags/example_sla_dag.py for tasks to queue
[2025-03-20T22:11:31.593+0000] {logging_mixin.py:188} INFO - [2025-03-20T22:11:31.593+0000] {dagbag.py:538} INFO - Filling up the DagBag from /home/nord/venv/lib/python3.8/site-packages/airflow/example_dags/example_sla_dag.py
[2025-03-20T22:11:31.608+0000] {processor.py:840} INFO - DAG(s) 'example_sla_dag' retrieved from /home/nord/venv/lib/python3.8/site-packages/airflow/example_dags/example_sla_dag.py
[2025-03-20T22:11:31.659+0000] {logging_mixin.py:188} INFO - [2025-03-20T22:11:31.658+0000] {dag.py:3036} INFO - Sync 1 DAGs
[2025-03-20T22:11:31.705+0000] {logging_mixin.py:188} INFO - [2025-03-20T22:11:31.704+0000] {dag.py:3823} INFO - Setting next_dagrun for example_sla_dag to 2025-03-20 22:08:00+00:00, run_after=2025-03-20 22:10:00+00:00
[2025-03-20T22:11:31.752+0000] {processor.py:183} INFO - Processing /home/nord/venv/lib/python3.8/site-packages/airflow/example_dags/example_sla_dag.py took 0.167 seconds
