[2025-03-20T22:02:04.322+0000] {processor.py:161} INFO - Started process (PID=1399) to work on /home/nord/venv/lib/python3.8/site-packages/airflow/example_dags/example_task_group_decorator.py
[2025-03-20T22:02:04.323+0000] {processor.py:830} INFO - Processing file /home/nord/venv/lib/python3.8/site-packages/airflow/example_dags/example_task_group_decorator.py for tasks to queue
[2025-03-20T22:02:04.325+0000] {logging_mixin.py:188} INFO - [2025-03-20T22:02:04.324+0000] {dagbag.py:538} INFO - Filling up the DagBag from /home/nord/venv/lib/python3.8/site-packages/airflow/example_dags/example_task_group_decorator.py
[2025-03-20T22:02:04.347+0000] {processor.py:840} INFO - DAG(s) 'example_task_group_decorator' retrieved from /home/nord/venv/lib/python3.8/site-packages/airflow/example_dags/example_task_group_decorator.py
[2025-03-20T22:02:04.411+0000] {logging_mixin.py:188} INFO - [2025-03-20T22:02:04.410+0000] {dag.py:3036} INFO - Sync 1 DAGs
[2025-03-20T22:02:04.458+0000] {logging_mixin.py:188} INFO - [2025-03-20T22:02:04.457+0000] {dag.py:3823} INFO - Setting next_dagrun for example_task_group_decorator to 2025-03-19 00:00:00+00:00, run_after=2025-03-20 00:00:00+00:00
[2025-03-20T22:02:04.496+0000] {processor.py:183} INFO - Processing /home/nord/venv/lib/python3.8/site-packages/airflow/example_dags/example_task_group_decorator.py took 0.179 seconds
[2025-03-20T22:02:34.843+0000] {processor.py:161} INFO - Started process (PID=1737) to work on /home/nord/venv/lib/python3.8/site-packages/airflow/example_dags/example_task_group_decorator.py
[2025-03-20T22:02:34.845+0000] {processor.py:830} INFO - Processing file /home/nord/venv/lib/python3.8/site-packages/airflow/example_dags/example_task_group_decorator.py for tasks to queue
[2025-03-20T22:02:34.846+0000] {logging_mixin.py:188} INFO - [2025-03-20T22:02:34.846+0000] {dagbag.py:538} INFO - Filling up the DagBag from /home/nord/venv/lib/python3.8/site-packages/airflow/example_dags/example_task_group_decorator.py
[2025-03-20T22:02:34.873+0000] {processor.py:840} INFO - DAG(s) 'example_task_group_decorator' retrieved from /home/nord/venv/lib/python3.8/site-packages/airflow/example_dags/example_task_group_decorator.py
[2025-03-20T22:02:34.922+0000] {logging_mixin.py:188} INFO - [2025-03-20T22:02:34.922+0000] {dag.py:3036} INFO - Sync 1 DAGs
[2025-03-20T22:02:34.965+0000] {logging_mixin.py:188} INFO - [2025-03-20T22:02:34.964+0000] {dag.py:3823} INFO - Setting next_dagrun for example_task_group_decorator to 2025-03-19 00:00:00+00:00, run_after=2025-03-20 00:00:00+00:00
[2025-03-20T22:02:35.014+0000] {processor.py:183} INFO - Processing /home/nord/venv/lib/python3.8/site-packages/airflow/example_dags/example_task_group_decorator.py took 0.179 seconds
[2025-03-20T22:03:06.572+0000] {processor.py:161} INFO - Started process (PID=2324) to work on /home/nord/venv/lib/python3.8/site-packages/airflow/example_dags/example_task_group_decorator.py
[2025-03-20T22:03:06.575+0000] {processor.py:830} INFO - Processing file /home/nord/venv/lib/python3.8/site-packages/airflow/example_dags/example_task_group_decorator.py for tasks to queue
[2025-03-20T22:03:06.577+0000] {logging_mixin.py:188} INFO - [2025-03-20T22:03:06.576+0000] {dagbag.py:538} INFO - Filling up the DagBag from /home/nord/venv/lib/python3.8/site-packages/airflow/example_dags/example_task_group_decorator.py
[2025-03-20T22:03:06.642+0000] {processor.py:840} INFO - DAG(s) 'example_task_group_decorator' retrieved from /home/nord/venv/lib/python3.8/site-packages/airflow/example_dags/example_task_group_decorator.py
[2025-03-20T22:03:06.784+0000] {logging_mixin.py:188} INFO - [2025-03-20T22:03:06.783+0000] {dag.py:3036} INFO - Sync 1 DAGs
[2025-03-20T22:03:06.920+0000] {logging_mixin.py:188} INFO - [2025-03-20T22:03:06.920+0000] {dag.py:3823} INFO - Setting next_dagrun for example_task_group_decorator to 2025-03-19 00:00:00+00:00, run_after=2025-03-20 00:00:00+00:00
[2025-03-20T22:03:07.076+0000] {processor.py:183} INFO - Processing /home/nord/venv/lib/python3.8/site-packages/airflow/example_dags/example_task_group_decorator.py took 0.549 seconds
[2025-03-20T22:03:37.381+0000] {processor.py:161} INFO - Started process (PID=2758) to work on /home/nord/venv/lib/python3.8/site-packages/airflow/example_dags/example_task_group_decorator.py
[2025-03-20T22:03:37.386+0000] {processor.py:830} INFO - Processing file /home/nord/venv/lib/python3.8/site-packages/airflow/example_dags/example_task_group_decorator.py for tasks to queue
[2025-03-20T22:03:37.388+0000] {logging_mixin.py:188} INFO - [2025-03-20T22:03:37.387+0000] {dagbag.py:538} INFO - Filling up the DagBag from /home/nord/venv/lib/python3.8/site-packages/airflow/example_dags/example_task_group_decorator.py
[2025-03-20T22:03:37.446+0000] {processor.py:840} INFO - DAG(s) 'example_task_group_decorator' retrieved from /home/nord/venv/lib/python3.8/site-packages/airflow/example_dags/example_task_group_decorator.py
[2025-03-20T22:03:37.564+0000] {logging_mixin.py:188} INFO - [2025-03-20T22:03:37.563+0000] {dag.py:3036} INFO - Sync 1 DAGs
[2025-03-20T22:03:37.648+0000] {logging_mixin.py:188} INFO - [2025-03-20T22:03:37.646+0000] {dag.py:3823} INFO - Setting next_dagrun for example_task_group_decorator to 2025-03-19 00:00:00+00:00, run_after=2025-03-20 00:00:00+00:00
[2025-03-20T22:03:37.731+0000] {processor.py:183} INFO - Processing /home/nord/venv/lib/python3.8/site-packages/airflow/example_dags/example_task_group_decorator.py took 0.365 seconds
[2025-03-20T22:04:08.203+0000] {processor.py:161} INFO - Started process (PID=3105) to work on /home/nord/venv/lib/python3.8/site-packages/airflow/example_dags/example_task_group_decorator.py
[2025-03-20T22:04:08.213+0000] {processor.py:830} INFO - Processing file /home/nord/venv/lib/python3.8/site-packages/airflow/example_dags/example_task_group_decorator.py for tasks to queue
[2025-03-20T22:04:08.216+0000] {logging_mixin.py:188} INFO - [2025-03-20T22:04:08.216+0000] {dagbag.py:538} INFO - Filling up the DagBag from /home/nord/venv/lib/python3.8/site-packages/airflow/example_dags/example_task_group_decorator.py
[2025-03-20T22:04:08.245+0000] {processor.py:840} INFO - DAG(s) 'example_task_group_decorator' retrieved from /home/nord/venv/lib/python3.8/site-packages/airflow/example_dags/example_task_group_decorator.py
[2025-03-20T22:04:08.303+0000] {logging_mixin.py:188} INFO - [2025-03-20T22:04:08.302+0000] {dag.py:3036} INFO - Sync 1 DAGs
[2025-03-20T22:04:08.338+0000] {logging_mixin.py:188} INFO - [2025-03-20T22:04:08.338+0000] {dag.py:3823} INFO - Setting next_dagrun for example_task_group_decorator to 2025-03-19 00:00:00+00:00, run_after=2025-03-20 00:00:00+00:00
[2025-03-20T22:04:08.376+0000] {processor.py:183} INFO - Processing /home/nord/venv/lib/python3.8/site-packages/airflow/example_dags/example_task_group_decorator.py took 0.182 seconds
[2025-03-20T22:04:39.147+0000] {processor.py:161} INFO - Started process (PID=3433) to work on /home/nord/venv/lib/python3.8/site-packages/airflow/example_dags/example_task_group_decorator.py
[2025-03-20T22:04:39.156+0000] {processor.py:830} INFO - Processing file /home/nord/venv/lib/python3.8/site-packages/airflow/example_dags/example_task_group_decorator.py for tasks to queue
[2025-03-20T22:04:39.158+0000] {logging_mixin.py:188} INFO - [2025-03-20T22:04:39.157+0000] {dagbag.py:538} INFO - Filling up the DagBag from /home/nord/venv/lib/python3.8/site-packages/airflow/example_dags/example_task_group_decorator.py
[2025-03-20T22:04:39.209+0000] {processor.py:840} INFO - DAG(s) 'example_task_group_decorator' retrieved from /home/nord/venv/lib/python3.8/site-packages/airflow/example_dags/example_task_group_decorator.py
[2025-03-20T22:04:39.372+0000] {logging_mixin.py:188} INFO - [2025-03-20T22:04:39.372+0000] {dag.py:3036} INFO - Sync 1 DAGs
[2025-03-20T22:04:39.430+0000] {logging_mixin.py:188} INFO - [2025-03-20T22:04:39.429+0000] {dag.py:3823} INFO - Setting next_dagrun for example_task_group_decorator to 2025-03-19 00:00:00+00:00, run_after=2025-03-20 00:00:00+00:00
[2025-03-20T22:04:39.497+0000] {processor.py:183} INFO - Processing /home/nord/venv/lib/python3.8/site-packages/airflow/example_dags/example_task_group_decorator.py took 0.358 seconds
[2025-03-20T22:05:10.238+0000] {processor.py:161} INFO - Started process (PID=3758) to work on /home/nord/venv/lib/python3.8/site-packages/airflow/example_dags/example_task_group_decorator.py
[2025-03-20T22:05:10.241+0000] {processor.py:830} INFO - Processing file /home/nord/venv/lib/python3.8/site-packages/airflow/example_dags/example_task_group_decorator.py for tasks to queue
[2025-03-20T22:05:10.245+0000] {logging_mixin.py:188} INFO - [2025-03-20T22:05:10.242+0000] {dagbag.py:538} INFO - Filling up the DagBag from /home/nord/venv/lib/python3.8/site-packages/airflow/example_dags/example_task_group_decorator.py
[2025-03-20T22:05:10.293+0000] {processor.py:840} INFO - DAG(s) 'example_task_group_decorator' retrieved from /home/nord/venv/lib/python3.8/site-packages/airflow/example_dags/example_task_group_decorator.py
[2025-03-20T22:05:10.367+0000] {logging_mixin.py:188} INFO - [2025-03-20T22:05:10.366+0000] {dag.py:3036} INFO - Sync 1 DAGs
[2025-03-20T22:05:10.414+0000] {logging_mixin.py:188} INFO - [2025-03-20T22:05:10.414+0000] {dag.py:3823} INFO - Setting next_dagrun for example_task_group_decorator to 2025-03-19 00:00:00+00:00, run_after=2025-03-20 00:00:00+00:00
[2025-03-20T22:05:10.534+0000] {processor.py:183} INFO - Processing /home/nord/venv/lib/python3.8/site-packages/airflow/example_dags/example_task_group_decorator.py took 0.309 seconds
[2025-03-20T22:05:50.717+0000] {processor.py:161} INFO - Started process (PID=4346) to work on /home/nord/venv/lib/python3.8/site-packages/airflow/example_dags/example_task_group_decorator.py
[2025-03-20T22:05:50.718+0000] {processor.py:830} INFO - Processing file /home/nord/venv/lib/python3.8/site-packages/airflow/example_dags/example_task_group_decorator.py for tasks to queue
[2025-03-20T22:05:50.719+0000] {logging_mixin.py:188} INFO - [2025-03-20T22:05:50.719+0000] {dagbag.py:538} INFO - Filling up the DagBag from /home/nord/venv/lib/python3.8/site-packages/airflow/example_dags/example_task_group_decorator.py
[2025-03-20T22:05:50.748+0000] {processor.py:840} INFO - DAG(s) 'example_task_group_decorator' retrieved from /home/nord/venv/lib/python3.8/site-packages/airflow/example_dags/example_task_group_decorator.py
[2025-03-20T22:05:50.810+0000] {logging_mixin.py:188} INFO - [2025-03-20T22:05:50.809+0000] {dag.py:3036} INFO - Sync 1 DAGs
[2025-03-20T22:05:50.849+0000] {logging_mixin.py:188} INFO - [2025-03-20T22:05:50.848+0000] {dag.py:3823} INFO - Setting next_dagrun for example_task_group_decorator to 2025-03-19 00:00:00+00:00, run_after=2025-03-20 00:00:00+00:00
[2025-03-20T22:05:50.919+0000] {processor.py:183} INFO - Processing /home/nord/venv/lib/python3.8/site-packages/airflow/example_dags/example_task_group_decorator.py took 0.208 seconds
[2025-03-20T22:06:21.710+0000] {processor.py:161} INFO - Started process (PID=4687) to work on /home/nord/venv/lib/python3.8/site-packages/airflow/example_dags/example_task_group_decorator.py
[2025-03-20T22:06:21.712+0000] {processor.py:830} INFO - Processing file /home/nord/venv/lib/python3.8/site-packages/airflow/example_dags/example_task_group_decorator.py for tasks to queue
[2025-03-20T22:06:21.713+0000] {logging_mixin.py:188} INFO - [2025-03-20T22:06:21.713+0000] {dagbag.py:538} INFO - Filling up the DagBag from /home/nord/venv/lib/python3.8/site-packages/airflow/example_dags/example_task_group_decorator.py
[2025-03-20T22:06:21.754+0000] {processor.py:840} INFO - DAG(s) 'example_task_group_decorator' retrieved from /home/nord/venv/lib/python3.8/site-packages/airflow/example_dags/example_task_group_decorator.py
[2025-03-20T22:06:21.846+0000] {logging_mixin.py:188} INFO - [2025-03-20T22:06:21.846+0000] {dag.py:3036} INFO - Sync 1 DAGs
[2025-03-20T22:06:21.909+0000] {logging_mixin.py:188} INFO - [2025-03-20T22:06:21.909+0000] {dag.py:3823} INFO - Setting next_dagrun for example_task_group_decorator to 2025-03-19 00:00:00+00:00, run_after=2025-03-20 00:00:00+00:00
[2025-03-20T22:06:21.946+0000] {processor.py:183} INFO - Processing /home/nord/venv/lib/python3.8/site-packages/airflow/example_dags/example_task_group_decorator.py took 0.243 seconds
[2025-03-20T22:06:52.226+0000] {processor.py:161} INFO - Started process (PID=5008) to work on /home/nord/venv/lib/python3.8/site-packages/airflow/example_dags/example_task_group_decorator.py
[2025-03-20T22:06:52.229+0000] {processor.py:830} INFO - Processing file /home/nord/venv/lib/python3.8/site-packages/airflow/example_dags/example_task_group_decorator.py for tasks to queue
[2025-03-20T22:06:52.243+0000] {logging_mixin.py:188} INFO - [2025-03-20T22:06:52.242+0000] {dagbag.py:538} INFO - Filling up the DagBag from /home/nord/venv/lib/python3.8/site-packages/airflow/example_dags/example_task_group_decorator.py
[2025-03-20T22:06:52.284+0000] {processor.py:840} INFO - DAG(s) 'example_task_group_decorator' retrieved from /home/nord/venv/lib/python3.8/site-packages/airflow/example_dags/example_task_group_decorator.py
[2025-03-20T22:06:52.350+0000] {logging_mixin.py:188} INFO - [2025-03-20T22:06:52.349+0000] {dag.py:3036} INFO - Sync 1 DAGs
[2025-03-20T22:06:52.398+0000] {logging_mixin.py:188} INFO - [2025-03-20T22:06:52.397+0000] {dag.py:3823} INFO - Setting next_dagrun for example_task_group_decorator to 2025-03-19 00:00:00+00:00, run_after=2025-03-20 00:00:00+00:00
[2025-03-20T22:06:52.464+0000] {processor.py:183} INFO - Processing /home/nord/venv/lib/python3.8/site-packages/airflow/example_dags/example_task_group_decorator.py took 0.244 seconds
[2025-03-20T22:07:22.563+0000] {processor.py:161} INFO - Started process (PID=5463) to work on /home/nord/venv/lib/python3.8/site-packages/airflow/example_dags/example_task_group_decorator.py
[2025-03-20T22:07:22.565+0000] {processor.py:830} INFO - Processing file /home/nord/venv/lib/python3.8/site-packages/airflow/example_dags/example_task_group_decorator.py for tasks to queue
[2025-03-20T22:07:22.567+0000] {logging_mixin.py:188} INFO - [2025-03-20T22:07:22.566+0000] {dagbag.py:538} INFO - Filling up the DagBag from /home/nord/venv/lib/python3.8/site-packages/airflow/example_dags/example_task_group_decorator.py
[2025-03-20T22:07:22.593+0000] {processor.py:840} INFO - DAG(s) 'example_task_group_decorator' retrieved from /home/nord/venv/lib/python3.8/site-packages/airflow/example_dags/example_task_group_decorator.py
[2025-03-20T22:07:22.649+0000] {logging_mixin.py:188} INFO - [2025-03-20T22:07:22.649+0000] {dag.py:3036} INFO - Sync 1 DAGs
[2025-03-20T22:07:22.698+0000] {logging_mixin.py:188} INFO - [2025-03-20T22:07:22.698+0000] {dag.py:3823} INFO - Setting next_dagrun for example_task_group_decorator to 2025-03-19 00:00:00+00:00, run_after=2025-03-20 00:00:00+00:00
[2025-03-20T22:07:22.743+0000] {processor.py:183} INFO - Processing /home/nord/venv/lib/python3.8/site-packages/airflow/example_dags/example_task_group_decorator.py took 0.185 seconds
[2025-03-20T22:07:53.165+0000] {processor.py:161} INFO - Started process (PID=5807) to work on /home/nord/venv/lib/python3.8/site-packages/airflow/example_dags/example_task_group_decorator.py
[2025-03-20T22:07:53.169+0000] {processor.py:830} INFO - Processing file /home/nord/venv/lib/python3.8/site-packages/airflow/example_dags/example_task_group_decorator.py for tasks to queue
[2025-03-20T22:07:53.171+0000] {logging_mixin.py:188} INFO - [2025-03-20T22:07:53.170+0000] {dagbag.py:538} INFO - Filling up the DagBag from /home/nord/venv/lib/python3.8/site-packages/airflow/example_dags/example_task_group_decorator.py
[2025-03-20T22:07:53.203+0000] {processor.py:840} INFO - DAG(s) 'example_task_group_decorator' retrieved from /home/nord/venv/lib/python3.8/site-packages/airflow/example_dags/example_task_group_decorator.py
[2025-03-20T22:07:53.274+0000] {logging_mixin.py:188} INFO - [2025-03-20T22:07:53.273+0000] {dag.py:3036} INFO - Sync 1 DAGs
[2025-03-20T22:07:53.324+0000] {logging_mixin.py:188} INFO - [2025-03-20T22:07:53.323+0000] {dag.py:3823} INFO - Setting next_dagrun for example_task_group_decorator to 2025-03-19 00:00:00+00:00, run_after=2025-03-20 00:00:00+00:00
[2025-03-20T22:07:53.365+0000] {processor.py:183} INFO - Processing /home/nord/venv/lib/python3.8/site-packages/airflow/example_dags/example_task_group_decorator.py took 0.207 seconds
[2025-03-20T22:08:23.801+0000] {processor.py:161} INFO - Started process (PID=6138) to work on /home/nord/venv/lib/python3.8/site-packages/airflow/example_dags/example_task_group_decorator.py
[2025-03-20T22:08:23.802+0000] {processor.py:830} INFO - Processing file /home/nord/venv/lib/python3.8/site-packages/airflow/example_dags/example_task_group_decorator.py for tasks to queue
[2025-03-20T22:08:23.804+0000] {logging_mixin.py:188} INFO - [2025-03-20T22:08:23.803+0000] {dagbag.py:538} INFO - Filling up the DagBag from /home/nord/venv/lib/python3.8/site-packages/airflow/example_dags/example_task_group_decorator.py
[2025-03-20T22:08:23.837+0000] {processor.py:840} INFO - DAG(s) 'example_task_group_decorator' retrieved from /home/nord/venv/lib/python3.8/site-packages/airflow/example_dags/example_task_group_decorator.py
[2025-03-20T22:08:23.902+0000] {logging_mixin.py:188} INFO - [2025-03-20T22:08:23.901+0000] {dag.py:3036} INFO - Sync 1 DAGs
[2025-03-20T22:08:23.948+0000] {logging_mixin.py:188} INFO - [2025-03-20T22:08:23.948+0000] {dag.py:3823} INFO - Setting next_dagrun for example_task_group_decorator to 2025-03-19 00:00:00+00:00, run_after=2025-03-20 00:00:00+00:00
[2025-03-20T22:08:23.991+0000] {processor.py:183} INFO - Processing /home/nord/venv/lib/python3.8/site-packages/airflow/example_dags/example_task_group_decorator.py took 0.196 seconds
[2025-03-20T22:08:54.912+0000] {processor.py:161} INFO - Started process (PID=6487) to work on /home/nord/venv/lib/python3.8/site-packages/airflow/example_dags/example_task_group_decorator.py
[2025-03-20T22:08:54.914+0000] {processor.py:830} INFO - Processing file /home/nord/venv/lib/python3.8/site-packages/airflow/example_dags/example_task_group_decorator.py for tasks to queue
[2025-03-20T22:08:54.916+0000] {logging_mixin.py:188} INFO - [2025-03-20T22:08:54.915+0000] {dagbag.py:538} INFO - Filling up the DagBag from /home/nord/venv/lib/python3.8/site-packages/airflow/example_dags/example_task_group_decorator.py
[2025-03-20T22:08:54.952+0000] {processor.py:840} INFO - DAG(s) 'example_task_group_decorator' retrieved from /home/nord/venv/lib/python3.8/site-packages/airflow/example_dags/example_task_group_decorator.py
[2025-03-20T22:08:55.040+0000] {logging_mixin.py:188} INFO - [2025-03-20T22:08:55.040+0000] {dag.py:3036} INFO - Sync 1 DAGs
[2025-03-20T22:08:55.103+0000] {logging_mixin.py:188} INFO - [2025-03-20T22:08:55.103+0000] {dag.py:3823} INFO - Setting next_dagrun for example_task_group_decorator to 2025-03-19 00:00:00+00:00, run_after=2025-03-20 00:00:00+00:00
[2025-03-20T22:08:55.169+0000] {processor.py:183} INFO - Processing /home/nord/venv/lib/python3.8/site-packages/airflow/example_dags/example_task_group_decorator.py took 0.262 seconds
[2025-03-20T22:09:25.396+0000] {processor.py:161} INFO - Started process (PID=6887) to work on /home/nord/venv/lib/python3.8/site-packages/airflow/example_dags/example_task_group_decorator.py
[2025-03-20T22:09:25.398+0000] {processor.py:830} INFO - Processing file /home/nord/venv/lib/python3.8/site-packages/airflow/example_dags/example_task_group_decorator.py for tasks to queue
[2025-03-20T22:09:25.400+0000] {logging_mixin.py:188} INFO - [2025-03-20T22:09:25.399+0000] {dagbag.py:538} INFO - Filling up the DagBag from /home/nord/venv/lib/python3.8/site-packages/airflow/example_dags/example_task_group_decorator.py
[2025-03-20T22:09:25.426+0000] {processor.py:840} INFO - DAG(s) 'example_task_group_decorator' retrieved from /home/nord/venv/lib/python3.8/site-packages/airflow/example_dags/example_task_group_decorator.py
[2025-03-20T22:09:25.487+0000] {logging_mixin.py:188} INFO - [2025-03-20T22:09:25.486+0000] {dag.py:3036} INFO - Sync 1 DAGs
[2025-03-20T22:09:25.526+0000] {logging_mixin.py:188} INFO - [2025-03-20T22:09:25.525+0000] {dag.py:3823} INFO - Setting next_dagrun for example_task_group_decorator to 2025-03-19 00:00:00+00:00, run_after=2025-03-20 00:00:00+00:00
[2025-03-20T22:09:25.565+0000] {processor.py:183} INFO - Processing /home/nord/venv/lib/python3.8/site-packages/airflow/example_dags/example_task_group_decorator.py took 0.176 seconds
[2025-03-20T22:09:55.919+0000] {processor.py:161} INFO - Started process (PID=7249) to work on /home/nord/venv/lib/python3.8/site-packages/airflow/example_dags/example_task_group_decorator.py
[2025-03-20T22:09:55.920+0000] {processor.py:830} INFO - Processing file /home/nord/venv/lib/python3.8/site-packages/airflow/example_dags/example_task_group_decorator.py for tasks to queue
[2025-03-20T22:09:55.921+0000] {logging_mixin.py:188} INFO - [2025-03-20T22:09:55.921+0000] {dagbag.py:538} INFO - Filling up the DagBag from /home/nord/venv/lib/python3.8/site-packages/airflow/example_dags/example_task_group_decorator.py
[2025-03-20T22:09:55.945+0000] {processor.py:840} INFO - DAG(s) 'example_task_group_decorator' retrieved from /home/nord/venv/lib/python3.8/site-packages/airflow/example_dags/example_task_group_decorator.py
[2025-03-20T22:09:55.999+0000] {logging_mixin.py:188} INFO - [2025-03-20T22:09:55.998+0000] {dag.py:3036} INFO - Sync 1 DAGs
[2025-03-20T22:09:56.059+0000] {logging_mixin.py:188} INFO - [2025-03-20T22:09:56.059+0000] {dag.py:3823} INFO - Setting next_dagrun for example_task_group_decorator to 2025-03-19 00:00:00+00:00, run_after=2025-03-20 00:00:00+00:00
[2025-03-20T22:09:56.110+0000] {processor.py:183} INFO - Processing /home/nord/venv/lib/python3.8/site-packages/airflow/example_dags/example_task_group_decorator.py took 0.197 seconds
[2025-03-20T22:10:26.524+0000] {processor.py:161} INFO - Started process (PID=7601) to work on /home/nord/venv/lib/python3.8/site-packages/airflow/example_dags/example_task_group_decorator.py
[2025-03-20T22:10:26.529+0000] {processor.py:830} INFO - Processing file /home/nord/venv/lib/python3.8/site-packages/airflow/example_dags/example_task_group_decorator.py for tasks to queue
[2025-03-20T22:10:26.531+0000] {logging_mixin.py:188} INFO - [2025-03-20T22:10:26.530+0000] {dagbag.py:538} INFO - Filling up the DagBag from /home/nord/venv/lib/python3.8/site-packages/airflow/example_dags/example_task_group_decorator.py
[2025-03-20T22:10:26.605+0000] {processor.py:840} INFO - DAG(s) 'example_task_group_decorator' retrieved from /home/nord/venv/lib/python3.8/site-packages/airflow/example_dags/example_task_group_decorator.py
[2025-03-20T22:10:26.670+0000] {logging_mixin.py:188} INFO - [2025-03-20T22:10:26.670+0000] {dag.py:3036} INFO - Sync 1 DAGs
[2025-03-20T22:10:26.715+0000] {logging_mixin.py:188} INFO - [2025-03-20T22:10:26.714+0000] {dag.py:3823} INFO - Setting next_dagrun for example_task_group_decorator to 2025-03-19 00:00:00+00:00, run_after=2025-03-20 00:00:00+00:00
[2025-03-20T22:10:26.768+0000] {processor.py:183} INFO - Processing /home/nord/venv/lib/python3.8/site-packages/airflow/example_dags/example_task_group_decorator.py took 0.252 seconds
[2025-03-20T22:10:56.936+0000] {processor.py:161} INFO - Started process (PID=7929) to work on /home/nord/venv/lib/python3.8/site-packages/airflow/example_dags/example_task_group_decorator.py
[2025-03-20T22:10:56.939+0000] {processor.py:830} INFO - Processing file /home/nord/venv/lib/python3.8/site-packages/airflow/example_dags/example_task_group_decorator.py for tasks to queue
[2025-03-20T22:10:56.941+0000] {logging_mixin.py:188} INFO - [2025-03-20T22:10:56.940+0000] {dagbag.py:538} INFO - Filling up the DagBag from /home/nord/venv/lib/python3.8/site-packages/airflow/example_dags/example_task_group_decorator.py
[2025-03-20T22:10:56.970+0000] {processor.py:840} INFO - DAG(s) 'example_task_group_decorator' retrieved from /home/nord/venv/lib/python3.8/site-packages/airflow/example_dags/example_task_group_decorator.py
[2025-03-20T22:10:57.029+0000] {logging_mixin.py:188} INFO - [2025-03-20T22:10:57.028+0000] {dag.py:3036} INFO - Sync 1 DAGs
[2025-03-20T22:10:57.075+0000] {logging_mixin.py:188} INFO - [2025-03-20T22:10:57.075+0000] {dag.py:3823} INFO - Setting next_dagrun for example_task_group_decorator to 2025-03-19 00:00:00+00:00, run_after=2025-03-20 00:00:00+00:00
[2025-03-20T22:10:57.116+0000] {processor.py:183} INFO - Processing /home/nord/venv/lib/python3.8/site-packages/airflow/example_dags/example_task_group_decorator.py took 0.183 seconds
[2025-03-20T22:11:27.436+0000] {processor.py:161} INFO - Started process (PID=8251) to work on /home/nord/venv/lib/python3.8/site-packages/airflow/example_dags/example_task_group_decorator.py
[2025-03-20T22:11:27.437+0000] {processor.py:830} INFO - Processing file /home/nord/venv/lib/python3.8/site-packages/airflow/example_dags/example_task_group_decorator.py for tasks to queue
[2025-03-20T22:11:27.438+0000] {logging_mixin.py:188} INFO - [2025-03-20T22:11:27.438+0000] {dagbag.py:538} INFO - Filling up the DagBag from /home/nord/venv/lib/python3.8/site-packages/airflow/example_dags/example_task_group_decorator.py
[2025-03-20T22:11:27.462+0000] {processor.py:840} INFO - DAG(s) 'example_task_group_decorator' retrieved from /home/nord/venv/lib/python3.8/site-packages/airflow/example_dags/example_task_group_decorator.py
[2025-03-20T22:11:27.537+0000] {logging_mixin.py:188} INFO - [2025-03-20T22:11:27.536+0000] {dag.py:3036} INFO - Sync 1 DAGs
[2025-03-20T22:11:27.596+0000] {logging_mixin.py:188} INFO - [2025-03-20T22:11:27.595+0000] {dag.py:3823} INFO - Setting next_dagrun for example_task_group_decorator to 2025-03-19 00:00:00+00:00, run_after=2025-03-20 00:00:00+00:00
[2025-03-20T22:11:27.653+0000] {processor.py:183} INFO - Processing /home/nord/venv/lib/python3.8/site-packages/airflow/example_dags/example_task_group_decorator.py took 0.223 seconds
[2025-03-20T22:11:57.765+0000] {processor.py:161} INFO - Started process (PID=8527) to work on /home/nord/venv/lib/python3.8/site-packages/airflow/example_dags/example_task_group_decorator.py
[2025-03-20T22:11:57.766+0000] {processor.py:830} INFO - Processing file /home/nord/venv/lib/python3.8/site-packages/airflow/example_dags/example_task_group_decorator.py for tasks to queue
[2025-03-20T22:11:57.768+0000] {logging_mixin.py:188} INFO - [2025-03-20T22:11:57.767+0000] {dagbag.py:538} INFO - Filling up the DagBag from /home/nord/venv/lib/python3.8/site-packages/airflow/example_dags/example_task_group_decorator.py
[2025-03-20T22:11:57.807+0000] {processor.py:840} INFO - DAG(s) 'example_task_group_decorator' retrieved from /home/nord/venv/lib/python3.8/site-packages/airflow/example_dags/example_task_group_decorator.py
[2025-03-20T22:11:57.875+0000] {logging_mixin.py:188} INFO - [2025-03-20T22:11:57.875+0000] {dag.py:3036} INFO - Sync 1 DAGs
[2025-03-20T22:11:57.919+0000] {logging_mixin.py:188} INFO - [2025-03-20T22:11:57.918+0000] {dag.py:3823} INFO - Setting next_dagrun for example_task_group_decorator to 2025-03-19 00:00:00+00:00, run_after=2025-03-20 00:00:00+00:00
[2025-03-20T22:11:57.965+0000] {processor.py:183} INFO - Processing /home/nord/venv/lib/python3.8/site-packages/airflow/example_dags/example_task_group_decorator.py took 0.206 seconds
