[2025-03-20T22:02:05.193+0000] {processor.py:161} INFO - Started process (PID=1434) to work on /home/nord/venv/lib/python3.8/site-packages/airflow/example_dags/example_local_kubernetes_executor.py
[2025-03-20T22:02:05.196+0000] {processor.py:830} INFO - Processing file /home/nord/venv/lib/python3.8/site-packages/airflow/example_dags/example_local_kubernetes_executor.py for tasks to queue
[2025-03-20T22:02:05.201+0000] {logging_mixin.py:188} INFO - [2025-03-20T22:02:05.197+0000] {dagbag.py:538} INFO - Filling up the DagBag from /home/nord/venv/lib/python3.8/site-packages/airflow/example_dags/example_local_kubernetes_executor.py
[2025-03-20T22:02:05.211+0000] {logging_mixin.py:188} INFO - [2025-03-20T22:02:05.210+0000] {example_local_kubernetes_executor.py:39} WARNING - Could not import DAGs in example_local_kubernetes_executor.py
Traceback (most recent call last):
  File "/home/nord/venv/lib/python3.8/site-packages/airflow/example_dags/example_local_kubernetes_executor.py", line 37, in <module>
    from kubernetes.client import models as k8s
ModuleNotFoundError: No module named 'kubernetes'
[2025-03-20T22:02:05.212+0000] {logging_mixin.py:188} INFO - [2025-03-20T22:02:05.212+0000] {example_local_kubernetes_executor.py:40} WARNING - Install Kubernetes dependencies with: pip install apache-airflow[cncf.kubernetes]
[2025-03-20T22:02:05.213+0000] {processor.py:842} WARNING - No viable dags retrieved from /home/nord/venv/lib/python3.8/site-packages/airflow/example_dags/example_local_kubernetes_executor.py
[2025-03-20T22:02:05.316+0000] {processor.py:183} INFO - Processing /home/nord/venv/lib/python3.8/site-packages/airflow/example_dags/example_local_kubernetes_executor.py took 0.137 seconds
[2025-03-20T22:02:35.967+0000] {processor.py:161} INFO - Started process (PID=1775) to work on /home/nord/venv/lib/python3.8/site-packages/airflow/example_dags/example_local_kubernetes_executor.py
[2025-03-20T22:02:35.970+0000] {processor.py:830} INFO - Processing file /home/nord/venv/lib/python3.8/site-packages/airflow/example_dags/example_local_kubernetes_executor.py for tasks to queue
[2025-03-20T22:02:35.971+0000] {logging_mixin.py:188} INFO - [2025-03-20T22:02:35.971+0000] {dagbag.py:538} INFO - Filling up the DagBag from /home/nord/venv/lib/python3.8/site-packages/airflow/example_dags/example_local_kubernetes_executor.py
[2025-03-20T22:02:35.978+0000] {logging_mixin.py:188} INFO - [2025-03-20T22:02:35.977+0000] {example_local_kubernetes_executor.py:39} WARNING - Could not import DAGs in example_local_kubernetes_executor.py
Traceback (most recent call last):
  File "/home/nord/venv/lib/python3.8/site-packages/airflow/example_dags/example_local_kubernetes_executor.py", line 37, in <module>
    from kubernetes.client import models as k8s
ModuleNotFoundError: No module named 'kubernetes'
[2025-03-20T22:02:35.979+0000] {logging_mixin.py:188} INFO - [2025-03-20T22:02:35.978+0000] {example_local_kubernetes_executor.py:40} WARNING - Install Kubernetes dependencies with: pip install apache-airflow[cncf.kubernetes]
[2025-03-20T22:02:35.979+0000] {processor.py:842} WARNING - No viable dags retrieved from /home/nord/venv/lib/python3.8/site-packages/airflow/example_dags/example_local_kubernetes_executor.py
[2025-03-20T22:02:36.031+0000] {processor.py:183} INFO - Processing /home/nord/venv/lib/python3.8/site-packages/airflow/example_dags/example_local_kubernetes_executor.py took 0.069 seconds
[2025-03-20T22:03:10.276+0000] {processor.py:161} INFO - Started process (PID=2392) to work on /home/nord/venv/lib/python3.8/site-packages/airflow/example_dags/example_local_kubernetes_executor.py
[2025-03-20T22:03:10.298+0000] {processor.py:830} INFO - Processing file /home/nord/venv/lib/python3.8/site-packages/airflow/example_dags/example_local_kubernetes_executor.py for tasks to queue
[2025-03-20T22:03:10.300+0000] {logging_mixin.py:188} INFO - [2025-03-20T22:03:10.299+0000] {dagbag.py:538} INFO - Filling up the DagBag from /home/nord/venv/lib/python3.8/site-packages/airflow/example_dags/example_local_kubernetes_executor.py
[2025-03-20T22:03:10.311+0000] {logging_mixin.py:188} INFO - [2025-03-20T22:03:10.310+0000] {example_local_kubernetes_executor.py:39} WARNING - Could not import DAGs in example_local_kubernetes_executor.py
Traceback (most recent call last):
  File "/home/nord/venv/lib/python3.8/site-packages/airflow/example_dags/example_local_kubernetes_executor.py", line 37, in <module>
    from kubernetes.client import models as k8s
ModuleNotFoundError: No module named 'kubernetes'
[2025-03-20T22:03:10.312+0000] {logging_mixin.py:188} INFO - [2025-03-20T22:03:10.311+0000] {example_local_kubernetes_executor.py:40} WARNING - Install Kubernetes dependencies with: pip install apache-airflow[cncf.kubernetes]
[2025-03-20T22:03:10.313+0000] {processor.py:842} WARNING - No viable dags retrieved from /home/nord/venv/lib/python3.8/site-packages/airflow/example_dags/example_local_kubernetes_executor.py
[2025-03-20T22:03:10.429+0000] {processor.py:183} INFO - Processing /home/nord/venv/lib/python3.8/site-packages/airflow/example_dags/example_local_kubernetes_executor.py took 0.162 seconds
[2025-03-20T22:03:41.041+0000] {processor.py:161} INFO - Started process (PID=2812) to work on /home/nord/venv/lib/python3.8/site-packages/airflow/example_dags/example_local_kubernetes_executor.py
[2025-03-20T22:03:41.043+0000] {processor.py:830} INFO - Processing file /home/nord/venv/lib/python3.8/site-packages/airflow/example_dags/example_local_kubernetes_executor.py for tasks to queue
[2025-03-20T22:03:41.044+0000] {logging_mixin.py:188} INFO - [2025-03-20T22:03:41.044+0000] {dagbag.py:538} INFO - Filling up the DagBag from /home/nord/venv/lib/python3.8/site-packages/airflow/example_dags/example_local_kubernetes_executor.py
[2025-03-20T22:03:41.048+0000] {logging_mixin.py:188} INFO - [2025-03-20T22:03:41.047+0000] {example_local_kubernetes_executor.py:39} WARNING - Could not import DAGs in example_local_kubernetes_executor.py
Traceback (most recent call last):
  File "/home/nord/venv/lib/python3.8/site-packages/airflow/example_dags/example_local_kubernetes_executor.py", line 37, in <module>
    from kubernetes.client import models as k8s
ModuleNotFoundError: No module named 'kubernetes'
[2025-03-20T22:03:41.048+0000] {logging_mixin.py:188} INFO - [2025-03-20T22:03:41.048+0000] {example_local_kubernetes_executor.py:40} WARNING - Install Kubernetes dependencies with: pip install apache-airflow[cncf.kubernetes]
[2025-03-20T22:03:41.049+0000] {processor.py:842} WARNING - No viable dags retrieved from /home/nord/venv/lib/python3.8/site-packages/airflow/example_dags/example_local_kubernetes_executor.py
[2025-03-20T22:03:41.087+0000] {processor.py:183} INFO - Processing /home/nord/venv/lib/python3.8/site-packages/airflow/example_dags/example_local_kubernetes_executor.py took 0.050 seconds
[2025-03-20T22:04:12.334+0000] {processor.py:161} INFO - Started process (PID=3152) to work on /home/nord/venv/lib/python3.8/site-packages/airflow/example_dags/example_local_kubernetes_executor.py
[2025-03-20T22:04:12.340+0000] {processor.py:830} INFO - Processing file /home/nord/venv/lib/python3.8/site-packages/airflow/example_dags/example_local_kubernetes_executor.py for tasks to queue
[2025-03-20T22:04:12.342+0000] {logging_mixin.py:188} INFO - [2025-03-20T22:04:12.341+0000] {dagbag.py:538} INFO - Filling up the DagBag from /home/nord/venv/lib/python3.8/site-packages/airflow/example_dags/example_local_kubernetes_executor.py
[2025-03-20T22:04:12.352+0000] {logging_mixin.py:188} INFO - [2025-03-20T22:04:12.349+0000] {example_local_kubernetes_executor.py:39} WARNING - Could not import DAGs in example_local_kubernetes_executor.py
Traceback (most recent call last):
  File "/home/nord/venv/lib/python3.8/site-packages/airflow/example_dags/example_local_kubernetes_executor.py", line 37, in <module>
    from kubernetes.client import models as k8s
ModuleNotFoundError: No module named 'kubernetes'
[2025-03-20T22:04:12.360+0000] {logging_mixin.py:188} INFO - [2025-03-20T22:04:12.357+0000] {example_local_kubernetes_executor.py:40} WARNING - Install Kubernetes dependencies with: pip install apache-airflow[cncf.kubernetes]
[2025-03-20T22:04:12.361+0000] {processor.py:842} WARNING - No viable dags retrieved from /home/nord/venv/lib/python3.8/site-packages/airflow/example_dags/example_local_kubernetes_executor.py
[2025-03-20T22:04:12.464+0000] {processor.py:183} INFO - Processing /home/nord/venv/lib/python3.8/site-packages/airflow/example_dags/example_local_kubernetes_executor.py took 0.144 seconds
[2025-03-20T22:04:43.199+0000] {processor.py:161} INFO - Started process (PID=3471) to work on /home/nord/venv/lib/python3.8/site-packages/airflow/example_dags/example_local_kubernetes_executor.py
[2025-03-20T22:04:43.200+0000] {processor.py:830} INFO - Processing file /home/nord/venv/lib/python3.8/site-packages/airflow/example_dags/example_local_kubernetes_executor.py for tasks to queue
[2025-03-20T22:04:43.201+0000] {logging_mixin.py:188} INFO - [2025-03-20T22:04:43.201+0000] {dagbag.py:538} INFO - Filling up the DagBag from /home/nord/venv/lib/python3.8/site-packages/airflow/example_dags/example_local_kubernetes_executor.py
[2025-03-20T22:04:43.205+0000] {logging_mixin.py:188} INFO - [2025-03-20T22:04:43.204+0000] {example_local_kubernetes_executor.py:39} WARNING - Could not import DAGs in example_local_kubernetes_executor.py
Traceback (most recent call last):
  File "/home/nord/venv/lib/python3.8/site-packages/airflow/example_dags/example_local_kubernetes_executor.py", line 37, in <module>
    from kubernetes.client import models as k8s
ModuleNotFoundError: No module named 'kubernetes'
[2025-03-20T22:04:43.206+0000] {logging_mixin.py:188} INFO - [2025-03-20T22:04:43.205+0000] {example_local_kubernetes_executor.py:40} WARNING - Install Kubernetes dependencies with: pip install apache-airflow[cncf.kubernetes]
[2025-03-20T22:04:43.207+0000] {processor.py:842} WARNING - No viable dags retrieved from /home/nord/venv/lib/python3.8/site-packages/airflow/example_dags/example_local_kubernetes_executor.py
[2025-03-20T22:04:43.246+0000] {processor.py:183} INFO - Processing /home/nord/venv/lib/python3.8/site-packages/airflow/example_dags/example_local_kubernetes_executor.py took 0.053 seconds
[2025-03-20T22:05:14.104+0000] {processor.py:161} INFO - Started process (PID=3796) to work on /home/nord/venv/lib/python3.8/site-packages/airflow/example_dags/example_local_kubernetes_executor.py
[2025-03-20T22:05:14.106+0000] {processor.py:830} INFO - Processing file /home/nord/venv/lib/python3.8/site-packages/airflow/example_dags/example_local_kubernetes_executor.py for tasks to queue
[2025-03-20T22:05:14.108+0000] {logging_mixin.py:188} INFO - [2025-03-20T22:05:14.107+0000] {dagbag.py:538} INFO - Filling up the DagBag from /home/nord/venv/lib/python3.8/site-packages/airflow/example_dags/example_local_kubernetes_executor.py
[2025-03-20T22:05:14.113+0000] {logging_mixin.py:188} INFO - [2025-03-20T22:05:14.112+0000] {example_local_kubernetes_executor.py:39} WARNING - Could not import DAGs in example_local_kubernetes_executor.py
Traceback (most recent call last):
  File "/home/nord/venv/lib/python3.8/site-packages/airflow/example_dags/example_local_kubernetes_executor.py", line 37, in <module>
    from kubernetes.client import models as k8s
ModuleNotFoundError: No module named 'kubernetes'
[2025-03-20T22:05:14.113+0000] {logging_mixin.py:188} INFO - [2025-03-20T22:05:14.113+0000] {example_local_kubernetes_executor.py:40} WARNING - Install Kubernetes dependencies with: pip install apache-airflow[cncf.kubernetes]
[2025-03-20T22:05:14.113+0000] {processor.py:842} WARNING - No viable dags retrieved from /home/nord/venv/lib/python3.8/site-packages/airflow/example_dags/example_local_kubernetes_executor.py
[2025-03-20T22:05:14.152+0000] {processor.py:183} INFO - Processing /home/nord/venv/lib/python3.8/site-packages/airflow/example_dags/example_local_kubernetes_executor.py took 0.056 seconds
[2025-03-20T22:05:51.549+0000] {processor.py:161} INFO - Started process (PID=4400) to work on /home/nord/venv/lib/python3.8/site-packages/airflow/example_dags/example_local_kubernetes_executor.py
[2025-03-20T22:05:51.551+0000] {processor.py:830} INFO - Processing file /home/nord/venv/lib/python3.8/site-packages/airflow/example_dags/example_local_kubernetes_executor.py for tasks to queue
[2025-03-20T22:05:51.553+0000] {logging_mixin.py:188} INFO - [2025-03-20T22:05:51.552+0000] {dagbag.py:538} INFO - Filling up the DagBag from /home/nord/venv/lib/python3.8/site-packages/airflow/example_dags/example_local_kubernetes_executor.py
[2025-03-20T22:05:51.558+0000] {logging_mixin.py:188} INFO - [2025-03-20T22:05:51.557+0000] {example_local_kubernetes_executor.py:39} WARNING - Could not import DAGs in example_local_kubernetes_executor.py
Traceback (most recent call last):
  File "/home/nord/venv/lib/python3.8/site-packages/airflow/example_dags/example_local_kubernetes_executor.py", line 37, in <module>
    from kubernetes.client import models as k8s
ModuleNotFoundError: No module named 'kubernetes'
[2025-03-20T22:05:51.560+0000] {logging_mixin.py:188} INFO - [2025-03-20T22:05:51.559+0000] {example_local_kubernetes_executor.py:40} WARNING - Install Kubernetes dependencies with: pip install apache-airflow[cncf.kubernetes]
[2025-03-20T22:05:51.560+0000] {processor.py:842} WARNING - No viable dags retrieved from /home/nord/venv/lib/python3.8/site-packages/airflow/example_dags/example_local_kubernetes_executor.py
[2025-03-20T22:05:51.620+0000] {processor.py:183} INFO - Processing /home/nord/venv/lib/python3.8/site-packages/airflow/example_dags/example_local_kubernetes_executor.py took 0.079 seconds
[2025-03-20T22:06:22.591+0000] {processor.py:161} INFO - Started process (PID=4723) to work on /home/nord/venv/lib/python3.8/site-packages/airflow/example_dags/example_local_kubernetes_executor.py
[2025-03-20T22:06:22.592+0000] {processor.py:830} INFO - Processing file /home/nord/venv/lib/python3.8/site-packages/airflow/example_dags/example_local_kubernetes_executor.py for tasks to queue
[2025-03-20T22:06:22.594+0000] {logging_mixin.py:188} INFO - [2025-03-20T22:06:22.593+0000] {dagbag.py:538} INFO - Filling up the DagBag from /home/nord/venv/lib/python3.8/site-packages/airflow/example_dags/example_local_kubernetes_executor.py
[2025-03-20T22:06:22.598+0000] {logging_mixin.py:188} INFO - [2025-03-20T22:06:22.597+0000] {example_local_kubernetes_executor.py:39} WARNING - Could not import DAGs in example_local_kubernetes_executor.py
Traceback (most recent call last):
  File "/home/nord/venv/lib/python3.8/site-packages/airflow/example_dags/example_local_kubernetes_executor.py", line 37, in <module>
    from kubernetes.client import models as k8s
ModuleNotFoundError: No module named 'kubernetes'
[2025-03-20T22:06:22.599+0000] {logging_mixin.py:188} INFO - [2025-03-20T22:06:22.598+0000] {example_local_kubernetes_executor.py:40} WARNING - Install Kubernetes dependencies with: pip install apache-airflow[cncf.kubernetes]
[2025-03-20T22:06:22.599+0000] {processor.py:842} WARNING - No viable dags retrieved from /home/nord/venv/lib/python3.8/site-packages/airflow/example_dags/example_local_kubernetes_executor.py
[2025-03-20T22:06:22.635+0000] {processor.py:183} INFO - Processing /home/nord/venv/lib/python3.8/site-packages/airflow/example_dags/example_local_kubernetes_executor.py took 0.050 seconds
[2025-03-20T22:06:53.200+0000] {processor.py:161} INFO - Started process (PID=5046) to work on /home/nord/venv/lib/python3.8/site-packages/airflow/example_dags/example_local_kubernetes_executor.py
[2025-03-20T22:06:53.206+0000] {processor.py:830} INFO - Processing file /home/nord/venv/lib/python3.8/site-packages/airflow/example_dags/example_local_kubernetes_executor.py for tasks to queue
[2025-03-20T22:06:53.207+0000] {logging_mixin.py:188} INFO - [2025-03-20T22:06:53.207+0000] {dagbag.py:538} INFO - Filling up the DagBag from /home/nord/venv/lib/python3.8/site-packages/airflow/example_dags/example_local_kubernetes_executor.py
[2025-03-20T22:06:53.213+0000] {logging_mixin.py:188} INFO - [2025-03-20T22:06:53.212+0000] {example_local_kubernetes_executor.py:39} WARNING - Could not import DAGs in example_local_kubernetes_executor.py
Traceback (most recent call last):
  File "/home/nord/venv/lib/python3.8/site-packages/airflow/example_dags/example_local_kubernetes_executor.py", line 37, in <module>
    from kubernetes.client import models as k8s
ModuleNotFoundError: No module named 'kubernetes'
[2025-03-20T22:06:53.213+0000] {logging_mixin.py:188} INFO - [2025-03-20T22:06:53.213+0000] {example_local_kubernetes_executor.py:40} WARNING - Install Kubernetes dependencies with: pip install apache-airflow[cncf.kubernetes]
[2025-03-20T22:06:53.214+0000] {processor.py:842} WARNING - No viable dags retrieved from /home/nord/venv/lib/python3.8/site-packages/airflow/example_dags/example_local_kubernetes_executor.py
[2025-03-20T22:06:53.250+0000] {processor.py:183} INFO - Processing /home/nord/venv/lib/python3.8/site-packages/airflow/example_dags/example_local_kubernetes_executor.py took 0.055 seconds
[2025-03-20T22:07:24.785+0000] {processor.py:161} INFO - Started process (PID=5510) to work on /home/nord/venv/lib/python3.8/site-packages/airflow/example_dags/example_local_kubernetes_executor.py
[2025-03-20T22:07:24.787+0000] {processor.py:830} INFO - Processing file /home/nord/venv/lib/python3.8/site-packages/airflow/example_dags/example_local_kubernetes_executor.py for tasks to queue
[2025-03-20T22:07:24.790+0000] {logging_mixin.py:188} INFO - [2025-03-20T22:07:24.790+0000] {dagbag.py:538} INFO - Filling up the DagBag from /home/nord/venv/lib/python3.8/site-packages/airflow/example_dags/example_local_kubernetes_executor.py
[2025-03-20T22:07:24.796+0000] {logging_mixin.py:188} INFO - [2025-03-20T22:07:24.795+0000] {example_local_kubernetes_executor.py:39} WARNING - Could not import DAGs in example_local_kubernetes_executor.py
Traceback (most recent call last):
  File "/home/nord/venv/lib/python3.8/site-packages/airflow/example_dags/example_local_kubernetes_executor.py", line 37, in <module>
    from kubernetes.client import models as k8s
ModuleNotFoundError: No module named 'kubernetes'
[2025-03-20T22:07:24.796+0000] {logging_mixin.py:188} INFO - [2025-03-20T22:07:24.796+0000] {example_local_kubernetes_executor.py:40} WARNING - Install Kubernetes dependencies with: pip install apache-airflow[cncf.kubernetes]
[2025-03-20T22:07:24.797+0000] {processor.py:842} WARNING - No viable dags retrieved from /home/nord/venv/lib/python3.8/site-packages/airflow/example_dags/example_local_kubernetes_executor.py
[2025-03-20T22:07:24.842+0000] {processor.py:183} INFO - Processing /home/nord/venv/lib/python3.8/site-packages/airflow/example_dags/example_local_kubernetes_executor.py took 0.065 seconds
[2025-03-20T22:07:55.141+0000] {processor.py:161} INFO - Started process (PID=5852) to work on /home/nord/venv/lib/python3.8/site-packages/airflow/example_dags/example_local_kubernetes_executor.py
[2025-03-20T22:07:55.145+0000] {processor.py:830} INFO - Processing file /home/nord/venv/lib/python3.8/site-packages/airflow/example_dags/example_local_kubernetes_executor.py for tasks to queue
[2025-03-20T22:07:55.146+0000] {logging_mixin.py:188} INFO - [2025-03-20T22:07:55.145+0000] {dagbag.py:538} INFO - Filling up the DagBag from /home/nord/venv/lib/python3.8/site-packages/airflow/example_dags/example_local_kubernetes_executor.py
[2025-03-20T22:07:55.152+0000] {logging_mixin.py:188} INFO - [2025-03-20T22:07:55.151+0000] {example_local_kubernetes_executor.py:39} WARNING - Could not import DAGs in example_local_kubernetes_executor.py
Traceback (most recent call last):
  File "/home/nord/venv/lib/python3.8/site-packages/airflow/example_dags/example_local_kubernetes_executor.py", line 37, in <module>
    from kubernetes.client import models as k8s
ModuleNotFoundError: No module named 'kubernetes'
[2025-03-20T22:07:55.152+0000] {logging_mixin.py:188} INFO - [2025-03-20T22:07:55.152+0000] {example_local_kubernetes_executor.py:40} WARNING - Install Kubernetes dependencies with: pip install apache-airflow[cncf.kubernetes]
[2025-03-20T22:07:55.153+0000] {processor.py:842} WARNING - No viable dags retrieved from /home/nord/venv/lib/python3.8/site-packages/airflow/example_dags/example_local_kubernetes_executor.py
[2025-03-20T22:07:55.191+0000] {processor.py:183} INFO - Processing /home/nord/venv/lib/python3.8/site-packages/airflow/example_dags/example_local_kubernetes_executor.py took 0.054 seconds
[2025-03-20T22:08:25.556+0000] {processor.py:161} INFO - Started process (PID=6175) to work on /home/nord/venv/lib/python3.8/site-packages/airflow/example_dags/example_local_kubernetes_executor.py
[2025-03-20T22:08:25.558+0000] {processor.py:830} INFO - Processing file /home/nord/venv/lib/python3.8/site-packages/airflow/example_dags/example_local_kubernetes_executor.py for tasks to queue
[2025-03-20T22:08:25.559+0000] {logging_mixin.py:188} INFO - [2025-03-20T22:08:25.559+0000] {dagbag.py:538} INFO - Filling up the DagBag from /home/nord/venv/lib/python3.8/site-packages/airflow/example_dags/example_local_kubernetes_executor.py
[2025-03-20T22:08:25.565+0000] {logging_mixin.py:188} INFO - [2025-03-20T22:08:25.564+0000] {example_local_kubernetes_executor.py:39} WARNING - Could not import DAGs in example_local_kubernetes_executor.py
Traceback (most recent call last):
  File "/home/nord/venv/lib/python3.8/site-packages/airflow/example_dags/example_local_kubernetes_executor.py", line 37, in <module>
    from kubernetes.client import models as k8s
ModuleNotFoundError: No module named 'kubernetes'
[2025-03-20T22:08:25.566+0000] {logging_mixin.py:188} INFO - [2025-03-20T22:08:25.565+0000] {example_local_kubernetes_executor.py:40} WARNING - Install Kubernetes dependencies with: pip install apache-airflow[cncf.kubernetes]
[2025-03-20T22:08:25.566+0000] {processor.py:842} WARNING - No viable dags retrieved from /home/nord/venv/lib/python3.8/site-packages/airflow/example_dags/example_local_kubernetes_executor.py
[2025-03-20T22:08:25.607+0000] {processor.py:183} INFO - Processing /home/nord/venv/lib/python3.8/site-packages/airflow/example_dags/example_local_kubernetes_executor.py took 0.056 seconds
[2025-03-20T22:08:56.865+0000] {processor.py:161} INFO - Started process (PID=6523) to work on /home/nord/venv/lib/python3.8/site-packages/airflow/example_dags/example_local_kubernetes_executor.py
[2025-03-20T22:08:56.868+0000] {processor.py:830} INFO - Processing file /home/nord/venv/lib/python3.8/site-packages/airflow/example_dags/example_local_kubernetes_executor.py for tasks to queue
[2025-03-20T22:08:56.870+0000] {logging_mixin.py:188} INFO - [2025-03-20T22:08:56.869+0000] {dagbag.py:538} INFO - Filling up the DagBag from /home/nord/venv/lib/python3.8/site-packages/airflow/example_dags/example_local_kubernetes_executor.py
[2025-03-20T22:08:56.877+0000] {logging_mixin.py:188} INFO - [2025-03-20T22:08:56.876+0000] {example_local_kubernetes_executor.py:39} WARNING - Could not import DAGs in example_local_kubernetes_executor.py
Traceback (most recent call last):
  File "/home/nord/venv/lib/python3.8/site-packages/airflow/example_dags/example_local_kubernetes_executor.py", line 37, in <module>
    from kubernetes.client import models as k8s
ModuleNotFoundError: No module named 'kubernetes'
[2025-03-20T22:08:56.878+0000] {logging_mixin.py:188} INFO - [2025-03-20T22:08:56.878+0000] {example_local_kubernetes_executor.py:40} WARNING - Install Kubernetes dependencies with: pip install apache-airflow[cncf.kubernetes]
[2025-03-20T22:08:56.878+0000] {processor.py:842} WARNING - No viable dags retrieved from /home/nord/venv/lib/python3.8/site-packages/airflow/example_dags/example_local_kubernetes_executor.py
[2025-03-20T22:08:56.935+0000] {processor.py:183} INFO - Processing /home/nord/venv/lib/python3.8/site-packages/airflow/example_dags/example_local_kubernetes_executor.py took 0.076 seconds
[2025-03-20T22:09:27.178+0000] {processor.py:161} INFO - Started process (PID=6926) to work on /home/nord/venv/lib/python3.8/site-packages/airflow/example_dags/example_local_kubernetes_executor.py
[2025-03-20T22:09:27.180+0000] {processor.py:830} INFO - Processing file /home/nord/venv/lib/python3.8/site-packages/airflow/example_dags/example_local_kubernetes_executor.py for tasks to queue
[2025-03-20T22:09:27.181+0000] {logging_mixin.py:188} INFO - [2025-03-20T22:09:27.181+0000] {dagbag.py:538} INFO - Filling up the DagBag from /home/nord/venv/lib/python3.8/site-packages/airflow/example_dags/example_local_kubernetes_executor.py
[2025-03-20T22:09:27.188+0000] {logging_mixin.py:188} INFO - [2025-03-20T22:09:27.187+0000] {example_local_kubernetes_executor.py:39} WARNING - Could not import DAGs in example_local_kubernetes_executor.py
Traceback (most recent call last):
  File "/home/nord/venv/lib/python3.8/site-packages/airflow/example_dags/example_local_kubernetes_executor.py", line 37, in <module>
    from kubernetes.client import models as k8s
ModuleNotFoundError: No module named 'kubernetes'
[2025-03-20T22:09:27.188+0000] {logging_mixin.py:188} INFO - [2025-03-20T22:09:27.188+0000] {example_local_kubernetes_executor.py:40} WARNING - Install Kubernetes dependencies with: pip install apache-airflow[cncf.kubernetes]
[2025-03-20T22:09:27.189+0000] {processor.py:842} WARNING - No viable dags retrieved from /home/nord/venv/lib/python3.8/site-packages/airflow/example_dags/example_local_kubernetes_executor.py
[2025-03-20T22:09:27.242+0000] {processor.py:183} INFO - Processing /home/nord/venv/lib/python3.8/site-packages/airflow/example_dags/example_local_kubernetes_executor.py took 0.070 seconds
[2025-03-20T22:09:57.742+0000] {processor.py:161} INFO - Started process (PID=7283) to work on /home/nord/venv/lib/python3.8/site-packages/airflow/example_dags/example_local_kubernetes_executor.py
[2025-03-20T22:09:57.743+0000] {processor.py:830} INFO - Processing file /home/nord/venv/lib/python3.8/site-packages/airflow/example_dags/example_local_kubernetes_executor.py for tasks to queue
[2025-03-20T22:09:57.745+0000] {logging_mixin.py:188} INFO - [2025-03-20T22:09:57.745+0000] {dagbag.py:538} INFO - Filling up the DagBag from /home/nord/venv/lib/python3.8/site-packages/airflow/example_dags/example_local_kubernetes_executor.py
[2025-03-20T22:09:57.751+0000] {logging_mixin.py:188} INFO - [2025-03-20T22:09:57.750+0000] {example_local_kubernetes_executor.py:39} WARNING - Could not import DAGs in example_local_kubernetes_executor.py
Traceback (most recent call last):
  File "/home/nord/venv/lib/python3.8/site-packages/airflow/example_dags/example_local_kubernetes_executor.py", line 37, in <module>
    from kubernetes.client import models as k8s
ModuleNotFoundError: No module named 'kubernetes'
[2025-03-20T22:09:57.751+0000] {logging_mixin.py:188} INFO - [2025-03-20T22:09:57.751+0000] {example_local_kubernetes_executor.py:40} WARNING - Install Kubernetes dependencies with: pip install apache-airflow[cncf.kubernetes]
[2025-03-20T22:09:57.752+0000] {processor.py:842} WARNING - No viable dags retrieved from /home/nord/venv/lib/python3.8/site-packages/airflow/example_dags/example_local_kubernetes_executor.py
[2025-03-20T22:09:57.790+0000] {processor.py:183} INFO - Processing /home/nord/venv/lib/python3.8/site-packages/airflow/example_dags/example_local_kubernetes_executor.py took 0.054 seconds
[2025-03-20T22:10:28.153+0000] {processor.py:161} INFO - Started process (PID=7629) to work on /home/nord/venv/lib/python3.8/site-packages/airflow/example_dags/example_local_kubernetes_executor.py
[2025-03-20T22:10:28.155+0000] {processor.py:830} INFO - Processing file /home/nord/venv/lib/python3.8/site-packages/airflow/example_dags/example_local_kubernetes_executor.py for tasks to queue
[2025-03-20T22:10:28.156+0000] {logging_mixin.py:188} INFO - [2025-03-20T22:10:28.155+0000] {dagbag.py:538} INFO - Filling up the DagBag from /home/nord/venv/lib/python3.8/site-packages/airflow/example_dags/example_local_kubernetes_executor.py
[2025-03-20T22:10:28.162+0000] {logging_mixin.py:188} INFO - [2025-03-20T22:10:28.162+0000] {example_local_kubernetes_executor.py:39} WARNING - Could not import DAGs in example_local_kubernetes_executor.py
Traceback (most recent call last):
  File "/home/nord/venv/lib/python3.8/site-packages/airflow/example_dags/example_local_kubernetes_executor.py", line 37, in <module>
    from kubernetes.client import models as k8s
ModuleNotFoundError: No module named 'kubernetes'
[2025-03-20T22:10:28.163+0000] {logging_mixin.py:188} INFO - [2025-03-20T22:10:28.163+0000] {example_local_kubernetes_executor.py:40} WARNING - Install Kubernetes dependencies with: pip install apache-airflow[cncf.kubernetes]
[2025-03-20T22:10:28.164+0000] {processor.py:842} WARNING - No viable dags retrieved from /home/nord/venv/lib/python3.8/site-packages/airflow/example_dags/example_local_kubernetes_executor.py
[2025-03-20T22:10:28.204+0000] {processor.py:183} INFO - Processing /home/nord/venv/lib/python3.8/site-packages/airflow/example_dags/example_local_kubernetes_executor.py took 0.057 seconds
[2025-03-20T22:10:58.514+0000] {processor.py:161} INFO - Started process (PID=7957) to work on /home/nord/venv/lib/python3.8/site-packages/airflow/example_dags/example_local_kubernetes_executor.py
[2025-03-20T22:10:58.515+0000] {processor.py:830} INFO - Processing file /home/nord/venv/lib/python3.8/site-packages/airflow/example_dags/example_local_kubernetes_executor.py for tasks to queue
[2025-03-20T22:10:58.517+0000] {logging_mixin.py:188} INFO - [2025-03-20T22:10:58.516+0000] {dagbag.py:538} INFO - Filling up the DagBag from /home/nord/venv/lib/python3.8/site-packages/airflow/example_dags/example_local_kubernetes_executor.py
[2025-03-20T22:10:58.523+0000] {logging_mixin.py:188} INFO - [2025-03-20T22:10:58.522+0000] {example_local_kubernetes_executor.py:39} WARNING - Could not import DAGs in example_local_kubernetes_executor.py
Traceback (most recent call last):
  File "/home/nord/venv/lib/python3.8/site-packages/airflow/example_dags/example_local_kubernetes_executor.py", line 37, in <module>
    from kubernetes.client import models as k8s
ModuleNotFoundError: No module named 'kubernetes'
[2025-03-20T22:10:58.524+0000] {logging_mixin.py:188} INFO - [2025-03-20T22:10:58.524+0000] {example_local_kubernetes_executor.py:40} WARNING - Install Kubernetes dependencies with: pip install apache-airflow[cncf.kubernetes]
[2025-03-20T22:10:58.524+0000] {processor.py:842} WARNING - No viable dags retrieved from /home/nord/venv/lib/python3.8/site-packages/airflow/example_dags/example_local_kubernetes_executor.py
[2025-03-20T22:10:58.581+0000] {processor.py:183} INFO - Processing /home/nord/venv/lib/python3.8/site-packages/airflow/example_dags/example_local_kubernetes_executor.py took 0.074 seconds
[2025-03-20T22:11:29.051+0000] {processor.py:161} INFO - Started process (PID=8279) to work on /home/nord/venv/lib/python3.8/site-packages/airflow/example_dags/example_local_kubernetes_executor.py
[2025-03-20T22:11:29.053+0000] {processor.py:830} INFO - Processing file /home/nord/venv/lib/python3.8/site-packages/airflow/example_dags/example_local_kubernetes_executor.py for tasks to queue
[2025-03-20T22:11:29.054+0000] {logging_mixin.py:188} INFO - [2025-03-20T22:11:29.054+0000] {dagbag.py:538} INFO - Filling up the DagBag from /home/nord/venv/lib/python3.8/site-packages/airflow/example_dags/example_local_kubernetes_executor.py
[2025-03-20T22:11:29.060+0000] {logging_mixin.py:188} INFO - [2025-03-20T22:11:29.060+0000] {example_local_kubernetes_executor.py:39} WARNING - Could not import DAGs in example_local_kubernetes_executor.py
Traceback (most recent call last):
  File "/home/nord/venv/lib/python3.8/site-packages/airflow/example_dags/example_local_kubernetes_executor.py", line 37, in <module>
    from kubernetes.client import models as k8s
ModuleNotFoundError: No module named 'kubernetes'
[2025-03-20T22:11:29.061+0000] {logging_mixin.py:188} INFO - [2025-03-20T22:11:29.061+0000] {example_local_kubernetes_executor.py:40} WARNING - Install Kubernetes dependencies with: pip install apache-airflow[cncf.kubernetes]
[2025-03-20T22:11:29.061+0000] {processor.py:842} WARNING - No viable dags retrieved from /home/nord/venv/lib/python3.8/site-packages/airflow/example_dags/example_local_kubernetes_executor.py
[2025-03-20T22:11:29.098+0000] {processor.py:183} INFO - Processing /home/nord/venv/lib/python3.8/site-packages/airflow/example_dags/example_local_kubernetes_executor.py took 0.052 seconds
