[2025-03-20T22:02:03.021+0000] {processor.py:161} INFO - Started process (PID=1355) to work on /home/nord/venv/lib/python3.8/site-packages/airflow/example_dags/example_kubernetes_executor.py
[2025-03-20T22:02:03.022+0000] {processor.py:830} INFO - Processing file /home/nord/venv/lib/python3.8/site-packages/airflow/example_dags/example_kubernetes_executor.py for tasks to queue
[2025-03-20T22:02:03.024+0000] {logging_mixin.py:188} INFO - [2025-03-20T22:02:03.023+0000] {dagbag.py:538} INFO - Filling up the DagBag from /home/nord/venv/lib/python3.8/site-packages/airflow/example_dags/example_kubernetes_executor.py
[2025-03-20T22:02:03.028+0000] {logging_mixin.py:188} INFO - [2025-03-20T22:02:03.028+0000] {example_kubernetes_executor.py:38} WARNING - The example_kubernetes_executor example DAG requires the kubernetes provider. Please install it with: pip install apache-airflow[cncf.kubernetes]
[2025-03-20T22:02:03.029+0000] {processor.py:842} WARNING - No viable dags retrieved from /home/nord/venv/lib/python3.8/site-packages/airflow/example_dags/example_kubernetes_executor.py
[2025-03-20T22:02:03.071+0000] {processor.py:183} INFO - Processing /home/nord/venv/lib/python3.8/site-packages/airflow/example_dags/example_kubernetes_executor.py took 0.056 seconds
[2025-03-20T22:02:33.442+0000] {processor.py:161} INFO - Started process (PID=1685) to work on /home/nord/venv/lib/python3.8/site-packages/airflow/example_dags/example_kubernetes_executor.py
[2025-03-20T22:02:33.446+0000] {processor.py:830} INFO - Processing file /home/nord/venv/lib/python3.8/site-packages/airflow/example_dags/example_kubernetes_executor.py for tasks to queue
[2025-03-20T22:02:33.448+0000] {logging_mixin.py:188} INFO - [2025-03-20T22:02:33.447+0000] {dagbag.py:538} INFO - Filling up the DagBag from /home/nord/venv/lib/python3.8/site-packages/airflow/example_dags/example_kubernetes_executor.py
[2025-03-20T22:02:33.454+0000] {logging_mixin.py:188} INFO - [2025-03-20T22:02:33.453+0000] {example_kubernetes_executor.py:38} WARNING - The example_kubernetes_executor example DAG requires the kubernetes provider. Please install it with: pip install apache-airflow[cncf.kubernetes]
[2025-03-20T22:02:33.454+0000] {processor.py:842} WARNING - No viable dags retrieved from /home/nord/venv/lib/python3.8/site-packages/airflow/example_dags/example_kubernetes_executor.py
[2025-03-20T22:02:33.507+0000] {processor.py:183} INFO - Processing /home/nord/venv/lib/python3.8/site-packages/airflow/example_dags/example_kubernetes_executor.py took 0.073 seconds
[2025-03-20T22:03:04.501+0000] {processor.py:161} INFO - Started process (PID=2273) to work on /home/nord/venv/lib/python3.8/site-packages/airflow/example_dags/example_kubernetes_executor.py
[2025-03-20T22:03:04.538+0000] {processor.py:830} INFO - Processing file /home/nord/venv/lib/python3.8/site-packages/airflow/example_dags/example_kubernetes_executor.py for tasks to queue
[2025-03-20T22:03:04.539+0000] {logging_mixin.py:188} INFO - [2025-03-20T22:03:04.539+0000] {dagbag.py:538} INFO - Filling up the DagBag from /home/nord/venv/lib/python3.8/site-packages/airflow/example_dags/example_kubernetes_executor.py
[2025-03-20T22:03:04.556+0000] {logging_mixin.py:188} INFO - [2025-03-20T22:03:04.556+0000] {example_kubernetes_executor.py:38} WARNING - The example_kubernetes_executor example DAG requires the kubernetes provider. Please install it with: pip install apache-airflow[cncf.kubernetes]
[2025-03-20T22:03:04.557+0000] {processor.py:842} WARNING - No viable dags retrieved from /home/nord/venv/lib/python3.8/site-packages/airflow/example_dags/example_kubernetes_executor.py
[2025-03-20T22:03:04.945+0000] {processor.py:183} INFO - Processing /home/nord/venv/lib/python3.8/site-packages/airflow/example_dags/example_kubernetes_executor.py took 0.458 seconds
[2025-03-20T22:03:35.119+0000] {processor.py:161} INFO - Started process (PID=2714) to work on /home/nord/venv/lib/python3.8/site-packages/airflow/example_dags/example_kubernetes_executor.py
[2025-03-20T22:03:35.126+0000] {processor.py:830} INFO - Processing file /home/nord/venv/lib/python3.8/site-packages/airflow/example_dags/example_kubernetes_executor.py for tasks to queue
[2025-03-20T22:03:35.128+0000] {logging_mixin.py:188} INFO - [2025-03-20T22:03:35.127+0000] {dagbag.py:538} INFO - Filling up the DagBag from /home/nord/venv/lib/python3.8/site-packages/airflow/example_dags/example_kubernetes_executor.py
[2025-03-20T22:03:35.133+0000] {logging_mixin.py:188} INFO - [2025-03-20T22:03:35.133+0000] {example_kubernetes_executor.py:38} WARNING - The example_kubernetes_executor example DAG requires the kubernetes provider. Please install it with: pip install apache-airflow[cncf.kubernetes]
[2025-03-20T22:03:35.134+0000] {processor.py:842} WARNING - No viable dags retrieved from /home/nord/venv/lib/python3.8/site-packages/airflow/example_dags/example_kubernetes_executor.py
[2025-03-20T22:03:35.186+0000] {processor.py:183} INFO - Processing /home/nord/venv/lib/python3.8/site-packages/airflow/example_dags/example_kubernetes_executor.py took 0.078 seconds
[2025-03-20T22:04:05.269+0000] {processor.py:161} INFO - Started process (PID=3060) to work on /home/nord/venv/lib/python3.8/site-packages/airflow/example_dags/example_kubernetes_executor.py
[2025-03-20T22:04:05.272+0000] {processor.py:830} INFO - Processing file /home/nord/venv/lib/python3.8/site-packages/airflow/example_dags/example_kubernetes_executor.py for tasks to queue
[2025-03-20T22:04:05.273+0000] {logging_mixin.py:188} INFO - [2025-03-20T22:04:05.273+0000] {dagbag.py:538} INFO - Filling up the DagBag from /home/nord/venv/lib/python3.8/site-packages/airflow/example_dags/example_kubernetes_executor.py
[2025-03-20T22:04:05.280+0000] {logging_mixin.py:188} INFO - [2025-03-20T22:04:05.278+0000] {example_kubernetes_executor.py:38} WARNING - The example_kubernetes_executor example DAG requires the kubernetes provider. Please install it with: pip install apache-airflow[cncf.kubernetes]
[2025-03-20T22:04:05.281+0000] {processor.py:842} WARNING - No viable dags retrieved from /home/nord/venv/lib/python3.8/site-packages/airflow/example_dags/example_kubernetes_executor.py
[2025-03-20T22:04:05.317+0000] {processor.py:183} INFO - Processing /home/nord/venv/lib/python3.8/site-packages/airflow/example_dags/example_kubernetes_executor.py took 0.053 seconds
[2025-03-20T22:04:36.034+0000] {processor.py:161} INFO - Started process (PID=3393) to work on /home/nord/venv/lib/python3.8/site-packages/airflow/example_dags/example_kubernetes_executor.py
[2025-03-20T22:04:36.035+0000] {processor.py:830} INFO - Processing file /home/nord/venv/lib/python3.8/site-packages/airflow/example_dags/example_kubernetes_executor.py for tasks to queue
[2025-03-20T22:04:36.036+0000] {logging_mixin.py:188} INFO - [2025-03-20T22:04:36.036+0000] {dagbag.py:538} INFO - Filling up the DagBag from /home/nord/venv/lib/python3.8/site-packages/airflow/example_dags/example_kubernetes_executor.py
[2025-03-20T22:04:36.040+0000] {logging_mixin.py:188} INFO - [2025-03-20T22:04:36.040+0000] {example_kubernetes_executor.py:38} WARNING - The example_kubernetes_executor example DAG requires the kubernetes provider. Please install it with: pip install apache-airflow[cncf.kubernetes]
[2025-03-20T22:04:36.041+0000] {processor.py:842} WARNING - No viable dags retrieved from /home/nord/venv/lib/python3.8/site-packages/airflow/example_dags/example_kubernetes_executor.py
[2025-03-20T22:04:36.080+0000] {processor.py:183} INFO - Processing /home/nord/venv/lib/python3.8/site-packages/airflow/example_dags/example_kubernetes_executor.py took 0.053 seconds
[2025-03-20T22:05:06.933+0000] {processor.py:161} INFO - Started process (PID=3715) to work on /home/nord/venv/lib/python3.8/site-packages/airflow/example_dags/example_kubernetes_executor.py
[2025-03-20T22:05:06.940+0000] {processor.py:830} INFO - Processing file /home/nord/venv/lib/python3.8/site-packages/airflow/example_dags/example_kubernetes_executor.py for tasks to queue
[2025-03-20T22:05:06.942+0000] {logging_mixin.py:188} INFO - [2025-03-20T22:05:06.941+0000] {dagbag.py:538} INFO - Filling up the DagBag from /home/nord/venv/lib/python3.8/site-packages/airflow/example_dags/example_kubernetes_executor.py
[2025-03-20T22:05:06.950+0000] {logging_mixin.py:188} INFO - [2025-03-20T22:05:06.949+0000] {example_kubernetes_executor.py:38} WARNING - The example_kubernetes_executor example DAG requires the kubernetes provider. Please install it with: pip install apache-airflow[cncf.kubernetes]
[2025-03-20T22:05:06.951+0000] {processor.py:842} WARNING - No viable dags retrieved from /home/nord/venv/lib/python3.8/site-packages/airflow/example_dags/example_kubernetes_executor.py
[2025-03-20T22:05:07.007+0000] {processor.py:183} INFO - Processing /home/nord/venv/lib/python3.8/site-packages/airflow/example_dags/example_kubernetes_executor.py took 0.082 seconds
[2025-03-20T22:05:37.573+0000] {processor.py:161} INFO - Started process (PID=4042) to work on /home/nord/venv/lib/python3.8/site-packages/airflow/example_dags/example_kubernetes_executor.py
[2025-03-20T22:05:37.574+0000] {processor.py:830} INFO - Processing file /home/nord/venv/lib/python3.8/site-packages/airflow/example_dags/example_kubernetes_executor.py for tasks to queue
[2025-03-20T22:05:37.575+0000] {logging_mixin.py:188} INFO - [2025-03-20T22:05:37.575+0000] {dagbag.py:538} INFO - Filling up the DagBag from /home/nord/venv/lib/python3.8/site-packages/airflow/example_dags/example_kubernetes_executor.py
[2025-03-20T22:05:37.579+0000] {logging_mixin.py:188} INFO - [2025-03-20T22:05:37.578+0000] {example_kubernetes_executor.py:38} WARNING - The example_kubernetes_executor example DAG requires the kubernetes provider. Please install it with: pip install apache-airflow[cncf.kubernetes]
[2025-03-20T22:05:37.579+0000] {processor.py:842} WARNING - No viable dags retrieved from /home/nord/venv/lib/python3.8/site-packages/airflow/example_dags/example_kubernetes_executor.py
[2025-03-20T22:05:37.613+0000] {processor.py:183} INFO - Processing /home/nord/venv/lib/python3.8/site-packages/airflow/example_dags/example_kubernetes_executor.py took 0.045 seconds
[2025-03-20T22:05:49.794+0000] {processor.py:161} INFO - Started process (PID=4302) to work on /home/nord/venv/lib/python3.8/site-packages/airflow/example_dags/example_kubernetes_executor.py
[2025-03-20T22:05:49.796+0000] {processor.py:830} INFO - Processing file /home/nord/venv/lib/python3.8/site-packages/airflow/example_dags/example_kubernetes_executor.py for tasks to queue
[2025-03-20T22:05:49.798+0000] {logging_mixin.py:188} INFO - [2025-03-20T22:05:49.797+0000] {dagbag.py:538} INFO - Filling up the DagBag from /home/nord/venv/lib/python3.8/site-packages/airflow/example_dags/example_kubernetes_executor.py
[2025-03-20T22:05:49.801+0000] {logging_mixin.py:188} INFO - [2025-03-20T22:05:49.801+0000] {example_kubernetes_executor.py:38} WARNING - The example_kubernetes_executor example DAG requires the kubernetes provider. Please install it with: pip install apache-airflow[cncf.kubernetes]
[2025-03-20T22:05:49.801+0000] {processor.py:842} WARNING - No viable dags retrieved from /home/nord/venv/lib/python3.8/site-packages/airflow/example_dags/example_kubernetes_executor.py
[2025-03-20T22:05:49.833+0000] {processor.py:183} INFO - Processing /home/nord/venv/lib/python3.8/site-packages/airflow/example_dags/example_kubernetes_executor.py took 0.043 seconds
[2025-03-20T22:06:20.439+0000] {processor.py:161} INFO - Started process (PID=4637) to work on /home/nord/venv/lib/python3.8/site-packages/airflow/example_dags/example_kubernetes_executor.py
[2025-03-20T22:06:20.440+0000] {processor.py:830} INFO - Processing file /home/nord/venv/lib/python3.8/site-packages/airflow/example_dags/example_kubernetes_executor.py for tasks to queue
[2025-03-20T22:06:20.442+0000] {logging_mixin.py:188} INFO - [2025-03-20T22:06:20.442+0000] {dagbag.py:538} INFO - Filling up the DagBag from /home/nord/venv/lib/python3.8/site-packages/airflow/example_dags/example_kubernetes_executor.py
[2025-03-20T22:06:20.445+0000] {logging_mixin.py:188} INFO - [2025-03-20T22:06:20.445+0000] {example_kubernetes_executor.py:38} WARNING - The example_kubernetes_executor example DAG requires the kubernetes provider. Please install it with: pip install apache-airflow[cncf.kubernetes]
[2025-03-20T22:06:20.446+0000] {processor.py:842} WARNING - No viable dags retrieved from /home/nord/venv/lib/python3.8/site-packages/airflow/example_dags/example_kubernetes_executor.py
[2025-03-20T22:06:20.477+0000] {processor.py:183} INFO - Processing /home/nord/venv/lib/python3.8/site-packages/airflow/example_dags/example_kubernetes_executor.py took 0.043 seconds
[2025-03-20T22:06:50.911+0000] {processor.py:161} INFO - Started process (PID=4960) to work on /home/nord/venv/lib/python3.8/site-packages/airflow/example_dags/example_kubernetes_executor.py
[2025-03-20T22:06:50.913+0000] {processor.py:830} INFO - Processing file /home/nord/venv/lib/python3.8/site-packages/airflow/example_dags/example_kubernetes_executor.py for tasks to queue
[2025-03-20T22:06:50.914+0000] {logging_mixin.py:188} INFO - [2025-03-20T22:06:50.913+0000] {dagbag.py:538} INFO - Filling up the DagBag from /home/nord/venv/lib/python3.8/site-packages/airflow/example_dags/example_kubernetes_executor.py
[2025-03-20T22:06:50.917+0000] {logging_mixin.py:188} INFO - [2025-03-20T22:06:50.917+0000] {example_kubernetes_executor.py:38} WARNING - The example_kubernetes_executor example DAG requires the kubernetes provider. Please install it with: pip install apache-airflow[cncf.kubernetes]
[2025-03-20T22:06:50.917+0000] {processor.py:842} WARNING - No viable dags retrieved from /home/nord/venv/lib/python3.8/site-packages/airflow/example_dags/example_kubernetes_executor.py
[2025-03-20T22:06:50.948+0000] {processor.py:183} INFO - Processing /home/nord/venv/lib/python3.8/site-packages/airflow/example_dags/example_kubernetes_executor.py took 0.041 seconds
[2025-03-20T22:07:21.867+0000] {processor.py:161} INFO - Started process (PID=5424) to work on /home/nord/venv/lib/python3.8/site-packages/airflow/example_dags/example_kubernetes_executor.py
[2025-03-20T22:07:21.868+0000] {processor.py:830} INFO - Processing file /home/nord/venv/lib/python3.8/site-packages/airflow/example_dags/example_kubernetes_executor.py for tasks to queue
[2025-03-20T22:07:21.869+0000] {logging_mixin.py:188} INFO - [2025-03-20T22:07:21.869+0000] {dagbag.py:538} INFO - Filling up the DagBag from /home/nord/venv/lib/python3.8/site-packages/airflow/example_dags/example_kubernetes_executor.py
[2025-03-20T22:07:21.874+0000] {logging_mixin.py:188} INFO - [2025-03-20T22:07:21.874+0000] {example_kubernetes_executor.py:38} WARNING - The example_kubernetes_executor example DAG requires the kubernetes provider. Please install it with: pip install apache-airflow[cncf.kubernetes]
[2025-03-20T22:07:21.875+0000] {processor.py:842} WARNING - No viable dags retrieved from /home/nord/venv/lib/python3.8/site-packages/airflow/example_dags/example_kubernetes_executor.py
[2025-03-20T22:07:21.906+0000] {processor.py:183} INFO - Processing /home/nord/venv/lib/python3.8/site-packages/airflow/example_dags/example_kubernetes_executor.py took 0.044 seconds
[2025-03-20T22:07:52.205+0000] {processor.py:161} INFO - Started process (PID=5768) to work on /home/nord/venv/lib/python3.8/site-packages/airflow/example_dags/example_kubernetes_executor.py
[2025-03-20T22:07:52.207+0000] {processor.py:830} INFO - Processing file /home/nord/venv/lib/python3.8/site-packages/airflow/example_dags/example_kubernetes_executor.py for tasks to queue
[2025-03-20T22:07:52.208+0000] {logging_mixin.py:188} INFO - [2025-03-20T22:07:52.208+0000] {dagbag.py:538} INFO - Filling up the DagBag from /home/nord/venv/lib/python3.8/site-packages/airflow/example_dags/example_kubernetes_executor.py
[2025-03-20T22:07:52.212+0000] {logging_mixin.py:188} INFO - [2025-03-20T22:07:52.212+0000] {example_kubernetes_executor.py:38} WARNING - The example_kubernetes_executor example DAG requires the kubernetes provider. Please install it with: pip install apache-airflow[cncf.kubernetes]
[2025-03-20T22:07:52.213+0000] {processor.py:842} WARNING - No viable dags retrieved from /home/nord/venv/lib/python3.8/site-packages/airflow/example_dags/example_kubernetes_executor.py
[2025-03-20T22:07:52.245+0000] {processor.py:183} INFO - Processing /home/nord/venv/lib/python3.8/site-packages/airflow/example_dags/example_kubernetes_executor.py took 0.046 seconds
[2025-03-20T22:08:22.991+0000] {processor.py:161} INFO - Started process (PID=6099) to work on /home/nord/venv/lib/python3.8/site-packages/airflow/example_dags/example_kubernetes_executor.py
[2025-03-20T22:08:22.992+0000] {processor.py:830} INFO - Processing file /home/nord/venv/lib/python3.8/site-packages/airflow/example_dags/example_kubernetes_executor.py for tasks to queue
[2025-03-20T22:08:22.993+0000] {logging_mixin.py:188} INFO - [2025-03-20T22:08:22.993+0000] {dagbag.py:538} INFO - Filling up the DagBag from /home/nord/venv/lib/python3.8/site-packages/airflow/example_dags/example_kubernetes_executor.py
[2025-03-20T22:08:22.997+0000] {logging_mixin.py:188} INFO - [2025-03-20T22:08:22.997+0000] {example_kubernetes_executor.py:38} WARNING - The example_kubernetes_executor example DAG requires the kubernetes provider. Please install it with: pip install apache-airflow[cncf.kubernetes]
[2025-03-20T22:08:22.998+0000] {processor.py:842} WARNING - No viable dags retrieved from /home/nord/venv/lib/python3.8/site-packages/airflow/example_dags/example_kubernetes_executor.py
[2025-03-20T22:08:23.026+0000] {processor.py:183} INFO - Processing /home/nord/venv/lib/python3.8/site-packages/airflow/example_dags/example_kubernetes_executor.py took 0.042 seconds
[2025-03-20T22:08:53.829+0000] {processor.py:161} INFO - Started process (PID=6447) to work on /home/nord/venv/lib/python3.8/site-packages/airflow/example_dags/example_kubernetes_executor.py
[2025-03-20T22:08:53.831+0000] {processor.py:830} INFO - Processing file /home/nord/venv/lib/python3.8/site-packages/airflow/example_dags/example_kubernetes_executor.py for tasks to queue
[2025-03-20T22:08:53.835+0000] {logging_mixin.py:188} INFO - [2025-03-20T22:08:53.834+0000] {dagbag.py:538} INFO - Filling up the DagBag from /home/nord/venv/lib/python3.8/site-packages/airflow/example_dags/example_kubernetes_executor.py
[2025-03-20T22:08:53.843+0000] {logging_mixin.py:188} INFO - [2025-03-20T22:08:53.843+0000] {example_kubernetes_executor.py:38} WARNING - The example_kubernetes_executor example DAG requires the kubernetes provider. Please install it with: pip install apache-airflow[cncf.kubernetes]
[2025-03-20T22:08:53.844+0000] {processor.py:842} WARNING - No viable dags retrieved from /home/nord/venv/lib/python3.8/site-packages/airflow/example_dags/example_kubernetes_executor.py
[2025-03-20T22:08:53.887+0000] {processor.py:183} INFO - Processing /home/nord/venv/lib/python3.8/site-packages/airflow/example_dags/example_kubernetes_executor.py took 0.063 seconds
[2025-03-20T22:09:24.210+0000] {processor.py:161} INFO - Started process (PID=6839) to work on /home/nord/venv/lib/python3.8/site-packages/airflow/example_dags/example_kubernetes_executor.py
[2025-03-20T22:09:24.212+0000] {processor.py:830} INFO - Processing file /home/nord/venv/lib/python3.8/site-packages/airflow/example_dags/example_kubernetes_executor.py for tasks to queue
[2025-03-20T22:09:24.214+0000] {logging_mixin.py:188} INFO - [2025-03-20T22:09:24.213+0000] {dagbag.py:538} INFO - Filling up the DagBag from /home/nord/venv/lib/python3.8/site-packages/airflow/example_dags/example_kubernetes_executor.py
[2025-03-20T22:09:24.229+0000] {logging_mixin.py:188} INFO - [2025-03-20T22:09:24.228+0000] {example_kubernetes_executor.py:38} WARNING - The example_kubernetes_executor example DAG requires the kubernetes provider. Please install it with: pip install apache-airflow[cncf.kubernetes]
[2025-03-20T22:09:24.230+0000] {processor.py:842} WARNING - No viable dags retrieved from /home/nord/venv/lib/python3.8/site-packages/airflow/example_dags/example_kubernetes_executor.py
[2025-03-20T22:09:24.298+0000] {processor.py:183} INFO - Processing /home/nord/venv/lib/python3.8/site-packages/airflow/example_dags/example_kubernetes_executor.py took 0.104 seconds
[2025-03-20T22:09:54.821+0000] {processor.py:161} INFO - Started process (PID=7207) to work on /home/nord/venv/lib/python3.8/site-packages/airflow/example_dags/example_kubernetes_executor.py
[2025-03-20T22:09:54.823+0000] {processor.py:830} INFO - Processing file /home/nord/venv/lib/python3.8/site-packages/airflow/example_dags/example_kubernetes_executor.py for tasks to queue
[2025-03-20T22:09:54.824+0000] {logging_mixin.py:188} INFO - [2025-03-20T22:09:54.824+0000] {dagbag.py:538} INFO - Filling up the DagBag from /home/nord/venv/lib/python3.8/site-packages/airflow/example_dags/example_kubernetes_executor.py
[2025-03-20T22:09:54.828+0000] {logging_mixin.py:188} INFO - [2025-03-20T22:09:54.828+0000] {example_kubernetes_executor.py:38} WARNING - The example_kubernetes_executor example DAG requires the kubernetes provider. Please install it with: pip install apache-airflow[cncf.kubernetes]
[2025-03-20T22:09:54.829+0000] {processor.py:842} WARNING - No viable dags retrieved from /home/nord/venv/lib/python3.8/site-packages/airflow/example_dags/example_kubernetes_executor.py
[2025-03-20T22:09:54.863+0000] {processor.py:183} INFO - Processing /home/nord/venv/lib/python3.8/site-packages/airflow/example_dags/example_kubernetes_executor.py took 0.046 seconds
[2025-03-20T22:10:25.471+0000] {processor.py:161} INFO - Started process (PID=7558) to work on /home/nord/venv/lib/python3.8/site-packages/airflow/example_dags/example_kubernetes_executor.py
[2025-03-20T22:10:25.473+0000] {processor.py:830} INFO - Processing file /home/nord/venv/lib/python3.8/site-packages/airflow/example_dags/example_kubernetes_executor.py for tasks to queue
[2025-03-20T22:10:25.474+0000] {logging_mixin.py:188} INFO - [2025-03-20T22:10:25.473+0000] {dagbag.py:538} INFO - Filling up the DagBag from /home/nord/venv/lib/python3.8/site-packages/airflow/example_dags/example_kubernetes_executor.py
[2025-03-20T22:10:25.479+0000] {logging_mixin.py:188} INFO - [2025-03-20T22:10:25.479+0000] {example_kubernetes_executor.py:38} WARNING - The example_kubernetes_executor example DAG requires the kubernetes provider. Please install it with: pip install apache-airflow[cncf.kubernetes]
[2025-03-20T22:10:25.479+0000] {processor.py:842} WARNING - No viable dags retrieved from /home/nord/venv/lib/python3.8/site-packages/airflow/example_dags/example_kubernetes_executor.py
[2025-03-20T22:10:25.510+0000] {processor.py:183} INFO - Processing /home/nord/venv/lib/python3.8/site-packages/airflow/example_dags/example_kubernetes_executor.py took 0.045 seconds
[2025-03-20T22:10:56.059+0000] {processor.py:161} INFO - Started process (PID=7887) to work on /home/nord/venv/lib/python3.8/site-packages/airflow/example_dags/example_kubernetes_executor.py
[2025-03-20T22:10:56.061+0000] {processor.py:830} INFO - Processing file /home/nord/venv/lib/python3.8/site-packages/airflow/example_dags/example_kubernetes_executor.py for tasks to queue
[2025-03-20T22:10:56.062+0000] {logging_mixin.py:188} INFO - [2025-03-20T22:10:56.062+0000] {dagbag.py:538} INFO - Filling up the DagBag from /home/nord/venv/lib/python3.8/site-packages/airflow/example_dags/example_kubernetes_executor.py
[2025-03-20T22:10:56.070+0000] {logging_mixin.py:188} INFO - [2025-03-20T22:10:56.069+0000] {example_kubernetes_executor.py:38} WARNING - The example_kubernetes_executor example DAG requires the kubernetes provider. Please install it with: pip install apache-airflow[cncf.kubernetes]
[2025-03-20T22:10:56.070+0000] {processor.py:842} WARNING - No viable dags retrieved from /home/nord/venv/lib/python3.8/site-packages/airflow/example_dags/example_kubernetes_executor.py
[2025-03-20T22:10:56.111+0000] {processor.py:183} INFO - Processing /home/nord/venv/lib/python3.8/site-packages/airflow/example_dags/example_kubernetes_executor.py took 0.058 seconds
[2025-03-20T22:11:26.393+0000] {processor.py:161} INFO - Started process (PID=8206) to work on /home/nord/venv/lib/python3.8/site-packages/airflow/example_dags/example_kubernetes_executor.py
[2025-03-20T22:11:26.395+0000] {processor.py:830} INFO - Processing file /home/nord/venv/lib/python3.8/site-packages/airflow/example_dags/example_kubernetes_executor.py for tasks to queue
[2025-03-20T22:11:26.396+0000] {logging_mixin.py:188} INFO - [2025-03-20T22:11:26.395+0000] {dagbag.py:538} INFO - Filling up the DagBag from /home/nord/venv/lib/python3.8/site-packages/airflow/example_dags/example_kubernetes_executor.py
[2025-03-20T22:11:26.402+0000] {logging_mixin.py:188} INFO - [2025-03-20T22:11:26.402+0000] {example_kubernetes_executor.py:38} WARNING - The example_kubernetes_executor example DAG requires the kubernetes provider. Please install it with: pip install apache-airflow[cncf.kubernetes]
[2025-03-20T22:11:26.402+0000] {processor.py:842} WARNING - No viable dags retrieved from /home/nord/venv/lib/python3.8/site-packages/airflow/example_dags/example_kubernetes_executor.py
[2025-03-20T22:11:26.441+0000] {processor.py:183} INFO - Processing /home/nord/venv/lib/python3.8/site-packages/airflow/example_dags/example_kubernetes_executor.py took 0.053 seconds
[2025-03-20T22:11:57.036+0000] {processor.py:161} INFO - Started process (PID=8513) to work on /home/nord/venv/lib/python3.8/site-packages/airflow/example_dags/example_kubernetes_executor.py
[2025-03-20T22:11:57.039+0000] {processor.py:830} INFO - Processing file /home/nord/venv/lib/python3.8/site-packages/airflow/example_dags/example_kubernetes_executor.py for tasks to queue
[2025-03-20T22:11:57.040+0000] {logging_mixin.py:188} INFO - [2025-03-20T22:11:57.040+0000] {dagbag.py:538} INFO - Filling up the DagBag from /home/nord/venv/lib/python3.8/site-packages/airflow/example_dags/example_kubernetes_executor.py
[2025-03-20T22:11:57.047+0000] {logging_mixin.py:188} INFO - [2025-03-20T22:11:57.047+0000] {example_kubernetes_executor.py:38} WARNING - The example_kubernetes_executor example DAG requires the kubernetes provider. Please install it with: pip install apache-airflow[cncf.kubernetes]
[2025-03-20T22:11:57.048+0000] {processor.py:842} WARNING - No viable dags retrieved from /home/nord/venv/lib/python3.8/site-packages/airflow/example_dags/example_kubernetes_executor.py
[2025-03-20T22:11:57.097+0000] {processor.py:183} INFO - Processing /home/nord/venv/lib/python3.8/site-packages/airflow/example_dags/example_kubernetes_executor.py took 0.067 seconds
