[2025-03-20T22:02:10.863+0000] {processor.py:161} INFO - Started process (PID=1598) to work on /home/nord/venv/lib/python3.8/site-packages/airflow/example_dags/example_setup_teardown_taskflow.py
[2025-03-20T22:02:10.874+0000] {processor.py:830} INFO - Processing file /home/nord/venv/lib/python3.8/site-packages/airflow/example_dags/example_setup_teardown_taskflow.py for tasks to queue
[2025-03-20T22:02:10.881+0000] {logging_mixin.py:188} INFO - [2025-03-20T22:02:10.880+0000] {dagbag.py:538} INFO - Filling up the DagBag from /home/nord/venv/lib/python3.8/site-packages/airflow/example_dags/example_setup_teardown_taskflow.py
[2025-03-20T22:02:10.939+0000] {processor.py:840} INFO - DAG(s) 'example_setup_teardown_taskflow' retrieved from /home/nord/venv/lib/python3.8/site-packages/airflow/example_dags/example_setup_teardown_taskflow.py
[2025-03-20T22:02:11.012+0000] {logging_mixin.py:188} INFO - [2025-03-20T22:02:11.011+0000] {dag.py:3036} INFO - Sync 1 DAGs
[2025-03-20T22:02:11.062+0000] {logging_mixin.py:188} INFO - [2025-03-20T22:02:11.061+0000] {dag.py:3823} INFO - Setting next_dagrun for example_setup_teardown_taskflow to 2025-03-19 00:00:00+00:00, run_after=2025-03-20 00:00:00+00:00
[2025-03-20T22:02:11.100+0000] {processor.py:183} INFO - Processing /home/nord/venv/lib/python3.8/site-packages/airflow/example_dags/example_setup_teardown_taskflow.py took 0.255 seconds
[2025-03-20T22:02:43.178+0000] {processor.py:161} INFO - Started process (PID=1962) to work on /home/nord/venv/lib/python3.8/site-packages/airflow/example_dags/example_setup_teardown_taskflow.py
[2025-03-20T22:02:43.192+0000] {processor.py:830} INFO - Processing file /home/nord/venv/lib/python3.8/site-packages/airflow/example_dags/example_setup_teardown_taskflow.py for tasks to queue
[2025-03-20T22:02:43.194+0000] {logging_mixin.py:188} INFO - [2025-03-20T22:02:43.194+0000] {dagbag.py:538} INFO - Filling up the DagBag from /home/nord/venv/lib/python3.8/site-packages/airflow/example_dags/example_setup_teardown_taskflow.py
[2025-03-20T22:02:43.391+0000] {processor.py:840} INFO - DAG(s) 'example_setup_teardown_taskflow' retrieved from /home/nord/venv/lib/python3.8/site-packages/airflow/example_dags/example_setup_teardown_taskflow.py
[2025-03-20T22:02:43.945+0000] {logging_mixin.py:188} INFO - [2025-03-20T22:02:43.944+0000] {dag.py:3036} INFO - Sync 1 DAGs
[2025-03-20T22:02:44.242+0000] {logging_mixin.py:188} INFO - [2025-03-20T22:02:44.241+0000] {dag.py:3823} INFO - Setting next_dagrun for example_setup_teardown_taskflow to 2025-03-19 00:00:00+00:00, run_after=2025-03-20 00:00:00+00:00
[2025-03-20T22:02:44.642+0000] {processor.py:183} INFO - Processing /home/nord/venv/lib/python3.8/site-packages/airflow/example_dags/example_setup_teardown_taskflow.py took 1.548 seconds
[2025-03-20T22:03:15.237+0000] {processor.py:161} INFO - Started process (PID=2579) to work on /home/nord/venv/lib/python3.8/site-packages/airflow/example_dags/example_setup_teardown_taskflow.py
[2025-03-20T22:03:15.239+0000] {processor.py:830} INFO - Processing file /home/nord/venv/lib/python3.8/site-packages/airflow/example_dags/example_setup_teardown_taskflow.py for tasks to queue
[2025-03-20T22:03:15.240+0000] {logging_mixin.py:188} INFO - [2025-03-20T22:03:15.240+0000] {dagbag.py:538} INFO - Filling up the DagBag from /home/nord/venv/lib/python3.8/site-packages/airflow/example_dags/example_setup_teardown_taskflow.py
[2025-03-20T22:03:15.267+0000] {processor.py:840} INFO - DAG(s) 'example_setup_teardown_taskflow' retrieved from /home/nord/venv/lib/python3.8/site-packages/airflow/example_dags/example_setup_teardown_taskflow.py
[2025-03-20T22:03:15.353+0000] {logging_mixin.py:188} INFO - [2025-03-20T22:03:15.352+0000] {dag.py:3036} INFO - Sync 1 DAGs
[2025-03-20T22:03:15.423+0000] {logging_mixin.py:188} INFO - [2025-03-20T22:03:15.422+0000] {dag.py:3823} INFO - Setting next_dagrun for example_setup_teardown_taskflow to 2025-03-19 00:00:00+00:00, run_after=2025-03-20 00:00:00+00:00
[2025-03-20T22:03:15.565+0000] {processor.py:183} INFO - Processing /home/nord/venv/lib/python3.8/site-packages/airflow/example_dags/example_setup_teardown_taskflow.py took 0.338 seconds
[2025-03-20T22:03:45.875+0000] {processor.py:161} INFO - Started process (PID=2971) to work on /home/nord/venv/lib/python3.8/site-packages/airflow/example_dags/example_setup_teardown_taskflow.py
[2025-03-20T22:03:45.878+0000] {processor.py:830} INFO - Processing file /home/nord/venv/lib/python3.8/site-packages/airflow/example_dags/example_setup_teardown_taskflow.py for tasks to queue
[2025-03-20T22:03:45.880+0000] {logging_mixin.py:188} INFO - [2025-03-20T22:03:45.879+0000] {dagbag.py:538} INFO - Filling up the DagBag from /home/nord/venv/lib/python3.8/site-packages/airflow/example_dags/example_setup_teardown_taskflow.py
[2025-03-20T22:03:45.904+0000] {processor.py:840} INFO - DAG(s) 'example_setup_teardown_taskflow' retrieved from /home/nord/venv/lib/python3.8/site-packages/airflow/example_dags/example_setup_teardown_taskflow.py
[2025-03-20T22:03:45.969+0000] {logging_mixin.py:188} INFO - [2025-03-20T22:03:45.969+0000] {dag.py:3036} INFO - Sync 1 DAGs
[2025-03-20T22:03:46.019+0000] {logging_mixin.py:188} INFO - [2025-03-20T22:03:46.018+0000] {dag.py:3823} INFO - Setting next_dagrun for example_setup_teardown_taskflow to 2025-03-19 00:00:00+00:00, run_after=2025-03-20 00:00:00+00:00
[2025-03-20T22:03:46.071+0000] {processor.py:183} INFO - Processing /home/nord/venv/lib/python3.8/site-packages/airflow/example_dags/example_setup_teardown_taskflow.py took 0.205 seconds
[2025-03-20T22:04:17.506+0000] {processor.py:161} INFO - Started process (PID=3319) to work on /home/nord/venv/lib/python3.8/site-packages/airflow/example_dags/example_setup_teardown_taskflow.py
[2025-03-20T22:04:17.508+0000] {processor.py:830} INFO - Processing file /home/nord/venv/lib/python3.8/site-packages/airflow/example_dags/example_setup_teardown_taskflow.py for tasks to queue
[2025-03-20T22:04:17.509+0000] {logging_mixin.py:188} INFO - [2025-03-20T22:04:17.509+0000] {dagbag.py:538} INFO - Filling up the DagBag from /home/nord/venv/lib/python3.8/site-packages/airflow/example_dags/example_setup_teardown_taskflow.py
[2025-03-20T22:04:17.530+0000] {processor.py:840} INFO - DAG(s) 'example_setup_teardown_taskflow' retrieved from /home/nord/venv/lib/python3.8/site-packages/airflow/example_dags/example_setup_teardown_taskflow.py
[2025-03-20T22:04:17.596+0000] {logging_mixin.py:188} INFO - [2025-03-20T22:04:17.596+0000] {dag.py:3036} INFO - Sync 1 DAGs
[2025-03-20T22:04:17.659+0000] {logging_mixin.py:188} INFO - [2025-03-20T22:04:17.659+0000] {dag.py:3823} INFO - Setting next_dagrun for example_setup_teardown_taskflow to 2025-03-19 00:00:00+00:00, run_after=2025-03-20 00:00:00+00:00
[2025-03-20T22:04:17.705+0000] {processor.py:183} INFO - Processing /home/nord/venv/lib/python3.8/site-packages/airflow/example_dags/example_setup_teardown_taskflow.py took 0.207 seconds
[2025-03-20T22:04:48.309+0000] {processor.py:161} INFO - Started process (PID=3642) to work on /home/nord/venv/lib/python3.8/site-packages/airflow/example_dags/example_setup_teardown_taskflow.py
[2025-03-20T22:04:48.311+0000] {processor.py:830} INFO - Processing file /home/nord/venv/lib/python3.8/site-packages/airflow/example_dags/example_setup_teardown_taskflow.py for tasks to queue
[2025-03-20T22:04:48.313+0000] {logging_mixin.py:188} INFO - [2025-03-20T22:04:48.312+0000] {dagbag.py:538} INFO - Filling up the DagBag from /home/nord/venv/lib/python3.8/site-packages/airflow/example_dags/example_setup_teardown_taskflow.py
[2025-03-20T22:04:48.338+0000] {processor.py:840} INFO - DAG(s) 'example_setup_teardown_taskflow' retrieved from /home/nord/venv/lib/python3.8/site-packages/airflow/example_dags/example_setup_teardown_taskflow.py
[2025-03-20T22:04:48.412+0000] {logging_mixin.py:188} INFO - [2025-03-20T22:04:48.411+0000] {dag.py:3036} INFO - Sync 1 DAGs
[2025-03-20T22:04:48.469+0000] {logging_mixin.py:188} INFO - [2025-03-20T22:04:48.468+0000] {dag.py:3823} INFO - Setting next_dagrun for example_setup_teardown_taskflow to 2025-03-19 00:00:00+00:00, run_after=2025-03-20 00:00:00+00:00
[2025-03-20T22:04:48.518+0000] {processor.py:183} INFO - Processing /home/nord/venv/lib/python3.8/site-packages/airflow/example_dags/example_setup_teardown_taskflow.py took 0.216 seconds
[2025-03-20T22:05:19.247+0000] {processor.py:161} INFO - Started process (PID=3966) to work on /home/nord/venv/lib/python3.8/site-packages/airflow/example_dags/example_setup_teardown_taskflow.py
[2025-03-20T22:05:19.248+0000] {processor.py:830} INFO - Processing file /home/nord/venv/lib/python3.8/site-packages/airflow/example_dags/example_setup_teardown_taskflow.py for tasks to queue
[2025-03-20T22:05:19.250+0000] {logging_mixin.py:188} INFO - [2025-03-20T22:05:19.249+0000] {dagbag.py:538} INFO - Filling up the DagBag from /home/nord/venv/lib/python3.8/site-packages/airflow/example_dags/example_setup_teardown_taskflow.py
[2025-03-20T22:05:19.276+0000] {processor.py:840} INFO - DAG(s) 'example_setup_teardown_taskflow' retrieved from /home/nord/venv/lib/python3.8/site-packages/airflow/example_dags/example_setup_teardown_taskflow.py
[2025-03-20T22:05:19.329+0000] {logging_mixin.py:188} INFO - [2025-03-20T22:05:19.329+0000] {dag.py:3036} INFO - Sync 1 DAGs
[2025-03-20T22:05:19.410+0000] {logging_mixin.py:188} INFO - [2025-03-20T22:05:19.409+0000] {dag.py:3823} INFO - Setting next_dagrun for example_setup_teardown_taskflow to 2025-03-19 00:00:00+00:00, run_after=2025-03-20 00:00:00+00:00
[2025-03-20T22:05:19.479+0000] {processor.py:183} INFO - Processing /home/nord/venv/lib/python3.8/site-packages/airflow/example_dags/example_setup_teardown_taskflow.py took 0.241 seconds
[2025-03-20T22:05:55.813+0000] {processor.py:161} INFO - Started process (PID=4562) to work on /home/nord/venv/lib/python3.8/site-packages/airflow/example_dags/example_setup_teardown_taskflow.py
[2025-03-20T22:05:55.815+0000] {processor.py:830} INFO - Processing file /home/nord/venv/lib/python3.8/site-packages/airflow/example_dags/example_setup_teardown_taskflow.py for tasks to queue
[2025-03-20T22:05:55.816+0000] {logging_mixin.py:188} INFO - [2025-03-20T22:05:55.816+0000] {dagbag.py:538} INFO - Filling up the DagBag from /home/nord/venv/lib/python3.8/site-packages/airflow/example_dags/example_setup_teardown_taskflow.py
[2025-03-20T22:05:55.834+0000] {processor.py:840} INFO - DAG(s) 'example_setup_teardown_taskflow' retrieved from /home/nord/venv/lib/python3.8/site-packages/airflow/example_dags/example_setup_teardown_taskflow.py
[2025-03-20T22:05:55.892+0000] {logging_mixin.py:188} INFO - [2025-03-20T22:05:55.892+0000] {dag.py:3036} INFO - Sync 1 DAGs
[2025-03-20T22:05:55.942+0000] {logging_mixin.py:188} INFO - [2025-03-20T22:05:55.941+0000] {dag.py:3823} INFO - Setting next_dagrun for example_setup_teardown_taskflow to 2025-03-19 00:00:00+00:00, run_after=2025-03-20 00:00:00+00:00
[2025-03-20T22:05:55.985+0000] {processor.py:183} INFO - Processing /home/nord/venv/lib/python3.8/site-packages/airflow/example_dags/example_setup_teardown_taskflow.py took 0.177 seconds
[2025-03-20T22:06:26.420+0000] {processor.py:161} INFO - Started process (PID=4886) to work on /home/nord/venv/lib/python3.8/site-packages/airflow/example_dags/example_setup_teardown_taskflow.py
[2025-03-20T22:06:26.421+0000] {processor.py:830} INFO - Processing file /home/nord/venv/lib/python3.8/site-packages/airflow/example_dags/example_setup_teardown_taskflow.py for tasks to queue
[2025-03-20T22:06:26.423+0000] {logging_mixin.py:188} INFO - [2025-03-20T22:06:26.422+0000] {dagbag.py:538} INFO - Filling up the DagBag from /home/nord/venv/lib/python3.8/site-packages/airflow/example_dags/example_setup_teardown_taskflow.py
[2025-03-20T22:06:26.437+0000] {processor.py:840} INFO - DAG(s) 'example_setup_teardown_taskflow' retrieved from /home/nord/venv/lib/python3.8/site-packages/airflow/example_dags/example_setup_teardown_taskflow.py
[2025-03-20T22:06:26.490+0000] {logging_mixin.py:188} INFO - [2025-03-20T22:06:26.488+0000] {dag.py:3036} INFO - Sync 1 DAGs
[2025-03-20T22:06:26.541+0000] {logging_mixin.py:188} INFO - [2025-03-20T22:06:26.540+0000] {dag.py:3823} INFO - Setting next_dagrun for example_setup_teardown_taskflow to 2025-03-19 00:00:00+00:00, run_after=2025-03-20 00:00:00+00:00
[2025-03-20T22:06:26.593+0000] {processor.py:183} INFO - Processing /home/nord/venv/lib/python3.8/site-packages/airflow/example_dags/example_setup_teardown_taskflow.py took 0.179 seconds
[2025-03-20T22:06:57.350+0000] {processor.py:161} INFO - Started process (PID=5210) to work on /home/nord/venv/lib/python3.8/site-packages/airflow/example_dags/example_setup_teardown_taskflow.py
[2025-03-20T22:06:57.356+0000] {processor.py:830} INFO - Processing file /home/nord/venv/lib/python3.8/site-packages/airflow/example_dags/example_setup_teardown_taskflow.py for tasks to queue
[2025-03-20T22:06:57.357+0000] {logging_mixin.py:188} INFO - [2025-03-20T22:06:57.356+0000] {dagbag.py:538} INFO - Filling up the DagBag from /home/nord/venv/lib/python3.8/site-packages/airflow/example_dags/example_setup_teardown_taskflow.py
[2025-03-20T22:06:57.374+0000] {processor.py:840} INFO - DAG(s) 'example_setup_teardown_taskflow' retrieved from /home/nord/venv/lib/python3.8/site-packages/airflow/example_dags/example_setup_teardown_taskflow.py
[2025-03-20T22:06:57.425+0000] {logging_mixin.py:188} INFO - [2025-03-20T22:06:57.424+0000] {dag.py:3036} INFO - Sync 1 DAGs
[2025-03-20T22:06:57.475+0000] {logging_mixin.py:188} INFO - [2025-03-20T22:06:57.475+0000] {dag.py:3823} INFO - Setting next_dagrun for example_setup_teardown_taskflow to 2025-03-19 00:00:00+00:00, run_after=2025-03-20 00:00:00+00:00
[2025-03-20T22:06:57.524+0000] {processor.py:183} INFO - Processing /home/nord/venv/lib/python3.8/site-packages/airflow/example_dags/example_setup_teardown_taskflow.py took 0.180 seconds
[2025-03-20T22:07:27.824+0000] {processor.py:161} INFO - Started process (PID=5673) to work on /home/nord/venv/lib/python3.8/site-packages/airflow/example_dags/example_setup_teardown_taskflow.py
[2025-03-20T22:07:27.825+0000] {processor.py:830} INFO - Processing file /home/nord/venv/lib/python3.8/site-packages/airflow/example_dags/example_setup_teardown_taskflow.py for tasks to queue
[2025-03-20T22:07:27.826+0000] {logging_mixin.py:188} INFO - [2025-03-20T22:07:27.826+0000] {dagbag.py:538} INFO - Filling up the DagBag from /home/nord/venv/lib/python3.8/site-packages/airflow/example_dags/example_setup_teardown_taskflow.py
[2025-03-20T22:07:27.847+0000] {processor.py:840} INFO - DAG(s) 'example_setup_teardown_taskflow' retrieved from /home/nord/venv/lib/python3.8/site-packages/airflow/example_dags/example_setup_teardown_taskflow.py
[2025-03-20T22:07:27.900+0000] {logging_mixin.py:188} INFO - [2025-03-20T22:07:27.900+0000] {dag.py:3036} INFO - Sync 1 DAGs
[2025-03-20T22:07:27.948+0000] {logging_mixin.py:188} INFO - [2025-03-20T22:07:27.947+0000] {dag.py:3823} INFO - Setting next_dagrun for example_setup_teardown_taskflow to 2025-03-19 00:00:00+00:00, run_after=2025-03-20 00:00:00+00:00
[2025-03-20T22:07:27.985+0000] {processor.py:183} INFO - Processing /home/nord/venv/lib/python3.8/site-packages/airflow/example_dags/example_setup_teardown_taskflow.py took 0.167 seconds
[2025-03-20T22:07:58.562+0000] {processor.py:161} INFO - Started process (PID=6026) to work on /home/nord/venv/lib/python3.8/site-packages/airflow/example_dags/example_setup_teardown_taskflow.py
[2025-03-20T22:07:58.563+0000] {processor.py:830} INFO - Processing file /home/nord/venv/lib/python3.8/site-packages/airflow/example_dags/example_setup_teardown_taskflow.py for tasks to queue
[2025-03-20T22:07:58.564+0000] {logging_mixin.py:188} INFO - [2025-03-20T22:07:58.564+0000] {dagbag.py:538} INFO - Filling up the DagBag from /home/nord/venv/lib/python3.8/site-packages/airflow/example_dags/example_setup_teardown_taskflow.py
[2025-03-20T22:07:58.580+0000] {processor.py:840} INFO - DAG(s) 'example_setup_teardown_taskflow' retrieved from /home/nord/venv/lib/python3.8/site-packages/airflow/example_dags/example_setup_teardown_taskflow.py
[2025-03-20T22:07:58.629+0000] {logging_mixin.py:188} INFO - [2025-03-20T22:07:58.628+0000] {dag.py:3036} INFO - Sync 1 DAGs
[2025-03-20T22:07:58.671+0000] {logging_mixin.py:188} INFO - [2025-03-20T22:07:58.671+0000] {dag.py:3823} INFO - Setting next_dagrun for example_setup_teardown_taskflow to 2025-03-19 00:00:00+00:00, run_after=2025-03-20 00:00:00+00:00
[2025-03-20T22:07:58.707+0000] {processor.py:183} INFO - Processing /home/nord/venv/lib/python3.8/site-packages/airflow/example_dags/example_setup_teardown_taskflow.py took 0.150 seconds
[2025-03-20T22:08:30.449+0000] {processor.py:161} INFO - Started process (PID=6348) to work on /home/nord/venv/lib/python3.8/site-packages/airflow/example_dags/example_setup_teardown_taskflow.py
[2025-03-20T22:08:30.451+0000] {processor.py:830} INFO - Processing file /home/nord/venv/lib/python3.8/site-packages/airflow/example_dags/example_setup_teardown_taskflow.py for tasks to queue
[2025-03-20T22:08:30.452+0000] {logging_mixin.py:188} INFO - [2025-03-20T22:08:30.451+0000] {dagbag.py:538} INFO - Filling up the DagBag from /home/nord/venv/lib/python3.8/site-packages/airflow/example_dags/example_setup_teardown_taskflow.py
[2025-03-20T22:08:30.474+0000] {processor.py:840} INFO - DAG(s) 'example_setup_teardown_taskflow' retrieved from /home/nord/venv/lib/python3.8/site-packages/airflow/example_dags/example_setup_teardown_taskflow.py
[2025-03-20T22:08:30.528+0000] {logging_mixin.py:188} INFO - [2025-03-20T22:08:30.527+0000] {dag.py:3036} INFO - Sync 1 DAGs
[2025-03-20T22:08:30.572+0000] {logging_mixin.py:188} INFO - [2025-03-20T22:08:30.572+0000] {dag.py:3823} INFO - Setting next_dagrun for example_setup_teardown_taskflow to 2025-03-19 00:00:00+00:00, run_after=2025-03-20 00:00:00+00:00
[2025-03-20T22:08:30.608+0000] {processor.py:183} INFO - Processing /home/nord/venv/lib/python3.8/site-packages/airflow/example_dags/example_setup_teardown_taskflow.py took 0.165 seconds
[2025-03-20T22:09:02.262+0000] {processor.py:161} INFO - Started process (PID=6697) to work on /home/nord/venv/lib/python3.8/site-packages/airflow/example_dags/example_setup_teardown_taskflow.py
[2025-03-20T22:09:02.265+0000] {processor.py:830} INFO - Processing file /home/nord/venv/lib/python3.8/site-packages/airflow/example_dags/example_setup_teardown_taskflow.py for tasks to queue
[2025-03-20T22:09:02.267+0000] {logging_mixin.py:188} INFO - [2025-03-20T22:09:02.267+0000] {dagbag.py:538} INFO - Filling up the DagBag from /home/nord/venv/lib/python3.8/site-packages/airflow/example_dags/example_setup_teardown_taskflow.py
[2025-03-20T22:09:02.293+0000] {processor.py:840} INFO - DAG(s) 'example_setup_teardown_taskflow' retrieved from /home/nord/venv/lib/python3.8/site-packages/airflow/example_dags/example_setup_teardown_taskflow.py
[2025-03-20T22:09:02.357+0000] {logging_mixin.py:188} INFO - [2025-03-20T22:09:02.357+0000] {dag.py:3036} INFO - Sync 1 DAGs
[2025-03-20T22:09:02.457+0000] {logging_mixin.py:188} INFO - [2025-03-20T22:09:02.455+0000] {dag.py:3823} INFO - Setting next_dagrun for example_setup_teardown_taskflow to 2025-03-19 00:00:00+00:00, run_after=2025-03-20 00:00:00+00:00
[2025-03-20T22:09:02.518+0000] {processor.py:183} INFO - Processing /home/nord/venv/lib/python3.8/site-packages/airflow/example_dags/example_setup_teardown_taskflow.py took 0.264 seconds
[2025-03-20T22:09:33.420+0000] {processor.py:161} INFO - Started process (PID=7134) to work on /home/nord/venv/lib/python3.8/site-packages/airflow/example_dags/example_setup_teardown_taskflow.py
[2025-03-20T22:09:33.421+0000] {processor.py:830} INFO - Processing file /home/nord/venv/lib/python3.8/site-packages/airflow/example_dags/example_setup_teardown_taskflow.py for tasks to queue
[2025-03-20T22:09:33.422+0000] {logging_mixin.py:188} INFO - [2025-03-20T22:09:33.422+0000] {dagbag.py:538} INFO - Filling up the DagBag from /home/nord/venv/lib/python3.8/site-packages/airflow/example_dags/example_setup_teardown_taskflow.py
[2025-03-20T22:09:33.440+0000] {processor.py:840} INFO - DAG(s) 'example_setup_teardown_taskflow' retrieved from /home/nord/venv/lib/python3.8/site-packages/airflow/example_dags/example_setup_teardown_taskflow.py
[2025-03-20T22:09:33.503+0000] {logging_mixin.py:188} INFO - [2025-03-20T22:09:33.501+0000] {dag.py:3036} INFO - Sync 1 DAGs
[2025-03-20T22:09:33.547+0000] {logging_mixin.py:188} INFO - [2025-03-20T22:09:33.546+0000] {dag.py:3823} INFO - Setting next_dagrun for example_setup_teardown_taskflow to 2025-03-19 00:00:00+00:00, run_after=2025-03-20 00:00:00+00:00
[2025-03-20T22:09:33.586+0000] {processor.py:183} INFO - Processing /home/nord/venv/lib/python3.8/site-packages/airflow/example_dags/example_setup_teardown_taskflow.py took 0.172 seconds
[2025-03-20T22:10:04.959+0000] {processor.py:161} INFO - Started process (PID=7482) to work on /home/nord/venv/lib/python3.8/site-packages/airflow/example_dags/example_setup_teardown_taskflow.py
[2025-03-20T22:10:04.961+0000] {processor.py:830} INFO - Processing file /home/nord/venv/lib/python3.8/site-packages/airflow/example_dags/example_setup_teardown_taskflow.py for tasks to queue
[2025-03-20T22:10:04.964+0000] {logging_mixin.py:188} INFO - [2025-03-20T22:10:04.964+0000] {dagbag.py:538} INFO - Filling up the DagBag from /home/nord/venv/lib/python3.8/site-packages/airflow/example_dags/example_setup_teardown_taskflow.py
[2025-03-20T22:10:04.985+0000] {processor.py:840} INFO - DAG(s) 'example_setup_teardown_taskflow' retrieved from /home/nord/venv/lib/python3.8/site-packages/airflow/example_dags/example_setup_teardown_taskflow.py
[2025-03-20T22:10:05.056+0000] {logging_mixin.py:188} INFO - [2025-03-20T22:10:05.055+0000] {dag.py:3036} INFO - Sync 1 DAGs
[2025-03-20T22:10:05.106+0000] {logging_mixin.py:188} INFO - [2025-03-20T22:10:05.106+0000] {dag.py:3823} INFO - Setting next_dagrun for example_setup_teardown_taskflow to 2025-03-19 00:00:00+00:00, run_after=2025-03-20 00:00:00+00:00
[2025-03-20T22:10:05.154+0000] {processor.py:183} INFO - Processing /home/nord/venv/lib/python3.8/site-packages/airflow/example_dags/example_setup_teardown_taskflow.py took 0.202 seconds
[2025-03-20T22:10:38.312+0000] {processor.py:161} INFO - Started process (PID=7814) to work on /home/nord/venv/lib/python3.8/site-packages/airflow/example_dags/example_setup_teardown_taskflow.py
[2025-03-20T22:10:38.315+0000] {processor.py:830} INFO - Processing file /home/nord/venv/lib/python3.8/site-packages/airflow/example_dags/example_setup_teardown_taskflow.py for tasks to queue
[2025-03-20T22:10:38.317+0000] {logging_mixin.py:188} INFO - [2025-03-20T22:10:38.317+0000] {dagbag.py:538} INFO - Filling up the DagBag from /home/nord/venv/lib/python3.8/site-packages/airflow/example_dags/example_setup_teardown_taskflow.py
[2025-03-20T22:10:38.376+0000] {processor.py:840} INFO - DAG(s) 'example_setup_teardown_taskflow' retrieved from /home/nord/venv/lib/python3.8/site-packages/airflow/example_dags/example_setup_teardown_taskflow.py
[2025-03-20T22:10:38.501+0000] {logging_mixin.py:188} INFO - [2025-03-20T22:10:38.500+0000] {dag.py:3036} INFO - Sync 1 DAGs
[2025-03-20T22:10:38.625+0000] {logging_mixin.py:188} INFO - [2025-03-20T22:10:38.624+0000] {dag.py:3823} INFO - Setting next_dagrun for example_setup_teardown_taskflow to 2025-03-19 00:00:00+00:00, run_after=2025-03-20 00:00:00+00:00
[2025-03-20T22:10:38.762+0000] {processor.py:183} INFO - Processing /home/nord/venv/lib/python3.8/site-packages/airflow/example_dags/example_setup_teardown_taskflow.py took 0.477 seconds
[2025-03-20T22:11:08.955+0000] {processor.py:161} INFO - Started process (PID=8138) to work on /home/nord/venv/lib/python3.8/site-packages/airflow/example_dags/example_setup_teardown_taskflow.py
[2025-03-20T22:11:08.963+0000] {processor.py:830} INFO - Processing file /home/nord/venv/lib/python3.8/site-packages/airflow/example_dags/example_setup_teardown_taskflow.py for tasks to queue
[2025-03-20T22:11:08.965+0000] {logging_mixin.py:188} INFO - [2025-03-20T22:11:08.964+0000] {dagbag.py:538} INFO - Filling up the DagBag from /home/nord/venv/lib/python3.8/site-packages/airflow/example_dags/example_setup_teardown_taskflow.py
[2025-03-20T22:11:08.997+0000] {processor.py:840} INFO - DAG(s) 'example_setup_teardown_taskflow' retrieved from /home/nord/venv/lib/python3.8/site-packages/airflow/example_dags/example_setup_teardown_taskflow.py
[2025-03-20T22:11:09.093+0000] {logging_mixin.py:188} INFO - [2025-03-20T22:11:09.092+0000] {dag.py:3036} INFO - Sync 1 DAGs
[2025-03-20T22:11:09.162+0000] {logging_mixin.py:188} INFO - [2025-03-20T22:11:09.161+0000] {dag.py:3823} INFO - Setting next_dagrun for example_setup_teardown_taskflow to 2025-03-19 00:00:00+00:00, run_after=2025-03-20 00:00:00+00:00
[2025-03-20T22:11:09.200+0000] {processor.py:183} INFO - Processing /home/nord/venv/lib/python3.8/site-packages/airflow/example_dags/example_setup_teardown_taskflow.py took 0.250 seconds
[2025-03-20T22:11:39.814+0000] {processor.py:161} INFO - Started process (PID=8458) to work on /home/nord/venv/lib/python3.8/site-packages/airflow/example_dags/example_setup_teardown_taskflow.py
[2025-03-20T22:11:39.816+0000] {processor.py:830} INFO - Processing file /home/nord/venv/lib/python3.8/site-packages/airflow/example_dags/example_setup_teardown_taskflow.py for tasks to queue
[2025-03-20T22:11:39.817+0000] {logging_mixin.py:188} INFO - [2025-03-20T22:11:39.817+0000] {dagbag.py:538} INFO - Filling up the DagBag from /home/nord/venv/lib/python3.8/site-packages/airflow/example_dags/example_setup_teardown_taskflow.py
[2025-03-20T22:11:39.835+0000] {processor.py:840} INFO - DAG(s) 'example_setup_teardown_taskflow' retrieved from /home/nord/venv/lib/python3.8/site-packages/airflow/example_dags/example_setup_teardown_taskflow.py
[2025-03-20T22:11:39.884+0000] {logging_mixin.py:188} INFO - [2025-03-20T22:11:39.884+0000] {dag.py:3036} INFO - Sync 1 DAGs
[2025-03-20T22:11:39.926+0000] {logging_mixin.py:188} INFO - [2025-03-20T22:11:39.926+0000] {dag.py:3823} INFO - Setting next_dagrun for example_setup_teardown_taskflow to 2025-03-19 00:00:00+00:00, run_after=2025-03-20 00:00:00+00:00
[2025-03-20T22:11:39.963+0000] {processor.py:183} INFO - Processing /home/nord/venv/lib/python3.8/site-packages/airflow/example_dags/example_setup_teardown_taskflow.py took 0.155 seconds
