[2025-03-20T22:02:06.776+0000] {processor.py:161} INFO - Started process (PID=1496) to work on /home/nord/venv/lib/python3.8/site-packages/airflow/example_dags/example_dynamic_task_mapping_with_no_taskflow_operators.py
[2025-03-20T22:02:06.777+0000] {processor.py:830} INFO - Processing file /home/nord/venv/lib/python3.8/site-packages/airflow/example_dags/example_dynamic_task_mapping_with_no_taskflow_operators.py for tasks to queue
[2025-03-20T22:02:06.779+0000] {logging_mixin.py:188} INFO - [2025-03-20T22:02:06.778+0000] {dagbag.py:538} INFO - Filling up the DagBag from /home/nord/venv/lib/python3.8/site-packages/airflow/example_dags/example_dynamic_task_mapping_with_no_taskflow_operators.py
[2025-03-20T22:02:06.790+0000] {processor.py:840} INFO - DAG(s) 'example_dynamic_task_mapping_with_no_taskflow_operators' retrieved from /home/nord/venv/lib/python3.8/site-packages/airflow/example_dags/example_dynamic_task_mapping_with_no_taskflow_operators.py
[2025-03-20T22:02:06.839+0000] {logging_mixin.py:188} INFO - [2025-03-20T22:02:06.839+0000] {dag.py:3036} INFO - Sync 1 DAGs
[2025-03-20T22:02:06.880+0000] {logging_mixin.py:188} INFO - [2025-03-20T22:02:06.880+0000] {dag.py:3823} INFO - Setting next_dagrun for example_dynamic_task_mapping_with_no_taskflow_operators to 2025-03-19 00:00:00+00:00, run_after=2025-03-20 00:00:00+00:00
[2025-03-20T22:02:06.914+0000] {processor.py:183} INFO - Processing /home/nord/venv/lib/python3.8/site-packages/airflow/example_dags/example_dynamic_task_mapping_with_no_taskflow_operators.py took 0.144 seconds
[2025-03-20T22:02:37.099+0000] {processor.py:161} INFO - Started process (PID=1835) to work on /home/nord/venv/lib/python3.8/site-packages/airflow/example_dags/example_dynamic_task_mapping_with_no_taskflow_operators.py
[2025-03-20T22:02:37.101+0000] {processor.py:830} INFO - Processing file /home/nord/venv/lib/python3.8/site-packages/airflow/example_dags/example_dynamic_task_mapping_with_no_taskflow_operators.py for tasks to queue
[2025-03-20T22:02:37.102+0000] {logging_mixin.py:188} INFO - [2025-03-20T22:02:37.102+0000] {dagbag.py:538} INFO - Filling up the DagBag from /home/nord/venv/lib/python3.8/site-packages/airflow/example_dags/example_dynamic_task_mapping_with_no_taskflow_operators.py
[2025-03-20T22:02:37.115+0000] {processor.py:840} INFO - DAG(s) 'example_dynamic_task_mapping_with_no_taskflow_operators' retrieved from /home/nord/venv/lib/python3.8/site-packages/airflow/example_dags/example_dynamic_task_mapping_with_no_taskflow_operators.py
[2025-03-20T22:02:37.171+0000] {logging_mixin.py:188} INFO - [2025-03-20T22:02:37.171+0000] {dag.py:3036} INFO - Sync 1 DAGs
[2025-03-20T22:02:37.215+0000] {logging_mixin.py:188} INFO - [2025-03-20T22:02:37.215+0000] {dag.py:3823} INFO - Setting next_dagrun for example_dynamic_task_mapping_with_no_taskflow_operators to 2025-03-19 00:00:00+00:00, run_after=2025-03-20 00:00:00+00:00
[2025-03-20T22:02:37.251+0000] {processor.py:183} INFO - Processing /home/nord/venv/lib/python3.8/site-packages/airflow/example_dags/example_dynamic_task_mapping_with_no_taskflow_operators.py took 0.157 seconds
[2025-03-20T22:03:12.308+0000] {processor.py:161} INFO - Started process (PID=2460) to work on /home/nord/venv/lib/python3.8/site-packages/airflow/example_dags/example_dynamic_task_mapping_with_no_taskflow_operators.py
[2025-03-20T22:03:12.311+0000] {processor.py:830} INFO - Processing file /home/nord/venv/lib/python3.8/site-packages/airflow/example_dags/example_dynamic_task_mapping_with_no_taskflow_operators.py for tasks to queue
[2025-03-20T22:03:12.312+0000] {logging_mixin.py:188} INFO - [2025-03-20T22:03:12.312+0000] {dagbag.py:538} INFO - Filling up the DagBag from /home/nord/venv/lib/python3.8/site-packages/airflow/example_dags/example_dynamic_task_mapping_with_no_taskflow_operators.py
[2025-03-20T22:03:12.330+0000] {processor.py:840} INFO - DAG(s) 'example_dynamic_task_mapping_with_no_taskflow_operators' retrieved from /home/nord/venv/lib/python3.8/site-packages/airflow/example_dags/example_dynamic_task_mapping_with_no_taskflow_operators.py
[2025-03-20T22:03:12.483+0000] {logging_mixin.py:188} INFO - [2025-03-20T22:03:12.483+0000] {dag.py:3036} INFO - Sync 1 DAGs
[2025-03-20T22:03:12.605+0000] {logging_mixin.py:188} INFO - [2025-03-20T22:03:12.604+0000] {dag.py:3823} INFO - Setting next_dagrun for example_dynamic_task_mapping_with_no_taskflow_operators to 2025-03-19 00:00:00+00:00, run_after=2025-03-20 00:00:00+00:00
[2025-03-20T22:03:12.687+0000] {processor.py:183} INFO - Processing /home/nord/venv/lib/python3.8/site-packages/airflow/example_dags/example_dynamic_task_mapping_with_no_taskflow_operators.py took 0.393 seconds
[2025-03-20T22:03:43.135+0000] {processor.py:161} INFO - Started process (PID=2870) to work on /home/nord/venv/lib/python3.8/site-packages/airflow/example_dags/example_dynamic_task_mapping_with_no_taskflow_operators.py
[2025-03-20T22:03:43.138+0000] {processor.py:830} INFO - Processing file /home/nord/venv/lib/python3.8/site-packages/airflow/example_dags/example_dynamic_task_mapping_with_no_taskflow_operators.py for tasks to queue
[2025-03-20T22:03:43.139+0000] {logging_mixin.py:188} INFO - [2025-03-20T22:03:43.139+0000] {dagbag.py:538} INFO - Filling up the DagBag from /home/nord/venv/lib/python3.8/site-packages/airflow/example_dags/example_dynamic_task_mapping_with_no_taskflow_operators.py
[2025-03-20T22:03:43.155+0000] {processor.py:840} INFO - DAG(s) 'example_dynamic_task_mapping_with_no_taskflow_operators' retrieved from /home/nord/venv/lib/python3.8/site-packages/airflow/example_dags/example_dynamic_task_mapping_with_no_taskflow_operators.py
[2025-03-20T22:03:43.231+0000] {logging_mixin.py:188} INFO - [2025-03-20T22:03:43.230+0000] {dag.py:3036} INFO - Sync 1 DAGs
[2025-03-20T22:03:43.303+0000] {logging_mixin.py:188} INFO - [2025-03-20T22:03:43.302+0000] {dag.py:3823} INFO - Setting next_dagrun for example_dynamic_task_mapping_with_no_taskflow_operators to 2025-03-19 00:00:00+00:00, run_after=2025-03-20 00:00:00+00:00
[2025-03-20T22:03:43.354+0000] {processor.py:183} INFO - Processing /home/nord/venv/lib/python3.8/site-packages/airflow/example_dags/example_dynamic_task_mapping_with_no_taskflow_operators.py took 0.225 seconds
[2025-03-20T22:04:14.916+0000] {processor.py:161} INFO - Started process (PID=3217) to work on /home/nord/venv/lib/python3.8/site-packages/airflow/example_dags/example_dynamic_task_mapping_with_no_taskflow_operators.py
[2025-03-20T22:04:14.917+0000] {processor.py:830} INFO - Processing file /home/nord/venv/lib/python3.8/site-packages/airflow/example_dags/example_dynamic_task_mapping_with_no_taskflow_operators.py for tasks to queue
[2025-03-20T22:04:14.919+0000] {logging_mixin.py:188} INFO - [2025-03-20T22:04:14.918+0000] {dagbag.py:538} INFO - Filling up the DagBag from /home/nord/venv/lib/python3.8/site-packages/airflow/example_dags/example_dynamic_task_mapping_with_no_taskflow_operators.py
[2025-03-20T22:04:14.932+0000] {processor.py:840} INFO - DAG(s) 'example_dynamic_task_mapping_with_no_taskflow_operators' retrieved from /home/nord/venv/lib/python3.8/site-packages/airflow/example_dags/example_dynamic_task_mapping_with_no_taskflow_operators.py
[2025-03-20T22:04:14.991+0000] {logging_mixin.py:188} INFO - [2025-03-20T22:04:14.990+0000] {dag.py:3036} INFO - Sync 1 DAGs
[2025-03-20T22:04:15.056+0000] {logging_mixin.py:188} INFO - [2025-03-20T22:04:15.056+0000] {dag.py:3823} INFO - Setting next_dagrun for example_dynamic_task_mapping_with_no_taskflow_operators to 2025-03-19 00:00:00+00:00, run_after=2025-03-20 00:00:00+00:00
[2025-03-20T22:04:15.127+0000] {processor.py:183} INFO - Processing /home/nord/venv/lib/python3.8/site-packages/airflow/example_dags/example_dynamic_task_mapping_with_no_taskflow_operators.py took 0.220 seconds
[2025-03-20T22:04:46.109+0000] {processor.py:161} INFO - Started process (PID=3540) to work on /home/nord/venv/lib/python3.8/site-packages/airflow/example_dags/example_dynamic_task_mapping_with_no_taskflow_operators.py
[2025-03-20T22:04:46.134+0000] {processor.py:830} INFO - Processing file /home/nord/venv/lib/python3.8/site-packages/airflow/example_dags/example_dynamic_task_mapping_with_no_taskflow_operators.py for tasks to queue
[2025-03-20T22:04:46.135+0000] {logging_mixin.py:188} INFO - [2025-03-20T22:04:46.135+0000] {dagbag.py:538} INFO - Filling up the DagBag from /home/nord/venv/lib/python3.8/site-packages/airflow/example_dags/example_dynamic_task_mapping_with_no_taskflow_operators.py
[2025-03-20T22:04:46.169+0000] {processor.py:840} INFO - DAG(s) 'example_dynamic_task_mapping_with_no_taskflow_operators' retrieved from /home/nord/venv/lib/python3.8/site-packages/airflow/example_dags/example_dynamic_task_mapping_with_no_taskflow_operators.py
[2025-03-20T22:04:46.226+0000] {logging_mixin.py:188} INFO - [2025-03-20T22:04:46.225+0000] {dag.py:3036} INFO - Sync 1 DAGs
[2025-03-20T22:04:46.279+0000] {logging_mixin.py:188} INFO - [2025-03-20T22:04:46.278+0000] {dag.py:3823} INFO - Setting next_dagrun for example_dynamic_task_mapping_with_no_taskflow_operators to 2025-03-19 00:00:00+00:00, run_after=2025-03-20 00:00:00+00:00
[2025-03-20T22:04:46.321+0000] {processor.py:183} INFO - Processing /home/nord/venv/lib/python3.8/site-packages/airflow/example_dags/example_dynamic_task_mapping_with_no_taskflow_operators.py took 0.220 seconds
[2025-03-20T22:05:17.449+0000] {processor.py:161} INFO - Started process (PID=3864) to work on /home/nord/venv/lib/python3.8/site-packages/airflow/example_dags/example_dynamic_task_mapping_with_no_taskflow_operators.py
[2025-03-20T22:05:17.452+0000] {processor.py:830} INFO - Processing file /home/nord/venv/lib/python3.8/site-packages/airflow/example_dags/example_dynamic_task_mapping_with_no_taskflow_operators.py for tasks to queue
[2025-03-20T22:05:17.454+0000] {logging_mixin.py:188} INFO - [2025-03-20T22:05:17.454+0000] {dagbag.py:538} INFO - Filling up the DagBag from /home/nord/venv/lib/python3.8/site-packages/airflow/example_dags/example_dynamic_task_mapping_with_no_taskflow_operators.py
[2025-03-20T22:05:17.465+0000] {processor.py:840} INFO - DAG(s) 'example_dynamic_task_mapping_with_no_taskflow_operators' retrieved from /home/nord/venv/lib/python3.8/site-packages/airflow/example_dags/example_dynamic_task_mapping_with_no_taskflow_operators.py
[2025-03-20T22:05:17.520+0000] {logging_mixin.py:188} INFO - [2025-03-20T22:05:17.519+0000] {dag.py:3036} INFO - Sync 1 DAGs
[2025-03-20T22:05:17.565+0000] {logging_mixin.py:188} INFO - [2025-03-20T22:05:17.565+0000] {dag.py:3823} INFO - Setting next_dagrun for example_dynamic_task_mapping_with_no_taskflow_operators to 2025-03-19 00:00:00+00:00, run_after=2025-03-20 00:00:00+00:00
[2025-03-20T22:05:17.607+0000] {processor.py:183} INFO - Processing /home/nord/venv/lib/python3.8/site-packages/airflow/example_dags/example_dynamic_task_mapping_with_no_taskflow_operators.py took 0.165 seconds
[2025-03-20T22:05:53.090+0000] {processor.py:161} INFO - Started process (PID=4462) to work on /home/nord/venv/lib/python3.8/site-packages/airflow/example_dags/example_dynamic_task_mapping_with_no_taskflow_operators.py
[2025-03-20T22:05:53.101+0000] {processor.py:830} INFO - Processing file /home/nord/venv/lib/python3.8/site-packages/airflow/example_dags/example_dynamic_task_mapping_with_no_taskflow_operators.py for tasks to queue
[2025-03-20T22:05:53.103+0000] {logging_mixin.py:188} INFO - [2025-03-20T22:05:53.102+0000] {dagbag.py:538} INFO - Filling up the DagBag from /home/nord/venv/lib/python3.8/site-packages/airflow/example_dags/example_dynamic_task_mapping_with_no_taskflow_operators.py
[2025-03-20T22:05:53.115+0000] {processor.py:840} INFO - DAG(s) 'example_dynamic_task_mapping_with_no_taskflow_operators' retrieved from /home/nord/venv/lib/python3.8/site-packages/airflow/example_dags/example_dynamic_task_mapping_with_no_taskflow_operators.py
[2025-03-20T22:05:53.167+0000] {logging_mixin.py:188} INFO - [2025-03-20T22:05:53.166+0000] {dag.py:3036} INFO - Sync 1 DAGs
[2025-03-20T22:05:53.211+0000] {logging_mixin.py:188} INFO - [2025-03-20T22:05:53.210+0000] {dag.py:3823} INFO - Setting next_dagrun for example_dynamic_task_mapping_with_no_taskflow_operators to 2025-03-19 00:00:00+00:00, run_after=2025-03-20 00:00:00+00:00
[2025-03-20T22:05:53.257+0000] {processor.py:183} INFO - Processing /home/nord/venv/lib/python3.8/site-packages/airflow/example_dags/example_dynamic_task_mapping_with_no_taskflow_operators.py took 0.172 seconds
[2025-03-20T22:06:23.679+0000] {processor.py:161} INFO - Started process (PID=4783) to work on /home/nord/venv/lib/python3.8/site-packages/airflow/example_dags/example_dynamic_task_mapping_with_no_taskflow_operators.py
[2025-03-20T22:06:23.680+0000] {processor.py:830} INFO - Processing file /home/nord/venv/lib/python3.8/site-packages/airflow/example_dags/example_dynamic_task_mapping_with_no_taskflow_operators.py for tasks to queue
[2025-03-20T22:06:23.683+0000] {logging_mixin.py:188} INFO - [2025-03-20T22:06:23.681+0000] {dagbag.py:538} INFO - Filling up the DagBag from /home/nord/venv/lib/python3.8/site-packages/airflow/example_dags/example_dynamic_task_mapping_with_no_taskflow_operators.py
[2025-03-20T22:06:23.693+0000] {processor.py:840} INFO - DAG(s) 'example_dynamic_task_mapping_with_no_taskflow_operators' retrieved from /home/nord/venv/lib/python3.8/site-packages/airflow/example_dags/example_dynamic_task_mapping_with_no_taskflow_operators.py
[2025-03-20T22:06:23.741+0000] {logging_mixin.py:188} INFO - [2025-03-20T22:06:23.741+0000] {dag.py:3036} INFO - Sync 1 DAGs
[2025-03-20T22:06:23.784+0000] {logging_mixin.py:188} INFO - [2025-03-20T22:06:23.783+0000] {dag.py:3823} INFO - Setting next_dagrun for example_dynamic_task_mapping_with_no_taskflow_operators to 2025-03-19 00:00:00+00:00, run_after=2025-03-20 00:00:00+00:00
[2025-03-20T22:06:23.824+0000] {processor.py:183} INFO - Processing /home/nord/venv/lib/python3.8/site-packages/airflow/example_dags/example_dynamic_task_mapping_with_no_taskflow_operators.py took 0.151 seconds
[2025-03-20T22:06:54.329+0000] {processor.py:161} INFO - Started process (PID=5108) to work on /home/nord/venv/lib/python3.8/site-packages/airflow/example_dags/example_dynamic_task_mapping_with_no_taskflow_operators.py
[2025-03-20T22:06:54.331+0000] {processor.py:830} INFO - Processing file /home/nord/venv/lib/python3.8/site-packages/airflow/example_dags/example_dynamic_task_mapping_with_no_taskflow_operators.py for tasks to queue
[2025-03-20T22:06:54.333+0000] {logging_mixin.py:188} INFO - [2025-03-20T22:06:54.332+0000] {dagbag.py:538} INFO - Filling up the DagBag from /home/nord/venv/lib/python3.8/site-packages/airflow/example_dags/example_dynamic_task_mapping_with_no_taskflow_operators.py
[2025-03-20T22:06:54.353+0000] {processor.py:840} INFO - DAG(s) 'example_dynamic_task_mapping_with_no_taskflow_operators' retrieved from /home/nord/venv/lib/python3.8/site-packages/airflow/example_dags/example_dynamic_task_mapping_with_no_taskflow_operators.py
[2025-03-20T22:06:54.408+0000] {logging_mixin.py:188} INFO - [2025-03-20T22:06:54.408+0000] {dag.py:3036} INFO - Sync 1 DAGs
[2025-03-20T22:06:54.461+0000] {logging_mixin.py:188} INFO - [2025-03-20T22:06:54.460+0000] {dag.py:3823} INFO - Setting next_dagrun for example_dynamic_task_mapping_with_no_taskflow_operators to 2025-03-19 00:00:00+00:00, run_after=2025-03-20 00:00:00+00:00
[2025-03-20T22:06:54.498+0000] {processor.py:183} INFO - Processing /home/nord/venv/lib/python3.8/site-packages/airflow/example_dags/example_dynamic_task_mapping_with_no_taskflow_operators.py took 0.175 seconds
[2025-03-20T22:07:25.848+0000] {processor.py:161} INFO - Started process (PID=5569) to work on /home/nord/venv/lib/python3.8/site-packages/airflow/example_dags/example_dynamic_task_mapping_with_no_taskflow_operators.py
[2025-03-20T22:07:25.850+0000] {processor.py:830} INFO - Processing file /home/nord/venv/lib/python3.8/site-packages/airflow/example_dags/example_dynamic_task_mapping_with_no_taskflow_operators.py for tasks to queue
[2025-03-20T22:07:25.851+0000] {logging_mixin.py:188} INFO - [2025-03-20T22:07:25.851+0000] {dagbag.py:538} INFO - Filling up the DagBag from /home/nord/venv/lib/python3.8/site-packages/airflow/example_dags/example_dynamic_task_mapping_with_no_taskflow_operators.py
[2025-03-20T22:07:25.866+0000] {processor.py:840} INFO - DAG(s) 'example_dynamic_task_mapping_with_no_taskflow_operators' retrieved from /home/nord/venv/lib/python3.8/site-packages/airflow/example_dags/example_dynamic_task_mapping_with_no_taskflow_operators.py
[2025-03-20T22:07:25.924+0000] {logging_mixin.py:188} INFO - [2025-03-20T22:07:25.923+0000] {dag.py:3036} INFO - Sync 1 DAGs
[2025-03-20T22:07:25.966+0000] {logging_mixin.py:188} INFO - [2025-03-20T22:07:25.966+0000] {dag.py:3823} INFO - Setting next_dagrun for example_dynamic_task_mapping_with_no_taskflow_operators to 2025-03-19 00:00:00+00:00, run_after=2025-03-20 00:00:00+00:00
[2025-03-20T22:07:26.008+0000] {processor.py:183} INFO - Processing /home/nord/venv/lib/python3.8/site-packages/airflow/example_dags/example_dynamic_task_mapping_with_no_taskflow_operators.py took 0.169 seconds
[2025-03-20T22:07:56.670+0000] {processor.py:161} INFO - Started process (PID=5913) to work on /home/nord/venv/lib/python3.8/site-packages/airflow/example_dags/example_dynamic_task_mapping_with_no_taskflow_operators.py
[2025-03-20T22:07:56.672+0000] {processor.py:830} INFO - Processing file /home/nord/venv/lib/python3.8/site-packages/airflow/example_dags/example_dynamic_task_mapping_with_no_taskflow_operators.py for tasks to queue
[2025-03-20T22:07:56.673+0000] {logging_mixin.py:188} INFO - [2025-03-20T22:07:56.672+0000] {dagbag.py:538} INFO - Filling up the DagBag from /home/nord/venv/lib/python3.8/site-packages/airflow/example_dags/example_dynamic_task_mapping_with_no_taskflow_operators.py
[2025-03-20T22:07:56.685+0000] {processor.py:840} INFO - DAG(s) 'example_dynamic_task_mapping_with_no_taskflow_operators' retrieved from /home/nord/venv/lib/python3.8/site-packages/airflow/example_dags/example_dynamic_task_mapping_with_no_taskflow_operators.py
[2025-03-20T22:07:56.738+0000] {logging_mixin.py:188} INFO - [2025-03-20T22:07:56.738+0000] {dag.py:3036} INFO - Sync 1 DAGs
[2025-03-20T22:07:56.776+0000] {logging_mixin.py:188} INFO - [2025-03-20T22:07:56.776+0000] {dag.py:3823} INFO - Setting next_dagrun for example_dynamic_task_mapping_with_no_taskflow_operators to 2025-03-19 00:00:00+00:00, run_after=2025-03-20 00:00:00+00:00
[2025-03-20T22:07:56.814+0000] {processor.py:183} INFO - Processing /home/nord/venv/lib/python3.8/site-packages/airflow/example_dags/example_dynamic_task_mapping_with_no_taskflow_operators.py took 0.149 seconds
[2025-03-20T22:08:28.425+0000] {processor.py:161} INFO - Started process (PID=6242) to work on /home/nord/venv/lib/python3.8/site-packages/airflow/example_dags/example_dynamic_task_mapping_with_no_taskflow_operators.py
[2025-03-20T22:08:28.427+0000] {processor.py:830} INFO - Processing file /home/nord/venv/lib/python3.8/site-packages/airflow/example_dags/example_dynamic_task_mapping_with_no_taskflow_operators.py for tasks to queue
[2025-03-20T22:08:28.429+0000] {logging_mixin.py:188} INFO - [2025-03-20T22:08:28.428+0000] {dagbag.py:538} INFO - Filling up the DagBag from /home/nord/venv/lib/python3.8/site-packages/airflow/example_dags/example_dynamic_task_mapping_with_no_taskflow_operators.py
[2025-03-20T22:08:28.440+0000] {processor.py:840} INFO - DAG(s) 'example_dynamic_task_mapping_with_no_taskflow_operators' retrieved from /home/nord/venv/lib/python3.8/site-packages/airflow/example_dags/example_dynamic_task_mapping_with_no_taskflow_operators.py
[2025-03-20T22:08:28.485+0000] {logging_mixin.py:188} INFO - [2025-03-20T22:08:28.484+0000] {dag.py:3036} INFO - Sync 1 DAGs
[2025-03-20T22:08:28.525+0000] {logging_mixin.py:188} INFO - [2025-03-20T22:08:28.525+0000] {dag.py:3823} INFO - Setting next_dagrun for example_dynamic_task_mapping_with_no_taskflow_operators to 2025-03-19 00:00:00+00:00, run_after=2025-03-20 00:00:00+00:00
[2025-03-20T22:08:28.569+0000] {processor.py:183} INFO - Processing /home/nord/venv/lib/python3.8/site-packages/airflow/example_dags/example_dynamic_task_mapping_with_no_taskflow_operators.py took 0.149 seconds
[2025-03-20T22:08:59.905+0000] {processor.py:161} INFO - Started process (PID=6595) to work on /home/nord/venv/lib/python3.8/site-packages/airflow/example_dags/example_dynamic_task_mapping_with_no_taskflow_operators.py
[2025-03-20T22:08:59.907+0000] {processor.py:830} INFO - Processing file /home/nord/venv/lib/python3.8/site-packages/airflow/example_dags/example_dynamic_task_mapping_with_no_taskflow_operators.py for tasks to queue
[2025-03-20T22:08:59.909+0000] {logging_mixin.py:188} INFO - [2025-03-20T22:08:59.908+0000] {dagbag.py:538} INFO - Filling up the DagBag from /home/nord/venv/lib/python3.8/site-packages/airflow/example_dags/example_dynamic_task_mapping_with_no_taskflow_operators.py
[2025-03-20T22:08:59.921+0000] {processor.py:840} INFO - DAG(s) 'example_dynamic_task_mapping_with_no_taskflow_operators' retrieved from /home/nord/venv/lib/python3.8/site-packages/airflow/example_dags/example_dynamic_task_mapping_with_no_taskflow_operators.py
[2025-03-20T22:08:59.990+0000] {logging_mixin.py:188} INFO - [2025-03-20T22:08:59.989+0000] {dag.py:3036} INFO - Sync 1 DAGs
[2025-03-20T22:09:00.079+0000] {logging_mixin.py:188} INFO - [2025-03-20T22:09:00.078+0000] {dag.py:3823} INFO - Setting next_dagrun for example_dynamic_task_mapping_with_no_taskflow_operators to 2025-03-19 00:00:00+00:00, run_after=2025-03-20 00:00:00+00:00
[2025-03-20T22:09:00.117+0000] {processor.py:183} INFO - Processing /home/nord/venv/lib/python3.8/site-packages/airflow/example_dags/example_dynamic_task_mapping_with_no_taskflow_operators.py took 0.229 seconds
[2025-03-20T22:09:31.561+0000] {processor.py:161} INFO - Started process (PID=7006) to work on /home/nord/venv/lib/python3.8/site-packages/airflow/example_dags/example_dynamic_task_mapping_with_no_taskflow_operators.py
[2025-03-20T22:09:31.564+0000] {processor.py:830} INFO - Processing file /home/nord/venv/lib/python3.8/site-packages/airflow/example_dags/example_dynamic_task_mapping_with_no_taskflow_operators.py for tasks to queue
[2025-03-20T22:09:31.565+0000] {logging_mixin.py:188} INFO - [2025-03-20T22:09:31.564+0000] {dagbag.py:538} INFO - Filling up the DagBag from /home/nord/venv/lib/python3.8/site-packages/airflow/example_dags/example_dynamic_task_mapping_with_no_taskflow_operators.py
[2025-03-20T22:09:31.579+0000] {processor.py:840} INFO - DAG(s) 'example_dynamic_task_mapping_with_no_taskflow_operators' retrieved from /home/nord/venv/lib/python3.8/site-packages/airflow/example_dags/example_dynamic_task_mapping_with_no_taskflow_operators.py
[2025-03-20T22:09:31.631+0000] {logging_mixin.py:188} INFO - [2025-03-20T22:09:31.630+0000] {dag.py:3036} INFO - Sync 1 DAGs
[2025-03-20T22:09:31.682+0000] {logging_mixin.py:188} INFO - [2025-03-20T22:09:31.681+0000] {dag.py:3823} INFO - Setting next_dagrun for example_dynamic_task_mapping_with_no_taskflow_operators to 2025-03-19 00:00:00+00:00, run_after=2025-03-20 00:00:00+00:00
[2025-03-20T22:09:31.725+0000] {processor.py:183} INFO - Processing /home/nord/venv/lib/python3.8/site-packages/airflow/example_dags/example_dynamic_task_mapping_with_no_taskflow_operators.py took 0.171 seconds
[2025-03-20T22:10:02.702+0000] {processor.py:161} INFO - Started process (PID=7379) to work on /home/nord/venv/lib/python3.8/site-packages/airflow/example_dags/example_dynamic_task_mapping_with_no_taskflow_operators.py
[2025-03-20T22:10:02.704+0000] {processor.py:830} INFO - Processing file /home/nord/venv/lib/python3.8/site-packages/airflow/example_dags/example_dynamic_task_mapping_with_no_taskflow_operators.py for tasks to queue
[2025-03-20T22:10:02.706+0000] {logging_mixin.py:188} INFO - [2025-03-20T22:10:02.706+0000] {dagbag.py:538} INFO - Filling up the DagBag from /home/nord/venv/lib/python3.8/site-packages/airflow/example_dags/example_dynamic_task_mapping_with_no_taskflow_operators.py
[2025-03-20T22:10:02.717+0000] {processor.py:840} INFO - DAG(s) 'example_dynamic_task_mapping_with_no_taskflow_operators' retrieved from /home/nord/venv/lib/python3.8/site-packages/airflow/example_dags/example_dynamic_task_mapping_with_no_taskflow_operators.py
[2025-03-20T22:10:02.766+0000] {logging_mixin.py:188} INFO - [2025-03-20T22:10:02.766+0000] {dag.py:3036} INFO - Sync 1 DAGs
[2025-03-20T22:10:02.809+0000] {logging_mixin.py:188} INFO - [2025-03-20T22:10:02.808+0000] {dag.py:3823} INFO - Setting next_dagrun for example_dynamic_task_mapping_with_no_taskflow_operators to 2025-03-19 00:00:00+00:00, run_after=2025-03-20 00:00:00+00:00
[2025-03-20T22:10:02.847+0000] {processor.py:183} INFO - Processing /home/nord/venv/lib/python3.8/site-packages/airflow/example_dags/example_dynamic_task_mapping_with_no_taskflow_operators.py took 0.151 seconds
[2025-03-20T22:10:33.624+0000] {processor.py:161} INFO - Started process (PID=7708) to work on /home/nord/venv/lib/python3.8/site-packages/airflow/example_dags/example_dynamic_task_mapping_with_no_taskflow_operators.py
[2025-03-20T22:10:33.627+0000] {processor.py:830} INFO - Processing file /home/nord/venv/lib/python3.8/site-packages/airflow/example_dags/example_dynamic_task_mapping_with_no_taskflow_operators.py for tasks to queue
[2025-03-20T22:10:33.639+0000] {logging_mixin.py:188} INFO - [2025-03-20T22:10:33.639+0000] {dagbag.py:538} INFO - Filling up the DagBag from /home/nord/venv/lib/python3.8/site-packages/airflow/example_dags/example_dynamic_task_mapping_with_no_taskflow_operators.py
[2025-03-20T22:10:33.672+0000] {processor.py:840} INFO - DAG(s) 'example_dynamic_task_mapping_with_no_taskflow_operators' retrieved from /home/nord/venv/lib/python3.8/site-packages/airflow/example_dags/example_dynamic_task_mapping_with_no_taskflow_operators.py
[2025-03-20T22:10:33.809+0000] {logging_mixin.py:188} INFO - [2025-03-20T22:10:33.808+0000] {dag.py:3036} INFO - Sync 1 DAGs
[2025-03-20T22:10:33.924+0000] {logging_mixin.py:188} INFO - [2025-03-20T22:10:33.923+0000] {dag.py:3823} INFO - Setting next_dagrun for example_dynamic_task_mapping_with_no_taskflow_operators to 2025-03-19 00:00:00+00:00, run_after=2025-03-20 00:00:00+00:00
[2025-03-20T22:10:33.998+0000] {processor.py:183} INFO - Processing /home/nord/venv/lib/python3.8/site-packages/airflow/example_dags/example_dynamic_task_mapping_with_no_taskflow_operators.py took 0.402 seconds
[2025-03-20T22:11:05.074+0000] {processor.py:161} INFO - Started process (PID=8025) to work on /home/nord/venv/lib/python3.8/site-packages/airflow/example_dags/example_dynamic_task_mapping_with_no_taskflow_operators.py
[2025-03-20T22:11:05.090+0000] {processor.py:830} INFO - Processing file /home/nord/venv/lib/python3.8/site-packages/airflow/example_dags/example_dynamic_task_mapping_with_no_taskflow_operators.py for tasks to queue
[2025-03-20T22:11:05.092+0000] {logging_mixin.py:188} INFO - [2025-03-20T22:11:05.091+0000] {dagbag.py:538} INFO - Filling up the DagBag from /home/nord/venv/lib/python3.8/site-packages/airflow/example_dags/example_dynamic_task_mapping_with_no_taskflow_operators.py
[2025-03-20T22:11:05.108+0000] {processor.py:840} INFO - DAG(s) 'example_dynamic_task_mapping_with_no_taskflow_operators' retrieved from /home/nord/venv/lib/python3.8/site-packages/airflow/example_dags/example_dynamic_task_mapping_with_no_taskflow_operators.py
[2025-03-20T22:11:05.165+0000] {logging_mixin.py:188} INFO - [2025-03-20T22:11:05.165+0000] {dag.py:3036} INFO - Sync 1 DAGs
[2025-03-20T22:11:05.224+0000] {logging_mixin.py:188} INFO - [2025-03-20T22:11:05.224+0000] {dag.py:3823} INFO - Setting next_dagrun for example_dynamic_task_mapping_with_no_taskflow_operators to 2025-03-19 00:00:00+00:00, run_after=2025-03-20 00:00:00+00:00
[2025-03-20T22:11:05.274+0000] {processor.py:183} INFO - Processing /home/nord/venv/lib/python3.8/site-packages/airflow/example_dags/example_dynamic_task_mapping_with_no_taskflow_operators.py took 0.215 seconds
[2025-03-20T22:11:35.666+0000] {processor.py:161} INFO - Started process (PID=8348) to work on /home/nord/venv/lib/python3.8/site-packages/airflow/example_dags/example_dynamic_task_mapping_with_no_taskflow_operators.py
[2025-03-20T22:11:35.672+0000] {processor.py:830} INFO - Processing file /home/nord/venv/lib/python3.8/site-packages/airflow/example_dags/example_dynamic_task_mapping_with_no_taskflow_operators.py for tasks to queue
[2025-03-20T22:11:35.677+0000] {logging_mixin.py:188} INFO - [2025-03-20T22:11:35.674+0000] {dagbag.py:538} INFO - Filling up the DagBag from /home/nord/venv/lib/python3.8/site-packages/airflow/example_dags/example_dynamic_task_mapping_with_no_taskflow_operators.py
[2025-03-20T22:11:35.708+0000] {processor.py:840} INFO - DAG(s) 'example_dynamic_task_mapping_with_no_taskflow_operators' retrieved from /home/nord/venv/lib/python3.8/site-packages/airflow/example_dags/example_dynamic_task_mapping_with_no_taskflow_operators.py
[2025-03-20T22:11:35.761+0000] {logging_mixin.py:188} INFO - [2025-03-20T22:11:35.761+0000] {dag.py:3036} INFO - Sync 1 DAGs
[2025-03-20T22:11:35.805+0000] {logging_mixin.py:188} INFO - [2025-03-20T22:11:35.805+0000] {dag.py:3823} INFO - Setting next_dagrun for example_dynamic_task_mapping_with_no_taskflow_operators to 2025-03-19 00:00:00+00:00, run_after=2025-03-20 00:00:00+00:00
[2025-03-20T22:11:35.845+0000] {processor.py:183} INFO - Processing /home/nord/venv/lib/python3.8/site-packages/airflow/example_dags/example_dynamic_task_mapping_with_no_taskflow_operators.py took 0.199 seconds
