[2025-03-20T22:02:05.943+0000] {processor.py:161} INFO - Started process (PID=1466) to work on /home/nord/venv/lib/python3.8/site-packages/airflow/example_dags/example_external_task_marker_dag.py
[2025-03-20T22:02:05.945+0000] {processor.py:830} INFO - Processing file /home/nord/venv/lib/python3.8/site-packages/airflow/example_dags/example_external_task_marker_dag.py for tasks to queue
[2025-03-20T22:02:05.947+0000] {logging_mixin.py:188} INFO - [2025-03-20T22:02:05.946+0000] {dagbag.py:538} INFO - Filling up the DagBag from /home/nord/venv/lib/python3.8/site-packages/airflow/example_dags/example_external_task_marker_dag.py
[2025-03-20T22:02:05.960+0000] {processor.py:840} INFO - DAG(s) 'example_external_task_marker_parent', 'example_external_task_marker_child' retrieved from /home/nord/venv/lib/python3.8/site-packages/airflow/example_dags/example_external_task_marker_dag.py
[2025-03-20T22:02:06.025+0000] {logging_mixin.py:188} INFO - [2025-03-20T22:02:06.025+0000] {dag.py:3036} INFO - Sync 2 DAGs
[2025-03-20T22:02:06.058+0000] {logging_mixin.py:188} INFO - [2025-03-20T22:02:06.057+0000] {dag.py:3823} INFO - Setting next_dagrun for example_external_task_marker_child to None, run_after=None
[2025-03-20T22:02:06.064+0000] {logging_mixin.py:188} INFO - [2025-03-20T22:02:06.063+0000] {dag.py:3823} INFO - Setting next_dagrun for example_external_task_marker_parent to None, run_after=None
[2025-03-20T22:02:06.101+0000] {processor.py:183} INFO - Processing /home/nord/venv/lib/python3.8/site-packages/airflow/example_dags/example_external_task_marker_dag.py took 0.165 seconds
[2025-03-20T22:02:36.509+0000] {processor.py:161} INFO - Started process (PID=1805) to work on /home/nord/venv/lib/python3.8/site-packages/airflow/example_dags/example_external_task_marker_dag.py
[2025-03-20T22:02:36.512+0000] {processor.py:830} INFO - Processing file /home/nord/venv/lib/python3.8/site-packages/airflow/example_dags/example_external_task_marker_dag.py for tasks to queue
[2025-03-20T22:02:36.514+0000] {logging_mixin.py:188} INFO - [2025-03-20T22:02:36.513+0000] {dagbag.py:538} INFO - Filling up the DagBag from /home/nord/venv/lib/python3.8/site-packages/airflow/example_dags/example_external_task_marker_dag.py
[2025-03-20T22:02:36.533+0000] {processor.py:840} INFO - DAG(s) 'example_external_task_marker_parent', 'example_external_task_marker_child' retrieved from /home/nord/venv/lib/python3.8/site-packages/airflow/example_dags/example_external_task_marker_dag.py
[2025-03-20T22:02:36.605+0000] {logging_mixin.py:188} INFO - [2025-03-20T22:02:36.604+0000] {dag.py:3036} INFO - Sync 2 DAGs
[2025-03-20T22:02:36.630+0000] {logging_mixin.py:188} INFO - [2025-03-20T22:02:36.630+0000] {dag.py:3823} INFO - Setting next_dagrun for example_external_task_marker_child to None, run_after=None
[2025-03-20T22:02:36.640+0000] {logging_mixin.py:188} INFO - [2025-03-20T22:02:36.640+0000] {dag.py:3823} INFO - Setting next_dagrun for example_external_task_marker_parent to None, run_after=None
[2025-03-20T22:02:36.675+0000] {processor.py:183} INFO - Processing /home/nord/venv/lib/python3.8/site-packages/airflow/example_dags/example_external_task_marker_dag.py took 0.174 seconds
[2025-03-20T22:03:11.178+0000] {processor.py:161} INFO - Started process (PID=2428) to work on /home/nord/venv/lib/python3.8/site-packages/airflow/example_dags/example_external_task_marker_dag.py
[2025-03-20T22:03:11.183+0000] {processor.py:830} INFO - Processing file /home/nord/venv/lib/python3.8/site-packages/airflow/example_dags/example_external_task_marker_dag.py for tasks to queue
[2025-03-20T22:03:11.184+0000] {logging_mixin.py:188} INFO - [2025-03-20T22:03:11.184+0000] {dagbag.py:538} INFO - Filling up the DagBag from /home/nord/venv/lib/python3.8/site-packages/airflow/example_dags/example_external_task_marker_dag.py
[2025-03-20T22:03:11.202+0000] {processor.py:840} INFO - DAG(s) 'example_external_task_marker_child', 'example_external_task_marker_parent' retrieved from /home/nord/venv/lib/python3.8/site-packages/airflow/example_dags/example_external_task_marker_dag.py
[2025-03-20T22:03:11.317+0000] {logging_mixin.py:188} INFO - [2025-03-20T22:03:11.317+0000] {dag.py:3036} INFO - Sync 2 DAGs
[2025-03-20T22:03:11.392+0000] {logging_mixin.py:188} INFO - [2025-03-20T22:03:11.391+0000] {dag.py:3823} INFO - Setting next_dagrun for example_external_task_marker_child to None, run_after=None
[2025-03-20T22:03:11.402+0000] {logging_mixin.py:188} INFO - [2025-03-20T22:03:11.401+0000] {dag.py:3823} INFO - Setting next_dagrun for example_external_task_marker_parent to None, run_after=None
[2025-03-20T22:03:11.467+0000] {processor.py:183} INFO - Processing /home/nord/venv/lib/python3.8/site-packages/airflow/example_dags/example_external_task_marker_dag.py took 0.302 seconds
[2025-03-20T22:03:41.764+0000] {processor.py:161} INFO - Started process (PID=2840) to work on /home/nord/venv/lib/python3.8/site-packages/airflow/example_dags/example_external_task_marker_dag.py
[2025-03-20T22:03:41.766+0000] {processor.py:830} INFO - Processing file /home/nord/venv/lib/python3.8/site-packages/airflow/example_dags/example_external_task_marker_dag.py for tasks to queue
[2025-03-20T22:03:41.772+0000] {logging_mixin.py:188} INFO - [2025-03-20T22:03:41.771+0000] {dagbag.py:538} INFO - Filling up the DagBag from /home/nord/venv/lib/python3.8/site-packages/airflow/example_dags/example_external_task_marker_dag.py
[2025-03-20T22:03:41.797+0000] {processor.py:840} INFO - DAG(s) 'example_external_task_marker_child', 'example_external_task_marker_parent' retrieved from /home/nord/venv/lib/python3.8/site-packages/airflow/example_dags/example_external_task_marker_dag.py
[2025-03-20T22:03:41.922+0000] {logging_mixin.py:188} INFO - [2025-03-20T22:03:41.922+0000] {dag.py:3036} INFO - Sync 2 DAGs
[2025-03-20T22:03:41.986+0000] {logging_mixin.py:188} INFO - [2025-03-20T22:03:41.986+0000] {dag.py:3823} INFO - Setting next_dagrun for example_external_task_marker_child to None, run_after=None
[2025-03-20T22:03:42.005+0000] {logging_mixin.py:188} INFO - [2025-03-20T22:03:42.004+0000] {dag.py:3823} INFO - Setting next_dagrun for example_external_task_marker_parent to None, run_after=None
[2025-03-20T22:03:42.113+0000] {processor.py:183} INFO - Processing /home/nord/venv/lib/python3.8/site-packages/airflow/example_dags/example_external_task_marker_dag.py took 0.359 seconds
[2025-03-20T22:04:13.906+0000] {processor.py:161} INFO - Started process (PID=3187) to work on /home/nord/venv/lib/python3.8/site-packages/airflow/example_dags/example_external_task_marker_dag.py
[2025-03-20T22:04:13.908+0000] {processor.py:830} INFO - Processing file /home/nord/venv/lib/python3.8/site-packages/airflow/example_dags/example_external_task_marker_dag.py for tasks to queue
[2025-03-20T22:04:13.914+0000] {logging_mixin.py:188} INFO - [2025-03-20T22:04:13.909+0000] {dagbag.py:538} INFO - Filling up the DagBag from /home/nord/venv/lib/python3.8/site-packages/airflow/example_dags/example_external_task_marker_dag.py
[2025-03-20T22:04:13.933+0000] {processor.py:840} INFO - DAG(s) 'example_external_task_marker_child', 'example_external_task_marker_parent' retrieved from /home/nord/venv/lib/python3.8/site-packages/airflow/example_dags/example_external_task_marker_dag.py
[2025-03-20T22:04:14.009+0000] {logging_mixin.py:188} INFO - [2025-03-20T22:04:14.008+0000] {dag.py:3036} INFO - Sync 2 DAGs
[2025-03-20T22:04:14.035+0000] {logging_mixin.py:188} INFO - [2025-03-20T22:04:14.034+0000] {dag.py:3823} INFO - Setting next_dagrun for example_external_task_marker_child to None, run_after=None
[2025-03-20T22:04:14.046+0000] {logging_mixin.py:188} INFO - [2025-03-20T22:04:14.045+0000] {dag.py:3823} INFO - Setting next_dagrun for example_external_task_marker_parent to None, run_after=None
[2025-03-20T22:04:14.108+0000] {processor.py:183} INFO - Processing /home/nord/venv/lib/python3.8/site-packages/airflow/example_dags/example_external_task_marker_dag.py took 0.215 seconds
[2025-03-20T22:04:45.187+0000] {processor.py:161} INFO - Started process (PID=3508) to work on /home/nord/venv/lib/python3.8/site-packages/airflow/example_dags/example_external_task_marker_dag.py
[2025-03-20T22:04:45.188+0000] {processor.py:830} INFO - Processing file /home/nord/venv/lib/python3.8/site-packages/airflow/example_dags/example_external_task_marker_dag.py for tasks to queue
[2025-03-20T22:04:45.191+0000] {logging_mixin.py:188} INFO - [2025-03-20T22:04:45.190+0000] {dagbag.py:538} INFO - Filling up the DagBag from /home/nord/venv/lib/python3.8/site-packages/airflow/example_dags/example_external_task_marker_dag.py
[2025-03-20T22:04:45.202+0000] {processor.py:840} INFO - DAG(s) 'example_external_task_marker_child', 'example_external_task_marker_parent' retrieved from /home/nord/venv/lib/python3.8/site-packages/airflow/example_dags/example_external_task_marker_dag.py
[2025-03-20T22:04:45.269+0000] {logging_mixin.py:188} INFO - [2025-03-20T22:04:45.269+0000] {dag.py:3036} INFO - Sync 2 DAGs
[2025-03-20T22:04:45.302+0000] {logging_mixin.py:188} INFO - [2025-03-20T22:04:45.302+0000] {dag.py:3823} INFO - Setting next_dagrun for example_external_task_marker_child to None, run_after=None
[2025-03-20T22:04:45.309+0000] {logging_mixin.py:188} INFO - [2025-03-20T22:04:45.308+0000] {dag.py:3823} INFO - Setting next_dagrun for example_external_task_marker_parent to None, run_after=None
[2025-03-20T22:04:45.365+0000] {processor.py:183} INFO - Processing /home/nord/venv/lib/python3.8/site-packages/airflow/example_dags/example_external_task_marker_dag.py took 0.183 seconds
[2025-03-20T22:05:15.907+0000] {processor.py:161} INFO - Started process (PID=3832) to work on /home/nord/venv/lib/python3.8/site-packages/airflow/example_dags/example_external_task_marker_dag.py
[2025-03-20T22:05:15.914+0000] {processor.py:830} INFO - Processing file /home/nord/venv/lib/python3.8/site-packages/airflow/example_dags/example_external_task_marker_dag.py for tasks to queue
[2025-03-20T22:05:15.923+0000] {logging_mixin.py:188} INFO - [2025-03-20T22:05:15.915+0000] {dagbag.py:538} INFO - Filling up the DagBag from /home/nord/venv/lib/python3.8/site-packages/airflow/example_dags/example_external_task_marker_dag.py
[2025-03-20T22:05:15.944+0000] {processor.py:840} INFO - DAG(s) 'example_external_task_marker_parent', 'example_external_task_marker_child' retrieved from /home/nord/venv/lib/python3.8/site-packages/airflow/example_dags/example_external_task_marker_dag.py
[2025-03-20T22:05:16.081+0000] {logging_mixin.py:188} INFO - [2025-03-20T22:05:16.080+0000] {dag.py:3036} INFO - Sync 2 DAGs
[2025-03-20T22:05:16.141+0000] {logging_mixin.py:188} INFO - [2025-03-20T22:05:16.141+0000] {dag.py:3823} INFO - Setting next_dagrun for example_external_task_marker_child to None, run_after=None
[2025-03-20T22:05:16.162+0000] {logging_mixin.py:188} INFO - [2025-03-20T22:05:16.160+0000] {dag.py:3823} INFO - Setting next_dagrun for example_external_task_marker_parent to None, run_after=None
[2025-03-20T22:05:16.249+0000] {processor.py:183} INFO - Processing /home/nord/venv/lib/python3.8/site-packages/airflow/example_dags/example_external_task_marker_dag.py took 0.361 seconds
[2025-03-20T22:05:52.142+0000] {processor.py:161} INFO - Started process (PID=4432) to work on /home/nord/venv/lib/python3.8/site-packages/airflow/example_dags/example_external_task_marker_dag.py
[2025-03-20T22:05:52.144+0000] {processor.py:830} INFO - Processing file /home/nord/venv/lib/python3.8/site-packages/airflow/example_dags/example_external_task_marker_dag.py for tasks to queue
[2025-03-20T22:05:52.147+0000] {logging_mixin.py:188} INFO - [2025-03-20T22:05:52.146+0000] {dagbag.py:538} INFO - Filling up the DagBag from /home/nord/venv/lib/python3.8/site-packages/airflow/example_dags/example_external_task_marker_dag.py
[2025-03-20T22:05:52.159+0000] {processor.py:840} INFO - DAG(s) 'example_external_task_marker_child', 'example_external_task_marker_parent' retrieved from /home/nord/venv/lib/python3.8/site-packages/airflow/example_dags/example_external_task_marker_dag.py
[2025-03-20T22:05:52.214+0000] {logging_mixin.py:188} INFO - [2025-03-20T22:05:52.213+0000] {dag.py:3036} INFO - Sync 2 DAGs
[2025-03-20T22:05:52.239+0000] {logging_mixin.py:188} INFO - [2025-03-20T22:05:52.239+0000] {dag.py:3823} INFO - Setting next_dagrun for example_external_task_marker_child to None, run_after=None
[2025-03-20T22:05:52.247+0000] {logging_mixin.py:188} INFO - [2025-03-20T22:05:52.247+0000] {dag.py:3823} INFO - Setting next_dagrun for example_external_task_marker_parent to None, run_after=None
[2025-03-20T22:05:52.286+0000] {processor.py:183} INFO - Processing /home/nord/venv/lib/python3.8/site-packages/airflow/example_dags/example_external_task_marker_dag.py took 0.149 seconds
[2025-03-20T22:06:23.029+0000] {processor.py:161} INFO - Started process (PID=4753) to work on /home/nord/venv/lib/python3.8/site-packages/airflow/example_dags/example_external_task_marker_dag.py
[2025-03-20T22:06:23.030+0000] {processor.py:830} INFO - Processing file /home/nord/venv/lib/python3.8/site-packages/airflow/example_dags/example_external_task_marker_dag.py for tasks to queue
[2025-03-20T22:06:23.031+0000] {logging_mixin.py:188} INFO - [2025-03-20T22:06:23.030+0000] {dagbag.py:538} INFO - Filling up the DagBag from /home/nord/venv/lib/python3.8/site-packages/airflow/example_dags/example_external_task_marker_dag.py
[2025-03-20T22:06:23.042+0000] {processor.py:840} INFO - DAG(s) 'example_external_task_marker_parent', 'example_external_task_marker_child' retrieved from /home/nord/venv/lib/python3.8/site-packages/airflow/example_dags/example_external_task_marker_dag.py
[2025-03-20T22:06:23.102+0000] {logging_mixin.py:188} INFO - [2025-03-20T22:06:23.101+0000] {dag.py:3036} INFO - Sync 2 DAGs
[2025-03-20T22:06:23.140+0000] {logging_mixin.py:188} INFO - [2025-03-20T22:06:23.139+0000] {dag.py:3823} INFO - Setting next_dagrun for example_external_task_marker_child to None, run_after=None
[2025-03-20T22:06:23.148+0000] {logging_mixin.py:188} INFO - [2025-03-20T22:06:23.148+0000] {dag.py:3823} INFO - Setting next_dagrun for example_external_task_marker_parent to None, run_after=None
[2025-03-20T22:06:23.196+0000] {processor.py:183} INFO - Processing /home/nord/venv/lib/python3.8/site-packages/airflow/example_dags/example_external_task_marker_dag.py took 0.174 seconds
[2025-03-20T22:06:53.692+0000] {processor.py:161} INFO - Started process (PID=5078) to work on /home/nord/venv/lib/python3.8/site-packages/airflow/example_dags/example_external_task_marker_dag.py
[2025-03-20T22:06:53.695+0000] {processor.py:830} INFO - Processing file /home/nord/venv/lib/python3.8/site-packages/airflow/example_dags/example_external_task_marker_dag.py for tasks to queue
[2025-03-20T22:06:53.697+0000] {logging_mixin.py:188} INFO - [2025-03-20T22:06:53.696+0000] {dagbag.py:538} INFO - Filling up the DagBag from /home/nord/venv/lib/python3.8/site-packages/airflow/example_dags/example_external_task_marker_dag.py
[2025-03-20T22:06:53.709+0000] {processor.py:840} INFO - DAG(s) 'example_external_task_marker_parent', 'example_external_task_marker_child' retrieved from /home/nord/venv/lib/python3.8/site-packages/airflow/example_dags/example_external_task_marker_dag.py
[2025-03-20T22:06:53.761+0000] {logging_mixin.py:188} INFO - [2025-03-20T22:06:53.760+0000] {dag.py:3036} INFO - Sync 2 DAGs
[2025-03-20T22:06:53.788+0000] {logging_mixin.py:188} INFO - [2025-03-20T22:06:53.786+0000] {dag.py:3823} INFO - Setting next_dagrun for example_external_task_marker_child to None, run_after=None
[2025-03-20T22:06:53.797+0000] {logging_mixin.py:188} INFO - [2025-03-20T22:06:53.796+0000] {dag.py:3823} INFO - Setting next_dagrun for example_external_task_marker_parent to None, run_after=None
[2025-03-20T22:06:53.836+0000] {processor.py:183} INFO - Processing /home/nord/venv/lib/python3.8/site-packages/airflow/example_dags/example_external_task_marker_dag.py took 0.150 seconds
[2025-03-20T22:07:25.265+0000] {processor.py:161} INFO - Started process (PID=5542) to work on /home/nord/venv/lib/python3.8/site-packages/airflow/example_dags/example_external_task_marker_dag.py
[2025-03-20T22:07:25.270+0000] {processor.py:830} INFO - Processing file /home/nord/venv/lib/python3.8/site-packages/airflow/example_dags/example_external_task_marker_dag.py for tasks to queue
[2025-03-20T22:07:25.272+0000] {logging_mixin.py:188} INFO - [2025-03-20T22:07:25.271+0000] {dagbag.py:538} INFO - Filling up the DagBag from /home/nord/venv/lib/python3.8/site-packages/airflow/example_dags/example_external_task_marker_dag.py
[2025-03-20T22:07:25.281+0000] {processor.py:840} INFO - DAG(s) 'example_external_task_marker_parent', 'example_external_task_marker_child' retrieved from /home/nord/venv/lib/python3.8/site-packages/airflow/example_dags/example_external_task_marker_dag.py
[2025-03-20T22:07:25.333+0000] {logging_mixin.py:188} INFO - [2025-03-20T22:07:25.333+0000] {dag.py:3036} INFO - Sync 2 DAGs
[2025-03-20T22:07:25.356+0000] {logging_mixin.py:188} INFO - [2025-03-20T22:07:25.355+0000] {dag.py:3823} INFO - Setting next_dagrun for example_external_task_marker_child to None, run_after=None
[2025-03-20T22:07:25.361+0000] {logging_mixin.py:188} INFO - [2025-03-20T22:07:25.361+0000] {dag.py:3823} INFO - Setting next_dagrun for example_external_task_marker_parent to None, run_after=None
[2025-03-20T22:07:25.392+0000] {processor.py:183} INFO - Processing /home/nord/venv/lib/python3.8/site-packages/airflow/example_dags/example_external_task_marker_dag.py took 0.132 seconds
[2025-03-20T22:07:55.947+0000] {processor.py:161} INFO - Started process (PID=5883) to work on /home/nord/venv/lib/python3.8/site-packages/airflow/example_dags/example_external_task_marker_dag.py
[2025-03-20T22:07:55.948+0000] {processor.py:830} INFO - Processing file /home/nord/venv/lib/python3.8/site-packages/airflow/example_dags/example_external_task_marker_dag.py for tasks to queue
[2025-03-20T22:07:55.952+0000] {logging_mixin.py:188} INFO - [2025-03-20T22:07:55.949+0000] {dagbag.py:538} INFO - Filling up the DagBag from /home/nord/venv/lib/python3.8/site-packages/airflow/example_dags/example_external_task_marker_dag.py
[2025-03-20T22:07:55.962+0000] {processor.py:840} INFO - DAG(s) 'example_external_task_marker_parent', 'example_external_task_marker_child' retrieved from /home/nord/venv/lib/python3.8/site-packages/airflow/example_dags/example_external_task_marker_dag.py
[2025-03-20T22:07:56.023+0000] {logging_mixin.py:188} INFO - [2025-03-20T22:07:56.022+0000] {dag.py:3036} INFO - Sync 2 DAGs
[2025-03-20T22:07:56.048+0000] {logging_mixin.py:188} INFO - [2025-03-20T22:07:56.047+0000] {dag.py:3823} INFO - Setting next_dagrun for example_external_task_marker_child to None, run_after=None
[2025-03-20T22:07:56.055+0000] {logging_mixin.py:188} INFO - [2025-03-20T22:07:56.055+0000] {dag.py:3823} INFO - Setting next_dagrun for example_external_task_marker_parent to None, run_after=None
[2025-03-20T22:07:56.099+0000] {processor.py:183} INFO - Processing /home/nord/venv/lib/python3.8/site-packages/airflow/example_dags/example_external_task_marker_dag.py took 0.159 seconds
[2025-03-20T22:08:27.565+0000] {processor.py:161} INFO - Started process (PID=6215) to work on /home/nord/venv/lib/python3.8/site-packages/airflow/example_dags/example_external_task_marker_dag.py
[2025-03-20T22:08:27.567+0000] {processor.py:830} INFO - Processing file /home/nord/venv/lib/python3.8/site-packages/airflow/example_dags/example_external_task_marker_dag.py for tasks to queue
[2025-03-20T22:08:27.568+0000] {logging_mixin.py:188} INFO - [2025-03-20T22:08:27.567+0000] {dagbag.py:538} INFO - Filling up the DagBag from /home/nord/venv/lib/python3.8/site-packages/airflow/example_dags/example_external_task_marker_dag.py
[2025-03-20T22:08:27.578+0000] {processor.py:840} INFO - DAG(s) 'example_external_task_marker_parent', 'example_external_task_marker_child' retrieved from /home/nord/venv/lib/python3.8/site-packages/airflow/example_dags/example_external_task_marker_dag.py
[2025-03-20T22:08:27.626+0000] {logging_mixin.py:188} INFO - [2025-03-20T22:08:27.626+0000] {dag.py:3036} INFO - Sync 2 DAGs
[2025-03-20T22:08:27.649+0000] {logging_mixin.py:188} INFO - [2025-03-20T22:08:27.649+0000] {dag.py:3823} INFO - Setting next_dagrun for example_external_task_marker_child to None, run_after=None
[2025-03-20T22:08:27.656+0000] {logging_mixin.py:188} INFO - [2025-03-20T22:08:27.655+0000] {dag.py:3823} INFO - Setting next_dagrun for example_external_task_marker_parent to None, run_after=None
[2025-03-20T22:08:27.689+0000] {processor.py:183} INFO - Processing /home/nord/venv/lib/python3.8/site-packages/airflow/example_dags/example_external_task_marker_dag.py took 0.130 seconds
[2025-03-20T22:08:58.286+0000] {processor.py:161} INFO - Started process (PID=6561) to work on /home/nord/venv/lib/python3.8/site-packages/airflow/example_dags/example_external_task_marker_dag.py
[2025-03-20T22:08:58.287+0000] {processor.py:830} INFO - Processing file /home/nord/venv/lib/python3.8/site-packages/airflow/example_dags/example_external_task_marker_dag.py for tasks to queue
[2025-03-20T22:08:58.289+0000] {logging_mixin.py:188} INFO - [2025-03-20T22:08:58.288+0000] {dagbag.py:538} INFO - Filling up the DagBag from /home/nord/venv/lib/python3.8/site-packages/airflow/example_dags/example_external_task_marker_dag.py
[2025-03-20T22:08:58.306+0000] {processor.py:840} INFO - DAG(s) 'example_external_task_marker_parent', 'example_external_task_marker_child' retrieved from /home/nord/venv/lib/python3.8/site-packages/airflow/example_dags/example_external_task_marker_dag.py
[2025-03-20T22:08:58.385+0000] {logging_mixin.py:188} INFO - [2025-03-20T22:08:58.385+0000] {dag.py:3036} INFO - Sync 2 DAGs
[2025-03-20T22:08:58.414+0000] {logging_mixin.py:188} INFO - [2025-03-20T22:08:58.413+0000] {dag.py:3823} INFO - Setting next_dagrun for example_external_task_marker_child to None, run_after=None
[2025-03-20T22:08:58.422+0000] {logging_mixin.py:188} INFO - [2025-03-20T22:08:58.421+0000] {dag.py:3823} INFO - Setting next_dagrun for example_external_task_marker_parent to None, run_after=None
[2025-03-20T22:08:58.472+0000] {processor.py:183} INFO - Processing /home/nord/venv/lib/python3.8/site-packages/airflow/example_dags/example_external_task_marker_dag.py took 0.192 seconds
[2025-03-20T22:09:29.339+0000] {processor.py:161} INFO - Started process (PID=6963) to work on /home/nord/venv/lib/python3.8/site-packages/airflow/example_dags/example_external_task_marker_dag.py
[2025-03-20T22:09:29.377+0000] {processor.py:830} INFO - Processing file /home/nord/venv/lib/python3.8/site-packages/airflow/example_dags/example_external_task_marker_dag.py for tasks to queue
[2025-03-20T22:09:29.379+0000] {logging_mixin.py:188} INFO - [2025-03-20T22:09:29.378+0000] {dagbag.py:538} INFO - Filling up the DagBag from /home/nord/venv/lib/python3.8/site-packages/airflow/example_dags/example_external_task_marker_dag.py
[2025-03-20T22:09:29.397+0000] {processor.py:840} INFO - DAG(s) 'example_external_task_marker_parent', 'example_external_task_marker_child' retrieved from /home/nord/venv/lib/python3.8/site-packages/airflow/example_dags/example_external_task_marker_dag.py
[2025-03-20T22:09:29.518+0000] {logging_mixin.py:188} INFO - [2025-03-20T22:09:29.518+0000] {dag.py:3036} INFO - Sync 2 DAGs
[2025-03-20T22:09:29.572+0000] {logging_mixin.py:188} INFO - [2025-03-20T22:09:29.572+0000] {dag.py:3823} INFO - Setting next_dagrun for example_external_task_marker_child to None, run_after=None
[2025-03-20T22:09:29.588+0000] {logging_mixin.py:188} INFO - [2025-03-20T22:09:29.587+0000] {dag.py:3823} INFO - Setting next_dagrun for example_external_task_marker_parent to None, run_after=None
[2025-03-20T22:09:29.652+0000] {processor.py:183} INFO - Processing /home/nord/venv/lib/python3.8/site-packages/airflow/example_dags/example_external_task_marker_dag.py took 0.340 seconds
[2025-03-20T22:09:59.784+0000] {processor.py:161} INFO - Started process (PID=7338) to work on /home/nord/venv/lib/python3.8/site-packages/airflow/example_dags/example_external_task_marker_dag.py
[2025-03-20T22:09:59.788+0000] {processor.py:830} INFO - Processing file /home/nord/venv/lib/python3.8/site-packages/airflow/example_dags/example_external_task_marker_dag.py for tasks to queue
[2025-03-20T22:09:59.790+0000] {logging_mixin.py:188} INFO - [2025-03-20T22:09:59.789+0000] {dagbag.py:538} INFO - Filling up the DagBag from /home/nord/venv/lib/python3.8/site-packages/airflow/example_dags/example_external_task_marker_dag.py
[2025-03-20T22:09:59.798+0000] {processor.py:840} INFO - DAG(s) 'example_external_task_marker_parent', 'example_external_task_marker_child' retrieved from /home/nord/venv/lib/python3.8/site-packages/airflow/example_dags/example_external_task_marker_dag.py
[2025-03-20T22:09:59.860+0000] {logging_mixin.py:188} INFO - [2025-03-20T22:09:59.859+0000] {dag.py:3036} INFO - Sync 2 DAGs
[2025-03-20T22:09:59.894+0000] {logging_mixin.py:188} INFO - [2025-03-20T22:09:59.894+0000] {dag.py:3823} INFO - Setting next_dagrun for example_external_task_marker_child to None, run_after=None
[2025-03-20T22:09:59.902+0000] {logging_mixin.py:188} INFO - [2025-03-20T22:09:59.901+0000] {dag.py:3823} INFO - Setting next_dagrun for example_external_task_marker_parent to None, run_after=None
[2025-03-20T22:09:59.941+0000] {processor.py:183} INFO - Processing /home/nord/venv/lib/python3.8/site-packages/airflow/example_dags/example_external_task_marker_dag.py took 0.164 seconds
[2025-03-20T22:10:30.419+0000] {processor.py:161} INFO - Started process (PID=7668) to work on /home/nord/venv/lib/python3.8/site-packages/airflow/example_dags/example_external_task_marker_dag.py
[2025-03-20T22:10:30.420+0000] {processor.py:830} INFO - Processing file /home/nord/venv/lib/python3.8/site-packages/airflow/example_dags/example_external_task_marker_dag.py for tasks to queue
[2025-03-20T22:10:30.422+0000] {logging_mixin.py:188} INFO - [2025-03-20T22:10:30.421+0000] {dagbag.py:538} INFO - Filling up the DagBag from /home/nord/venv/lib/python3.8/site-packages/airflow/example_dags/example_external_task_marker_dag.py
[2025-03-20T22:10:30.436+0000] {processor.py:840} INFO - DAG(s) 'example_external_task_marker_child', 'example_external_task_marker_parent' retrieved from /home/nord/venv/lib/python3.8/site-packages/airflow/example_dags/example_external_task_marker_dag.py
[2025-03-20T22:10:30.489+0000] {logging_mixin.py:188} INFO - [2025-03-20T22:10:30.489+0000] {dag.py:3036} INFO - Sync 2 DAGs
[2025-03-20T22:10:30.510+0000] {logging_mixin.py:188} INFO - [2025-03-20T22:10:30.510+0000] {dag.py:3823} INFO - Setting next_dagrun for example_external_task_marker_child to None, run_after=None
[2025-03-20T22:10:30.515+0000] {logging_mixin.py:188} INFO - [2025-03-20T22:10:30.515+0000] {dag.py:3823} INFO - Setting next_dagrun for example_external_task_marker_parent to None, run_after=None
[2025-03-20T22:10:30.545+0000] {processor.py:183} INFO - Processing /home/nord/venv/lib/python3.8/site-packages/airflow/example_dags/example_external_task_marker_dag.py took 0.134 seconds
[2025-03-20T22:11:01.246+0000] {processor.py:161} INFO - Started process (PID=7993) to work on /home/nord/venv/lib/python3.8/site-packages/airflow/example_dags/example_external_task_marker_dag.py
[2025-03-20T22:11:01.249+0000] {processor.py:830} INFO - Processing file /home/nord/venv/lib/python3.8/site-packages/airflow/example_dags/example_external_task_marker_dag.py for tasks to queue
[2025-03-20T22:11:01.251+0000] {logging_mixin.py:188} INFO - [2025-03-20T22:11:01.250+0000] {dagbag.py:538} INFO - Filling up the DagBag from /home/nord/venv/lib/python3.8/site-packages/airflow/example_dags/example_external_task_marker_dag.py
[2025-03-20T22:11:01.262+0000] {processor.py:840} INFO - DAG(s) 'example_external_task_marker_child', 'example_external_task_marker_parent' retrieved from /home/nord/venv/lib/python3.8/site-packages/airflow/example_dags/example_external_task_marker_dag.py
[2025-03-20T22:11:01.335+0000] {logging_mixin.py:188} INFO - [2025-03-20T22:11:01.335+0000] {dag.py:3036} INFO - Sync 2 DAGs
[2025-03-20T22:11:01.363+0000] {logging_mixin.py:188} INFO - [2025-03-20T22:11:01.361+0000] {dag.py:3823} INFO - Setting next_dagrun for example_external_task_marker_child to None, run_after=None
[2025-03-20T22:11:01.370+0000] {logging_mixin.py:188} INFO - [2025-03-20T22:11:01.369+0000] {dag.py:3823} INFO - Setting next_dagrun for example_external_task_marker_parent to None, run_after=None
[2025-03-20T22:11:01.409+0000] {processor.py:183} INFO - Processing /home/nord/venv/lib/python3.8/site-packages/airflow/example_dags/example_external_task_marker_dag.py took 0.169 seconds
[2025-03-20T22:11:31.661+0000] {processor.py:161} INFO - Started process (PID=8315) to work on /home/nord/venv/lib/python3.8/site-packages/airflow/example_dags/example_external_task_marker_dag.py
[2025-03-20T22:11:31.663+0000] {processor.py:830} INFO - Processing file /home/nord/venv/lib/python3.8/site-packages/airflow/example_dags/example_external_task_marker_dag.py for tasks to queue
[2025-03-20T22:11:31.664+0000] {logging_mixin.py:188} INFO - [2025-03-20T22:11:31.663+0000] {dagbag.py:538} INFO - Filling up the DagBag from /home/nord/venv/lib/python3.8/site-packages/airflow/example_dags/example_external_task_marker_dag.py
[2025-03-20T22:11:31.673+0000] {processor.py:840} INFO - DAG(s) 'example_external_task_marker_parent', 'example_external_task_marker_child' retrieved from /home/nord/venv/lib/python3.8/site-packages/airflow/example_dags/example_external_task_marker_dag.py
[2025-03-20T22:11:31.743+0000] {logging_mixin.py:188} INFO - [2025-03-20T22:11:31.742+0000] {dag.py:3036} INFO - Sync 2 DAGs
[2025-03-20T22:11:31.785+0000] {logging_mixin.py:188} INFO - [2025-03-20T22:11:31.785+0000] {dag.py:3823} INFO - Setting next_dagrun for example_external_task_marker_child to None, run_after=None
[2025-03-20T22:11:31.795+0000] {logging_mixin.py:188} INFO - [2025-03-20T22:11:31.794+0000] {dag.py:3823} INFO - Setting next_dagrun for example_external_task_marker_parent to None, run_after=None
[2025-03-20T22:11:31.829+0000] {processor.py:183} INFO - Processing /home/nord/venv/lib/python3.8/site-packages/airflow/example_dags/example_external_task_marker_dag.py took 0.174 seconds
