[2025-03-20T22:02:07.775+0000] {processor.py:161} INFO - Started process (PID=1537) to work on /home/nord/venv/lib/python3.8/site-packages/airflow/example_dags/example_task_group.py
[2025-03-20T22:02:07.777+0000] {processor.py:830} INFO - Processing file /home/nord/venv/lib/python3.8/site-packages/airflow/example_dags/example_task_group.py for tasks to queue
[2025-03-20T22:02:07.780+0000] {logging_mixin.py:188} INFO - [2025-03-20T22:02:07.779+0000] {dagbag.py:538} INFO - Filling up the DagBag from /home/nord/venv/lib/python3.8/site-packages/airflow/example_dags/example_task_group.py
[2025-03-20T22:02:07.814+0000] {processor.py:840} INFO - DAG(s) 'example_task_group' retrieved from /home/nord/venv/lib/python3.8/site-packages/airflow/example_dags/example_task_group.py
[2025-03-20T22:02:07.916+0000] {logging_mixin.py:188} INFO - [2025-03-20T22:02:07.915+0000] {dag.py:3036} INFO - Sync 1 DAGs
[2025-03-20T22:02:07.984+0000] {logging_mixin.py:188} INFO - [2025-03-20T22:02:07.983+0000] {dag.py:3823} INFO - Setting next_dagrun for example_task_group to 2025-03-19 00:00:00+00:00, run_after=2025-03-20 00:00:00+00:00
[2025-03-20T22:02:08.043+0000] {processor.py:183} INFO - Processing /home/nord/venv/lib/python3.8/site-packages/airflow/example_dags/example_task_group.py took 0.280 seconds
[2025-03-20T22:02:38.301+0000] {processor.py:161} INFO - Started process (PID=1877) to work on /home/nord/venv/lib/python3.8/site-packages/airflow/example_dags/example_task_group.py
[2025-03-20T22:02:38.304+0000] {processor.py:830} INFO - Processing file /home/nord/venv/lib/python3.8/site-packages/airflow/example_dags/example_task_group.py for tasks to queue
[2025-03-20T22:02:38.305+0000] {logging_mixin.py:188} INFO - [2025-03-20T22:02:38.305+0000] {dagbag.py:538} INFO - Filling up the DagBag from /home/nord/venv/lib/python3.8/site-packages/airflow/example_dags/example_task_group.py
[2025-03-20T22:02:38.334+0000] {processor.py:840} INFO - DAG(s) 'example_task_group' retrieved from /home/nord/venv/lib/python3.8/site-packages/airflow/example_dags/example_task_group.py
[2025-03-20T22:02:38.378+0000] {logging_mixin.py:188} INFO - [2025-03-20T22:02:38.378+0000] {dag.py:3036} INFO - Sync 1 DAGs
[2025-03-20T22:02:38.409+0000] {logging_mixin.py:188} INFO - [2025-03-20T22:02:38.409+0000] {dag.py:3823} INFO - Setting next_dagrun for example_task_group to 2025-03-19 00:00:00+00:00, run_after=2025-03-20 00:00:00+00:00
[2025-03-20T22:02:38.515+0000] {processor.py:183} INFO - Processing /home/nord/venv/lib/python3.8/site-packages/airflow/example_dags/example_task_group.py took 0.220 seconds
[2025-03-20T22:03:13.650+0000] {processor.py:161} INFO - Started process (PID=2517) to work on /home/nord/venv/lib/python3.8/site-packages/airflow/example_dags/example_task_group.py
[2025-03-20T22:03:13.671+0000] {processor.py:830} INFO - Processing file /home/nord/venv/lib/python3.8/site-packages/airflow/example_dags/example_task_group.py for tasks to queue
[2025-03-20T22:03:13.681+0000] {logging_mixin.py:188} INFO - [2025-03-20T22:03:13.673+0000] {dagbag.py:538} INFO - Filling up the DagBag from /home/nord/venv/lib/python3.8/site-packages/airflow/example_dags/example_task_group.py
[2025-03-20T22:03:13.703+0000] {processor.py:840} INFO - DAG(s) 'example_task_group' retrieved from /home/nord/venv/lib/python3.8/site-packages/airflow/example_dags/example_task_group.py
[2025-03-20T22:03:13.819+0000] {logging_mixin.py:188} INFO - [2025-03-20T22:03:13.818+0000] {dag.py:3036} INFO - Sync 1 DAGs
[2025-03-20T22:03:13.893+0000] {logging_mixin.py:188} INFO - [2025-03-20T22:03:13.892+0000] {dag.py:3823} INFO - Setting next_dagrun for example_task_group to 2025-03-19 00:00:00+00:00, run_after=2025-03-20 00:00:00+00:00
[2025-03-20T22:03:13.961+0000] {processor.py:183} INFO - Processing /home/nord/venv/lib/python3.8/site-packages/airflow/example_dags/example_task_group.py took 0.320 seconds
[2025-03-20T22:03:44.114+0000] {processor.py:161} INFO - Started process (PID=2912) to work on /home/nord/venv/lib/python3.8/site-packages/airflow/example_dags/example_task_group.py
[2025-03-20T22:03:44.119+0000] {processor.py:830} INFO - Processing file /home/nord/venv/lib/python3.8/site-packages/airflow/example_dags/example_task_group.py for tasks to queue
[2025-03-20T22:03:44.121+0000] {logging_mixin.py:188} INFO - [2025-03-20T22:03:44.120+0000] {dagbag.py:538} INFO - Filling up the DagBag from /home/nord/venv/lib/python3.8/site-packages/airflow/example_dags/example_task_group.py
[2025-03-20T22:03:44.146+0000] {processor.py:840} INFO - DAG(s) 'example_task_group' retrieved from /home/nord/venv/lib/python3.8/site-packages/airflow/example_dags/example_task_group.py
[2025-03-20T22:03:44.260+0000] {logging_mixin.py:188} INFO - [2025-03-20T22:03:44.259+0000] {dag.py:3036} INFO - Sync 1 DAGs
[2025-03-20T22:03:44.425+0000] {logging_mixin.py:188} INFO - [2025-03-20T22:03:44.424+0000] {dag.py:3823} INFO - Setting next_dagrun for example_task_group to 2025-03-19 00:00:00+00:00, run_after=2025-03-20 00:00:00+00:00
[2025-03-20T22:03:44.608+0000] {processor.py:183} INFO - Processing /home/nord/venv/lib/python3.8/site-packages/airflow/example_dags/example_task_group.py took 0.504 seconds
[2025-03-20T22:04:16.079+0000] {processor.py:161} INFO - Started process (PID=3258) to work on /home/nord/venv/lib/python3.8/site-packages/airflow/example_dags/example_task_group.py
[2025-03-20T22:04:16.089+0000] {processor.py:830} INFO - Processing file /home/nord/venv/lib/python3.8/site-packages/airflow/example_dags/example_task_group.py for tasks to queue
[2025-03-20T22:04:16.097+0000] {logging_mixin.py:188} INFO - [2025-03-20T22:04:16.097+0000] {dagbag.py:538} INFO - Filling up the DagBag from /home/nord/venv/lib/python3.8/site-packages/airflow/example_dags/example_task_group.py
[2025-03-20T22:04:16.121+0000] {processor.py:840} INFO - DAG(s) 'example_task_group' retrieved from /home/nord/venv/lib/python3.8/site-packages/airflow/example_dags/example_task_group.py
[2025-03-20T22:04:16.218+0000] {logging_mixin.py:188} INFO - [2025-03-20T22:04:16.218+0000] {dag.py:3036} INFO - Sync 1 DAGs
[2025-03-20T22:04:16.296+0000] {logging_mixin.py:188} INFO - [2025-03-20T22:04:16.295+0000] {dag.py:3823} INFO - Setting next_dagrun for example_task_group to 2025-03-19 00:00:00+00:00, run_after=2025-03-20 00:00:00+00:00
[2025-03-20T22:04:16.350+0000] {processor.py:183} INFO - Processing /home/nord/venv/lib/python3.8/site-packages/airflow/example_dags/example_task_group.py took 0.287 seconds
[2025-03-20T22:04:47.010+0000] {processor.py:161} INFO - Started process (PID=3582) to work on /home/nord/venv/lib/python3.8/site-packages/airflow/example_dags/example_task_group.py
[2025-03-20T22:04:47.013+0000] {processor.py:830} INFO - Processing file /home/nord/venv/lib/python3.8/site-packages/airflow/example_dags/example_task_group.py for tasks to queue
[2025-03-20T22:04:47.018+0000] {logging_mixin.py:188} INFO - [2025-03-20T22:04:47.017+0000] {dagbag.py:538} INFO - Filling up the DagBag from /home/nord/venv/lib/python3.8/site-packages/airflow/example_dags/example_task_group.py
[2025-03-20T22:04:47.039+0000] {processor.py:840} INFO - DAG(s) 'example_task_group' retrieved from /home/nord/venv/lib/python3.8/site-packages/airflow/example_dags/example_task_group.py
[2025-03-20T22:04:47.117+0000] {logging_mixin.py:188} INFO - [2025-03-20T22:04:47.117+0000] {dag.py:3036} INFO - Sync 1 DAGs
[2025-03-20T22:04:47.169+0000] {logging_mixin.py:188} INFO - [2025-03-20T22:04:47.169+0000] {dag.py:3823} INFO - Setting next_dagrun for example_task_group to 2025-03-19 00:00:00+00:00, run_after=2025-03-20 00:00:00+00:00
[2025-03-20T22:04:47.218+0000] {processor.py:183} INFO - Processing /home/nord/venv/lib/python3.8/site-packages/airflow/example_dags/example_task_group.py took 0.217 seconds
[2025-03-20T22:05:18.064+0000] {processor.py:161} INFO - Started process (PID=3905) to work on /home/nord/venv/lib/python3.8/site-packages/airflow/example_dags/example_task_group.py
[2025-03-20T22:05:18.065+0000] {processor.py:830} INFO - Processing file /home/nord/venv/lib/python3.8/site-packages/airflow/example_dags/example_task_group.py for tasks to queue
[2025-03-20T22:05:18.066+0000] {logging_mixin.py:188} INFO - [2025-03-20T22:05:18.066+0000] {dagbag.py:538} INFO - Filling up the DagBag from /home/nord/venv/lib/python3.8/site-packages/airflow/example_dags/example_task_group.py
[2025-03-20T22:05:18.081+0000] {processor.py:840} INFO - DAG(s) 'example_task_group' retrieved from /home/nord/venv/lib/python3.8/site-packages/airflow/example_dags/example_task_group.py
[2025-03-20T22:05:18.145+0000] {logging_mixin.py:188} INFO - [2025-03-20T22:05:18.144+0000] {dag.py:3036} INFO - Sync 1 DAGs
[2025-03-20T22:05:18.189+0000] {logging_mixin.py:188} INFO - [2025-03-20T22:05:18.189+0000] {dag.py:3823} INFO - Setting next_dagrun for example_task_group to 2025-03-19 00:00:00+00:00, run_after=2025-03-20 00:00:00+00:00
[2025-03-20T22:05:18.230+0000] {processor.py:183} INFO - Processing /home/nord/venv/lib/python3.8/site-packages/airflow/example_dags/example_task_group.py took 0.172 seconds
[2025-03-20T22:05:53.951+0000] {processor.py:161} INFO - Started process (PID=4501) to work on /home/nord/venv/lib/python3.8/site-packages/airflow/example_dags/example_task_group.py
[2025-03-20T22:05:53.958+0000] {processor.py:830} INFO - Processing file /home/nord/venv/lib/python3.8/site-packages/airflow/example_dags/example_task_group.py for tasks to queue
[2025-03-20T22:05:53.960+0000] {logging_mixin.py:188} INFO - [2025-03-20T22:05:53.959+0000] {dagbag.py:538} INFO - Filling up the DagBag from /home/nord/venv/lib/python3.8/site-packages/airflow/example_dags/example_task_group.py
[2025-03-20T22:05:53.993+0000] {processor.py:840} INFO - DAG(s) 'example_task_group' retrieved from /home/nord/venv/lib/python3.8/site-packages/airflow/example_dags/example_task_group.py
[2025-03-20T22:05:54.074+0000] {logging_mixin.py:188} INFO - [2025-03-20T22:05:54.074+0000] {dag.py:3036} INFO - Sync 1 DAGs
[2025-03-20T22:05:54.133+0000] {logging_mixin.py:188} INFO - [2025-03-20T22:05:54.133+0000] {dag.py:3823} INFO - Setting next_dagrun for example_task_group to 2025-03-19 00:00:00+00:00, run_after=2025-03-20 00:00:00+00:00
[2025-03-20T22:05:54.194+0000] {processor.py:183} INFO - Processing /home/nord/venv/lib/python3.8/site-packages/airflow/example_dags/example_task_group.py took 0.252 seconds
[2025-03-20T22:06:24.333+0000] {processor.py:161} INFO - Started process (PID=4825) to work on /home/nord/venv/lib/python3.8/site-packages/airflow/example_dags/example_task_group.py
[2025-03-20T22:06:24.337+0000] {processor.py:830} INFO - Processing file /home/nord/venv/lib/python3.8/site-packages/airflow/example_dags/example_task_group.py for tasks to queue
[2025-03-20T22:06:24.338+0000] {logging_mixin.py:188} INFO - [2025-03-20T22:06:24.338+0000] {dagbag.py:538} INFO - Filling up the DagBag from /home/nord/venv/lib/python3.8/site-packages/airflow/example_dags/example_task_group.py
[2025-03-20T22:06:24.353+0000] {processor.py:840} INFO - DAG(s) 'example_task_group' retrieved from /home/nord/venv/lib/python3.8/site-packages/airflow/example_dags/example_task_group.py
[2025-03-20T22:06:24.406+0000] {logging_mixin.py:188} INFO - [2025-03-20T22:06:24.405+0000] {dag.py:3036} INFO - Sync 1 DAGs
[2025-03-20T22:06:24.448+0000] {logging_mixin.py:188} INFO - [2025-03-20T22:06:24.448+0000] {dag.py:3823} INFO - Setting next_dagrun for example_task_group to 2025-03-19 00:00:00+00:00, run_after=2025-03-20 00:00:00+00:00
[2025-03-20T22:06:24.484+0000] {processor.py:183} INFO - Processing /home/nord/venv/lib/python3.8/site-packages/airflow/example_dags/example_task_group.py took 0.156 seconds
[2025-03-20T22:06:55.308+0000] {processor.py:161} INFO - Started process (PID=5150) to work on /home/nord/venv/lib/python3.8/site-packages/airflow/example_dags/example_task_group.py
[2025-03-20T22:06:55.311+0000] {processor.py:830} INFO - Processing file /home/nord/venv/lib/python3.8/site-packages/airflow/example_dags/example_task_group.py for tasks to queue
[2025-03-20T22:06:55.313+0000] {logging_mixin.py:188} INFO - [2025-03-20T22:06:55.313+0000] {dagbag.py:538} INFO - Filling up the DagBag from /home/nord/venv/lib/python3.8/site-packages/airflow/example_dags/example_task_group.py
[2025-03-20T22:06:55.328+0000] {processor.py:840} INFO - DAG(s) 'example_task_group' retrieved from /home/nord/venv/lib/python3.8/site-packages/airflow/example_dags/example_task_group.py
[2025-03-20T22:06:55.372+0000] {logging_mixin.py:188} INFO - [2025-03-20T22:06:55.372+0000] {dag.py:3036} INFO - Sync 1 DAGs
[2025-03-20T22:06:55.403+0000] {logging_mixin.py:188} INFO - [2025-03-20T22:06:55.403+0000] {dag.py:3823} INFO - Setting next_dagrun for example_task_group to 2025-03-19 00:00:00+00:00, run_after=2025-03-20 00:00:00+00:00
[2025-03-20T22:06:55.438+0000] {processor.py:183} INFO - Processing /home/nord/venv/lib/python3.8/site-packages/airflow/example_dags/example_task_group.py took 0.138 seconds
[2025-03-20T22:07:26.812+0000] {processor.py:161} INFO - Started process (PID=5615) to work on /home/nord/venv/lib/python3.8/site-packages/airflow/example_dags/example_task_group.py
[2025-03-20T22:07:26.814+0000] {processor.py:830} INFO - Processing file /home/nord/venv/lib/python3.8/site-packages/airflow/example_dags/example_task_group.py for tasks to queue
[2025-03-20T22:07:26.816+0000] {logging_mixin.py:188} INFO - [2025-03-20T22:07:26.815+0000] {dagbag.py:538} INFO - Filling up the DagBag from /home/nord/venv/lib/python3.8/site-packages/airflow/example_dags/example_task_group.py
[2025-03-20T22:07:26.828+0000] {processor.py:840} INFO - DAG(s) 'example_task_group' retrieved from /home/nord/venv/lib/python3.8/site-packages/airflow/example_dags/example_task_group.py
[2025-03-20T22:07:26.883+0000] {logging_mixin.py:188} INFO - [2025-03-20T22:07:26.883+0000] {dag.py:3036} INFO - Sync 1 DAGs
[2025-03-20T22:07:26.922+0000] {logging_mixin.py:188} INFO - [2025-03-20T22:07:26.920+0000] {dag.py:3823} INFO - Setting next_dagrun for example_task_group to 2025-03-19 00:00:00+00:00, run_after=2025-03-20 00:00:00+00:00
[2025-03-20T22:07:26.966+0000] {processor.py:183} INFO - Processing /home/nord/venv/lib/python3.8/site-packages/airflow/example_dags/example_task_group.py took 0.159 seconds
[2025-03-20T22:07:57.413+0000] {processor.py:161} INFO - Started process (PID=5956) to work on /home/nord/venv/lib/python3.8/site-packages/airflow/example_dags/example_task_group.py
[2025-03-20T22:07:57.415+0000] {processor.py:830} INFO - Processing file /home/nord/venv/lib/python3.8/site-packages/airflow/example_dags/example_task_group.py for tasks to queue
[2025-03-20T22:07:57.418+0000] {logging_mixin.py:188} INFO - [2025-03-20T22:07:57.416+0000] {dagbag.py:538} INFO - Filling up the DagBag from /home/nord/venv/lib/python3.8/site-packages/airflow/example_dags/example_task_group.py
[2025-03-20T22:07:57.431+0000] {processor.py:840} INFO - DAG(s) 'example_task_group' retrieved from /home/nord/venv/lib/python3.8/site-packages/airflow/example_dags/example_task_group.py
[2025-03-20T22:07:57.493+0000] {logging_mixin.py:188} INFO - [2025-03-20T22:07:57.493+0000] {dag.py:3036} INFO - Sync 1 DAGs
[2025-03-20T22:07:57.544+0000] {logging_mixin.py:188} INFO - [2025-03-20T22:07:57.543+0000] {dag.py:3823} INFO - Setting next_dagrun for example_task_group to 2025-03-19 00:00:00+00:00, run_after=2025-03-20 00:00:00+00:00
[2025-03-20T22:07:57.590+0000] {processor.py:183} INFO - Processing /home/nord/venv/lib/python3.8/site-packages/airflow/example_dags/example_task_group.py took 0.184 seconds
[2025-03-20T22:08:29.385+0000] {processor.py:161} INFO - Started process (PID=6290) to work on /home/nord/venv/lib/python3.8/site-packages/airflow/example_dags/example_task_group.py
[2025-03-20T22:08:29.387+0000] {processor.py:830} INFO - Processing file /home/nord/venv/lib/python3.8/site-packages/airflow/example_dags/example_task_group.py for tasks to queue
[2025-03-20T22:08:29.390+0000] {logging_mixin.py:188} INFO - [2025-03-20T22:08:29.389+0000] {dagbag.py:538} INFO - Filling up the DagBag from /home/nord/venv/lib/python3.8/site-packages/airflow/example_dags/example_task_group.py
[2025-03-20T22:08:29.408+0000] {processor.py:840} INFO - DAG(s) 'example_task_group' retrieved from /home/nord/venv/lib/python3.8/site-packages/airflow/example_dags/example_task_group.py
[2025-03-20T22:08:29.470+0000] {logging_mixin.py:188} INFO - [2025-03-20T22:08:29.469+0000] {dag.py:3036} INFO - Sync 1 DAGs
[2025-03-20T22:08:29.517+0000] {logging_mixin.py:188} INFO - [2025-03-20T22:08:29.516+0000] {dag.py:3823} INFO - Setting next_dagrun for example_task_group to 2025-03-19 00:00:00+00:00, run_after=2025-03-20 00:00:00+00:00
[2025-03-20T22:08:29.573+0000] {processor.py:183} INFO - Processing /home/nord/venv/lib/python3.8/site-packages/airflow/example_dags/example_task_group.py took 0.200 seconds
[2025-03-20T22:09:01.068+0000] {processor.py:161} INFO - Started process (PID=6637) to work on /home/nord/venv/lib/python3.8/site-packages/airflow/example_dags/example_task_group.py
[2025-03-20T22:09:01.070+0000] {processor.py:830} INFO - Processing file /home/nord/venv/lib/python3.8/site-packages/airflow/example_dags/example_task_group.py for tasks to queue
[2025-03-20T22:09:01.071+0000] {logging_mixin.py:188} INFO - [2025-03-20T22:09:01.071+0000] {dagbag.py:538} INFO - Filling up the DagBag from /home/nord/venv/lib/python3.8/site-packages/airflow/example_dags/example_task_group.py
[2025-03-20T22:09:01.087+0000] {processor.py:840} INFO - DAG(s) 'example_task_group' retrieved from /home/nord/venv/lib/python3.8/site-packages/airflow/example_dags/example_task_group.py
[2025-03-20T22:09:01.155+0000] {logging_mixin.py:188} INFO - [2025-03-20T22:09:01.155+0000] {dag.py:3036} INFO - Sync 1 DAGs
[2025-03-20T22:09:01.216+0000] {logging_mixin.py:188} INFO - [2025-03-20T22:09:01.216+0000] {dag.py:3823} INFO - Setting next_dagrun for example_task_group to 2025-03-19 00:00:00+00:00, run_after=2025-03-20 00:00:00+00:00
[2025-03-20T22:09:01.262+0000] {processor.py:183} INFO - Processing /home/nord/venv/lib/python3.8/site-packages/airflow/example_dags/example_task_group.py took 0.207 seconds
[2025-03-20T22:09:32.284+0000] {processor.py:161} INFO - Started process (PID=7049) to work on /home/nord/venv/lib/python3.8/site-packages/airflow/example_dags/example_task_group.py
[2025-03-20T22:09:32.287+0000] {processor.py:830} INFO - Processing file /home/nord/venv/lib/python3.8/site-packages/airflow/example_dags/example_task_group.py for tasks to queue
[2025-03-20T22:09:32.288+0000] {logging_mixin.py:188} INFO - [2025-03-20T22:09:32.287+0000] {dagbag.py:538} INFO - Filling up the DagBag from /home/nord/venv/lib/python3.8/site-packages/airflow/example_dags/example_task_group.py
[2025-03-20T22:09:32.308+0000] {processor.py:840} INFO - DAG(s) 'example_task_group' retrieved from /home/nord/venv/lib/python3.8/site-packages/airflow/example_dags/example_task_group.py
[2025-03-20T22:09:32.399+0000] {logging_mixin.py:188} INFO - [2025-03-20T22:09:32.398+0000] {dag.py:3036} INFO - Sync 1 DAGs
[2025-03-20T22:09:32.464+0000] {logging_mixin.py:188} INFO - [2025-03-20T22:09:32.464+0000] {dag.py:3823} INFO - Setting next_dagrun for example_task_group to 2025-03-19 00:00:00+00:00, run_after=2025-03-20 00:00:00+00:00
[2025-03-20T22:09:32.521+0000] {processor.py:183} INFO - Processing /home/nord/venv/lib/python3.8/site-packages/airflow/example_dags/example_task_group.py took 0.242 seconds
[2025-03-20T22:10:03.642+0000] {processor.py:161} INFO - Started process (PID=7422) to work on /home/nord/venv/lib/python3.8/site-packages/airflow/example_dags/example_task_group.py
[2025-03-20T22:10:03.644+0000] {processor.py:830} INFO - Processing file /home/nord/venv/lib/python3.8/site-packages/airflow/example_dags/example_task_group.py for tasks to queue
[2025-03-20T22:10:03.645+0000] {logging_mixin.py:188} INFO - [2025-03-20T22:10:03.645+0000] {dagbag.py:538} INFO - Filling up the DagBag from /home/nord/venv/lib/python3.8/site-packages/airflow/example_dags/example_task_group.py
[2025-03-20T22:10:03.660+0000] {processor.py:840} INFO - DAG(s) 'example_task_group' retrieved from /home/nord/venv/lib/python3.8/site-packages/airflow/example_dags/example_task_group.py
[2025-03-20T22:10:03.718+0000] {logging_mixin.py:188} INFO - [2025-03-20T22:10:03.718+0000] {dag.py:3036} INFO - Sync 1 DAGs
[2025-03-20T22:10:03.765+0000] {logging_mixin.py:188} INFO - [2025-03-20T22:10:03.765+0000] {dag.py:3823} INFO - Setting next_dagrun for example_task_group to 2025-03-19 00:00:00+00:00, run_after=2025-03-20 00:00:00+00:00
[2025-03-20T22:10:03.805+0000] {processor.py:183} INFO - Processing /home/nord/venv/lib/python3.8/site-packages/airflow/example_dags/example_task_group.py took 0.169 seconds
[2025-03-20T22:10:35.873+0000] {processor.py:161} INFO - Started process (PID=7751) to work on /home/nord/venv/lib/python3.8/site-packages/airflow/example_dags/example_task_group.py
[2025-03-20T22:10:35.891+0000] {processor.py:830} INFO - Processing file /home/nord/venv/lib/python3.8/site-packages/airflow/example_dags/example_task_group.py for tasks to queue
[2025-03-20T22:10:35.893+0000] {logging_mixin.py:188} INFO - [2025-03-20T22:10:35.892+0000] {dagbag.py:538} INFO - Filling up the DagBag from /home/nord/venv/lib/python3.8/site-packages/airflow/example_dags/example_task_group.py
[2025-03-20T22:10:35.929+0000] {processor.py:840} INFO - DAG(s) 'example_task_group' retrieved from /home/nord/venv/lib/python3.8/site-packages/airflow/example_dags/example_task_group.py
[2025-03-20T22:10:36.061+0000] {logging_mixin.py:188} INFO - [2025-03-20T22:10:36.061+0000] {dag.py:3036} INFO - Sync 1 DAGs
[2025-03-20T22:10:36.176+0000] {logging_mixin.py:188} INFO - [2025-03-20T22:10:36.175+0000] {dag.py:3823} INFO - Setting next_dagrun for example_task_group to 2025-03-19 00:00:00+00:00, run_after=2025-03-20 00:00:00+00:00
[2025-03-20T22:10:36.276+0000] {processor.py:183} INFO - Processing /home/nord/venv/lib/python3.8/site-packages/airflow/example_dags/example_task_group.py took 0.421 seconds
[2025-03-20T22:11:07.480+0000] {processor.py:161} INFO - Started process (PID=8078) to work on /home/nord/venv/lib/python3.8/site-packages/airflow/example_dags/example_task_group.py
[2025-03-20T22:11:07.482+0000] {processor.py:830} INFO - Processing file /home/nord/venv/lib/python3.8/site-packages/airflow/example_dags/example_task_group.py for tasks to queue
[2025-03-20T22:11:07.484+0000] {logging_mixin.py:188} INFO - [2025-03-20T22:11:07.483+0000] {dagbag.py:538} INFO - Filling up the DagBag from /home/nord/venv/lib/python3.8/site-packages/airflow/example_dags/example_task_group.py
[2025-03-20T22:11:07.505+0000] {processor.py:840} INFO - DAG(s) 'example_task_group' retrieved from /home/nord/venv/lib/python3.8/site-packages/airflow/example_dags/example_task_group.py
[2025-03-20T22:11:07.564+0000] {logging_mixin.py:188} INFO - [2025-03-20T22:11:07.564+0000] {dag.py:3036} INFO - Sync 1 DAGs
[2025-03-20T22:11:07.614+0000] {logging_mixin.py:188} INFO - [2025-03-20T22:11:07.613+0000] {dag.py:3823} INFO - Setting next_dagrun for example_task_group to 2025-03-19 00:00:00+00:00, run_after=2025-03-20 00:00:00+00:00
[2025-03-20T22:11:07.667+0000] {processor.py:183} INFO - Processing /home/nord/venv/lib/python3.8/site-packages/airflow/example_dags/example_task_group.py took 0.201 seconds
[2025-03-20T22:11:38.661+0000] {processor.py:161} INFO - Started process (PID=8397) to work on /home/nord/venv/lib/python3.8/site-packages/airflow/example_dags/example_task_group.py
[2025-03-20T22:11:38.663+0000] {processor.py:830} INFO - Processing file /home/nord/venv/lib/python3.8/site-packages/airflow/example_dags/example_task_group.py for tasks to queue
[2025-03-20T22:11:38.665+0000] {logging_mixin.py:188} INFO - [2025-03-20T22:11:38.664+0000] {dagbag.py:538} INFO - Filling up the DagBag from /home/nord/venv/lib/python3.8/site-packages/airflow/example_dags/example_task_group.py
[2025-03-20T22:11:38.678+0000] {processor.py:840} INFO - DAG(s) 'example_task_group' retrieved from /home/nord/venv/lib/python3.8/site-packages/airflow/example_dags/example_task_group.py
[2025-03-20T22:11:38.734+0000] {logging_mixin.py:188} INFO - [2025-03-20T22:11:38.734+0000] {dag.py:3036} INFO - Sync 1 DAGs
[2025-03-20T22:11:38.777+0000] {logging_mixin.py:188} INFO - [2025-03-20T22:11:38.777+0000] {dag.py:3823} INFO - Setting next_dagrun for example_task_group to 2025-03-19 00:00:00+00:00, run_after=2025-03-20 00:00:00+00:00
[2025-03-20T22:11:38.812+0000] {processor.py:183} INFO - Processing /home/nord/venv/lib/python3.8/site-packages/airflow/example_dags/example_task_group.py took 0.157 seconds
