[2025-03-20T22:02:08.078+0000] {processor.py:161} INFO - Started process (PID=1546) to work on /home/nord/venv/lib/python3.8/site-packages/airflow/example_dags/example_params_ui_tutorial.py
[2025-03-20T22:02:08.079+0000] {processor.py:830} INFO - Processing file /home/nord/venv/lib/python3.8/site-packages/airflow/example_dags/example_params_ui_tutorial.py for tasks to queue
[2025-03-20T22:02:08.081+0000] {logging_mixin.py:188} INFO - [2025-03-20T22:02:08.080+0000] {dagbag.py:538} INFO - Filling up the DagBag from /home/nord/venv/lib/python3.8/site-packages/airflow/example_dags/example_params_ui_tutorial.py
[2025-03-20T22:02:08.105+0000] {processor.py:840} INFO - DAG(s) 'example_params_ui_tutorial' retrieved from /home/nord/venv/lib/python3.8/site-packages/airflow/example_dags/example_params_ui_tutorial.py
[2025-03-20T22:02:08.477+0000] {logging_mixin.py:188} INFO - [2025-03-20T22:02:08.477+0000] {dag.py:3036} INFO - Sync 1 DAGs
[2025-03-20T22:02:08.503+0000] {logging_mixin.py:188} INFO - [2025-03-20T22:02:08.503+0000] {dag.py:3823} INFO - Setting next_dagrun for example_params_ui_tutorial to None, run_after=None
[2025-03-20T22:02:08.549+0000] {processor.py:183} INFO - Processing /home/nord/venv/lib/python3.8/site-packages/airflow/example_dags/example_params_ui_tutorial.py took 0.478 seconds
[2025-03-20T22:02:38.628+0000] {processor.py:161} INFO - Started process (PID=1885) to work on /home/nord/venv/lib/python3.8/site-packages/airflow/example_dags/example_params_ui_tutorial.py
[2025-03-20T22:02:38.630+0000] {processor.py:830} INFO - Processing file /home/nord/venv/lib/python3.8/site-packages/airflow/example_dags/example_params_ui_tutorial.py for tasks to queue
[2025-03-20T22:02:38.632+0000] {logging_mixin.py:188} INFO - [2025-03-20T22:02:38.632+0000] {dagbag.py:538} INFO - Filling up the DagBag from /home/nord/venv/lib/python3.8/site-packages/airflow/example_dags/example_params_ui_tutorial.py
[2025-03-20T22:02:38.670+0000] {processor.py:840} INFO - DAG(s) 'example_params_ui_tutorial' retrieved from /home/nord/venv/lib/python3.8/site-packages/airflow/example_dags/example_params_ui_tutorial.py
[2025-03-20T22:02:38.837+0000] {logging_mixin.py:188} INFO - [2025-03-20T22:02:38.836+0000] {dag.py:3036} INFO - Sync 1 DAGs
[2025-03-20T22:02:38.857+0000] {logging_mixin.py:188} INFO - [2025-03-20T22:02:38.857+0000] {dag.py:3823} INFO - Setting next_dagrun for example_params_ui_tutorial to None, run_after=None
[2025-03-20T22:02:38.890+0000] {processor.py:183} INFO - Processing /home/nord/venv/lib/python3.8/site-packages/airflow/example_dags/example_params_ui_tutorial.py took 0.269 seconds
[2025-03-20T22:03:13.978+0000] {processor.py:161} INFO - Started process (PID=2523) to work on /home/nord/venv/lib/python3.8/site-packages/airflow/example_dags/example_params_ui_tutorial.py
[2025-03-20T22:03:13.982+0000] {processor.py:830} INFO - Processing file /home/nord/venv/lib/python3.8/site-packages/airflow/example_dags/example_params_ui_tutorial.py for tasks to queue
[2025-03-20T22:03:13.983+0000] {logging_mixin.py:188} INFO - [2025-03-20T22:03:13.983+0000] {dagbag.py:538} INFO - Filling up the DagBag from /home/nord/venv/lib/python3.8/site-packages/airflow/example_dags/example_params_ui_tutorial.py
[2025-03-20T22:03:14.017+0000] {processor.py:840} INFO - DAG(s) 'example_params_ui_tutorial' retrieved from /home/nord/venv/lib/python3.8/site-packages/airflow/example_dags/example_params_ui_tutorial.py
[2025-03-20T22:03:14.235+0000] {logging_mixin.py:188} INFO - [2025-03-20T22:03:14.235+0000] {dag.py:3036} INFO - Sync 1 DAGs
[2025-03-20T22:03:14.288+0000] {logging_mixin.py:188} INFO - [2025-03-20T22:03:14.287+0000] {dag.py:3823} INFO - Setting next_dagrun for example_params_ui_tutorial to None, run_after=None
[2025-03-20T22:03:14.348+0000] {processor.py:183} INFO - Processing /home/nord/venv/lib/python3.8/site-packages/airflow/example_dags/example_params_ui_tutorial.py took 0.378 seconds
[2025-03-20T22:03:44.707+0000] {processor.py:161} INFO - Started process (PID=2924) to work on /home/nord/venv/lib/python3.8/site-packages/airflow/example_dags/example_params_ui_tutorial.py
[2025-03-20T22:03:44.709+0000] {processor.py:830} INFO - Processing file /home/nord/venv/lib/python3.8/site-packages/airflow/example_dags/example_params_ui_tutorial.py for tasks to queue
[2025-03-20T22:03:44.712+0000] {logging_mixin.py:188} INFO - [2025-03-20T22:03:44.710+0000] {dagbag.py:538} INFO - Filling up the DagBag from /home/nord/venv/lib/python3.8/site-packages/airflow/example_dags/example_params_ui_tutorial.py
[2025-03-20T22:03:44.760+0000] {processor.py:840} INFO - DAG(s) 'example_params_ui_tutorial' retrieved from /home/nord/venv/lib/python3.8/site-packages/airflow/example_dags/example_params_ui_tutorial.py
[2025-03-20T22:03:44.939+0000] {logging_mixin.py:188} INFO - [2025-03-20T22:03:44.939+0000] {dag.py:3036} INFO - Sync 1 DAGs
[2025-03-20T22:03:44.971+0000] {logging_mixin.py:188} INFO - [2025-03-20T22:03:44.971+0000] {dag.py:3823} INFO - Setting next_dagrun for example_params_ui_tutorial to None, run_after=None
[2025-03-20T22:03:45.027+0000] {processor.py:183} INFO - Processing /home/nord/venv/lib/python3.8/site-packages/airflow/example_dags/example_params_ui_tutorial.py took 0.337 seconds
[2025-03-20T22:04:16.401+0000] {processor.py:161} INFO - Started process (PID=3270) to work on /home/nord/venv/lib/python3.8/site-packages/airflow/example_dags/example_params_ui_tutorial.py
[2025-03-20T22:04:16.404+0000] {processor.py:830} INFO - Processing file /home/nord/venv/lib/python3.8/site-packages/airflow/example_dags/example_params_ui_tutorial.py for tasks to queue
[2025-03-20T22:04:16.406+0000] {logging_mixin.py:188} INFO - [2025-03-20T22:04:16.405+0000] {dagbag.py:538} INFO - Filling up the DagBag from /home/nord/venv/lib/python3.8/site-packages/airflow/example_dags/example_params_ui_tutorial.py
[2025-03-20T22:04:16.427+0000] {processor.py:840} INFO - DAG(s) 'example_params_ui_tutorial' retrieved from /home/nord/venv/lib/python3.8/site-packages/airflow/example_dags/example_params_ui_tutorial.py
[2025-03-20T22:04:16.564+0000] {logging_mixin.py:188} INFO - [2025-03-20T22:04:16.563+0000] {dag.py:3036} INFO - Sync 1 DAGs
[2025-03-20T22:04:16.599+0000] {logging_mixin.py:188} INFO - [2025-03-20T22:04:16.599+0000] {dag.py:3823} INFO - Setting next_dagrun for example_params_ui_tutorial to None, run_after=None
[2025-03-20T22:04:16.651+0000] {processor.py:183} INFO - Processing /home/nord/venv/lib/python3.8/site-packages/airflow/example_dags/example_params_ui_tutorial.py took 0.255 seconds
[2025-03-20T22:04:47.162+0000] {processor.py:161} INFO - Started process (PID=3588) to work on /home/nord/venv/lib/python3.8/site-packages/airflow/example_dags/example_params_ui_tutorial.py
[2025-03-20T22:04:47.166+0000] {processor.py:830} INFO - Processing file /home/nord/venv/lib/python3.8/site-packages/airflow/example_dags/example_params_ui_tutorial.py for tasks to queue
[2025-03-20T22:04:47.167+0000] {logging_mixin.py:188} INFO - [2025-03-20T22:04:47.167+0000] {dagbag.py:538} INFO - Filling up the DagBag from /home/nord/venv/lib/python3.8/site-packages/airflow/example_dags/example_params_ui_tutorial.py
[2025-03-20T22:04:47.191+0000] {processor.py:840} INFO - DAG(s) 'example_params_ui_tutorial' retrieved from /home/nord/venv/lib/python3.8/site-packages/airflow/example_dags/example_params_ui_tutorial.py
[2025-03-20T22:04:47.338+0000] {logging_mixin.py:188} INFO - [2025-03-20T22:04:47.338+0000] {dag.py:3036} INFO - Sync 1 DAGs
[2025-03-20T22:04:47.370+0000] {logging_mixin.py:188} INFO - [2025-03-20T22:04:47.369+0000] {dag.py:3823} INFO - Setting next_dagrun for example_params_ui_tutorial to None, run_after=None
[2025-03-20T22:04:47.412+0000] {processor.py:183} INFO - Processing /home/nord/venv/lib/python3.8/site-packages/airflow/example_dags/example_params_ui_tutorial.py took 0.255 seconds
[2025-03-20T22:05:18.249+0000] {processor.py:161} INFO - Started process (PID=3914) to work on /home/nord/venv/lib/python3.8/site-packages/airflow/example_dags/example_params_ui_tutorial.py
[2025-03-20T22:05:18.252+0000] {processor.py:830} INFO - Processing file /home/nord/venv/lib/python3.8/site-packages/airflow/example_dags/example_params_ui_tutorial.py for tasks to queue
[2025-03-20T22:05:18.253+0000] {logging_mixin.py:188} INFO - [2025-03-20T22:05:18.253+0000] {dagbag.py:538} INFO - Filling up the DagBag from /home/nord/venv/lib/python3.8/site-packages/airflow/example_dags/example_params_ui_tutorial.py
[2025-03-20T22:05:18.272+0000] {processor.py:840} INFO - DAG(s) 'example_params_ui_tutorial' retrieved from /home/nord/venv/lib/python3.8/site-packages/airflow/example_dags/example_params_ui_tutorial.py
[2025-03-20T22:05:18.394+0000] {logging_mixin.py:188} INFO - [2025-03-20T22:05:18.394+0000] {dag.py:3036} INFO - Sync 1 DAGs
[2025-03-20T22:05:18.413+0000] {logging_mixin.py:188} INFO - [2025-03-20T22:05:18.412+0000] {dag.py:3823} INFO - Setting next_dagrun for example_params_ui_tutorial to None, run_after=None
[2025-03-20T22:05:18.468+0000] {processor.py:183} INFO - Processing /home/nord/venv/lib/python3.8/site-packages/airflow/example_dags/example_params_ui_tutorial.py took 0.224 seconds
[2025-03-20T22:05:54.239+0000] {processor.py:161} INFO - Started process (PID=4510) to work on /home/nord/venv/lib/python3.8/site-packages/airflow/example_dags/example_params_ui_tutorial.py
[2025-03-20T22:05:54.248+0000] {processor.py:830} INFO - Processing file /home/nord/venv/lib/python3.8/site-packages/airflow/example_dags/example_params_ui_tutorial.py for tasks to queue
[2025-03-20T22:05:54.250+0000] {logging_mixin.py:188} INFO - [2025-03-20T22:05:54.249+0000] {dagbag.py:538} INFO - Filling up the DagBag from /home/nord/venv/lib/python3.8/site-packages/airflow/example_dags/example_params_ui_tutorial.py
[2025-03-20T22:05:54.273+0000] {processor.py:840} INFO - DAG(s) 'example_params_ui_tutorial' retrieved from /home/nord/venv/lib/python3.8/site-packages/airflow/example_dags/example_params_ui_tutorial.py
[2025-03-20T22:05:54.383+0000] {logging_mixin.py:188} INFO - [2025-03-20T22:05:54.383+0000] {dag.py:3036} INFO - Sync 1 DAGs
[2025-03-20T22:05:54.401+0000] {logging_mixin.py:188} INFO - [2025-03-20T22:05:54.401+0000] {dag.py:3823} INFO - Setting next_dagrun for example_params_ui_tutorial to None, run_after=None
[2025-03-20T22:05:54.467+0000] {processor.py:183} INFO - Processing /home/nord/venv/lib/python3.8/site-packages/airflow/example_dags/example_params_ui_tutorial.py took 0.235 seconds
[2025-03-20T22:06:25.531+0000] {processor.py:161} INFO - Started process (PID=4833) to work on /home/nord/venv/lib/python3.8/site-packages/airflow/example_dags/example_params_ui_tutorial.py
[2025-03-20T22:06:25.535+0000] {processor.py:830} INFO - Processing file /home/nord/venv/lib/python3.8/site-packages/airflow/example_dags/example_params_ui_tutorial.py for tasks to queue
[2025-03-20T22:06:25.539+0000] {logging_mixin.py:188} INFO - [2025-03-20T22:06:25.537+0000] {dagbag.py:538} INFO - Filling up the DagBag from /home/nord/venv/lib/python3.8/site-packages/airflow/example_dags/example_params_ui_tutorial.py
[2025-03-20T22:06:25.567+0000] {processor.py:840} INFO - DAG(s) 'example_params_ui_tutorial' retrieved from /home/nord/venv/lib/python3.8/site-packages/airflow/example_dags/example_params_ui_tutorial.py
[2025-03-20T22:06:25.725+0000] {logging_mixin.py:188} INFO - [2025-03-20T22:06:25.724+0000] {dag.py:3036} INFO - Sync 1 DAGs
[2025-03-20T22:06:25.758+0000] {logging_mixin.py:188} INFO - [2025-03-20T22:06:25.757+0000] {dag.py:3823} INFO - Setting next_dagrun for example_params_ui_tutorial to None, run_after=None
[2025-03-20T22:06:25.801+0000] {processor.py:183} INFO - Processing /home/nord/venv/lib/python3.8/site-packages/airflow/example_dags/example_params_ui_tutorial.py took 0.277 seconds
[2025-03-20T22:06:56.458+0000] {processor.py:161} INFO - Started process (PID=5158) to work on /home/nord/venv/lib/python3.8/site-packages/airflow/example_dags/example_params_ui_tutorial.py
[2025-03-20T22:06:56.472+0000] {processor.py:830} INFO - Processing file /home/nord/venv/lib/python3.8/site-packages/airflow/example_dags/example_params_ui_tutorial.py for tasks to queue
[2025-03-20T22:06:56.475+0000] {logging_mixin.py:188} INFO - [2025-03-20T22:06:56.474+0000] {dagbag.py:538} INFO - Filling up the DagBag from /home/nord/venv/lib/python3.8/site-packages/airflow/example_dags/example_params_ui_tutorial.py
[2025-03-20T22:06:56.505+0000] {processor.py:840} INFO - DAG(s) 'example_params_ui_tutorial' retrieved from /home/nord/venv/lib/python3.8/site-packages/airflow/example_dags/example_params_ui_tutorial.py
[2025-03-20T22:06:56.617+0000] {logging_mixin.py:188} INFO - [2025-03-20T22:06:56.616+0000] {dag.py:3036} INFO - Sync 1 DAGs
[2025-03-20T22:06:56.637+0000] {logging_mixin.py:188} INFO - [2025-03-20T22:06:56.636+0000] {dag.py:3823} INFO - Setting next_dagrun for example_params_ui_tutorial to None, run_after=None
[2025-03-20T22:06:56.682+0000] {processor.py:183} INFO - Processing /home/nord/venv/lib/python3.8/site-packages/airflow/example_dags/example_params_ui_tutorial.py took 0.280 seconds
[2025-03-20T22:07:26.824+0000] {processor.py:161} INFO - Started process (PID=5618) to work on /home/nord/venv/lib/python3.8/site-packages/airflow/example_dags/example_params_ui_tutorial.py
[2025-03-20T22:07:26.825+0000] {processor.py:830} INFO - Processing file /home/nord/venv/lib/python3.8/site-packages/airflow/example_dags/example_params_ui_tutorial.py for tasks to queue
[2025-03-20T22:07:26.826+0000] {logging_mixin.py:188} INFO - [2025-03-20T22:07:26.826+0000] {dagbag.py:538} INFO - Filling up the DagBag from /home/nord/venv/lib/python3.8/site-packages/airflow/example_dags/example_params_ui_tutorial.py
[2025-03-20T22:07:26.847+0000] {processor.py:840} INFO - DAG(s) 'example_params_ui_tutorial' retrieved from /home/nord/venv/lib/python3.8/site-packages/airflow/example_dags/example_params_ui_tutorial.py
[2025-03-20T22:07:26.969+0000] {logging_mixin.py:188} INFO - [2025-03-20T22:07:26.968+0000] {dag.py:3036} INFO - Sync 1 DAGs
[2025-03-20T22:07:26.994+0000] {logging_mixin.py:188} INFO - [2025-03-20T22:07:26.993+0000] {dag.py:3823} INFO - Setting next_dagrun for example_params_ui_tutorial to None, run_after=None
[2025-03-20T22:07:27.040+0000] {processor.py:183} INFO - Processing /home/nord/venv/lib/python3.8/site-packages/airflow/example_dags/example_params_ui_tutorial.py took 0.223 seconds
[2025-03-20T22:07:57.478+0000] {processor.py:161} INFO - Started process (PID=5962) to work on /home/nord/venv/lib/python3.8/site-packages/airflow/example_dags/example_params_ui_tutorial.py
[2025-03-20T22:07:57.479+0000] {processor.py:830} INFO - Processing file /home/nord/venv/lib/python3.8/site-packages/airflow/example_dags/example_params_ui_tutorial.py for tasks to queue
[2025-03-20T22:07:57.480+0000] {logging_mixin.py:188} INFO - [2025-03-20T22:07:57.480+0000] {dagbag.py:538} INFO - Filling up the DagBag from /home/nord/venv/lib/python3.8/site-packages/airflow/example_dags/example_params_ui_tutorial.py
[2025-03-20T22:07:57.502+0000] {processor.py:840} INFO - DAG(s) 'example_params_ui_tutorial' retrieved from /home/nord/venv/lib/python3.8/site-packages/airflow/example_dags/example_params_ui_tutorial.py
[2025-03-20T22:07:57.655+0000] {logging_mixin.py:188} INFO - [2025-03-20T22:07:57.654+0000] {dag.py:3036} INFO - Sync 1 DAGs
[2025-03-20T22:07:57.701+0000] {logging_mixin.py:188} INFO - [2025-03-20T22:07:57.700+0000] {dag.py:3823} INFO - Setting next_dagrun for example_params_ui_tutorial to None, run_after=None
[2025-03-20T22:07:57.757+0000] {processor.py:183} INFO - Processing /home/nord/venv/lib/python3.8/site-packages/airflow/example_dags/example_params_ui_tutorial.py took 0.287 seconds
[2025-03-20T22:08:29.405+0000] {processor.py:161} INFO - Started process (PID=6293) to work on /home/nord/venv/lib/python3.8/site-packages/airflow/example_dags/example_params_ui_tutorial.py
[2025-03-20T22:08:29.407+0000] {processor.py:830} INFO - Processing file /home/nord/venv/lib/python3.8/site-packages/airflow/example_dags/example_params_ui_tutorial.py for tasks to queue
[2025-03-20T22:08:29.409+0000] {logging_mixin.py:188} INFO - [2025-03-20T22:08:29.408+0000] {dagbag.py:538} INFO - Filling up the DagBag from /home/nord/venv/lib/python3.8/site-packages/airflow/example_dags/example_params_ui_tutorial.py
[2025-03-20T22:08:29.440+0000] {processor.py:840} INFO - DAG(s) 'example_params_ui_tutorial' retrieved from /home/nord/venv/lib/python3.8/site-packages/airflow/example_dags/example_params_ui_tutorial.py
[2025-03-20T22:08:29.590+0000] {logging_mixin.py:188} INFO - [2025-03-20T22:08:29.590+0000] {dag.py:3036} INFO - Sync 1 DAGs
[2025-03-20T22:08:29.615+0000] {logging_mixin.py:188} INFO - [2025-03-20T22:08:29.614+0000] {dag.py:3823} INFO - Setting next_dagrun for example_params_ui_tutorial to None, run_after=None
[2025-03-20T22:08:29.657+0000] {processor.py:183} INFO - Processing /home/nord/venv/lib/python3.8/site-packages/airflow/example_dags/example_params_ui_tutorial.py took 0.261 seconds
[2025-03-20T22:09:01.200+0000] {processor.py:161} INFO - Started process (PID=6643) to work on /home/nord/venv/lib/python3.8/site-packages/airflow/example_dags/example_params_ui_tutorial.py
[2025-03-20T22:09:01.202+0000] {processor.py:830} INFO - Processing file /home/nord/venv/lib/python3.8/site-packages/airflow/example_dags/example_params_ui_tutorial.py for tasks to queue
[2025-03-20T22:09:01.204+0000] {logging_mixin.py:188} INFO - [2025-03-20T22:09:01.203+0000] {dagbag.py:538} INFO - Filling up the DagBag from /home/nord/venv/lib/python3.8/site-packages/airflow/example_dags/example_params_ui_tutorial.py
[2025-03-20T22:09:01.227+0000] {processor.py:840} INFO - DAG(s) 'example_params_ui_tutorial' retrieved from /home/nord/venv/lib/python3.8/site-packages/airflow/example_dags/example_params_ui_tutorial.py
[2025-03-20T22:09:01.378+0000] {logging_mixin.py:188} INFO - [2025-03-20T22:09:01.378+0000] {dag.py:3036} INFO - Sync 1 DAGs
[2025-03-20T22:09:01.402+0000] {logging_mixin.py:188} INFO - [2025-03-20T22:09:01.402+0000] {dag.py:3823} INFO - Setting next_dagrun for example_params_ui_tutorial to None, run_after=None
[2025-03-20T22:09:01.445+0000] {processor.py:183} INFO - Processing /home/nord/venv/lib/python3.8/site-packages/airflow/example_dags/example_params_ui_tutorial.py took 0.259 seconds
[2025-03-20T22:09:32.411+0000] {processor.py:161} INFO - Started process (PID=7055) to work on /home/nord/venv/lib/python3.8/site-packages/airflow/example_dags/example_params_ui_tutorial.py
[2025-03-20T22:09:32.413+0000] {processor.py:830} INFO - Processing file /home/nord/venv/lib/python3.8/site-packages/airflow/example_dags/example_params_ui_tutorial.py for tasks to queue
[2025-03-20T22:09:32.414+0000] {logging_mixin.py:188} INFO - [2025-03-20T22:09:32.414+0000] {dagbag.py:538} INFO - Filling up the DagBag from /home/nord/venv/lib/python3.8/site-packages/airflow/example_dags/example_params_ui_tutorial.py
[2025-03-20T22:09:32.446+0000] {processor.py:840} INFO - DAG(s) 'example_params_ui_tutorial' retrieved from /home/nord/venv/lib/python3.8/site-packages/airflow/example_dags/example_params_ui_tutorial.py
[2025-03-20T22:09:32.632+0000] {logging_mixin.py:188} INFO - [2025-03-20T22:09:32.632+0000] {dag.py:3036} INFO - Sync 1 DAGs
[2025-03-20T22:09:32.656+0000] {logging_mixin.py:188} INFO - [2025-03-20T22:09:32.656+0000] {dag.py:3823} INFO - Setting next_dagrun for example_params_ui_tutorial to None, run_after=None
[2025-03-20T22:09:32.700+0000] {processor.py:183} INFO - Processing /home/nord/venv/lib/python3.8/site-packages/airflow/example_dags/example_params_ui_tutorial.py took 0.295 seconds
[2025-03-20T22:10:03.744+0000] {processor.py:161} INFO - Started process (PID=7428) to work on /home/nord/venv/lib/python3.8/site-packages/airflow/example_dags/example_params_ui_tutorial.py
[2025-03-20T22:10:03.746+0000] {processor.py:830} INFO - Processing file /home/nord/venv/lib/python3.8/site-packages/airflow/example_dags/example_params_ui_tutorial.py for tasks to queue
[2025-03-20T22:10:03.749+0000] {logging_mixin.py:188} INFO - [2025-03-20T22:10:03.748+0000] {dagbag.py:538} INFO - Filling up the DagBag from /home/nord/venv/lib/python3.8/site-packages/airflow/example_dags/example_params_ui_tutorial.py
[2025-03-20T22:10:03.767+0000] {processor.py:840} INFO - DAG(s) 'example_params_ui_tutorial' retrieved from /home/nord/venv/lib/python3.8/site-packages/airflow/example_dags/example_params_ui_tutorial.py
[2025-03-20T22:10:03.884+0000] {logging_mixin.py:188} INFO - [2025-03-20T22:10:03.884+0000] {dag.py:3036} INFO - Sync 1 DAGs
[2025-03-20T22:10:03.908+0000] {logging_mixin.py:188} INFO - [2025-03-20T22:10:03.907+0000] {dag.py:3823} INFO - Setting next_dagrun for example_params_ui_tutorial to None, run_after=None
[2025-03-20T22:10:03.950+0000] {processor.py:183} INFO - Processing /home/nord/venv/lib/python3.8/site-packages/airflow/example_dags/example_params_ui_tutorial.py took 0.210 seconds
[2025-03-20T22:10:36.295+0000] {processor.py:161} INFO - Started process (PID=7758) to work on /home/nord/venv/lib/python3.8/site-packages/airflow/example_dags/example_params_ui_tutorial.py
[2025-03-20T22:10:36.298+0000] {processor.py:830} INFO - Processing file /home/nord/venv/lib/python3.8/site-packages/airflow/example_dags/example_params_ui_tutorial.py for tasks to queue
[2025-03-20T22:10:36.309+0000] {logging_mixin.py:188} INFO - [2025-03-20T22:10:36.308+0000] {dagbag.py:538} INFO - Filling up the DagBag from /home/nord/venv/lib/python3.8/site-packages/airflow/example_dags/example_params_ui_tutorial.py
[2025-03-20T22:10:36.352+0000] {processor.py:840} INFO - DAG(s) 'example_params_ui_tutorial' retrieved from /home/nord/venv/lib/python3.8/site-packages/airflow/example_dags/example_params_ui_tutorial.py
[2025-03-20T22:10:36.514+0000] {logging_mixin.py:188} INFO - [2025-03-20T22:10:36.514+0000] {dag.py:3036} INFO - Sync 1 DAGs
[2025-03-20T22:10:36.542+0000] {logging_mixin.py:188} INFO - [2025-03-20T22:10:36.542+0000] {dag.py:3823} INFO - Setting next_dagrun for example_params_ui_tutorial to None, run_after=None
[2025-03-20T22:10:36.621+0000] {processor.py:183} INFO - Processing /home/nord/venv/lib/python3.8/site-packages/airflow/example_dags/example_params_ui_tutorial.py took 0.340 seconds
[2025-03-20T22:11:07.493+0000] {processor.py:161} INFO - Started process (PID=8081) to work on /home/nord/venv/lib/python3.8/site-packages/airflow/example_dags/example_params_ui_tutorial.py
[2025-03-20T22:11:07.496+0000] {processor.py:830} INFO - Processing file /home/nord/venv/lib/python3.8/site-packages/airflow/example_dags/example_params_ui_tutorial.py for tasks to queue
[2025-03-20T22:11:07.498+0000] {logging_mixin.py:188} INFO - [2025-03-20T22:11:07.497+0000] {dagbag.py:538} INFO - Filling up the DagBag from /home/nord/venv/lib/python3.8/site-packages/airflow/example_dags/example_params_ui_tutorial.py
[2025-03-20T22:11:07.529+0000] {processor.py:840} INFO - DAG(s) 'example_params_ui_tutorial' retrieved from /home/nord/venv/lib/python3.8/site-packages/airflow/example_dags/example_params_ui_tutorial.py
[2025-03-20T22:11:07.683+0000] {logging_mixin.py:188} INFO - [2025-03-20T22:11:07.682+0000] {dag.py:3036} INFO - Sync 1 DAGs
[2025-03-20T22:11:07.713+0000] {logging_mixin.py:188} INFO - [2025-03-20T22:11:07.713+0000] {dag.py:3823} INFO - Setting next_dagrun for example_params_ui_tutorial to None, run_after=None
[2025-03-20T22:11:07.749+0000] {processor.py:183} INFO - Processing /home/nord/venv/lib/python3.8/site-packages/airflow/example_dags/example_params_ui_tutorial.py took 0.267 seconds
[2025-03-20T22:11:38.849+0000] {processor.py:161} INFO - Started process (PID=8403) to work on /home/nord/venv/lib/python3.8/site-packages/airflow/example_dags/example_params_ui_tutorial.py
[2025-03-20T22:11:38.851+0000] {processor.py:830} INFO - Processing file /home/nord/venv/lib/python3.8/site-packages/airflow/example_dags/example_params_ui_tutorial.py for tasks to queue
[2025-03-20T22:11:38.852+0000] {logging_mixin.py:188} INFO - [2025-03-20T22:11:38.852+0000] {dagbag.py:538} INFO - Filling up the DagBag from /home/nord/venv/lib/python3.8/site-packages/airflow/example_dags/example_params_ui_tutorial.py
[2025-03-20T22:11:38.870+0000] {processor.py:840} INFO - DAG(s) 'example_params_ui_tutorial' retrieved from /home/nord/venv/lib/python3.8/site-packages/airflow/example_dags/example_params_ui_tutorial.py
[2025-03-20T22:11:39.009+0000] {logging_mixin.py:188} INFO - [2025-03-20T22:11:39.009+0000] {dag.py:3036} INFO - Sync 1 DAGs
[2025-03-20T22:11:39.032+0000] {logging_mixin.py:188} INFO - [2025-03-20T22:11:39.032+0000] {dag.py:3823} INFO - Setting next_dagrun for example_params_ui_tutorial to None, run_after=None
[2025-03-20T22:11:39.078+0000] {processor.py:183} INFO - Processing /home/nord/venv/lib/python3.8/site-packages/airflow/example_dags/example_params_ui_tutorial.py took 0.234 seconds
