[2025-03-20T22:02:06.852+0000] {processor.py:161} INFO - Started process (PID=1502) to work on /home/nord/venv/lib/python3.8/site-packages/airflow/example_dags/example_python_operator.py
[2025-03-20T22:02:06.853+0000] {processor.py:830} INFO - Processing file /home/nord/venv/lib/python3.8/site-packages/airflow/example_dags/example_python_operator.py for tasks to queue
[2025-03-20T22:02:06.855+0000] {logging_mixin.py:188} INFO - [2025-03-20T22:02:06.854+0000] {dagbag.py:538} INFO - Filling up the DagBag from /home/nord/venv/lib/python3.8/site-packages/airflow/example_dags/example_python_operator.py
[2025-03-20T22:02:06.874+0000] {processor.py:840} INFO - DAG(s) 'example_python_operator' retrieved from /home/nord/venv/lib/python3.8/site-packages/airflow/example_dags/example_python_operator.py
[2025-03-20T22:02:07.086+0000] {logging_mixin.py:188} INFO - [2025-03-20T22:02:07.085+0000] {dag.py:3036} INFO - Sync 1 DAGs
[2025-03-20T22:02:07.110+0000] {logging_mixin.py:188} INFO - [2025-03-20T22:02:07.109+0000] {dag.py:3823} INFO - Setting next_dagrun for example_python_operator to None, run_after=None
[2025-03-20T22:02:07.154+0000] {processor.py:183} INFO - Processing /home/nord/venv/lib/python3.8/site-packages/airflow/example_dags/example_python_operator.py took 0.307 seconds
[2025-03-20T22:02:37.228+0000] {processor.py:161} INFO - Started process (PID=1841) to work on /home/nord/venv/lib/python3.8/site-packages/airflow/example_dags/example_python_operator.py
[2025-03-20T22:02:37.229+0000] {processor.py:830} INFO - Processing file /home/nord/venv/lib/python3.8/site-packages/airflow/example_dags/example_python_operator.py for tasks to queue
[2025-03-20T22:02:37.231+0000] {logging_mixin.py:188} INFO - [2025-03-20T22:02:37.230+0000] {dagbag.py:538} INFO - Filling up the DagBag from /home/nord/venv/lib/python3.8/site-packages/airflow/example_dags/example_python_operator.py
[2025-03-20T22:02:37.250+0000] {processor.py:840} INFO - DAG(s) 'example_python_operator' retrieved from /home/nord/venv/lib/python3.8/site-packages/airflow/example_dags/example_python_operator.py
[2025-03-20T22:02:37.300+0000] {logging_mixin.py:188} INFO - [2025-03-20T22:02:37.300+0000] {dag.py:3036} INFO - Sync 1 DAGs
[2025-03-20T22:02:37.323+0000] {logging_mixin.py:188} INFO - [2025-03-20T22:02:37.323+0000] {dag.py:3823} INFO - Setting next_dagrun for example_python_operator to None, run_after=None
[2025-03-20T22:02:37.363+0000] {processor.py:183} INFO - Processing /home/nord/venv/lib/python3.8/site-packages/airflow/example_dags/example_python_operator.py took 0.140 seconds
[2025-03-20T22:03:12.355+0000] {processor.py:161} INFO - Started process (PID=2463) to work on /home/nord/venv/lib/python3.8/site-packages/airflow/example_dags/example_python_operator.py
[2025-03-20T22:03:12.359+0000] {processor.py:830} INFO - Processing file /home/nord/venv/lib/python3.8/site-packages/airflow/example_dags/example_python_operator.py for tasks to queue
[2025-03-20T22:03:12.361+0000] {logging_mixin.py:188} INFO - [2025-03-20T22:03:12.360+0000] {dagbag.py:538} INFO - Filling up the DagBag from /home/nord/venv/lib/python3.8/site-packages/airflow/example_dags/example_python_operator.py
[2025-03-20T22:03:12.397+0000] {processor.py:840} INFO - DAG(s) 'example_python_operator' retrieved from /home/nord/venv/lib/python3.8/site-packages/airflow/example_dags/example_python_operator.py
[2025-03-20T22:03:12.559+0000] {logging_mixin.py:188} INFO - [2025-03-20T22:03:12.558+0000] {dag.py:3036} INFO - Sync 1 DAGs
[2025-03-20T22:03:12.601+0000] {logging_mixin.py:188} INFO - [2025-03-20T22:03:12.601+0000] {dag.py:3823} INFO - Setting next_dagrun for example_python_operator to None, run_after=None
[2025-03-20T22:03:12.668+0000] {processor.py:183} INFO - Processing /home/nord/venv/lib/python3.8/site-packages/airflow/example_dags/example_python_operator.py took 0.319 seconds
[2025-03-20T22:03:43.251+0000] {processor.py:161} INFO - Started process (PID=2876) to work on /home/nord/venv/lib/python3.8/site-packages/airflow/example_dags/example_python_operator.py
[2025-03-20T22:03:43.257+0000] {processor.py:830} INFO - Processing file /home/nord/venv/lib/python3.8/site-packages/airflow/example_dags/example_python_operator.py for tasks to queue
[2025-03-20T22:03:43.259+0000] {logging_mixin.py:188} INFO - [2025-03-20T22:03:43.258+0000] {dagbag.py:538} INFO - Filling up the DagBag from /home/nord/venv/lib/python3.8/site-packages/airflow/example_dags/example_python_operator.py
[2025-03-20T22:03:43.282+0000] {processor.py:840} INFO - DAG(s) 'example_python_operator' retrieved from /home/nord/venv/lib/python3.8/site-packages/airflow/example_dags/example_python_operator.py
[2025-03-20T22:03:43.360+0000] {logging_mixin.py:188} INFO - [2025-03-20T22:03:43.359+0000] {dag.py:3036} INFO - Sync 1 DAGs
[2025-03-20T22:03:43.402+0000] {logging_mixin.py:188} INFO - [2025-03-20T22:03:43.401+0000] {dag.py:3823} INFO - Setting next_dagrun for example_python_operator to None, run_after=None
[2025-03-20T22:03:43.472+0000] {processor.py:183} INFO - Processing /home/nord/venv/lib/python3.8/site-packages/airflow/example_dags/example_python_operator.py took 0.228 seconds
[2025-03-20T22:04:15.018+0000] {processor.py:161} INFO - Started process (PID=3223) to work on /home/nord/venv/lib/python3.8/site-packages/airflow/example_dags/example_python_operator.py
[2025-03-20T22:04:15.021+0000] {processor.py:830} INFO - Processing file /home/nord/venv/lib/python3.8/site-packages/airflow/example_dags/example_python_operator.py for tasks to queue
[2025-03-20T22:04:15.022+0000] {logging_mixin.py:188} INFO - [2025-03-20T22:04:15.022+0000] {dagbag.py:538} INFO - Filling up the DagBag from /home/nord/venv/lib/python3.8/site-packages/airflow/example_dags/example_python_operator.py
[2025-03-20T22:04:15.051+0000] {processor.py:840} INFO - DAG(s) 'example_python_operator' retrieved from /home/nord/venv/lib/python3.8/site-packages/airflow/example_dags/example_python_operator.py
[2025-03-20T22:04:15.148+0000] {logging_mixin.py:188} INFO - [2025-03-20T22:04:15.148+0000] {dag.py:3036} INFO - Sync 1 DAGs
[2025-03-20T22:04:15.175+0000] {logging_mixin.py:188} INFO - [2025-03-20T22:04:15.175+0000] {dag.py:3823} INFO - Setting next_dagrun for example_python_operator to None, run_after=None
[2025-03-20T22:04:15.224+0000] {processor.py:183} INFO - Processing /home/nord/venv/lib/python3.8/site-packages/airflow/example_dags/example_python_operator.py took 0.212 seconds
[2025-03-20T22:04:46.267+0000] {processor.py:161} INFO - Started process (PID=3546) to work on /home/nord/venv/lib/python3.8/site-packages/airflow/example_dags/example_python_operator.py
[2025-03-20T22:04:46.270+0000] {processor.py:830} INFO - Processing file /home/nord/venv/lib/python3.8/site-packages/airflow/example_dags/example_python_operator.py for tasks to queue
[2025-03-20T22:04:46.272+0000] {logging_mixin.py:188} INFO - [2025-03-20T22:04:46.271+0000] {dagbag.py:538} INFO - Filling up the DagBag from /home/nord/venv/lib/python3.8/site-packages/airflow/example_dags/example_python_operator.py
[2025-03-20T22:04:46.293+0000] {processor.py:840} INFO - DAG(s) 'example_python_operator' retrieved from /home/nord/venv/lib/python3.8/site-packages/airflow/example_dags/example_python_operator.py
[2025-03-20T22:04:46.349+0000] {logging_mixin.py:188} INFO - [2025-03-20T22:04:46.348+0000] {dag.py:3036} INFO - Sync 1 DAGs
[2025-03-20T22:04:46.384+0000] {logging_mixin.py:188} INFO - [2025-03-20T22:04:46.384+0000] {dag.py:3823} INFO - Setting next_dagrun for example_python_operator to None, run_after=None
[2025-03-20T22:04:46.429+0000] {processor.py:183} INFO - Processing /home/nord/venv/lib/python3.8/site-packages/airflow/example_dags/example_python_operator.py took 0.168 seconds
[2025-03-20T22:05:17.483+0000] {processor.py:161} INFO - Started process (PID=3869) to work on /home/nord/venv/lib/python3.8/site-packages/airflow/example_dags/example_python_operator.py
[2025-03-20T22:05:17.486+0000] {processor.py:830} INFO - Processing file /home/nord/venv/lib/python3.8/site-packages/airflow/example_dags/example_python_operator.py for tasks to queue
[2025-03-20T22:05:17.487+0000] {logging_mixin.py:188} INFO - [2025-03-20T22:05:17.486+0000] {dagbag.py:538} INFO - Filling up the DagBag from /home/nord/venv/lib/python3.8/site-packages/airflow/example_dags/example_python_operator.py
[2025-03-20T22:05:17.507+0000] {processor.py:840} INFO - DAG(s) 'example_python_operator' retrieved from /home/nord/venv/lib/python3.8/site-packages/airflow/example_dags/example_python_operator.py
[2025-03-20T22:05:17.566+0000] {logging_mixin.py:188} INFO - [2025-03-20T22:05:17.565+0000] {dag.py:3036} INFO - Sync 1 DAGs
[2025-03-20T22:05:17.595+0000] {logging_mixin.py:188} INFO - [2025-03-20T22:05:17.594+0000] {dag.py:3823} INFO - Setting next_dagrun for example_python_operator to None, run_after=None
[2025-03-20T22:05:17.639+0000] {processor.py:183} INFO - Processing /home/nord/venv/lib/python3.8/site-packages/airflow/example_dags/example_python_operator.py took 0.162 seconds
[2025-03-20T22:05:53.113+0000] {processor.py:161} INFO - Started process (PID=4465) to work on /home/nord/venv/lib/python3.8/site-packages/airflow/example_dags/example_python_operator.py
[2025-03-20T22:05:53.115+0000] {processor.py:830} INFO - Processing file /home/nord/venv/lib/python3.8/site-packages/airflow/example_dags/example_python_operator.py for tasks to queue
[2025-03-20T22:05:53.116+0000] {logging_mixin.py:188} INFO - [2025-03-20T22:05:53.115+0000] {dagbag.py:538} INFO - Filling up the DagBag from /home/nord/venv/lib/python3.8/site-packages/airflow/example_dags/example_python_operator.py
[2025-03-20T22:05:53.136+0000] {processor.py:840} INFO - DAG(s) 'example_python_operator' retrieved from /home/nord/venv/lib/python3.8/site-packages/airflow/example_dags/example_python_operator.py
[2025-03-20T22:05:53.359+0000] {logging_mixin.py:188} INFO - [2025-03-20T22:05:53.359+0000] {dag.py:3036} INFO - Sync 1 DAGs
[2025-03-20T22:05:53.377+0000] {logging_mixin.py:188} INFO - [2025-03-20T22:05:53.377+0000] {dag.py:3823} INFO - Setting next_dagrun for example_python_operator to None, run_after=None
[2025-03-20T22:05:53.414+0000] {processor.py:183} INFO - Processing /home/nord/venv/lib/python3.8/site-packages/airflow/example_dags/example_python_operator.py took 0.308 seconds
[2025-03-20T22:06:23.736+0000] {processor.py:161} INFO - Started process (PID=4789) to work on /home/nord/venv/lib/python3.8/site-packages/airflow/example_dags/example_python_operator.py
[2025-03-20T22:06:23.737+0000] {processor.py:830} INFO - Processing file /home/nord/venv/lib/python3.8/site-packages/airflow/example_dags/example_python_operator.py for tasks to queue
[2025-03-20T22:06:23.739+0000] {logging_mixin.py:188} INFO - [2025-03-20T22:06:23.738+0000] {dagbag.py:538} INFO - Filling up the DagBag from /home/nord/venv/lib/python3.8/site-packages/airflow/example_dags/example_python_operator.py
[2025-03-20T22:06:23.759+0000] {processor.py:840} INFO - DAG(s) 'example_python_operator' retrieved from /home/nord/venv/lib/python3.8/site-packages/airflow/example_dags/example_python_operator.py
[2025-03-20T22:06:23.814+0000] {logging_mixin.py:188} INFO - [2025-03-20T22:06:23.814+0000] {dag.py:3036} INFO - Sync 1 DAGs
[2025-03-20T22:06:23.843+0000] {logging_mixin.py:188} INFO - [2025-03-20T22:06:23.842+0000] {dag.py:3823} INFO - Setting next_dagrun for example_python_operator to None, run_after=None
[2025-03-20T22:06:23.879+0000] {processor.py:183} INFO - Processing /home/nord/venv/lib/python3.8/site-packages/airflow/example_dags/example_python_operator.py took 0.149 seconds
[2025-03-20T22:06:54.353+0000] {processor.py:161} INFO - Started process (PID=5111) to work on /home/nord/venv/lib/python3.8/site-packages/airflow/example_dags/example_python_operator.py
[2025-03-20T22:06:54.356+0000] {processor.py:830} INFO - Processing file /home/nord/venv/lib/python3.8/site-packages/airflow/example_dags/example_python_operator.py for tasks to queue
[2025-03-20T22:06:54.358+0000] {logging_mixin.py:188} INFO - [2025-03-20T22:06:54.357+0000] {dagbag.py:538} INFO - Filling up the DagBag from /home/nord/venv/lib/python3.8/site-packages/airflow/example_dags/example_python_operator.py
[2025-03-20T22:06:54.391+0000] {processor.py:840} INFO - DAG(s) 'example_python_operator' retrieved from /home/nord/venv/lib/python3.8/site-packages/airflow/example_dags/example_python_operator.py
[2025-03-20T22:06:54.450+0000] {logging_mixin.py:188} INFO - [2025-03-20T22:06:54.449+0000] {dag.py:3036} INFO - Sync 1 DAGs
[2025-03-20T22:06:54.478+0000] {logging_mixin.py:188} INFO - [2025-03-20T22:06:54.477+0000] {dag.py:3823} INFO - Setting next_dagrun for example_python_operator to None, run_after=None
[2025-03-20T22:06:54.522+0000] {processor.py:183} INFO - Processing /home/nord/venv/lib/python3.8/site-packages/airflow/example_dags/example_python_operator.py took 0.177 seconds
[2025-03-20T22:07:26.040+0000] {processor.py:161} INFO - Started process (PID=5579) to work on /home/nord/venv/lib/python3.8/site-packages/airflow/example_dags/example_python_operator.py
[2025-03-20T22:07:26.042+0000] {processor.py:830} INFO - Processing file /home/nord/venv/lib/python3.8/site-packages/airflow/example_dags/example_python_operator.py for tasks to queue
[2025-03-20T22:07:26.044+0000] {logging_mixin.py:188} INFO - [2025-03-20T22:07:26.043+0000] {dagbag.py:538} INFO - Filling up the DagBag from /home/nord/venv/lib/python3.8/site-packages/airflow/example_dags/example_python_operator.py
[2025-03-20T22:07:26.067+0000] {processor.py:840} INFO - DAG(s) 'example_python_operator' retrieved from /home/nord/venv/lib/python3.8/site-packages/airflow/example_dags/example_python_operator.py
[2025-03-20T22:07:26.139+0000] {logging_mixin.py:188} INFO - [2025-03-20T22:07:26.137+0000] {dag.py:3036} INFO - Sync 1 DAGs
[2025-03-20T22:07:26.168+0000] {logging_mixin.py:188} INFO - [2025-03-20T22:07:26.168+0000] {dag.py:3823} INFO - Setting next_dagrun for example_python_operator to None, run_after=None
[2025-03-20T22:07:26.209+0000] {processor.py:183} INFO - Processing /home/nord/venv/lib/python3.8/site-packages/airflow/example_dags/example_python_operator.py took 0.175 seconds
[2025-03-20T22:07:56.855+0000] {processor.py:161} INFO - Started process (PID=5922) to work on /home/nord/venv/lib/python3.8/site-packages/airflow/example_dags/example_python_operator.py
[2025-03-20T22:07:56.856+0000] {processor.py:830} INFO - Processing file /home/nord/venv/lib/python3.8/site-packages/airflow/example_dags/example_python_operator.py for tasks to queue
[2025-03-20T22:07:56.857+0000] {logging_mixin.py:188} INFO - [2025-03-20T22:07:56.857+0000] {dagbag.py:538} INFO - Filling up the DagBag from /home/nord/venv/lib/python3.8/site-packages/airflow/example_dags/example_python_operator.py
[2025-03-20T22:07:56.878+0000] {processor.py:840} INFO - DAG(s) 'example_python_operator' retrieved from /home/nord/venv/lib/python3.8/site-packages/airflow/example_dags/example_python_operator.py
[2025-03-20T22:07:56.928+0000] {logging_mixin.py:188} INFO - [2025-03-20T22:07:56.927+0000] {dag.py:3036} INFO - Sync 1 DAGs
[2025-03-20T22:07:56.952+0000] {logging_mixin.py:188} INFO - [2025-03-20T22:07:56.952+0000] {dag.py:3823} INFO - Setting next_dagrun for example_python_operator to None, run_after=None
[2025-03-20T22:07:56.985+0000] {processor.py:183} INFO - Processing /home/nord/venv/lib/python3.8/site-packages/airflow/example_dags/example_python_operator.py took 0.136 seconds
[2025-03-20T22:08:28.626+0000] {processor.py:161} INFO - Started process (PID=6251) to work on /home/nord/venv/lib/python3.8/site-packages/airflow/example_dags/example_python_operator.py
[2025-03-20T22:08:28.628+0000] {processor.py:830} INFO - Processing file /home/nord/venv/lib/python3.8/site-packages/airflow/example_dags/example_python_operator.py for tasks to queue
[2025-03-20T22:08:28.630+0000] {logging_mixin.py:188} INFO - [2025-03-20T22:08:28.629+0000] {dagbag.py:538} INFO - Filling up the DagBag from /home/nord/venv/lib/python3.8/site-packages/airflow/example_dags/example_python_operator.py
[2025-03-20T22:08:28.652+0000] {processor.py:840} INFO - DAG(s) 'example_python_operator' retrieved from /home/nord/venv/lib/python3.8/site-packages/airflow/example_dags/example_python_operator.py
[2025-03-20T22:08:28.702+0000] {logging_mixin.py:188} INFO - [2025-03-20T22:08:28.702+0000] {dag.py:3036} INFO - Sync 1 DAGs
[2025-03-20T22:08:28.720+0000] {logging_mixin.py:188} INFO - [2025-03-20T22:08:28.720+0000] {dag.py:3823} INFO - Setting next_dagrun for example_python_operator to None, run_after=None
[2025-03-20T22:08:28.756+0000] {processor.py:183} INFO - Processing /home/nord/venv/lib/python3.8/site-packages/airflow/example_dags/example_python_operator.py took 0.138 seconds
[2025-03-20T22:09:00.001+0000] {processor.py:161} INFO - Started process (PID=6601) to work on /home/nord/venv/lib/python3.8/site-packages/airflow/example_dags/example_python_operator.py
[2025-03-20T22:09:00.003+0000] {processor.py:830} INFO - Processing file /home/nord/venv/lib/python3.8/site-packages/airflow/example_dags/example_python_operator.py for tasks to queue
[2025-03-20T22:09:00.006+0000] {logging_mixin.py:188} INFO - [2025-03-20T22:09:00.004+0000] {dagbag.py:538} INFO - Filling up the DagBag from /home/nord/venv/lib/python3.8/site-packages/airflow/example_dags/example_python_operator.py
[2025-03-20T22:09:00.063+0000] {processor.py:840} INFO - DAG(s) 'example_python_operator' retrieved from /home/nord/venv/lib/python3.8/site-packages/airflow/example_dags/example_python_operator.py
[2025-03-20T22:09:00.124+0000] {logging_mixin.py:188} INFO - [2025-03-20T22:09:00.123+0000] {dag.py:3036} INFO - Sync 1 DAGs
[2025-03-20T22:09:00.154+0000] {logging_mixin.py:188} INFO - [2025-03-20T22:09:00.153+0000] {dag.py:3823} INFO - Setting next_dagrun for example_python_operator to None, run_after=None
[2025-03-20T22:09:00.195+0000] {processor.py:183} INFO - Processing /home/nord/venv/lib/python3.8/site-packages/airflow/example_dags/example_python_operator.py took 0.201 seconds
[2025-03-20T22:09:31.700+0000] {processor.py:161} INFO - Started process (PID=7012) to work on /home/nord/venv/lib/python3.8/site-packages/airflow/example_dags/example_python_operator.py
[2025-03-20T22:09:31.703+0000] {processor.py:830} INFO - Processing file /home/nord/venv/lib/python3.8/site-packages/airflow/example_dags/example_python_operator.py for tasks to queue
[2025-03-20T22:09:31.704+0000] {logging_mixin.py:188} INFO - [2025-03-20T22:09:31.704+0000] {dagbag.py:538} INFO - Filling up the DagBag from /home/nord/venv/lib/python3.8/site-packages/airflow/example_dags/example_python_operator.py
[2025-03-20T22:09:31.728+0000] {processor.py:840} INFO - DAG(s) 'example_python_operator' retrieved from /home/nord/venv/lib/python3.8/site-packages/airflow/example_dags/example_python_operator.py
[2025-03-20T22:09:31.774+0000] {logging_mixin.py:188} INFO - [2025-03-20T22:09:31.774+0000] {dag.py:3036} INFO - Sync 1 DAGs
[2025-03-20T22:09:31.798+0000] {logging_mixin.py:188} INFO - [2025-03-20T22:09:31.797+0000] {dag.py:3823} INFO - Setting next_dagrun for example_python_operator to None, run_after=None
[2025-03-20T22:09:31.838+0000] {processor.py:183} INFO - Processing /home/nord/venv/lib/python3.8/site-packages/airflow/example_dags/example_python_operator.py took 0.143 seconds
[2025-03-20T22:10:02.884+0000] {processor.py:161} INFO - Started process (PID=7385) to work on /home/nord/venv/lib/python3.8/site-packages/airflow/example_dags/example_python_operator.py
[2025-03-20T22:10:02.885+0000] {processor.py:830} INFO - Processing file /home/nord/venv/lib/python3.8/site-packages/airflow/example_dags/example_python_operator.py for tasks to queue
[2025-03-20T22:10:02.887+0000] {logging_mixin.py:188} INFO - [2025-03-20T22:10:02.886+0000] {dagbag.py:538} INFO - Filling up the DagBag from /home/nord/venv/lib/python3.8/site-packages/airflow/example_dags/example_python_operator.py
[2025-03-20T22:10:02.908+0000] {processor.py:840} INFO - DAG(s) 'example_python_operator' retrieved from /home/nord/venv/lib/python3.8/site-packages/airflow/example_dags/example_python_operator.py
[2025-03-20T22:10:02.964+0000] {logging_mixin.py:188} INFO - [2025-03-20T22:10:02.964+0000] {dag.py:3036} INFO - Sync 1 DAGs
[2025-03-20T22:10:02.991+0000] {logging_mixin.py:188} INFO - [2025-03-20T22:10:02.991+0000] {dag.py:3823} INFO - Setting next_dagrun for example_python_operator to None, run_after=None
[2025-03-20T22:10:03.042+0000] {processor.py:183} INFO - Processing /home/nord/venv/lib/python3.8/site-packages/airflow/example_dags/example_python_operator.py took 0.163 seconds
[2025-03-20T22:10:34.074+0000] {processor.py:161} INFO - Started process (PID=7715) to work on /home/nord/venv/lib/python3.8/site-packages/airflow/example_dags/example_python_operator.py
[2025-03-20T22:10:34.078+0000] {processor.py:830} INFO - Processing file /home/nord/venv/lib/python3.8/site-packages/airflow/example_dags/example_python_operator.py for tasks to queue
[2025-03-20T22:10:34.080+0000] {logging_mixin.py:188} INFO - [2025-03-20T22:10:34.079+0000] {dagbag.py:538} INFO - Filling up the DagBag from /home/nord/venv/lib/python3.8/site-packages/airflow/example_dags/example_python_operator.py
[2025-03-20T22:10:34.128+0000] {processor.py:840} INFO - DAG(s) 'example_python_operator' retrieved from /home/nord/venv/lib/python3.8/site-packages/airflow/example_dags/example_python_operator.py
[2025-03-20T22:10:34.252+0000] {logging_mixin.py:188} INFO - [2025-03-20T22:10:34.251+0000] {dag.py:3036} INFO - Sync 1 DAGs
[2025-03-20T22:10:34.302+0000] {logging_mixin.py:188} INFO - [2025-03-20T22:10:34.302+0000] {dag.py:3823} INFO - Setting next_dagrun for example_python_operator to None, run_after=None
[2025-03-20T22:10:34.423+0000] {processor.py:183} INFO - Processing /home/nord/venv/lib/python3.8/site-packages/airflow/example_dags/example_python_operator.py took 0.358 seconds
[2025-03-20T22:11:05.098+0000] {processor.py:161} INFO - Started process (PID=8028) to work on /home/nord/venv/lib/python3.8/site-packages/airflow/example_dags/example_python_operator.py
[2025-03-20T22:11:05.102+0000] {processor.py:830} INFO - Processing file /home/nord/venv/lib/python3.8/site-packages/airflow/example_dags/example_python_operator.py for tasks to queue
[2025-03-20T22:11:05.105+0000] {logging_mixin.py:188} INFO - [2025-03-20T22:11:05.104+0000] {dagbag.py:538} INFO - Filling up the DagBag from /home/nord/venv/lib/python3.8/site-packages/airflow/example_dags/example_python_operator.py
[2025-03-20T22:11:05.135+0000] {processor.py:840} INFO - DAG(s) 'example_python_operator' retrieved from /home/nord/venv/lib/python3.8/site-packages/airflow/example_dags/example_python_operator.py
[2025-03-20T22:11:05.191+0000] {logging_mixin.py:188} INFO - [2025-03-20T22:11:05.190+0000] {dag.py:3036} INFO - Sync 1 DAGs
[2025-03-20T22:11:05.227+0000] {logging_mixin.py:188} INFO - [2025-03-20T22:11:05.226+0000] {dag.py:3823} INFO - Setting next_dagrun for example_python_operator to None, run_after=None
[2025-03-20T22:11:05.279+0000] {processor.py:183} INFO - Processing /home/nord/venv/lib/python3.8/site-packages/airflow/example_dags/example_python_operator.py took 0.188 seconds
[2025-03-20T22:11:35.685+0000] {processor.py:161} INFO - Started process (PID=8351) to work on /home/nord/venv/lib/python3.8/site-packages/airflow/example_dags/example_python_operator.py
[2025-03-20T22:11:35.689+0000] {processor.py:830} INFO - Processing file /home/nord/venv/lib/python3.8/site-packages/airflow/example_dags/example_python_operator.py for tasks to queue
[2025-03-20T22:11:35.693+0000] {logging_mixin.py:188} INFO - [2025-03-20T22:11:35.692+0000] {dagbag.py:538} INFO - Filling up the DagBag from /home/nord/venv/lib/python3.8/site-packages/airflow/example_dags/example_python_operator.py
[2025-03-20T22:11:35.728+0000] {processor.py:840} INFO - DAG(s) 'example_python_operator' retrieved from /home/nord/venv/lib/python3.8/site-packages/airflow/example_dags/example_python_operator.py
[2025-03-20T22:11:35.783+0000] {logging_mixin.py:188} INFO - [2025-03-20T22:11:35.783+0000] {dag.py:3036} INFO - Sync 1 DAGs
[2025-03-20T22:11:35.803+0000] {logging_mixin.py:188} INFO - [2025-03-20T22:11:35.803+0000] {dag.py:3823} INFO - Setting next_dagrun for example_python_operator to None, run_after=None
[2025-03-20T22:11:35.842+0000] {processor.py:183} INFO - Processing /home/nord/venv/lib/python3.8/site-packages/airflow/example_dags/example_python_operator.py took 0.173 seconds
