[2025-03-20T22:02:07.133+0000] {processor.py:161} INFO - Started process (PID=1514) to work on /home/nord/venv/lib/python3.8/site-packages/airflow/example_dags/example_branch_datetime_operator.py
[2025-03-20T22:02:07.134+0000] {processor.py:830} INFO - Processing file /home/nord/venv/lib/python3.8/site-packages/airflow/example_dags/example_branch_datetime_operator.py for tasks to queue
[2025-03-20T22:02:07.135+0000] {logging_mixin.py:188} INFO - [2025-03-20T22:02:07.135+0000] {dagbag.py:538} INFO - Filling up the DagBag from /home/nord/venv/lib/python3.8/site-packages/airflow/example_dags/example_branch_datetime_operator.py
[2025-03-20T22:02:07.153+0000] {processor.py:840} INFO - DAG(s) 'example_branch_datetime_operator_2', 'example_branch_datetime_operator', 'example_branch_datetime_operator_3' retrieved from /home/nord/venv/lib/python3.8/site-packages/airflow/example_dags/example_branch_datetime_operator.py
[2025-03-20T22:02:07.225+0000] {logging_mixin.py:188} INFO - [2025-03-20T22:02:07.225+0000] {dag.py:3036} INFO - Sync 3 DAGs
[2025-03-20T22:02:07.266+0000] {logging_mixin.py:188} INFO - [2025-03-20T22:02:07.266+0000] {dag.py:3823} INFO - Setting next_dagrun for example_branch_datetime_operator to 2025-03-19 00:00:00+00:00, run_after=2025-03-20 00:00:00+00:00
[2025-03-20T22:02:07.275+0000] {logging_mixin.py:188} INFO - [2025-03-20T22:02:07.275+0000] {dag.py:3823} INFO - Setting next_dagrun for example_branch_datetime_operator_2 to 2025-03-19 00:00:00+00:00, run_after=2025-03-20 00:00:00+00:00
[2025-03-20T22:02:07.280+0000] {logging_mixin.py:188} INFO - [2025-03-20T22:02:07.280+0000] {dag.py:3823} INFO - Setting next_dagrun for example_branch_datetime_operator_3 to 2025-03-19 00:00:00+00:00, run_after=2025-03-20 00:00:00+00:00
[2025-03-20T22:02:07.316+0000] {processor.py:183} INFO - Processing /home/nord/venv/lib/python3.8/site-packages/airflow/example_dags/example_branch_datetime_operator.py took 0.190 seconds
[2025-03-20T22:02:37.398+0000] {processor.py:161} INFO - Started process (PID=1853) to work on /home/nord/venv/lib/python3.8/site-packages/airflow/example_dags/example_branch_datetime_operator.py
[2025-03-20T22:02:37.399+0000] {processor.py:830} INFO - Processing file /home/nord/venv/lib/python3.8/site-packages/airflow/example_dags/example_branch_datetime_operator.py for tasks to queue
[2025-03-20T22:02:37.401+0000] {logging_mixin.py:188} INFO - [2025-03-20T22:02:37.400+0000] {dagbag.py:538} INFO - Filling up the DagBag from /home/nord/venv/lib/python3.8/site-packages/airflow/example_dags/example_branch_datetime_operator.py
[2025-03-20T22:02:37.421+0000] {processor.py:840} INFO - DAG(s) 'example_branch_datetime_operator', 'example_branch_datetime_operator_2', 'example_branch_datetime_operator_3' retrieved from /home/nord/venv/lib/python3.8/site-packages/airflow/example_dags/example_branch_datetime_operator.py
[2025-03-20T22:02:37.485+0000] {logging_mixin.py:188} INFO - [2025-03-20T22:02:37.485+0000] {dag.py:3036} INFO - Sync 3 DAGs
[2025-03-20T22:02:37.517+0000] {logging_mixin.py:188} INFO - [2025-03-20T22:02:37.517+0000] {dag.py:3823} INFO - Setting next_dagrun for example_branch_datetime_operator to 2025-03-19 00:00:00+00:00, run_after=2025-03-20 00:00:00+00:00
[2025-03-20T22:02:37.527+0000] {logging_mixin.py:188} INFO - [2025-03-20T22:02:37.526+0000] {dag.py:3823} INFO - Setting next_dagrun for example_branch_datetime_operator_2 to 2025-03-19 00:00:00+00:00, run_after=2025-03-20 00:00:00+00:00
[2025-03-20T22:02:37.532+0000] {logging_mixin.py:188} INFO - [2025-03-20T22:02:37.531+0000] {dag.py:3823} INFO - Setting next_dagrun for example_branch_datetime_operator_3 to 2025-03-19 00:00:00+00:00, run_after=2025-03-20 00:00:00+00:00
[2025-03-20T22:02:37.577+0000] {processor.py:183} INFO - Processing /home/nord/venv/lib/python3.8/site-packages/airflow/example_dags/example_branch_datetime_operator.py took 0.185 seconds
[2025-03-20T22:03:12.791+0000] {processor.py:161} INFO - Started process (PID=2476) to work on /home/nord/venv/lib/python3.8/site-packages/airflow/example_dags/example_branch_datetime_operator.py
[2025-03-20T22:03:12.794+0000] {processor.py:830} INFO - Processing file /home/nord/venv/lib/python3.8/site-packages/airflow/example_dags/example_branch_datetime_operator.py for tasks to queue
[2025-03-20T22:03:12.799+0000] {logging_mixin.py:188} INFO - [2025-03-20T22:03:12.798+0000] {dagbag.py:538} INFO - Filling up the DagBag from /home/nord/venv/lib/python3.8/site-packages/airflow/example_dags/example_branch_datetime_operator.py
[2025-03-20T22:03:12.827+0000] {processor.py:840} INFO - DAG(s) 'example_branch_datetime_operator_2', 'example_branch_datetime_operator_3', 'example_branch_datetime_operator' retrieved from /home/nord/venv/lib/python3.8/site-packages/airflow/example_dags/example_branch_datetime_operator.py
[2025-03-20T22:03:13.036+0000] {logging_mixin.py:188} INFO - [2025-03-20T22:03:13.036+0000] {dag.py:3036} INFO - Sync 3 DAGs
[2025-03-20T22:03:13.118+0000] {logging_mixin.py:188} INFO - [2025-03-20T22:03:13.118+0000] {dag.py:3823} INFO - Setting next_dagrun for example_branch_datetime_operator to 2025-03-19 00:00:00+00:00, run_after=2025-03-20 00:00:00+00:00
[2025-03-20T22:03:13.132+0000] {logging_mixin.py:188} INFO - [2025-03-20T22:03:13.131+0000] {dag.py:3823} INFO - Setting next_dagrun for example_branch_datetime_operator_2 to 2025-03-19 00:00:00+00:00, run_after=2025-03-20 00:00:00+00:00
[2025-03-20T22:03:13.139+0000] {logging_mixin.py:188} INFO - [2025-03-20T22:03:13.138+0000] {dag.py:3823} INFO - Setting next_dagrun for example_branch_datetime_operator_3 to 2025-03-19 00:00:00+00:00, run_after=2025-03-20 00:00:00+00:00
[2025-03-20T22:03:13.196+0000] {processor.py:183} INFO - Processing /home/nord/venv/lib/python3.8/site-packages/airflow/example_dags/example_branch_datetime_operator.py took 0.414 seconds
[2025-03-20T22:03:43.536+0000] {processor.py:161} INFO - Started process (PID=2888) to work on /home/nord/venv/lib/python3.8/site-packages/airflow/example_dags/example_branch_datetime_operator.py
[2025-03-20T22:03:43.537+0000] {processor.py:830} INFO - Processing file /home/nord/venv/lib/python3.8/site-packages/airflow/example_dags/example_branch_datetime_operator.py for tasks to queue
[2025-03-20T22:03:43.539+0000] {logging_mixin.py:188} INFO - [2025-03-20T22:03:43.538+0000] {dagbag.py:538} INFO - Filling up the DagBag from /home/nord/venv/lib/python3.8/site-packages/airflow/example_dags/example_branch_datetime_operator.py
[2025-03-20T22:03:43.564+0000] {processor.py:840} INFO - DAG(s) 'example_branch_datetime_operator_2', 'example_branch_datetime_operator_3', 'example_branch_datetime_operator' retrieved from /home/nord/venv/lib/python3.8/site-packages/airflow/example_dags/example_branch_datetime_operator.py
[2025-03-20T22:03:43.664+0000] {logging_mixin.py:188} INFO - [2025-03-20T22:03:43.664+0000] {dag.py:3036} INFO - Sync 3 DAGs
[2025-03-20T22:03:43.735+0000] {logging_mixin.py:188} INFO - [2025-03-20T22:03:43.731+0000] {dag.py:3823} INFO - Setting next_dagrun for example_branch_datetime_operator to 2025-03-19 00:00:00+00:00, run_after=2025-03-20 00:00:00+00:00
[2025-03-20T22:03:43.747+0000] {logging_mixin.py:188} INFO - [2025-03-20T22:03:43.746+0000] {dag.py:3823} INFO - Setting next_dagrun for example_branch_datetime_operator_2 to 2025-03-19 00:00:00+00:00, run_after=2025-03-20 00:00:00+00:00
[2025-03-20T22:03:43.755+0000] {logging_mixin.py:188} INFO - [2025-03-20T22:03:43.755+0000] {dag.py:3823} INFO - Setting next_dagrun for example_branch_datetime_operator_3 to 2025-03-19 00:00:00+00:00, run_after=2025-03-20 00:00:00+00:00
[2025-03-20T22:03:43.798+0000] {processor.py:183} INFO - Processing /home/nord/venv/lib/python3.8/site-packages/airflow/example_dags/example_branch_datetime_operator.py took 0.274 seconds
[2025-03-20T22:04:15.266+0000] {processor.py:161} INFO - Started process (PID=3235) to work on /home/nord/venv/lib/python3.8/site-packages/airflow/example_dags/example_branch_datetime_operator.py
[2025-03-20T22:04:15.268+0000] {processor.py:830} INFO - Processing file /home/nord/venv/lib/python3.8/site-packages/airflow/example_dags/example_branch_datetime_operator.py for tasks to queue
[2025-03-20T22:04:15.271+0000] {logging_mixin.py:188} INFO - [2025-03-20T22:04:15.270+0000] {dagbag.py:538} INFO - Filling up the DagBag from /home/nord/venv/lib/python3.8/site-packages/airflow/example_dags/example_branch_datetime_operator.py
[2025-03-20T22:04:15.291+0000] {processor.py:840} INFO - DAG(s) 'example_branch_datetime_operator', 'example_branch_datetime_operator_2', 'example_branch_datetime_operator_3' retrieved from /home/nord/venv/lib/python3.8/site-packages/airflow/example_dags/example_branch_datetime_operator.py
[2025-03-20T22:04:15.425+0000] {logging_mixin.py:188} INFO - [2025-03-20T22:04:15.424+0000] {dag.py:3036} INFO - Sync 3 DAGs
[2025-03-20T22:04:15.507+0000] {logging_mixin.py:188} INFO - [2025-03-20T22:04:15.506+0000] {dag.py:3823} INFO - Setting next_dagrun for example_branch_datetime_operator to 2025-03-19 00:00:00+00:00, run_after=2025-03-20 00:00:00+00:00
[2025-03-20T22:04:15.524+0000] {logging_mixin.py:188} INFO - [2025-03-20T22:04:15.524+0000] {dag.py:3823} INFO - Setting next_dagrun for example_branch_datetime_operator_2 to 2025-03-19 00:00:00+00:00, run_after=2025-03-20 00:00:00+00:00
[2025-03-20T22:04:15.538+0000] {logging_mixin.py:188} INFO - [2025-03-20T22:04:15.537+0000] {dag.py:3823} INFO - Setting next_dagrun for example_branch_datetime_operator_3 to 2025-03-19 00:00:00+00:00, run_after=2025-03-20 00:00:00+00:00
[2025-03-20T22:04:15.601+0000] {processor.py:183} INFO - Processing /home/nord/venv/lib/python3.8/site-packages/airflow/example_dags/example_branch_datetime_operator.py took 0.341 seconds
[2025-03-20T22:04:46.483+0000] {processor.py:161} INFO - Started process (PID=3558) to work on /home/nord/venv/lib/python3.8/site-packages/airflow/example_dags/example_branch_datetime_operator.py
[2025-03-20T22:04:46.484+0000] {processor.py:830} INFO - Processing file /home/nord/venv/lib/python3.8/site-packages/airflow/example_dags/example_branch_datetime_operator.py for tasks to queue
[2025-03-20T22:04:46.486+0000] {logging_mixin.py:188} INFO - [2025-03-20T22:04:46.485+0000] {dagbag.py:538} INFO - Filling up the DagBag from /home/nord/venv/lib/python3.8/site-packages/airflow/example_dags/example_branch_datetime_operator.py
[2025-03-20T22:04:46.508+0000] {processor.py:840} INFO - DAG(s) 'example_branch_datetime_operator_3', 'example_branch_datetime_operator_2', 'example_branch_datetime_operator' retrieved from /home/nord/venv/lib/python3.8/site-packages/airflow/example_dags/example_branch_datetime_operator.py
[2025-03-20T22:04:46.585+0000] {logging_mixin.py:188} INFO - [2025-03-20T22:04:46.585+0000] {dag.py:3036} INFO - Sync 3 DAGs
[2025-03-20T22:04:46.633+0000] {logging_mixin.py:188} INFO - [2025-03-20T22:04:46.633+0000] {dag.py:3823} INFO - Setting next_dagrun for example_branch_datetime_operator to 2025-03-19 00:00:00+00:00, run_after=2025-03-20 00:00:00+00:00
[2025-03-20T22:04:46.645+0000] {logging_mixin.py:188} INFO - [2025-03-20T22:04:46.645+0000] {dag.py:3823} INFO - Setting next_dagrun for example_branch_datetime_operator_2 to 2025-03-19 00:00:00+00:00, run_after=2025-03-20 00:00:00+00:00
[2025-03-20T22:04:46.652+0000] {logging_mixin.py:188} INFO - [2025-03-20T22:04:46.652+0000] {dag.py:3823} INFO - Setting next_dagrun for example_branch_datetime_operator_3 to 2025-03-19 00:00:00+00:00, run_after=2025-03-20 00:00:00+00:00
[2025-03-20T22:04:46.698+0000] {processor.py:183} INFO - Processing /home/nord/venv/lib/python3.8/site-packages/airflow/example_dags/example_branch_datetime_operator.py took 0.226 seconds
[2025-03-20T22:05:17.681+0000] {processor.py:161} INFO - Started process (PID=3881) to work on /home/nord/venv/lib/python3.8/site-packages/airflow/example_dags/example_branch_datetime_operator.py
[2025-03-20T22:05:17.685+0000] {processor.py:830} INFO - Processing file /home/nord/venv/lib/python3.8/site-packages/airflow/example_dags/example_branch_datetime_operator.py for tasks to queue
[2025-03-20T22:05:17.686+0000] {logging_mixin.py:188} INFO - [2025-03-20T22:05:17.686+0000] {dagbag.py:538} INFO - Filling up the DagBag from /home/nord/venv/lib/python3.8/site-packages/airflow/example_dags/example_branch_datetime_operator.py
[2025-03-20T22:05:17.705+0000] {processor.py:840} INFO - DAG(s) 'example_branch_datetime_operator_3', 'example_branch_datetime_operator_2', 'example_branch_datetime_operator' retrieved from /home/nord/venv/lib/python3.8/site-packages/airflow/example_dags/example_branch_datetime_operator.py
[2025-03-20T22:05:17.768+0000] {logging_mixin.py:188} INFO - [2025-03-20T22:05:17.768+0000] {dag.py:3036} INFO - Sync 3 DAGs
[2025-03-20T22:05:17.809+0000] {logging_mixin.py:188} INFO - [2025-03-20T22:05:17.809+0000] {dag.py:3823} INFO - Setting next_dagrun for example_branch_datetime_operator to 2025-03-19 00:00:00+00:00, run_after=2025-03-20 00:00:00+00:00
[2025-03-20T22:05:17.820+0000] {logging_mixin.py:188} INFO - [2025-03-20T22:05:17.819+0000] {dag.py:3823} INFO - Setting next_dagrun for example_branch_datetime_operator_2 to 2025-03-19 00:00:00+00:00, run_after=2025-03-20 00:00:00+00:00
[2025-03-20T22:05:17.824+0000] {logging_mixin.py:188} INFO - [2025-03-20T22:05:17.824+0000] {dag.py:3823} INFO - Setting next_dagrun for example_branch_datetime_operator_3 to 2025-03-19 00:00:00+00:00, run_after=2025-03-20 00:00:00+00:00
[2025-03-20T22:05:17.862+0000] {processor.py:183} INFO - Processing /home/nord/venv/lib/python3.8/site-packages/airflow/example_dags/example_branch_datetime_operator.py took 0.186 seconds
[2025-03-20T22:05:53.457+0000] {processor.py:161} INFO - Started process (PID=4478) to work on /home/nord/venv/lib/python3.8/site-packages/airflow/example_dags/example_branch_datetime_operator.py
[2025-03-20T22:05:53.459+0000] {processor.py:830} INFO - Processing file /home/nord/venv/lib/python3.8/site-packages/airflow/example_dags/example_branch_datetime_operator.py for tasks to queue
[2025-03-20T22:05:53.461+0000] {logging_mixin.py:188} INFO - [2025-03-20T22:05:53.460+0000] {dagbag.py:538} INFO - Filling up the DagBag from /home/nord/venv/lib/python3.8/site-packages/airflow/example_dags/example_branch_datetime_operator.py
[2025-03-20T22:05:53.483+0000] {processor.py:840} INFO - DAG(s) 'example_branch_datetime_operator', 'example_branch_datetime_operator_2', 'example_branch_datetime_operator_3' retrieved from /home/nord/venv/lib/python3.8/site-packages/airflow/example_dags/example_branch_datetime_operator.py
[2025-03-20T22:05:53.557+0000] {logging_mixin.py:188} INFO - [2025-03-20T22:05:53.557+0000] {dag.py:3036} INFO - Sync 3 DAGs
[2025-03-20T22:05:53.617+0000] {logging_mixin.py:188} INFO - [2025-03-20T22:05:53.617+0000] {dag.py:3823} INFO - Setting next_dagrun for example_branch_datetime_operator to 2025-03-19 00:00:00+00:00, run_after=2025-03-20 00:00:00+00:00
[2025-03-20T22:05:53.631+0000] {logging_mixin.py:188} INFO - [2025-03-20T22:05:53.630+0000] {dag.py:3823} INFO - Setting next_dagrun for example_branch_datetime_operator_2 to 2025-03-19 00:00:00+00:00, run_after=2025-03-20 00:00:00+00:00
[2025-03-20T22:05:53.637+0000] {logging_mixin.py:188} INFO - [2025-03-20T22:05:53.635+0000] {dag.py:3823} INFO - Setting next_dagrun for example_branch_datetime_operator_3 to 2025-03-19 00:00:00+00:00, run_after=2025-03-20 00:00:00+00:00
[2025-03-20T22:05:53.670+0000] {processor.py:183} INFO - Processing /home/nord/venv/lib/python3.8/site-packages/airflow/example_dags/example_branch_datetime_operator.py took 0.220 seconds
[2025-03-20T22:06:23.921+0000] {processor.py:161} INFO - Started process (PID=4801) to work on /home/nord/venv/lib/python3.8/site-packages/airflow/example_dags/example_branch_datetime_operator.py
[2025-03-20T22:06:23.923+0000] {processor.py:830} INFO - Processing file /home/nord/venv/lib/python3.8/site-packages/airflow/example_dags/example_branch_datetime_operator.py for tasks to queue
[2025-03-20T22:06:23.925+0000] {logging_mixin.py:188} INFO - [2025-03-20T22:06:23.925+0000] {dagbag.py:538} INFO - Filling up the DagBag from /home/nord/venv/lib/python3.8/site-packages/airflow/example_dags/example_branch_datetime_operator.py
[2025-03-20T22:06:23.939+0000] {processor.py:840} INFO - DAG(s) 'example_branch_datetime_operator_2', 'example_branch_datetime_operator', 'example_branch_datetime_operator_3' retrieved from /home/nord/venv/lib/python3.8/site-packages/airflow/example_dags/example_branch_datetime_operator.py
[2025-03-20T22:06:23.994+0000] {logging_mixin.py:188} INFO - [2025-03-20T22:06:23.993+0000] {dag.py:3036} INFO - Sync 3 DAGs
[2025-03-20T22:06:24.041+0000] {logging_mixin.py:188} INFO - [2025-03-20T22:06:24.040+0000] {dag.py:3823} INFO - Setting next_dagrun for example_branch_datetime_operator to 2025-03-19 00:00:00+00:00, run_after=2025-03-20 00:00:00+00:00
[2025-03-20T22:06:24.051+0000] {logging_mixin.py:188} INFO - [2025-03-20T22:06:24.050+0000] {dag.py:3823} INFO - Setting next_dagrun for example_branch_datetime_operator_2 to 2025-03-19 00:00:00+00:00, run_after=2025-03-20 00:00:00+00:00
[2025-03-20T22:06:24.057+0000] {logging_mixin.py:188} INFO - [2025-03-20T22:06:24.057+0000] {dag.py:3823} INFO - Setting next_dagrun for example_branch_datetime_operator_3 to 2025-03-19 00:00:00+00:00, run_after=2025-03-20 00:00:00+00:00
[2025-03-20T22:06:24.093+0000] {processor.py:183} INFO - Processing /home/nord/venv/lib/python3.8/site-packages/airflow/example_dags/example_branch_datetime_operator.py took 0.178 seconds
[2025-03-20T22:06:54.572+0000] {processor.py:161} INFO - Started process (PID=5123) to work on /home/nord/venv/lib/python3.8/site-packages/airflow/example_dags/example_branch_datetime_operator.py
[2025-03-20T22:06:54.576+0000] {processor.py:830} INFO - Processing file /home/nord/venv/lib/python3.8/site-packages/airflow/example_dags/example_branch_datetime_operator.py for tasks to queue
[2025-03-20T22:06:54.579+0000] {logging_mixin.py:188} INFO - [2025-03-20T22:06:54.578+0000] {dagbag.py:538} INFO - Filling up the DagBag from /home/nord/venv/lib/python3.8/site-packages/airflow/example_dags/example_branch_datetime_operator.py
[2025-03-20T22:06:54.604+0000] {processor.py:840} INFO - DAG(s) 'example_branch_datetime_operator_2', 'example_branch_datetime_operator', 'example_branch_datetime_operator_3' retrieved from /home/nord/venv/lib/python3.8/site-packages/airflow/example_dags/example_branch_datetime_operator.py
[2025-03-20T22:06:54.677+0000] {logging_mixin.py:188} INFO - [2025-03-20T22:06:54.676+0000] {dag.py:3036} INFO - Sync 3 DAGs
[2025-03-20T22:06:54.715+0000] {logging_mixin.py:188} INFO - [2025-03-20T22:06:54.714+0000] {dag.py:3823} INFO - Setting next_dagrun for example_branch_datetime_operator to 2025-03-19 00:00:00+00:00, run_after=2025-03-20 00:00:00+00:00
[2025-03-20T22:06:54.724+0000] {logging_mixin.py:188} INFO - [2025-03-20T22:06:54.724+0000] {dag.py:3823} INFO - Setting next_dagrun for example_branch_datetime_operator_2 to 2025-03-19 00:00:00+00:00, run_after=2025-03-20 00:00:00+00:00
[2025-03-20T22:06:54.730+0000] {logging_mixin.py:188} INFO - [2025-03-20T22:06:54.730+0000] {dag.py:3823} INFO - Setting next_dagrun for example_branch_datetime_operator_3 to 2025-03-19 00:00:00+00:00, run_after=2025-03-20 00:00:00+00:00
[2025-03-20T22:06:54.763+0000] {processor.py:183} INFO - Processing /home/nord/venv/lib/python3.8/site-packages/airflow/example_dags/example_branch_datetime_operator.py took 0.197 seconds
[2025-03-20T22:07:26.269+0000] {processor.py:161} INFO - Started process (PID=5588) to work on /home/nord/venv/lib/python3.8/site-packages/airflow/example_dags/example_branch_datetime_operator.py
[2025-03-20T22:07:26.273+0000] {processor.py:830} INFO - Processing file /home/nord/venv/lib/python3.8/site-packages/airflow/example_dags/example_branch_datetime_operator.py for tasks to queue
[2025-03-20T22:07:26.274+0000] {logging_mixin.py:188} INFO - [2025-03-20T22:07:26.274+0000] {dagbag.py:538} INFO - Filling up the DagBag from /home/nord/venv/lib/python3.8/site-packages/airflow/example_dags/example_branch_datetime_operator.py
[2025-03-20T22:07:26.297+0000] {processor.py:840} INFO - DAG(s) 'example_branch_datetime_operator', 'example_branch_datetime_operator_2', 'example_branch_datetime_operator_3' retrieved from /home/nord/venv/lib/python3.8/site-packages/airflow/example_dags/example_branch_datetime_operator.py
[2025-03-20T22:07:26.365+0000] {logging_mixin.py:188} INFO - [2025-03-20T22:07:26.365+0000] {dag.py:3036} INFO - Sync 3 DAGs
[2025-03-20T22:07:26.404+0000] {logging_mixin.py:188} INFO - [2025-03-20T22:07:26.404+0000] {dag.py:3823} INFO - Setting next_dagrun for example_branch_datetime_operator to 2025-03-19 00:00:00+00:00, run_after=2025-03-20 00:00:00+00:00
[2025-03-20T22:07:26.412+0000] {logging_mixin.py:188} INFO - [2025-03-20T22:07:26.412+0000] {dag.py:3823} INFO - Setting next_dagrun for example_branch_datetime_operator_2 to 2025-03-19 00:00:00+00:00, run_after=2025-03-20 00:00:00+00:00
[2025-03-20T22:07:26.418+0000] {logging_mixin.py:188} INFO - [2025-03-20T22:07:26.417+0000] {dag.py:3823} INFO - Setting next_dagrun for example_branch_datetime_operator_3 to 2025-03-19 00:00:00+00:00, run_after=2025-03-20 00:00:00+00:00
[2025-03-20T22:07:26.453+0000] {processor.py:183} INFO - Processing /home/nord/venv/lib/python3.8/site-packages/airflow/example_dags/example_branch_datetime_operator.py took 0.193 seconds
[2025-03-20T22:07:57.022+0000] {processor.py:161} INFO - Started process (PID=5932) to work on /home/nord/venv/lib/python3.8/site-packages/airflow/example_dags/example_branch_datetime_operator.py
[2025-03-20T22:07:57.024+0000] {processor.py:830} INFO - Processing file /home/nord/venv/lib/python3.8/site-packages/airflow/example_dags/example_branch_datetime_operator.py for tasks to queue
[2025-03-20T22:07:57.026+0000] {logging_mixin.py:188} INFO - [2025-03-20T22:07:57.026+0000] {dagbag.py:538} INFO - Filling up the DagBag from /home/nord/venv/lib/python3.8/site-packages/airflow/example_dags/example_branch_datetime_operator.py
[2025-03-20T22:07:57.045+0000] {processor.py:840} INFO - DAG(s) 'example_branch_datetime_operator_2', 'example_branch_datetime_operator_3', 'example_branch_datetime_operator' retrieved from /home/nord/venv/lib/python3.8/site-packages/airflow/example_dags/example_branch_datetime_operator.py
[2025-03-20T22:07:57.111+0000] {logging_mixin.py:188} INFO - [2025-03-20T22:07:57.111+0000] {dag.py:3036} INFO - Sync 3 DAGs
[2025-03-20T22:07:57.150+0000] {logging_mixin.py:188} INFO - [2025-03-20T22:07:57.149+0000] {dag.py:3823} INFO - Setting next_dagrun for example_branch_datetime_operator to 2025-03-19 00:00:00+00:00, run_after=2025-03-20 00:00:00+00:00
[2025-03-20T22:07:57.161+0000] {logging_mixin.py:188} INFO - [2025-03-20T22:07:57.161+0000] {dag.py:3823} INFO - Setting next_dagrun for example_branch_datetime_operator_2 to 2025-03-19 00:00:00+00:00, run_after=2025-03-20 00:00:00+00:00
[2025-03-20T22:07:57.169+0000] {logging_mixin.py:188} INFO - [2025-03-20T22:07:57.168+0000] {dag.py:3823} INFO - Setting next_dagrun for example_branch_datetime_operator_3 to 2025-03-19 00:00:00+00:00, run_after=2025-03-20 00:00:00+00:00
[2025-03-20T22:07:57.210+0000] {processor.py:183} INFO - Processing /home/nord/venv/lib/python3.8/site-packages/airflow/example_dags/example_branch_datetime_operator.py took 0.194 seconds
[2025-03-20T22:08:28.819+0000] {processor.py:161} INFO - Started process (PID=6263) to work on /home/nord/venv/lib/python3.8/site-packages/airflow/example_dags/example_branch_datetime_operator.py
[2025-03-20T22:08:28.822+0000] {processor.py:830} INFO - Processing file /home/nord/venv/lib/python3.8/site-packages/airflow/example_dags/example_branch_datetime_operator.py for tasks to queue
[2025-03-20T22:08:28.823+0000] {logging_mixin.py:188} INFO - [2025-03-20T22:08:28.823+0000] {dagbag.py:538} INFO - Filling up the DagBag from /home/nord/venv/lib/python3.8/site-packages/airflow/example_dags/example_branch_datetime_operator.py
[2025-03-20T22:08:28.841+0000] {processor.py:840} INFO - DAG(s) 'example_branch_datetime_operator', 'example_branch_datetime_operator_3', 'example_branch_datetime_operator_2' retrieved from /home/nord/venv/lib/python3.8/site-packages/airflow/example_dags/example_branch_datetime_operator.py
[2025-03-20T22:08:28.904+0000] {logging_mixin.py:188} INFO - [2025-03-20T22:08:28.904+0000] {dag.py:3036} INFO - Sync 3 DAGs
[2025-03-20T22:08:28.950+0000] {logging_mixin.py:188} INFO - [2025-03-20T22:08:28.949+0000] {dag.py:3823} INFO - Setting next_dagrun for example_branch_datetime_operator to 2025-03-19 00:00:00+00:00, run_after=2025-03-20 00:00:00+00:00
[2025-03-20T22:08:28.960+0000] {logging_mixin.py:188} INFO - [2025-03-20T22:08:28.960+0000] {dag.py:3823} INFO - Setting next_dagrun for example_branch_datetime_operator_2 to 2025-03-19 00:00:00+00:00, run_after=2025-03-20 00:00:00+00:00
[2025-03-20T22:08:28.965+0000] {logging_mixin.py:188} INFO - [2025-03-20T22:08:28.965+0000] {dag.py:3823} INFO - Setting next_dagrun for example_branch_datetime_operator_3 to 2025-03-19 00:00:00+00:00, run_after=2025-03-20 00:00:00+00:00
[2025-03-20T22:08:29.002+0000] {processor.py:183} INFO - Processing /home/nord/venv/lib/python3.8/site-packages/airflow/example_dags/example_branch_datetime_operator.py took 0.188 seconds
[2025-03-20T22:09:00.259+0000] {processor.py:161} INFO - Started process (PID=6613) to work on /home/nord/venv/lib/python3.8/site-packages/airflow/example_dags/example_branch_datetime_operator.py
[2025-03-20T22:09:00.261+0000] {processor.py:830} INFO - Processing file /home/nord/venv/lib/python3.8/site-packages/airflow/example_dags/example_branch_datetime_operator.py for tasks to queue
[2025-03-20T22:09:00.263+0000] {logging_mixin.py:188} INFO - [2025-03-20T22:09:00.262+0000] {dagbag.py:538} INFO - Filling up the DagBag from /home/nord/venv/lib/python3.8/site-packages/airflow/example_dags/example_branch_datetime_operator.py
[2025-03-20T22:09:00.305+0000] {processor.py:840} INFO - DAG(s) 'example_branch_datetime_operator', 'example_branch_datetime_operator_3', 'example_branch_datetime_operator_2' retrieved from /home/nord/venv/lib/python3.8/site-packages/airflow/example_dags/example_branch_datetime_operator.py
[2025-03-20T22:09:00.439+0000] {logging_mixin.py:188} INFO - [2025-03-20T22:09:00.438+0000] {dag.py:3036} INFO - Sync 3 DAGs
[2025-03-20T22:09:00.525+0000] {logging_mixin.py:188} INFO - [2025-03-20T22:09:00.523+0000] {dag.py:3823} INFO - Setting next_dagrun for example_branch_datetime_operator to 2025-03-19 00:00:00+00:00, run_after=2025-03-20 00:00:00+00:00
[2025-03-20T22:09:00.560+0000] {logging_mixin.py:188} INFO - [2025-03-20T22:09:00.560+0000] {dag.py:3823} INFO - Setting next_dagrun for example_branch_datetime_operator_2 to 2025-03-19 00:00:00+00:00, run_after=2025-03-20 00:00:00+00:00
[2025-03-20T22:09:00.570+0000] {logging_mixin.py:188} INFO - [2025-03-20T22:09:00.569+0000] {dag.py:3823} INFO - Setting next_dagrun for example_branch_datetime_operator_3 to 2025-03-19 00:00:00+00:00, run_after=2025-03-20 00:00:00+00:00
[2025-03-20T22:09:00.679+0000] {processor.py:183} INFO - Processing /home/nord/venv/lib/python3.8/site-packages/airflow/example_dags/example_branch_datetime_operator.py took 0.431 seconds
[2025-03-20T22:09:31.877+0000] {processor.py:161} INFO - Started process (PID=7024) to work on /home/nord/venv/lib/python3.8/site-packages/airflow/example_dags/example_branch_datetime_operator.py
[2025-03-20T22:09:31.880+0000] {processor.py:830} INFO - Processing file /home/nord/venv/lib/python3.8/site-packages/airflow/example_dags/example_branch_datetime_operator.py for tasks to queue
[2025-03-20T22:09:31.881+0000] {logging_mixin.py:188} INFO - [2025-03-20T22:09:31.881+0000] {dagbag.py:538} INFO - Filling up the DagBag from /home/nord/venv/lib/python3.8/site-packages/airflow/example_dags/example_branch_datetime_operator.py
[2025-03-20T22:09:31.900+0000] {processor.py:840} INFO - DAG(s) 'example_branch_datetime_operator_2', 'example_branch_datetime_operator_3', 'example_branch_datetime_operator' retrieved from /home/nord/venv/lib/python3.8/site-packages/airflow/example_dags/example_branch_datetime_operator.py
[2025-03-20T22:09:31.971+0000] {logging_mixin.py:188} INFO - [2025-03-20T22:09:31.970+0000] {dag.py:3036} INFO - Sync 3 DAGs
[2025-03-20T22:09:32.019+0000] {logging_mixin.py:188} INFO - [2025-03-20T22:09:32.019+0000] {dag.py:3823} INFO - Setting next_dagrun for example_branch_datetime_operator to 2025-03-19 00:00:00+00:00, run_after=2025-03-20 00:00:00+00:00
[2025-03-20T22:09:32.029+0000] {logging_mixin.py:188} INFO - [2025-03-20T22:09:32.029+0000] {dag.py:3823} INFO - Setting next_dagrun for example_branch_datetime_operator_2 to 2025-03-19 00:00:00+00:00, run_after=2025-03-20 00:00:00+00:00
[2025-03-20T22:09:32.033+0000] {logging_mixin.py:188} INFO - [2025-03-20T22:09:32.033+0000] {dag.py:3823} INFO - Setting next_dagrun for example_branch_datetime_operator_3 to 2025-03-19 00:00:00+00:00, run_after=2025-03-20 00:00:00+00:00
[2025-03-20T22:09:32.070+0000] {processor.py:183} INFO - Processing /home/nord/venv/lib/python3.8/site-packages/airflow/example_dags/example_branch_datetime_operator.py took 0.200 seconds
[2025-03-20T22:10:03.200+0000] {processor.py:161} INFO - Started process (PID=7398) to work on /home/nord/venv/lib/python3.8/site-packages/airflow/example_dags/example_branch_datetime_operator.py
[2025-03-20T22:10:03.202+0000] {processor.py:830} INFO - Processing file /home/nord/venv/lib/python3.8/site-packages/airflow/example_dags/example_branch_datetime_operator.py for tasks to queue
[2025-03-20T22:10:03.203+0000] {logging_mixin.py:188} INFO - [2025-03-20T22:10:03.203+0000] {dagbag.py:538} INFO - Filling up the DagBag from /home/nord/venv/lib/python3.8/site-packages/airflow/example_dags/example_branch_datetime_operator.py
[2025-03-20T22:10:03.225+0000] {processor.py:840} INFO - DAG(s) 'example_branch_datetime_operator', 'example_branch_datetime_operator_3', 'example_branch_datetime_operator_2' retrieved from /home/nord/venv/lib/python3.8/site-packages/airflow/example_dags/example_branch_datetime_operator.py
[2025-03-20T22:10:03.302+0000] {logging_mixin.py:188} INFO - [2025-03-20T22:10:03.302+0000] {dag.py:3036} INFO - Sync 3 DAGs
[2025-03-20T22:10:03.357+0000] {logging_mixin.py:188} INFO - [2025-03-20T22:10:03.357+0000] {dag.py:3823} INFO - Setting next_dagrun for example_branch_datetime_operator to 2025-03-19 00:00:00+00:00, run_after=2025-03-20 00:00:00+00:00
[2025-03-20T22:10:03.366+0000] {logging_mixin.py:188} INFO - [2025-03-20T22:10:03.365+0000] {dag.py:3823} INFO - Setting next_dagrun for example_branch_datetime_operator_2 to 2025-03-19 00:00:00+00:00, run_after=2025-03-20 00:00:00+00:00
[2025-03-20T22:10:03.369+0000] {logging_mixin.py:188} INFO - [2025-03-20T22:10:03.369+0000] {dag.py:3823} INFO - Setting next_dagrun for example_branch_datetime_operator_3 to 2025-03-19 00:00:00+00:00, run_after=2025-03-20 00:00:00+00:00
[2025-03-20T22:10:03.417+0000] {processor.py:183} INFO - Processing /home/nord/venv/lib/python3.8/site-packages/airflow/example_dags/example_branch_datetime_operator.py took 0.223 seconds
[2025-03-20T22:10:34.762+0000] {processor.py:161} INFO - Started process (PID=7727) to work on /home/nord/venv/lib/python3.8/site-packages/airflow/example_dags/example_branch_datetime_operator.py
[2025-03-20T22:10:34.778+0000] {processor.py:830} INFO - Processing file /home/nord/venv/lib/python3.8/site-packages/airflow/example_dags/example_branch_datetime_operator.py for tasks to queue
[2025-03-20T22:10:34.779+0000] {logging_mixin.py:188} INFO - [2025-03-20T22:10:34.779+0000] {dagbag.py:538} INFO - Filling up the DagBag from /home/nord/venv/lib/python3.8/site-packages/airflow/example_dags/example_branch_datetime_operator.py
[2025-03-20T22:10:34.813+0000] {processor.py:840} INFO - DAG(s) 'example_branch_datetime_operator_2', 'example_branch_datetime_operator_3', 'example_branch_datetime_operator' retrieved from /home/nord/venv/lib/python3.8/site-packages/airflow/example_dags/example_branch_datetime_operator.py
[2025-03-20T22:10:34.897+0000] {logging_mixin.py:188} INFO - [2025-03-20T22:10:34.896+0000] {dag.py:3036} INFO - Sync 3 DAGs
[2025-03-20T22:10:34.986+0000] {logging_mixin.py:188} INFO - [2025-03-20T22:10:34.975+0000] {dag.py:3823} INFO - Setting next_dagrun for example_branch_datetime_operator to 2025-03-19 00:00:00+00:00, run_after=2025-03-20 00:00:00+00:00
[2025-03-20T22:10:35.009+0000] {logging_mixin.py:188} INFO - [2025-03-20T22:10:35.009+0000] {dag.py:3823} INFO - Setting next_dagrun for example_branch_datetime_operator_2 to 2025-03-19 00:00:00+00:00, run_after=2025-03-20 00:00:00+00:00
[2025-03-20T22:10:35.026+0000] {logging_mixin.py:188} INFO - [2025-03-20T22:10:35.025+0000] {dag.py:3823} INFO - Setting next_dagrun for example_branch_datetime_operator_3 to 2025-03-19 00:00:00+00:00, run_after=2025-03-20 00:00:00+00:00
[2025-03-20T22:10:35.134+0000] {processor.py:183} INFO - Processing /home/nord/venv/lib/python3.8/site-packages/airflow/example_dags/example_branch_datetime_operator.py took 0.385 seconds
[2025-03-20T22:11:06.047+0000] {processor.py:161} INFO - Started process (PID=8046) to work on /home/nord/venv/lib/python3.8/site-packages/airflow/example_dags/example_branch_datetime_operator.py
[2025-03-20T22:11:06.058+0000] {processor.py:830} INFO - Processing file /home/nord/venv/lib/python3.8/site-packages/airflow/example_dags/example_branch_datetime_operator.py for tasks to queue
[2025-03-20T22:11:06.061+0000] {logging_mixin.py:188} INFO - [2025-03-20T22:11:06.060+0000] {dagbag.py:538} INFO - Filling up the DagBag from /home/nord/venv/lib/python3.8/site-packages/airflow/example_dags/example_branch_datetime_operator.py
[2025-03-20T22:11:06.098+0000] {processor.py:840} INFO - DAG(s) 'example_branch_datetime_operator', 'example_branch_datetime_operator_3', 'example_branch_datetime_operator_2' retrieved from /home/nord/venv/lib/python3.8/site-packages/airflow/example_dags/example_branch_datetime_operator.py
[2025-03-20T22:11:06.209+0000] {logging_mixin.py:188} INFO - [2025-03-20T22:11:06.208+0000] {dag.py:3036} INFO - Sync 3 DAGs
[2025-03-20T22:11:06.253+0000] {logging_mixin.py:188} INFO - [2025-03-20T22:11:06.252+0000] {dag.py:3823} INFO - Setting next_dagrun for example_branch_datetime_operator to 2025-03-19 00:00:00+00:00, run_after=2025-03-20 00:00:00+00:00
[2025-03-20T22:11:06.265+0000] {logging_mixin.py:188} INFO - [2025-03-20T22:11:06.264+0000] {dag.py:3823} INFO - Setting next_dagrun for example_branch_datetime_operator_2 to 2025-03-19 00:00:00+00:00, run_after=2025-03-20 00:00:00+00:00
[2025-03-20T22:11:06.270+0000] {logging_mixin.py:188} INFO - [2025-03-20T22:11:06.270+0000] {dag.py:3823} INFO - Setting next_dagrun for example_branch_datetime_operator_3 to 2025-03-19 00:00:00+00:00, run_after=2025-03-20 00:00:00+00:00
[2025-03-20T22:11:06.306+0000] {processor.py:183} INFO - Processing /home/nord/venv/lib/python3.8/site-packages/airflow/example_dags/example_branch_datetime_operator.py took 0.288 seconds
[2025-03-20T22:11:36.727+0000] {processor.py:161} INFO - Started process (PID=8363) to work on /home/nord/venv/lib/python3.8/site-packages/airflow/example_dags/example_branch_datetime_operator.py
[2025-03-20T22:11:36.733+0000] {processor.py:830} INFO - Processing file /home/nord/venv/lib/python3.8/site-packages/airflow/example_dags/example_branch_datetime_operator.py for tasks to queue
[2025-03-20T22:11:36.735+0000] {logging_mixin.py:188} INFO - [2025-03-20T22:11:36.734+0000] {dagbag.py:538} INFO - Filling up the DagBag from /home/nord/venv/lib/python3.8/site-packages/airflow/example_dags/example_branch_datetime_operator.py
[2025-03-20T22:11:36.759+0000] {processor.py:840} INFO - DAG(s) 'example_branch_datetime_operator_3', 'example_branch_datetime_operator', 'example_branch_datetime_operator_2' retrieved from /home/nord/venv/lib/python3.8/site-packages/airflow/example_dags/example_branch_datetime_operator.py
[2025-03-20T22:11:36.831+0000] {logging_mixin.py:188} INFO - [2025-03-20T22:11:36.830+0000] {dag.py:3036} INFO - Sync 3 DAGs
[2025-03-20T22:11:36.886+0000] {logging_mixin.py:188} INFO - [2025-03-20T22:11:36.885+0000] {dag.py:3823} INFO - Setting next_dagrun for example_branch_datetime_operator to 2025-03-19 00:00:00+00:00, run_after=2025-03-20 00:00:00+00:00
[2025-03-20T22:11:36.897+0000] {logging_mixin.py:188} INFO - [2025-03-20T22:11:36.896+0000] {dag.py:3823} INFO - Setting next_dagrun for example_branch_datetime_operator_2 to 2025-03-19 00:00:00+00:00, run_after=2025-03-20 00:00:00+00:00
[2025-03-20T22:11:36.905+0000] {logging_mixin.py:188} INFO - [2025-03-20T22:11:36.905+0000] {dag.py:3823} INFO - Setting next_dagrun for example_branch_datetime_operator_3 to 2025-03-19 00:00:00+00:00, run_after=2025-03-20 00:00:00+00:00
[2025-03-20T22:11:36.939+0000] {processor.py:183} INFO - Processing /home/nord/venv/lib/python3.8/site-packages/airflow/example_dags/example_branch_datetime_operator.py took 0.218 seconds
