[2025-03-20T22:02:09.942+0000] {processor.py:161} INFO - Started process (PID=1586) to work on /home/nord/venv/lib/python3.8/site-packages/airflow/example_dags/example_python_decorator.py
[2025-03-20T22:02:09.944+0000] {processor.py:830} INFO - Processing file /home/nord/venv/lib/python3.8/site-packages/airflow/example_dags/example_python_decorator.py for tasks to queue
[2025-03-20T22:02:09.946+0000] {logging_mixin.py:188} INFO - [2025-03-20T22:02:09.945+0000] {dagbag.py:538} INFO - Filling up the DagBag from /home/nord/venv/lib/python3.8/site-packages/airflow/example_dags/example_python_decorator.py
[2025-03-20T22:02:10.041+0000] {processor.py:840} INFO - DAG(s) 'example_python_decorator' retrieved from /home/nord/venv/lib/python3.8/site-packages/airflow/example_dags/example_python_decorator.py
[2025-03-20T22:02:10.768+0000] {logging_mixin.py:188} INFO - [2025-03-20T22:02:10.768+0000] {dag.py:3036} INFO - Sync 1 DAGs
[2025-03-20T22:02:10.834+0000] {logging_mixin.py:188} INFO - [2025-03-20T22:02:10.833+0000] {dag.py:3823} INFO - Setting next_dagrun for example_python_decorator to None, run_after=None
[2025-03-20T22:02:10.937+0000] {processor.py:183} INFO - Processing /home/nord/venv/lib/python3.8/site-packages/airflow/example_dags/example_python_decorator.py took 1.012 seconds
[2025-03-20T22:02:42.049+0000] {processor.py:161} INFO - Started process (PID=1944) to work on /home/nord/venv/lib/python3.8/site-packages/airflow/example_dags/example_python_decorator.py
[2025-03-20T22:02:42.062+0000] {processor.py:830} INFO - Processing file /home/nord/venv/lib/python3.8/site-packages/airflow/example_dags/example_python_decorator.py for tasks to queue
[2025-03-20T22:02:42.066+0000] {logging_mixin.py:188} INFO - [2025-03-20T22:02:42.062+0000] {dagbag.py:538} INFO - Filling up the DagBag from /home/nord/venv/lib/python3.8/site-packages/airflow/example_dags/example_python_decorator.py
[2025-03-20T22:02:42.208+0000] {processor.py:840} INFO - DAG(s) 'example_python_decorator' retrieved from /home/nord/venv/lib/python3.8/site-packages/airflow/example_dags/example_python_decorator.py
[2025-03-20T22:02:42.588+0000] {logging_mixin.py:188} INFO - [2025-03-20T22:02:42.587+0000] {dag.py:3036} INFO - Sync 1 DAGs
[2025-03-20T22:02:42.666+0000] {logging_mixin.py:188} INFO - [2025-03-20T22:02:42.665+0000] {dag.py:3823} INFO - Setting next_dagrun for example_python_decorator to None, run_after=None
[2025-03-20T22:02:42.844+0000] {processor.py:183} INFO - Processing /home/nord/venv/lib/python3.8/site-packages/airflow/example_dags/example_python_decorator.py took 0.827 seconds
[2025-03-20T22:03:14.968+0000] {processor.py:161} INFO - Started process (PID=2565) to work on /home/nord/venv/lib/python3.8/site-packages/airflow/example_dags/example_python_decorator.py
[2025-03-20T22:03:14.970+0000] {processor.py:830} INFO - Processing file /home/nord/venv/lib/python3.8/site-packages/airflow/example_dags/example_python_decorator.py for tasks to queue
[2025-03-20T22:03:14.972+0000] {logging_mixin.py:188} INFO - [2025-03-20T22:03:14.971+0000] {dagbag.py:538} INFO - Filling up the DagBag from /home/nord/venv/lib/python3.8/site-packages/airflow/example_dags/example_python_decorator.py
[2025-03-20T22:03:15.001+0000] {processor.py:840} INFO - DAG(s) 'example_python_decorator' retrieved from /home/nord/venv/lib/python3.8/site-packages/airflow/example_dags/example_python_decorator.py
[2025-03-20T22:03:15.075+0000] {logging_mixin.py:188} INFO - [2025-03-20T22:03:15.075+0000] {dag.py:3036} INFO - Sync 1 DAGs
[2025-03-20T22:03:15.108+0000] {logging_mixin.py:188} INFO - [2025-03-20T22:03:15.108+0000] {dag.py:3823} INFO - Setting next_dagrun for example_python_decorator to None, run_after=None
[2025-03-20T22:03:15.173+0000] {processor.py:183} INFO - Processing /home/nord/venv/lib/python3.8/site-packages/airflow/example_dags/example_python_decorator.py took 0.213 seconds
[2025-03-20T22:03:45.568+0000] {processor.py:161} INFO - Started process (PID=2959) to work on /home/nord/venv/lib/python3.8/site-packages/airflow/example_dags/example_python_decorator.py
[2025-03-20T22:03:45.570+0000] {processor.py:830} INFO - Processing file /home/nord/venv/lib/python3.8/site-packages/airflow/example_dags/example_python_decorator.py for tasks to queue
[2025-03-20T22:03:45.572+0000] {logging_mixin.py:188} INFO - [2025-03-20T22:03:45.571+0000] {dagbag.py:538} INFO - Filling up the DagBag from /home/nord/venv/lib/python3.8/site-packages/airflow/example_dags/example_python_decorator.py
[2025-03-20T22:03:45.613+0000] {processor.py:840} INFO - DAG(s) 'example_python_decorator' retrieved from /home/nord/venv/lib/python3.8/site-packages/airflow/example_dags/example_python_decorator.py
[2025-03-20T22:03:45.697+0000] {logging_mixin.py:188} INFO - [2025-03-20T22:03:45.696+0000] {dag.py:3036} INFO - Sync 1 DAGs
[2025-03-20T22:03:45.737+0000] {logging_mixin.py:188} INFO - [2025-03-20T22:03:45.737+0000] {dag.py:3823} INFO - Setting next_dagrun for example_python_decorator to None, run_after=None
[2025-03-20T22:03:45.812+0000] {processor.py:183} INFO - Processing /home/nord/venv/lib/python3.8/site-packages/airflow/example_dags/example_python_decorator.py took 0.252 seconds
[2025-03-20T22:04:17.288+0000] {processor.py:161} INFO - Started process (PID=3307) to work on /home/nord/venv/lib/python3.8/site-packages/airflow/example_dags/example_python_decorator.py
[2025-03-20T22:04:17.290+0000] {processor.py:830} INFO - Processing file /home/nord/venv/lib/python3.8/site-packages/airflow/example_dags/example_python_decorator.py for tasks to queue
[2025-03-20T22:04:17.291+0000] {logging_mixin.py:188} INFO - [2025-03-20T22:04:17.291+0000] {dagbag.py:538} INFO - Filling up the DagBag from /home/nord/venv/lib/python3.8/site-packages/airflow/example_dags/example_python_decorator.py
[2025-03-20T22:04:17.319+0000] {processor.py:840} INFO - DAG(s) 'example_python_decorator' retrieved from /home/nord/venv/lib/python3.8/site-packages/airflow/example_dags/example_python_decorator.py
[2025-03-20T22:04:17.387+0000] {logging_mixin.py:188} INFO - [2025-03-20T22:04:17.385+0000] {dag.py:3036} INFO - Sync 1 DAGs
[2025-03-20T22:04:17.415+0000] {logging_mixin.py:188} INFO - [2025-03-20T22:04:17.414+0000] {dag.py:3823} INFO - Setting next_dagrun for example_python_decorator to None, run_after=None
[2025-03-20T22:04:17.463+0000] {processor.py:183} INFO - Processing /home/nord/venv/lib/python3.8/site-packages/airflow/example_dags/example_python_decorator.py took 0.181 seconds
[2025-03-20T22:04:48.043+0000] {processor.py:161} INFO - Started process (PID=3630) to work on /home/nord/venv/lib/python3.8/site-packages/airflow/example_dags/example_python_decorator.py
[2025-03-20T22:04:48.046+0000] {processor.py:830} INFO - Processing file /home/nord/venv/lib/python3.8/site-packages/airflow/example_dags/example_python_decorator.py for tasks to queue
[2025-03-20T22:04:48.049+0000] {logging_mixin.py:188} INFO - [2025-03-20T22:04:48.048+0000] {dagbag.py:538} INFO - Filling up the DagBag from /home/nord/venv/lib/python3.8/site-packages/airflow/example_dags/example_python_decorator.py
[2025-03-20T22:04:48.078+0000] {processor.py:840} INFO - DAG(s) 'example_python_decorator' retrieved from /home/nord/venv/lib/python3.8/site-packages/airflow/example_dags/example_python_decorator.py
[2025-03-20T22:04:48.177+0000] {logging_mixin.py:188} INFO - [2025-03-20T22:04:48.176+0000] {dag.py:3036} INFO - Sync 1 DAGs
[2025-03-20T22:04:48.216+0000] {logging_mixin.py:188} INFO - [2025-03-20T22:04:48.216+0000] {dag.py:3823} INFO - Setting next_dagrun for example_python_decorator to None, run_after=None
[2025-03-20T22:04:48.262+0000] {processor.py:183} INFO - Processing /home/nord/venv/lib/python3.8/site-packages/airflow/example_dags/example_python_decorator.py took 0.228 seconds
[2025-03-20T22:05:19.037+0000] {processor.py:161} INFO - Started process (PID=3954) to work on /home/nord/venv/lib/python3.8/site-packages/airflow/example_dags/example_python_decorator.py
[2025-03-20T22:05:19.039+0000] {processor.py:830} INFO - Processing file /home/nord/venv/lib/python3.8/site-packages/airflow/example_dags/example_python_decorator.py for tasks to queue
[2025-03-20T22:05:19.040+0000] {logging_mixin.py:188} INFO - [2025-03-20T22:05:19.040+0000] {dagbag.py:538} INFO - Filling up the DagBag from /home/nord/venv/lib/python3.8/site-packages/airflow/example_dags/example_python_decorator.py
[2025-03-20T22:05:19.071+0000] {processor.py:840} INFO - DAG(s) 'example_python_decorator' retrieved from /home/nord/venv/lib/python3.8/site-packages/airflow/example_dags/example_python_decorator.py
[2025-03-20T22:05:19.129+0000] {logging_mixin.py:188} INFO - [2025-03-20T22:05:19.128+0000] {dag.py:3036} INFO - Sync 1 DAGs
[2025-03-20T22:05:19.157+0000] {logging_mixin.py:188} INFO - [2025-03-20T22:05:19.157+0000] {dag.py:3823} INFO - Setting next_dagrun for example_python_decorator to None, run_after=None
[2025-03-20T22:05:19.203+0000] {processor.py:183} INFO - Processing /home/nord/venv/lib/python3.8/site-packages/airflow/example_dags/example_python_decorator.py took 0.176 seconds
[2025-03-20T22:05:55.628+0000] {processor.py:161} INFO - Started process (PID=4552) to work on /home/nord/venv/lib/python3.8/site-packages/airflow/example_dags/example_python_decorator.py
[2025-03-20T22:05:55.630+0000] {processor.py:830} INFO - Processing file /home/nord/venv/lib/python3.8/site-packages/airflow/example_dags/example_python_decorator.py for tasks to queue
[2025-03-20T22:05:55.631+0000] {logging_mixin.py:188} INFO - [2025-03-20T22:05:55.631+0000] {dagbag.py:538} INFO - Filling up the DagBag from /home/nord/venv/lib/python3.8/site-packages/airflow/example_dags/example_python_decorator.py
[2025-03-20T22:05:55.655+0000] {processor.py:840} INFO - DAG(s) 'example_python_decorator' retrieved from /home/nord/venv/lib/python3.8/site-packages/airflow/example_dags/example_python_decorator.py
[2025-03-20T22:05:55.866+0000] {logging_mixin.py:188} INFO - [2025-03-20T22:05:55.866+0000] {dag.py:3036} INFO - Sync 1 DAGs
[2025-03-20T22:05:55.890+0000] {logging_mixin.py:188} INFO - [2025-03-20T22:05:55.890+0000] {dag.py:3823} INFO - Setting next_dagrun for example_python_decorator to None, run_after=None
[2025-03-20T22:05:55.932+0000] {processor.py:183} INFO - Processing /home/nord/venv/lib/python3.8/site-packages/airflow/example_dags/example_python_decorator.py took 0.311 seconds
[2025-03-20T22:06:26.237+0000] {processor.py:161} INFO - Started process (PID=4874) to work on /home/nord/venv/lib/python3.8/site-packages/airflow/example_dags/example_python_decorator.py
[2025-03-20T22:06:26.240+0000] {processor.py:830} INFO - Processing file /home/nord/venv/lib/python3.8/site-packages/airflow/example_dags/example_python_decorator.py for tasks to queue
[2025-03-20T22:06:26.241+0000] {logging_mixin.py:188} INFO - [2025-03-20T22:06:26.241+0000] {dagbag.py:538} INFO - Filling up the DagBag from /home/nord/venv/lib/python3.8/site-packages/airflow/example_dags/example_python_decorator.py
[2025-03-20T22:06:26.267+0000] {processor.py:840} INFO - DAG(s) 'example_python_decorator' retrieved from /home/nord/venv/lib/python3.8/site-packages/airflow/example_dags/example_python_decorator.py
[2025-03-20T22:06:26.321+0000] {logging_mixin.py:188} INFO - [2025-03-20T22:06:26.320+0000] {dag.py:3036} INFO - Sync 1 DAGs
[2025-03-20T22:06:26.345+0000] {logging_mixin.py:188} INFO - [2025-03-20T22:06:26.344+0000] {dag.py:3823} INFO - Setting next_dagrun for example_python_decorator to None, run_after=None
[2025-03-20T22:06:26.384+0000] {processor.py:183} INFO - Processing /home/nord/venv/lib/python3.8/site-packages/airflow/example_dags/example_python_decorator.py took 0.151 seconds
[2025-03-20T22:06:57.161+0000] {processor.py:161} INFO - Started process (PID=5198) to work on /home/nord/venv/lib/python3.8/site-packages/airflow/example_dags/example_python_decorator.py
[2025-03-20T22:06:57.163+0000] {processor.py:830} INFO - Processing file /home/nord/venv/lib/python3.8/site-packages/airflow/example_dags/example_python_decorator.py for tasks to queue
[2025-03-20T22:06:57.164+0000] {logging_mixin.py:188} INFO - [2025-03-20T22:06:57.164+0000] {dagbag.py:538} INFO - Filling up the DagBag from /home/nord/venv/lib/python3.8/site-packages/airflow/example_dags/example_python_decorator.py
[2025-03-20T22:06:57.186+0000] {processor.py:840} INFO - DAG(s) 'example_python_decorator' retrieved from /home/nord/venv/lib/python3.8/site-packages/airflow/example_dags/example_python_decorator.py
[2025-03-20T22:06:57.240+0000] {logging_mixin.py:188} INFO - [2025-03-20T22:06:57.239+0000] {dag.py:3036} INFO - Sync 1 DAGs
[2025-03-20T22:06:57.270+0000] {logging_mixin.py:188} INFO - [2025-03-20T22:06:57.269+0000] {dag.py:3823} INFO - Setting next_dagrun for example_python_decorator to None, run_after=None
[2025-03-20T22:06:57.310+0000] {processor.py:183} INFO - Processing /home/nord/venv/lib/python3.8/site-packages/airflow/example_dags/example_python_decorator.py took 0.157 seconds
[2025-03-20T22:07:27.651+0000] {processor.py:161} INFO - Started process (PID=5661) to work on /home/nord/venv/lib/python3.8/site-packages/airflow/example_dags/example_python_decorator.py
[2025-03-20T22:07:27.652+0000] {processor.py:830} INFO - Processing file /home/nord/venv/lib/python3.8/site-packages/airflow/example_dags/example_python_decorator.py for tasks to queue
[2025-03-20T22:07:27.654+0000] {logging_mixin.py:188} INFO - [2025-03-20T22:07:27.653+0000] {dagbag.py:538} INFO - Filling up the DagBag from /home/nord/venv/lib/python3.8/site-packages/airflow/example_dags/example_python_decorator.py
[2025-03-20T22:07:27.681+0000] {processor.py:840} INFO - DAG(s) 'example_python_decorator' retrieved from /home/nord/venv/lib/python3.8/site-packages/airflow/example_dags/example_python_decorator.py
[2025-03-20T22:07:27.730+0000] {logging_mixin.py:188} INFO - [2025-03-20T22:07:27.729+0000] {dag.py:3036} INFO - Sync 1 DAGs
[2025-03-20T22:07:27.752+0000] {logging_mixin.py:188} INFO - [2025-03-20T22:07:27.752+0000] {dag.py:3823} INFO - Setting next_dagrun for example_python_decorator to None, run_after=None
[2025-03-20T22:07:27.785+0000] {processor.py:183} INFO - Processing /home/nord/venv/lib/python3.8/site-packages/airflow/example_dags/example_python_decorator.py took 0.142 seconds
[2025-03-20T22:07:58.343+0000] {processor.py:161} INFO - Started process (PID=6004) to work on /home/nord/venv/lib/python3.8/site-packages/airflow/example_dags/example_python_decorator.py
[2025-03-20T22:07:58.345+0000] {processor.py:830} INFO - Processing file /home/nord/venv/lib/python3.8/site-packages/airflow/example_dags/example_python_decorator.py for tasks to queue
[2025-03-20T22:07:58.347+0000] {logging_mixin.py:188} INFO - [2025-03-20T22:07:58.346+0000] {dagbag.py:538} INFO - Filling up the DagBag from /home/nord/venv/lib/python3.8/site-packages/airflow/example_dags/example_python_decorator.py
[2025-03-20T22:07:58.370+0000] {processor.py:840} INFO - DAG(s) 'example_python_decorator' retrieved from /home/nord/venv/lib/python3.8/site-packages/airflow/example_dags/example_python_decorator.py
[2025-03-20T22:07:58.432+0000] {logging_mixin.py:188} INFO - [2025-03-20T22:07:58.431+0000] {dag.py:3036} INFO - Sync 1 DAGs
[2025-03-20T22:07:58.464+0000] {logging_mixin.py:188} INFO - [2025-03-20T22:07:58.464+0000] {dag.py:3823} INFO - Setting next_dagrun for example_python_decorator to None, run_after=None
[2025-03-20T22:07:58.526+0000] {processor.py:183} INFO - Processing /home/nord/venv/lib/python3.8/site-packages/airflow/example_dags/example_python_decorator.py took 0.188 seconds
[2025-03-20T22:08:30.256+0000] {processor.py:161} INFO - Started process (PID=6336) to work on /home/nord/venv/lib/python3.8/site-packages/airflow/example_dags/example_python_decorator.py
[2025-03-20T22:08:30.258+0000] {processor.py:830} INFO - Processing file /home/nord/venv/lib/python3.8/site-packages/airflow/example_dags/example_python_decorator.py for tasks to queue
[2025-03-20T22:08:30.260+0000] {logging_mixin.py:188} INFO - [2025-03-20T22:08:30.260+0000] {dagbag.py:538} INFO - Filling up the DagBag from /home/nord/venv/lib/python3.8/site-packages/airflow/example_dags/example_python_decorator.py
[2025-03-20T22:08:30.290+0000] {processor.py:840} INFO - DAG(s) 'example_python_decorator' retrieved from /home/nord/venv/lib/python3.8/site-packages/airflow/example_dags/example_python_decorator.py
[2025-03-20T22:08:30.342+0000] {logging_mixin.py:188} INFO - [2025-03-20T22:08:30.342+0000] {dag.py:3036} INFO - Sync 1 DAGs
[2025-03-20T22:08:30.365+0000] {logging_mixin.py:188} INFO - [2025-03-20T22:08:30.365+0000] {dag.py:3823} INFO - Setting next_dagrun for example_python_decorator to None, run_after=None
[2025-03-20T22:08:30.406+0000] {processor.py:183} INFO - Processing /home/nord/venv/lib/python3.8/site-packages/airflow/example_dags/example_python_decorator.py took 0.156 seconds
[2025-03-20T22:09:02.043+0000] {processor.py:161} INFO - Started process (PID=6685) to work on /home/nord/venv/lib/python3.8/site-packages/airflow/example_dags/example_python_decorator.py
[2025-03-20T22:09:02.045+0000] {processor.py:830} INFO - Processing file /home/nord/venv/lib/python3.8/site-packages/airflow/example_dags/example_python_decorator.py for tasks to queue
[2025-03-20T22:09:02.046+0000] {logging_mixin.py:188} INFO - [2025-03-20T22:09:02.046+0000] {dagbag.py:538} INFO - Filling up the DagBag from /home/nord/venv/lib/python3.8/site-packages/airflow/example_dags/example_python_decorator.py
[2025-03-20T22:09:02.070+0000] {processor.py:840} INFO - DAG(s) 'example_python_decorator' retrieved from /home/nord/venv/lib/python3.8/site-packages/airflow/example_dags/example_python_decorator.py
[2025-03-20T22:09:02.128+0000] {logging_mixin.py:188} INFO - [2025-03-20T22:09:02.128+0000] {dag.py:3036} INFO - Sync 1 DAGs
[2025-03-20T22:09:02.162+0000] {logging_mixin.py:188} INFO - [2025-03-20T22:09:02.161+0000] {dag.py:3823} INFO - Setting next_dagrun for example_python_decorator to None, run_after=None
[2025-03-20T22:09:02.211+0000] {processor.py:183} INFO - Processing /home/nord/venv/lib/python3.8/site-packages/airflow/example_dags/example_python_decorator.py took 0.175 seconds
[2025-03-20T22:09:33.233+0000] {processor.py:161} INFO - Started process (PID=7122) to work on /home/nord/venv/lib/python3.8/site-packages/airflow/example_dags/example_python_decorator.py
[2025-03-20T22:09:33.235+0000] {processor.py:830} INFO - Processing file /home/nord/venv/lib/python3.8/site-packages/airflow/example_dags/example_python_decorator.py for tasks to queue
[2025-03-20T22:09:33.237+0000] {logging_mixin.py:188} INFO - [2025-03-20T22:09:33.236+0000] {dagbag.py:538} INFO - Filling up the DagBag from /home/nord/venv/lib/python3.8/site-packages/airflow/example_dags/example_python_decorator.py
[2025-03-20T22:09:33.259+0000] {processor.py:840} INFO - DAG(s) 'example_python_decorator' retrieved from /home/nord/venv/lib/python3.8/site-packages/airflow/example_dags/example_python_decorator.py
[2025-03-20T22:09:33.308+0000] {logging_mixin.py:188} INFO - [2025-03-20T22:09:33.308+0000] {dag.py:3036} INFO - Sync 1 DAGs
[2025-03-20T22:09:33.336+0000] {logging_mixin.py:188} INFO - [2025-03-20T22:09:33.335+0000] {dag.py:3823} INFO - Setting next_dagrun for example_python_decorator to None, run_after=None
[2025-03-20T22:09:33.380+0000] {processor.py:183} INFO - Processing /home/nord/venv/lib/python3.8/site-packages/airflow/example_dags/example_python_decorator.py took 0.154 seconds
[2025-03-20T22:10:04.536+0000] {processor.py:161} INFO - Started process (PID=7470) to work on /home/nord/venv/lib/python3.8/site-packages/airflow/example_dags/example_python_decorator.py
[2025-03-20T22:10:04.539+0000] {processor.py:830} INFO - Processing file /home/nord/venv/lib/python3.8/site-packages/airflow/example_dags/example_python_decorator.py for tasks to queue
[2025-03-20T22:10:04.540+0000] {logging_mixin.py:188} INFO - [2025-03-20T22:10:04.540+0000] {dagbag.py:538} INFO - Filling up the DagBag from /home/nord/venv/lib/python3.8/site-packages/airflow/example_dags/example_python_decorator.py
[2025-03-20T22:10:04.572+0000] {processor.py:840} INFO - DAG(s) 'example_python_decorator' retrieved from /home/nord/venv/lib/python3.8/site-packages/airflow/example_dags/example_python_decorator.py
[2025-03-20T22:10:04.736+0000] {logging_mixin.py:188} INFO - [2025-03-20T22:10:04.727+0000] {dag.py:3036} INFO - Sync 1 DAGs
[2025-03-20T22:10:04.817+0000] {logging_mixin.py:188} INFO - [2025-03-20T22:10:04.817+0000] {dag.py:3823} INFO - Setting next_dagrun for example_python_decorator to None, run_after=None
[2025-03-20T22:10:04.911+0000] {processor.py:183} INFO - Processing /home/nord/venv/lib/python3.8/site-packages/airflow/example_dags/example_python_decorator.py took 0.380 seconds
[2025-03-20T22:10:37.817+0000] {processor.py:161} INFO - Started process (PID=7802) to work on /home/nord/venv/lib/python3.8/site-packages/airflow/example_dags/example_python_decorator.py
[2025-03-20T22:10:37.834+0000] {processor.py:830} INFO - Processing file /home/nord/venv/lib/python3.8/site-packages/airflow/example_dags/example_python_decorator.py for tasks to queue
[2025-03-20T22:10:37.837+0000] {logging_mixin.py:188} INFO - [2025-03-20T22:10:37.836+0000] {dagbag.py:538} INFO - Filling up the DagBag from /home/nord/venv/lib/python3.8/site-packages/airflow/example_dags/example_python_decorator.py
[2025-03-20T22:10:37.912+0000] {processor.py:840} INFO - DAG(s) 'example_python_decorator' retrieved from /home/nord/venv/lib/python3.8/site-packages/airflow/example_dags/example_python_decorator.py
[2025-03-20T22:10:38.051+0000] {logging_mixin.py:188} INFO - [2025-03-20T22:10:38.050+0000] {dag.py:3036} INFO - Sync 1 DAGs
[2025-03-20T22:10:38.127+0000] {logging_mixin.py:188} INFO - [2025-03-20T22:10:38.127+0000] {dag.py:3823} INFO - Setting next_dagrun for example_python_decorator to None, run_after=None
[2025-03-20T22:10:38.229+0000] {processor.py:183} INFO - Processing /home/nord/venv/lib/python3.8/site-packages/airflow/example_dags/example_python_decorator.py took 0.430 seconds
[2025-03-20T22:11:08.617+0000] {processor.py:161} INFO - Started process (PID=8123) to work on /home/nord/venv/lib/python3.8/site-packages/airflow/example_dags/example_python_decorator.py
[2025-03-20T22:11:08.621+0000] {processor.py:830} INFO - Processing file /home/nord/venv/lib/python3.8/site-packages/airflow/example_dags/example_python_decorator.py for tasks to queue
[2025-03-20T22:11:08.623+0000] {logging_mixin.py:188} INFO - [2025-03-20T22:11:08.623+0000] {dagbag.py:538} INFO - Filling up the DagBag from /home/nord/venv/lib/python3.8/site-packages/airflow/example_dags/example_python_decorator.py
[2025-03-20T22:11:08.657+0000] {processor.py:840} INFO - DAG(s) 'example_python_decorator' retrieved from /home/nord/venv/lib/python3.8/site-packages/airflow/example_dags/example_python_decorator.py
[2025-03-20T22:11:08.708+0000] {logging_mixin.py:188} INFO - [2025-03-20T22:11:08.708+0000] {dag.py:3036} INFO - Sync 1 DAGs
[2025-03-20T22:11:08.730+0000] {logging_mixin.py:188} INFO - [2025-03-20T22:11:08.730+0000] {dag.py:3823} INFO - Setting next_dagrun for example_python_decorator to None, run_after=None
[2025-03-20T22:11:08.771+0000] {processor.py:183} INFO - Processing /home/nord/venv/lib/python3.8/site-packages/airflow/example_dags/example_python_decorator.py took 0.163 seconds
[2025-03-20T22:11:39.620+0000] {processor.py:161} INFO - Started process (PID=8446) to work on /home/nord/venv/lib/python3.8/site-packages/airflow/example_dags/example_python_decorator.py
[2025-03-20T22:11:39.622+0000] {processor.py:830} INFO - Processing file /home/nord/venv/lib/python3.8/site-packages/airflow/example_dags/example_python_decorator.py for tasks to queue
[2025-03-20T22:11:39.624+0000] {logging_mixin.py:188} INFO - [2025-03-20T22:11:39.624+0000] {dagbag.py:538} INFO - Filling up the DagBag from /home/nord/venv/lib/python3.8/site-packages/airflow/example_dags/example_python_decorator.py
[2025-03-20T22:11:39.652+0000] {processor.py:840} INFO - DAG(s) 'example_python_decorator' retrieved from /home/nord/venv/lib/python3.8/site-packages/airflow/example_dags/example_python_decorator.py
[2025-03-20T22:11:39.709+0000] {logging_mixin.py:188} INFO - [2025-03-20T22:11:39.708+0000] {dag.py:3036} INFO - Sync 1 DAGs
[2025-03-20T22:11:39.733+0000] {logging_mixin.py:188} INFO - [2025-03-20T22:11:39.733+0000] {dag.py:3823} INFO - Setting next_dagrun for example_python_decorator to None, run_after=None
[2025-03-20T22:11:39.772+0000] {processor.py:183} INFO - Processing /home/nord/venv/lib/python3.8/site-packages/airflow/example_dags/example_python_decorator.py took 0.160 seconds
