[2025-03-20T22:02:04.571+0000] {processor.py:161} INFO - Started process (PID=1411) to work on /home/nord/venv/lib/python3.8/site-packages/airflow/example_dags/example_datasets.py
[2025-03-20T22:02:04.572+0000] {processor.py:830} INFO - Processing file /home/nord/venv/lib/python3.8/site-packages/airflow/example_dags/example_datasets.py for tasks to queue
[2025-03-20T22:02:04.574+0000] {logging_mixin.py:188} INFO - [2025-03-20T22:02:04.574+0000] {dagbag.py:538} INFO - Filling up the DagBag from /home/nord/venv/lib/python3.8/site-packages/airflow/example_dags/example_datasets.py
[2025-03-20T22:02:04.593+0000] {processor.py:840} INFO - DAG(s) 'dataset_consumes_1', 'dataset_produces_1', 'dataset_consumes_1_never_scheduled', 'dataset_consumes_unknown_never_scheduled', 'dataset_produces_2', 'dataset_consumes_1_and_2' retrieved from /home/nord/venv/lib/python3.8/site-packages/airflow/example_dags/example_datasets.py
[2025-03-20T22:02:04.691+0000] {logging_mixin.py:188} INFO - [2025-03-20T22:02:04.690+0000] {dag.py:3036} INFO - Sync 6 DAGs
[2025-03-20T22:02:04.730+0000] {logging_mixin.py:188} INFO - [2025-03-20T22:02:04.729+0000] {dag.py:3823} INFO - Setting next_dagrun for dataset_consumes_1 to None, run_after=None
[2025-03-20T22:02:04.738+0000] {logging_mixin.py:188} INFO - [2025-03-20T22:02:04.738+0000] {dag.py:3823} INFO - Setting next_dagrun for dataset_consumes_1_and_2 to None, run_after=None
[2025-03-20T22:02:04.741+0000] {logging_mixin.py:188} INFO - [2025-03-20T22:02:04.741+0000] {dag.py:3823} INFO - Setting next_dagrun for dataset_consumes_1_never_scheduled to None, run_after=None
[2025-03-20T22:02:04.744+0000] {logging_mixin.py:188} INFO - [2025-03-20T22:02:04.743+0000] {dag.py:3823} INFO - Setting next_dagrun for dataset_consumes_unknown_never_scheduled to None, run_after=None
[2025-03-20T22:02:04.751+0000] {logging_mixin.py:188} INFO - [2025-03-20T22:02:04.750+0000] {dag.py:3823} INFO - Setting next_dagrun for dataset_produces_1 to 2025-03-19 00:00:00+00:00, run_after=2025-03-20 00:00:00+00:00
[2025-03-20T22:02:04.753+0000] {logging_mixin.py:188} INFO - [2025-03-20T22:02:04.753+0000] {dag.py:3823} INFO - Setting next_dagrun for dataset_produces_2 to None, run_after=None
[2025-03-20T22:02:04.835+0000] {processor.py:183} INFO - Processing /home/nord/venv/lib/python3.8/site-packages/airflow/example_dags/example_datasets.py took 0.270 seconds
[2025-03-20T22:02:35.213+0000] {processor.py:161} INFO - Started process (PID=1749) to work on /home/nord/venv/lib/python3.8/site-packages/airflow/example_dags/example_datasets.py
[2025-03-20T22:02:35.214+0000] {processor.py:830} INFO - Processing file /home/nord/venv/lib/python3.8/site-packages/airflow/example_dags/example_datasets.py for tasks to queue
[2025-03-20T22:02:35.216+0000] {logging_mixin.py:188} INFO - [2025-03-20T22:02:35.215+0000] {dagbag.py:538} INFO - Filling up the DagBag from /home/nord/venv/lib/python3.8/site-packages/airflow/example_dags/example_datasets.py
[2025-03-20T22:02:35.232+0000] {processor.py:840} INFO - DAG(s) 'dataset_consumes_1', 'dataset_consumes_1_and_2', 'dataset_consumes_1_never_scheduled', 'dataset_produces_1', 'dataset_produces_2', 'dataset_consumes_unknown_never_scheduled' retrieved from /home/nord/venv/lib/python3.8/site-packages/airflow/example_dags/example_datasets.py
[2025-03-20T22:02:35.330+0000] {logging_mixin.py:188} INFO - [2025-03-20T22:02:35.330+0000] {dag.py:3036} INFO - Sync 6 DAGs
[2025-03-20T22:02:35.374+0000] {logging_mixin.py:188} INFO - [2025-03-20T22:02:35.374+0000] {dag.py:3823} INFO - Setting next_dagrun for dataset_consumes_1 to None, run_after=None
[2025-03-20T22:02:35.383+0000] {logging_mixin.py:188} INFO - [2025-03-20T22:02:35.383+0000] {dag.py:3823} INFO - Setting next_dagrun for dataset_consumes_1_and_2 to None, run_after=None
[2025-03-20T22:02:35.392+0000] {logging_mixin.py:188} INFO - [2025-03-20T22:02:35.391+0000] {dag.py:3823} INFO - Setting next_dagrun for dataset_consumes_1_never_scheduled to None, run_after=None
[2025-03-20T22:02:35.408+0000] {logging_mixin.py:188} INFO - [2025-03-20T22:02:35.407+0000] {dag.py:3823} INFO - Setting next_dagrun for dataset_consumes_unknown_never_scheduled to None, run_after=None
[2025-03-20T22:02:35.421+0000] {logging_mixin.py:188} INFO - [2025-03-20T22:02:35.420+0000] {dag.py:3823} INFO - Setting next_dagrun for dataset_produces_1 to 2025-03-19 00:00:00+00:00, run_after=2025-03-20 00:00:00+00:00
[2025-03-20T22:02:35.431+0000] {logging_mixin.py:188} INFO - [2025-03-20T22:02:35.431+0000] {dag.py:3823} INFO - Setting next_dagrun for dataset_produces_2 to None, run_after=None
[2025-03-20T22:02:35.607+0000] {processor.py:183} INFO - Processing /home/nord/venv/lib/python3.8/site-packages/airflow/example_dags/example_datasets.py took 0.400 seconds
[2025-03-20T22:03:07.993+0000] {processor.py:161} INFO - Started process (PID=2354) to work on /home/nord/venv/lib/python3.8/site-packages/airflow/example_dags/example_datasets.py
[2025-03-20T22:03:08.001+0000] {processor.py:830} INFO - Processing file /home/nord/venv/lib/python3.8/site-packages/airflow/example_dags/example_datasets.py for tasks to queue
[2025-03-20T22:03:08.003+0000] {logging_mixin.py:188} INFO - [2025-03-20T22:03:08.002+0000] {dagbag.py:538} INFO - Filling up the DagBag from /home/nord/venv/lib/python3.8/site-packages/airflow/example_dags/example_datasets.py
[2025-03-20T22:03:08.072+0000] {processor.py:840} INFO - DAG(s) 'dataset_produces_1', 'dataset_consumes_1', 'dataset_consumes_1_never_scheduled', 'dataset_consumes_1_and_2', 'dataset_produces_2', 'dataset_consumes_unknown_never_scheduled' retrieved from /home/nord/venv/lib/python3.8/site-packages/airflow/example_dags/example_datasets.py
[2025-03-20T22:03:08.250+0000] {logging_mixin.py:188} INFO - [2025-03-20T22:03:08.249+0000] {dag.py:3036} INFO - Sync 6 DAGs
[2025-03-20T22:03:08.325+0000] {logging_mixin.py:188} INFO - [2025-03-20T22:03:08.324+0000] {dag.py:3823} INFO - Setting next_dagrun for dataset_consumes_1 to None, run_after=None
[2025-03-20T22:03:08.339+0000] {logging_mixin.py:188} INFO - [2025-03-20T22:03:08.339+0000] {dag.py:3823} INFO - Setting next_dagrun for dataset_consumes_1_and_2 to None, run_after=None
[2025-03-20T22:03:08.342+0000] {logging_mixin.py:188} INFO - [2025-03-20T22:03:08.342+0000] {dag.py:3823} INFO - Setting next_dagrun for dataset_consumes_1_never_scheduled to None, run_after=None
[2025-03-20T22:03:08.357+0000] {logging_mixin.py:188} INFO - [2025-03-20T22:03:08.345+0000] {dag.py:3823} INFO - Setting next_dagrun for dataset_consumes_unknown_never_scheduled to None, run_after=None
[2025-03-20T22:03:08.375+0000] {logging_mixin.py:188} INFO - [2025-03-20T22:03:08.374+0000] {dag.py:3823} INFO - Setting next_dagrun for dataset_produces_1 to 2025-03-19 00:00:00+00:00, run_after=2025-03-20 00:00:00+00:00
[2025-03-20T22:03:08.383+0000] {logging_mixin.py:188} INFO - [2025-03-20T22:03:08.383+0000] {dag.py:3823} INFO - Setting next_dagrun for dataset_produces_2 to None, run_after=None
[2025-03-20T22:03:08.692+0000] {processor.py:183} INFO - Processing /home/nord/venv/lib/python3.8/site-packages/airflow/example_dags/example_datasets.py took 0.727 seconds
[2025-03-20T22:03:38.839+0000] {processor.py:161} INFO - Started process (PID=2772) to work on /home/nord/venv/lib/python3.8/site-packages/airflow/example_dags/example_datasets.py
[2025-03-20T22:03:38.840+0000] {processor.py:830} INFO - Processing file /home/nord/venv/lib/python3.8/site-packages/airflow/example_dags/example_datasets.py for tasks to queue
[2025-03-20T22:03:38.844+0000] {logging_mixin.py:188} INFO - [2025-03-20T22:03:38.843+0000] {dagbag.py:538} INFO - Filling up the DagBag from /home/nord/venv/lib/python3.8/site-packages/airflow/example_dags/example_datasets.py
[2025-03-20T22:03:38.869+0000] {processor.py:840} INFO - DAG(s) 'dataset_consumes_1_and_2', 'dataset_consumes_unknown_never_scheduled', 'dataset_consumes_1_never_scheduled', 'dataset_produces_2', 'dataset_consumes_1', 'dataset_produces_1' retrieved from /home/nord/venv/lib/python3.8/site-packages/airflow/example_dags/example_datasets.py
[2025-03-20T22:03:38.996+0000] {logging_mixin.py:188} INFO - [2025-03-20T22:03:38.996+0000] {dag.py:3036} INFO - Sync 6 DAGs
[2025-03-20T22:03:39.055+0000] {logging_mixin.py:188} INFO - [2025-03-20T22:03:39.055+0000] {dag.py:3823} INFO - Setting next_dagrun for dataset_consumes_1 to None, run_after=None
[2025-03-20T22:03:39.064+0000] {logging_mixin.py:188} INFO - [2025-03-20T22:03:39.064+0000] {dag.py:3823} INFO - Setting next_dagrun for dataset_consumes_1_and_2 to None, run_after=None
[2025-03-20T22:03:39.070+0000] {logging_mixin.py:188} INFO - [2025-03-20T22:03:39.069+0000] {dag.py:3823} INFO - Setting next_dagrun for dataset_consumes_1_never_scheduled to None, run_after=None
[2025-03-20T22:03:39.073+0000] {logging_mixin.py:188} INFO - [2025-03-20T22:03:39.072+0000] {dag.py:3823} INFO - Setting next_dagrun for dataset_consumes_unknown_never_scheduled to None, run_after=None
[2025-03-20T22:03:39.081+0000] {logging_mixin.py:188} INFO - [2025-03-20T22:03:39.081+0000] {dag.py:3823} INFO - Setting next_dagrun for dataset_produces_1 to 2025-03-19 00:00:00+00:00, run_after=2025-03-20 00:00:00+00:00
[2025-03-20T22:03:39.088+0000] {logging_mixin.py:188} INFO - [2025-03-20T22:03:39.087+0000] {dag.py:3823} INFO - Setting next_dagrun for dataset_produces_2 to None, run_after=None
[2025-03-20T22:03:39.206+0000] {processor.py:183} INFO - Processing /home/nord/venv/lib/python3.8/site-packages/airflow/example_dags/example_datasets.py took 0.374 seconds
[2025-03-20T22:04:09.357+0000] {processor.py:161} INFO - Started process (PID=3116) to work on /home/nord/venv/lib/python3.8/site-packages/airflow/example_dags/example_datasets.py
[2025-03-20T22:04:09.359+0000] {processor.py:830} INFO - Processing file /home/nord/venv/lib/python3.8/site-packages/airflow/example_dags/example_datasets.py for tasks to queue
[2025-03-20T22:04:09.362+0000] {logging_mixin.py:188} INFO - [2025-03-20T22:04:09.361+0000] {dagbag.py:538} INFO - Filling up the DagBag from /home/nord/venv/lib/python3.8/site-packages/airflow/example_dags/example_datasets.py
[2025-03-20T22:04:09.389+0000] {processor.py:840} INFO - DAG(s) 'dataset_consumes_unknown_never_scheduled', 'dataset_produces_2', 'dataset_consumes_1_and_2', 'dataset_consumes_1_never_scheduled', 'dataset_consumes_1', 'dataset_produces_1' retrieved from /home/nord/venv/lib/python3.8/site-packages/airflow/example_dags/example_datasets.py
[2025-03-20T22:04:09.522+0000] {logging_mixin.py:188} INFO - [2025-03-20T22:04:09.522+0000] {dag.py:3036} INFO - Sync 6 DAGs
[2025-03-20T22:04:09.572+0000] {logging_mixin.py:188} INFO - [2025-03-20T22:04:09.572+0000] {dag.py:3823} INFO - Setting next_dagrun for dataset_consumes_1 to None, run_after=None
[2025-03-20T22:04:09.577+0000] {logging_mixin.py:188} INFO - [2025-03-20T22:04:09.576+0000] {dag.py:3823} INFO - Setting next_dagrun for dataset_consumes_1_and_2 to None, run_after=None
[2025-03-20T22:04:09.580+0000] {logging_mixin.py:188} INFO - [2025-03-20T22:04:09.579+0000] {dag.py:3823} INFO - Setting next_dagrun for dataset_consumes_1_never_scheduled to None, run_after=None
[2025-03-20T22:04:09.582+0000] {logging_mixin.py:188} INFO - [2025-03-20T22:04:09.581+0000] {dag.py:3823} INFO - Setting next_dagrun for dataset_consumes_unknown_never_scheduled to None, run_after=None
[2025-03-20T22:04:09.586+0000] {logging_mixin.py:188} INFO - [2025-03-20T22:04:09.585+0000] {dag.py:3823} INFO - Setting next_dagrun for dataset_produces_1 to 2025-03-19 00:00:00+00:00, run_after=2025-03-20 00:00:00+00:00
[2025-03-20T22:04:09.589+0000] {logging_mixin.py:188} INFO - [2025-03-20T22:04:09.589+0000] {dag.py:3823} INFO - Setting next_dagrun for dataset_produces_2 to None, run_after=None
[2025-03-20T22:04:09.647+0000] {processor.py:183} INFO - Processing /home/nord/venv/lib/python3.8/site-packages/airflow/example_dags/example_datasets.py took 0.299 seconds
[2025-03-20T22:04:40.337+0000] {processor.py:161} INFO - Started process (PID=3444) to work on /home/nord/venv/lib/python3.8/site-packages/airflow/example_dags/example_datasets.py
[2025-03-20T22:04:40.339+0000] {processor.py:830} INFO - Processing file /home/nord/venv/lib/python3.8/site-packages/airflow/example_dags/example_datasets.py for tasks to queue
[2025-03-20T22:04:40.341+0000] {logging_mixin.py:188} INFO - [2025-03-20T22:04:40.340+0000] {dagbag.py:538} INFO - Filling up the DagBag from /home/nord/venv/lib/python3.8/site-packages/airflow/example_dags/example_datasets.py
[2025-03-20T22:04:40.371+0000] {processor.py:840} INFO - DAG(s) 'dataset_produces_1', 'dataset_consumes_1_never_scheduled', 'dataset_consumes_1_and_2', 'dataset_produces_2', 'dataset_consumes_unknown_never_scheduled', 'dataset_consumes_1' retrieved from /home/nord/venv/lib/python3.8/site-packages/airflow/example_dags/example_datasets.py
[2025-03-20T22:04:40.515+0000] {logging_mixin.py:188} INFO - [2025-03-20T22:04:40.514+0000] {dag.py:3036} INFO - Sync 6 DAGs
[2025-03-20T22:04:40.603+0000] {logging_mixin.py:188} INFO - [2025-03-20T22:04:40.603+0000] {dag.py:3823} INFO - Setting next_dagrun for dataset_consumes_1 to None, run_after=None
[2025-03-20T22:04:40.613+0000] {logging_mixin.py:188} INFO - [2025-03-20T22:04:40.613+0000] {dag.py:3823} INFO - Setting next_dagrun for dataset_consumes_1_and_2 to None, run_after=None
[2025-03-20T22:04:40.617+0000] {logging_mixin.py:188} INFO - [2025-03-20T22:04:40.616+0000] {dag.py:3823} INFO - Setting next_dagrun for dataset_consumes_1_never_scheduled to None, run_after=None
[2025-03-20T22:04:40.621+0000] {logging_mixin.py:188} INFO - [2025-03-20T22:04:40.620+0000] {dag.py:3823} INFO - Setting next_dagrun for dataset_consumes_unknown_never_scheduled to None, run_after=None
[2025-03-20T22:04:40.629+0000] {logging_mixin.py:188} INFO - [2025-03-20T22:04:40.628+0000] {dag.py:3823} INFO - Setting next_dagrun for dataset_produces_1 to 2025-03-19 00:00:00+00:00, run_after=2025-03-20 00:00:00+00:00
[2025-03-20T22:04:40.632+0000] {logging_mixin.py:188} INFO - [2025-03-20T22:04:40.631+0000] {dag.py:3823} INFO - Setting next_dagrun for dataset_produces_2 to None, run_after=None
[2025-03-20T22:04:40.711+0000] {processor.py:183} INFO - Processing /home/nord/venv/lib/python3.8/site-packages/airflow/example_dags/example_datasets.py took 0.388 seconds
[2025-03-20T22:05:11.482+0000] {processor.py:161} INFO - Started process (PID=3769) to work on /home/nord/venv/lib/python3.8/site-packages/airflow/example_dags/example_datasets.py
[2025-03-20T22:05:11.485+0000] {processor.py:830} INFO - Processing file /home/nord/venv/lib/python3.8/site-packages/airflow/example_dags/example_datasets.py for tasks to queue
[2025-03-20T22:05:11.487+0000] {logging_mixin.py:188} INFO - [2025-03-20T22:05:11.486+0000] {dagbag.py:538} INFO - Filling up the DagBag from /home/nord/venv/lib/python3.8/site-packages/airflow/example_dags/example_datasets.py
[2025-03-20T22:05:11.506+0000] {processor.py:840} INFO - DAG(s) 'dataset_produces_1', 'dataset_consumes_1_and_2', 'dataset_produces_2', 'dataset_consumes_unknown_never_scheduled', 'dataset_consumes_1', 'dataset_consumes_1_never_scheduled' retrieved from /home/nord/venv/lib/python3.8/site-packages/airflow/example_dags/example_datasets.py
[2025-03-20T22:05:11.590+0000] {logging_mixin.py:188} INFO - [2025-03-20T22:05:11.590+0000] {dag.py:3036} INFO - Sync 6 DAGs
[2025-03-20T22:05:11.640+0000] {logging_mixin.py:188} INFO - [2025-03-20T22:05:11.640+0000] {dag.py:3823} INFO - Setting next_dagrun for dataset_consumes_1 to None, run_after=None
[2025-03-20T22:05:11.647+0000] {logging_mixin.py:188} INFO - [2025-03-20T22:05:11.647+0000] {dag.py:3823} INFO - Setting next_dagrun for dataset_consumes_1_and_2 to None, run_after=None
[2025-03-20T22:05:11.649+0000] {logging_mixin.py:188} INFO - [2025-03-20T22:05:11.649+0000] {dag.py:3823} INFO - Setting next_dagrun for dataset_consumes_1_never_scheduled to None, run_after=None
[2025-03-20T22:05:11.652+0000] {logging_mixin.py:188} INFO - [2025-03-20T22:05:11.652+0000] {dag.py:3823} INFO - Setting next_dagrun for dataset_consumes_unknown_never_scheduled to None, run_after=None
[2025-03-20T22:05:11.657+0000] {logging_mixin.py:188} INFO - [2025-03-20T22:05:11.657+0000] {dag.py:3823} INFO - Setting next_dagrun for dataset_produces_1 to 2025-03-19 00:00:00+00:00, run_after=2025-03-20 00:00:00+00:00
[2025-03-20T22:05:11.661+0000] {logging_mixin.py:188} INFO - [2025-03-20T22:05:11.661+0000] {dag.py:3823} INFO - Setting next_dagrun for dataset_produces_2 to None, run_after=None
[2025-03-20T22:05:11.733+0000] {processor.py:183} INFO - Processing /home/nord/venv/lib/python3.8/site-packages/airflow/example_dags/example_datasets.py took 0.259 seconds
[2025-03-20T22:05:50.981+0000] {processor.py:161} INFO - Started process (PID=4357) to work on /home/nord/venv/lib/python3.8/site-packages/airflow/example_dags/example_datasets.py
[2025-03-20T22:05:50.984+0000] {processor.py:830} INFO - Processing file /home/nord/venv/lib/python3.8/site-packages/airflow/example_dags/example_datasets.py for tasks to queue
[2025-03-20T22:05:50.988+0000] {logging_mixin.py:188} INFO - [2025-03-20T22:05:50.986+0000] {dagbag.py:538} INFO - Filling up the DagBag from /home/nord/venv/lib/python3.8/site-packages/airflow/example_dags/example_datasets.py
[2025-03-20T22:05:51.018+0000] {processor.py:840} INFO - DAG(s) 'dataset_consumes_1', 'dataset_consumes_1_and_2', 'dataset_produces_1', 'dataset_consumes_unknown_never_scheduled', 'dataset_consumes_1_never_scheduled', 'dataset_produces_2' retrieved from /home/nord/venv/lib/python3.8/site-packages/airflow/example_dags/example_datasets.py
[2025-03-20T22:05:51.152+0000] {logging_mixin.py:188} INFO - [2025-03-20T22:05:51.152+0000] {dag.py:3036} INFO - Sync 6 DAGs
[2025-03-20T22:05:51.202+0000] {logging_mixin.py:188} INFO - [2025-03-20T22:05:51.202+0000] {dag.py:3823} INFO - Setting next_dagrun for dataset_consumes_1 to None, run_after=None
[2025-03-20T22:05:51.209+0000] {logging_mixin.py:188} INFO - [2025-03-20T22:05:51.209+0000] {dag.py:3823} INFO - Setting next_dagrun for dataset_consumes_1_and_2 to None, run_after=None
[2025-03-20T22:05:51.213+0000] {logging_mixin.py:188} INFO - [2025-03-20T22:05:51.213+0000] {dag.py:3823} INFO - Setting next_dagrun for dataset_consumes_1_never_scheduled to None, run_after=None
[2025-03-20T22:05:51.215+0000] {logging_mixin.py:188} INFO - [2025-03-20T22:05:51.215+0000] {dag.py:3823} INFO - Setting next_dagrun for dataset_consumes_unknown_never_scheduled to None, run_after=None
[2025-03-20T22:05:51.220+0000] {logging_mixin.py:188} INFO - [2025-03-20T22:05:51.220+0000] {dag.py:3823} INFO - Setting next_dagrun for dataset_produces_1 to 2025-03-19 00:00:00+00:00, run_after=2025-03-20 00:00:00+00:00
[2025-03-20T22:05:51.223+0000] {logging_mixin.py:188} INFO - [2025-03-20T22:05:51.222+0000] {dag.py:3823} INFO - Setting next_dagrun for dataset_produces_2 to None, run_after=None
[2025-03-20T22:05:51.291+0000] {processor.py:183} INFO - Processing /home/nord/venv/lib/python3.8/site-packages/airflow/example_dags/example_datasets.py took 0.320 seconds
[2025-03-20T22:06:21.986+0000] {processor.py:161} INFO - Started process (PID=4699) to work on /home/nord/venv/lib/python3.8/site-packages/airflow/example_dags/example_datasets.py
[2025-03-20T22:06:21.988+0000] {processor.py:830} INFO - Processing file /home/nord/venv/lib/python3.8/site-packages/airflow/example_dags/example_datasets.py for tasks to queue
[2025-03-20T22:06:21.989+0000] {logging_mixin.py:188} INFO - [2025-03-20T22:06:21.988+0000] {dagbag.py:538} INFO - Filling up the DagBag from /home/nord/venv/lib/python3.8/site-packages/airflow/example_dags/example_datasets.py
[2025-03-20T22:06:22.036+0000] {processor.py:840} INFO - DAG(s) 'dataset_consumes_1_never_scheduled', 'dataset_consumes_1', 'dataset_consumes_unknown_never_scheduled', 'dataset_produces_1', 'dataset_produces_2', 'dataset_consumes_1_and_2' retrieved from /home/nord/venv/lib/python3.8/site-packages/airflow/example_dags/example_datasets.py
[2025-03-20T22:06:22.189+0000] {logging_mixin.py:188} INFO - [2025-03-20T22:06:22.188+0000] {dag.py:3036} INFO - Sync 6 DAGs
[2025-03-20T22:06:22.243+0000] {logging_mixin.py:188} INFO - [2025-03-20T22:06:22.242+0000] {dag.py:3823} INFO - Setting next_dagrun for dataset_consumes_1 to None, run_after=None
[2025-03-20T22:06:22.261+0000] {logging_mixin.py:188} INFO - [2025-03-20T22:06:22.260+0000] {dag.py:3823} INFO - Setting next_dagrun for dataset_consumes_1_and_2 to None, run_after=None
[2025-03-20T22:06:22.264+0000] {logging_mixin.py:188} INFO - [2025-03-20T22:06:22.263+0000] {dag.py:3823} INFO - Setting next_dagrun for dataset_consumes_1_never_scheduled to None, run_after=None
[2025-03-20T22:06:22.267+0000] {logging_mixin.py:188} INFO - [2025-03-20T22:06:22.267+0000] {dag.py:3823} INFO - Setting next_dagrun for dataset_consumes_unknown_never_scheduled to None, run_after=None
[2025-03-20T22:06:22.279+0000] {logging_mixin.py:188} INFO - [2025-03-20T22:06:22.279+0000] {dag.py:3823} INFO - Setting next_dagrun for dataset_produces_1 to 2025-03-19 00:00:00+00:00, run_after=2025-03-20 00:00:00+00:00
[2025-03-20T22:06:22.284+0000] {logging_mixin.py:188} INFO - [2025-03-20T22:06:22.284+0000] {dag.py:3823} INFO - Setting next_dagrun for dataset_produces_2 to None, run_after=None
[2025-03-20T22:06:22.410+0000] {processor.py:183} INFO - Processing /home/nord/venv/lib/python3.8/site-packages/airflow/example_dags/example_datasets.py took 0.430 seconds
[2025-03-20T22:06:52.683+0000] {processor.py:161} INFO - Started process (PID=5021) to work on /home/nord/venv/lib/python3.8/site-packages/airflow/example_dags/example_datasets.py
[2025-03-20T22:06:52.686+0000] {processor.py:830} INFO - Processing file /home/nord/venv/lib/python3.8/site-packages/airflow/example_dags/example_datasets.py for tasks to queue
[2025-03-20T22:06:52.687+0000] {logging_mixin.py:188} INFO - [2025-03-20T22:06:52.687+0000] {dagbag.py:538} INFO - Filling up the DagBag from /home/nord/venv/lib/python3.8/site-packages/airflow/example_dags/example_datasets.py
[2025-03-20T22:06:52.703+0000] {processor.py:840} INFO - DAG(s) 'dataset_consumes_1_and_2', 'dataset_consumes_1', 'dataset_produces_1', 'dataset_consumes_1_never_scheduled', 'dataset_produces_2', 'dataset_consumes_unknown_never_scheduled' retrieved from /home/nord/venv/lib/python3.8/site-packages/airflow/example_dags/example_datasets.py
[2025-03-20T22:06:52.780+0000] {logging_mixin.py:188} INFO - [2025-03-20T22:06:52.779+0000] {dag.py:3036} INFO - Sync 6 DAGs
[2025-03-20T22:06:52.824+0000] {logging_mixin.py:188} INFO - [2025-03-20T22:06:52.823+0000] {dag.py:3823} INFO - Setting next_dagrun for dataset_consumes_1 to None, run_after=None
[2025-03-20T22:06:52.830+0000] {logging_mixin.py:188} INFO - [2025-03-20T22:06:52.830+0000] {dag.py:3823} INFO - Setting next_dagrun for dataset_consumes_1_and_2 to None, run_after=None
[2025-03-20T22:06:52.832+0000] {logging_mixin.py:188} INFO - [2025-03-20T22:06:52.832+0000] {dag.py:3823} INFO - Setting next_dagrun for dataset_consumes_1_never_scheduled to None, run_after=None
[2025-03-20T22:06:52.835+0000] {logging_mixin.py:188} INFO - [2025-03-20T22:06:52.835+0000] {dag.py:3823} INFO - Setting next_dagrun for dataset_consumes_unknown_never_scheduled to None, run_after=None
[2025-03-20T22:06:52.842+0000] {logging_mixin.py:188} INFO - [2025-03-20T22:06:52.842+0000] {dag.py:3823} INFO - Setting next_dagrun for dataset_produces_1 to 2025-03-19 00:00:00+00:00, run_after=2025-03-20 00:00:00+00:00
[2025-03-20T22:06:52.846+0000] {logging_mixin.py:188} INFO - [2025-03-20T22:06:52.846+0000] {dag.py:3823} INFO - Setting next_dagrun for dataset_produces_2 to None, run_after=None
[2025-03-20T22:06:52.919+0000] {processor.py:183} INFO - Processing /home/nord/venv/lib/python3.8/site-packages/airflow/example_dags/example_datasets.py took 0.242 seconds
[2025-03-20T22:07:23.805+0000] {processor.py:161} INFO - Started process (PID=5481) to work on /home/nord/venv/lib/python3.8/site-packages/airflow/example_dags/example_datasets.py
[2025-03-20T22:07:23.807+0000] {processor.py:830} INFO - Processing file /home/nord/venv/lib/python3.8/site-packages/airflow/example_dags/example_datasets.py for tasks to queue
[2025-03-20T22:07:23.809+0000] {logging_mixin.py:188} INFO - [2025-03-20T22:07:23.808+0000] {dagbag.py:538} INFO - Filling up the DagBag from /home/nord/venv/lib/python3.8/site-packages/airflow/example_dags/example_datasets.py
[2025-03-20T22:07:23.838+0000] {processor.py:840} INFO - DAG(s) 'dataset_produces_2', 'dataset_consumes_1_and_2', 'dataset_produces_1', 'dataset_consumes_1', 'dataset_consumes_unknown_never_scheduled', 'dataset_consumes_1_never_scheduled' retrieved from /home/nord/venv/lib/python3.8/site-packages/airflow/example_dags/example_datasets.py
[2025-03-20T22:07:23.978+0000] {logging_mixin.py:188} INFO - [2025-03-20T22:07:23.978+0000] {dag.py:3036} INFO - Sync 6 DAGs
[2025-03-20T22:07:24.027+0000] {logging_mixin.py:188} INFO - [2025-03-20T22:07:24.027+0000] {dag.py:3823} INFO - Setting next_dagrun for dataset_consumes_1 to None, run_after=None
[2025-03-20T22:07:24.034+0000] {logging_mixin.py:188} INFO - [2025-03-20T22:07:24.033+0000] {dag.py:3823} INFO - Setting next_dagrun for dataset_consumes_1_and_2 to None, run_after=None
[2025-03-20T22:07:24.036+0000] {logging_mixin.py:188} INFO - [2025-03-20T22:07:24.036+0000] {dag.py:3823} INFO - Setting next_dagrun for dataset_consumes_1_never_scheduled to None, run_after=None
[2025-03-20T22:07:24.038+0000] {logging_mixin.py:188} INFO - [2025-03-20T22:07:24.038+0000] {dag.py:3823} INFO - Setting next_dagrun for dataset_consumes_unknown_never_scheduled to None, run_after=None
[2025-03-20T22:07:24.043+0000] {logging_mixin.py:188} INFO - [2025-03-20T22:07:24.043+0000] {dag.py:3823} INFO - Setting next_dagrun for dataset_produces_1 to 2025-03-19 00:00:00+00:00, run_after=2025-03-20 00:00:00+00:00
[2025-03-20T22:07:24.045+0000] {logging_mixin.py:188} INFO - [2025-03-20T22:07:24.045+0000] {dag.py:3823} INFO - Setting next_dagrun for dataset_produces_2 to None, run_after=None
[2025-03-20T22:07:24.112+0000] {processor.py:183} INFO - Processing /home/nord/venv/lib/python3.8/site-packages/airflow/example_dags/example_datasets.py took 0.313 seconds
[2025-03-20T22:07:54.471+0000] {processor.py:161} INFO - Started process (PID=5822) to work on /home/nord/venv/lib/python3.8/site-packages/airflow/example_dags/example_datasets.py
[2025-03-20T22:07:54.478+0000] {processor.py:830} INFO - Processing file /home/nord/venv/lib/python3.8/site-packages/airflow/example_dags/example_datasets.py for tasks to queue
[2025-03-20T22:07:54.479+0000] {logging_mixin.py:188} INFO - [2025-03-20T22:07:54.479+0000] {dagbag.py:538} INFO - Filling up the DagBag from /home/nord/venv/lib/python3.8/site-packages/airflow/example_dags/example_datasets.py
[2025-03-20T22:07:54.498+0000] {processor.py:840} INFO - DAG(s) 'dataset_produces_2', 'dataset_produces_1', 'dataset_consumes_1_and_2', 'dataset_consumes_1_never_scheduled', 'dataset_consumes_unknown_never_scheduled', 'dataset_consumes_1' retrieved from /home/nord/venv/lib/python3.8/site-packages/airflow/example_dags/example_datasets.py
[2025-03-20T22:07:54.599+0000] {logging_mixin.py:188} INFO - [2025-03-20T22:07:54.599+0000] {dag.py:3036} INFO - Sync 6 DAGs
[2025-03-20T22:07:54.638+0000] {logging_mixin.py:188} INFO - [2025-03-20T22:07:54.638+0000] {dag.py:3823} INFO - Setting next_dagrun for dataset_consumes_1 to None, run_after=None
[2025-03-20T22:07:54.646+0000] {logging_mixin.py:188} INFO - [2025-03-20T22:07:54.646+0000] {dag.py:3823} INFO - Setting next_dagrun for dataset_consumes_1_and_2 to None, run_after=None
[2025-03-20T22:07:54.649+0000] {logging_mixin.py:188} INFO - [2025-03-20T22:07:54.648+0000] {dag.py:3823} INFO - Setting next_dagrun for dataset_consumes_1_never_scheduled to None, run_after=None
[2025-03-20T22:07:54.653+0000] {logging_mixin.py:188} INFO - [2025-03-20T22:07:54.652+0000] {dag.py:3823} INFO - Setting next_dagrun for dataset_consumes_unknown_never_scheduled to None, run_after=None
[2025-03-20T22:07:54.660+0000] {logging_mixin.py:188} INFO - [2025-03-20T22:07:54.660+0000] {dag.py:3823} INFO - Setting next_dagrun for dataset_produces_1 to 2025-03-19 00:00:00+00:00, run_after=2025-03-20 00:00:00+00:00
[2025-03-20T22:07:54.663+0000] {logging_mixin.py:188} INFO - [2025-03-20T22:07:54.662+0000] {dag.py:3823} INFO - Setting next_dagrun for dataset_produces_2 to None, run_after=None
[2025-03-20T22:07:54.724+0000] {processor.py:183} INFO - Processing /home/nord/venv/lib/python3.8/site-packages/airflow/example_dags/example_datasets.py took 0.264 seconds
[2025-03-20T22:08:25.061+0000] {processor.py:161} INFO - Started process (PID=6153) to work on /home/nord/venv/lib/python3.8/site-packages/airflow/example_dags/example_datasets.py
[2025-03-20T22:08:25.063+0000] {processor.py:830} INFO - Processing file /home/nord/venv/lib/python3.8/site-packages/airflow/example_dags/example_datasets.py for tasks to queue
[2025-03-20T22:08:25.066+0000] {logging_mixin.py:188} INFO - [2025-03-20T22:08:25.065+0000] {dagbag.py:538} INFO - Filling up the DagBag from /home/nord/venv/lib/python3.8/site-packages/airflow/example_dags/example_datasets.py
[2025-03-20T22:08:25.099+0000] {processor.py:840} INFO - DAG(s) 'dataset_produces_2', 'dataset_consumes_1_never_scheduled', 'dataset_consumes_1_and_2', 'dataset_consumes_unknown_never_scheduled', 'dataset_produces_1', 'dataset_consumes_1' retrieved from /home/nord/venv/lib/python3.8/site-packages/airflow/example_dags/example_datasets.py
[2025-03-20T22:08:25.254+0000] {logging_mixin.py:188} INFO - [2025-03-20T22:08:25.252+0000] {dag.py:3036} INFO - Sync 6 DAGs
[2025-03-20T22:08:25.331+0000] {logging_mixin.py:188} INFO - [2025-03-20T22:08:25.330+0000] {dag.py:3823} INFO - Setting next_dagrun for dataset_consumes_1 to None, run_after=None
[2025-03-20T22:08:25.346+0000] {logging_mixin.py:188} INFO - [2025-03-20T22:08:25.344+0000] {dag.py:3823} INFO - Setting next_dagrun for dataset_consumes_1_and_2 to None, run_after=None
[2025-03-20T22:08:25.349+0000] {logging_mixin.py:188} INFO - [2025-03-20T22:08:25.349+0000] {dag.py:3823} INFO - Setting next_dagrun for dataset_consumes_1_never_scheduled to None, run_after=None
[2025-03-20T22:08:25.353+0000] {logging_mixin.py:188} INFO - [2025-03-20T22:08:25.352+0000] {dag.py:3823} INFO - Setting next_dagrun for dataset_consumes_unknown_never_scheduled to None, run_after=None
[2025-03-20T22:08:25.360+0000] {logging_mixin.py:188} INFO - [2025-03-20T22:08:25.359+0000] {dag.py:3823} INFO - Setting next_dagrun for dataset_produces_1 to 2025-03-19 00:00:00+00:00, run_after=2025-03-20 00:00:00+00:00
[2025-03-20T22:08:25.364+0000] {logging_mixin.py:188} INFO - [2025-03-20T22:08:25.364+0000] {dag.py:3823} INFO - Setting next_dagrun for dataset_produces_2 to None, run_after=None
[2025-03-20T22:08:25.427+0000] {processor.py:183} INFO - Processing /home/nord/venv/lib/python3.8/site-packages/airflow/example_dags/example_datasets.py took 0.380 seconds
[2025-03-20T22:08:56.288+0000] {processor.py:161} INFO - Started process (PID=6501) to work on /home/nord/venv/lib/python3.8/site-packages/airflow/example_dags/example_datasets.py
[2025-03-20T22:08:56.300+0000] {processor.py:830} INFO - Processing file /home/nord/venv/lib/python3.8/site-packages/airflow/example_dags/example_datasets.py for tasks to queue
[2025-03-20T22:08:56.302+0000] {logging_mixin.py:188} INFO - [2025-03-20T22:08:56.301+0000] {dagbag.py:538} INFO - Filling up the DagBag from /home/nord/venv/lib/python3.8/site-packages/airflow/example_dags/example_datasets.py
[2025-03-20T22:08:56.325+0000] {processor.py:840} INFO - DAG(s) 'dataset_consumes_1', 'dataset_consumes_unknown_never_scheduled', 'dataset_consumes_1_and_2', 'dataset_consumes_1_never_scheduled', 'dataset_produces_1', 'dataset_produces_2' retrieved from /home/nord/venv/lib/python3.8/site-packages/airflow/example_dags/example_datasets.py
[2025-03-20T22:08:56.430+0000] {logging_mixin.py:188} INFO - [2025-03-20T22:08:56.429+0000] {dag.py:3036} INFO - Sync 6 DAGs
[2025-03-20T22:08:56.487+0000] {logging_mixin.py:188} INFO - [2025-03-20T22:08:56.486+0000] {dag.py:3823} INFO - Setting next_dagrun for dataset_consumes_1 to None, run_after=None
[2025-03-20T22:08:56.505+0000] {logging_mixin.py:188} INFO - [2025-03-20T22:08:56.505+0000] {dag.py:3823} INFO - Setting next_dagrun for dataset_consumes_1_and_2 to None, run_after=None
[2025-03-20T22:08:56.509+0000] {logging_mixin.py:188} INFO - [2025-03-20T22:08:56.508+0000] {dag.py:3823} INFO - Setting next_dagrun for dataset_consumes_1_never_scheduled to None, run_after=None
[2025-03-20T22:08:56.512+0000] {logging_mixin.py:188} INFO - [2025-03-20T22:08:56.512+0000] {dag.py:3823} INFO - Setting next_dagrun for dataset_consumes_unknown_never_scheduled to None, run_after=None
[2025-03-20T22:08:56.530+0000] {logging_mixin.py:188} INFO - [2025-03-20T22:08:56.530+0000] {dag.py:3823} INFO - Setting next_dagrun for dataset_produces_1 to 2025-03-19 00:00:00+00:00, run_after=2025-03-20 00:00:00+00:00
[2025-03-20T22:08:56.535+0000] {logging_mixin.py:188} INFO - [2025-03-20T22:08:56.534+0000] {dag.py:3823} INFO - Setting next_dagrun for dataset_produces_2 to None, run_after=None
[2025-03-20T22:08:56.652+0000] {processor.py:183} INFO - Processing /home/nord/venv/lib/python3.8/site-packages/airflow/example_dags/example_datasets.py took 0.383 seconds
[2025-03-20T22:09:26.875+0000] {processor.py:161} INFO - Started process (PID=6910) to work on /home/nord/venv/lib/python3.8/site-packages/airflow/example_dags/example_datasets.py
[2025-03-20T22:09:26.877+0000] {processor.py:830} INFO - Processing file /home/nord/venv/lib/python3.8/site-packages/airflow/example_dags/example_datasets.py for tasks to queue
[2025-03-20T22:09:26.880+0000] {logging_mixin.py:188} INFO - [2025-03-20T22:09:26.879+0000] {dagbag.py:538} INFO - Filling up the DagBag from /home/nord/venv/lib/python3.8/site-packages/airflow/example_dags/example_datasets.py
[2025-03-20T22:09:26.899+0000] {processor.py:840} INFO - DAG(s) 'dataset_consumes_1_and_2', 'dataset_consumes_1_never_scheduled', 'dataset_consumes_1', 'dataset_produces_1', 'dataset_produces_2', 'dataset_consumes_unknown_never_scheduled' retrieved from /home/nord/venv/lib/python3.8/site-packages/airflow/example_dags/example_datasets.py
[2025-03-20T22:09:26.987+0000] {logging_mixin.py:188} INFO - [2025-03-20T22:09:26.987+0000] {dag.py:3036} INFO - Sync 6 DAGs
[2025-03-20T22:09:27.028+0000] {logging_mixin.py:188} INFO - [2025-03-20T22:09:27.028+0000] {dag.py:3823} INFO - Setting next_dagrun for dataset_consumes_1 to None, run_after=None
[2025-03-20T22:09:27.034+0000] {logging_mixin.py:188} INFO - [2025-03-20T22:09:27.034+0000] {dag.py:3823} INFO - Setting next_dagrun for dataset_consumes_1_and_2 to None, run_after=None
[2025-03-20T22:09:27.037+0000] {logging_mixin.py:188} INFO - [2025-03-20T22:09:27.037+0000] {dag.py:3823} INFO - Setting next_dagrun for dataset_consumes_1_never_scheduled to None, run_after=None
[2025-03-20T22:09:27.040+0000] {logging_mixin.py:188} INFO - [2025-03-20T22:09:27.040+0000] {dag.py:3823} INFO - Setting next_dagrun for dataset_consumes_unknown_never_scheduled to None, run_after=None
[2025-03-20T22:09:27.048+0000] {logging_mixin.py:188} INFO - [2025-03-20T22:09:27.047+0000] {dag.py:3823} INFO - Setting next_dagrun for dataset_produces_1 to 2025-03-19 00:00:00+00:00, run_after=2025-03-20 00:00:00+00:00
[2025-03-20T22:09:27.050+0000] {logging_mixin.py:188} INFO - [2025-03-20T22:09:27.050+0000] {dag.py:3823} INFO - Setting next_dagrun for dataset_produces_2 to None, run_after=None
[2025-03-20T22:09:27.133+0000] {processor.py:183} INFO - Processing /home/nord/venv/lib/python3.8/site-packages/airflow/example_dags/example_datasets.py took 0.262 seconds
[2025-03-20T22:09:57.299+0000] {processor.py:161} INFO - Started process (PID=7261) to work on /home/nord/venv/lib/python3.8/site-packages/airflow/example_dags/example_datasets.py
[2025-03-20T22:09:57.318+0000] {processor.py:830} INFO - Processing file /home/nord/venv/lib/python3.8/site-packages/airflow/example_dags/example_datasets.py for tasks to queue
[2025-03-20T22:09:57.320+0000] {logging_mixin.py:188} INFO - [2025-03-20T22:09:57.319+0000] {dagbag.py:538} INFO - Filling up the DagBag from /home/nord/venv/lib/python3.8/site-packages/airflow/example_dags/example_datasets.py
[2025-03-20T22:09:57.351+0000] {processor.py:840} INFO - DAG(s) 'dataset_produces_1', 'dataset_consumes_1_and_2', 'dataset_consumes_1', 'dataset_consumes_1_never_scheduled', 'dataset_produces_2', 'dataset_consumes_unknown_never_scheduled' retrieved from /home/nord/venv/lib/python3.8/site-packages/airflow/example_dags/example_datasets.py
[2025-03-20T22:09:57.461+0000] {logging_mixin.py:188} INFO - [2025-03-20T22:09:57.460+0000] {dag.py:3036} INFO - Sync 6 DAGs
[2025-03-20T22:09:57.516+0000] {logging_mixin.py:188} INFO - [2025-03-20T22:09:57.516+0000] {dag.py:3823} INFO - Setting next_dagrun for dataset_consumes_1 to None, run_after=None
[2025-03-20T22:09:57.533+0000] {logging_mixin.py:188} INFO - [2025-03-20T22:09:57.532+0000] {dag.py:3823} INFO - Setting next_dagrun for dataset_consumes_1_and_2 to None, run_after=None
[2025-03-20T22:09:57.536+0000] {logging_mixin.py:188} INFO - [2025-03-20T22:09:57.536+0000] {dag.py:3823} INFO - Setting next_dagrun for dataset_consumes_1_never_scheduled to None, run_after=None
[2025-03-20T22:09:57.543+0000] {logging_mixin.py:188} INFO - [2025-03-20T22:09:57.542+0000] {dag.py:3823} INFO - Setting next_dagrun for dataset_consumes_unknown_never_scheduled to None, run_after=None
[2025-03-20T22:09:57.548+0000] {logging_mixin.py:188} INFO - [2025-03-20T22:09:57.548+0000] {dag.py:3823} INFO - Setting next_dagrun for dataset_produces_1 to 2025-03-19 00:00:00+00:00, run_after=2025-03-20 00:00:00+00:00
[2025-03-20T22:09:57.552+0000] {logging_mixin.py:188} INFO - [2025-03-20T22:09:57.551+0000] {dag.py:3823} INFO - Setting next_dagrun for dataset_produces_2 to None, run_after=None
[2025-03-20T22:09:57.621+0000] {processor.py:183} INFO - Processing /home/nord/venv/lib/python3.8/site-packages/airflow/example_dags/example_datasets.py took 0.371 seconds
[2025-03-20T22:10:27.854+0000] {processor.py:161} INFO - Started process (PID=7613) to work on /home/nord/venv/lib/python3.8/site-packages/airflow/example_dags/example_datasets.py
[2025-03-20T22:10:27.856+0000] {processor.py:830} INFO - Processing file /home/nord/venv/lib/python3.8/site-packages/airflow/example_dags/example_datasets.py for tasks to queue
[2025-03-20T22:10:27.860+0000] {logging_mixin.py:188} INFO - [2025-03-20T22:10:27.857+0000] {dagbag.py:538} INFO - Filling up the DagBag from /home/nord/venv/lib/python3.8/site-packages/airflow/example_dags/example_datasets.py
[2025-03-20T22:10:27.878+0000] {processor.py:840} INFO - DAG(s) 'dataset_consumes_1', 'dataset_consumes_1_and_2', 'dataset_produces_1', 'dataset_consumes_unknown_never_scheduled', 'dataset_produces_2', 'dataset_consumes_1_never_scheduled' retrieved from /home/nord/venv/lib/python3.8/site-packages/airflow/example_dags/example_datasets.py
[2025-03-20T22:10:27.972+0000] {logging_mixin.py:188} INFO - [2025-03-20T22:10:27.972+0000] {dag.py:3036} INFO - Sync 6 DAGs
[2025-03-20T22:10:28.016+0000] {logging_mixin.py:188} INFO - [2025-03-20T22:10:28.016+0000] {dag.py:3823} INFO - Setting next_dagrun for dataset_consumes_1 to None, run_after=None
[2025-03-20T22:10:28.024+0000] {logging_mixin.py:188} INFO - [2025-03-20T22:10:28.024+0000] {dag.py:3823} INFO - Setting next_dagrun for dataset_consumes_1_and_2 to None, run_after=None
[2025-03-20T22:10:28.028+0000] {logging_mixin.py:188} INFO - [2025-03-20T22:10:28.027+0000] {dag.py:3823} INFO - Setting next_dagrun for dataset_consumes_1_never_scheduled to None, run_after=None
[2025-03-20T22:10:28.031+0000] {logging_mixin.py:188} INFO - [2025-03-20T22:10:28.030+0000] {dag.py:3823} INFO - Setting next_dagrun for dataset_consumes_unknown_never_scheduled to None, run_after=None
[2025-03-20T22:10:28.038+0000] {logging_mixin.py:188} INFO - [2025-03-20T22:10:28.037+0000] {dag.py:3823} INFO - Setting next_dagrun for dataset_produces_1 to 2025-03-19 00:00:00+00:00, run_after=2025-03-20 00:00:00+00:00
[2025-03-20T22:10:28.040+0000] {logging_mixin.py:188} INFO - [2025-03-20T22:10:28.040+0000] {dag.py:3823} INFO - Setting next_dagrun for dataset_produces_2 to None, run_after=None
[2025-03-20T22:10:28.112+0000] {processor.py:183} INFO - Processing /home/nord/venv/lib/python3.8/site-packages/airflow/example_dags/example_datasets.py took 0.265 seconds
[2025-03-20T22:10:58.172+0000] {processor.py:161} INFO - Started process (PID=7941) to work on /home/nord/venv/lib/python3.8/site-packages/airflow/example_dags/example_datasets.py
[2025-03-20T22:10:58.175+0000] {processor.py:830} INFO - Processing file /home/nord/venv/lib/python3.8/site-packages/airflow/example_dags/example_datasets.py for tasks to queue
[2025-03-20T22:10:58.177+0000] {logging_mixin.py:188} INFO - [2025-03-20T22:10:58.176+0000] {dagbag.py:538} INFO - Filling up the DagBag from /home/nord/venv/lib/python3.8/site-packages/airflow/example_dags/example_datasets.py
[2025-03-20T22:10:58.203+0000] {processor.py:840} INFO - DAG(s) 'dataset_produces_2', 'dataset_produces_1', 'dataset_consumes_1', 'dataset_consumes_unknown_never_scheduled', 'dataset_consumes_1_never_scheduled', 'dataset_consumes_1_and_2' retrieved from /home/nord/venv/lib/python3.8/site-packages/airflow/example_dags/example_datasets.py
[2025-03-20T22:10:58.291+0000] {logging_mixin.py:188} INFO - [2025-03-20T22:10:58.291+0000] {dag.py:3036} INFO - Sync 6 DAGs
[2025-03-20T22:10:58.337+0000] {logging_mixin.py:188} INFO - [2025-03-20T22:10:58.337+0000] {dag.py:3823} INFO - Setting next_dagrun for dataset_consumes_1 to None, run_after=None
[2025-03-20T22:10:58.345+0000] {logging_mixin.py:188} INFO - [2025-03-20T22:10:58.344+0000] {dag.py:3823} INFO - Setting next_dagrun for dataset_consumes_1_and_2 to None, run_after=None
[2025-03-20T22:10:58.349+0000] {logging_mixin.py:188} INFO - [2025-03-20T22:10:58.348+0000] {dag.py:3823} INFO - Setting next_dagrun for dataset_consumes_1_never_scheduled to None, run_after=None
[2025-03-20T22:10:58.352+0000] {logging_mixin.py:188} INFO - [2025-03-20T22:10:58.351+0000] {dag.py:3823} INFO - Setting next_dagrun for dataset_consumes_unknown_never_scheduled to None, run_after=None
[2025-03-20T22:10:58.358+0000] {logging_mixin.py:188} INFO - [2025-03-20T22:10:58.358+0000] {dag.py:3823} INFO - Setting next_dagrun for dataset_produces_1 to 2025-03-19 00:00:00+00:00, run_after=2025-03-20 00:00:00+00:00
[2025-03-20T22:10:58.361+0000] {logging_mixin.py:188} INFO - [2025-03-20T22:10:58.361+0000] {dag.py:3823} INFO - Setting next_dagrun for dataset_produces_2 to None, run_after=None
[2025-03-20T22:10:58.469+0000] {processor.py:183} INFO - Processing /home/nord/venv/lib/python3.8/site-packages/airflow/example_dags/example_datasets.py took 0.305 seconds
[2025-03-20T22:11:28.736+0000] {processor.py:161} INFO - Started process (PID=8263) to work on /home/nord/venv/lib/python3.8/site-packages/airflow/example_dags/example_datasets.py
[2025-03-20T22:11:28.739+0000] {processor.py:830} INFO - Processing file /home/nord/venv/lib/python3.8/site-packages/airflow/example_dags/example_datasets.py for tasks to queue
[2025-03-20T22:11:28.743+0000] {logging_mixin.py:188} INFO - [2025-03-20T22:11:28.741+0000] {dagbag.py:538} INFO - Filling up the DagBag from /home/nord/venv/lib/python3.8/site-packages/airflow/example_dags/example_datasets.py
[2025-03-20T22:11:28.773+0000] {processor.py:840} INFO - DAG(s) 'dataset_consumes_1_never_scheduled', 'dataset_consumes_1', 'dataset_consumes_unknown_never_scheduled', 'dataset_consumes_1_and_2', 'dataset_produces_2', 'dataset_produces_1' retrieved from /home/nord/venv/lib/python3.8/site-packages/airflow/example_dags/example_datasets.py
[2025-03-20T22:11:28.886+0000] {logging_mixin.py:188} INFO - [2025-03-20T22:11:28.886+0000] {dag.py:3036} INFO - Sync 6 DAGs
[2025-03-20T22:11:28.925+0000] {logging_mixin.py:188} INFO - [2025-03-20T22:11:28.925+0000] {dag.py:3823} INFO - Setting next_dagrun for dataset_consumes_1 to None, run_after=None
[2025-03-20T22:11:28.931+0000] {logging_mixin.py:188} INFO - [2025-03-20T22:11:28.930+0000] {dag.py:3823} INFO - Setting next_dagrun for dataset_consumes_1_and_2 to None, run_after=None
[2025-03-20T22:11:28.933+0000] {logging_mixin.py:188} INFO - [2025-03-20T22:11:28.933+0000] {dag.py:3823} INFO - Setting next_dagrun for dataset_consumes_1_never_scheduled to None, run_after=None
[2025-03-20T22:11:28.937+0000] {logging_mixin.py:188} INFO - [2025-03-20T22:11:28.936+0000] {dag.py:3823} INFO - Setting next_dagrun for dataset_consumes_unknown_never_scheduled to None, run_after=None
[2025-03-20T22:11:28.942+0000] {logging_mixin.py:188} INFO - [2025-03-20T22:11:28.942+0000] {dag.py:3823} INFO - Setting next_dagrun for dataset_produces_1 to 2025-03-19 00:00:00+00:00, run_after=2025-03-20 00:00:00+00:00
[2025-03-20T22:11:28.945+0000] {logging_mixin.py:188} INFO - [2025-03-20T22:11:28.945+0000] {dag.py:3823} INFO - Setting next_dagrun for dataset_produces_2 to None, run_after=None
[2025-03-20T22:11:29.011+0000] {processor.py:183} INFO - Processing /home/nord/venv/lib/python3.8/site-packages/airflow/example_dags/example_datasets.py took 0.289 seconds
