[2025-03-20T22:02:06.143+0000] {processor.py:161} INFO - Started process (PID=1478) to work on /home/nord/venv/lib/python3.8/site-packages/airflow/example_dags/example_setup_teardown.py
[2025-03-20T22:02:06.145+0000] {processor.py:830} INFO - Processing file /home/nord/venv/lib/python3.8/site-packages/airflow/example_dags/example_setup_teardown.py for tasks to queue
[2025-03-20T22:02:06.147+0000] {logging_mixin.py:188} INFO - [2025-03-20T22:02:06.146+0000] {dagbag.py:538} INFO - Filling up the DagBag from /home/nord/venv/lib/python3.8/site-packages/airflow/example_dags/example_setup_teardown.py
[2025-03-20T22:02:06.161+0000] {processor.py:840} INFO - DAG(s) 'example_setup_teardown' retrieved from /home/nord/venv/lib/python3.8/site-packages/airflow/example_dags/example_setup_teardown.py
[2025-03-20T22:02:06.213+0000] {logging_mixin.py:188} INFO - [2025-03-20T22:02:06.213+0000] {dag.py:3036} INFO - Sync 1 DAGs
[2025-03-20T22:02:06.254+0000] {logging_mixin.py:188} INFO - [2025-03-20T22:02:06.254+0000] {dag.py:3823} INFO - Setting next_dagrun for example_setup_teardown to 2025-03-19 00:00:00+00:00, run_after=2025-03-20 00:00:00+00:00
[2025-03-20T22:02:06.313+0000] {processor.py:183} INFO - Processing /home/nord/venv/lib/python3.8/site-packages/airflow/example_dags/example_setup_teardown.py took 0.174 seconds
[2025-03-20T22:02:36.574+0000] {processor.py:161} INFO - Started process (PID=1811) to work on /home/nord/venv/lib/python3.8/site-packages/airflow/example_dags/example_setup_teardown.py
[2025-03-20T22:02:36.575+0000] {processor.py:830} INFO - Processing file /home/nord/venv/lib/python3.8/site-packages/airflow/example_dags/example_setup_teardown.py for tasks to queue
[2025-03-20T22:02:36.578+0000] {logging_mixin.py:188} INFO - [2025-03-20T22:02:36.576+0000] {dagbag.py:538} INFO - Filling up the DagBag from /home/nord/venv/lib/python3.8/site-packages/airflow/example_dags/example_setup_teardown.py
[2025-03-20T22:02:36.592+0000] {processor.py:840} INFO - DAG(s) 'example_setup_teardown' retrieved from /home/nord/venv/lib/python3.8/site-packages/airflow/example_dags/example_setup_teardown.py
[2025-03-20T22:02:36.650+0000] {logging_mixin.py:188} INFO - [2025-03-20T22:02:36.650+0000] {dag.py:3036} INFO - Sync 1 DAGs
[2025-03-20T22:02:36.696+0000] {logging_mixin.py:188} INFO - [2025-03-20T22:02:36.696+0000] {dag.py:3823} INFO - Setting next_dagrun for example_setup_teardown to 2025-03-19 00:00:00+00:00, run_after=2025-03-20 00:00:00+00:00
[2025-03-20T22:02:36.746+0000] {processor.py:183} INFO - Processing /home/nord/venv/lib/python3.8/site-packages/airflow/example_dags/example_setup_teardown.py took 0.179 seconds
[2025-03-20T22:03:11.285+0000] {processor.py:161} INFO - Started process (PID=2434) to work on /home/nord/venv/lib/python3.8/site-packages/airflow/example_dags/example_setup_teardown.py
[2025-03-20T22:03:11.290+0000] {processor.py:830} INFO - Processing file /home/nord/venv/lib/python3.8/site-packages/airflow/example_dags/example_setup_teardown.py for tasks to queue
[2025-03-20T22:03:11.294+0000] {logging_mixin.py:188} INFO - [2025-03-20T22:03:11.292+0000] {dagbag.py:538} INFO - Filling up the DagBag from /home/nord/venv/lib/python3.8/site-packages/airflow/example_dags/example_setup_teardown.py
[2025-03-20T22:03:11.324+0000] {processor.py:840} INFO - DAG(s) 'example_setup_teardown' retrieved from /home/nord/venv/lib/python3.8/site-packages/airflow/example_dags/example_setup_teardown.py
[2025-03-20T22:03:11.440+0000] {logging_mixin.py:188} INFO - [2025-03-20T22:03:11.440+0000] {dag.py:3036} INFO - Sync 1 DAGs
[2025-03-20T22:03:11.500+0000] {logging_mixin.py:188} INFO - [2025-03-20T22:03:11.499+0000] {dag.py:3823} INFO - Setting next_dagrun for example_setup_teardown to 2025-03-19 00:00:00+00:00, run_after=2025-03-20 00:00:00+00:00
[2025-03-20T22:03:11.551+0000] {processor.py:183} INFO - Processing /home/nord/venv/lib/python3.8/site-packages/airflow/example_dags/example_setup_teardown.py took 0.281 seconds
[2025-03-20T22:03:42.038+0000] {processor.py:161} INFO - Started process (PID=2846) to work on /home/nord/venv/lib/python3.8/site-packages/airflow/example_dags/example_setup_teardown.py
[2025-03-20T22:03:42.040+0000] {processor.py:830} INFO - Processing file /home/nord/venv/lib/python3.8/site-packages/airflow/example_dags/example_setup_teardown.py for tasks to queue
[2025-03-20T22:03:42.053+0000] {logging_mixin.py:188} INFO - [2025-03-20T22:03:42.041+0000] {dagbag.py:538} INFO - Filling up the DagBag from /home/nord/venv/lib/python3.8/site-packages/airflow/example_dags/example_setup_teardown.py
[2025-03-20T22:03:42.081+0000] {processor.py:840} INFO - DAG(s) 'example_setup_teardown' retrieved from /home/nord/venv/lib/python3.8/site-packages/airflow/example_dags/example_setup_teardown.py
[2025-03-20T22:03:42.247+0000] {logging_mixin.py:188} INFO - [2025-03-20T22:03:42.247+0000] {dag.py:3036} INFO - Sync 1 DAGs
[2025-03-20T22:03:42.364+0000] {logging_mixin.py:188} INFO - [2025-03-20T22:03:42.363+0000] {dag.py:3823} INFO - Setting next_dagrun for example_setup_teardown to 2025-03-19 00:00:00+00:00, run_after=2025-03-20 00:00:00+00:00
[2025-03-20T22:03:42.412+0000] {processor.py:183} INFO - Processing /home/nord/venv/lib/python3.8/site-packages/airflow/example_dags/example_setup_teardown.py took 0.391 seconds
[2025-03-20T22:04:14.162+0000] {processor.py:161} INFO - Started process (PID=3199) to work on /home/nord/venv/lib/python3.8/site-packages/airflow/example_dags/example_setup_teardown.py
[2025-03-20T22:04:14.174+0000] {processor.py:830} INFO - Processing file /home/nord/venv/lib/python3.8/site-packages/airflow/example_dags/example_setup_teardown.py for tasks to queue
[2025-03-20T22:04:14.176+0000] {logging_mixin.py:188} INFO - [2025-03-20T22:04:14.175+0000] {dagbag.py:538} INFO - Filling up the DagBag from /home/nord/venv/lib/python3.8/site-packages/airflow/example_dags/example_setup_teardown.py
[2025-03-20T22:04:14.197+0000] {processor.py:840} INFO - DAG(s) 'example_setup_teardown' retrieved from /home/nord/venv/lib/python3.8/site-packages/airflow/example_dags/example_setup_teardown.py
[2025-03-20T22:04:14.356+0000] {logging_mixin.py:188} INFO - [2025-03-20T22:04:14.356+0000] {dag.py:3036} INFO - Sync 1 DAGs
[2025-03-20T22:04:14.497+0000] {logging_mixin.py:188} INFO - [2025-03-20T22:04:14.497+0000] {dag.py:3823} INFO - Setting next_dagrun for example_setup_teardown to 2025-03-19 00:00:00+00:00, run_after=2025-03-20 00:00:00+00:00
[2025-03-20T22:04:14.622+0000] {processor.py:183} INFO - Processing /home/nord/venv/lib/python3.8/site-packages/airflow/example_dags/example_setup_teardown.py took 0.471 seconds
[2025-03-20T22:04:45.509+0000] {processor.py:161} INFO - Started process (PID=3520) to work on /home/nord/venv/lib/python3.8/site-packages/airflow/example_dags/example_setup_teardown.py
[2025-03-20T22:04:45.510+0000] {processor.py:830} INFO - Processing file /home/nord/venv/lib/python3.8/site-packages/airflow/example_dags/example_setup_teardown.py for tasks to queue
[2025-03-20T22:04:45.511+0000] {logging_mixin.py:188} INFO - [2025-03-20T22:04:45.511+0000] {dagbag.py:538} INFO - Filling up the DagBag from /home/nord/venv/lib/python3.8/site-packages/airflow/example_dags/example_setup_teardown.py
[2025-03-20T22:04:45.521+0000] {processor.py:840} INFO - DAG(s) 'example_setup_teardown' retrieved from /home/nord/venv/lib/python3.8/site-packages/airflow/example_dags/example_setup_teardown.py
[2025-03-20T22:04:45.590+0000] {logging_mixin.py:188} INFO - [2025-03-20T22:04:45.590+0000] {dag.py:3036} INFO - Sync 1 DAGs
[2025-03-20T22:04:45.676+0000] {logging_mixin.py:188} INFO - [2025-03-20T22:04:45.676+0000] {dag.py:3823} INFO - Setting next_dagrun for example_setup_teardown to 2025-03-19 00:00:00+00:00, run_after=2025-03-20 00:00:00+00:00
[2025-03-20T22:04:45.736+0000] {processor.py:183} INFO - Processing /home/nord/venv/lib/python3.8/site-packages/airflow/example_dags/example_setup_teardown.py took 0.234 seconds
[2025-03-20T22:05:16.919+0000] {processor.py:161} INFO - Started process (PID=3845) to work on /home/nord/venv/lib/python3.8/site-packages/airflow/example_dags/example_setup_teardown.py
[2025-03-20T22:05:16.921+0000] {processor.py:830} INFO - Processing file /home/nord/venv/lib/python3.8/site-packages/airflow/example_dags/example_setup_teardown.py for tasks to queue
[2025-03-20T22:05:16.923+0000] {logging_mixin.py:188} INFO - [2025-03-20T22:05:16.922+0000] {dagbag.py:538} INFO - Filling up the DagBag from /home/nord/venv/lib/python3.8/site-packages/airflow/example_dags/example_setup_teardown.py
[2025-03-20T22:05:16.939+0000] {processor.py:840} INFO - DAG(s) 'example_setup_teardown' retrieved from /home/nord/venv/lib/python3.8/site-packages/airflow/example_dags/example_setup_teardown.py
[2025-03-20T22:05:17.042+0000] {logging_mixin.py:188} INFO - [2025-03-20T22:05:17.042+0000] {dag.py:3036} INFO - Sync 1 DAGs
[2025-03-20T22:05:17.106+0000] {logging_mixin.py:188} INFO - [2025-03-20T22:05:17.106+0000] {dag.py:3823} INFO - Setting next_dagrun for example_setup_teardown to 2025-03-19 00:00:00+00:00, run_after=2025-03-20 00:00:00+00:00
[2025-03-20T22:05:17.149+0000] {processor.py:183} INFO - Processing /home/nord/venv/lib/python3.8/site-packages/airflow/example_dags/example_setup_teardown.py took 0.241 seconds
[2025-03-20T22:05:52.344+0000] {processor.py:161} INFO - Started process (PID=4441) to work on /home/nord/venv/lib/python3.8/site-packages/airflow/example_dags/example_setup_teardown.py
[2025-03-20T22:05:52.347+0000] {processor.py:830} INFO - Processing file /home/nord/venv/lib/python3.8/site-packages/airflow/example_dags/example_setup_teardown.py for tasks to queue
[2025-03-20T22:05:52.349+0000] {logging_mixin.py:188} INFO - [2025-03-20T22:05:52.348+0000] {dagbag.py:538} INFO - Filling up the DagBag from /home/nord/venv/lib/python3.8/site-packages/airflow/example_dags/example_setup_teardown.py
[2025-03-20T22:05:52.364+0000] {processor.py:840} INFO - DAG(s) 'example_setup_teardown' retrieved from /home/nord/venv/lib/python3.8/site-packages/airflow/example_dags/example_setup_teardown.py
[2025-03-20T22:05:52.451+0000] {logging_mixin.py:188} INFO - [2025-03-20T22:05:52.450+0000] {dag.py:3036} INFO - Sync 1 DAGs
[2025-03-20T22:05:52.517+0000] {logging_mixin.py:188} INFO - [2025-03-20T22:05:52.516+0000] {dag.py:3823} INFO - Setting next_dagrun for example_setup_teardown to 2025-03-19 00:00:00+00:00, run_after=2025-03-20 00:00:00+00:00
[2025-03-20T22:05:52.562+0000] {processor.py:183} INFO - Processing /home/nord/venv/lib/python3.8/site-packages/airflow/example_dags/example_setup_teardown.py took 0.225 seconds
[2025-03-20T22:06:23.237+0000] {processor.py:161} INFO - Started process (PID=4765) to work on /home/nord/venv/lib/python3.8/site-packages/airflow/example_dags/example_setup_teardown.py
[2025-03-20T22:06:23.238+0000] {processor.py:830} INFO - Processing file /home/nord/venv/lib/python3.8/site-packages/airflow/example_dags/example_setup_teardown.py for tasks to queue
[2025-03-20T22:06:23.241+0000] {logging_mixin.py:188} INFO - [2025-03-20T22:06:23.240+0000] {dagbag.py:538} INFO - Filling up the DagBag from /home/nord/venv/lib/python3.8/site-packages/airflow/example_dags/example_setup_teardown.py
[2025-03-20T22:06:23.255+0000] {processor.py:840} INFO - DAG(s) 'example_setup_teardown' retrieved from /home/nord/venv/lib/python3.8/site-packages/airflow/example_dags/example_setup_teardown.py
[2025-03-20T22:06:23.320+0000] {logging_mixin.py:188} INFO - [2025-03-20T22:06:23.320+0000] {dag.py:3036} INFO - Sync 1 DAGs
[2025-03-20T22:06:23.370+0000] {logging_mixin.py:188} INFO - [2025-03-20T22:06:23.370+0000] {dag.py:3823} INFO - Setting next_dagrun for example_setup_teardown to 2025-03-19 00:00:00+00:00, run_after=2025-03-20 00:00:00+00:00
[2025-03-20T22:06:23.418+0000] {processor.py:183} INFO - Processing /home/nord/venv/lib/python3.8/site-packages/airflow/example_dags/example_setup_teardown.py took 0.188 seconds
[2025-03-20T22:06:53.876+0000] {processor.py:161} INFO - Started process (PID=5088) to work on /home/nord/venv/lib/python3.8/site-packages/airflow/example_dags/example_setup_teardown.py
[2025-03-20T22:06:53.878+0000] {processor.py:830} INFO - Processing file /home/nord/venv/lib/python3.8/site-packages/airflow/example_dags/example_setup_teardown.py for tasks to queue
[2025-03-20T22:06:53.880+0000] {logging_mixin.py:188} INFO - [2025-03-20T22:06:53.880+0000] {dagbag.py:538} INFO - Filling up the DagBag from /home/nord/venv/lib/python3.8/site-packages/airflow/example_dags/example_setup_teardown.py
[2025-03-20T22:06:53.892+0000] {processor.py:840} INFO - DAG(s) 'example_setup_teardown' retrieved from /home/nord/venv/lib/python3.8/site-packages/airflow/example_dags/example_setup_teardown.py
[2025-03-20T22:06:53.941+0000] {logging_mixin.py:188} INFO - [2025-03-20T22:06:53.941+0000] {dag.py:3036} INFO - Sync 1 DAGs
[2025-03-20T22:06:53.982+0000] {logging_mixin.py:188} INFO - [2025-03-20T22:06:53.981+0000] {dag.py:3823} INFO - Setting next_dagrun for example_setup_teardown to 2025-03-19 00:00:00+00:00, run_after=2025-03-20 00:00:00+00:00
[2025-03-20T22:06:54.031+0000] {processor.py:183} INFO - Processing /home/nord/venv/lib/python3.8/site-packages/airflow/example_dags/example_setup_teardown.py took 0.160 seconds
[2025-03-20T22:07:25.436+0000] {processor.py:161} INFO - Started process (PID=5551) to work on /home/nord/venv/lib/python3.8/site-packages/airflow/example_dags/example_setup_teardown.py
[2025-03-20T22:07:25.442+0000] {processor.py:830} INFO - Processing file /home/nord/venv/lib/python3.8/site-packages/airflow/example_dags/example_setup_teardown.py for tasks to queue
[2025-03-20T22:07:25.443+0000] {logging_mixin.py:188} INFO - [2025-03-20T22:07:25.443+0000] {dagbag.py:538} INFO - Filling up the DagBag from /home/nord/venv/lib/python3.8/site-packages/airflow/example_dags/example_setup_teardown.py
[2025-03-20T22:07:25.457+0000] {processor.py:840} INFO - DAG(s) 'example_setup_teardown' retrieved from /home/nord/venv/lib/python3.8/site-packages/airflow/example_dags/example_setup_teardown.py
[2025-03-20T22:07:25.507+0000] {logging_mixin.py:188} INFO - [2025-03-20T22:07:25.506+0000] {dag.py:3036} INFO - Sync 1 DAGs
[2025-03-20T22:07:25.550+0000] {logging_mixin.py:188} INFO - [2025-03-20T22:07:25.549+0000] {dag.py:3823} INFO - Setting next_dagrun for example_setup_teardown to 2025-03-19 00:00:00+00:00, run_after=2025-03-20 00:00:00+00:00
[2025-03-20T22:07:25.587+0000] {processor.py:183} INFO - Processing /home/nord/venv/lib/python3.8/site-packages/airflow/example_dags/example_setup_teardown.py took 0.156 seconds
[2025-03-20T22:07:56.135+0000] {processor.py:161} INFO - Started process (PID=5892) to work on /home/nord/venv/lib/python3.8/site-packages/airflow/example_dags/example_setup_teardown.py
[2025-03-20T22:07:56.136+0000] {processor.py:830} INFO - Processing file /home/nord/venv/lib/python3.8/site-packages/airflow/example_dags/example_setup_teardown.py for tasks to queue
[2025-03-20T22:07:56.138+0000] {logging_mixin.py:188} INFO - [2025-03-20T22:07:56.137+0000] {dagbag.py:538} INFO - Filling up the DagBag from /home/nord/venv/lib/python3.8/site-packages/airflow/example_dags/example_setup_teardown.py
[2025-03-20T22:07:56.148+0000] {processor.py:840} INFO - DAG(s) 'example_setup_teardown' retrieved from /home/nord/venv/lib/python3.8/site-packages/airflow/example_dags/example_setup_teardown.py
[2025-03-20T22:07:56.190+0000] {logging_mixin.py:188} INFO - [2025-03-20T22:07:56.189+0000] {dag.py:3036} INFO - Sync 1 DAGs
[2025-03-20T22:07:56.239+0000] {logging_mixin.py:188} INFO - [2025-03-20T22:07:56.239+0000] {dag.py:3823} INFO - Setting next_dagrun for example_setup_teardown to 2025-03-19 00:00:00+00:00, run_after=2025-03-20 00:00:00+00:00
[2025-03-20T22:07:56.303+0000] {processor.py:183} INFO - Processing /home/nord/venv/lib/python3.8/site-packages/airflow/example_dags/example_setup_teardown.py took 0.175 seconds
[2025-03-20T22:08:27.993+0000] {processor.py:161} INFO - Started process (PID=6228) to work on /home/nord/venv/lib/python3.8/site-packages/airflow/example_dags/example_setup_teardown.py
[2025-03-20T22:08:28.001+0000] {processor.py:830} INFO - Processing file /home/nord/venv/lib/python3.8/site-packages/airflow/example_dags/example_setup_teardown.py for tasks to queue
[2025-03-20T22:08:28.003+0000] {logging_mixin.py:188} INFO - [2025-03-20T22:08:28.002+0000] {dagbag.py:538} INFO - Filling up the DagBag from /home/nord/venv/lib/python3.8/site-packages/airflow/example_dags/example_setup_teardown.py
[2025-03-20T22:08:28.019+0000] {processor.py:840} INFO - DAG(s) 'example_setup_teardown' retrieved from /home/nord/venv/lib/python3.8/site-packages/airflow/example_dags/example_setup_teardown.py
[2025-03-20T22:08:28.092+0000] {logging_mixin.py:188} INFO - [2025-03-20T22:08:28.091+0000] {dag.py:3036} INFO - Sync 1 DAGs
[2025-03-20T22:08:28.149+0000] {logging_mixin.py:188} INFO - [2025-03-20T22:08:28.148+0000] {dag.py:3823} INFO - Setting next_dagrun for example_setup_teardown to 2025-03-19 00:00:00+00:00, run_after=2025-03-20 00:00:00+00:00
[2025-03-20T22:08:28.191+0000] {processor.py:183} INFO - Processing /home/nord/venv/lib/python3.8/site-packages/airflow/example_dags/example_setup_teardown.py took 0.206 seconds
[2025-03-20T22:08:59.190+0000] {processor.py:161} INFO - Started process (PID=6576) to work on /home/nord/venv/lib/python3.8/site-packages/airflow/example_dags/example_setup_teardown.py
[2025-03-20T22:08:59.193+0000] {processor.py:830} INFO - Processing file /home/nord/venv/lib/python3.8/site-packages/airflow/example_dags/example_setup_teardown.py for tasks to queue
[2025-03-20T22:08:59.194+0000] {logging_mixin.py:188} INFO - [2025-03-20T22:08:59.194+0000] {dagbag.py:538} INFO - Filling up the DagBag from /home/nord/venv/lib/python3.8/site-packages/airflow/example_dags/example_setup_teardown.py
[2025-03-20T22:08:59.211+0000] {processor.py:840} INFO - DAG(s) 'example_setup_teardown' retrieved from /home/nord/venv/lib/python3.8/site-packages/airflow/example_dags/example_setup_teardown.py
[2025-03-20T22:08:59.274+0000] {logging_mixin.py:188} INFO - [2025-03-20T22:08:59.272+0000] {dag.py:3036} INFO - Sync 1 DAGs
[2025-03-20T22:08:59.324+0000] {logging_mixin.py:188} INFO - [2025-03-20T22:08:59.324+0000] {dag.py:3823} INFO - Setting next_dagrun for example_setup_teardown to 2025-03-19 00:00:00+00:00, run_after=2025-03-20 00:00:00+00:00
[2025-03-20T22:08:59.377+0000] {processor.py:183} INFO - Processing /home/nord/venv/lib/python3.8/site-packages/airflow/example_dags/example_setup_teardown.py took 0.201 seconds
[2025-03-20T22:09:30.606+0000] {processor.py:161} INFO - Started process (PID=6987) to work on /home/nord/venv/lib/python3.8/site-packages/airflow/example_dags/example_setup_teardown.py
[2025-03-20T22:09:30.611+0000] {processor.py:830} INFO - Processing file /home/nord/venv/lib/python3.8/site-packages/airflow/example_dags/example_setup_teardown.py for tasks to queue
[2025-03-20T22:09:30.613+0000] {logging_mixin.py:188} INFO - [2025-03-20T22:09:30.612+0000] {dagbag.py:538} INFO - Filling up the DagBag from /home/nord/venv/lib/python3.8/site-packages/airflow/example_dags/example_setup_teardown.py
[2025-03-20T22:09:30.629+0000] {processor.py:840} INFO - DAG(s) 'example_setup_teardown' retrieved from /home/nord/venv/lib/python3.8/site-packages/airflow/example_dags/example_setup_teardown.py
[2025-03-20T22:09:30.693+0000] {logging_mixin.py:188} INFO - [2025-03-20T22:09:30.692+0000] {dag.py:3036} INFO - Sync 1 DAGs
[2025-03-20T22:09:30.811+0000] {logging_mixin.py:188} INFO - [2025-03-20T22:09:30.811+0000] {dag.py:3823} INFO - Setting next_dagrun for example_setup_teardown to 2025-03-19 00:00:00+00:00, run_after=2025-03-20 00:00:00+00:00
[2025-03-20T22:09:30.921+0000] {processor.py:183} INFO - Processing /home/nord/venv/lib/python3.8/site-packages/airflow/example_dags/example_setup_teardown.py took 0.322 seconds
[2025-03-20T22:10:01.006+0000] {processor.py:161} INFO - Started process (PID=7350) to work on /home/nord/venv/lib/python3.8/site-packages/airflow/example_dags/example_setup_teardown.py
[2025-03-20T22:10:01.016+0000] {processor.py:830} INFO - Processing file /home/nord/venv/lib/python3.8/site-packages/airflow/example_dags/example_setup_teardown.py for tasks to queue
[2025-03-20T22:10:01.018+0000] {logging_mixin.py:188} INFO - [2025-03-20T22:10:01.017+0000] {dagbag.py:538} INFO - Filling up the DagBag from /home/nord/venv/lib/python3.8/site-packages/airflow/example_dags/example_setup_teardown.py
[2025-03-20T22:10:01.036+0000] {processor.py:840} INFO - DAG(s) 'example_setup_teardown' retrieved from /home/nord/venv/lib/python3.8/site-packages/airflow/example_dags/example_setup_teardown.py
[2025-03-20T22:10:01.128+0000] {logging_mixin.py:188} INFO - [2025-03-20T22:10:01.128+0000] {dag.py:3036} INFO - Sync 1 DAGs
[2025-03-20T22:10:01.224+0000] {logging_mixin.py:188} INFO - [2025-03-20T22:10:01.224+0000] {dag.py:3823} INFO - Setting next_dagrun for example_setup_teardown to 2025-03-19 00:00:00+00:00, run_after=2025-03-20 00:00:00+00:00
[2025-03-20T22:10:01.320+0000] {processor.py:183} INFO - Processing /home/nord/venv/lib/python3.8/site-packages/airflow/example_dags/example_setup_teardown.py took 0.321 seconds
[2025-03-20T22:10:31.584+0000] {processor.py:161} INFO - Started process (PID=7678) to work on /home/nord/venv/lib/python3.8/site-packages/airflow/example_dags/example_setup_teardown.py
[2025-03-20T22:10:31.593+0000] {processor.py:830} INFO - Processing file /home/nord/venv/lib/python3.8/site-packages/airflow/example_dags/example_setup_teardown.py for tasks to queue
[2025-03-20T22:10:31.595+0000] {logging_mixin.py:188} INFO - [2025-03-20T22:10:31.594+0000] {dagbag.py:538} INFO - Filling up the DagBag from /home/nord/venv/lib/python3.8/site-packages/airflow/example_dags/example_setup_teardown.py
[2025-03-20T22:10:31.621+0000] {processor.py:840} INFO - DAG(s) 'example_setup_teardown' retrieved from /home/nord/venv/lib/python3.8/site-packages/airflow/example_dags/example_setup_teardown.py
[2025-03-20T22:10:31.708+0000] {logging_mixin.py:188} INFO - [2025-03-20T22:10:31.708+0000] {dag.py:3036} INFO - Sync 1 DAGs
[2025-03-20T22:10:31.763+0000] {logging_mixin.py:188} INFO - [2025-03-20T22:10:31.762+0000] {dag.py:3823} INFO - Setting next_dagrun for example_setup_teardown to 2025-03-19 00:00:00+00:00, run_after=2025-03-20 00:00:00+00:00
[2025-03-20T22:10:31.867+0000] {processor.py:183} INFO - Processing /home/nord/venv/lib/python3.8/site-packages/airflow/example_dags/example_setup_teardown.py took 0.303 seconds
[2025-03-20T22:11:02.417+0000] {processor.py:161} INFO - Started process (PID=8001) to work on /home/nord/venv/lib/python3.8/site-packages/airflow/example_dags/example_setup_teardown.py
[2025-03-20T22:11:02.419+0000] {processor.py:830} INFO - Processing file /home/nord/venv/lib/python3.8/site-packages/airflow/example_dags/example_setup_teardown.py for tasks to queue
[2025-03-20T22:11:02.423+0000] {logging_mixin.py:188} INFO - [2025-03-20T22:11:02.421+0000] {dagbag.py:538} INFO - Filling up the DagBag from /home/nord/venv/lib/python3.8/site-packages/airflow/example_dags/example_setup_teardown.py
[2025-03-20T22:11:02.447+0000] {processor.py:840} INFO - DAG(s) 'example_setup_teardown' retrieved from /home/nord/venv/lib/python3.8/site-packages/airflow/example_dags/example_setup_teardown.py
[2025-03-20T22:11:02.562+0000] {logging_mixin.py:188} INFO - [2025-03-20T22:11:02.558+0000] {dag.py:3036} INFO - Sync 1 DAGs
[2025-03-20T22:11:02.625+0000] {logging_mixin.py:188} INFO - [2025-03-20T22:11:02.624+0000] {dag.py:3823} INFO - Setting next_dagrun for example_setup_teardown to 2025-03-19 00:00:00+00:00, run_after=2025-03-20 00:00:00+00:00
[2025-03-20T22:11:02.667+0000] {processor.py:183} INFO - Processing /home/nord/venv/lib/python3.8/site-packages/airflow/example_dags/example_setup_teardown.py took 0.260 seconds
[2025-03-20T22:11:32.935+0000] {processor.py:161} INFO - Started process (PID=8324) to work on /home/nord/venv/lib/python3.8/site-packages/airflow/example_dags/example_setup_teardown.py
[2025-03-20T22:11:32.938+0000] {processor.py:830} INFO - Processing file /home/nord/venv/lib/python3.8/site-packages/airflow/example_dags/example_setup_teardown.py for tasks to queue
[2025-03-20T22:11:32.942+0000] {logging_mixin.py:188} INFO - [2025-03-20T22:11:32.940+0000] {dagbag.py:538} INFO - Filling up the DagBag from /home/nord/venv/lib/python3.8/site-packages/airflow/example_dags/example_setup_teardown.py
[2025-03-20T22:11:32.963+0000] {processor.py:840} INFO - DAG(s) 'example_setup_teardown' retrieved from /home/nord/venv/lib/python3.8/site-packages/airflow/example_dags/example_setup_teardown.py
[2025-03-20T22:11:33.006+0000] {logging_mixin.py:188} INFO - [2025-03-20T22:11:33.006+0000] {dag.py:3036} INFO - Sync 1 DAGs
[2025-03-20T22:11:33.039+0000] {logging_mixin.py:188} INFO - [2025-03-20T22:11:33.039+0000] {dag.py:3823} INFO - Setting next_dagrun for example_setup_teardown to 2025-03-19 00:00:00+00:00, run_after=2025-03-20 00:00:00+00:00
[2025-03-20T22:11:33.071+0000] {processor.py:183} INFO - Processing /home/nord/venv/lib/python3.8/site-packages/airflow/example_dags/example_setup_teardown.py took 0.173 seconds
