[2025-03-20T22:02:09.284+0000] {processor.py:161} INFO - Started process (PID=1570) to work on /home/nord/venv/lib/python3.8/site-packages/airflow/example_dags/example_branch_day_of_week_operator.py
[2025-03-20T22:02:09.285+0000] {processor.py:830} INFO - Processing file /home/nord/venv/lib/python3.8/site-packages/airflow/example_dags/example_branch_day_of_week_operator.py for tasks to queue
[2025-03-20T22:02:09.286+0000] {logging_mixin.py:188} INFO - [2025-03-20T22:02:09.286+0000] {dagbag.py:538} INFO - Filling up the DagBag from /home/nord/venv/lib/python3.8/site-packages/airflow/example_dags/example_branch_day_of_week_operator.py
[2025-03-20T22:02:09.304+0000] {processor.py:840} INFO - DAG(s) 'example_weekday_branch_operator' retrieved from /home/nord/venv/lib/python3.8/site-packages/airflow/example_dags/example_branch_day_of_week_operator.py
[2025-03-20T22:02:09.389+0000] {logging_mixin.py:188} INFO - [2025-03-20T22:02:09.388+0000] {dag.py:3036} INFO - Sync 1 DAGs
[2025-03-20T22:02:09.526+0000] {logging_mixin.py:188} INFO - [2025-03-20T22:02:09.525+0000] {dag.py:3823} INFO - Setting next_dagrun for example_weekday_branch_operator to 2025-03-19 00:00:00+00:00, run_after=2025-03-20 00:00:00+00:00
[2025-03-20T22:02:09.782+0000] {processor.py:183} INFO - Processing /home/nord/venv/lib/python3.8/site-packages/airflow/example_dags/example_branch_day_of_week_operator.py took 0.512 seconds
[2025-03-20T22:02:40.153+0000] {processor.py:161} INFO - Started process (PID=1922) to work on /home/nord/venv/lib/python3.8/site-packages/airflow/example_dags/example_branch_day_of_week_operator.py
[2025-03-20T22:02:40.155+0000] {processor.py:830} INFO - Processing file /home/nord/venv/lib/python3.8/site-packages/airflow/example_dags/example_branch_day_of_week_operator.py for tasks to queue
[2025-03-20T22:02:40.157+0000] {logging_mixin.py:188} INFO - [2025-03-20T22:02:40.157+0000] {dagbag.py:538} INFO - Filling up the DagBag from /home/nord/venv/lib/python3.8/site-packages/airflow/example_dags/example_branch_day_of_week_operator.py
[2025-03-20T22:02:40.213+0000] {processor.py:840} INFO - DAG(s) 'example_weekday_branch_operator' retrieved from /home/nord/venv/lib/python3.8/site-packages/airflow/example_dags/example_branch_day_of_week_operator.py
[2025-03-20T22:02:40.395+0000] {logging_mixin.py:188} INFO - [2025-03-20T22:02:40.394+0000] {dag.py:3036} INFO - Sync 1 DAGs
[2025-03-20T22:02:40.674+0000] {logging_mixin.py:188} INFO - [2025-03-20T22:02:40.673+0000] {dag.py:3823} INFO - Setting next_dagrun for example_weekday_branch_operator to 2025-03-19 00:00:00+00:00, run_after=2025-03-20 00:00:00+00:00
[2025-03-20T22:02:40.956+0000] {processor.py:183} INFO - Processing /home/nord/venv/lib/python3.8/site-packages/airflow/example_dags/example_branch_day_of_week_operator.py took 0.837 seconds
[2025-03-20T22:03:14.635+0000] {processor.py:161} INFO - Started process (PID=2548) to work on /home/nord/venv/lib/python3.8/site-packages/airflow/example_dags/example_branch_day_of_week_operator.py
[2025-03-20T22:03:14.639+0000] {processor.py:830} INFO - Processing file /home/nord/venv/lib/python3.8/site-packages/airflow/example_dags/example_branch_day_of_week_operator.py for tasks to queue
[2025-03-20T22:03:14.641+0000] {logging_mixin.py:188} INFO - [2025-03-20T22:03:14.640+0000] {dagbag.py:538} INFO - Filling up the DagBag from /home/nord/venv/lib/python3.8/site-packages/airflow/example_dags/example_branch_day_of_week_operator.py
[2025-03-20T22:03:14.657+0000] {processor.py:840} INFO - DAG(s) 'example_weekday_branch_operator' retrieved from /home/nord/venv/lib/python3.8/site-packages/airflow/example_dags/example_branch_day_of_week_operator.py
[2025-03-20T22:03:14.749+0000] {logging_mixin.py:188} INFO - [2025-03-20T22:03:14.749+0000] {dag.py:3036} INFO - Sync 1 DAGs
[2025-03-20T22:03:14.819+0000] {logging_mixin.py:188} INFO - [2025-03-20T22:03:14.819+0000] {dag.py:3823} INFO - Setting next_dagrun for example_weekday_branch_operator to 2025-03-19 00:00:00+00:00, run_after=2025-03-20 00:00:00+00:00
[2025-03-20T22:03:14.875+0000] {processor.py:183} INFO - Processing /home/nord/venv/lib/python3.8/site-packages/airflow/example_dags/example_branch_day_of_week_operator.py took 0.248 seconds
[2025-03-20T22:03:45.143+0000] {processor.py:161} INFO - Started process (PID=2941) to work on /home/nord/venv/lib/python3.8/site-packages/airflow/example_dags/example_branch_day_of_week_operator.py
[2025-03-20T22:03:45.145+0000] {processor.py:830} INFO - Processing file /home/nord/venv/lib/python3.8/site-packages/airflow/example_dags/example_branch_day_of_week_operator.py for tasks to queue
[2025-03-20T22:03:45.146+0000] {logging_mixin.py:188} INFO - [2025-03-20T22:03:45.146+0000] {dagbag.py:538} INFO - Filling up the DagBag from /home/nord/venv/lib/python3.8/site-packages/airflow/example_dags/example_branch_day_of_week_operator.py
[2025-03-20T22:03:45.163+0000] {processor.py:840} INFO - DAG(s) 'example_weekday_branch_operator' retrieved from /home/nord/venv/lib/python3.8/site-packages/airflow/example_dags/example_branch_day_of_week_operator.py
[2025-03-20T22:03:45.222+0000] {logging_mixin.py:188} INFO - [2025-03-20T22:03:45.222+0000] {dag.py:3036} INFO - Sync 1 DAGs
[2025-03-20T22:03:45.276+0000] {logging_mixin.py:188} INFO - [2025-03-20T22:03:45.273+0000] {dag.py:3823} INFO - Setting next_dagrun for example_weekday_branch_operator to 2025-03-19 00:00:00+00:00, run_after=2025-03-20 00:00:00+00:00
[2025-03-20T22:03:45.319+0000] {processor.py:183} INFO - Processing /home/nord/venv/lib/python3.8/site-packages/airflow/example_dags/example_branch_day_of_week_operator.py took 0.189 seconds
[2025-03-20T22:04:16.830+0000] {processor.py:161} INFO - Started process (PID=3289) to work on /home/nord/venv/lib/python3.8/site-packages/airflow/example_dags/example_branch_day_of_week_operator.py
[2025-03-20T22:04:16.832+0000] {processor.py:830} INFO - Processing file /home/nord/venv/lib/python3.8/site-packages/airflow/example_dags/example_branch_day_of_week_operator.py for tasks to queue
[2025-03-20T22:04:16.833+0000] {logging_mixin.py:188} INFO - [2025-03-20T22:04:16.833+0000] {dagbag.py:538} INFO - Filling up the DagBag from /home/nord/venv/lib/python3.8/site-packages/airflow/example_dags/example_branch_day_of_week_operator.py
[2025-03-20T22:04:16.854+0000] {processor.py:840} INFO - DAG(s) 'example_weekday_branch_operator' retrieved from /home/nord/venv/lib/python3.8/site-packages/airflow/example_dags/example_branch_day_of_week_operator.py
[2025-03-20T22:04:16.949+0000] {logging_mixin.py:188} INFO - [2025-03-20T22:04:16.948+0000] {dag.py:3036} INFO - Sync 1 DAGs
[2025-03-20T22:04:17.016+0000] {logging_mixin.py:188} INFO - [2025-03-20T22:04:17.015+0000] {dag.py:3823} INFO - Setting next_dagrun for example_weekday_branch_operator to 2025-03-19 00:00:00+00:00, run_after=2025-03-20 00:00:00+00:00
[2025-03-20T22:04:17.070+0000] {processor.py:183} INFO - Processing /home/nord/venv/lib/python3.8/site-packages/airflow/example_dags/example_branch_day_of_week_operator.py took 0.248 seconds
[2025-03-20T22:04:47.712+0000] {processor.py:161} INFO - Started process (PID=3612) to work on /home/nord/venv/lib/python3.8/site-packages/airflow/example_dags/example_branch_day_of_week_operator.py
[2025-03-20T22:04:47.716+0000] {processor.py:830} INFO - Processing file /home/nord/venv/lib/python3.8/site-packages/airflow/example_dags/example_branch_day_of_week_operator.py for tasks to queue
[2025-03-20T22:04:47.717+0000] {logging_mixin.py:188} INFO - [2025-03-20T22:04:47.717+0000] {dagbag.py:538} INFO - Filling up the DagBag from /home/nord/venv/lib/python3.8/site-packages/airflow/example_dags/example_branch_day_of_week_operator.py
[2025-03-20T22:04:47.733+0000] {processor.py:840} INFO - DAG(s) 'example_weekday_branch_operator' retrieved from /home/nord/venv/lib/python3.8/site-packages/airflow/example_dags/example_branch_day_of_week_operator.py
[2025-03-20T22:04:47.795+0000] {logging_mixin.py:188} INFO - [2025-03-20T22:04:47.794+0000] {dag.py:3036} INFO - Sync 1 DAGs
[2025-03-20T22:04:47.851+0000] {logging_mixin.py:188} INFO - [2025-03-20T22:04:47.851+0000] {dag.py:3823} INFO - Setting next_dagrun for example_weekday_branch_operator to 2025-03-19 00:00:00+00:00, run_after=2025-03-20 00:00:00+00:00
[2025-03-20T22:04:47.903+0000] {processor.py:183} INFO - Processing /home/nord/venv/lib/python3.8/site-packages/airflow/example_dags/example_branch_day_of_week_operator.py took 0.197 seconds
[2025-03-20T22:05:18.684+0000] {processor.py:161} INFO - Started process (PID=3936) to work on /home/nord/venv/lib/python3.8/site-packages/airflow/example_dags/example_branch_day_of_week_operator.py
[2025-03-20T22:05:18.686+0000] {processor.py:830} INFO - Processing file /home/nord/venv/lib/python3.8/site-packages/airflow/example_dags/example_branch_day_of_week_operator.py for tasks to queue
[2025-03-20T22:05:18.688+0000] {logging_mixin.py:188} INFO - [2025-03-20T22:05:18.687+0000] {dagbag.py:538} INFO - Filling up the DagBag from /home/nord/venv/lib/python3.8/site-packages/airflow/example_dags/example_branch_day_of_week_operator.py
[2025-03-20T22:05:18.702+0000] {processor.py:840} INFO - DAG(s) 'example_weekday_branch_operator' retrieved from /home/nord/venv/lib/python3.8/site-packages/airflow/example_dags/example_branch_day_of_week_operator.py
[2025-03-20T22:05:18.753+0000] {logging_mixin.py:188} INFO - [2025-03-20T22:05:18.752+0000] {dag.py:3036} INFO - Sync 1 DAGs
[2025-03-20T22:05:18.831+0000] {logging_mixin.py:188} INFO - [2025-03-20T22:05:18.830+0000] {dag.py:3823} INFO - Setting next_dagrun for example_weekday_branch_operator to 2025-03-19 00:00:00+00:00, run_after=2025-03-20 00:00:00+00:00
[2025-03-20T22:05:18.922+0000] {processor.py:183} INFO - Processing /home/nord/venv/lib/python3.8/site-packages/airflow/example_dags/example_branch_day_of_week_operator.py took 0.244 seconds
[2025-03-20T22:05:55.264+0000] {processor.py:161} INFO - Started process (PID=4534) to work on /home/nord/venv/lib/python3.8/site-packages/airflow/example_dags/example_branch_day_of_week_operator.py
[2025-03-20T22:05:55.271+0000] {processor.py:830} INFO - Processing file /home/nord/venv/lib/python3.8/site-packages/airflow/example_dags/example_branch_day_of_week_operator.py for tasks to queue
[2025-03-20T22:05:55.272+0000] {logging_mixin.py:188} INFO - [2025-03-20T22:05:55.272+0000] {dagbag.py:538} INFO - Filling up the DagBag from /home/nord/venv/lib/python3.8/site-packages/airflow/example_dags/example_branch_day_of_week_operator.py
[2025-03-20T22:05:55.283+0000] {processor.py:840} INFO - DAG(s) 'example_weekday_branch_operator' retrieved from /home/nord/venv/lib/python3.8/site-packages/airflow/example_dags/example_branch_day_of_week_operator.py
[2025-03-20T22:05:55.333+0000] {logging_mixin.py:188} INFO - [2025-03-20T22:05:55.332+0000] {dag.py:3036} INFO - Sync 1 DAGs
[2025-03-20T22:05:55.377+0000] {logging_mixin.py:188} INFO - [2025-03-20T22:05:55.377+0000] {dag.py:3823} INFO - Setting next_dagrun for example_weekday_branch_operator to 2025-03-19 00:00:00+00:00, run_after=2025-03-20 00:00:00+00:00
[2025-03-20T22:05:55.419+0000] {processor.py:183} INFO - Processing /home/nord/venv/lib/python3.8/site-packages/airflow/example_dags/example_branch_day_of_week_operator.py took 0.161 seconds
[2025-03-20T22:06:25.975+0000] {processor.py:161} INFO - Started process (PID=4856) to work on /home/nord/venv/lib/python3.8/site-packages/airflow/example_dags/example_branch_day_of_week_operator.py
[2025-03-20T22:06:25.977+0000] {processor.py:830} INFO - Processing file /home/nord/venv/lib/python3.8/site-packages/airflow/example_dags/example_branch_day_of_week_operator.py for tasks to queue
[2025-03-20T22:06:25.978+0000] {logging_mixin.py:188} INFO - [2025-03-20T22:06:25.978+0000] {dagbag.py:538} INFO - Filling up the DagBag from /home/nord/venv/lib/python3.8/site-packages/airflow/example_dags/example_branch_day_of_week_operator.py
[2025-03-20T22:06:25.993+0000] {processor.py:840} INFO - DAG(s) 'example_weekday_branch_operator' retrieved from /home/nord/venv/lib/python3.8/site-packages/airflow/example_dags/example_branch_day_of_week_operator.py
[2025-03-20T22:06:26.045+0000] {logging_mixin.py:188} INFO - [2025-03-20T22:06:26.045+0000] {dag.py:3036} INFO - Sync 1 DAGs
[2025-03-20T22:06:26.088+0000] {logging_mixin.py:188} INFO - [2025-03-20T22:06:26.088+0000] {dag.py:3823} INFO - Setting next_dagrun for example_weekday_branch_operator to 2025-03-19 00:00:00+00:00, run_after=2025-03-20 00:00:00+00:00
[2025-03-20T22:06:26.125+0000] {processor.py:183} INFO - Processing /home/nord/venv/lib/python3.8/site-packages/airflow/example_dags/example_branch_day_of_week_operator.py took 0.156 seconds
[2025-03-20T22:06:56.931+0000] {processor.py:161} INFO - Started process (PID=5180) to work on /home/nord/venv/lib/python3.8/site-packages/airflow/example_dags/example_branch_day_of_week_operator.py
[2025-03-20T22:06:56.933+0000] {processor.py:830} INFO - Processing file /home/nord/venv/lib/python3.8/site-packages/airflow/example_dags/example_branch_day_of_week_operator.py for tasks to queue
[2025-03-20T22:06:56.936+0000] {logging_mixin.py:188} INFO - [2025-03-20T22:06:56.935+0000] {dagbag.py:538} INFO - Filling up the DagBag from /home/nord/venv/lib/python3.8/site-packages/airflow/example_dags/example_branch_day_of_week_operator.py
[2025-03-20T22:06:56.952+0000] {processor.py:840} INFO - DAG(s) 'example_weekday_branch_operator' retrieved from /home/nord/venv/lib/python3.8/site-packages/airflow/example_dags/example_branch_day_of_week_operator.py
[2025-03-20T22:06:57.005+0000] {logging_mixin.py:188} INFO - [2025-03-20T22:06:57.005+0000] {dag.py:3036} INFO - Sync 1 DAGs
[2025-03-20T22:06:57.040+0000] {logging_mixin.py:188} INFO - [2025-03-20T22:06:57.039+0000] {dag.py:3823} INFO - Setting next_dagrun for example_weekday_branch_operator to 2025-03-19 00:00:00+00:00, run_after=2025-03-20 00:00:00+00:00
[2025-03-20T22:06:57.073+0000] {processor.py:183} INFO - Processing /home/nord/venv/lib/python3.8/site-packages/airflow/example_dags/example_branch_day_of_week_operator.py took 0.150 seconds
[2025-03-20T22:07:27.289+0000] {processor.py:161} INFO - Started process (PID=5642) to work on /home/nord/venv/lib/python3.8/site-packages/airflow/example_dags/example_branch_day_of_week_operator.py
[2025-03-20T22:07:27.290+0000] {processor.py:830} INFO - Processing file /home/nord/venv/lib/python3.8/site-packages/airflow/example_dags/example_branch_day_of_week_operator.py for tasks to queue
[2025-03-20T22:07:27.292+0000] {logging_mixin.py:188} INFO - [2025-03-20T22:07:27.291+0000] {dagbag.py:538} INFO - Filling up the DagBag from /home/nord/venv/lib/python3.8/site-packages/airflow/example_dags/example_branch_day_of_week_operator.py
[2025-03-20T22:07:27.303+0000] {processor.py:840} INFO - DAG(s) 'example_weekday_branch_operator' retrieved from /home/nord/venv/lib/python3.8/site-packages/airflow/example_dags/example_branch_day_of_week_operator.py
[2025-03-20T22:07:27.354+0000] {logging_mixin.py:188} INFO - [2025-03-20T22:07:27.353+0000] {dag.py:3036} INFO - Sync 1 DAGs
[2025-03-20T22:07:27.398+0000] {logging_mixin.py:188} INFO - [2025-03-20T22:07:27.397+0000] {dag.py:3823} INFO - Setting next_dagrun for example_weekday_branch_operator to 2025-03-19 00:00:00+00:00, run_after=2025-03-20 00:00:00+00:00
[2025-03-20T22:07:27.436+0000] {processor.py:183} INFO - Processing /home/nord/venv/lib/python3.8/site-packages/airflow/example_dags/example_branch_day_of_week_operator.py took 0.153 seconds
[2025-03-20T22:07:58.027+0000] {processor.py:161} INFO - Started process (PID=5986) to work on /home/nord/venv/lib/python3.8/site-packages/airflow/example_dags/example_branch_day_of_week_operator.py
[2025-03-20T22:07:58.029+0000] {processor.py:830} INFO - Processing file /home/nord/venv/lib/python3.8/site-packages/airflow/example_dags/example_branch_day_of_week_operator.py for tasks to queue
[2025-03-20T22:07:58.031+0000] {logging_mixin.py:188} INFO - [2025-03-20T22:07:58.030+0000] {dagbag.py:538} INFO - Filling up the DagBag from /home/nord/venv/lib/python3.8/site-packages/airflow/example_dags/example_branch_day_of_week_operator.py
[2025-03-20T22:07:58.042+0000] {processor.py:840} INFO - DAG(s) 'example_weekday_branch_operator' retrieved from /home/nord/venv/lib/python3.8/site-packages/airflow/example_dags/example_branch_day_of_week_operator.py
[2025-03-20T22:07:58.096+0000] {logging_mixin.py:188} INFO - [2025-03-20T22:07:58.096+0000] {dag.py:3036} INFO - Sync 1 DAGs
[2025-03-20T22:07:58.145+0000] {logging_mixin.py:188} INFO - [2025-03-20T22:07:58.145+0000] {dag.py:3823} INFO - Setting next_dagrun for example_weekday_branch_operator to 2025-03-19 00:00:00+00:00, run_after=2025-03-20 00:00:00+00:00
[2025-03-20T22:07:58.187+0000] {processor.py:183} INFO - Processing /home/nord/venv/lib/python3.8/site-packages/airflow/example_dags/example_branch_day_of_week_operator.py took 0.165 seconds
[2025-03-20T22:08:29.917+0000] {processor.py:161} INFO - Started process (PID=6317) to work on /home/nord/venv/lib/python3.8/site-packages/airflow/example_dags/example_branch_day_of_week_operator.py
[2025-03-20T22:08:29.918+0000] {processor.py:830} INFO - Processing file /home/nord/venv/lib/python3.8/site-packages/airflow/example_dags/example_branch_day_of_week_operator.py for tasks to queue
[2025-03-20T22:08:29.921+0000] {logging_mixin.py:188} INFO - [2025-03-20T22:08:29.919+0000] {dagbag.py:538} INFO - Filling up the DagBag from /home/nord/venv/lib/python3.8/site-packages/airflow/example_dags/example_branch_day_of_week_operator.py
[2025-03-20T22:08:29.935+0000] {processor.py:840} INFO - DAG(s) 'example_weekday_branch_operator' retrieved from /home/nord/venv/lib/python3.8/site-packages/airflow/example_dags/example_branch_day_of_week_operator.py
[2025-03-20T22:08:29.990+0000] {logging_mixin.py:188} INFO - [2025-03-20T22:08:29.990+0000] {dag.py:3036} INFO - Sync 1 DAGs
[2025-03-20T22:08:30.040+0000] {logging_mixin.py:188} INFO - [2025-03-20T22:08:30.039+0000] {dag.py:3823} INFO - Setting next_dagrun for example_weekday_branch_operator to 2025-03-19 00:00:00+00:00, run_after=2025-03-20 00:00:00+00:00
[2025-03-20T22:08:30.081+0000] {processor.py:183} INFO - Processing /home/nord/venv/lib/python3.8/site-packages/airflow/example_dags/example_branch_day_of_week_operator.py took 0.170 seconds
[2025-03-20T22:09:01.724+0000] {processor.py:161} INFO - Started process (PID=6667) to work on /home/nord/venv/lib/python3.8/site-packages/airflow/example_dags/example_branch_day_of_week_operator.py
[2025-03-20T22:09:01.730+0000] {processor.py:830} INFO - Processing file /home/nord/venv/lib/python3.8/site-packages/airflow/example_dags/example_branch_day_of_week_operator.py for tasks to queue
[2025-03-20T22:09:01.732+0000] {logging_mixin.py:188} INFO - [2025-03-20T22:09:01.731+0000] {dagbag.py:538} INFO - Filling up the DagBag from /home/nord/venv/lib/python3.8/site-packages/airflow/example_dags/example_branch_day_of_week_operator.py
[2025-03-20T22:09:01.744+0000] {processor.py:840} INFO - DAG(s) 'example_weekday_branch_operator' retrieved from /home/nord/venv/lib/python3.8/site-packages/airflow/example_dags/example_branch_day_of_week_operator.py
[2025-03-20T22:09:01.804+0000] {logging_mixin.py:188} INFO - [2025-03-20T22:09:01.804+0000] {dag.py:3036} INFO - Sync 1 DAGs
[2025-03-20T22:09:01.862+0000] {logging_mixin.py:188} INFO - [2025-03-20T22:09:01.861+0000] {dag.py:3823} INFO - Setting next_dagrun for example_weekday_branch_operator to 2025-03-19 00:00:00+00:00, run_after=2025-03-20 00:00:00+00:00
[2025-03-20T22:09:01.927+0000] {processor.py:183} INFO - Processing /home/nord/venv/lib/python3.8/site-packages/airflow/example_dags/example_branch_day_of_week_operator.py took 0.210 seconds
[2025-03-20T22:09:32.964+0000] {processor.py:161} INFO - Started process (PID=7092) to work on /home/nord/venv/lib/python3.8/site-packages/airflow/example_dags/example_branch_day_of_week_operator.py
[2025-03-20T22:09:32.965+0000] {processor.py:830} INFO - Processing file /home/nord/venv/lib/python3.8/site-packages/airflow/example_dags/example_branch_day_of_week_operator.py for tasks to queue
[2025-03-20T22:09:32.969+0000] {logging_mixin.py:188} INFO - [2025-03-20T22:09:32.966+0000] {dagbag.py:538} INFO - Filling up the DagBag from /home/nord/venv/lib/python3.8/site-packages/airflow/example_dags/example_branch_day_of_week_operator.py
[2025-03-20T22:09:32.983+0000] {processor.py:840} INFO - DAG(s) 'example_weekday_branch_operator' retrieved from /home/nord/venv/lib/python3.8/site-packages/airflow/example_dags/example_branch_day_of_week_operator.py
[2025-03-20T22:09:33.043+0000] {logging_mixin.py:188} INFO - [2025-03-20T22:09:33.042+0000] {dag.py:3036} INFO - Sync 1 DAGs
[2025-03-20T22:09:33.085+0000] {logging_mixin.py:188} INFO - [2025-03-20T22:09:33.084+0000] {dag.py:3823} INFO - Setting next_dagrun for example_weekday_branch_operator to 2025-03-19 00:00:00+00:00, run_after=2025-03-20 00:00:00+00:00
[2025-03-20T22:09:33.121+0000] {processor.py:183} INFO - Processing /home/nord/venv/lib/python3.8/site-packages/airflow/example_dags/example_branch_day_of_week_operator.py took 0.163 seconds
[2025-03-20T22:10:04.249+0000] {processor.py:161} INFO - Started process (PID=7452) to work on /home/nord/venv/lib/python3.8/site-packages/airflow/example_dags/example_branch_day_of_week_operator.py
[2025-03-20T22:10:04.251+0000] {processor.py:830} INFO - Processing file /home/nord/venv/lib/python3.8/site-packages/airflow/example_dags/example_branch_day_of_week_operator.py for tasks to queue
[2025-03-20T22:10:04.253+0000] {logging_mixin.py:188} INFO - [2025-03-20T22:10:04.252+0000] {dagbag.py:538} INFO - Filling up the DagBag from /home/nord/venv/lib/python3.8/site-packages/airflow/example_dags/example_branch_day_of_week_operator.py
[2025-03-20T22:10:04.269+0000] {processor.py:840} INFO - DAG(s) 'example_weekday_branch_operator' retrieved from /home/nord/venv/lib/python3.8/site-packages/airflow/example_dags/example_branch_day_of_week_operator.py
[2025-03-20T22:10:04.324+0000] {logging_mixin.py:188} INFO - [2025-03-20T22:10:04.324+0000] {dag.py:3036} INFO - Sync 1 DAGs
[2025-03-20T22:10:04.373+0000] {logging_mixin.py:188} INFO - [2025-03-20T22:10:04.372+0000] {dag.py:3823} INFO - Setting next_dagrun for example_weekday_branch_operator to 2025-03-19 00:00:00+00:00, run_after=2025-03-20 00:00:00+00:00
[2025-03-20T22:10:04.415+0000] {processor.py:183} INFO - Processing /home/nord/venv/lib/python3.8/site-packages/airflow/example_dags/example_branch_day_of_week_operator.py took 0.172 seconds
[2025-03-20T22:10:37.110+0000] {processor.py:161} INFO - Started process (PID=7784) to work on /home/nord/venv/lib/python3.8/site-packages/airflow/example_dags/example_branch_day_of_week_operator.py
[2025-03-20T22:10:37.120+0000] {processor.py:830} INFO - Processing file /home/nord/venv/lib/python3.8/site-packages/airflow/example_dags/example_branch_day_of_week_operator.py for tasks to queue
[2025-03-20T22:10:37.122+0000] {logging_mixin.py:188} INFO - [2025-03-20T22:10:37.121+0000] {dagbag.py:538} INFO - Filling up the DagBag from /home/nord/venv/lib/python3.8/site-packages/airflow/example_dags/example_branch_day_of_week_operator.py
[2025-03-20T22:10:37.161+0000] {processor.py:840} INFO - DAG(s) 'example_weekday_branch_operator' retrieved from /home/nord/venv/lib/python3.8/site-packages/airflow/example_dags/example_branch_day_of_week_operator.py
[2025-03-20T22:10:37.304+0000] {logging_mixin.py:188} INFO - [2025-03-20T22:10:37.304+0000] {dag.py:3036} INFO - Sync 1 DAGs
[2025-03-20T22:10:37.424+0000] {logging_mixin.py:188} INFO - [2025-03-20T22:10:37.423+0000] {dag.py:3823} INFO - Setting next_dagrun for example_weekday_branch_operator to 2025-03-19 00:00:00+00:00, run_after=2025-03-20 00:00:00+00:00
[2025-03-20T22:10:37.521+0000] {processor.py:183} INFO - Processing /home/nord/venv/lib/python3.8/site-packages/airflow/example_dags/example_branch_day_of_week_operator.py took 0.426 seconds
[2025-03-20T22:11:08.164+0000] {processor.py:161} INFO - Started process (PID=8105) to work on /home/nord/venv/lib/python3.8/site-packages/airflow/example_dags/example_branch_day_of_week_operator.py
[2025-03-20T22:11:08.166+0000] {processor.py:830} INFO - Processing file /home/nord/venv/lib/python3.8/site-packages/airflow/example_dags/example_branch_day_of_week_operator.py for tasks to queue
[2025-03-20T22:11:08.167+0000] {logging_mixin.py:188} INFO - [2025-03-20T22:11:08.167+0000] {dagbag.py:538} INFO - Filling up the DagBag from /home/nord/venv/lib/python3.8/site-packages/airflow/example_dags/example_branch_day_of_week_operator.py
[2025-03-20T22:11:08.180+0000] {processor.py:840} INFO - DAG(s) 'example_weekday_branch_operator' retrieved from /home/nord/venv/lib/python3.8/site-packages/airflow/example_dags/example_branch_day_of_week_operator.py
[2025-03-20T22:11:08.235+0000] {logging_mixin.py:188} INFO - [2025-03-20T22:11:08.235+0000] {dag.py:3036} INFO - Sync 1 DAGs
[2025-03-20T22:11:08.299+0000] {logging_mixin.py:188} INFO - [2025-03-20T22:11:08.298+0000] {dag.py:3823} INFO - Setting next_dagrun for example_weekday_branch_operator to 2025-03-19 00:00:00+00:00, run_after=2025-03-20 00:00:00+00:00
[2025-03-20T22:11:08.353+0000] {processor.py:183} INFO - Processing /home/nord/venv/lib/python3.8/site-packages/airflow/example_dags/example_branch_day_of_week_operator.py took 0.195 seconds
[2025-03-20T22:11:39.334+0000] {processor.py:161} INFO - Started process (PID=8428) to work on /home/nord/venv/lib/python3.8/site-packages/airflow/example_dags/example_branch_day_of_week_operator.py
[2025-03-20T22:11:39.335+0000] {processor.py:830} INFO - Processing file /home/nord/venv/lib/python3.8/site-packages/airflow/example_dags/example_branch_day_of_week_operator.py for tasks to queue
[2025-03-20T22:11:39.336+0000] {logging_mixin.py:188} INFO - [2025-03-20T22:11:39.336+0000] {dagbag.py:538} INFO - Filling up the DagBag from /home/nord/venv/lib/python3.8/site-packages/airflow/example_dags/example_branch_day_of_week_operator.py
[2025-03-20T22:11:39.349+0000] {processor.py:840} INFO - DAG(s) 'example_weekday_branch_operator' retrieved from /home/nord/venv/lib/python3.8/site-packages/airflow/example_dags/example_branch_day_of_week_operator.py
[2025-03-20T22:11:39.401+0000] {logging_mixin.py:188} INFO - [2025-03-20T22:11:39.401+0000] {dag.py:3036} INFO - Sync 1 DAGs
[2025-03-20T22:11:39.459+0000] {logging_mixin.py:188} INFO - [2025-03-20T22:11:39.458+0000] {dag.py:3823} INFO - Setting next_dagrun for example_weekday_branch_operator to 2025-03-19 00:00:00+00:00, run_after=2025-03-20 00:00:00+00:00
[2025-03-20T22:11:39.498+0000] {processor.py:183} INFO - Processing /home/nord/venv/lib/python3.8/site-packages/airflow/example_dags/example_branch_day_of_week_operator.py took 0.169 seconds
