[2025-03-20T22:02:08.603+0000] {processor.py:161} INFO - Started process (PID=1555) to work on /home/nord/venv/lib/python3.8/site-packages/airflow/example_dags/example_short_circuit_operator.py
[2025-03-20T22:02:08.608+0000] {processor.py:830} INFO - Processing file /home/nord/venv/lib/python3.8/site-packages/airflow/example_dags/example_short_circuit_operator.py for tasks to queue
[2025-03-20T22:02:08.610+0000] {logging_mixin.py:188} INFO - [2025-03-20T22:02:08.609+0000] {dagbag.py:538} INFO - Filling up the DagBag from /home/nord/venv/lib/python3.8/site-packages/airflow/example_dags/example_short_circuit_operator.py
[2025-03-20T22:02:08.625+0000] {processor.py:840} INFO - DAG(s) 'example_short_circuit_operator' retrieved from /home/nord/venv/lib/python3.8/site-packages/airflow/example_dags/example_short_circuit_operator.py
[2025-03-20T22:02:08.693+0000] {logging_mixin.py:188} INFO - [2025-03-20T22:02:08.693+0000] {dag.py:3036} INFO - Sync 1 DAGs
[2025-03-20T22:02:08.746+0000] {logging_mixin.py:188} INFO - [2025-03-20T22:02:08.745+0000] {dag.py:3823} INFO - Setting next_dagrun for example_short_circuit_operator to 2025-03-19 00:00:00+00:00, run_after=2025-03-20 00:00:00+00:00
[2025-03-20T22:02:08.812+0000] {processor.py:183} INFO - Processing /home/nord/venv/lib/python3.8/site-packages/airflow/example_dags/example_short_circuit_operator.py took 0.216 seconds
[2025-03-20T22:02:38.940+0000] {processor.py:161} INFO - Started process (PID=1896) to work on /home/nord/venv/lib/python3.8/site-packages/airflow/example_dags/example_short_circuit_operator.py
[2025-03-20T22:02:38.942+0000] {processor.py:830} INFO - Processing file /home/nord/venv/lib/python3.8/site-packages/airflow/example_dags/example_short_circuit_operator.py for tasks to queue
[2025-03-20T22:02:38.943+0000] {logging_mixin.py:188} INFO - [2025-03-20T22:02:38.943+0000] {dagbag.py:538} INFO - Filling up the DagBag from /home/nord/venv/lib/python3.8/site-packages/airflow/example_dags/example_short_circuit_operator.py
[2025-03-20T22:02:38.960+0000] {processor.py:840} INFO - DAG(s) 'example_short_circuit_operator' retrieved from /home/nord/venv/lib/python3.8/site-packages/airflow/example_dags/example_short_circuit_operator.py
[2025-03-20T22:02:39.041+0000] {logging_mixin.py:188} INFO - [2025-03-20T22:02:39.041+0000] {dag.py:3036} INFO - Sync 1 DAGs
[2025-03-20T22:02:39.115+0000] {logging_mixin.py:188} INFO - [2025-03-20T22:02:39.114+0000] {dag.py:3823} INFO - Setting next_dagrun for example_short_circuit_operator to 2025-03-19 00:00:00+00:00, run_after=2025-03-20 00:00:00+00:00
[2025-03-20T22:02:39.178+0000] {processor.py:183} INFO - Processing /home/nord/venv/lib/python3.8/site-packages/airflow/example_dags/example_short_circuit_operator.py took 0.246 seconds
[2025-03-20T22:03:14.372+0000] {processor.py:161} INFO - Started process (PID=2536) to work on /home/nord/venv/lib/python3.8/site-packages/airflow/example_dags/example_short_circuit_operator.py
[2025-03-20T22:03:14.375+0000] {processor.py:830} INFO - Processing file /home/nord/venv/lib/python3.8/site-packages/airflow/example_dags/example_short_circuit_operator.py for tasks to queue
[2025-03-20T22:03:14.377+0000] {logging_mixin.py:188} INFO - [2025-03-20T22:03:14.376+0000] {dagbag.py:538} INFO - Filling up the DagBag from /home/nord/venv/lib/python3.8/site-packages/airflow/example_dags/example_short_circuit_operator.py
[2025-03-20T22:03:14.399+0000] {processor.py:840} INFO - DAG(s) 'example_short_circuit_operator' retrieved from /home/nord/venv/lib/python3.8/site-packages/airflow/example_dags/example_short_circuit_operator.py
[2025-03-20T22:03:14.465+0000] {logging_mixin.py:188} INFO - [2025-03-20T22:03:14.464+0000] {dag.py:3036} INFO - Sync 1 DAGs
[2025-03-20T22:03:14.520+0000] {logging_mixin.py:188} INFO - [2025-03-20T22:03:14.520+0000] {dag.py:3823} INFO - Setting next_dagrun for example_short_circuit_operator to 2025-03-19 00:00:00+00:00, run_after=2025-03-20 00:00:00+00:00
[2025-03-20T22:03:14.583+0000] {processor.py:183} INFO - Processing /home/nord/venv/lib/python3.8/site-packages/airflow/example_dags/example_short_circuit_operator.py took 0.228 seconds
[2025-03-20T22:03:44.889+0000] {processor.py:161} INFO - Started process (PID=2930) to work on /home/nord/venv/lib/python3.8/site-packages/airflow/example_dags/example_short_circuit_operator.py
[2025-03-20T22:03:44.893+0000] {processor.py:830} INFO - Processing file /home/nord/venv/lib/python3.8/site-packages/airflow/example_dags/example_short_circuit_operator.py for tasks to queue
[2025-03-20T22:03:44.896+0000] {logging_mixin.py:188} INFO - [2025-03-20T22:03:44.895+0000] {dagbag.py:538} INFO - Filling up the DagBag from /home/nord/venv/lib/python3.8/site-packages/airflow/example_dags/example_short_circuit_operator.py
[2025-03-20T22:03:44.911+0000] {processor.py:840} INFO - DAG(s) 'example_short_circuit_operator' retrieved from /home/nord/venv/lib/python3.8/site-packages/airflow/example_dags/example_short_circuit_operator.py
[2025-03-20T22:03:44.979+0000] {logging_mixin.py:188} INFO - [2025-03-20T22:03:44.979+0000] {dag.py:3036} INFO - Sync 1 DAGs
[2025-03-20T22:03:45.037+0000] {logging_mixin.py:188} INFO - [2025-03-20T22:03:45.037+0000] {dag.py:3823} INFO - Setting next_dagrun for example_short_circuit_operator to 2025-03-19 00:00:00+00:00, run_after=2025-03-20 00:00:00+00:00
[2025-03-20T22:03:45.088+0000] {processor.py:183} INFO - Processing /home/nord/venv/lib/python3.8/site-packages/airflow/example_dags/example_short_circuit_operator.py took 0.205 seconds
[2025-03-20T22:04:16.583+0000] {processor.py:161} INFO - Started process (PID=3277) to work on /home/nord/venv/lib/python3.8/site-packages/airflow/example_dags/example_short_circuit_operator.py
[2025-03-20T22:04:16.587+0000] {processor.py:830} INFO - Processing file /home/nord/venv/lib/python3.8/site-packages/airflow/example_dags/example_short_circuit_operator.py for tasks to queue
[2025-03-20T22:04:16.589+0000] {logging_mixin.py:188} INFO - [2025-03-20T22:04:16.588+0000] {dagbag.py:538} INFO - Filling up the DagBag from /home/nord/venv/lib/python3.8/site-packages/airflow/example_dags/example_short_circuit_operator.py
[2025-03-20T22:04:16.606+0000] {processor.py:840} INFO - DAG(s) 'example_short_circuit_operator' retrieved from /home/nord/venv/lib/python3.8/site-packages/airflow/example_dags/example_short_circuit_operator.py
[2025-03-20T22:04:16.679+0000] {logging_mixin.py:188} INFO - [2025-03-20T22:04:16.679+0000] {dag.py:3036} INFO - Sync 1 DAGs
[2025-03-20T22:04:16.730+0000] {logging_mixin.py:188} INFO - [2025-03-20T22:04:16.729+0000] {dag.py:3823} INFO - Setting next_dagrun for example_short_circuit_operator to 2025-03-19 00:00:00+00:00, run_after=2025-03-20 00:00:00+00:00
[2025-03-20T22:04:16.781+0000] {processor.py:183} INFO - Processing /home/nord/venv/lib/python3.8/site-packages/airflow/example_dags/example_short_circuit_operator.py took 0.206 seconds
[2025-03-20T22:04:47.461+0000] {processor.py:161} INFO - Started process (PID=3600) to work on /home/nord/venv/lib/python3.8/site-packages/airflow/example_dags/example_short_circuit_operator.py
[2025-03-20T22:04:47.462+0000] {processor.py:830} INFO - Processing file /home/nord/venv/lib/python3.8/site-packages/airflow/example_dags/example_short_circuit_operator.py for tasks to queue
[2025-03-20T22:04:47.464+0000] {logging_mixin.py:188} INFO - [2025-03-20T22:04:47.463+0000] {dagbag.py:538} INFO - Filling up the DagBag from /home/nord/venv/lib/python3.8/site-packages/airflow/example_dags/example_short_circuit_operator.py
[2025-03-20T22:04:47.482+0000] {processor.py:840} INFO - DAG(s) 'example_short_circuit_operator' retrieved from /home/nord/venv/lib/python3.8/site-packages/airflow/example_dags/example_short_circuit_operator.py
[2025-03-20T22:04:47.544+0000] {logging_mixin.py:188} INFO - [2025-03-20T22:04:47.544+0000] {dag.py:3036} INFO - Sync 1 DAGs
[2025-03-20T22:04:47.612+0000] {logging_mixin.py:188} INFO - [2025-03-20T22:04:47.611+0000] {dag.py:3823} INFO - Setting next_dagrun for example_short_circuit_operator to 2025-03-19 00:00:00+00:00, run_after=2025-03-20 00:00:00+00:00
[2025-03-20T22:04:47.669+0000] {processor.py:183} INFO - Processing /home/nord/venv/lib/python3.8/site-packages/airflow/example_dags/example_short_circuit_operator.py took 0.217 seconds
[2025-03-20T22:05:18.481+0000] {processor.py:161} INFO - Started process (PID=3924) to work on /home/nord/venv/lib/python3.8/site-packages/airflow/example_dags/example_short_circuit_operator.py
[2025-03-20T22:05:18.485+0000] {processor.py:830} INFO - Processing file /home/nord/venv/lib/python3.8/site-packages/airflow/example_dags/example_short_circuit_operator.py for tasks to queue
[2025-03-20T22:05:18.486+0000] {logging_mixin.py:188} INFO - [2025-03-20T22:05:18.486+0000] {dagbag.py:538} INFO - Filling up the DagBag from /home/nord/venv/lib/python3.8/site-packages/airflow/example_dags/example_short_circuit_operator.py
[2025-03-20T22:05:18.502+0000] {processor.py:840} INFO - DAG(s) 'example_short_circuit_operator' retrieved from /home/nord/venv/lib/python3.8/site-packages/airflow/example_dags/example_short_circuit_operator.py
[2025-03-20T22:05:18.558+0000] {logging_mixin.py:188} INFO - [2025-03-20T22:05:18.558+0000] {dag.py:3036} INFO - Sync 1 DAGs
[2025-03-20T22:05:18.599+0000] {logging_mixin.py:188} INFO - [2025-03-20T22:05:18.598+0000] {dag.py:3823} INFO - Setting next_dagrun for example_short_circuit_operator to 2025-03-19 00:00:00+00:00, run_after=2025-03-20 00:00:00+00:00
[2025-03-20T22:05:18.646+0000] {processor.py:183} INFO - Processing /home/nord/venv/lib/python3.8/site-packages/airflow/example_dags/example_short_circuit_operator.py took 0.173 seconds
[2025-03-20T22:05:54.659+0000] {processor.py:161} INFO - Started process (PID=4519) to work on /home/nord/venv/lib/python3.8/site-packages/airflow/example_dags/example_short_circuit_operator.py
[2025-03-20T22:05:54.664+0000] {processor.py:830} INFO - Processing file /home/nord/venv/lib/python3.8/site-packages/airflow/example_dags/example_short_circuit_operator.py for tasks to queue
[2025-03-20T22:05:54.667+0000] {logging_mixin.py:188} INFO - [2025-03-20T22:05:54.666+0000] {dagbag.py:538} INFO - Filling up the DagBag from /home/nord/venv/lib/python3.8/site-packages/airflow/example_dags/example_short_circuit_operator.py
[2025-03-20T22:05:54.689+0000] {processor.py:840} INFO - DAG(s) 'example_short_circuit_operator' retrieved from /home/nord/venv/lib/python3.8/site-packages/airflow/example_dags/example_short_circuit_operator.py
[2025-03-20T22:05:54.750+0000] {logging_mixin.py:188} INFO - [2025-03-20T22:05:54.749+0000] {dag.py:3036} INFO - Sync 1 DAGs
[2025-03-20T22:05:54.792+0000] {logging_mixin.py:188} INFO - [2025-03-20T22:05:54.792+0000] {dag.py:3823} INFO - Setting next_dagrun for example_short_circuit_operator to 2025-03-19 00:00:00+00:00, run_after=2025-03-20 00:00:00+00:00
[2025-03-20T22:05:54.835+0000] {processor.py:183} INFO - Processing /home/nord/venv/lib/python3.8/site-packages/airflow/example_dags/example_short_circuit_operator.py took 0.200 seconds
[2025-03-20T22:06:25.777+0000] {processor.py:161} INFO - Started process (PID=4843) to work on /home/nord/venv/lib/python3.8/site-packages/airflow/example_dags/example_short_circuit_operator.py
[2025-03-20T22:06:25.779+0000] {processor.py:830} INFO - Processing file /home/nord/venv/lib/python3.8/site-packages/airflow/example_dags/example_short_circuit_operator.py for tasks to queue
[2025-03-20T22:06:25.782+0000] {logging_mixin.py:188} INFO - [2025-03-20T22:06:25.781+0000] {dagbag.py:538} INFO - Filling up the DagBag from /home/nord/venv/lib/python3.8/site-packages/airflow/example_dags/example_short_circuit_operator.py
[2025-03-20T22:06:25.801+0000] {processor.py:840} INFO - DAG(s) 'example_short_circuit_operator' retrieved from /home/nord/venv/lib/python3.8/site-packages/airflow/example_dags/example_short_circuit_operator.py
[2025-03-20T22:06:25.858+0000] {logging_mixin.py:188} INFO - [2025-03-20T22:06:25.857+0000] {dag.py:3036} INFO - Sync 1 DAGs
[2025-03-20T22:06:25.896+0000] {logging_mixin.py:188} INFO - [2025-03-20T22:06:25.896+0000] {dag.py:3823} INFO - Setting next_dagrun for example_short_circuit_operator to 2025-03-19 00:00:00+00:00, run_after=2025-03-20 00:00:00+00:00
[2025-03-20T22:06:25.936+0000] {processor.py:183} INFO - Processing /home/nord/venv/lib/python3.8/site-packages/airflow/example_dags/example_short_circuit_operator.py took 0.166 seconds
[2025-03-20T22:06:56.685+0000] {processor.py:161} INFO - Started process (PID=5168) to work on /home/nord/venv/lib/python3.8/site-packages/airflow/example_dags/example_short_circuit_operator.py
[2025-03-20T22:06:56.687+0000] {processor.py:830} INFO - Processing file /home/nord/venv/lib/python3.8/site-packages/airflow/example_dags/example_short_circuit_operator.py for tasks to queue
[2025-03-20T22:06:56.689+0000] {logging_mixin.py:188} INFO - [2025-03-20T22:06:56.688+0000] {dagbag.py:538} INFO - Filling up the DagBag from /home/nord/venv/lib/python3.8/site-packages/airflow/example_dags/example_short_circuit_operator.py
[2025-03-20T22:06:56.708+0000] {processor.py:840} INFO - DAG(s) 'example_short_circuit_operator' retrieved from /home/nord/venv/lib/python3.8/site-packages/airflow/example_dags/example_short_circuit_operator.py
[2025-03-20T22:06:56.789+0000] {logging_mixin.py:188} INFO - [2025-03-20T22:06:56.789+0000] {dag.py:3036} INFO - Sync 1 DAGs
[2025-03-20T22:06:56.833+0000] {logging_mixin.py:188} INFO - [2025-03-20T22:06:56.833+0000] {dag.py:3823} INFO - Setting next_dagrun for example_short_circuit_operator to 2025-03-19 00:00:00+00:00, run_after=2025-03-20 00:00:00+00:00
[2025-03-20T22:06:56.880+0000] {processor.py:183} INFO - Processing /home/nord/venv/lib/python3.8/site-packages/airflow/example_dags/example_short_circuit_operator.py took 0.206 seconds
[2025-03-20T22:07:27.087+0000] {processor.py:161} INFO - Started process (PID=5631) to work on /home/nord/venv/lib/python3.8/site-packages/airflow/example_dags/example_short_circuit_operator.py
[2025-03-20T22:07:27.089+0000] {processor.py:830} INFO - Processing file /home/nord/venv/lib/python3.8/site-packages/airflow/example_dags/example_short_circuit_operator.py for tasks to queue
[2025-03-20T22:07:27.091+0000] {logging_mixin.py:188} INFO - [2025-03-20T22:07:27.090+0000] {dagbag.py:538} INFO - Filling up the DagBag from /home/nord/venv/lib/python3.8/site-packages/airflow/example_dags/example_short_circuit_operator.py
[2025-03-20T22:07:27.106+0000] {processor.py:840} INFO - DAG(s) 'example_short_circuit_operator' retrieved from /home/nord/venv/lib/python3.8/site-packages/airflow/example_dags/example_short_circuit_operator.py
[2025-03-20T22:07:27.160+0000] {logging_mixin.py:188} INFO - [2025-03-20T22:07:27.160+0000] {dag.py:3036} INFO - Sync 1 DAGs
[2025-03-20T22:07:27.207+0000] {logging_mixin.py:188} INFO - [2025-03-20T22:07:27.206+0000] {dag.py:3823} INFO - Setting next_dagrun for example_short_circuit_operator to 2025-03-19 00:00:00+00:00, run_after=2025-03-20 00:00:00+00:00
[2025-03-20T22:07:27.250+0000] {processor.py:183} INFO - Processing /home/nord/venv/lib/python3.8/site-packages/airflow/example_dags/example_short_circuit_operator.py took 0.172 seconds
[2025-03-20T22:07:57.807+0000] {processor.py:161} INFO - Started process (PID=5974) to work on /home/nord/venv/lib/python3.8/site-packages/airflow/example_dags/example_short_circuit_operator.py
[2025-03-20T22:07:57.809+0000] {processor.py:830} INFO - Processing file /home/nord/venv/lib/python3.8/site-packages/airflow/example_dags/example_short_circuit_operator.py for tasks to queue
[2025-03-20T22:07:57.811+0000] {logging_mixin.py:188} INFO - [2025-03-20T22:07:57.810+0000] {dagbag.py:538} INFO - Filling up the DagBag from /home/nord/venv/lib/python3.8/site-packages/airflow/example_dags/example_short_circuit_operator.py
[2025-03-20T22:07:57.827+0000] {processor.py:840} INFO - DAG(s) 'example_short_circuit_operator' retrieved from /home/nord/venv/lib/python3.8/site-packages/airflow/example_dags/example_short_circuit_operator.py
[2025-03-20T22:07:57.894+0000] {logging_mixin.py:188} INFO - [2025-03-20T22:07:57.894+0000] {dag.py:3036} INFO - Sync 1 DAGs
[2025-03-20T22:07:57.953+0000] {logging_mixin.py:188} INFO - [2025-03-20T22:07:57.953+0000] {dag.py:3823} INFO - Setting next_dagrun for example_short_circuit_operator to 2025-03-19 00:00:00+00:00, run_after=2025-03-20 00:00:00+00:00
[2025-03-20T22:07:57.989+0000] {processor.py:183} INFO - Processing /home/nord/venv/lib/python3.8/site-packages/airflow/example_dags/example_short_circuit_operator.py took 0.189 seconds
[2025-03-20T22:08:29.693+0000] {processor.py:161} INFO - Started process (PID=6306) to work on /home/nord/venv/lib/python3.8/site-packages/airflow/example_dags/example_short_circuit_operator.py
[2025-03-20T22:08:29.693+0000] {processor.py:830} INFO - Processing file /home/nord/venv/lib/python3.8/site-packages/airflow/example_dags/example_short_circuit_operator.py for tasks to queue
[2025-03-20T22:08:29.695+0000] {logging_mixin.py:188} INFO - [2025-03-20T22:08:29.694+0000] {dagbag.py:538} INFO - Filling up the DagBag from /home/nord/venv/lib/python3.8/site-packages/airflow/example_dags/example_short_circuit_operator.py
[2025-03-20T22:08:29.708+0000] {processor.py:840} INFO - DAG(s) 'example_short_circuit_operator' retrieved from /home/nord/venv/lib/python3.8/site-packages/airflow/example_dags/example_short_circuit_operator.py
[2025-03-20T22:08:29.764+0000] {logging_mixin.py:188} INFO - [2025-03-20T22:08:29.763+0000] {dag.py:3036} INFO - Sync 1 DAGs
[2025-03-20T22:08:29.818+0000] {logging_mixin.py:188} INFO - [2025-03-20T22:08:29.817+0000] {dag.py:3823} INFO - Setting next_dagrun for example_short_circuit_operator to 2025-03-19 00:00:00+00:00, run_after=2025-03-20 00:00:00+00:00
[2025-03-20T22:08:29.868+0000] {processor.py:183} INFO - Processing /home/nord/venv/lib/python3.8/site-packages/airflow/example_dags/example_short_circuit_operator.py took 0.180 seconds
[2025-03-20T22:09:01.501+0000] {processor.py:161} INFO - Started process (PID=6655) to work on /home/nord/venv/lib/python3.8/site-packages/airflow/example_dags/example_short_circuit_operator.py
[2025-03-20T22:09:01.514+0000] {processor.py:830} INFO - Processing file /home/nord/venv/lib/python3.8/site-packages/airflow/example_dags/example_short_circuit_operator.py for tasks to queue
[2025-03-20T22:09:01.516+0000] {logging_mixin.py:188} INFO - [2025-03-20T22:09:01.515+0000] {dagbag.py:538} INFO - Filling up the DagBag from /home/nord/venv/lib/python3.8/site-packages/airflow/example_dags/example_short_circuit_operator.py
[2025-03-20T22:09:01.528+0000] {processor.py:840} INFO - DAG(s) 'example_short_circuit_operator' retrieved from /home/nord/venv/lib/python3.8/site-packages/airflow/example_dags/example_short_circuit_operator.py
[2025-03-20T22:09:01.592+0000] {logging_mixin.py:188} INFO - [2025-03-20T22:09:01.592+0000] {dag.py:3036} INFO - Sync 1 DAGs
[2025-03-20T22:09:01.642+0000] {logging_mixin.py:188} INFO - [2025-03-20T22:09:01.642+0000] {dag.py:3823} INFO - Setting next_dagrun for example_short_circuit_operator to 2025-03-19 00:00:00+00:00, run_after=2025-03-20 00:00:00+00:00
[2025-03-20T22:09:01.684+0000] {processor.py:183} INFO - Processing /home/nord/venv/lib/python3.8/site-packages/airflow/example_dags/example_short_circuit_operator.py took 0.193 seconds
[2025-03-20T22:09:32.753+0000] {processor.py:161} INFO - Started process (PID=7068) to work on /home/nord/venv/lib/python3.8/site-packages/airflow/example_dags/example_short_circuit_operator.py
[2025-03-20T22:09:32.754+0000] {processor.py:830} INFO - Processing file /home/nord/venv/lib/python3.8/site-packages/airflow/example_dags/example_short_circuit_operator.py for tasks to queue
[2025-03-20T22:09:32.757+0000] {logging_mixin.py:188} INFO - [2025-03-20T22:09:32.756+0000] {dagbag.py:538} INFO - Filling up the DagBag from /home/nord/venv/lib/python3.8/site-packages/airflow/example_dags/example_short_circuit_operator.py
[2025-03-20T22:09:32.775+0000] {processor.py:840} INFO - DAG(s) 'example_short_circuit_operator' retrieved from /home/nord/venv/lib/python3.8/site-packages/airflow/example_dags/example_short_circuit_operator.py
[2025-03-20T22:09:32.846+0000] {logging_mixin.py:188} INFO - [2025-03-20T22:09:32.845+0000] {dag.py:3036} INFO - Sync 1 DAGs
[2025-03-20T22:09:32.880+0000] {logging_mixin.py:188} INFO - [2025-03-20T22:09:32.879+0000] {dag.py:3823} INFO - Setting next_dagrun for example_short_circuit_operator to 2025-03-19 00:00:00+00:00, run_after=2025-03-20 00:00:00+00:00
[2025-03-20T22:09:32.923+0000] {processor.py:183} INFO - Processing /home/nord/venv/lib/python3.8/site-packages/airflow/example_dags/example_short_circuit_operator.py took 0.177 seconds
[2025-03-20T22:10:04.002+0000] {processor.py:161} INFO - Started process (PID=7440) to work on /home/nord/venv/lib/python3.8/site-packages/airflow/example_dags/example_short_circuit_operator.py
[2025-03-20T22:10:04.004+0000] {processor.py:830} INFO - Processing file /home/nord/venv/lib/python3.8/site-packages/airflow/example_dags/example_short_circuit_operator.py for tasks to queue
[2025-03-20T22:10:04.006+0000] {logging_mixin.py:188} INFO - [2025-03-20T22:10:04.005+0000] {dagbag.py:538} INFO - Filling up the DagBag from /home/nord/venv/lib/python3.8/site-packages/airflow/example_dags/example_short_circuit_operator.py
[2025-03-20T22:10:04.021+0000] {processor.py:840} INFO - DAG(s) 'example_short_circuit_operator' retrieved from /home/nord/venv/lib/python3.8/site-packages/airflow/example_dags/example_short_circuit_operator.py
[2025-03-20T22:10:04.103+0000] {logging_mixin.py:188} INFO - [2025-03-20T22:10:04.103+0000] {dag.py:3036} INFO - Sync 1 DAGs
[2025-03-20T22:10:04.149+0000] {logging_mixin.py:188} INFO - [2025-03-20T22:10:04.149+0000] {dag.py:3823} INFO - Setting next_dagrun for example_short_circuit_operator to 2025-03-19 00:00:00+00:00, run_after=2025-03-20 00:00:00+00:00
[2025-03-20T22:10:04.201+0000] {processor.py:183} INFO - Processing /home/nord/venv/lib/python3.8/site-packages/airflow/example_dags/example_short_circuit_operator.py took 0.207 seconds
[2025-03-20T22:10:36.615+0000] {processor.py:161} INFO - Started process (PID=7770) to work on /home/nord/venv/lib/python3.8/site-packages/airflow/example_dags/example_short_circuit_operator.py
[2025-03-20T22:10:36.618+0000] {processor.py:830} INFO - Processing file /home/nord/venv/lib/python3.8/site-packages/airflow/example_dags/example_short_circuit_operator.py for tasks to queue
[2025-03-20T22:10:36.621+0000] {logging_mixin.py:188} INFO - [2025-03-20T22:10:36.620+0000] {dagbag.py:538} INFO - Filling up the DagBag from /home/nord/venv/lib/python3.8/site-packages/airflow/example_dags/example_short_circuit_operator.py
[2025-03-20T22:10:36.677+0000] {processor.py:840} INFO - DAG(s) 'example_short_circuit_operator' retrieved from /home/nord/venv/lib/python3.8/site-packages/airflow/example_dags/example_short_circuit_operator.py
[2025-03-20T22:10:36.816+0000] {logging_mixin.py:188} INFO - [2025-03-20T22:10:36.805+0000] {dag.py:3036} INFO - Sync 1 DAGs
[2025-03-20T22:10:36.926+0000] {logging_mixin.py:188} INFO - [2025-03-20T22:10:36.925+0000] {dag.py:3823} INFO - Setting next_dagrun for example_short_circuit_operator to 2025-03-19 00:00:00+00:00, run_after=2025-03-20 00:00:00+00:00
[2025-03-20T22:10:37.039+0000] {processor.py:183} INFO - Processing /home/nord/venv/lib/python3.8/site-packages/airflow/example_dags/example_short_circuit_operator.py took 0.440 seconds
[2025-03-20T22:11:07.797+0000] {processor.py:161} INFO - Started process (PID=8094) to work on /home/nord/venv/lib/python3.8/site-packages/airflow/example_dags/example_short_circuit_operator.py
[2025-03-20T22:11:07.800+0000] {processor.py:830} INFO - Processing file /home/nord/venv/lib/python3.8/site-packages/airflow/example_dags/example_short_circuit_operator.py for tasks to queue
[2025-03-20T22:11:07.802+0000] {logging_mixin.py:188} INFO - [2025-03-20T22:11:07.801+0000] {dagbag.py:538} INFO - Filling up the DagBag from /home/nord/venv/lib/python3.8/site-packages/airflow/example_dags/example_short_circuit_operator.py
[2025-03-20T22:11:07.826+0000] {processor.py:840} INFO - DAG(s) 'example_short_circuit_operator' retrieved from /home/nord/venv/lib/python3.8/site-packages/airflow/example_dags/example_short_circuit_operator.py
[2025-03-20T22:11:07.913+0000] {logging_mixin.py:188} INFO - [2025-03-20T22:11:07.912+0000] {dag.py:3036} INFO - Sync 1 DAGs
[2025-03-20T22:11:08.003+0000] {logging_mixin.py:188} INFO - [2025-03-20T22:11:08.002+0000] {dag.py:3823} INFO - Setting next_dagrun for example_short_circuit_operator to 2025-03-19 00:00:00+00:00, run_after=2025-03-20 00:00:00+00:00
[2025-03-20T22:11:08.117+0000] {processor.py:183} INFO - Processing /home/nord/venv/lib/python3.8/site-packages/airflow/example_dags/example_short_circuit_operator.py took 0.332 seconds
[2025-03-20T22:11:39.118+0000] {processor.py:161} INFO - Started process (PID=8416) to work on /home/nord/venv/lib/python3.8/site-packages/airflow/example_dags/example_short_circuit_operator.py
[2025-03-20T22:11:39.124+0000] {processor.py:830} INFO - Processing file /home/nord/venv/lib/python3.8/site-packages/airflow/example_dags/example_short_circuit_operator.py for tasks to queue
[2025-03-20T22:11:39.126+0000] {logging_mixin.py:188} INFO - [2025-03-20T22:11:39.125+0000] {dagbag.py:538} INFO - Filling up the DagBag from /home/nord/venv/lib/python3.8/site-packages/airflow/example_dags/example_short_circuit_operator.py
[2025-03-20T22:11:39.143+0000] {processor.py:840} INFO - DAG(s) 'example_short_circuit_operator' retrieved from /home/nord/venv/lib/python3.8/site-packages/airflow/example_dags/example_short_circuit_operator.py
[2025-03-20T22:11:39.215+0000] {logging_mixin.py:188} INFO - [2025-03-20T22:11:39.214+0000] {dag.py:3036} INFO - Sync 1 DAGs
[2025-03-20T22:11:39.267+0000] {logging_mixin.py:188} INFO - [2025-03-20T22:11:39.266+0000] {dag.py:3823} INFO - Setting next_dagrun for example_short_circuit_operator to 2025-03-19 00:00:00+00:00, run_after=2025-03-20 00:00:00+00:00
[2025-03-20T22:11:39.300+0000] {processor.py:183} INFO - Processing /home/nord/venv/lib/python3.8/site-packages/airflow/example_dags/example_short_circuit_operator.py took 0.188 seconds
