[2025-03-20T22:02:04.696+0000] {processor.py:161} INFO - Started process (PID=1417) to work on /home/nord/venv/lib/python3.8/site-packages/airflow/example_dags/tutorial_dag.py
[2025-03-20T22:02:04.699+0000] {processor.py:830} INFO - Processing file /home/nord/venv/lib/python3.8/site-packages/airflow/example_dags/tutorial_dag.py for tasks to queue
[2025-03-20T22:02:04.700+0000] {logging_mixin.py:188} INFO - [2025-03-20T22:02:04.700+0000] {dagbag.py:538} INFO - Filling up the DagBag from /home/nord/venv/lib/python3.8/site-packages/airflow/example_dags/tutorial_dag.py
[2025-03-20T22:02:04.709+0000] {processor.py:840} INFO - DAG(s) 'tutorial_dag' retrieved from /home/nord/venv/lib/python3.8/site-packages/airflow/example_dags/tutorial_dag.py
[2025-03-20T22:02:04.764+0000] {logging_mixin.py:188} INFO - [2025-03-20T22:02:04.763+0000] {dag.py:3036} INFO - Sync 1 DAGs
[2025-03-20T22:02:04.785+0000] {logging_mixin.py:188} INFO - [2025-03-20T22:02:04.784+0000] {dag.py:3823} INFO - Setting next_dagrun for tutorial_dag to None, run_after=None
[2025-03-20T22:02:04.826+0000] {processor.py:183} INFO - Processing /home/nord/venv/lib/python3.8/site-packages/airflow/example_dags/tutorial_dag.py took 0.134 seconds
[2025-03-20T22:02:35.430+0000] {processor.py:161} INFO - Started process (PID=1756) to work on /home/nord/venv/lib/python3.8/site-packages/airflow/example_dags/tutorial_dag.py
[2025-03-20T22:02:35.433+0000] {processor.py:830} INFO - Processing file /home/nord/venv/lib/python3.8/site-packages/airflow/example_dags/tutorial_dag.py for tasks to queue
[2025-03-20T22:02:35.434+0000] {logging_mixin.py:188} INFO - [2025-03-20T22:02:35.434+0000] {dagbag.py:538} INFO - Filling up the DagBag from /home/nord/venv/lib/python3.8/site-packages/airflow/example_dags/tutorial_dag.py
[2025-03-20T22:02:35.470+0000] {processor.py:840} INFO - DAG(s) 'tutorial_dag' retrieved from /home/nord/venv/lib/python3.8/site-packages/airflow/example_dags/tutorial_dag.py
[2025-03-20T22:02:35.596+0000] {logging_mixin.py:188} INFO - [2025-03-20T22:02:35.596+0000] {dag.py:3036} INFO - Sync 1 DAGs
[2025-03-20T22:02:35.635+0000] {logging_mixin.py:188} INFO - [2025-03-20T22:02:35.635+0000] {dag.py:3823} INFO - Setting next_dagrun for tutorial_dag to None, run_after=None
[2025-03-20T22:02:35.705+0000] {processor.py:183} INFO - Processing /home/nord/venv/lib/python3.8/site-packages/airflow/example_dags/tutorial_dag.py took 0.297 seconds
[2025-03-20T22:03:08.919+0000] {processor.py:161} INFO - Started process (PID=2364) to work on /home/nord/venv/lib/python3.8/site-packages/airflow/example_dags/tutorial_dag.py
[2025-03-20T22:03:08.933+0000] {processor.py:830} INFO - Processing file /home/nord/venv/lib/python3.8/site-packages/airflow/example_dags/tutorial_dag.py for tasks to queue
[2025-03-20T22:03:08.935+0000] {logging_mixin.py:188} INFO - [2025-03-20T22:03:08.934+0000] {dagbag.py:538} INFO - Filling up the DagBag from /home/nord/venv/lib/python3.8/site-packages/airflow/example_dags/tutorial_dag.py
[2025-03-20T22:03:08.961+0000] {processor.py:840} INFO - DAG(s) 'tutorial_dag' retrieved from /home/nord/venv/lib/python3.8/site-packages/airflow/example_dags/tutorial_dag.py
[2025-03-20T22:03:09.213+0000] {logging_mixin.py:188} INFO - [2025-03-20T22:03:09.212+0000] {dag.py:3036} INFO - Sync 1 DAGs
[2025-03-20T22:03:09.293+0000] {logging_mixin.py:188} INFO - [2025-03-20T22:03:09.293+0000] {dag.py:3823} INFO - Setting next_dagrun for tutorial_dag to None, run_after=None
[2025-03-20T22:03:09.443+0000] {processor.py:183} INFO - Processing /home/nord/venv/lib/python3.8/site-packages/airflow/example_dags/tutorial_dag.py took 0.553 seconds
[2025-03-20T22:03:39.928+0000] {processor.py:161} INFO - Started process (PID=2785) to work on /home/nord/venv/lib/python3.8/site-packages/airflow/example_dags/tutorial_dag.py
[2025-03-20T22:03:39.933+0000] {processor.py:830} INFO - Processing file /home/nord/venv/lib/python3.8/site-packages/airflow/example_dags/tutorial_dag.py for tasks to queue
[2025-03-20T22:03:39.935+0000] {logging_mixin.py:188} INFO - [2025-03-20T22:03:39.934+0000] {dagbag.py:538} INFO - Filling up the DagBag from /home/nord/venv/lib/python3.8/site-packages/airflow/example_dags/tutorial_dag.py
[2025-03-20T22:03:39.947+0000] {processor.py:840} INFO - DAG(s) 'tutorial_dag' retrieved from /home/nord/venv/lib/python3.8/site-packages/airflow/example_dags/tutorial_dag.py
[2025-03-20T22:03:40.036+0000] {logging_mixin.py:188} INFO - [2025-03-20T22:03:40.036+0000] {dag.py:3036} INFO - Sync 1 DAGs
[2025-03-20T22:03:40.066+0000] {logging_mixin.py:188} INFO - [2025-03-20T22:03:40.065+0000] {dag.py:3823} INFO - Setting next_dagrun for tutorial_dag to None, run_after=None
[2025-03-20T22:03:40.105+0000] {processor.py:183} INFO - Processing /home/nord/venv/lib/python3.8/site-packages/airflow/example_dags/tutorial_dag.py took 0.186 seconds
[2025-03-20T22:04:10.592+0000] {processor.py:161} INFO - Started process (PID=3125) to work on /home/nord/venv/lib/python3.8/site-packages/airflow/example_dags/tutorial_dag.py
[2025-03-20T22:04:10.597+0000] {processor.py:830} INFO - Processing file /home/nord/venv/lib/python3.8/site-packages/airflow/example_dags/tutorial_dag.py for tasks to queue
[2025-03-20T22:04:10.599+0000] {logging_mixin.py:188} INFO - [2025-03-20T22:04:10.598+0000] {dagbag.py:538} INFO - Filling up the DagBag from /home/nord/venv/lib/python3.8/site-packages/airflow/example_dags/tutorial_dag.py
[2025-03-20T22:04:10.615+0000] {processor.py:840} INFO - DAG(s) 'tutorial_dag' retrieved from /home/nord/venv/lib/python3.8/site-packages/airflow/example_dags/tutorial_dag.py
[2025-03-20T22:04:10.700+0000] {logging_mixin.py:188} INFO - [2025-03-20T22:04:10.699+0000] {dag.py:3036} INFO - Sync 1 DAGs
[2025-03-20T22:04:10.722+0000] {logging_mixin.py:188} INFO - [2025-03-20T22:04:10.722+0000] {dag.py:3823} INFO - Setting next_dagrun for tutorial_dag to None, run_after=None
[2025-03-20T22:04:10.756+0000] {processor.py:183} INFO - Processing /home/nord/venv/lib/python3.8/site-packages/airflow/example_dags/tutorial_dag.py took 0.174 seconds
[2025-03-20T22:04:41.720+0000] {processor.py:161} INFO - Started process (PID=3453) to work on /home/nord/venv/lib/python3.8/site-packages/airflow/example_dags/tutorial_dag.py
[2025-03-20T22:04:41.729+0000] {processor.py:830} INFO - Processing file /home/nord/venv/lib/python3.8/site-packages/airflow/example_dags/tutorial_dag.py for tasks to queue
[2025-03-20T22:04:41.736+0000] {logging_mixin.py:188} INFO - [2025-03-20T22:04:41.735+0000] {dagbag.py:538} INFO - Filling up the DagBag from /home/nord/venv/lib/python3.8/site-packages/airflow/example_dags/tutorial_dag.py
[2025-03-20T22:04:41.787+0000] {processor.py:840} INFO - DAG(s) 'tutorial_dag' retrieved from /home/nord/venv/lib/python3.8/site-packages/airflow/example_dags/tutorial_dag.py
[2025-03-20T22:04:41.868+0000] {logging_mixin.py:188} INFO - [2025-03-20T22:04:41.867+0000] {dag.py:3036} INFO - Sync 1 DAGs
[2025-03-20T22:04:41.902+0000] {logging_mixin.py:188} INFO - [2025-03-20T22:04:41.901+0000] {dag.py:3823} INFO - Setting next_dagrun for tutorial_dag to None, run_after=None
[2025-03-20T22:04:41.954+0000] {processor.py:183} INFO - Processing /home/nord/venv/lib/python3.8/site-packages/airflow/example_dags/tutorial_dag.py took 0.260 seconds
[2025-03-20T22:05:12.664+0000] {processor.py:161} INFO - Started process (PID=3778) to work on /home/nord/venv/lib/python3.8/site-packages/airflow/example_dags/tutorial_dag.py
[2025-03-20T22:05:12.667+0000] {processor.py:830} INFO - Processing file /home/nord/venv/lib/python3.8/site-packages/airflow/example_dags/tutorial_dag.py for tasks to queue
[2025-03-20T22:05:12.669+0000] {logging_mixin.py:188} INFO - [2025-03-20T22:05:12.668+0000] {dagbag.py:538} INFO - Filling up the DagBag from /home/nord/venv/lib/python3.8/site-packages/airflow/example_dags/tutorial_dag.py
[2025-03-20T22:05:12.685+0000] {processor.py:840} INFO - DAG(s) 'tutorial_dag' retrieved from /home/nord/venv/lib/python3.8/site-packages/airflow/example_dags/tutorial_dag.py
[2025-03-20T22:05:12.772+0000] {logging_mixin.py:188} INFO - [2025-03-20T22:05:12.771+0000] {dag.py:3036} INFO - Sync 1 DAGs
[2025-03-20T22:05:12.826+0000] {logging_mixin.py:188} INFO - [2025-03-20T22:05:12.825+0000] {dag.py:3823} INFO - Setting next_dagrun for tutorial_dag to None, run_after=None
[2025-03-20T22:05:12.882+0000] {processor.py:183} INFO - Processing /home/nord/venv/lib/python3.8/site-packages/airflow/example_dags/tutorial_dag.py took 0.232 seconds
[2025-03-20T22:05:51.192+0000] {processor.py:161} INFO - Started process (PID=4382) to work on /home/nord/venv/lib/python3.8/site-packages/airflow/example_dags/tutorial_dag.py
[2025-03-20T22:05:51.194+0000] {processor.py:830} INFO - Processing file /home/nord/venv/lib/python3.8/site-packages/airflow/example_dags/tutorial_dag.py for tasks to queue
[2025-03-20T22:05:51.197+0000] {logging_mixin.py:188} INFO - [2025-03-20T22:05:51.196+0000] {dagbag.py:538} INFO - Filling up the DagBag from /home/nord/venv/lib/python3.8/site-packages/airflow/example_dags/tutorial_dag.py
[2025-03-20T22:05:51.205+0000] {processor.py:840} INFO - DAG(s) 'tutorial_dag' retrieved from /home/nord/venv/lib/python3.8/site-packages/airflow/example_dags/tutorial_dag.py
[2025-03-20T22:05:51.264+0000] {logging_mixin.py:188} INFO - [2025-03-20T22:05:51.264+0000] {dag.py:3036} INFO - Sync 1 DAGs
[2025-03-20T22:05:51.289+0000] {logging_mixin.py:188} INFO - [2025-03-20T22:05:51.289+0000] {dag.py:3823} INFO - Setting next_dagrun for tutorial_dag to None, run_after=None
[2025-03-20T22:05:51.334+0000] {processor.py:183} INFO - Processing /home/nord/venv/lib/python3.8/site-packages/airflow/example_dags/tutorial_dag.py took 0.147 seconds
[2025-03-20T22:06:22.110+0000] {processor.py:161} INFO - Started process (PID=4705) to work on /home/nord/venv/lib/python3.8/site-packages/airflow/example_dags/tutorial_dag.py
[2025-03-20T22:06:22.123+0000] {processor.py:830} INFO - Processing file /home/nord/venv/lib/python3.8/site-packages/airflow/example_dags/tutorial_dag.py for tasks to queue
[2025-03-20T22:06:22.126+0000] {logging_mixin.py:188} INFO - [2025-03-20T22:06:22.125+0000] {dagbag.py:538} INFO - Filling up the DagBag from /home/nord/venv/lib/python3.8/site-packages/airflow/example_dags/tutorial_dag.py
[2025-03-20T22:06:22.143+0000] {processor.py:840} INFO - DAG(s) 'tutorial_dag' retrieved from /home/nord/venv/lib/python3.8/site-packages/airflow/example_dags/tutorial_dag.py
[2025-03-20T22:06:22.214+0000] {logging_mixin.py:188} INFO - [2025-03-20T22:06:22.213+0000] {dag.py:3036} INFO - Sync 1 DAGs
[2025-03-20T22:06:22.239+0000] {logging_mixin.py:188} INFO - [2025-03-20T22:06:22.238+0000] {dag.py:3823} INFO - Setting next_dagrun for tutorial_dag to None, run_after=None
[2025-03-20T22:06:22.305+0000] {processor.py:183} INFO - Processing /home/nord/venv/lib/python3.8/site-packages/airflow/example_dags/tutorial_dag.py took 0.211 seconds
[2025-03-20T22:06:52.956+0000] {processor.py:161} INFO - Started process (PID=5028) to work on /home/nord/venv/lib/python3.8/site-packages/airflow/example_dags/tutorial_dag.py
[2025-03-20T22:06:52.958+0000] {processor.py:830} INFO - Processing file /home/nord/venv/lib/python3.8/site-packages/airflow/example_dags/tutorial_dag.py for tasks to queue
[2025-03-20T22:06:52.962+0000] {logging_mixin.py:188} INFO - [2025-03-20T22:06:52.959+0000] {dagbag.py:538} INFO - Filling up the DagBag from /home/nord/venv/lib/python3.8/site-packages/airflow/example_dags/tutorial_dag.py
[2025-03-20T22:06:52.979+0000] {processor.py:840} INFO - DAG(s) 'tutorial_dag' retrieved from /home/nord/venv/lib/python3.8/site-packages/airflow/example_dags/tutorial_dag.py
[2025-03-20T22:06:53.034+0000] {logging_mixin.py:188} INFO - [2025-03-20T22:06:53.034+0000] {dag.py:3036} INFO - Sync 1 DAGs
[2025-03-20T22:06:53.061+0000] {logging_mixin.py:188} INFO - [2025-03-20T22:06:53.059+0000] {dag.py:3823} INFO - Setting next_dagrun for tutorial_dag to None, run_after=None
[2025-03-20T22:06:53.104+0000] {processor.py:183} INFO - Processing /home/nord/venv/lib/python3.8/site-packages/airflow/example_dags/tutorial_dag.py took 0.154 seconds
[2025-03-20T22:07:24.148+0000] {processor.py:161} INFO - Started process (PID=5491) to work on /home/nord/venv/lib/python3.8/site-packages/airflow/example_dags/tutorial_dag.py
[2025-03-20T22:07:24.149+0000] {processor.py:830} INFO - Processing file /home/nord/venv/lib/python3.8/site-packages/airflow/example_dags/tutorial_dag.py for tasks to queue
[2025-03-20T22:07:24.151+0000] {logging_mixin.py:188} INFO - [2025-03-20T22:07:24.150+0000] {dagbag.py:538} INFO - Filling up the DagBag from /home/nord/venv/lib/python3.8/site-packages/airflow/example_dags/tutorial_dag.py
[2025-03-20T22:07:24.162+0000] {processor.py:840} INFO - DAG(s) 'tutorial_dag' retrieved from /home/nord/venv/lib/python3.8/site-packages/airflow/example_dags/tutorial_dag.py
[2025-03-20T22:07:24.220+0000] {logging_mixin.py:188} INFO - [2025-03-20T22:07:24.220+0000] {dag.py:3036} INFO - Sync 1 DAGs
[2025-03-20T22:07:24.248+0000] {logging_mixin.py:188} INFO - [2025-03-20T22:07:24.248+0000] {dag.py:3823} INFO - Setting next_dagrun for tutorial_dag to None, run_after=None
[2025-03-20T22:07:24.293+0000] {processor.py:183} INFO - Processing /home/nord/venv/lib/python3.8/site-packages/airflow/example_dags/tutorial_dag.py took 0.153 seconds
[2025-03-20T22:07:54.491+0000] {processor.py:161} INFO - Started process (PID=5824) to work on /home/nord/venv/lib/python3.8/site-packages/airflow/example_dags/tutorial_dag.py
[2025-03-20T22:07:54.496+0000] {processor.py:830} INFO - Processing file /home/nord/venv/lib/python3.8/site-packages/airflow/example_dags/tutorial_dag.py for tasks to queue
[2025-03-20T22:07:54.498+0000] {logging_mixin.py:188} INFO - [2025-03-20T22:07:54.498+0000] {dagbag.py:538} INFO - Filling up the DagBag from /home/nord/venv/lib/python3.8/site-packages/airflow/example_dags/tutorial_dag.py
[2025-03-20T22:07:54.510+0000] {processor.py:840} INFO - DAG(s) 'tutorial_dag' retrieved from /home/nord/venv/lib/python3.8/site-packages/airflow/example_dags/tutorial_dag.py
[2025-03-20T22:07:54.577+0000] {logging_mixin.py:188} INFO - [2025-03-20T22:07:54.577+0000] {dag.py:3036} INFO - Sync 1 DAGs
[2025-03-20T22:07:54.603+0000] {logging_mixin.py:188} INFO - [2025-03-20T22:07:54.602+0000] {dag.py:3823} INFO - Setting next_dagrun for tutorial_dag to None, run_after=None
[2025-03-20T22:07:54.646+0000] {processor.py:183} INFO - Processing /home/nord/venv/lib/python3.8/site-packages/airflow/example_dags/tutorial_dag.py took 0.159 seconds
[2025-03-20T22:08:25.075+0000] {processor.py:161} INFO - Started process (PID=6156) to work on /home/nord/venv/lib/python3.8/site-packages/airflow/example_dags/tutorial_dag.py
[2025-03-20T22:08:25.077+0000] {processor.py:830} INFO - Processing file /home/nord/venv/lib/python3.8/site-packages/airflow/example_dags/tutorial_dag.py for tasks to queue
[2025-03-20T22:08:25.080+0000] {logging_mixin.py:188} INFO - [2025-03-20T22:08:25.078+0000] {dagbag.py:538} INFO - Filling up the DagBag from /home/nord/venv/lib/python3.8/site-packages/airflow/example_dags/tutorial_dag.py
[2025-03-20T22:08:25.099+0000] {processor.py:840} INFO - DAG(s) 'tutorial_dag' retrieved from /home/nord/venv/lib/python3.8/site-packages/airflow/example_dags/tutorial_dag.py
[2025-03-20T22:08:25.191+0000] {logging_mixin.py:188} INFO - [2025-03-20T22:08:25.190+0000] {dag.py:3036} INFO - Sync 1 DAGs
[2025-03-20T22:08:25.236+0000] {logging_mixin.py:188} INFO - [2025-03-20T22:08:25.235+0000] {dag.py:3823} INFO - Setting next_dagrun for tutorial_dag to None, run_after=None
[2025-03-20T22:08:25.299+0000] {processor.py:183} INFO - Processing /home/nord/venv/lib/python3.8/site-packages/airflow/example_dags/tutorial_dag.py took 0.237 seconds
[2025-03-20T22:08:56.305+0000] {processor.py:161} INFO - Started process (PID=6504) to work on /home/nord/venv/lib/python3.8/site-packages/airflow/example_dags/tutorial_dag.py
[2025-03-20T22:08:56.312+0000] {processor.py:830} INFO - Processing file /home/nord/venv/lib/python3.8/site-packages/airflow/example_dags/tutorial_dag.py for tasks to queue
[2025-03-20T22:08:56.313+0000] {logging_mixin.py:188} INFO - [2025-03-20T22:08:56.312+0000] {dagbag.py:538} INFO - Filling up the DagBag from /home/nord/venv/lib/python3.8/site-packages/airflow/example_dags/tutorial_dag.py
[2025-03-20T22:08:56.330+0000] {processor.py:840} INFO - DAG(s) 'tutorial_dag' retrieved from /home/nord/venv/lib/python3.8/site-packages/airflow/example_dags/tutorial_dag.py
[2025-03-20T22:08:56.390+0000] {logging_mixin.py:188} INFO - [2025-03-20T22:08:56.389+0000] {dag.py:3036} INFO - Sync 1 DAGs
[2025-03-20T22:08:56.416+0000] {logging_mixin.py:188} INFO - [2025-03-20T22:08:56.416+0000] {dag.py:3823} INFO - Setting next_dagrun for tutorial_dag to None, run_after=None
[2025-03-20T22:08:56.498+0000] {processor.py:183} INFO - Processing /home/nord/venv/lib/python3.8/site-packages/airflow/example_dags/tutorial_dag.py took 0.203 seconds
[2025-03-20T22:09:26.634+0000] {processor.py:161} INFO - Started process (PID=6904) to work on /home/nord/venv/lib/python3.8/site-packages/airflow/example_dags/tutorial_dag.py
[2025-03-20T22:09:26.638+0000] {processor.py:830} INFO - Processing file /home/nord/venv/lib/python3.8/site-packages/airflow/example_dags/tutorial_dag.py for tasks to queue
[2025-03-20T22:09:26.640+0000] {logging_mixin.py:188} INFO - [2025-03-20T22:09:26.640+0000] {dagbag.py:538} INFO - Filling up the DagBag from /home/nord/venv/lib/python3.8/site-packages/airflow/example_dags/tutorial_dag.py
[2025-03-20T22:09:26.650+0000] {processor.py:840} INFO - DAG(s) 'tutorial_dag' retrieved from /home/nord/venv/lib/python3.8/site-packages/airflow/example_dags/tutorial_dag.py
[2025-03-20T22:09:26.698+0000] {logging_mixin.py:188} INFO - [2025-03-20T22:09:26.697+0000] {dag.py:3036} INFO - Sync 1 DAGs
[2025-03-20T22:09:26.728+0000] {logging_mixin.py:188} INFO - [2025-03-20T22:09:26.727+0000] {dag.py:3823} INFO - Setting next_dagrun for tutorial_dag to None, run_after=None
[2025-03-20T22:09:26.848+0000] {processor.py:183} INFO - Processing /home/nord/venv/lib/python3.8/site-packages/airflow/example_dags/tutorial_dag.py took 0.223 seconds
[2025-03-20T22:09:57.318+0000] {processor.py:161} INFO - Started process (PID=7264) to work on /home/nord/venv/lib/python3.8/site-packages/airflow/example_dags/tutorial_dag.py
[2025-03-20T22:09:57.328+0000] {processor.py:830} INFO - Processing file /home/nord/venv/lib/python3.8/site-packages/airflow/example_dags/tutorial_dag.py for tasks to queue
[2025-03-20T22:09:57.331+0000] {logging_mixin.py:188} INFO - [2025-03-20T22:09:57.330+0000] {dagbag.py:538} INFO - Filling up the DagBag from /home/nord/venv/lib/python3.8/site-packages/airflow/example_dags/tutorial_dag.py
[2025-03-20T22:09:57.344+0000] {processor.py:840} INFO - DAG(s) 'tutorial_dag' retrieved from /home/nord/venv/lib/python3.8/site-packages/airflow/example_dags/tutorial_dag.py
[2025-03-20T22:09:57.423+0000] {logging_mixin.py:188} INFO - [2025-03-20T22:09:57.422+0000] {dag.py:3036} INFO - Sync 1 DAGs
[2025-03-20T22:09:57.453+0000] {logging_mixin.py:188} INFO - [2025-03-20T22:09:57.452+0000] {dag.py:3823} INFO - Setting next_dagrun for tutorial_dag to None, run_after=None
[2025-03-20T22:09:57.496+0000] {processor.py:183} INFO - Processing /home/nord/venv/lib/python3.8/site-packages/airflow/example_dags/tutorial_dag.py took 0.197 seconds
[2025-03-20T22:10:27.863+0000] {processor.py:161} INFO - Started process (PID=7616) to work on /home/nord/venv/lib/python3.8/site-packages/airflow/example_dags/tutorial_dag.py
[2025-03-20T22:10:27.865+0000] {processor.py:830} INFO - Processing file /home/nord/venv/lib/python3.8/site-packages/airflow/example_dags/tutorial_dag.py for tasks to queue
[2025-03-20T22:10:27.866+0000] {logging_mixin.py:188} INFO - [2025-03-20T22:10:27.866+0000] {dagbag.py:538} INFO - Filling up the DagBag from /home/nord/venv/lib/python3.8/site-packages/airflow/example_dags/tutorial_dag.py
[2025-03-20T22:10:27.877+0000] {processor.py:840} INFO - DAG(s) 'tutorial_dag' retrieved from /home/nord/venv/lib/python3.8/site-packages/airflow/example_dags/tutorial_dag.py
[2025-03-20T22:10:27.930+0000] {logging_mixin.py:188} INFO - [2025-03-20T22:10:27.930+0000] {dag.py:3036} INFO - Sync 1 DAGs
[2025-03-20T22:10:27.958+0000] {logging_mixin.py:188} INFO - [2025-03-20T22:10:27.958+0000] {dag.py:3823} INFO - Setting next_dagrun for tutorial_dag to None, run_after=None
[2025-03-20T22:10:27.996+0000] {processor.py:183} INFO - Processing /home/nord/venv/lib/python3.8/site-packages/airflow/example_dags/tutorial_dag.py took 0.139 seconds
[2025-03-20T22:10:58.184+0000] {processor.py:161} INFO - Started process (PID=7944) to work on /home/nord/venv/lib/python3.8/site-packages/airflow/example_dags/tutorial_dag.py
[2025-03-20T22:10:58.186+0000] {processor.py:830} INFO - Processing file /home/nord/venv/lib/python3.8/site-packages/airflow/example_dags/tutorial_dag.py for tasks to queue
[2025-03-20T22:10:58.191+0000] {logging_mixin.py:188} INFO - [2025-03-20T22:10:58.190+0000] {dagbag.py:538} INFO - Filling up the DagBag from /home/nord/venv/lib/python3.8/site-packages/airflow/example_dags/tutorial_dag.py
[2025-03-20T22:10:58.200+0000] {processor.py:840} INFO - DAG(s) 'tutorial_dag' retrieved from /home/nord/venv/lib/python3.8/site-packages/airflow/example_dags/tutorial_dag.py
[2025-03-20T22:10:58.257+0000] {logging_mixin.py:188} INFO - [2025-03-20T22:10:58.257+0000] {dag.py:3036} INFO - Sync 1 DAGs
[2025-03-20T22:10:58.283+0000] {logging_mixin.py:188} INFO - [2025-03-20T22:10:58.282+0000] {dag.py:3823} INFO - Setting next_dagrun for tutorial_dag to None, run_after=None
[2025-03-20T22:10:58.325+0000] {processor.py:183} INFO - Processing /home/nord/venv/lib/python3.8/site-packages/airflow/example_dags/tutorial_dag.py took 0.149 seconds
[2025-03-20T22:11:28.752+0000] {processor.py:161} INFO - Started process (PID=8266) to work on /home/nord/venv/lib/python3.8/site-packages/airflow/example_dags/tutorial_dag.py
[2025-03-20T22:11:28.754+0000] {processor.py:830} INFO - Processing file /home/nord/venv/lib/python3.8/site-packages/airflow/example_dags/tutorial_dag.py for tasks to queue
[2025-03-20T22:11:28.756+0000] {logging_mixin.py:188} INFO - [2025-03-20T22:11:28.755+0000] {dagbag.py:538} INFO - Filling up the DagBag from /home/nord/venv/lib/python3.8/site-packages/airflow/example_dags/tutorial_dag.py
[2025-03-20T22:11:28.776+0000] {processor.py:840} INFO - DAG(s) 'tutorial_dag' retrieved from /home/nord/venv/lib/python3.8/site-packages/airflow/example_dags/tutorial_dag.py
[2025-03-20T22:11:28.855+0000] {logging_mixin.py:188} INFO - [2025-03-20T22:11:28.855+0000] {dag.py:3036} INFO - Sync 1 DAGs
[2025-03-20T22:11:28.877+0000] {logging_mixin.py:188} INFO - [2025-03-20T22:11:28.877+0000] {dag.py:3823} INFO - Setting next_dagrun for tutorial_dag to None, run_after=None
[2025-03-20T22:11:28.913+0000] {processor.py:183} INFO - Processing /home/nord/venv/lib/python3.8/site-packages/airflow/example_dags/tutorial_dag.py took 0.174 seconds
