[2025-05-11T18:23:26.953+0100] {taskinstance.py:1956} INFO - Dependencies all met for dep_context=non-requeueable deps ti=<TaskInstance: Google_map.transform_phase_2_task manual__2025-05-11T17:00:07.292955+00:00 [queued]>
[2025-05-11T18:23:26.966+0100] {taskinstance.py:1956} INFO - Dependencies all met for dep_context=requeueable deps ti=<TaskInstance: Google_map.transform_phase_2_task manual__2025-05-11T17:00:07.292955+00:00 [queued]>
[2025-05-11T18:23:26.966+0100] {taskinstance.py:2170} INFO - Starting attempt 1 of 2
[2025-05-11T18:23:26.992+0100] {taskinstance.py:2191} INFO - Executing <Task(PythonOperator): transform_phase_2_task> on 2025-05-11 17:00:07.292955+00:00
[2025-05-11T18:23:26.998+0100] {standard_task_runner.py:60} INFO - Started process 18319 to run task
[2025-05-11T18:23:27.006+0100] {standard_task_runner.py:87} INFO - Running: ['airflow', 'tasks', 'run', 'Google_map', 'transform_phase_2_task', 'manual__2025-05-11T17:00:07.292955+00:00', '--job-id', '316', '--raw', '--subdir', 'DAGS_FOLDER/google_map_dag_etl.py', '--cfg-path', '/tmp/tmp1oj4bgkb']
[2025-05-11T18:23:27.009+0100] {standard_task_runner.py:88} INFO - Job 316: Subtask transform_phase_2_task
[2025-05-11T18:23:27.142+0100] {task_command.py:423} INFO - Running <TaskInstance: Google_map.transform_phase_2_task manual__2025-05-11T17:00:07.292955+00:00 [running]> on host DESKTOP-AVAHALM.
[2025-05-11T18:23:27.375+0100] {taskinstance.py:2480} INFO - Exporting env vars: AIRFLOW_CTX_DAG_OWNER='master_m2si' AIRFLOW_CTX_DAG_ID='Google_map' AIRFLOW_CTX_TASK_ID='transform_phase_2_task' AIRFLOW_CTX_EXECUTION_DATE='2025-05-11T17:00:07.292955+00:00' AIRFLOW_CTX_TRY_NUMBER='1' AIRFLOW_CTX_DAG_RUN_ID='manual__2025-05-11T17:00:07.292955+00:00'
[2025-05-11T18:23:42.460+0100] {logging_mixin.py:188} WARNING - [nltk_data] Downloading package punkt to /home/nord/nltk_data...
[2025-05-11T18:23:42.559+0100] {logging_mixin.py:188} WARNING - [nltk_data]   Package punkt is already up-to-date!
[2025-05-11T18:23:42.561+0100] {logging_mixin.py:188} WARNING - [nltk_data] Downloading package stopwords to /home/nord/nltk_data...
[2025-05-11T18:23:42.565+0100] {logging_mixin.py:188} WARNING - [nltk_data]   Package stopwords is already up-to-date!
[2025-05-11T18:23:44.157+0100] {transform_phase_2.py:140} INFO - Added 'language' column.
[2025-05-11T18:23:44.165+0100] {transform_phase_2.py:140} INFO - Added 'sentiment' column.
[2025-05-11T18:23:44.172+0100] {transform_phase_2.py:140} INFO - Added 'relative_topic' column.
[2025-05-11T18:23:44.178+0100] {transform_phase_2.py:140} INFO - Added 'topic_meaning' column.
[2025-05-11T18:24:27.660+0100] {dictionary.py:201} INFO - adding document #0 to Dictionary<0 unique tokens: []>
[2025-05-11T18:24:27.671+0100] {dictionary.py:206} INFO - built Dictionary<1447 unique tokens: ['500dhs', 'a', 'bancaire', 'bon', 'cest']...> from 154 documents (total 3154 corpus positions)
[2025-05-11T18:24:27.691+0100] {utils.py:447} INFO - Dictionary lifecycle event {'msg': "built Dictionary<1447 unique tokens: ['500dhs', 'a', 'bancaire', 'bon', 'cest']...> from 154 documents (total 3154 corpus positions)", 'datetime': '2025-05-11T18:24:27.672539', 'gensim': '4.3.3', 'python': '3.8.10 (default, Jan 17 2025, 14:40:23) \n[GCC 9.4.0]', 'platform': 'Linux-5.15.133.1-microsoft-standard-WSL2-x86_64-with-glibc2.29', 'event': 'created'}
[2025-05-11T18:24:27.696+0100] {ldamodel.py:596} INFO - using autotuned alpha, starting with [0.2, 0.2, 0.2, 0.2, 0.2]
[2025-05-11T18:24:27.698+0100] {ldamodel.py:482} INFO - using serial LDA version on this node
[2025-05-11T18:24:27.700+0100] {ldamodel.py:948} INFO - running online (multi-pass) LDA training, 5 topics, 15 passes over the supplied corpus of 154 documents, updating model once every 154 documents, evaluating perplexity every 154 documents, iterating 50x with a convergence threshold of 0.001000
[2025-05-11T18:24:28.062+0100] {ldamodel.py:848} INFO - -9.482 per-word bound, 715.2 perplexity estimate based on a held-out corpus of 154 documents with 3154 words
[2025-05-11T18:24:28.063+0100] {ldamodel.py:1002} INFO - PROGRESS: pass 0, at document #154/154
[2025-05-11T18:24:28.198+0100] {ldamodel.py:795} INFO - optimized alpha [0.14594562, 0.18639034, 0.18494351, 0.16729903, 0.13801186]
[2025-05-11T18:24:28.201+0100] {ldamodel.py:1197} INFO - topic #0 (0.146): 0.025*"service" + 0.015*"client" + 0.012*"plus" + 0.011*"banque" + 0.011*"a" + 0.006*"car" + 0.005*"si" + 0.005*"personne" + 0.005*"très" + 0.005*"carte"
[2025-05-11T18:24:28.202+0100] {ldamodel.py:1197} INFO - topic #1 (0.186): 0.023*"service" + 0.016*"banque" + 0.010*"jai" + 0.009*"a" + 0.007*"client" + 0.007*"toujours" + 0.006*"compte" + 0.006*"nest" + 0.006*"services" + 0.006*"contacts"
[2025-05-11T18:24:28.203+0100] {ldamodel.py:1197} INFO - topic #2 (0.185): 0.018*"banque" + 0.011*"jai" + 0.010*"a" + 0.009*"compte" + 0.009*"ni" + 0.009*"cette" + 0.007*"agence" + 0.007*"plus" + 0.007*"cela" + 0.006*"si"
[2025-05-11T18:24:28.203+0100] {ldamodel.py:1197} INFO - topic #3 (0.167): 0.028*"banque" + 0.011*"cette" + 0.010*"plus" + 0.008*"jai" + 0.008*"personnel" + 0.007*"service" + 0.007*"compte" + 0.007*"lagence" + 0.006*"recommande" + 0.006*"niveau"
[2025-05-11T18:24:28.204+0100] {ldamodel.py:1197} INFO - topic #4 (0.138): 0.013*"service" + 0.011*"très" + 0.009*"banque" + 0.008*"personne" + 0.008*"cest" + 0.007*"a" + 0.007*"cette" + 0.007*"clients" + 0.007*"manque" + 0.006*"bank"
[2025-05-11T18:24:28.205+0100] {ldamodel.py:1075} INFO - topic diff=2.528388, rho=1.000000
[2025-05-11T18:24:28.276+0100] {ldamodel.py:848} INFO - -7.422 per-word bound, 171.4 perplexity estimate based on a held-out corpus of 154 documents with 3154 words
[2025-05-11T18:24:28.277+0100] {ldamodel.py:1002} INFO - PROGRESS: pass 1, at document #154/154
[2025-05-11T18:24:28.325+0100] {ldamodel.py:795} INFO - optimized alpha [0.11647413, 0.153884, 0.1513625, 0.12938775, 0.1093834]
[2025-05-11T18:24:28.326+0100] {ldamodel.py:1197} INFO - topic #0 (0.116): 0.025*"service" + 0.014*"client" + 0.012*"plus" + 0.011*"banque" + 0.011*"a" + 0.006*"personne" + 0.006*"si" + 0.006*"mauvais" + 0.005*"car" + 0.005*"très"
[2025-05-11T18:24:28.327+0100] {ldamodel.py:1197} INFO - topic #1 (0.154): 0.024*"service" + 0.015*"banque" + 0.011*"jai" + 0.010*"a" + 0.008*"client" + 0.006*"toujours" + 0.006*"nest" + 0.006*"services" + 0.006*"fois" + 0.005*"contacts"
[2025-05-11T18:24:28.327+0100] {ldamodel.py:1197} INFO - topic #2 (0.151): 0.018*"banque" + 0.011*"jai" + 0.010*"cette" + 0.010*"a" + 0.009*"compte" + 0.009*"ni" + 0.008*"agence" + 0.007*"sans" + 0.007*"plus" + 0.007*"cela"
[2025-05-11T18:24:28.327+0100] {ldamodel.py:1197} INFO - topic #3 (0.129): 0.029*"banque" + 0.011*"plus" + 0.010*"cette" + 0.009*"jai" + 0.008*"personnel" + 0.008*"compte" + 0.006*"service" + 0.006*"lagence" + 0.006*"carte" + 0.006*"recommande"
[2025-05-11T18:24:28.328+0100] {ldamodel.py:1197} INFO - topic #4 (0.109): 0.014*"service" + 0.012*"très" + 0.010*"banque" + 0.009*"cest" + 0.008*"personne" + 0.008*"manque" + 0.008*"a" + 0.007*"clients" + 0.007*"bank" + 0.007*"vraiment"
[2025-05-11T18:24:28.328+0100] {ldamodel.py:1075} INFO - topic diff=0.356045, rho=0.577350
[2025-05-11T18:24:28.426+0100] {ldamodel.py:848} INFO - -7.249 per-word bound, 152.1 perplexity estimate based on a held-out corpus of 154 documents with 3154 words
[2025-05-11T18:24:28.426+0100] {ldamodel.py:1002} INFO - PROGRESS: pass 2, at document #154/154
[2025-05-11T18:24:28.461+0100] {ldamodel.py:795} INFO - optimized alpha [0.0990813, 0.13413627, 0.13085589, 0.1083481, 0.092854194]
[2025-05-11T18:24:28.462+0100] {ldamodel.py:1197} INFO - topic #0 (0.099): 0.025*"service" + 0.013*"client" + 0.012*"plus" + 0.011*"banque" + 0.011*"a" + 0.007*"personne" + 0.006*"si" + 0.006*"mauvais" + 0.005*"lagence" + 0.005*"car"
[2025-05-11T18:24:28.463+0100] {ldamodel.py:1197} INFO - topic #1 (0.134): 0.025*"service" + 0.014*"banque" + 0.011*"jai" + 0.010*"a" + 0.009*"client" + 0.006*"nest" + 0.006*"toujours" + 0.006*"services" + 0.006*"fois" + 0.005*"contacts"
[2025-05-11T18:24:28.464+0100] {ldamodel.py:1197} INFO - topic #2 (0.131): 0.018*"banque" + 0.011*"jai" + 0.010*"cette" + 0.010*"compte" + 0.010*"a" + 0.009*"ni" + 0.008*"agence" + 0.008*"sans" + 0.007*"plus" + 0.007*"cela"
[2025-05-11T18:24:28.464+0100] {ldamodel.py:1197} INFO - topic #3 (0.108): 0.030*"banque" + 0.011*"plus" + 0.010*"cette" + 0.009*"jai" + 0.008*"personnel" + 0.008*"compte" + 0.006*"carte" + 0.006*"service" + 0.006*"lagence" + 0.006*"recommande"
[2025-05-11T18:24:28.465+0100] {ldamodel.py:1197} INFO - topic #4 (0.093): 0.014*"service" + 0.013*"très" + 0.010*"banque" + 0.009*"cest" + 0.008*"personne" + 0.008*"a" + 0.008*"manque" + 0.007*"clients" + 0.007*"bank" + 0.006*"vraiment"
[2025-05-11T18:24:28.465+0100] {ldamodel.py:1075} INFO - topic diff=0.217455, rho=0.500000
[2025-05-11T18:24:28.522+0100] {ldamodel.py:848} INFO - -7.190 per-word bound, 146.0 perplexity estimate based on a held-out corpus of 154 documents with 3154 words
[2025-05-11T18:24:28.523+0100] {ldamodel.py:1002} INFO - PROGRESS: pass 3, at document #154/154
[2025-05-11T18:24:28.560+0100] {ldamodel.py:795} INFO - optimized alpha [0.08783065, 0.11953407, 0.11674299, 0.09486891, 0.08182264]
[2025-05-11T18:24:28.563+0100] {ldamodel.py:1197} INFO - topic #0 (0.088): 0.025*"service" + 0.012*"client" + 0.012*"plus" + 0.011*"banque" + 0.010*"a" + 0.007*"personne" + 0.006*"si" + 0.006*"mauvais" + 0.005*"lagence" + 0.005*"car"
[2025-05-11T18:24:28.563+0100] {ldamodel.py:1197} INFO - topic #1 (0.120): 0.025*"service" + 0.013*"banque" + 0.011*"a" + 0.010*"jai" + 0.009*"client" + 0.006*"nest" + 0.006*"toujours" + 0.006*"services" + 0.006*"fois" + 0.005*"cette"
[2025-05-11T18:24:28.564+0100] {ldamodel.py:1197} INFO - topic #2 (0.117): 0.018*"banque" + 0.011*"jai" + 0.010*"cette" + 0.010*"compte" + 0.009*"a" + 0.009*"ni" + 0.008*"sans" + 0.008*"agence" + 0.007*"plus" + 0.007*"cela"
[2025-05-11T18:24:28.564+0100] {ldamodel.py:1197} INFO - topic #3 (0.095): 0.030*"banque" + 0.011*"plus" + 0.010*"cette" + 0.009*"jai" + 0.008*"personnel" + 0.008*"compte" + 0.007*"carte" + 0.006*"service" + 0.006*"lagence" + 0.006*"recommande"
[2025-05-11T18:24:28.564+0100] {ldamodel.py:1197} INFO - topic #4 (0.082): 0.014*"service" + 0.013*"très" + 0.011*"banque" + 0.009*"cest" + 0.008*"personne" + 0.008*"a" + 0.007*"manque" + 0.007*"clients" + 0.007*"bank" + 0.006*"vraiment"
[2025-05-11T18:24:28.565+0100] {ldamodel.py:1075} INFO - topic diff=0.133198, rho=0.447214
[2025-05-11T18:24:28.632+0100] {ldamodel.py:848} INFO - -7.165 per-word bound, 143.5 perplexity estimate based on a held-out corpus of 154 documents with 3154 words
[2025-05-11T18:24:28.632+0100] {ldamodel.py:1002} INFO - PROGRESS: pass 4, at document #154/154
[2025-05-11T18:24:28.672+0100] {ldamodel.py:795} INFO - optimized alpha [0.079596415, 0.10881408, 0.10590924, 0.08528368, 0.07378479]
[2025-05-11T18:24:28.674+0100] {ldamodel.py:1197} INFO - topic #0 (0.080): 0.024*"service" + 0.012*"plus" + 0.012*"client" + 0.011*"banque" + 0.010*"a" + 0.007*"personne" + 0.006*"si" + 0.006*"mauvais" + 0.006*"lagence" + 0.005*"car"
[2025-05-11T18:24:28.674+0100] {ldamodel.py:1197} INFO - topic #1 (0.109): 0.025*"service" + 0.013*"banque" + 0.011*"a" + 0.010*"jai" + 0.009*"client" + 0.006*"nest" + 0.006*"toujours" + 0.006*"services" + 0.006*"fois" + 0.006*"cette"
[2025-05-11T18:24:28.675+0100] {ldamodel.py:1197} INFO - topic #2 (0.106): 0.018*"banque" + 0.011*"jai" + 0.010*"compte" + 0.010*"cette" + 0.009*"a" + 0.009*"ni" + 0.008*"sans" + 0.007*"agence" + 0.007*"plus" + 0.007*"cela"
[2025-05-11T18:24:28.675+0100] {ldamodel.py:1197} INFO - topic #3 (0.085): 0.030*"banque" + 0.011*"plus" + 0.010*"cette" + 0.010*"jai" + 0.008*"personnel" + 0.008*"compte" + 0.007*"carte" + 0.006*"service" + 0.006*"lagence" + 0.006*"recommande"
[2025-05-11T18:24:28.675+0100] {ldamodel.py:1197} INFO - topic #4 (0.074): 0.014*"service" + 0.013*"très" + 0.011*"banque" + 0.009*"cest" + 0.008*"personne" + 0.008*"a" + 0.007*"manque" + 0.007*"clients" + 0.007*"bank" + 0.006*"vraiment"
[2025-05-11T18:24:28.676+0100] {ldamodel.py:1075} INFO - topic diff=0.083888, rho=0.408248
[2025-05-11T18:24:28.789+0100] {ldamodel.py:848} INFO - -7.153 per-word bound, 142.3 perplexity estimate based on a held-out corpus of 154 documents with 3154 words
[2025-05-11T18:24:28.792+0100] {ldamodel.py:1002} INFO - PROGRESS: pass 5, at document #154/154
[2025-05-11T18:24:28.947+0100] {ldamodel.py:795} INFO - optimized alpha [0.073224224, 0.10022992, 0.09756053, 0.0780157, 0.06758827]
[2025-05-11T18:24:28.949+0100] {ldamodel.py:1197} INFO - topic #0 (0.073): 0.024*"service" + 0.012*"plus" + 0.012*"client" + 0.011*"banque" + 0.010*"a" + 0.007*"personne" + 0.007*"si" + 0.006*"mauvais" + 0.006*"lagence" + 0.005*"car"
[2025-05-11T18:24:28.950+0100] {ldamodel.py:1197} INFO - topic #1 (0.100): 0.025*"service" + 0.013*"banque" + 0.011*"a" + 0.010*"jai" + 0.009*"client" + 0.006*"nest" + 0.006*"toujours" + 0.006*"services" + 0.006*"fois" + 0.006*"cette"
[2025-05-11T18:24:28.950+0100] {ldamodel.py:1197} INFO - topic #2 (0.098): 0.018*"banque" + 0.011*"jai" + 0.010*"compte" + 0.010*"cette" + 0.009*"a" + 0.009*"ni" + 0.008*"sans" + 0.007*"plus" + 0.007*"agence" + 0.006*"cela"
[2025-05-11T18:24:28.951+0100] {ldamodel.py:1197} INFO - topic #3 (0.078): 0.030*"banque" + 0.010*"plus" + 0.010*"cette" + 0.010*"jai" + 0.008*"personnel" + 0.008*"compte" + 0.007*"carte" + 0.006*"service" + 0.006*"lagence" + 0.006*"recommande"
[2025-05-11T18:24:28.951+0100] {ldamodel.py:1197} INFO - topic #4 (0.068): 0.014*"service" + 0.014*"très" + 0.011*"banque" + 0.009*"cest" + 0.008*"personne" + 0.008*"a" + 0.007*"manque" + 0.007*"clients" + 0.007*"bank" + 0.006*"vraiment"
[2025-05-11T18:24:28.952+0100] {ldamodel.py:1075} INFO - topic diff=0.053410, rho=0.377964
[2025-05-11T18:24:29.014+0100] {ldamodel.py:848} INFO - -7.146 per-word bound, 141.7 perplexity estimate based on a held-out corpus of 154 documents with 3154 words
[2025-05-11T18:24:29.014+0100] {ldamodel.py:1002} INFO - PROGRESS: pass 6, at document #154/154
[2025-05-11T18:24:29.043+0100] {ldamodel.py:795} INFO - optimized alpha [0.06810536, 0.09339717, 0.09087914, 0.07226034, 0.062471688]
[2025-05-11T18:24:29.044+0100] {ldamodel.py:1197} INFO - topic #0 (0.068): 0.024*"service" + 0.012*"plus" + 0.012*"client" + 0.011*"banque" + 0.010*"a" + 0.007*"personne" + 0.007*"si" + 0.006*"mauvais" + 0.006*"lagence" + 0.005*"car"
[2025-05-11T18:24:29.047+0100] {ldamodel.py:1197} INFO - topic #1 (0.093): 0.025*"service" + 0.013*"banque" + 0.011*"a" + 0.010*"jai" + 0.009*"client" + 0.006*"nest" + 0.006*"toujours" + 0.006*"services" + 0.006*"fois" + 0.006*"cette"
[2025-05-11T18:24:29.047+0100] {ldamodel.py:1197} INFO - topic #2 (0.091): 0.019*"banque" + 0.011*"jai" + 0.010*"compte" + 0.009*"cette" + 0.009*"a" + 0.009*"ni" + 0.008*"sans" + 0.007*"plus" + 0.007*"agence" + 0.006*"cela"
[2025-05-11T18:24:29.048+0100] {ldamodel.py:1197} INFO - topic #3 (0.072): 0.030*"banque" + 0.010*"plus" + 0.010*"cette" + 0.010*"jai" + 0.008*"personnel" + 0.008*"compte" + 0.007*"carte" + 0.006*"service" + 0.006*"lagence" + 0.006*"recommande"
[2025-05-11T18:24:29.049+0100] {ldamodel.py:1197} INFO - topic #4 (0.062): 0.014*"service" + 0.014*"très" + 0.011*"banque" + 0.009*"cest" + 0.008*"personne" + 0.008*"a" + 0.007*"manque" + 0.007*"clients" + 0.007*"bank" + 0.006*"vraiment"
[2025-05-11T18:24:29.050+0100] {ldamodel.py:1075} INFO - topic diff=0.034688, rho=0.353553
[2025-05-11T18:24:29.172+0100] {ldamodel.py:848} INFO - -7.142 per-word bound, 141.2 perplexity estimate based on a held-out corpus of 154 documents with 3154 words
[2025-05-11T18:24:29.172+0100] {ldamodel.py:1002} INFO - PROGRESS: pass 7, at document #154/154
[2025-05-11T18:24:29.277+0100] {ldamodel.py:795} INFO - optimized alpha [0.063725844, 0.08800671, 0.08560348, 0.0674062, 0.058291297]
[2025-05-11T18:24:29.283+0100] {ldamodel.py:1197} INFO - topic #0 (0.064): 0.024*"service" + 0.012*"plus" + 0.011*"client" + 0.011*"banque" + 0.010*"a" + 0.007*"personne" + 0.007*"si" + 0.006*"mauvais" + 0.006*"lagence" + 0.006*"car"
[2025-05-11T18:24:29.284+0100] {ldamodel.py:1197} INFO - topic #1 (0.088): 0.025*"service" + 0.013*"banque" + 0.011*"a" + 0.010*"jai" + 0.009*"client" + 0.006*"nest" + 0.006*"toujours" + 0.006*"services" + 0.006*"fois" + 0.006*"cette"
[2025-05-11T18:24:29.285+0100] {ldamodel.py:1197} INFO - topic #2 (0.086): 0.019*"banque" + 0.011*"jai" + 0.010*"compte" + 0.009*"cette" + 0.009*"a" + 0.009*"ni" + 0.009*"sans" + 0.007*"plus" + 0.006*"agence" + 0.006*"cela"
[2025-05-11T18:24:29.286+0100] {ldamodel.py:1197} INFO - topic #3 (0.067): 0.030*"banque" + 0.010*"plus" + 0.010*"cette" + 0.010*"jai" + 0.008*"personnel" + 0.007*"compte" + 0.007*"carte" + 0.006*"service" + 0.006*"lagence" + 0.006*"recommande"
[2025-05-11T18:24:29.286+0100] {ldamodel.py:1197} INFO - topic #4 (0.058): 0.014*"service" + 0.014*"très" + 0.011*"banque" + 0.008*"cest" + 0.008*"personne" + 0.008*"a" + 0.007*"manque" + 0.007*"clients" + 0.007*"bank" + 0.006*"vraiment"
[2025-05-11T18:24:29.287+0100] {ldamodel.py:1075} INFO - topic diff=0.023199, rho=0.333333
[2025-05-11T18:24:29.400+0100] {ldamodel.py:848} INFO - -7.139 per-word bound, 140.9 perplexity estimate based on a held-out corpus of 154 documents with 3154 words
[2025-05-11T18:24:29.401+0100] {ldamodel.py:1002} INFO - PROGRESS: pass 8, at document #154/154
[2025-05-11T18:24:29.456+0100] {ldamodel.py:795} INFO - optimized alpha [0.060054578, 0.0834603, 0.08114027, 0.06337643, 0.05479412]
[2025-05-11T18:24:29.460+0100] {ldamodel.py:1197} INFO - topic #0 (0.060): 0.024*"service" + 0.012*"plus" + 0.011*"client" + 0.011*"banque" + 0.010*"a" + 0.007*"personne" + 0.007*"si" + 0.006*"mauvais" + 0.006*"lagence" + 0.006*"car"
[2025-05-11T18:24:29.460+0100] {ldamodel.py:1197} INFO - topic #1 (0.083): 0.025*"service" + 0.013*"banque" + 0.011*"a" + 0.010*"jai" + 0.009*"client" + 0.006*"nest" + 0.006*"toujours" + 0.006*"services" + 0.006*"fois" + 0.006*"cette"
[2025-05-11T18:24:29.461+0100] {ldamodel.py:1197} INFO - topic #2 (0.081): 0.019*"banque" + 0.011*"jai" + 0.010*"compte" + 0.009*"cette" + 0.009*"a" + 0.009*"ni" + 0.009*"sans" + 0.007*"plus" + 0.006*"agence" + 0.006*"cela"
[2025-05-11T18:24:29.463+0100] {ldamodel.py:1197} INFO - topic #3 (0.063): 0.030*"banque" + 0.010*"plus" + 0.010*"cette" + 0.010*"jai" + 0.008*"personnel" + 0.007*"compte" + 0.007*"carte" + 0.006*"service" + 0.006*"lagence" + 0.006*"recommande"
[2025-05-11T18:24:29.464+0100] {ldamodel.py:1197} INFO - topic #4 (0.055): 0.014*"service" + 0.014*"très" + 0.011*"banque" + 0.008*"cest" + 0.008*"personne" + 0.008*"a" + 0.007*"manque" + 0.007*"clients" + 0.006*"bank" + 0.006*"vraiment"
[2025-05-11T18:24:29.464+0100] {ldamodel.py:1075} INFO - topic diff=0.015398, rho=0.316228
[2025-05-11T18:24:29.572+0100] {ldamodel.py:848} INFO - -7.137 per-word bound, 140.8 perplexity estimate based on a held-out corpus of 154 documents with 3154 words
[2025-05-11T18:24:29.573+0100] {ldamodel.py:1002} INFO - PROGRESS: pass 9, at document #154/154
[2025-05-11T18:24:29.613+0100] {ldamodel.py:795} INFO - optimized alpha [0.056926563, 0.07956883, 0.07743287, 0.059969548, 0.051819146]
[2025-05-11T18:24:29.614+0100] {ldamodel.py:1197} INFO - topic #0 (0.057): 0.024*"service" + 0.013*"plus" + 0.011*"client" + 0.011*"banque" + 0.010*"a" + 0.007*"personne" + 0.007*"si" + 0.006*"mauvais" + 0.006*"lagence" + 0.006*"car"
[2025-05-11T18:24:29.615+0100] {ldamodel.py:1197} INFO - topic #1 (0.080): 0.025*"service" + 0.013*"banque" + 0.011*"a" + 0.010*"jai" + 0.009*"client" + 0.006*"nest" + 0.006*"toujours" + 0.006*"services" + 0.006*"fois" + 0.006*"cette"
[2025-05-11T18:24:29.615+0100] {ldamodel.py:1197} INFO - topic #2 (0.077): 0.019*"banque" + 0.011*"jai" + 0.010*"compte" + 0.009*"cette" + 0.009*"a" + 0.009*"ni" + 0.009*"sans" + 0.007*"plus" + 0.006*"agence" + 0.006*"cela"
[2025-05-11T18:24:29.615+0100] {ldamodel.py:1197} INFO - topic #3 (0.060): 0.030*"banque" + 0.010*"plus" + 0.010*"cette" + 0.010*"jai" + 0.008*"personnel" + 0.007*"compte" + 0.007*"carte" + 0.006*"service" + 0.006*"lagence" + 0.006*"recommande"
[2025-05-11T18:24:29.615+0100] {ldamodel.py:1197} INFO - topic #4 (0.052): 0.014*"service" + 0.014*"très" + 0.011*"banque" + 0.008*"cest" + 0.008*"personne" + 0.008*"a" + 0.007*"manque" + 0.006*"clients" + 0.006*"bank" + 0.006*"vraiment"
[2025-05-11T18:24:29.616+0100] {ldamodel.py:1075} INFO - topic diff=0.010531, rho=0.301511
[2025-05-11T18:24:29.689+0100] {ldamodel.py:848} INFO - -7.136 per-word bound, 140.6 perplexity estimate based on a held-out corpus of 154 documents with 3154 words
[2025-05-11T18:24:29.690+0100] {ldamodel.py:1002} INFO - PROGRESS: pass 10, at document #154/154
[2025-05-11T18:24:29.761+0100] {ldamodel.py:795} INFO - optimized alpha [0.05421972, 0.07618454, 0.07421594, 0.057039607, 0.049248397]
[2025-05-11T18:24:29.763+0100] {ldamodel.py:1197} INFO - topic #0 (0.054): 0.024*"service" + 0.013*"plus" + 0.011*"client" + 0.011*"banque" + 0.010*"a" + 0.007*"personne" + 0.007*"si" + 0.006*"mauvais" + 0.006*"lagence" + 0.006*"car"
[2025-05-11T18:24:29.764+0100] {ldamodel.py:1197} INFO - topic #1 (0.076): 0.025*"service" + 0.013*"banque" + 0.011*"a" + 0.010*"jai" + 0.009*"client" + 0.006*"nest" + 0.006*"toujours" + 0.006*"services" + 0.006*"fois" + 0.006*"cette"
[2025-05-11T18:24:29.764+0100] {ldamodel.py:1197} INFO - topic #2 (0.074): 0.019*"banque" + 0.011*"jai" + 0.010*"compte" + 0.009*"ni" + 0.009*"cette" + 0.009*"a" + 0.009*"sans" + 0.007*"plus" + 0.006*"agence" + 0.006*"cela"
[2025-05-11T18:24:29.764+0100] {ldamodel.py:1197} INFO - topic #3 (0.057): 0.030*"banque" + 0.010*"plus" + 0.010*"cette" + 0.010*"jai" + 0.008*"personnel" + 0.007*"compte" + 0.007*"carte" + 0.006*"service" + 0.006*"lagence" + 0.006*"recommande"
[2025-05-11T18:24:29.765+0100] {ldamodel.py:1197} INFO - topic #4 (0.049): 0.014*"service" + 0.014*"très" + 0.011*"banque" + 0.008*"cest" + 0.008*"personne" + 0.008*"a" + 0.007*"manque" + 0.006*"clients" + 0.006*"bank" + 0.006*"vraiment"
[2025-05-11T18:24:29.765+0100] {ldamodel.py:1075} INFO - topic diff=0.007527, rho=0.288675
[2025-05-11T18:24:29.831+0100] {ldamodel.py:848} INFO - -7.134 per-word bound, 140.4 perplexity estimate based on a held-out corpus of 154 documents with 3154 words
[2025-05-11T18:24:29.831+0100] {ldamodel.py:1002} INFO - PROGRESS: pass 11, at document #154/154
[2025-05-11T18:24:29.861+0100] {ldamodel.py:795} INFO - optimized alpha [0.05184238, 0.07319358, 0.07122684, 0.05447901, 0.046994057]
[2025-05-11T18:24:29.865+0100] {ldamodel.py:1197} INFO - topic #0 (0.052): 0.024*"service" + 0.013*"plus" + 0.011*"client" + 0.011*"banque" + 0.010*"a" + 0.007*"personne" + 0.007*"si" + 0.006*"mauvais" + 0.006*"lagence" + 0.006*"car"
[2025-05-11T18:24:29.866+0100] {ldamodel.py:1197} INFO - topic #1 (0.073): 0.025*"service" + 0.013*"banque" + 0.011*"a" + 0.010*"jai" + 0.009*"client" + 0.006*"nest" + 0.006*"toujours" + 0.006*"services" + 0.006*"fois" + 0.006*"cette"
[2025-05-11T18:24:29.867+0100] {ldamodel.py:1197} INFO - topic #2 (0.071): 0.019*"banque" + 0.011*"jai" + 0.010*"compte" + 0.010*"ni" + 0.009*"cette" + 0.009*"a" + 0.009*"sans" + 0.007*"plus" + 0.006*"agence" + 0.006*"cela"
[2025-05-11T18:24:29.867+0100] {ldamodel.py:1197} INFO - topic #3 (0.054): 0.030*"banque" + 0.010*"plus" + 0.010*"cette" + 0.010*"jai" + 0.008*"personnel" + 0.007*"compte" + 0.007*"carte" + 0.006*"service" + 0.006*"lagence" + 0.006*"recommande"
[2025-05-11T18:24:29.868+0100] {ldamodel.py:1197} INFO - topic #4 (0.047): 0.014*"service" + 0.014*"très" + 0.011*"banque" + 0.008*"cest" + 0.008*"personne" + 0.008*"a" + 0.006*"manque" + 0.006*"clients" + 0.006*"bank" + 0.006*"vraiment"
[2025-05-11T18:24:29.869+0100] {ldamodel.py:1075} INFO - topic diff=0.005632, rho=0.277350
[2025-05-11T18:24:29.984+0100] {ldamodel.py:848} INFO - -7.132 per-word bound, 140.3 perplexity estimate based on a held-out corpus of 154 documents with 3154 words
[2025-05-11T18:24:29.985+0100] {ldamodel.py:1002} INFO - PROGRESS: pass 12, at document #154/154
[2025-05-11T18:24:30.164+0100] {ldamodel.py:795} INFO - optimized alpha [0.04973633, 0.07053296, 0.06857184, 0.05222085, 0.045000024]
[2025-05-11T18:24:30.176+0100] {ldamodel.py:1197} INFO - topic #0 (0.050): 0.024*"service" + 0.013*"plus" + 0.011*"client" + 0.011*"banque" + 0.010*"a" + 0.007*"personne" + 0.007*"si" + 0.006*"mauvais" + 0.006*"lagence" + 0.006*"car"
[2025-05-11T18:24:30.181+0100] {ldamodel.py:1197} INFO - topic #1 (0.071): 0.025*"service" + 0.013*"banque" + 0.011*"a" + 0.010*"jai" + 0.009*"client" + 0.006*"nest" + 0.006*"toujours" + 0.006*"services" + 0.006*"fois" + 0.006*"cette"
[2025-05-11T18:24:30.183+0100] {ldamodel.py:1197} INFO - topic #2 (0.069): 0.019*"banque" + 0.011*"jai" + 0.010*"compte" + 0.010*"ni" + 0.009*"cette" + 0.009*"a" + 0.009*"sans" + 0.007*"plus" + 0.006*"agence" + 0.006*"cela"
[2025-05-11T18:24:30.184+0100] {ldamodel.py:1197} INFO - topic #3 (0.052): 0.030*"banque" + 0.010*"plus" + 0.010*"cette" + 0.010*"jai" + 0.008*"personnel" + 0.007*"compte" + 0.007*"carte" + 0.006*"service" + 0.006*"lagence" + 0.006*"recommande"
[2025-05-11T18:24:30.185+0100] {ldamodel.py:1197} INFO - topic #4 (0.045): 0.014*"service" + 0.014*"très" + 0.011*"banque" + 0.008*"cest" + 0.008*"personne" + 0.008*"a" + 0.006*"manque" + 0.006*"clients" + 0.006*"bank" + 0.006*"vraiment"
[2025-05-11T18:24:30.185+0100] {ldamodel.py:1075} INFO - topic diff=0.003979, rho=0.267261
[2025-05-11T18:24:30.271+0100] {ldamodel.py:848} INFO - -7.131 per-word bound, 140.1 perplexity estimate based on a held-out corpus of 154 documents with 3154 words
[2025-05-11T18:24:30.271+0100] {ldamodel.py:1002} INFO - PROGRESS: pass 13, at document #154/154
[2025-05-11T18:24:30.305+0100] {ldamodel.py:795} INFO - optimized alpha [0.047854297, 0.06814624, 0.06619266, 0.050210636, 0.043220613]
[2025-05-11T18:24:30.306+0100] {ldamodel.py:1197} INFO - topic #0 (0.048): 0.024*"service" + 0.013*"plus" + 0.011*"client" + 0.011*"banque" + 0.010*"a" + 0.007*"personne" + 0.007*"si" + 0.006*"mauvais" + 0.006*"lagence" + 0.006*"car"
[2025-05-11T18:24:30.307+0100] {ldamodel.py:1197} INFO - topic #1 (0.068): 0.025*"service" + 0.013*"banque" + 0.011*"a" + 0.010*"jai" + 0.009*"client" + 0.006*"nest" + 0.006*"toujours" + 0.006*"services" + 0.006*"fois" + 0.006*"cette"
[2025-05-11T18:24:30.308+0100] {ldamodel.py:1197} INFO - topic #2 (0.066): 0.019*"banque" + 0.011*"jai" + 0.010*"compte" + 0.010*"ni" + 0.009*"cette" + 0.009*"a" + 0.009*"sans" + 0.007*"plus" + 0.006*"agence" + 0.006*"cela"
[2025-05-11T18:24:30.308+0100] {ldamodel.py:1197} INFO - topic #3 (0.050): 0.030*"banque" + 0.010*"plus" + 0.010*"cette" + 0.010*"jai" + 0.008*"personnel" + 0.007*"compte" + 0.007*"carte" + 0.006*"service" + 0.006*"lagence" + 0.006*"recommande"
[2025-05-11T18:24:30.310+0100] {ldamodel.py:1197} INFO - topic #4 (0.043): 0.014*"service" + 0.014*"très" + 0.011*"banque" + 0.008*"cest" + 0.008*"personne" + 0.008*"a" + 0.006*"manque" + 0.006*"clients" + 0.006*"bank" + 0.006*"vraiment"
[2025-05-11T18:24:30.311+0100] {ldamodel.py:1075} INFO - topic diff=0.002895, rho=0.258199
[2025-05-11T18:24:30.378+0100] {ldamodel.py:848} INFO - -7.130 per-word bound, 140.0 perplexity estimate based on a held-out corpus of 154 documents with 3154 words
[2025-05-11T18:24:30.379+0100] {ldamodel.py:1002} INFO - PROGRESS: pass 14, at document #154/154
[2025-05-11T18:24:30.415+0100] {ldamodel.py:795} INFO - optimized alpha [0.04615973, 0.06598955, 0.06404461, 0.048406634, 0.04162057]
[2025-05-11T18:24:30.418+0100] {ldamodel.py:1197} INFO - topic #0 (0.046): 0.024*"service" + 0.013*"plus" + 0.011*"client" + 0.011*"banque" + 0.010*"a" + 0.007*"personne" + 0.007*"si" + 0.006*"mauvais" + 0.006*"lagence" + 0.006*"car"
[2025-05-11T18:24:30.418+0100] {ldamodel.py:1197} INFO - topic #1 (0.066): 0.025*"service" + 0.013*"banque" + 0.011*"a" + 0.010*"jai" + 0.009*"client" + 0.006*"nest" + 0.006*"toujours" + 0.006*"services" + 0.006*"fois" + 0.006*"cette"
[2025-05-11T18:24:30.419+0100] {ldamodel.py:1197} INFO - topic #2 (0.064): 0.019*"banque" + 0.011*"jai" + 0.010*"compte" + 0.010*"ni" + 0.009*"cette" + 0.009*"a" + 0.009*"sans" + 0.007*"plus" + 0.006*"agence" + 0.006*"cela"
[2025-05-11T18:24:30.420+0100] {ldamodel.py:1197} INFO - topic #3 (0.048): 0.030*"banque" + 0.010*"plus" + 0.010*"cette" + 0.010*"jai" + 0.008*"personnel" + 0.007*"compte" + 0.007*"carte" + 0.006*"service" + 0.006*"lagence" + 0.006*"recommande"
[2025-05-11T18:24:30.420+0100] {ldamodel.py:1197} INFO - topic #4 (0.042): 0.014*"service" + 0.014*"très" + 0.011*"banque" + 0.008*"cest" + 0.008*"personne" + 0.008*"a" + 0.006*"manque" + 0.006*"clients" + 0.006*"bank" + 0.006*"vraiment"
[2025-05-11T18:24:30.421+0100] {ldamodel.py:1075} INFO - topic diff=0.002144, rho=0.250000
[2025-05-11T18:24:30.424+0100] {utils.py:447} INFO - LdaModel lifecycle event {'msg': 'trained LdaModel<num_terms=1447, num_topics=5, decay=0.5, chunksize=2000> in 2.72s', 'datetime': '2025-05-11T18:24:30.424702', 'gensim': '4.3.3', 'python': '3.8.10 (default, Jan 17 2025, 14:40:23) \n[GCC 9.4.0]', 'platform': 'Linux-5.15.133.1-microsoft-standard-WSL2-x86_64-with-glibc2.29', 'event': 'created'}
[2025-05-11T18:24:31.663+0100] {dictionary.py:201} INFO - adding document #0 to Dictionary<0 unique tokens: []>
[2025-05-11T18:24:31.666+0100] {dictionary.py:206} INFO - built Dictionary<14 unique tokens: ['bon', 'service', 'assafa', 'bank', 'de']...> from 5 documents (total 23 corpus positions)
[2025-05-11T18:24:31.672+0100] {utils.py:447} INFO - Dictionary lifecycle event {'msg': "built Dictionary<14 unique tokens: ['bon', 'service', 'assafa', 'bank', 'de']...> from 5 documents (total 23 corpus positions)", 'datetime': '2025-05-11T18:24:31.671995', 'gensim': '4.3.3', 'python': '3.8.10 (default, Jan 17 2025, 14:40:23) \n[GCC 9.4.0]', 'platform': 'Linux-5.15.133.1-microsoft-standard-WSL2-x86_64-with-glibc2.29', 'event': 'created'}
[2025-05-11T18:24:31.676+0100] {ldamodel.py:596} INFO - using autotuned alpha, starting with [0.2, 0.2, 0.2, 0.2, 0.2]
[2025-05-11T18:24:31.678+0100] {ldamodel.py:482} INFO - using serial LDA version on this node
[2025-05-11T18:24:31.685+0100] {ldamodel.py:948} INFO - running online (multi-pass) LDA training, 5 topics, 15 passes over the supplied corpus of 5 documents, updating model once every 5 documents, evaluating perplexity every 5 documents, iterating 50x with a convergence threshold of 0.001000
[2025-05-11T18:24:31.713+0100] {ldamodel.py:848} INFO - -5.564 per-word bound, 47.3 perplexity estimate based on a held-out corpus of 5 documents with 23 words
[2025-05-11T18:24:31.714+0100] {ldamodel.py:1002} INFO - PROGRESS: pass 0, at document #5/5
[2025-05-11T18:24:31.724+0100] {ldamodel.py:795} INFO - optimized alpha [0.16350609, 0.116984874, 0.22598581, 0.1601075, 0.1603006]
[2025-05-11T18:24:31.725+0100] {ldamodel.py:1197} INFO - topic #0 (0.164): 0.206*"wjih" + 0.206*"agence" + 0.205*"ouled" + 0.035*"bon" + 0.035*"service" + 0.035*"services" + 0.035*"assafa" + 0.035*"sont" + 0.035*"ne" + 0.035*"pas"
[2025-05-11T18:24:31.725+0100] {ldamodel.py:1197} INFO - topic #1 (0.117): 0.072*"bon" + 0.072*"service" + 0.072*"services" + 0.072*"sont" + 0.071*"agence" + 0.071*"ouled" + 0.071*"assafa" + 0.071*"ne" + 0.071*"wjih" + 0.071*"de"
[2025-05-11T18:24:31.726+0100] {ldamodel.py:1197} INFO - topic #2 (0.226): 0.117*"professionnels" + 0.117*"bank" + 0.117*"pas" + 0.117*"marrakech" + 0.117*"de" + 0.117*"assafa" + 0.117*"ne" + 0.117*"sont" + 0.011*"bon" + 0.011*"service"
[2025-05-11T18:24:31.726+0100] {ldamodel.py:1197} INFO - topic #3 (0.160): 0.249*"bon" + 0.247*"service" + 0.042*"services" + 0.042*"ouled" + 0.042*"ne" + 0.042*"sont" + 0.042*"wjih" + 0.042*"agence" + 0.042*"de" + 0.042*"marrakech"
[2025-05-11T18:24:31.727+0100] {ldamodel.py:1197} INFO - topic #4 (0.160): 0.248*"bon" + 0.247*"services" + 0.043*"service" + 0.042*"sont" + 0.042*"agence" + 0.042*"wjih" + 0.042*"ouled" + 0.042*"assafa" + 0.042*"marrakech" + 0.042*"ne"
[2025-05-11T18:24:31.727+0100] {ldamodel.py:1075} INFO - topic diff=3.057658, rho=1.000000
[2025-05-11T18:24:31.731+0100] {ldamodel.py:848} INFO - -3.385 per-word bound, 10.4 perplexity estimate based on a held-out corpus of 5 documents with 23 words
[2025-05-11T18:24:31.731+0100] {ldamodel.py:1002} INFO - PROGRESS: pass 1, at document #5/5
[2025-05-11T18:24:31.733+0100] {ldamodel.py:795} INFO - optimized alpha [0.14711273, 0.09692566, 0.22885379, 0.14352074, 0.143662]
[2025-05-11T18:24:31.734+0100] {ldamodel.py:1197} INFO - topic #0 (0.147): 0.206*"wjih" + 0.206*"agence" + 0.206*"ouled" + 0.035*"bon" + 0.035*"service" + 0.035*"services" + 0.035*"assafa" + 0.035*"sont" + 0.035*"ne" + 0.035*"pas"
[2025-05-11T18:24:31.735+0100] {ldamodel.py:1197} INFO - topic #1 (0.097): 0.072*"bon" + 0.072*"service" + 0.072*"services" + 0.071*"sont" + 0.071*"agence" + 0.071*"ouled" + 0.071*"assafa" + 0.071*"ne" + 0.071*"wjih" + 0.071*"de"
[2025-05-11T18:24:31.735+0100] {ldamodel.py:1197} INFO - topic #2 (0.229): 0.117*"professionnels" + 0.117*"bank" + 0.117*"pas" + 0.117*"marrakech" + 0.117*"de" + 0.117*"assafa" + 0.117*"ne" + 0.117*"sont" + 0.011*"bon" + 0.011*"service"
[2025-05-11T18:24:31.736+0100] {ldamodel.py:1197} INFO - topic #3 (0.144): 0.249*"bon" + 0.249*"service" + 0.042*"services" + 0.042*"ouled" + 0.042*"ne" + 0.042*"sont" + 0.042*"wjih" + 0.042*"agence" + 0.042*"de" + 0.042*"marrakech"
[2025-05-11T18:24:31.736+0100] {ldamodel.py:1197} INFO - topic #4 (0.144): 0.249*"bon" + 0.249*"services" + 0.042*"service" + 0.042*"sont" + 0.042*"agence" + 0.042*"wjih" + 0.042*"ouled" + 0.042*"assafa" + 0.042*"marrakech" + 0.042*"ne"
[2025-05-11T18:24:31.737+0100] {ldamodel.py:1075} INFO - topic diff=0.023968, rho=0.577350
[2025-05-11T18:24:31.739+0100] {ldamodel.py:848} INFO - -3.365 per-word bound, 10.3 perplexity estimate based on a held-out corpus of 5 documents with 23 words
[2025-05-11T18:24:31.740+0100] {ldamodel.py:1002} INFO - PROGRESS: pass 2, at document #5/5
[2025-05-11T18:24:31.741+0100] {ldamodel.py:795} INFO - optimized alpha [0.1357317, 0.0843672, 0.22781634, 0.1321288, 0.1322355]
[2025-05-11T18:24:31.741+0100] {ldamodel.py:1197} INFO - topic #0 (0.136): 0.207*"wjih" + 0.207*"agence" + 0.207*"ouled" + 0.035*"bon" + 0.035*"service" + 0.035*"services" + 0.035*"assafa" + 0.035*"sont" + 0.035*"ne" + 0.035*"pas"
[2025-05-11T18:24:31.742+0100] {ldamodel.py:1197} INFO - topic #1 (0.084): 0.072*"bon" + 0.072*"service" + 0.072*"services" + 0.071*"sont" + 0.071*"agence" + 0.071*"ouled" + 0.071*"assafa" + 0.071*"ne" + 0.071*"wjih" + 0.071*"de"
[2025-05-11T18:24:31.743+0100] {ldamodel.py:1197} INFO - topic #2 (0.228): 0.117*"professionnels" + 0.117*"bank" + 0.117*"pas" + 0.117*"marrakech" + 0.117*"de" + 0.117*"assafa" + 0.117*"ne" + 0.117*"sont" + 0.011*"bon" + 0.011*"service"
[2025-05-11T18:24:31.743+0100] {ldamodel.py:1197} INFO - topic #3 (0.132): 0.250*"bon" + 0.249*"service" + 0.042*"services" + 0.042*"ouled" + 0.042*"ne" + 0.042*"sont" + 0.042*"wjih" + 0.042*"agence" + 0.042*"de" + 0.042*"marrakech"
[2025-05-11T18:24:31.744+0100] {ldamodel.py:1197} INFO - topic #4 (0.132): 0.250*"bon" + 0.249*"services" + 0.042*"service" + 0.042*"sont" + 0.042*"agence" + 0.042*"wjih" + 0.042*"ouled" + 0.042*"assafa" + 0.042*"marrakech" + 0.042*"ne"
[2025-05-11T18:24:31.744+0100] {ldamodel.py:1075} INFO - topic diff=0.008878, rho=0.500000
[2025-05-11T18:24:31.748+0100] {ldamodel.py:848} INFO - -3.353 per-word bound, 10.2 perplexity estimate based on a held-out corpus of 5 documents with 23 words
[2025-05-11T18:24:31.748+0100] {ldamodel.py:1002} INFO - PROGRESS: pass 3, at document #5/5
[2025-05-11T18:24:31.750+0100] {ldamodel.py:795} INFO - optimized alpha [0.12711595, 0.075497314, 0.22477198, 0.123570874, 0.123654515]
[2025-05-11T18:24:31.750+0100] {ldamodel.py:1197} INFO - topic #0 (0.127): 0.207*"wjih" + 0.207*"agence" + 0.207*"ouled" + 0.035*"bon" + 0.035*"service" + 0.035*"services" + 0.035*"assafa" + 0.035*"sont" + 0.035*"ne" + 0.035*"pas"
[2025-05-11T18:24:31.751+0100] {ldamodel.py:1197} INFO - topic #1 (0.075): 0.072*"bon" + 0.071*"service" + 0.071*"services" + 0.071*"sont" + 0.071*"agence" + 0.071*"ouled" + 0.071*"assafa" + 0.071*"ne" + 0.071*"wjih" + 0.071*"de"
[2025-05-11T18:24:31.751+0100] {ldamodel.py:1197} INFO - topic #2 (0.225): 0.117*"professionnels" + 0.117*"bank" + 0.117*"pas" + 0.117*"marrakech" + 0.117*"de" + 0.117*"assafa" + 0.117*"ne" + 0.117*"sont" + 0.011*"bon" + 0.011*"service"
[2025-05-11T18:24:31.751+0100] {ldamodel.py:1197} INFO - topic #3 (0.124): 0.250*"bon" + 0.250*"service" + 0.042*"services" + 0.042*"ouled" + 0.042*"ne" + 0.042*"sont" + 0.042*"wjih" + 0.042*"agence" + 0.042*"de" + 0.042*"marrakech"
[2025-05-11T18:24:31.752+0100] {ldamodel.py:1197} INFO - topic #4 (0.124): 0.250*"bon" + 0.250*"services" + 0.042*"service" + 0.042*"sont" + 0.042*"agence" + 0.042*"wjih" + 0.042*"ouled" + 0.042*"assafa" + 0.042*"marrakech" + 0.042*"ne"
[2025-05-11T18:24:31.752+0100] {ldamodel.py:1075} INFO - topic diff=0.003992, rho=0.447214
[2025-05-11T18:24:31.756+0100] {ldamodel.py:848} INFO - -3.343 per-word bound, 10.1 perplexity estimate based on a held-out corpus of 5 documents with 23 words
[2025-05-11T18:24:31.756+0100] {ldamodel.py:1002} INFO - PROGRESS: pass 4, at document #5/5
[2025-05-11T18:24:31.758+0100] {ldamodel.py:795} INFO - optimized alpha [0.12023697, 0.06878009, 0.22069496, 0.11677845, 0.11684655]
[2025-05-11T18:24:31.759+0100] {ldamodel.py:1197} INFO - topic #0 (0.120): 0.207*"wjih" + 0.207*"agence" + 0.207*"ouled" + 0.035*"bon" + 0.035*"service" + 0.035*"services" + 0.035*"assafa" + 0.035*"sont" + 0.035*"ne" + 0.034*"pas"
[2025-05-11T18:24:31.759+0100] {ldamodel.py:1197} INFO - topic #1 (0.069): 0.071*"bon" + 0.071*"service" + 0.071*"services" + 0.071*"sont" + 0.071*"agence" + 0.071*"ouled" + 0.071*"assafa" + 0.071*"ne" + 0.071*"wjih" + 0.071*"de"
[2025-05-11T18:24:31.760+0100] {ldamodel.py:1197} INFO - topic #2 (0.221): 0.117*"professionnels" + 0.117*"bank" + 0.117*"pas" + 0.117*"marrakech" + 0.117*"de" + 0.117*"assafa" + 0.117*"ne" + 0.117*"sont" + 0.011*"bon" + 0.011*"service"
[2025-05-11T18:24:31.760+0100] {ldamodel.py:1197} INFO - topic #3 (0.117): 0.250*"bon" + 0.250*"service" + 0.042*"services" + 0.042*"ouled" + 0.042*"ne" + 0.042*"sont" + 0.042*"wjih" + 0.042*"agence" + 0.042*"de" + 0.042*"marrakech"
[2025-05-11T18:24:31.762+0100] {ldamodel.py:1197} INFO - topic #4 (0.117): 0.250*"bon" + 0.250*"services" + 0.042*"service" + 0.042*"sont" + 0.042*"agence" + 0.042*"wjih" + 0.042*"ouled" + 0.042*"assafa" + 0.042*"marrakech" + 0.042*"ne"
[2025-05-11T18:24:31.763+0100] {ldamodel.py:1075} INFO - topic diff=0.002022, rho=0.408248
[2025-05-11T18:24:31.766+0100] {ldamodel.py:848} INFO - -3.335 per-word bound, 10.1 perplexity estimate based on a held-out corpus of 5 documents with 23 words
[2025-05-11T18:24:31.766+0100] {ldamodel.py:1002} INFO - PROGRESS: pass 5, at document #5/5
[2025-05-11T18:24:31.768+0100] {ldamodel.py:795} INFO - optimized alpha [0.114543445, 0.06345481, 0.21611878, 0.11118321, 0.11123951]
[2025-05-11T18:24:31.768+0100] {ldamodel.py:1197} INFO - topic #0 (0.115): 0.207*"wjih" + 0.207*"agence" + 0.207*"ouled" + 0.035*"bon" + 0.035*"service" + 0.035*"services" + 0.034*"assafa" + 0.034*"sont" + 0.034*"ne" + 0.034*"pas"
[2025-05-11T18:24:31.769+0100] {ldamodel.py:1197} INFO - topic #1 (0.063): 0.071*"bon" + 0.071*"service" + 0.071*"services" + 0.071*"sont" + 0.071*"agence" + 0.071*"ouled" + 0.071*"assafa" + 0.071*"ne" + 0.071*"wjih" + 0.071*"de"
[2025-05-11T18:24:31.769+0100] {ldamodel.py:1197} INFO - topic #2 (0.216): 0.117*"professionnels" + 0.117*"bank" + 0.117*"pas" + 0.117*"marrakech" + 0.117*"de" + 0.117*"assafa" + 0.117*"ne" + 0.117*"sont" + 0.011*"bon" + 0.011*"service"
[2025-05-11T18:24:31.770+0100] {ldamodel.py:1197} INFO - topic #3 (0.111): 0.250*"bon" + 0.250*"service" + 0.042*"services" + 0.042*"ouled" + 0.042*"ne" + 0.042*"sont" + 0.042*"wjih" + 0.042*"agence" + 0.042*"de" + 0.042*"marrakech"
[2025-05-11T18:24:31.771+0100] {ldamodel.py:1197} INFO - topic #4 (0.111): 0.250*"bon" + 0.250*"services" + 0.042*"service" + 0.042*"sont" + 0.042*"agence" + 0.042*"wjih" + 0.042*"ouled" + 0.042*"assafa" + 0.042*"marrakech" + 0.042*"ne"
[2025-05-11T18:24:31.771+0100] {ldamodel.py:1075} INFO - topic diff=0.001111, rho=0.377964
[2025-05-11T18:24:31.774+0100] {ldamodel.py:848} INFO - -3.329 per-word bound, 10.0 perplexity estimate based on a held-out corpus of 5 documents with 23 words
[2025-05-11T18:24:31.775+0100] {ldamodel.py:1002} INFO - PROGRESS: pass 6, at document #5/5
[2025-05-11T18:24:31.776+0100] {ldamodel.py:795} INFO - optimized alpha [0.109707355, 0.05909381, 0.21134658, 0.1064486, 0.10649619]
[2025-05-11T18:24:31.777+0100] {ldamodel.py:1197} INFO - topic #0 (0.110): 0.207*"wjih" + 0.207*"agence" + 0.207*"ouled" + 0.035*"bon" + 0.035*"service" + 0.034*"services" + 0.034*"assafa" + 0.034*"sont" + 0.034*"ne" + 0.034*"pas"
[2025-05-11T18:24:31.777+0100] {ldamodel.py:1197} INFO - topic #1 (0.059): 0.071*"bon" + 0.071*"service" + 0.071*"services" + 0.071*"sont" + 0.071*"agence" + 0.071*"ouled" + 0.071*"assafa" + 0.071*"ne" + 0.071*"wjih" + 0.071*"de"
[2025-05-11T18:24:31.778+0100] {ldamodel.py:1197} INFO - topic #2 (0.211): 0.117*"professionnels" + 0.117*"bank" + 0.117*"pas" + 0.117*"marrakech" + 0.117*"de" + 0.117*"assafa" + 0.117*"ne" + 0.117*"sont" + 0.011*"bon" + 0.011*"service"
[2025-05-11T18:24:31.779+0100] {ldamodel.py:1197} INFO - topic #3 (0.106): 0.250*"bon" + 0.250*"service" + 0.042*"services" + 0.042*"ouled" + 0.042*"ne" + 0.042*"sont" + 0.042*"wjih" + 0.042*"agence" + 0.042*"de" + 0.042*"marrakech"
[2025-05-11T18:24:31.780+0100] {ldamodel.py:1197} INFO - topic #4 (0.106): 0.250*"bon" + 0.250*"services" + 0.042*"service" + 0.042*"sont" + 0.042*"agence" + 0.042*"wjih" + 0.042*"ouled" + 0.042*"assafa" + 0.042*"marrakech" + 0.042*"ne"
[2025-05-11T18:24:31.780+0100] {ldamodel.py:1075} INFO - topic diff=0.000648, rho=0.353553
[2025-05-11T18:24:31.783+0100] {ldamodel.py:848} INFO - -3.323 per-word bound, 10.0 perplexity estimate based on a held-out corpus of 5 documents with 23 words
[2025-05-11T18:24:31.783+0100] {ldamodel.py:1002} INFO - PROGRESS: pass 7, at document #5/5
[2025-05-11T18:24:31.784+0100] {ldamodel.py:795} INFO - optimized alpha [0.10551859, 0.055434853, 0.20655364, 0.10236064, 0.102401495]
[2025-05-11T18:24:31.785+0100] {ldamodel.py:1197} INFO - topic #0 (0.106): 0.207*"wjih" + 0.207*"agence" + 0.207*"ouled" + 0.035*"bon" + 0.034*"service" + 0.034*"services" + 0.034*"assafa" + 0.034*"sont" + 0.034*"ne" + 0.034*"pas"
[2025-05-11T18:24:31.785+0100] {ldamodel.py:1197} INFO - topic #1 (0.055): 0.071*"bon" + 0.071*"service" + 0.071*"services" + 0.071*"sont" + 0.071*"agence" + 0.071*"ouled" + 0.071*"assafa" + 0.071*"ne" + 0.071*"wjih" + 0.071*"de"
[2025-05-11T18:24:31.786+0100] {ldamodel.py:1197} INFO - topic #2 (0.207): 0.117*"professionnels" + 0.117*"bank" + 0.117*"pas" + 0.117*"marrakech" + 0.117*"de" + 0.117*"assafa" + 0.117*"ne" + 0.117*"sont" + 0.011*"bon" + 0.011*"service"
[2025-05-11T18:24:31.788+0100] {ldamodel.py:1197} INFO - topic #3 (0.102): 0.250*"bon" + 0.250*"service" + 0.042*"services" + 0.042*"ouled" + 0.042*"ne" + 0.042*"sont" + 0.042*"wjih" + 0.042*"agence" + 0.042*"de" + 0.042*"marrakech"
[2025-05-11T18:24:31.788+0100] {ldamodel.py:1197} INFO - topic #4 (0.102): 0.250*"bon" + 0.250*"services" + 0.042*"service" + 0.042*"sont" + 0.042*"agence" + 0.042*"wjih" + 0.042*"ouled" + 0.042*"assafa" + 0.042*"marrakech" + 0.042*"ne"
[2025-05-11T18:24:31.789+0100] {ldamodel.py:1075} INFO - topic diff=0.000396, rho=0.333333
[2025-05-11T18:24:31.791+0100] {ldamodel.py:848} INFO - -3.319 per-word bound, 10.0 perplexity estimate based on a held-out corpus of 5 documents with 23 words
[2025-05-11T18:24:31.791+0100] {ldamodel.py:1002} INFO - PROGRESS: pass 8, at document #5/5
[2025-05-11T18:24:31.793+0100] {ldamodel.py:795} INFO - optimized alpha [0.101834804, 0.052306596, 0.20184128, 0.09877502, 0.09881049]
[2025-05-11T18:24:31.794+0100] {ldamodel.py:1197} INFO - topic #0 (0.102): 0.207*"wjih" + 0.207*"agence" + 0.207*"ouled" + 0.034*"bon" + 0.034*"service" + 0.034*"services" + 0.034*"assafa" + 0.034*"sont" + 0.034*"ne" + 0.034*"pas"
[2025-05-11T18:24:31.794+0100] {ldamodel.py:1197} INFO - topic #1 (0.052): 0.071*"bon" + 0.071*"service" + 0.071*"services" + 0.071*"sont" + 0.071*"agence" + 0.071*"ouled" + 0.071*"assafa" + 0.071*"ne" + 0.071*"wjih" + 0.071*"de"
[2025-05-11T18:24:31.795+0100] {ldamodel.py:1197} INFO - topic #2 (0.202): 0.117*"professionnels" + 0.117*"bank" + 0.117*"pas" + 0.117*"marrakech" + 0.117*"de" + 0.117*"assafa" + 0.117*"ne" + 0.117*"sont" + 0.011*"bon" + 0.011*"service"
[2025-05-11T18:24:31.796+0100] {ldamodel.py:1197} INFO - topic #3 (0.099): 0.250*"bon" + 0.250*"service" + 0.042*"services" + 0.042*"ouled" + 0.042*"ne" + 0.042*"sont" + 0.042*"wjih" + 0.042*"agence" + 0.042*"de" + 0.042*"marrakech"
[2025-05-11T18:24:31.797+0100] {ldamodel.py:1197} INFO - topic #4 (0.099): 0.250*"bon" + 0.250*"services" + 0.042*"service" + 0.042*"sont" + 0.042*"agence" + 0.042*"wjih" + 0.042*"ouled" + 0.042*"assafa" + 0.042*"marrakech" + 0.042*"ne"
[2025-05-11T18:24:31.797+0100] {ldamodel.py:1075} INFO - topic diff=0.000251, rho=0.316228
[2025-05-11T18:24:31.799+0100] {ldamodel.py:848} INFO - -3.314 per-word bound, 9.9 perplexity estimate based on a held-out corpus of 5 documents with 23 words
[2025-05-11T18:24:31.799+0100] {ldamodel.py:1002} INFO - PROGRESS: pass 9, at document #5/5
[2025-05-11T18:24:31.800+0100] {ldamodel.py:795} INFO - optimized alpha [0.09855531, 0.049591508, 0.19726692, 0.09559002, 0.0956211]
[2025-05-11T18:24:31.801+0100] {ldamodel.py:1197} INFO - topic #0 (0.099): 0.207*"wjih" + 0.207*"agence" + 0.207*"ouled" + 0.034*"bon" + 0.034*"service" + 0.034*"services" + 0.034*"assafa" + 0.034*"sont" + 0.034*"ne" + 0.034*"pas"
[2025-05-11T18:24:31.801+0100] {ldamodel.py:1197} INFO - topic #1 (0.050): 0.071*"bon" + 0.071*"service" + 0.071*"services" + 0.071*"sont" + 0.071*"agence" + 0.071*"ouled" + 0.071*"assafa" + 0.071*"ne" + 0.071*"wjih" + 0.071*"de"
[2025-05-11T18:24:31.801+0100] {ldamodel.py:1197} INFO - topic #2 (0.197): 0.117*"professionnels" + 0.117*"bank" + 0.117*"pas" + 0.117*"marrakech" + 0.117*"de" + 0.117*"assafa" + 0.117*"ne" + 0.117*"sont" + 0.011*"bon" + 0.011*"service"
[2025-05-11T18:24:31.802+0100] {ldamodel.py:1197} INFO - topic #3 (0.096): 0.250*"bon" + 0.250*"service" + 0.042*"services" + 0.042*"ouled" + 0.042*"ne" + 0.042*"sont" + 0.042*"wjih" + 0.042*"agence" + 0.042*"de" + 0.042*"marrakech"
[2025-05-11T18:24:31.802+0100] {ldamodel.py:1197} INFO - topic #4 (0.096): 0.250*"bon" + 0.250*"services" + 0.042*"service" + 0.042*"sont" + 0.042*"agence" + 0.042*"wjih" + 0.042*"ouled" + 0.042*"assafa" + 0.042*"marrakech" + 0.042*"ne"
[2025-05-11T18:24:31.802+0100] {ldamodel.py:1075} INFO - topic diff=0.000165, rho=0.301511
[2025-05-11T18:24:31.806+0100] {ldamodel.py:848} INFO - -3.311 per-word bound, 9.9 perplexity estimate based on a held-out corpus of 5 documents with 23 words
[2025-05-11T18:24:31.806+0100] {ldamodel.py:1002} INFO - PROGRESS: pass 10, at document #5/5
[2025-05-11T18:24:31.807+0100] {ldamodel.py:795} INFO - optimized alpha [0.09560638, 0.04720581, 0.1928614, 0.09273145, 0.09275892]
[2025-05-11T18:24:31.808+0100] {ldamodel.py:1197} INFO - topic #0 (0.096): 0.207*"wjih" + 0.207*"agence" + 0.207*"ouled" + 0.034*"bon" + 0.034*"service" + 0.034*"services" + 0.034*"assafa" + 0.034*"sont" + 0.034*"ne" + 0.034*"pas"
[2025-05-11T18:24:31.809+0100] {ldamodel.py:1197} INFO - topic #1 (0.047): 0.071*"bon" + 0.071*"service" + 0.071*"services" + 0.071*"sont" + 0.071*"agence" + 0.071*"ouled" + 0.071*"assafa" + 0.071*"ne" + 0.071*"wjih" + 0.071*"de"
[2025-05-11T18:24:31.809+0100] {ldamodel.py:1197} INFO - topic #2 (0.193): 0.117*"professionnels" + 0.117*"bank" + 0.117*"pas" + 0.117*"marrakech" + 0.117*"de" + 0.117*"assafa" + 0.117*"ne" + 0.117*"sont" + 0.011*"bon" + 0.011*"service"
[2025-05-11T18:24:31.809+0100] {ldamodel.py:1197} INFO - topic #3 (0.093): 0.250*"bon" + 0.250*"service" + 0.042*"services" + 0.042*"ouled" + 0.042*"ne" + 0.042*"sont" + 0.042*"wjih" + 0.042*"agence" + 0.042*"de" + 0.042*"marrakech"
[2025-05-11T18:24:31.810+0100] {ldamodel.py:1197} INFO - topic #4 (0.093): 0.250*"bon" + 0.250*"services" + 0.042*"service" + 0.042*"sont" + 0.042*"agence" + 0.042*"wjih" + 0.042*"ouled" + 0.042*"assafa" + 0.042*"marrakech" + 0.042*"ne"
[2025-05-11T18:24:31.810+0100] {ldamodel.py:1075} INFO - topic diff=0.000111, rho=0.288675
[2025-05-11T18:24:31.814+0100] {ldamodel.py:848} INFO - -3.307 per-word bound, 9.9 perplexity estimate based on a held-out corpus of 5 documents with 23 words
[2025-05-11T18:24:31.814+0100] {ldamodel.py:1002} INFO - PROGRESS: pass 11, at document #5/5
[2025-05-11T18:24:31.815+0100] {ldamodel.py:795} INFO - optimized alpha [0.09293244, 0.04508789, 0.18863918, 0.09014374, 0.09016807]
[2025-05-11T18:24:31.816+0100] {ldamodel.py:1197} INFO - topic #0 (0.093): 0.207*"wjih" + 0.207*"agence" + 0.207*"ouled" + 0.034*"bon" + 0.034*"service" + 0.034*"services" + 0.034*"assafa" + 0.034*"sont" + 0.034*"ne" + 0.034*"pas"
[2025-05-11T18:24:31.816+0100] {ldamodel.py:1197} INFO - topic #1 (0.045): 0.071*"bon" + 0.071*"service" + 0.071*"services" + 0.071*"sont" + 0.071*"agence" + 0.071*"ouled" + 0.071*"assafa" + 0.071*"ne" + 0.071*"wjih" + 0.071*"de"
[2025-05-11T18:24:31.817+0100] {ldamodel.py:1197} INFO - topic #2 (0.189): 0.117*"professionnels" + 0.117*"bank" + 0.117*"pas" + 0.117*"marrakech" + 0.117*"de" + 0.117*"assafa" + 0.117*"ne" + 0.117*"sont" + 0.011*"bon" + 0.011*"service"
[2025-05-11T18:24:31.817+0100] {ldamodel.py:1197} INFO - topic #3 (0.090): 0.250*"bon" + 0.250*"service" + 0.042*"services" + 0.042*"ouled" + 0.042*"ne" + 0.042*"sont" + 0.042*"wjih" + 0.042*"agence" + 0.042*"de" + 0.042*"marrakech"
[2025-05-11T18:24:31.817+0100] {ldamodel.py:1197} INFO - topic #4 (0.090): 0.250*"bon" + 0.250*"services" + 0.042*"service" + 0.042*"sont" + 0.042*"agence" + 0.042*"wjih" + 0.042*"ouled" + 0.042*"assafa" + 0.042*"marrakech" + 0.042*"ne"
[2025-05-11T18:24:31.817+0100] {ldamodel.py:1075} INFO - topic diff=0.000076, rho=0.277350
[2025-05-11T18:24:31.819+0100] {ldamodel.py:848} INFO - -3.304 per-word bound, 9.9 perplexity estimate based on a held-out corpus of 5 documents with 23 words
[2025-05-11T18:24:31.819+0100] {ldamodel.py:1002} INFO - PROGRESS: pass 12, at document #5/5
[2025-05-11T18:24:31.821+0100] {ldamodel.py:795} INFO - optimized alpha [0.090490624, 0.043191254, 0.18460475, 0.08778381, 0.087805584]
[2025-05-11T18:24:31.822+0100] {ldamodel.py:1197} INFO - topic #0 (0.090): 0.207*"wjih" + 0.207*"agence" + 0.207*"ouled" + 0.034*"bon" + 0.034*"service" + 0.034*"services" + 0.034*"assafa" + 0.034*"sont" + 0.034*"ne" + 0.034*"pas"
[2025-05-11T18:24:31.822+0100] {ldamodel.py:1197} INFO - topic #1 (0.043): 0.071*"bon" + 0.071*"service" + 0.071*"services" + 0.071*"sont" + 0.071*"agence" + 0.071*"ouled" + 0.071*"assafa" + 0.071*"ne" + 0.071*"wjih" + 0.071*"de"
[2025-05-11T18:24:31.822+0100] {ldamodel.py:1197} INFO - topic #2 (0.185): 0.117*"professionnels" + 0.117*"bank" + 0.117*"pas" + 0.117*"marrakech" + 0.117*"de" + 0.117*"assafa" + 0.117*"ne" + 0.117*"sont" + 0.011*"bon" + 0.011*"service"
[2025-05-11T18:24:31.823+0100] {ldamodel.py:1197} INFO - topic #3 (0.088): 0.250*"bon" + 0.250*"service" + 0.042*"services" + 0.042*"ouled" + 0.042*"ne" + 0.042*"sont" + 0.042*"wjih" + 0.042*"agence" + 0.042*"de" + 0.042*"marrakech"
[2025-05-11T18:24:31.823+0100] {ldamodel.py:1197} INFO - topic #4 (0.088): 0.250*"bon" + 0.250*"services" + 0.042*"service" + 0.042*"sont" + 0.042*"agence" + 0.042*"wjih" + 0.042*"ouled" + 0.042*"assafa" + 0.042*"marrakech" + 0.042*"ne"
[2025-05-11T18:24:31.823+0100] {ldamodel.py:1075} INFO - topic diff=0.000053, rho=0.267261
[2025-05-11T18:24:31.825+0100] {ldamodel.py:848} INFO - -3.301 per-word bound, 9.9 perplexity estimate based on a held-out corpus of 5 documents with 23 words
[2025-05-11T18:24:31.825+0100] {ldamodel.py:1002} INFO - PROGRESS: pass 13, at document #5/5
[2025-05-11T18:24:31.826+0100] {ldamodel.py:795} INFO - optimized alpha [0.0882472, 0.04148004, 0.18075652, 0.08561819, 0.085637785]
[2025-05-11T18:24:31.826+0100] {ldamodel.py:1197} INFO - topic #0 (0.088): 0.207*"wjih" + 0.207*"agence" + 0.207*"ouled" + 0.034*"bon" + 0.034*"service" + 0.034*"services" + 0.034*"assafa" + 0.034*"sont" + 0.034*"ne" + 0.034*"pas"
[2025-05-11T18:24:31.827+0100] {ldamodel.py:1197} INFO - topic #1 (0.041): 0.071*"bon" + 0.071*"service" + 0.071*"services" + 0.071*"sont" + 0.071*"agence" + 0.071*"ouled" + 0.071*"assafa" + 0.071*"ne" + 0.071*"wjih" + 0.071*"de"
[2025-05-11T18:24:31.827+0100] {ldamodel.py:1197} INFO - topic #2 (0.181): 0.117*"professionnels" + 0.117*"bank" + 0.117*"pas" + 0.117*"marrakech" + 0.117*"de" + 0.117*"assafa" + 0.117*"ne" + 0.117*"sont" + 0.011*"bon" + 0.011*"service"
[2025-05-11T18:24:31.827+0100] {ldamodel.py:1197} INFO - topic #3 (0.086): 0.250*"bon" + 0.250*"service" + 0.042*"services" + 0.042*"ouled" + 0.042*"ne" + 0.042*"sont" + 0.042*"wjih" + 0.042*"agence" + 0.042*"de" + 0.042*"marrakech"
[2025-05-11T18:24:31.829+0100] {ldamodel.py:1197} INFO - topic #4 (0.086): 0.250*"bon" + 0.250*"services" + 0.042*"service" + 0.042*"sont" + 0.042*"agence" + 0.042*"wjih" + 0.042*"ouled" + 0.042*"assafa" + 0.042*"marrakech" + 0.042*"ne"
[2025-05-11T18:24:31.830+0100] {ldamodel.py:1075} INFO - topic diff=0.000038, rho=0.258199
[2025-05-11T18:24:31.831+0100] {ldamodel.py:848} INFO - -3.298 per-word bound, 9.8 perplexity estimate based on a held-out corpus of 5 documents with 23 words
[2025-05-11T18:24:31.831+0100] {ldamodel.py:1002} INFO - PROGRESS: pass 14, at document #5/5
[2025-05-11T18:24:31.832+0100] {ldamodel.py:795} INFO - optimized alpha [0.08617515, 0.03992607, 0.17708924, 0.08362004, 0.08363776]
[2025-05-11T18:24:31.833+0100] {ldamodel.py:1197} INFO - topic #0 (0.086): 0.207*"wjih" + 0.207*"agence" + 0.207*"ouled" + 0.034*"bon" + 0.034*"service" + 0.034*"services" + 0.034*"assafa" + 0.034*"sont" + 0.034*"ne" + 0.034*"pas"
[2025-05-11T18:24:31.833+0100] {ldamodel.py:1197} INFO - topic #1 (0.040): 0.071*"bon" + 0.071*"service" + 0.071*"services" + 0.071*"sont" + 0.071*"agence" + 0.071*"ouled" + 0.071*"assafa" + 0.071*"ne" + 0.071*"wjih" + 0.071*"de"
[2025-05-11T18:24:31.833+0100] {ldamodel.py:1197} INFO - topic #2 (0.177): 0.117*"professionnels" + 0.117*"bank" + 0.117*"pas" + 0.117*"marrakech" + 0.117*"de" + 0.117*"assafa" + 0.117*"ne" + 0.117*"sont" + 0.011*"bon" + 0.011*"service"
[2025-05-11T18:24:31.833+0100] {ldamodel.py:1197} INFO - topic #3 (0.084): 0.250*"bon" + 0.250*"service" + 0.042*"services" + 0.042*"ouled" + 0.042*"ne" + 0.042*"sont" + 0.042*"wjih" + 0.042*"agence" + 0.042*"de" + 0.042*"marrakech"
[2025-05-11T18:24:31.834+0100] {ldamodel.py:1197} INFO - topic #4 (0.084): 0.250*"bon" + 0.250*"services" + 0.042*"service" + 0.042*"sont" + 0.042*"agence" + 0.042*"wjih" + 0.042*"ouled" + 0.042*"assafa" + 0.042*"marrakech" + 0.042*"ne"
[2025-05-11T18:24:31.834+0100] {ldamodel.py:1075} INFO - topic diff=0.000028, rho=0.250000
[2025-05-11T18:24:31.834+0100] {utils.py:447} INFO - LdaModel lifecycle event {'msg': 'trained LdaModel<num_terms=14, num_topics=5, decay=0.5, chunksize=2000> in 0.15s', 'datetime': '2025-05-11T18:24:31.834566', 'gensim': '4.3.3', 'python': '3.8.10 (default, Jan 17 2025, 14:40:23) \n[GCC 9.4.0]', 'platform': 'Linux-5.15.133.1-microsoft-standard-WSL2-x86_64-with-glibc2.29', 'event': 'created'}
[2025-05-11T18:24:31.860+0100] {python.py:201} INFO - Done. Returned value was: None
[2025-05-11T18:24:31.885+0100] {taskinstance.py:1138} INFO - Marking task as SUCCESS. dag_id=Google_map, task_id=transform_phase_2_task, execution_date=20250511T170007, start_date=20250511T172326, end_date=20250511T172431
[2025-05-11T18:24:31.998+0100] {local_task_job_runner.py:234} INFO - Task exited with return code 0
[2025-05-11T18:24:32.091+0100] {taskinstance.py:3280} INFO - 1 downstream tasks scheduled from follow-on schedule check
