[2025-03-17T22:35:51.622+0000] {taskinstance.py:1956} INFO - Dependencies all met for dep_context=non-requeueable deps ti=<TaskInstance: Google_map.load_phase_task manual__2025-03-17T22:26:47.778338+00:00 [queued]>
[2025-03-17T22:35:51.656+0000] {taskinstance.py:1956} INFO - Dependencies all met for dep_context=requeueable deps ti=<TaskInstance: Google_map.load_phase_task manual__2025-03-17T22:26:47.778338+00:00 [queued]>
[2025-03-17T22:35:51.656+0000] {taskinstance.py:2170} INFO - Starting attempt 2 of 2
[2025-03-17T22:35:51.717+0000] {taskinstance.py:2191} INFO - Executing <Task(BashOperator): load_phase_task> on 2025-03-17 22:26:47.778338+00:00
[2025-03-17T22:35:51.736+0000] {standard_task_runner.py:60} INFO - Started process 20899 to run task
[2025-03-17T22:35:51.752+0000] {standard_task_runner.py:87} INFO - Running: ['airflow', 'tasks', 'run', 'Google_map', 'load_phase_task', 'manual__2025-03-17T22:26:47.778338+00:00', '--job-id', '230', '--raw', '--subdir', 'DAGS_FOLDER/google_map_dag_etl.py', '--cfg-path', '/tmp/tmpzcv2cfxm']
[2025-03-17T22:35:51.758+0000] {standard_task_runner.py:88} INFO - Job 230: Subtask load_phase_task
[2025-03-17T22:35:52.035+0000] {task_command.py:423} INFO - Running <TaskInstance: Google_map.load_phase_task manual__2025-03-17T22:26:47.778338+00:00 [running]> on host DESKTOP-AVAHALM.
[2025-03-17T22:35:52.315+0000] {taskinstance.py:2480} INFO - Exporting env vars: AIRFLOW_CTX_DAG_OWNER='master_m2si' AIRFLOW_CTX_DAG_ID='Google_map' AIRFLOW_CTX_TASK_ID='load_phase_task' AIRFLOW_CTX_EXECUTION_DATE='2025-03-17T22:26:47.778338+00:00' AIRFLOW_CTX_TRY_NUMBER='2' AIRFLOW_CTX_DAG_RUN_ID='manual__2025-03-17T22:26:47.778338+00:00'
[2025-03-17T22:35:52.321+0000] {subprocess.py:63} INFO - Tmp dir root location: /tmp
[2025-03-17T22:35:52.322+0000] {subprocess.py:75} INFO - Running command: ['/usr/bin/bash', '-c', 'cd ~/data_warehouse_project && dbt run --profiles-dir ~/.dbt --models dim_bank dim_branch dim_location dim_sentiment fact_reviews']
[2025-03-17T22:35:52.338+0000] {subprocess.py:86} INFO - Output:
[2025-03-17T22:35:57.040+0000] {subprocess.py:93} INFO - [0m22:35:57  Running with dbt=1.9.0-b2
[2025-03-17T22:35:58.197+0000] {subprocess.py:93} INFO - [0m22:35:58  Registered adapter: postgres=1.8.2
[2025-03-17T22:35:59.045+0000] {subprocess.py:93} INFO - [0m22:35:59  [[33mWARNING[0m]: Configuration paths exist in your dbt_project.yml file which do not apply to any resources.
[2025-03-17T22:35:59.046+0000] {subprocess.py:93} INFO - There are 1 unused configuration paths:
[2025-03-17T22:35:59.046+0000] {subprocess.py:93} INFO - - models.data_warehouse_project.example
[2025-03-17T22:35:59.994+0000] {subprocess.py:93} INFO - [0m22:35:59  Found 6 models, 1 source, 424 macros
[2025-03-17T22:35:59.999+0000] {subprocess.py:93} INFO - [0m22:35:59
[2025-03-17T22:36:00.004+0000] {subprocess.py:93} INFO - [0m22:36:00  Concurrency: 4 threads (target='dev')
[2025-03-17T22:36:00.005+0000] {subprocess.py:93} INFO - [0m22:36:00
[2025-03-17T22:36:00.437+0000] {subprocess.py:93} INFO - [0m22:36:00  1 of 5 START sql table model public_Decisionnelle.dim_bank ..................... [RUN]
[2025-03-17T22:36:00.444+0000] {subprocess.py:93} INFO - [0m22:36:00  2 of 5 START sql table model public_Decisionnelle.dim_branch ................... [RUN]
[2025-03-17T22:36:00.451+0000] {subprocess.py:93} INFO - [0m22:36:00  3 of 5 START sql table model public_Decisionnelle.dim_location ................. [RUN]
[2025-03-17T22:36:00.454+0000] {subprocess.py:93} INFO - [0m22:36:00  4 of 5 START sql table model public_Decisionnelle.dim_sentiment ................ [RUN]
[2025-03-17T22:36:01.719+0000] {subprocess.py:93} INFO - [0m22:36:01  3 of 5 OK created sql table model public_Decisionnelle.dim_location ............ [[32mSELECT 2[0m in 1.24s]
[2025-03-17T22:36:01.721+0000] {subprocess.py:93} INFO - [0m22:36:01  2 of 5 OK created sql table model public_Decisionnelle.dim_branch .............. [[32mSELECT 2[0m in 1.26s]
[2025-03-17T22:36:01.728+0000] {subprocess.py:93} INFO - [0m22:36:01  4 of 5 OK created sql table model public_Decisionnelle.dim_sentiment ........... [[32mSELECT 1[0m in 1.25s]
[2025-03-17T22:36:01.735+0000] {subprocess.py:93} INFO - [0m22:36:01  1 of 5 OK created sql table model public_Decisionnelle.dim_bank ................ [[32mSELECT 2[0m in 1.28s]
[2025-03-17T22:36:01.746+0000] {subprocess.py:93} INFO - [0m22:36:01  5 of 5 START sql table model public_Decisionnelle.fact_reviews ................. [RUN]
[2025-03-17T22:36:01.913+0000] {subprocess.py:93} INFO - [0m22:36:01  5 of 5 OK created sql table model public_Decisionnelle.fact_reviews ............ [[32mSELECT 0[0m in 0.16s]
[2025-03-17T22:36:01.972+0000] {subprocess.py:93} INFO - [0m22:36:01
[2025-03-17T22:36:01.972+0000] {subprocess.py:93} INFO - [0m22:36:01  Finished running 5 table models in 0 hours 0 minutes and 1.97 seconds (1.97s).
[2025-03-17T22:36:02.069+0000] {subprocess.py:93} INFO - [0m22:36:02
[2025-03-17T22:36:02.070+0000] {subprocess.py:93} INFO - [0m22:36:02  [32mCompleted successfully[0m
[2025-03-17T22:36:02.071+0000] {subprocess.py:93} INFO - [0m22:36:02
[2025-03-17T22:36:02.072+0000] {subprocess.py:93} INFO - [0m22:36:02  Done. PASS=5 WARN=0 ERROR=0 SKIP=0 TOTAL=5
[2025-03-17T22:36:04.244+0000] {subprocess.py:97} INFO - Command exited with return code 0
[2025-03-17T22:36:04.329+0000] {taskinstance.py:1138} INFO - Marking task as SUCCESS. dag_id=Google_map, task_id=load_phase_task, execution_date=20250317T222647, start_date=20250317T223551, end_date=20250317T223604
[2025-03-17T22:36:04.396+0000] {local_task_job_runner.py:234} INFO - Task exited with return code 0
[2025-03-17T22:36:04.486+0000] {taskinstance.py:3280} INFO - 0 downstream tasks scheduled from follow-on schedule check
