[2025-03-20T22:02:48.824+0000] {taskinstance.py:1956} INFO - Dependencies all met for dep_context=non-requeueable deps ti=<TaskInstance: Google_map.transform_phase_2_task manual__2025-03-20T22:02:38.687555+00:00 [queued]>
[2025-03-20T22:02:48.861+0000] {taskinstance.py:1956} INFO - Dependencies all met for dep_context=requeueable deps ti=<TaskInstance: Google_map.transform_phase_2_task manual__2025-03-20T22:02:38.687555+00:00 [queued]>
[2025-03-20T22:02:48.861+0000] {taskinstance.py:2170} INFO - Starting attempt 1 of 2
[2025-03-20T22:02:49.010+0000] {taskinstance.py:2191} INFO - Executing <Task(PythonOperator): transform_phase_2_task> on 2025-03-20 22:02:38.687555+00:00
[2025-03-20T22:02:49.020+0000] {standard_task_runner.py:60} INFO - Started process 2030 to run task
[2025-03-20T22:02:49.033+0000] {standard_task_runner.py:87} INFO - Running: ['airflow', 'tasks', 'run', 'Google_map', 'transform_phase_2_task', 'manual__2025-03-20T22:02:38.687555+00:00', '--job-id', '233', '--raw', '--subdir', 'DAGS_FOLDER/google_map_dag_etl.py', '--cfg-path', '/tmp/tmp86zxrgnp']
[2025-03-20T22:02:49.039+0000] {standard_task_runner.py:88} INFO - Job 233: Subtask transform_phase_2_task
[2025-03-20T22:02:49.699+0000] {task_command.py:423} INFO - Running <TaskInstance: Google_map.transform_phase_2_task manual__2025-03-20T22:02:38.687555+00:00 [running]> on host DESKTOP-AVAHALM.
[2025-03-20T22:02:50.628+0000] {taskinstance.py:2480} INFO - Exporting env vars: AIRFLOW_CTX_DAG_OWNER='master_m2si' AIRFLOW_CTX_DAG_ID='Google_map' AIRFLOW_CTX_TASK_ID='transform_phase_2_task' AIRFLOW_CTX_EXECUTION_DATE='2025-03-20T22:02:38.687555+00:00' AIRFLOW_CTX_TRY_NUMBER='1' AIRFLOW_CTX_DAG_RUN_ID='manual__2025-03-20T22:02:38.687555+00:00'
[2025-03-20T22:03:30.390+0000] {transform_phase_2.py:116} INFO - Added 'language' column.
[2025-03-20T22:03:30.399+0000] {transform_phase_2.py:116} INFO - Added 'sentiment' column.
[2025-03-20T22:03:30.406+0000] {transform_phase_2.py:116} INFO - Added 'relative_topic' column.
[2025-03-20T22:03:30.415+0000] {transform_phase_2.py:116} INFO - Added 'topic_meaning' column.
[2025-03-20T22:03:38.885+0000] {dictionary.py:201} INFO - adding document #0 to Dictionary<0 unique tokens: []>
[2025-03-20T22:03:38.886+0000] {dictionary.py:206} INFO - built Dictionary<84 unique tokens: ['aussi', 'banque', 'cest', 'chaque', 'haut']...> from 9 documents (total 102 corpus positions)
[2025-03-20T22:03:38.911+0000] {utils.py:447} INFO - Dictionary lifecycle event {'msg': "built Dictionary<84 unique tokens: ['aussi', 'banque', 'cest', 'chaque', 'haut']...> from 9 documents (total 102 corpus positions)", 'datetime': '2025-03-20T22:03:38.886740', 'gensim': '4.3.3', 'python': '3.8.10 (default, Jan 17 2025, 14:40:23) \n[GCC 9.4.0]', 'platform': 'Linux-5.15.133.1-microsoft-standard-WSL2-x86_64-with-glibc2.29', 'event': 'created'}
[2025-03-20T22:03:38.913+0000] {ldamodel.py:596} INFO - using autotuned alpha, starting with [0.2, 0.2, 0.2, 0.2, 0.2]
[2025-03-20T22:03:38.913+0000] {ldamodel.py:482} INFO - using serial LDA version on this node
[2025-03-20T22:03:38.914+0000] {ldamodel.py:948} INFO - running online (multi-pass) LDA training, 5 topics, 15 passes over the supplied corpus of 9 documents, updating model once every 9 documents, evaluating perplexity every 9 documents, iterating 50x with a convergence threshold of 0.001000
[2025-03-20T22:03:38.936+0000] {ldamodel.py:848} INFO - -7.936 per-word bound, 244.8 perplexity estimate based on a held-out corpus of 9 documents with 102 words
[2025-03-20T22:03:38.936+0000] {ldamodel.py:1002} INFO - PROGRESS: pass 0, at document #9/9
[2025-03-20T22:03:38.949+0000] {ldamodel.py:795} INFO - optimized alpha [0.21082415, 0.16265959, 0.1723832, 0.1437226, 0.21473078]
[2025-03-20T22:03:38.953+0000] {ldamodel.py:1197} INFO - topic #0 (0.211): 0.039*"encore" + 0.030*"depuis" + 0.030*"pire" + 0.030*"actuellement" + 0.030*"nulle" + 0.030*"ouverture" + 0.029*"bon" + 0.029*"courage" + 0.020*"non" + 0.020*"carte"
[2025-03-20T22:03:38.953+0000] {ldamodel.py:1197} INFO - topic #1 (0.163): 0.042*"cest" + 0.041*"frais" + 0.039*"plus" + 0.025*"45" + 0.025*"banque" + 0.025*"minutes" + 0.025*"pauvre" + 0.025*"agent" + 0.025*"renseignement" + 0.025*"dattente"
[2025-03-20T22:03:38.954+0000] {ldamodel.py:1197} INFO - topic #2 (0.172): 0.047*"avis" + 0.047*"remercions" + 0.047*"accompagner" + 0.047*"plaisir" + 0.022*"plus" + 0.017*"frais" + 0.017*"cest" + 0.016*"cher" + 0.016*"chose" + 0.015*"comote"
[2025-03-20T22:03:38.955+0000] {ldamodel.py:1197} INFO - topic #3 (0.144): 0.029*"non" + 0.024*"carte" + 0.023*"expiré" + 0.021*"chose" + 0.020*"a" + 0.020*"comme" + 0.019*"travail" + 0.019*"disponibilité" + 0.019*"clients" + 0.019*"encore"
[2025-03-20T22:03:38.956+0000] {ldamodel.py:1197} INFO - topic #4 (0.215): 0.036*"très" + 0.033*"personnel" + 0.024*"sympathique" + 0.024*"dagence" + 0.024*"lécoute" + 0.024*"chef" + 0.024*"commerciaux" + 0.024*"bon" + 0.024*"service" + 0.024*"carte"
[2025-03-20T22:03:38.956+0000] {ldamodel.py:1075} INFO - topic diff=2.348025, rho=1.000000
[2025-03-20T22:03:38.971+0000] {ldamodel.py:848} INFO - -5.457 per-word bound, 43.9 perplexity estimate based on a held-out corpus of 9 documents with 102 words
[2025-03-20T22:03:38.972+0000] {ldamodel.py:1002} INFO - PROGRESS: pass 1, at document #9/9
[2025-03-20T22:03:38.979+0000] {ldamodel.py:795} INFO - optimized alpha [0.16421437, 0.14371222, 0.13098484, 0.10505131, 0.21043976]
[2025-03-20T22:03:38.981+0000] {ldamodel.py:1197} INFO - topic #0 (0.164): 0.043*"encore" + 0.038*"depuis" + 0.038*"pire" + 0.038*"actuellement" + 0.038*"nulle" + 0.038*"ouverture" + 0.038*"bon" + 0.038*"courage" + 0.015*"non" + 0.015*"carte"
[2025-03-20T22:03:38.982+0000] {ldamodel.py:1197} INFO - topic #1 (0.144): 0.043*"cest" + 0.042*"frais" + 0.041*"plus" + 0.024*"45" + 0.024*"minutes" + 0.024*"pauvre" + 0.024*"agent" + 0.024*"renseignement" + 0.024*"dattente" + 0.024*"banque"
[2025-03-20T22:03:38.982+0000] {ldamodel.py:1197} INFO - topic #2 (0.131): 0.053*"avis" + 0.053*"remercions" + 0.053*"accompagner" + 0.053*"plaisir" + 0.016*"plus" + 0.013*"frais" + 0.013*"cest" + 0.013*"cher" + 0.013*"chose" + 0.012*"comote"
[2025-03-20T22:03:38.985+0000] {ldamodel.py:1197} INFO - topic #3 (0.105): 0.021*"non" + 0.018*"carte" + 0.018*"expiré" + 0.016*"chose" + 0.016*"a" + 0.016*"comme" + 0.016*"travail" + 0.016*"disponibilité" + 0.016*"clients" + 0.015*"encore"
[2025-03-20T22:03:38.986+0000] {ldamodel.py:1197} INFO - topic #4 (0.210): 0.032*"très" + 0.031*"personnel" + 0.028*"carte" + 0.027*"non" + 0.019*"sympathique" + 0.019*"dagence" + 0.019*"lécoute" + 0.019*"chef" + 0.019*"commerciaux" + 0.019*"service"
[2025-03-20T22:03:38.986+0000] {ldamodel.py:1075} INFO - topic diff=0.363085, rho=0.577350
[2025-03-20T22:03:38.994+0000] {ldamodel.py:848} INFO - -5.231 per-word bound, 37.5 perplexity estimate based on a held-out corpus of 9 documents with 102 words
[2025-03-20T22:03:38.995+0000] {ldamodel.py:1002} INFO - PROGRESS: pass 2, at document #9/9
[2025-03-20T22:03:38.999+0000] {ldamodel.py:795} INFO - optimized alpha [0.1392552, 0.13857318, 0.10941801, 0.085450426, 0.18949378]
[2025-03-20T22:03:39.004+0000] {ldamodel.py:1197} INFO - topic #0 (0.139): 0.046*"encore" + 0.043*"depuis" + 0.043*"pire" + 0.043*"actuellement" + 0.043*"nulle" + 0.043*"ouverture" + 0.043*"bon" + 0.043*"courage" + 0.012*"non" + 0.012*"carte"
[2025-03-20T22:03:39.005+0000] {ldamodel.py:1197} INFO - topic #1 (0.139): 0.042*"cest" + 0.042*"frais" + 0.042*"plus" + 0.033*"bon" + 0.033*"service" + 0.024*"45" + 0.024*"minutes" + 0.024*"pauvre" + 0.024*"agent" + 0.024*"renseignement"
[2025-03-20T22:03:39.006+0000] {ldamodel.py:1197} INFO - topic #2 (0.109): 0.055*"avis" + 0.055*"remercions" + 0.055*"accompagner" + 0.055*"plaisir" + 0.013*"plus" + 0.012*"frais" + 0.011*"cest" + 0.011*"cher" + 0.011*"chose" + 0.011*"comote"
[2025-03-20T22:03:39.006+0000] {ldamodel.py:1197} INFO - topic #3 (0.085): 0.017*"non" + 0.015*"carte" + 0.015*"expiré" + 0.014*"chose" + 0.014*"a" + 0.014*"comme" + 0.014*"travail" + 0.014*"disponibilité" + 0.014*"clients" + 0.014*"encore"
[2025-03-20T22:03:39.006+0000] {ldamodel.py:1197} INFO - topic #4 (0.189): 0.032*"très" + 0.031*"personnel" + 0.030*"carte" + 0.029*"non" + 0.018*"sympathique" + 0.018*"dagence" + 0.018*"lécoute" + 0.018*"chef" + 0.018*"commerciaux" + 0.017*"banque"
[2025-03-20T22:03:39.007+0000] {ldamodel.py:1075} INFO - topic diff=0.206922, rho=0.500000
[2025-03-20T22:03:39.013+0000] {ldamodel.py:848} INFO - -5.171 per-word bound, 36.0 perplexity estimate based on a held-out corpus of 9 documents with 102 words
[2025-03-20T22:03:39.014+0000] {ldamodel.py:1002} INFO - PROGRESS: pass 3, at document #9/9
[2025-03-20T22:03:39.016+0000] {ldamodel.py:795} INFO - optimized alpha [0.12324299, 0.13321087, 0.09561644, 0.073090106, 0.17326558]
[2025-03-20T22:03:39.020+0000] {ldamodel.py:1197} INFO - topic #0 (0.123): 0.047*"encore" + 0.045*"depuis" + 0.045*"pire" + 0.045*"actuellement" + 0.045*"nulle" + 0.045*"ouverture" + 0.045*"bon" + 0.045*"courage" + 0.010*"non" + 0.010*"carte"
[2025-03-20T22:03:39.021+0000] {ldamodel.py:1197} INFO - topic #1 (0.133): 0.042*"cest" + 0.042*"frais" + 0.042*"plus" + 0.037*"bon" + 0.037*"service" + 0.023*"45" + 0.023*"minutes" + 0.023*"pauvre" + 0.023*"agent" + 0.023*"renseignement"
[2025-03-20T22:03:39.021+0000] {ldamodel.py:1197} INFO - topic #2 (0.096): 0.056*"avis" + 0.056*"remercions" + 0.056*"accompagner" + 0.056*"plaisir" + 0.011*"plus" + 0.011*"frais" + 0.011*"cest" + 0.011*"cher" + 0.010*"chose" + 0.010*"comote"
[2025-03-20T22:03:39.022+0000] {ldamodel.py:1197} INFO - topic #3 (0.073): 0.015*"non" + 0.014*"carte" + 0.014*"expiré" + 0.013*"chose" + 0.013*"a" + 0.013*"comme" + 0.013*"travail" + 0.013*"disponibilité" + 0.013*"clients" + 0.013*"encore"
[2025-03-20T22:03:39.023+0000] {ldamodel.py:1197} INFO - topic #4 (0.173): 0.031*"très" + 0.031*"personnel" + 0.030*"carte" + 0.030*"non" + 0.017*"sympathique" + 0.017*"dagence" + 0.017*"lécoute" + 0.017*"chef" + 0.017*"commerciaux" + 0.017*"banque"
[2025-03-20T22:03:39.023+0000] {ldamodel.py:1075} INFO - topic diff=0.119977, rho=0.447214
[2025-03-20T22:03:39.031+0000] {ldamodel.py:848} INFO - -5.155 per-word bound, 35.6 perplexity estimate based on a held-out corpus of 9 documents with 102 words
[2025-03-20T22:03:39.031+0000] {ldamodel.py:1002} INFO - PROGRESS: pass 4, at document #9/9
[2025-03-20T22:03:39.039+0000] {ldamodel.py:795} INFO - optimized alpha [0.1118618, 0.12804675, 0.08581431, 0.06440641, 0.16055773]
[2025-03-20T22:03:39.040+0000] {ldamodel.py:1197} INFO - topic #0 (0.112): 0.047*"encore" + 0.046*"depuis" + 0.046*"pire" + 0.046*"actuellement" + 0.046*"nulle" + 0.046*"ouverture" + 0.046*"bon" + 0.046*"courage" + 0.009*"non" + 0.009*"carte"
[2025-03-20T22:03:39.043+0000] {ldamodel.py:1197} INFO - topic #1 (0.128): 0.042*"cest" + 0.042*"frais" + 0.042*"plus" + 0.039*"bon" + 0.039*"service" + 0.023*"45" + 0.023*"minutes" + 0.023*"pauvre" + 0.023*"agent" + 0.023*"renseignement"
[2025-03-20T22:03:39.044+0000] {ldamodel.py:1197} INFO - topic #2 (0.086): 0.057*"avis" + 0.057*"remercions" + 0.057*"accompagner" + 0.057*"plaisir" + 0.011*"plus" + 0.010*"frais" + 0.010*"cest" + 0.010*"cher" + 0.010*"chose" + 0.010*"comote"
[2025-03-20T22:03:39.045+0000] {ldamodel.py:1197} INFO - topic #3 (0.064): 0.014*"non" + 0.013*"carte" + 0.013*"expiré" + 0.013*"chose" + 0.013*"a" + 0.013*"comme" + 0.013*"travail" + 0.013*"disponibilité" + 0.013*"clients" + 0.013*"encore"
[2025-03-20T22:03:39.045+0000] {ldamodel.py:1197} INFO - topic #4 (0.161): 0.031*"très" + 0.031*"personnel" + 0.031*"carte" + 0.030*"non" + 0.017*"sympathique" + 0.017*"dagence" + 0.017*"lécoute" + 0.017*"chef" + 0.017*"commerciaux" + 0.017*"banque"
[2025-03-20T22:03:39.046+0000] {ldamodel.py:1075} INFO - topic diff=0.071235, rho=0.408248
[2025-03-20T22:03:39.054+0000] {ldamodel.py:848} INFO - -5.148 per-word bound, 35.5 perplexity estimate based on a held-out corpus of 9 documents with 102 words
[2025-03-20T22:03:39.054+0000] {ldamodel.py:1002} INFO - PROGRESS: pass 5, at document #9/9
[2025-03-20T22:03:39.060+0000] {ldamodel.py:795} INFO - optimized alpha [0.10323109, 0.12322237, 0.07839307, 0.05789121, 0.15029258]
[2025-03-20T22:03:39.061+0000] {ldamodel.py:1197} INFO - topic #0 (0.103): 0.048*"encore" + 0.047*"depuis" + 0.047*"pire" + 0.047*"actuellement" + 0.047*"nulle" + 0.047*"ouverture" + 0.047*"bon" + 0.047*"courage" + 0.009*"non" + 0.009*"carte"
[2025-03-20T22:03:39.062+0000] {ldamodel.py:1197} INFO - topic #1 (0.123): 0.042*"cest" + 0.042*"frais" + 0.042*"plus" + 0.040*"bon" + 0.040*"service" + 0.023*"45" + 0.023*"minutes" + 0.023*"pauvre" + 0.023*"agent" + 0.023*"renseignement"
[2025-03-20T22:03:39.062+0000] {ldamodel.py:1197} INFO - topic #2 (0.078): 0.057*"avis" + 0.057*"remercions" + 0.057*"accompagner" + 0.057*"plaisir" + 0.010*"plus" + 0.010*"frais" + 0.010*"cest" + 0.010*"cher" + 0.010*"chose" + 0.010*"comote"
[2025-03-20T22:03:39.063+0000] {ldamodel.py:1197} INFO - topic #3 (0.058): 0.013*"non" + 0.013*"carte" + 0.013*"expiré" + 0.012*"chose" + 0.012*"a" + 0.012*"comme" + 0.012*"travail" + 0.012*"disponibilité" + 0.012*"clients" + 0.012*"encore"
[2025-03-20T22:03:39.064+0000] {ldamodel.py:1197} INFO - topic #4 (0.150): 0.031*"très" + 0.031*"personnel" + 0.031*"carte" + 0.031*"non" + 0.017*"sympathique" + 0.017*"dagence" + 0.017*"lécoute" + 0.017*"chef" + 0.017*"commerciaux" + 0.017*"banque"
[2025-03-20T22:03:39.064+0000] {ldamodel.py:1075} INFO - topic diff=0.043332, rho=0.377964
[2025-03-20T22:03:39.072+0000] {ldamodel.py:848} INFO - -5.145 per-word bound, 35.4 perplexity estimate based on a held-out corpus of 9 documents with 102 words
[2025-03-20T22:03:39.073+0000] {ldamodel.py:1002} INFO - PROGRESS: pass 6, at document #9/9
[2025-03-20T22:03:39.079+0000] {ldamodel.py:795} INFO - optimized alpha [0.0963909, 0.118771486, 0.072525255, 0.052780576, 0.14178303]
[2025-03-20T22:03:39.080+0000] {ldamodel.py:1197} INFO - topic #0 (0.096): 0.048*"encore" + 0.048*"depuis" + 0.048*"pire" + 0.048*"actuellement" + 0.048*"nulle" + 0.048*"ouverture" + 0.048*"courage" + 0.048*"bon" + 0.009*"non" + 0.009*"carte"
[2025-03-20T22:03:39.081+0000] {ldamodel.py:1197} INFO - topic #1 (0.119): 0.042*"cest" + 0.042*"frais" + 0.042*"plus" + 0.041*"bon" + 0.041*"service" + 0.023*"45" + 0.023*"minutes" + 0.023*"pauvre" + 0.023*"agent" + 0.023*"renseignement"
[2025-03-20T22:03:39.082+0000] {ldamodel.py:1197} INFO - topic #2 (0.073): 0.057*"avis" + 0.057*"remercions" + 0.057*"accompagner" + 0.057*"plaisir" + 0.010*"plus" + 0.010*"frais" + 0.010*"cest" + 0.010*"cher" + 0.010*"chose" + 0.010*"comote"
[2025-03-20T22:03:39.082+0000] {ldamodel.py:1197} INFO - topic #3 (0.053): 0.013*"non" + 0.012*"carte" + 0.012*"expiré" + 0.012*"chose" + 0.012*"a" + 0.012*"comme" + 0.012*"travail" + 0.012*"disponibilité" + 0.012*"clients" + 0.012*"encore"
[2025-03-20T22:03:39.083+0000] {ldamodel.py:1197} INFO - topic #4 (0.142): 0.031*"très" + 0.031*"personnel" + 0.031*"carte" + 0.031*"non" + 0.017*"sympathique" + 0.017*"dagence" + 0.017*"lécoute" + 0.017*"chef" + 0.017*"commerciaux" + 0.017*"banque"
[2025-03-20T22:03:39.086+0000] {ldamodel.py:1075} INFO - topic diff=0.027031, rho=0.353553
[2025-03-20T22:03:39.089+0000] {ldamodel.py:848} INFO - -5.142 per-word bound, 35.3 perplexity estimate based on a held-out corpus of 9 documents with 102 words
[2025-03-20T22:03:39.090+0000] {ldamodel.py:1002} INFO - PROGRESS: pass 7, at document #9/9
[2025-03-20T22:03:39.096+0000] {ldamodel.py:795} INFO - optimized alpha [0.09079382, 0.11468378, 0.067737356, 0.04864036, 0.13458134]
[2025-03-20T22:03:39.098+0000] {ldamodel.py:1197} INFO - topic #0 (0.091): 0.048*"encore" + 0.048*"depuis" + 0.048*"pire" + 0.048*"actuellement" + 0.048*"nulle" + 0.048*"ouverture" + 0.048*"courage" + 0.048*"bon" + 0.008*"non" + 0.008*"carte"
[2025-03-20T22:03:39.098+0000] {ldamodel.py:1197} INFO - topic #1 (0.115): 0.042*"cest" + 0.042*"frais" + 0.042*"plus" + 0.041*"bon" + 0.041*"service" + 0.023*"45" + 0.023*"minutes" + 0.023*"pauvre" + 0.023*"agent" + 0.023*"renseignement"
[2025-03-20T22:03:39.099+0000] {ldamodel.py:1197} INFO - topic #2 (0.068): 0.057*"avis" + 0.057*"remercions" + 0.057*"accompagner" + 0.057*"plaisir" + 0.010*"plus" + 0.010*"frais" + 0.010*"cest" + 0.010*"cher" + 0.010*"chose" + 0.010*"comote"
[2025-03-20T22:03:39.099+0000] {ldamodel.py:1197} INFO - topic #3 (0.049): 0.012*"non" + 0.012*"carte" + 0.012*"expiré" + 0.012*"chose" + 0.012*"a" + 0.012*"comme" + 0.012*"travail" + 0.012*"disponibilité" + 0.012*"clients" + 0.012*"encore"
[2025-03-20T22:03:39.100+0000] {ldamodel.py:1197} INFO - topic #4 (0.135): 0.031*"très" + 0.031*"personnel" + 0.031*"carte" + 0.031*"non" + 0.017*"sympathique" + 0.017*"dagence" + 0.017*"lécoute" + 0.017*"chef" + 0.017*"commerciaux" + 0.017*"banque"
[2025-03-20T22:03:39.101+0000] {ldamodel.py:1075} INFO - topic diff=0.017272, rho=0.333333
[2025-03-20T22:03:39.112+0000] {ldamodel.py:848} INFO - -5.139 per-word bound, 35.2 perplexity estimate based on a held-out corpus of 9 documents with 102 words
[2025-03-20T22:03:39.112+0000] {ldamodel.py:1002} INFO - PROGRESS: pass 8, at document #9/9
[2025-03-20T22:03:39.115+0000] {ldamodel.py:795} INFO - optimized alpha [0.08610174, 0.11093286, 0.063736096, 0.04520314, 0.12838402]
[2025-03-20T22:03:39.116+0000] {ldamodel.py:1197} INFO - topic #0 (0.086): 0.048*"encore" + 0.048*"depuis" + 0.048*"pire" + 0.048*"actuellement" + 0.048*"nulle" + 0.048*"ouverture" + 0.048*"courage" + 0.048*"bon" + 0.008*"non" + 0.008*"carte"
[2025-03-20T22:03:39.119+0000] {ldamodel.py:1197} INFO - topic #1 (0.111): 0.042*"cest" + 0.042*"frais" + 0.042*"plus" + 0.041*"bon" + 0.041*"service" + 0.023*"45" + 0.023*"minutes" + 0.023*"pauvre" + 0.023*"agent" + 0.023*"renseignement"
[2025-03-20T22:03:39.120+0000] {ldamodel.py:1197} INFO - topic #2 (0.064): 0.058*"avis" + 0.058*"remercions" + 0.058*"accompagner" + 0.058*"plaisir" + 0.010*"plus" + 0.010*"frais" + 0.010*"cest" + 0.010*"cher" + 0.010*"chose" + 0.010*"comote"
[2025-03-20T22:03:39.121+0000] {ldamodel.py:1197} INFO - topic #3 (0.045): 0.012*"non" + 0.012*"carte" + 0.012*"expiré" + 0.012*"chose" + 0.012*"a" + 0.012*"comme" + 0.012*"travail" + 0.012*"disponibilité" + 0.012*"clients" + 0.012*"encore"
[2025-03-20T22:03:39.121+0000] {ldamodel.py:1197} INFO - topic #4 (0.128): 0.031*"très" + 0.031*"personnel" + 0.031*"carte" + 0.031*"non" + 0.017*"sympathique" + 0.017*"dagence" + 0.017*"lécoute" + 0.017*"chef" + 0.017*"commerciaux" + 0.017*"banque"
[2025-03-20T22:03:39.122+0000] {ldamodel.py:1075} INFO - topic diff=0.011283, rho=0.316228
[2025-03-20T22:03:39.131+0000] {ldamodel.py:848} INFO - -5.137 per-word bound, 35.2 perplexity estimate based on a held-out corpus of 9 documents with 102 words
[2025-03-20T22:03:39.132+0000] {ldamodel.py:1002} INFO - PROGRESS: pass 9, at document #9/9
[2025-03-20T22:03:39.137+0000] {ldamodel.py:795} INFO - optimized alpha [0.082092896, 0.10748641, 0.060328722, 0.042294048, 0.12297742]
[2025-03-20T22:03:39.140+0000] {ldamodel.py:1197} INFO - topic #0 (0.082): 0.048*"encore" + 0.048*"depuis" + 0.048*"pire" + 0.048*"actuellement" + 0.048*"nulle" + 0.048*"ouverture" + 0.048*"courage" + 0.048*"bon" + 0.008*"non" + 0.008*"carte"
[2025-03-20T22:03:39.143+0000] {ldamodel.py:1197} INFO - topic #1 (0.107): 0.042*"cest" + 0.042*"frais" + 0.042*"plus" + 0.041*"bon" + 0.041*"service" + 0.023*"45" + 0.023*"minutes" + 0.023*"pauvre" + 0.023*"agent" + 0.023*"renseignement"
[2025-03-20T22:03:39.148+0000] {ldamodel.py:1197} INFO - topic #2 (0.060): 0.058*"avis" + 0.058*"remercions" + 0.058*"accompagner" + 0.058*"plaisir" + 0.010*"plus" + 0.010*"frais" + 0.010*"cest" + 0.010*"cher" + 0.010*"chose" + 0.010*"comote"
[2025-03-20T22:03:39.149+0000] {ldamodel.py:1197} INFO - topic #3 (0.042): 0.012*"non" + 0.012*"carte" + 0.012*"expiré" + 0.012*"chose" + 0.012*"a" + 0.012*"comme" + 0.012*"travail" + 0.012*"disponibilité" + 0.012*"clients" + 0.012*"encore"
[2025-03-20T22:03:39.150+0000] {ldamodel.py:1197} INFO - topic #4 (0.123): 0.031*"très" + 0.031*"personnel" + 0.031*"carte" + 0.031*"non" + 0.017*"sympathique" + 0.017*"dagence" + 0.017*"lécoute" + 0.017*"chef" + 0.017*"commerciaux" + 0.017*"banque"
[2025-03-20T22:03:39.151+0000] {ldamodel.py:1075} INFO - topic diff=0.007522, rho=0.301511
[2025-03-20T22:03:39.166+0000] {ldamodel.py:848} INFO - -5.135 per-word bound, 35.1 perplexity estimate based on a held-out corpus of 9 documents with 102 words
[2025-03-20T22:03:39.166+0000] {ldamodel.py:1002} INFO - PROGRESS: pass 10, at document #9/9
[2025-03-20T22:03:39.172+0000] {ldamodel.py:795} INFO - optimized alpha [0.07861507, 0.104313456, 0.057382695, 0.03979333, 0.11820656]
[2025-03-20T22:03:39.173+0000] {ldamodel.py:1197} INFO - topic #0 (0.079): 0.048*"encore" + 0.048*"depuis" + 0.048*"pire" + 0.048*"actuellement" + 0.048*"nulle" + 0.048*"ouverture" + 0.048*"courage" + 0.048*"bon" + 0.008*"non" + 0.008*"carte"
[2025-03-20T22:03:39.179+0000] {ldamodel.py:1197} INFO - topic #1 (0.104): 0.042*"cest" + 0.042*"frais" + 0.042*"plus" + 0.041*"bon" + 0.041*"service" + 0.023*"45" + 0.023*"minutes" + 0.023*"pauvre" + 0.023*"agent" + 0.023*"renseignement"
[2025-03-20T22:03:39.180+0000] {ldamodel.py:1197} INFO - topic #2 (0.057): 0.058*"avis" + 0.058*"remercions" + 0.058*"accompagner" + 0.058*"plaisir" + 0.010*"plus" + 0.010*"frais" + 0.010*"cest" + 0.010*"cher" + 0.010*"chose" + 0.010*"comote"
[2025-03-20T22:03:39.181+0000] {ldamodel.py:1197} INFO - topic #3 (0.040): 0.012*"non" + 0.012*"carte" + 0.012*"expiré" + 0.012*"chose" + 0.012*"a" + 0.012*"comme" + 0.012*"travail" + 0.012*"disponibilité" + 0.012*"clients" + 0.012*"encore"
[2025-03-20T22:03:39.182+0000] {ldamodel.py:1197} INFO - topic #4 (0.118): 0.031*"très" + 0.031*"personnel" + 0.031*"carte" + 0.031*"non" + 0.017*"sympathique" + 0.017*"dagence" + 0.017*"lécoute" + 0.017*"chef" + 0.017*"commerciaux" + 0.017*"banque"
[2025-03-20T22:03:39.183+0000] {ldamodel.py:1075} INFO - topic diff=0.005109, rho=0.288675
[2025-03-20T22:03:39.197+0000] {ldamodel.py:848} INFO - -5.133 per-word bound, 35.1 perplexity estimate based on a held-out corpus of 9 documents with 102 words
[2025-03-20T22:03:39.197+0000] {ldamodel.py:1002} INFO - PROGRESS: pass 11, at document #9/9
[2025-03-20T22:03:39.201+0000] {ldamodel.py:795} INFO - optimized alpha [0.07555975, 0.10138478, 0.054803427, 0.03761588, 0.11395585]
[2025-03-20T22:03:39.202+0000] {ldamodel.py:1197} INFO - topic #0 (0.076): 0.048*"encore" + 0.048*"depuis" + 0.048*"pire" + 0.048*"actuellement" + 0.048*"nulle" + 0.048*"ouverture" + 0.048*"courage" + 0.048*"bon" + 0.008*"non" + 0.008*"carte"
[2025-03-20T22:03:39.214+0000] {ldamodel.py:1197} INFO - topic #1 (0.101): 0.042*"cest" + 0.042*"frais" + 0.042*"plus" + 0.041*"bon" + 0.041*"service" + 0.023*"45" + 0.023*"minutes" + 0.023*"pauvre" + 0.023*"agent" + 0.023*"renseignement"
[2025-03-20T22:03:39.215+0000] {ldamodel.py:1197} INFO - topic #2 (0.055): 0.058*"avis" + 0.058*"remercions" + 0.058*"accompagner" + 0.058*"plaisir" + 0.010*"plus" + 0.010*"frais" + 0.010*"cest" + 0.010*"cher" + 0.010*"chose" + 0.010*"comote"
[2025-03-20T22:03:39.215+0000] {ldamodel.py:1197} INFO - topic #3 (0.038): 0.012*"non" + 0.012*"carte" + 0.012*"expiré" + 0.012*"chose" + 0.012*"a" + 0.012*"comme" + 0.012*"travail" + 0.012*"disponibilité" + 0.012*"clients" + 0.012*"encore"
[2025-03-20T22:03:39.216+0000] {ldamodel.py:1197} INFO - topic #4 (0.114): 0.031*"très" + 0.031*"personnel" + 0.031*"carte" + 0.031*"non" + 0.017*"sympathique" + 0.017*"dagence" + 0.017*"lécoute" + 0.017*"chef" + 0.017*"commerciaux" + 0.017*"banque"
[2025-03-20T22:03:39.218+0000] {ldamodel.py:1075} INFO - topic diff=0.003530, rho=0.277350
[2025-03-20T22:03:39.237+0000] {ldamodel.py:848} INFO - -5.131 per-word bound, 35.0 perplexity estimate based on a held-out corpus of 9 documents with 102 words
[2025-03-20T22:03:39.237+0000] {ldamodel.py:1002} INFO - PROGRESS: pass 12, at document #9/9
[2025-03-20T22:03:39.252+0000] {ldamodel.py:795} INFO - optimized alpha [0.072847195, 0.09867413, 0.052521396, 0.03569935, 0.11013714]
[2025-03-20T22:03:39.253+0000] {ldamodel.py:1197} INFO - topic #0 (0.073): 0.048*"encore" + 0.048*"depuis" + 0.048*"pire" + 0.048*"actuellement" + 0.048*"nulle" + 0.048*"ouverture" + 0.048*"courage" + 0.048*"bon" + 0.008*"non" + 0.008*"carte"
[2025-03-20T22:03:39.254+0000] {ldamodel.py:1197} INFO - topic #1 (0.099): 0.042*"cest" + 0.042*"frais" + 0.042*"plus" + 0.042*"bon" + 0.042*"service" + 0.023*"45" + 0.023*"minutes" + 0.023*"pauvre" + 0.023*"agent" + 0.023*"renseignement"
[2025-03-20T22:03:39.255+0000] {ldamodel.py:1197} INFO - topic #2 (0.053): 0.058*"avis" + 0.058*"remercions" + 0.058*"accompagner" + 0.058*"plaisir" + 0.010*"plus" + 0.010*"frais" + 0.010*"cest" + 0.010*"cher" + 0.010*"chose" + 0.010*"comote"
[2025-03-20T22:03:39.256+0000] {ldamodel.py:1197} INFO - topic #3 (0.036): 0.012*"non" + 0.012*"carte" + 0.012*"expiré" + 0.012*"chose" + 0.012*"a" + 0.012*"comme" + 0.012*"travail" + 0.012*"disponibilité" + 0.012*"clients" + 0.012*"encore"
[2025-03-20T22:03:39.257+0000] {ldamodel.py:1197} INFO - topic #4 (0.110): 0.031*"très" + 0.031*"personnel" + 0.031*"carte" + 0.031*"non" + 0.017*"sympathique" + 0.017*"dagence" + 0.017*"lécoute" + 0.017*"chef" + 0.017*"commerciaux" + 0.017*"banque"
[2025-03-20T22:03:39.257+0000] {ldamodel.py:1075} INFO - topic diff=0.002477, rho=0.267261
[2025-03-20T22:03:39.264+0000] {ldamodel.py:848} INFO - -5.129 per-word bound, 35.0 perplexity estimate based on a held-out corpus of 9 documents with 102 words
[2025-03-20T22:03:39.264+0000] {ldamodel.py:1002} INFO - PROGRESS: pass 13, at document #9/9
[2025-03-20T22:03:39.268+0000] {ldamodel.py:795} INFO - optimized alpha [0.070417315, 0.09615828, 0.05048417, 0.0339969, 0.10668186]
[2025-03-20T22:03:39.269+0000] {ldamodel.py:1197} INFO - topic #0 (0.070): 0.048*"encore" + 0.048*"depuis" + 0.048*"pire" + 0.048*"actuellement" + 0.048*"nulle" + 0.048*"ouverture" + 0.048*"courage" + 0.048*"bon" + 0.008*"non" + 0.008*"carte"
[2025-03-20T22:03:39.270+0000] {ldamodel.py:1197} INFO - topic #1 (0.096): 0.042*"cest" + 0.042*"frais" + 0.042*"plus" + 0.042*"bon" + 0.042*"service" + 0.023*"45" + 0.023*"pauvre" + 0.023*"minutes" + 0.023*"agent" + 0.023*"renseignement"
[2025-03-20T22:03:39.270+0000] {ldamodel.py:1197} INFO - topic #2 (0.050): 0.058*"avis" + 0.058*"remercions" + 0.058*"accompagner" + 0.058*"plaisir" + 0.010*"plus" + 0.010*"frais" + 0.010*"cest" + 0.010*"cher" + 0.010*"chose" + 0.010*"comote"
[2025-03-20T22:03:39.270+0000] {ldamodel.py:1197} INFO - topic #3 (0.034): 0.012*"non" + 0.012*"carte" + 0.012*"expiré" + 0.012*"chose" + 0.012*"a" + 0.012*"comme" + 0.012*"travail" + 0.012*"disponibilité" + 0.012*"clients" + 0.012*"encore"
[2025-03-20T22:03:39.271+0000] {ldamodel.py:1197} INFO - topic #4 (0.107): 0.031*"très" + 0.031*"personnel" + 0.031*"carte" + 0.031*"non" + 0.017*"sympathique" + 0.017*"dagence" + 0.017*"lécoute" + 0.017*"chef" + 0.017*"commerciaux" + 0.017*"banque"
[2025-03-20T22:03:39.271+0000] {ldamodel.py:1075} INFO - topic diff=0.001763, rho=0.258199
[2025-03-20T22:03:39.280+0000] {ldamodel.py:848} INFO - -5.127 per-word bound, 35.0 perplexity estimate based on a held-out corpus of 9 documents with 102 words
[2025-03-20T22:03:39.286+0000] {ldamodel.py:1002} INFO - PROGRESS: pass 14, at document #9/9
[2025-03-20T22:03:39.289+0000] {ldamodel.py:795} INFO - optimized alpha [0.06822384, 0.09381678, 0.0486514, 0.03247258, 0.10353577]
[2025-03-20T22:03:39.291+0000] {ldamodel.py:1197} INFO - topic #0 (0.068): 0.048*"encore" + 0.048*"depuis" + 0.048*"pire" + 0.048*"actuellement" + 0.048*"nulle" + 0.048*"ouverture" + 0.048*"courage" + 0.048*"bon" + 0.008*"non" + 0.008*"carte"
[2025-03-20T22:03:39.292+0000] {ldamodel.py:1197} INFO - topic #1 (0.094): 0.042*"cest" + 0.042*"frais" + 0.042*"plus" + 0.042*"bon" + 0.042*"service" + 0.023*"45" + 0.023*"minutes" + 0.023*"pauvre" + 0.023*"agent" + 0.023*"renseignement"
[2025-03-20T22:03:39.293+0000] {ldamodel.py:1197} INFO - topic #2 (0.049): 0.058*"avis" + 0.058*"remercions" + 0.058*"accompagner" + 0.058*"plaisir" + 0.010*"plus" + 0.010*"frais" + 0.010*"cest" + 0.010*"cher" + 0.010*"chose" + 0.010*"comote"
[2025-03-20T22:03:39.294+0000] {ldamodel.py:1197} INFO - topic #3 (0.032): 0.012*"non" + 0.012*"carte" + 0.012*"expiré" + 0.012*"chose" + 0.012*"a" + 0.012*"comme" + 0.012*"travail" + 0.012*"disponibilité" + 0.012*"clients" + 0.012*"encore"
[2025-03-20T22:03:39.294+0000] {ldamodel.py:1197} INFO - topic #4 (0.104): 0.031*"très" + 0.031*"personnel" + 0.031*"carte" + 0.031*"non" + 0.017*"sympathique" + 0.017*"dagence" + 0.017*"chef" + 0.017*"lécoute" + 0.017*"commerciaux" + 0.017*"banque"
[2025-03-20T22:03:39.295+0000] {ldamodel.py:1075} INFO - topic diff=0.001272, rho=0.250000
[2025-03-20T22:03:39.297+0000] {utils.py:447} INFO - LdaModel lifecycle event {'msg': 'trained LdaModel<num_terms=84, num_topics=5, decay=0.5, chunksize=2000> in 0.38s', 'datetime': '2025-03-20T22:03:39.297784', 'gensim': '4.3.3', 'python': '3.8.10 (default, Jan 17 2025, 14:40:23) \n[GCC 9.4.0]', 'platform': 'Linux-5.15.133.1-microsoft-standard-WSL2-x86_64-with-glibc2.29', 'event': 'created'}
[2025-03-20T22:03:39.302+0000] {logging_mixin.py:188} INFO - Topics extraction complete
[2025-03-20T22:03:39.357+0000] {taskinstance.py:2698} ERROR - Task failed with exception
Traceback (most recent call last):
  File "/home/nord/venv/lib/python3.8/site-packages/sqlalchemy/engine/base.py", line 1910, in _execute_context
    self.dialect.do_execute(
  File "/home/nord/venv/lib/python3.8/site-packages/sqlalchemy/engine/default.py", line 736, in do_execute
    cursor.execute(statement, parameters)
psycopg2.errors.NumericValueOutOfRange: integer out of range


The above exception was the direct cause of the following exception:

Traceback (most recent call last):
  File "/home/nord/venv/lib/python3.8/site-packages/airflow/models/taskinstance.py", line 433, in _execute_task
    result = execute_callable(context=context, **execute_callable_kwargs)
  File "/home/nord/venv/lib/python3.8/site-packages/airflow/operators/python.py", line 199, in execute
    return_value = self.execute_callable()
  File "/home/nord/venv/lib/python3.8/site-packages/airflow/operators/python.py", line 216, in execute_callable
    return self.python_callable(*self.op_args, **self.op_kwargs)
  File "/home/nord/airflow/dags/google_map_dag_etl.py", line 52, in <lambda>
    python_callable=lambda: __import__('transform_phase_2').main()
  File "/home/nord/airflow/dags/transform_phase_2.py", line 151, in main
    connection.execute(update_query, (row['language'], row['sentiment'],row['relative_topic'],row['topic_meaning'], row['bank_name'], row['branch_name'], row['location'], row['review_text']))
  File "/home/nord/venv/lib/python3.8/site-packages/sqlalchemy/engine/base.py", line 1370, in execute
    return self._exec_driver_sql(
  File "/home/nord/venv/lib/python3.8/site-packages/sqlalchemy/engine/base.py", line 1674, in _exec_driver_sql
    ret = self._execute_context(
  File "/home/nord/venv/lib/python3.8/site-packages/sqlalchemy/engine/base.py", line 1953, in _execute_context
    self._handle_dbapi_exception(
  File "/home/nord/venv/lib/python3.8/site-packages/sqlalchemy/engine/base.py", line 2134, in _handle_dbapi_exception
    util.raise_(
  File "/home/nord/venv/lib/python3.8/site-packages/sqlalchemy/util/compat.py", line 211, in raise_
    raise exception
  File "/home/nord/venv/lib/python3.8/site-packages/sqlalchemy/engine/base.py", line 1910, in _execute_context
    self.dialect.do_execute(
  File "/home/nord/venv/lib/python3.8/site-packages/sqlalchemy/engine/default.py", line 736, in do_execute
    cursor.execute(statement, parameters)
sqlalchemy.exc.DataError: (psycopg2.errors.NumericValueOutOfRange) integer out of range

[SQL: 
        UPDATE cleaned_reviews
            SET language = %s, sentiment = %s , relative_topic = %s , topic_meaning = %s
            WHERE bank_name = %s AND branch_name = %s AND location = %s AND review_text = %s;
        ]
[parameters: ('fr', 'Negative', nan, nan, 'Umnia Bank', 'Umnia Bank Kénitra Angle Avenue Mohamed diouri et Rue Hamman el Fatouki, Kenitra 14000 ', 'Angle Avenue Mohamed diouri et Rue Hamman el Fatouki, Kenitra 14000 ', '45 minutes dattente pour un renseignement et le pauvre agent de sécurité seul dans la banque')]
(Background on this error at: https://sqlalche.me/e/14/9h9h)
[2025-03-20T22:03:39.404+0000] {taskinstance.py:1138} INFO - Marking task as UP_FOR_RETRY. dag_id=Google_map, task_id=transform_phase_2_task, execution_date=20250320T220238, start_date=20250320T220248, end_date=20250320T220339
[2025-03-20T22:03:39.465+0000] {standard_task_runner.py:107} ERROR - Failed to execute job 233 for task transform_phase_2_task ((psycopg2.errors.NumericValueOutOfRange) integer out of range

[SQL: 
        UPDATE cleaned_reviews
            SET language = %s, sentiment = %s , relative_topic = %s , topic_meaning = %s
            WHERE bank_name = %s AND branch_name = %s AND location = %s AND review_text = %s;
        ]
[parameters: ('fr', 'Negative', nan, nan, 'Umnia Bank', 'Umnia Bank Kénitra Angle Avenue Mohamed diouri et Rue Hamman el Fatouki, Kenitra 14000 ', 'Angle Avenue Mohamed diouri et Rue Hamman el Fatouki, Kenitra 14000 ', '45 minutes dattente pour un renseignement et le pauvre agent de sécurité seul dans la banque')]
(Background on this error at: https://sqlalche.me/e/14/9h9h); 2030)
[2025-03-20T22:03:39.574+0000] {local_task_job_runner.py:234} INFO - Task exited with return code 1
[2025-03-20T22:03:39.615+0000] {taskinstance.py:3280} INFO - 0 downstream tasks scheduled from follow-on schedule check
