[2025-03-16T18:51:40.476+0000] {taskinstance.py:1956} INFO - Dependencies all met for dep_context=non-requeueable deps ti=<TaskInstance: Google_map.transform_phase_2_task manual__2025-03-16T18:51:12.944761+00:00 [queued]>
[2025-03-16T18:51:40.488+0000] {taskinstance.py:1956} INFO - Dependencies all met for dep_context=requeueable deps ti=<TaskInstance: Google_map.transform_phase_2_task manual__2025-03-16T18:51:12.944761+00:00 [queued]>
[2025-03-16T18:51:40.489+0000] {taskinstance.py:2170} INFO - Starting attempt 2 of 3
[2025-03-16T18:51:40.511+0000] {taskinstance.py:2191} INFO - Executing <Task(PythonOperator): transform_phase_2_task> on 2025-03-16 18:51:12.944761+00:00
[2025-03-16T18:51:40.515+0000] {standard_task_runner.py:60} INFO - Started process 192502 to run task
[2025-03-16T18:51:40.520+0000] {standard_task_runner.py:87} INFO - Running: ['airflow', 'tasks', 'run', 'Google_map', 'transform_phase_2_task', 'manual__2025-03-16T18:51:12.944761+00:00', '--job-id', '145', '--raw', '--subdir', 'DAGS_FOLDER/google_map_dag_etl.py', '--cfg-path', '/tmp/tmpdafgk8eb']
[2025-03-16T18:51:40.522+0000] {standard_task_runner.py:88} INFO - Job 145: Subtask transform_phase_2_task
[2025-03-16T18:51:40.616+0000] {task_command.py:423} INFO - Running <TaskInstance: Google_map.transform_phase_2_task manual__2025-03-16T18:51:12.944761+00:00 [running]> on host DESKTOP-AVAHALM.
[2025-03-16T18:51:40.782+0000] {taskinstance.py:2480} INFO - Exporting env vars: AIRFLOW_CTX_DAG_OWNER='master_m2si' AIRFLOW_CTX_DAG_ID='Google_map' AIRFLOW_CTX_TASK_ID='transform_phase_2_task' AIRFLOW_CTX_EXECUTION_DATE='2025-03-16T18:51:12.944761+00:00' AIRFLOW_CTX_TRY_NUMBER='2' AIRFLOW_CTX_DAG_RUN_ID='manual__2025-03-16T18:51:12.944761+00:00'
[2025-03-16T18:51:46.785+0000] {logging_mixin.py:188} WARNING - [nltk_data] Downloading package stopwords to /home/nord/nltk_data...
[2025-03-16T18:51:46.788+0000] {logging_mixin.py:188} WARNING - [nltk_data]   Package stopwords is already up-to-date!
[2025-03-16T18:51:46.789+0000] {logging_mixin.py:188} WARNING - [nltk_data] Downloading package punkt_tab to /home/nord/nltk_data...
[2025-03-16T18:51:46.814+0000] {logging_mixin.py:188} WARNING - [nltk_data]   Package punkt_tab is already up-to-date!
[2025-03-16T18:55:02.016+0000] {dictionary.py:201} INFO - adding document #0 to Dictionary<0 unique tokens: []>
[2025-03-16T18:55:02.019+0000] {dictionary.py:206} INFO - built Dictionary<86 unique tokens: ['500dhs', 'a', 'bancaire', 'bon', "c'est"]...> from 9 documents (total 104 corpus positions)
[2025-03-16T18:55:02.035+0000] {utils.py:447} INFO - Dictionary lifecycle event {'msg': 'built Dictionary<86 unique tokens: [\'500dhs\', \'a\', \'bancaire\', \'bon\', "c\'est"]...> from 9 documents (total 104 corpus positions)', 'datetime': '2025-03-16T18:55:02.020032', 'gensim': '4.3.3', 'python': '3.8.10 (default, Jan 17 2025, 14:40:23) \n[GCC 9.4.0]', 'platform': 'Linux-5.15.133.1-microsoft-standard-WSL2-x86_64-with-glibc2.29', 'event': 'created'}
[2025-03-16T18:55:02.036+0000] {ldamodel.py:596} INFO - using autotuned alpha, starting with [0.2, 0.2, 0.2, 0.2, 0.2]
[2025-03-16T18:55:02.036+0000] {ldamodel.py:482} INFO - using serial LDA version on this node
[2025-03-16T18:55:02.037+0000] {ldamodel.py:948} INFO - running online (multi-pass) LDA training, 5 topics, 15 passes over the supplied corpus of 9 documents, updating model once every 9 documents, evaluating perplexity every 9 documents, iterating 50x with a convergence threshold of 0.001000
[2025-03-16T18:55:02.046+0000] {ldamodel.py:848} INFO - -7.952 per-word bound, 247.7 perplexity estimate based on a held-out corpus of 9 documents with 104 words
[2025-03-16T18:55:02.047+0000] {ldamodel.py:1002} INFO - PROGRESS: pass 0, at document #9/9
[2025-03-16T18:55:02.055+0000] {ldamodel.py:795} INFO - optimized alpha [0.16777965, 0.14124914, 0.17724264, 0.1182622, 0.11152237]
[2025-03-16T18:55:02.056+0000] {ldamodel.py:1197} INFO - topic #0 (0.168): 0.054*"bon" + 0.030*"très" + 0.030*"banque" + 0.030*"c'est" + 0.030*"traiter" + 0.030*"individu" + 0.030*"services" + 0.030*"chaque" + 0.030*"plus" + 0.030*"niveau"
[2025-03-16T18:55:02.056+0000] {ldamodel.py:1197} INFO - topic #1 (0.141): 0.040*"seul" + 0.040*"pauvre" + 0.040*"minutes" + 0.040*"agent" + 0.040*"banque" + 0.040*"sécurité" + 0.040*"45" + 0.040*"renseignement" + 0.040*"d'attente" + 0.040*"accompagner"
[2025-03-16T18:55:02.056+0000] {ldamodel.py:1197} INFO - topic #2 (0.177): 0.040*"c'est" + 0.040*"frais" + 0.040*"plus" + 0.040*"ouverture" + 0.022*"service" + 0.022*"bon" + 0.022*"cool" + 0.022*"chose" + 0.022*"a" + 0.022*"tout"
[2025-03-16T18:55:02.057+0000] {ldamodel.py:1197} INFO - topic #3 (0.118): 0.044*"non" + 0.043*"carte" + 0.026*"personnel" + 0.025*"clients" + 0.025*"disponibilité" + 0.025*"fois" + 0.025*"expiré" + 0.025*"demande" + 0.025*"respect" + 0.025*"a"
[2025-03-16T18:55:02.057+0000] {ldamodel.py:1197} INFO - topic #4 (0.112): 0.025*"carte" + 0.025*"non" + 0.019*"agents" + 0.019*"comme" + 0.018*"personne" + 0.018*"vers" + 0.018*"travail" + 0.018*"faire" + 0.018*"guichet" + 0.017*"nouvelle"
[2025-03-16T18:55:02.057+0000] {ldamodel.py:1075} INFO - topic diff=3.006707, rho=1.000000
[2025-03-16T18:55:02.063+0000] {ldamodel.py:848} INFO - -5.116 per-word bound, 34.7 perplexity estimate based on a held-out corpus of 9 documents with 104 words
[2025-03-16T18:55:02.064+0000] {ldamodel.py:1002} INFO - PROGRESS: pass 1, at document #9/9
[2025-03-16T18:55:02.066+0000] {ldamodel.py:795} INFO - optimized alpha [0.1493808, 0.12159415, 0.15924138, 0.09901308, 0.084769696]
[2025-03-16T18:55:02.067+0000] {ldamodel.py:1197} INFO - topic #0 (0.149): 0.055*"bon" + 0.030*"très" + 0.030*"banque" + 0.030*"traiter" + 0.030*"individu" + 0.030*"services" + 0.030*"c'est" + 0.030*"chaque" + 0.030*"niveau" + 0.030*"heureux"
[2025-03-16T18:55:02.068+0000] {ldamodel.py:1197} INFO - topic #1 (0.122): 0.040*"seul" + 0.040*"pauvre" + 0.040*"minutes" + 0.040*"agent" + 0.040*"sécurité" + 0.040*"banque" + 0.040*"45" + 0.040*"renseignement" + 0.040*"d'attente" + 0.040*"accompagner"
[2025-03-16T18:55:02.069+0000] {ldamodel.py:1197} INFO - topic #2 (0.159): 0.040*"c'est" + 0.040*"frais" + 0.040*"plus" + 0.040*"ouverture" + 0.022*"service" + 0.022*"bon" + 0.022*"chose" + 0.022*"a" + 0.022*"cool" + 0.022*"tout"
[2025-03-16T18:55:02.070+0000] {ldamodel.py:1197} INFO - topic #3 (0.099): 0.045*"non" + 0.045*"carte" + 0.025*"personnel" + 0.025*"clients" + 0.025*"disponibilité" + 0.025*"fois" + 0.025*"expiré" + 0.025*"demande" + 0.025*"respect" + 0.025*"a"
[2025-03-16T18:55:02.070+0000] {ldamodel.py:1197} INFO - topic #4 (0.085): 0.018*"carte" + 0.018*"non" + 0.015*"agents" + 0.015*"comme" + 0.015*"personne" + 0.015*"vers" + 0.015*"travail" + 0.015*"faire" + 0.015*"guichet" + 0.014*"nouvelle"
[2025-03-16T18:55:02.070+0000] {ldamodel.py:1075} INFO - topic diff=0.097042, rho=0.577350
[2025-03-16T18:55:02.073+0000] {ldamodel.py:848} INFO - -5.075 per-word bound, 33.7 perplexity estimate based on a held-out corpus of 9 documents with 104 words
[2025-03-16T18:55:02.074+0000] {ldamodel.py:1002} INFO - PROGRESS: pass 2, at document #9/9
[2025-03-16T18:55:02.077+0000] {ldamodel.py:795} INFO - optimized alpha [0.13636217, 0.108770385, 0.14581804, 0.08682058, 0.07030429]
[2025-03-16T18:55:02.078+0000] {ldamodel.py:1197} INFO - topic #0 (0.136): 0.055*"bon" + 0.030*"très" + 0.030*"banque" + 0.030*"traiter" + 0.030*"individu" + 0.030*"services" + 0.030*"chaque" + 0.030*"niveau" + 0.030*"heureux" + 0.030*"musulman"
[2025-03-16T18:55:02.078+0000] {ldamodel.py:1197} INFO - topic #1 (0.109): 0.040*"seul" + 0.040*"pauvre" + 0.040*"minutes" + 0.040*"agent" + 0.040*"sécurité" + 0.040*"45" + 0.040*"banque" + 0.040*"renseignement" + 0.040*"d'attente" + 0.040*"accompagner"
[2025-03-16T18:55:02.079+0000] {ldamodel.py:1197} INFO - topic #2 (0.146): 0.040*"c'est" + 0.040*"plus" + 0.040*"frais" + 0.040*"ouverture" + 0.022*"service" + 0.022*"bon" + 0.022*"chose" + 0.022*"a" + 0.022*"cool" + 0.022*"tout"
[2025-03-16T18:55:02.079+0000] {ldamodel.py:1197} INFO - topic #3 (0.087): 0.046*"non" + 0.046*"carte" + 0.025*"personnel" + 0.025*"clients" + 0.025*"disponibilité" + 0.025*"fois" + 0.025*"expiré" + 0.025*"demande" + 0.025*"respect" + 0.025*"a"
[2025-03-16T18:55:02.079+0000] {ldamodel.py:1197} INFO - topic #4 (0.070): 0.015*"carte" + 0.015*"non" + 0.014*"agents" + 0.013*"comme" + 0.013*"personne" + 0.013*"vers" + 0.013*"travail" + 0.013*"faire" + 0.013*"guichet" + 0.013*"nouvelle"
[2025-03-16T18:55:02.080+0000] {ldamodel.py:1075} INFO - topic diff=0.049208, rho=0.500000
[2025-03-16T18:55:02.083+0000] {ldamodel.py:848} INFO - -5.061 per-word bound, 33.4 perplexity estimate based on a held-out corpus of 9 documents with 104 words
[2025-03-16T18:55:02.085+0000] {ldamodel.py:1002} INFO - PROGRESS: pass 3, at document #9/9
[2025-03-16T18:55:02.087+0000] {ldamodel.py:795} INFO - optimized alpha [0.12649707, 0.09949319, 0.13537388, 0.07817084, 0.060869955]
[2025-03-16T18:55:02.087+0000] {ldamodel.py:1197} INFO - topic #0 (0.126): 0.055*"bon" + 0.030*"très" + 0.030*"banque" + 0.030*"traiter" + 0.030*"individu" + 0.030*"services" + 0.030*"chaque" + 0.030*"niveau" + 0.030*"heureux" + 0.030*"musulman"
[2025-03-16T18:55:02.088+0000] {ldamodel.py:1197} INFO - topic #1 (0.099): 0.040*"seul" + 0.040*"pauvre" + 0.040*"minutes" + 0.040*"agent" + 0.040*"sécurité" + 0.040*"45" + 0.040*"banque" + 0.040*"renseignement" + 0.040*"d'attente" + 0.040*"accompagner"
[2025-03-16T18:55:02.088+0000] {ldamodel.py:1197} INFO - topic #2 (0.135): 0.040*"c'est" + 0.040*"plus" + 0.040*"frais" + 0.040*"ouverture" + 0.022*"service" + 0.022*"bon" + 0.022*"chose" + 0.022*"a" + 0.022*"cool" + 0.022*"tout"
[2025-03-16T18:55:02.088+0000] {ldamodel.py:1197} INFO - topic #3 (0.078): 0.046*"non" + 0.046*"carte" + 0.025*"personnel" + 0.025*"clients" + 0.025*"disponibilité" + 0.025*"fois" + 0.025*"expiré" + 0.025*"demande" + 0.025*"respect" + 0.025*"a"
[2025-03-16T18:55:02.088+0000] {ldamodel.py:1197} INFO - topic #4 (0.061): 0.014*"carte" + 0.014*"non" + 0.013*"agents" + 0.013*"comme" + 0.013*"personne" + 0.013*"vers" + 0.013*"travail" + 0.013*"faire" + 0.013*"guichet" + 0.012*"nouvelle"
[2025-03-16T18:55:02.088+0000] {ldamodel.py:1075} INFO - topic diff=0.026179, rho=0.447214
[2025-03-16T18:55:02.091+0000] {ldamodel.py:848} INFO - -5.053 per-word bound, 33.2 perplexity estimate based on a held-out corpus of 9 documents with 104 words
[2025-03-16T18:55:02.091+0000] {ldamodel.py:1002} INFO - PROGRESS: pass 4, at document #9/9
[2025-03-16T18:55:02.094+0000] {ldamodel.py:795} INFO - optimized alpha [0.11866789, 0.09235307, 0.12695974, 0.07161091, 0.05409856]
[2025-03-16T18:55:02.095+0000] {ldamodel.py:1197} INFO - topic #0 (0.119): 0.055*"bon" + 0.030*"très" + 0.030*"banque" + 0.030*"traiter" + 0.030*"individu" + 0.030*"services" + 0.030*"chaque" + 0.030*"niveau" + 0.030*"heureux" + 0.030*"musulman"
[2025-03-16T18:55:02.095+0000] {ldamodel.py:1197} INFO - topic #1 (0.092): 0.040*"seul" + 0.040*"pauvre" + 0.040*"minutes" + 0.040*"agent" + 0.040*"sécurité" + 0.040*"45" + 0.040*"banque" + 0.040*"renseignement" + 0.040*"d'attente" + 0.040*"accompagner"
[2025-03-16T18:55:02.096+0000] {ldamodel.py:1197} INFO - topic #2 (0.127): 0.040*"c'est" + 0.040*"plus" + 0.040*"frais" + 0.040*"ouverture" + 0.022*"service" + 0.022*"bon" + 0.022*"chose" + 0.022*"a" + 0.022*"cool" + 0.022*"tout"
[2025-03-16T18:55:02.096+0000] {ldamodel.py:1197} INFO - topic #3 (0.072): 0.046*"non" + 0.046*"carte" + 0.025*"personnel" + 0.025*"clients" + 0.025*"disponibilité" + 0.025*"fois" + 0.025*"expiré" + 0.025*"demande" + 0.025*"respect" + 0.025*"a"
[2025-03-16T18:55:02.096+0000] {ldamodel.py:1197} INFO - topic #4 (0.054): 0.013*"carte" + 0.013*"non" + 0.012*"agents" + 0.012*"comme" + 0.012*"personne" + 0.012*"vers" + 0.012*"travail" + 0.012*"faire" + 0.012*"guichet" + 0.012*"nouvelle"
[2025-03-16T18:55:02.096+0000] {ldamodel.py:1075} INFO - topic diff=0.014514, rho=0.408248
[2025-03-16T18:55:02.099+0000] {ldamodel.py:848} INFO - -5.048 per-word bound, 33.1 perplexity estimate based on a held-out corpus of 9 documents with 104 words
[2025-03-16T18:55:02.099+0000] {ldamodel.py:1002} INFO - PROGRESS: pass 5, at document #9/9
[2025-03-16T18:55:02.103+0000] {ldamodel.py:795} INFO - optimized alpha [0.1122459, 0.08662476, 0.119994886, 0.06641029, 0.0489411]
[2025-03-16T18:55:02.103+0000] {ldamodel.py:1197} INFO - topic #0 (0.112): 0.055*"bon" + 0.030*"très" + 0.030*"banque" + 0.030*"traiter" + 0.030*"individu" + 0.030*"services" + 0.030*"chaque" + 0.030*"niveau" + 0.030*"heureux" + 0.030*"musulman"
[2025-03-16T18:55:02.104+0000] {ldamodel.py:1197} INFO - topic #1 (0.087): 0.040*"seul" + 0.040*"pauvre" + 0.040*"minutes" + 0.040*"agent" + 0.040*"sécurité" + 0.040*"45" + 0.040*"banque" + 0.040*"renseignement" + 0.040*"d'attente" + 0.040*"accompagner"
[2025-03-16T18:55:02.104+0000] {ldamodel.py:1197} INFO - topic #2 (0.120): 0.040*"c'est" + 0.040*"plus" + 0.040*"frais" + 0.040*"ouverture" + 0.022*"service" + 0.022*"bon" + 0.022*"chose" + 0.022*"a" + 0.022*"cool" + 0.022*"tout"
[2025-03-16T18:55:02.104+0000] {ldamodel.py:1197} INFO - topic #3 (0.066): 0.046*"non" + 0.046*"carte" + 0.025*"personnel" + 0.025*"clients" + 0.025*"disponibilité" + 0.025*"fois" + 0.025*"expiré" + 0.025*"demande" + 0.025*"respect" + 0.025*"a"
[2025-03-16T18:55:02.105+0000] {ldamodel.py:1197} INFO - topic #4 (0.049): 0.012*"carte" + 0.012*"non" + 0.012*"agents" + 0.012*"comme" + 0.012*"personne" + 0.012*"vers" + 0.012*"travail" + 0.012*"faire" + 0.012*"guichet" + 0.012*"nouvelle"
[2025-03-16T18:55:02.105+0000] {ldamodel.py:1075} INFO - topic diff=0.008385, rho=0.377964
[2025-03-16T18:55:02.108+0000] {ldamodel.py:848} INFO - -5.044 per-word bound, 33.0 perplexity estimate based on a held-out corpus of 9 documents with 104 words
[2025-03-16T18:55:02.109+0000] {ldamodel.py:1002} INFO - PROGRESS: pass 6, at document #9/9
[2025-03-16T18:55:02.112+0000] {ldamodel.py:795} INFO - optimized alpha [0.10684632, 0.08188966, 0.114105314, 0.06215436, 0.04484946]
[2025-03-16T18:55:02.112+0000] {ldamodel.py:1197} INFO - topic #0 (0.107): 0.055*"bon" + 0.030*"très" + 0.030*"banque" + 0.030*"traiter" + 0.030*"individu" + 0.030*"services" + 0.030*"chaque" + 0.030*"niveau" + 0.030*"heureux" + 0.030*"musulman"
[2025-03-16T18:55:02.113+0000] {ldamodel.py:1197} INFO - topic #1 (0.082): 0.040*"seul" + 0.040*"pauvre" + 0.040*"minutes" + 0.040*"agent" + 0.040*"sécurité" + 0.040*"45" + 0.040*"renseignement" + 0.040*"d'attente" + 0.040*"banque" + 0.040*"accompagner"
[2025-03-16T18:55:02.113+0000] {ldamodel.py:1197} INFO - topic #2 (0.114): 0.040*"c'est" + 0.040*"plus" + 0.040*"frais" + 0.040*"ouverture" + 0.022*"service" + 0.022*"bon" + 0.022*"chose" + 0.022*"a" + 0.022*"cool" + 0.022*"tout"
[2025-03-16T18:55:02.113+0000] {ldamodel.py:1197} INFO - topic #3 (0.062): 0.047*"non" + 0.047*"carte" + 0.025*"personnel" + 0.025*"clients" + 0.025*"disponibilité" + 0.025*"fois" + 0.025*"expiré" + 0.025*"demande" + 0.025*"respect" + 0.025*"a"
[2025-03-16T18:55:02.114+0000] {ldamodel.py:1197} INFO - topic #4 (0.045): 0.012*"carte" + 0.012*"non" + 0.012*"agents" + 0.012*"comme" + 0.012*"personne" + 0.012*"vers" + 0.012*"travail" + 0.012*"faire" + 0.012*"guichet" + 0.012*"nouvelle"
[2025-03-16T18:55:02.114+0000] {ldamodel.py:1075} INFO - topic diff=0.005033, rho=0.353553
[2025-03-16T18:55:02.120+0000] {ldamodel.py:848} INFO - -5.040 per-word bound, 32.9 perplexity estimate based on a held-out corpus of 9 documents with 104 words
[2025-03-16T18:55:02.120+0000] {ldamodel.py:1002} INFO - PROGRESS: pass 7, at document #9/9
[2025-03-16T18:55:02.122+0000] {ldamodel.py:795} INFO - optimized alpha [0.102218665, 0.07788614, 0.10903932, 0.058587305, 0.041505113]
[2025-03-16T18:55:02.123+0000] {ldamodel.py:1197} INFO - topic #0 (0.102): 0.055*"bon" + 0.030*"très" + 0.030*"banque" + 0.030*"traiter" + 0.030*"individu" + 0.030*"services" + 0.030*"chaque" + 0.030*"niveau" + 0.030*"heureux" + 0.030*"musulman"
[2025-03-16T18:55:02.123+0000] {ldamodel.py:1197} INFO - topic #1 (0.078): 0.040*"seul" + 0.040*"pauvre" + 0.040*"minutes" + 0.040*"agent" + 0.040*"sécurité" + 0.040*"45" + 0.040*"renseignement" + 0.040*"d'attente" + 0.040*"banque" + 0.040*"accompagner"
[2025-03-16T18:55:02.124+0000] {ldamodel.py:1197} INFO - topic #2 (0.109): 0.040*"c'est" + 0.040*"plus" + 0.040*"frais" + 0.040*"ouverture" + 0.022*"service" + 0.022*"bon" + 0.022*"chose" + 0.022*"a" + 0.022*"cool" + 0.022*"guichet"
[2025-03-16T18:55:02.124+0000] {ldamodel.py:1197} INFO - topic #3 (0.059): 0.047*"non" + 0.047*"carte" + 0.025*"personnel" + 0.025*"clients" + 0.025*"disponibilité" + 0.025*"fois" + 0.025*"expiré" + 0.025*"demande" + 0.025*"respect" + 0.025*"a"
[2025-03-16T18:55:02.125+0000] {ldamodel.py:1197} INFO - topic #4 (0.042): 0.012*"carte" + 0.012*"non" + 0.012*"agents" + 0.012*"comme" + 0.012*"personne" + 0.012*"vers" + 0.012*"travail" + 0.012*"faire" + 0.012*"guichet" + 0.012*"nouvelle"
[2025-03-16T18:55:02.127+0000] {ldamodel.py:1075} INFO - topic diff=0.003126, rho=0.333333
[2025-03-16T18:55:02.130+0000] {ldamodel.py:848} INFO - -5.037 per-word bound, 32.8 perplexity estimate based on a held-out corpus of 9 documents with 104 words
[2025-03-16T18:55:02.131+0000] {ldamodel.py:1002} INFO - PROGRESS: pass 8, at document #9/9
[2025-03-16T18:55:02.133+0000] {ldamodel.py:795} INFO - optimized alpha [0.09819136, 0.0744407, 0.10462024, 0.05554126, 0.038708445]
[2025-03-16T18:55:02.134+0000] {ldamodel.py:1197} INFO - topic #0 (0.098): 0.055*"bon" + 0.030*"très" + 0.030*"banque" + 0.030*"traiter" + 0.030*"individu" + 0.030*"services" + 0.030*"chaque" + 0.030*"niveau" + 0.030*"heureux" + 0.030*"musulman"
[2025-03-16T18:55:02.136+0000] {ldamodel.py:1197} INFO - topic #1 (0.074): 0.040*"seul" + 0.040*"pauvre" + 0.040*"minutes" + 0.040*"agent" + 0.040*"sécurité" + 0.040*"45" + 0.040*"renseignement" + 0.040*"d'attente" + 0.040*"banque" + 0.040*"accompagner"
[2025-03-16T18:55:02.136+0000] {ldamodel.py:1197} INFO - topic #2 (0.105): 0.040*"c'est" + 0.040*"plus" + 0.040*"frais" + 0.040*"ouverture" + 0.022*"service" + 0.022*"bon" + 0.022*"chose" + 0.022*"a" + 0.022*"cool" + 0.022*"guichet"
[2025-03-16T18:55:02.137+0000] {ldamodel.py:1197} INFO - topic #3 (0.056): 0.047*"non" + 0.047*"carte" + 0.025*"personnel" + 0.025*"clients" + 0.025*"disponibilité" + 0.025*"fois" + 0.025*"expiré" + 0.025*"demande" + 0.025*"respect" + 0.025*"a"
[2025-03-16T18:55:02.137+0000] {ldamodel.py:1197} INFO - topic #4 (0.039): 0.012*"carte" + 0.012*"non" + 0.012*"agents" + 0.012*"comme" + 0.012*"personne" + 0.012*"vers" + 0.012*"travail" + 0.012*"faire" + 0.012*"guichet" + 0.012*"nouvelle"
[2025-03-16T18:55:02.137+0000] {ldamodel.py:1075} INFO - topic diff=0.002001, rho=0.316228
[2025-03-16T18:55:02.141+0000] {ldamodel.py:848} INFO - -5.035 per-word bound, 32.8 perplexity estimate based on a held-out corpus of 9 documents with 104 words
[2025-03-16T18:55:02.144+0000] {ldamodel.py:1002} INFO - PROGRESS: pass 9, at document #9/9
[2025-03-16T18:55:02.146+0000] {ldamodel.py:795} INFO - optimized alpha [0.094642416, 0.07143294, 0.1007201, 0.05290077, 0.036327146]
[2025-03-16T18:55:02.147+0000] {ldamodel.py:1197} INFO - topic #0 (0.095): 0.055*"bon" + 0.030*"très" + 0.030*"banque" + 0.030*"traiter" + 0.030*"individu" + 0.030*"services" + 0.030*"chaque" + 0.030*"niveau" + 0.030*"heureux" + 0.030*"musulman"
[2025-03-16T18:55:02.147+0000] {ldamodel.py:1197} INFO - topic #1 (0.071): 0.040*"seul" + 0.040*"pauvre" + 0.040*"minutes" + 0.040*"agent" + 0.040*"sécurité" + 0.040*"45" + 0.040*"renseignement" + 0.040*"d'attente" + 0.040*"banque" + 0.040*"accompagner"
[2025-03-16T18:55:02.147+0000] {ldamodel.py:1197} INFO - topic #2 (0.101): 0.040*"c'est" + 0.040*"plus" + 0.040*"frais" + 0.040*"ouverture" + 0.022*"service" + 0.022*"bon" + 0.022*"chose" + 0.022*"a" + 0.022*"guichet" + 0.022*"cool"
[2025-03-16T18:55:02.148+0000] {ldamodel.py:1197} INFO - topic #3 (0.053): 0.047*"non" + 0.047*"carte" + 0.025*"personnel" + 0.025*"clients" + 0.025*"disponibilité" + 0.025*"fois" + 0.025*"expiré" + 0.025*"demande" + 0.025*"respect" + 0.025*"a"
[2025-03-16T18:55:02.148+0000] {ldamodel.py:1197} INFO - topic #4 (0.036): 0.012*"carte" + 0.012*"non" + 0.012*"agents" + 0.012*"comme" + 0.012*"personne" + 0.012*"vers" + 0.012*"travail" + 0.012*"faire" + 0.012*"guichet" + 0.012*"nouvelle"
[2025-03-16T18:55:02.148+0000] {ldamodel.py:1075} INFO - topic diff=0.001315, rho=0.301511
[2025-03-16T18:55:02.153+0000] {ldamodel.py:848} INFO - -5.032 per-word bound, 32.7 perplexity estimate based on a held-out corpus of 9 documents with 104 words
[2025-03-16T18:55:02.154+0000] {ldamodel.py:1002} INFO - PROGRESS: pass 10, at document #9/9
[2025-03-16T18:55:02.156+0000] {ldamodel.py:795} INFO - optimized alpha [0.09148213, 0.06877625, 0.09724436, 0.050583422, 0.034269586]
[2025-03-16T18:55:02.157+0000] {ldamodel.py:1197} INFO - topic #0 (0.091): 0.055*"bon" + 0.030*"très" + 0.030*"banque" + 0.030*"traiter" + 0.030*"individu" + 0.030*"services" + 0.030*"chaque" + 0.030*"niveau" + 0.030*"heureux" + 0.030*"prospérité"
[2025-03-16T18:55:02.157+0000] {ldamodel.py:1197} INFO - topic #1 (0.069): 0.040*"seul" + 0.040*"pauvre" + 0.040*"minutes" + 0.040*"agent" + 0.040*"sécurité" + 0.040*"45" + 0.040*"renseignement" + 0.040*"d'attente" + 0.040*"banque" + 0.040*"accompagner"
[2025-03-16T18:55:02.157+0000] {ldamodel.py:1197} INFO - topic #2 (0.097): 0.040*"c'est" + 0.040*"plus" + 0.040*"frais" + 0.040*"ouverture" + 0.022*"service" + 0.022*"bon" + 0.022*"chose" + 0.022*"a" + 0.022*"guichet" + 0.022*"cool"
[2025-03-16T18:55:02.158+0000] {ldamodel.py:1197} INFO - topic #3 (0.051): 0.047*"non" + 0.047*"carte" + 0.025*"personnel" + 0.025*"clients" + 0.025*"disponibilité" + 0.025*"fois" + 0.025*"expiré" + 0.025*"demande" + 0.025*"respect" + 0.025*"a"
[2025-03-16T18:55:02.158+0000] {ldamodel.py:1197} INFO - topic #4 (0.034): 0.012*"carte" + 0.012*"non" + 0.012*"agents" + 0.012*"comme" + 0.012*"personne" + 0.012*"vers" + 0.012*"travail" + 0.012*"faire" + 0.012*"guichet" + 0.012*"nouvelle"
[2025-03-16T18:55:02.161+0000] {ldamodel.py:1075} INFO - topic diff=0.000884, rho=0.288675
[2025-03-16T18:55:02.165+0000] {ldamodel.py:848} INFO - -5.030 per-word bound, 32.7 perplexity estimate based on a held-out corpus of 9 documents with 104 words
[2025-03-16T18:55:02.165+0000] {ldamodel.py:1002} INFO - PROGRESS: pass 11, at document #9/9
[2025-03-16T18:55:02.169+0000] {ldamodel.py:795} INFO - optimized alpha [0.088643014, 0.06640642, 0.09412053, 0.048528533, 0.03247002]
[2025-03-16T18:55:02.170+0000] {ldamodel.py:1197} INFO - topic #0 (0.089): 0.055*"bon" + 0.030*"très" + 0.030*"banque" + 0.030*"traiter" + 0.030*"individu" + 0.030*"services" + 0.030*"chaque" + 0.030*"niveau" + 0.030*"heureux" + 0.030*"prospérité"
[2025-03-16T18:55:02.170+0000] {ldamodel.py:1197} INFO - topic #1 (0.066): 0.040*"seul" + 0.040*"pauvre" + 0.040*"minutes" + 0.040*"agent" + 0.040*"sécurité" + 0.040*"45" + 0.040*"renseignement" + 0.040*"d'attente" + 0.040*"banque" + 0.040*"accompagner"
[2025-03-16T18:55:02.171+0000] {ldamodel.py:1197} INFO - topic #2 (0.094): 0.040*"c'est" + 0.040*"plus" + 0.040*"frais" + 0.040*"ouverture" + 0.022*"service" + 0.022*"bon" + 0.022*"chose" + 0.022*"a" + 0.022*"guichet" + 0.022*"cool"
[2025-03-16T18:55:02.171+0000] {ldamodel.py:1197} INFO - topic #3 (0.049): 0.047*"non" + 0.047*"carte" + 0.025*"personnel" + 0.025*"clients" + 0.025*"disponibilité" + 0.025*"fois" + 0.025*"expiré" + 0.025*"demande" + 0.025*"respect" + 0.025*"a"
[2025-03-16T18:55:02.171+0000] {ldamodel.py:1197} INFO - topic #4 (0.032): 0.012*"carte" + 0.012*"non" + 0.012*"agents" + 0.012*"comme" + 0.012*"personne" + 0.012*"vers" + 0.012*"travail" + 0.012*"faire" + 0.012*"guichet" + 0.012*"nouvelle"
[2025-03-16T18:55:02.172+0000] {ldamodel.py:1075} INFO - topic diff=0.000606, rho=0.277350
[2025-03-16T18:55:02.175+0000] {ldamodel.py:848} INFO - -5.028 per-word bound, 32.6 perplexity estimate based on a held-out corpus of 9 documents with 104 words
[2025-03-16T18:55:02.176+0000] {ldamodel.py:1002} INFO - PROGRESS: pass 12, at document #9/9
[2025-03-16T18:55:02.179+0000] {ldamodel.py:795} INFO - optimized alpha [0.08607305, 0.064274706, 0.09129266, 0.046690304, 0.030879911]
[2025-03-16T18:55:02.179+0000] {ldamodel.py:1197} INFO - topic #0 (0.086): 0.055*"bon" + 0.030*"très" + 0.030*"banque" + 0.030*"traiter" + 0.030*"individu" + 0.030*"services" + 0.030*"chaque" + 0.030*"musulman" + 0.030*"prospérité" + 0.030*"heureux"
[2025-03-16T18:55:02.180+0000] {ldamodel.py:1197} INFO - topic #1 (0.064): 0.040*"seul" + 0.040*"pauvre" + 0.040*"minutes" + 0.040*"agent" + 0.040*"sécurité" + 0.040*"45" + 0.040*"renseignement" + 0.040*"d'attente" + 0.040*"banque" + 0.040*"accompagner"
[2025-03-16T18:55:02.180+0000] {ldamodel.py:1197} INFO - topic #2 (0.091): 0.040*"c'est" + 0.040*"plus" + 0.040*"frais" + 0.040*"ouverture" + 0.022*"service" + 0.022*"bon" + 0.022*"a" + 0.022*"chose" + 0.022*"guichet" + 0.022*"cool"
[2025-03-16T18:55:02.180+0000] {ldamodel.py:1197} INFO - topic #3 (0.047): 0.047*"non" + 0.047*"carte" + 0.025*"personnel" + 0.025*"clients" + 0.025*"disponibilité" + 0.025*"fois" + 0.025*"expiré" + 0.025*"demande" + 0.025*"respect" + 0.025*"a"
[2025-03-16T18:55:02.181+0000] {ldamodel.py:1197} INFO - topic #4 (0.031): 0.012*"carte" + 0.012*"non" + 0.012*"agents" + 0.012*"comme" + 0.012*"personne" + 0.012*"vers" + 0.012*"travail" + 0.012*"faire" + 0.012*"guichet" + 0.012*"nouvelle"
[2025-03-16T18:55:02.181+0000] {ldamodel.py:1075} INFO - topic diff=0.000423, rho=0.267261
[2025-03-16T18:55:02.186+0000] {ldamodel.py:848} INFO - -5.026 per-word bound, 32.6 perplexity estimate based on a held-out corpus of 9 documents with 104 words
[2025-03-16T18:55:02.186+0000] {ldamodel.py:1002} INFO - PROGRESS: pass 13, at document #9/9
[2025-03-16T18:55:02.188+0000] {ldamodel.py:795} INFO - optimized alpha [0.08373141, 0.06234328, 0.08871639, 0.045033406, 0.029462537]
[2025-03-16T18:55:02.189+0000] {ldamodel.py:1197} INFO - topic #0 (0.084): 0.055*"bon" + 0.030*"très" + 0.030*"banque" + 0.030*"traiter" + 0.030*"individu" + 0.030*"services" + 0.030*"chaque" + 0.030*"musulman" + 0.030*"prospérité" + 0.030*"heureux"
[2025-03-16T18:55:02.189+0000] {ldamodel.py:1197} INFO - topic #1 (0.062): 0.040*"seul" + 0.040*"pauvre" + 0.040*"minutes" + 0.040*"agent" + 0.040*"sécurité" + 0.040*"45" + 0.040*"renseignement" + 0.040*"d'attente" + 0.040*"banque" + 0.040*"accompagner"
[2025-03-16T18:55:02.189+0000] {ldamodel.py:1197} INFO - topic #2 (0.089): 0.040*"c'est" + 0.040*"plus" + 0.040*"frais" + 0.040*"ouverture" + 0.022*"service" + 0.022*"bon" + 0.022*"a" + 0.022*"chose" + 0.022*"guichet" + 0.022*"cool"
[2025-03-16T18:55:02.190+0000] {ldamodel.py:1197} INFO - topic #3 (0.045): 0.047*"non" + 0.047*"carte" + 0.025*"personnel" + 0.025*"clients" + 0.025*"disponibilité" + 0.025*"fois" + 0.025*"expiré" + 0.025*"demande" + 0.025*"respect" + 0.025*"a"
[2025-03-16T18:55:02.190+0000] {ldamodel.py:1197} INFO - topic #4 (0.029): 0.012*"carte" + 0.012*"non" + 0.012*"agents" + 0.012*"comme" + 0.012*"personne" + 0.012*"vers" + 0.012*"travail" + 0.012*"faire" + 0.012*"guichet" + 0.012*"nouvelle"
[2025-03-16T18:55:02.190+0000] {ldamodel.py:1075} INFO - topic diff=0.000300, rho=0.258199
[2025-03-16T18:55:02.194+0000] {ldamodel.py:848} INFO - -5.025 per-word bound, 32.6 perplexity estimate based on a held-out corpus of 9 documents with 104 words
[2025-03-16T18:55:02.194+0000] {ldamodel.py:1002} INFO - PROGRESS: pass 14, at document #9/9
[2025-03-16T18:55:02.197+0000] {ldamodel.py:795} INFO - optimized alpha [0.08158554, 0.060582306, 0.08635624, 0.043530095, 0.028189545]
[2025-03-16T18:55:02.197+0000] {ldamodel.py:1197} INFO - topic #0 (0.082): 0.055*"bon" + 0.030*"très" + 0.030*"banque" + 0.030*"traiter" + 0.030*"individu" + 0.030*"services" + 0.030*"musulman" + 0.030*"prospérité" + 0.030*"heureux" + 0.030*"niveau"
[2025-03-16T18:55:02.198+0000] {ldamodel.py:1197} INFO - topic #1 (0.061): 0.040*"seul" + 0.040*"pauvre" + 0.040*"minutes" + 0.040*"agent" + 0.040*"sécurité" + 0.040*"45" + 0.040*"renseignement" + 0.040*"d'attente" + 0.040*"banque" + 0.040*"accompagner"
[2025-03-16T18:55:02.198+0000] {ldamodel.py:1197} INFO - topic #2 (0.086): 0.040*"c'est" + 0.040*"plus" + 0.040*"frais" + 0.040*"ouverture" + 0.022*"service" + 0.022*"bon" + 0.022*"a" + 0.022*"chose" + 0.022*"guichet" + 0.022*"cool"
[2025-03-16T18:55:02.198+0000] {ldamodel.py:1197} INFO - topic #3 (0.044): 0.047*"non" + 0.047*"carte" + 0.025*"personnel" + 0.025*"clients" + 0.025*"disponibilité" + 0.025*"fois" + 0.025*"expiré" + 0.025*"demande" + 0.025*"respect" + 0.025*"a"
[2025-03-16T18:55:02.198+0000] {ldamodel.py:1197} INFO - topic #4 (0.028): 0.012*"carte" + 0.012*"non" + 0.012*"agents" + 0.012*"comme" + 0.012*"personne" + 0.012*"vers" + 0.012*"travail" + 0.012*"faire" + 0.012*"guichet" + 0.012*"nouvelle"
[2025-03-16T18:55:02.199+0000] {ldamodel.py:1075} INFO - topic diff=0.000216, rho=0.250000
[2025-03-16T18:55:02.200+0000] {utils.py:447} INFO - LdaModel lifecycle event {'msg': 'trained LdaModel<num_terms=86, num_topics=5, decay=0.5, chunksize=2000> in 0.16s', 'datetime': '2025-03-16T18:55:02.200098', 'gensim': '4.3.3', 'python': '3.8.10 (default, Jan 17 2025, 14:40:23) \n[GCC 9.4.0]', 'platform': 'Linux-5.15.133.1-microsoft-standard-WSL2-x86_64-with-glibc2.29', 'event': 'created'}
[2025-03-16T18:55:02.203+0000] {logging_mixin.py:188} INFO - Topics extraction complete
[2025-03-16T19:20:25.564+0000] {local_task_job_runner.py:302} WARNING - State of this instance has been externally set to queued. Terminating instance.
[2025-03-16T19:20:25.579+0000] {process_utils.py:131} INFO - Sending 15 to group 192502. PIDs of all processes in the group: [192502]
[2025-03-16T19:20:25.579+0000] {process_utils.py:86} INFO - Sending the signal 15 to group 192502
[2025-03-16T19:21:25.594+0000] {process_utils.py:149} WARNING - process psutil.Process(pid=192502, name='pt_main_thread', status='sleeping', started='18:51:39') did not respond to SIGTERM. Trying SIGKILL
[2025-03-16T19:21:25.596+0000] {process_utils.py:86} INFO - Sending the signal 9 to group 192502
[2025-03-16T19:21:25.771+0000] {process_utils.py:79} INFO - Process psutil.Process(pid=192502, name='pt_main_thread', status='terminated', exitcode=<Negsignal.SIGKILL: -9>, started='18:51:39') (192502) terminated with exit code -9
[2025-03-16T19:21:25.771+0000] {standard_task_runner.py:175} ERROR - Job 145 was killed before it finished (likely due to running out of memory)
