[2025-05-11T18:24:34.960+0100] {taskinstance.py:1956} INFO - Dependencies all met for dep_context=non-requeueable deps ti=<TaskInstance: Google_map.load_phase_task manual__2025-05-11T17:00:07.292955+00:00 [queued]>
[2025-05-11T18:24:34.974+0100] {taskinstance.py:1956} INFO - Dependencies all met for dep_context=requeueable deps ti=<TaskInstance: Google_map.load_phase_task manual__2025-05-11T17:00:07.292955+00:00 [queued]>
[2025-05-11T18:24:34.974+0100] {taskinstance.py:2170} INFO - Starting attempt 1 of 2
[2025-05-11T18:24:34.996+0100] {taskinstance.py:2191} INFO - Executing <Task(BashOperator): load_phase_task> on 2025-05-11 17:00:07.292955+00:00
[2025-05-11T18:24:35.002+0100] {standard_task_runner.py:60} INFO - Started process 19091 to run task
[2025-05-11T18:24:35.007+0100] {standard_task_runner.py:87} INFO - Running: ['airflow', 'tasks', 'run', 'Google_map', 'load_phase_task', 'manual__2025-05-11T17:00:07.292955+00:00', '--job-id', '317', '--raw', '--subdir', 'DAGS_FOLDER/google_map_dag_etl.py', '--cfg-path', '/tmp/tmpk7xx5dvn']
[2025-05-11T18:24:35.009+0100] {standard_task_runner.py:88} INFO - Job 317: Subtask load_phase_task
[2025-05-11T18:24:35.144+0100] {task_command.py:423} INFO - Running <TaskInstance: Google_map.load_phase_task manual__2025-05-11T17:00:07.292955+00:00 [running]> on host DESKTOP-AVAHALM.
[2025-05-11T18:24:35.358+0100] {taskinstance.py:2480} INFO - Exporting env vars: AIRFLOW_CTX_DAG_OWNER='master_m2si' AIRFLOW_CTX_DAG_ID='Google_map' AIRFLOW_CTX_TASK_ID='load_phase_task' AIRFLOW_CTX_EXECUTION_DATE='2025-05-11T17:00:07.292955+00:00' AIRFLOW_CTX_TRY_NUMBER='1' AIRFLOW_CTX_DAG_RUN_ID='manual__2025-05-11T17:00:07.292955+00:00'
[2025-05-11T18:24:35.360+0100] {subprocess.py:63} INFO - Tmp dir root location: /tmp
[2025-05-11T18:24:35.362+0100] {subprocess.py:75} INFO - Running command: ['/usr/bin/bash', '-c', 'cd ~/data_warehouse_project && dbt run --profiles-dir ~/.dbt --profile decisionnelle_profile --models dim_bank dim_branch dim_location dim_sentiment fact_reviews']
[2025-05-11T18:24:35.373+0100] {subprocess.py:86} INFO - Output:
[2025-05-11T18:24:39.105+0100] {subprocess.py:93} INFO - [0m17:24:39  Running with dbt=1.9.0-b2
[2025-05-11T18:24:39.925+0100] {subprocess.py:93} INFO - [0m17:24:39  Registered adapter: postgres=1.8.2
[2025-05-11T18:24:40.414+0100] {subprocess.py:93} INFO - [0m17:24:40  Unable to do partial parsing because config vars, config profile, or config target have changed
[2025-05-11T18:24:40.417+0100] {subprocess.py:93} INFO - [0m17:24:40  Unable to do partial parsing because profile has changed
[2025-05-11T18:24:44.755+0100] {subprocess.py:93} INFO - [0m17:24:44  [[33mWARNING[0m]: Configuration paths exist in your dbt_project.yml file which do not apply to any resources.
[2025-05-11T18:24:44.755+0100] {subprocess.py:93} INFO - There are 1 unused configuration paths:
[2025-05-11T18:24:44.755+0100] {subprocess.py:93} INFO - - models.data_warehouse_project.example
[2025-05-11T18:24:45.089+0100] {subprocess.py:93} INFO - [0m17:24:45  Found 6 models, 1 source, 425 macros
[2025-05-11T18:24:45.096+0100] {subprocess.py:93} INFO - [0m17:24:45
[2025-05-11T18:24:45.097+0100] {subprocess.py:93} INFO - [0m17:24:45  Concurrency: 4 threads (target='dev_decisionnelle')
[2025-05-11T18:24:45.098+0100] {subprocess.py:93} INFO - [0m17:24:45
[2025-05-11T18:24:45.360+0100] {subprocess.py:93} INFO - [0m17:24:45  1 of 5 START sql table model Decisionnelle.dim_bank ............................ [RUN]
[2025-05-11T18:24:45.364+0100] {subprocess.py:93} INFO - [0m17:24:45  2 of 5 START sql table model Decisionnelle.dim_branch .......................... [RUN]
[2025-05-11T18:24:45.365+0100] {subprocess.py:93} INFO - [0m17:24:45  3 of 5 START sql table model Decisionnelle.dim_location ........................ [RUN]
[2025-05-11T18:24:45.366+0100] {subprocess.py:93} INFO - [0m17:24:45  4 of 5 START sql table model Decisionnelle.dim_sentiment ....................... [RUN]
[2025-05-11T18:24:46.243+0100] {subprocess.py:93} INFO - [0m17:24:46  1 of 5 OK created sql table model Decisionnelle.dim_bank ....................... [[32mSELECT 13[0m in 0.85s]
[2025-05-11T18:24:46.259+0100] {subprocess.py:93} INFO - [0m17:24:46  4 of 5 OK created sql table model Decisionnelle.dim_sentiment .................. [[32mSELECT 3[0m in 0.88s]
[2025-05-11T18:24:46.266+0100] {subprocess.py:93} INFO - [0m17:24:46  3 of 5 OK created sql table model Decisionnelle.dim_location ................... [[32mSELECT 12[0m in 0.88s]
[2025-05-11T18:24:46.279+0100] {subprocess.py:93} INFO - [0m17:24:46  2 of 5 OK created sql table model Decisionnelle.dim_branch ..................... [[32mSELECT 12[0m in 0.90s]
[2025-05-11T18:24:46.285+0100] {subprocess.py:93} INFO - [0m17:24:46  5 of 5 START sql table model Decisionnelle.fact_reviews ........................ [RUN]
[2025-05-11T18:24:46.432+0100] {subprocess.py:93} INFO - [0m17:24:46  5 of 5 OK created sql table model Decisionnelle.fact_reviews ................... [[32mSELECT 159[0m in 0.15s]
[2025-05-11T18:24:46.480+0100] {subprocess.py:93} INFO - [0m17:24:46
[2025-05-11T18:24:46.481+0100] {subprocess.py:93} INFO - [0m17:24:46  Finished running 5 table models in 0 hours 0 minutes and 1.38 seconds (1.38s).
[2025-05-11T18:24:46.787+0100] {subprocess.py:93} INFO - [0m17:24:46
[2025-05-11T18:24:46.789+0100] {subprocess.py:93} INFO - [0m17:24:46  [32mCompleted successfully[0m
[2025-05-11T18:24:46.790+0100] {subprocess.py:93} INFO - [0m17:24:46
[2025-05-11T18:24:46.793+0100] {subprocess.py:93} INFO - [0m17:24:46  Done. PASS=5 WARN=0 ERROR=0 SKIP=0 TOTAL=5
[2025-05-11T18:24:48.015+0100] {subprocess.py:97} INFO - Command exited with return code 0
[2025-05-11T18:24:48.078+0100] {taskinstance.py:1138} INFO - Marking task as SUCCESS. dag_id=Google_map, task_id=load_phase_task, execution_date=20250511T170007, start_date=20250511T172434, end_date=20250511T172448
[2025-05-11T18:24:48.142+0100] {local_task_job_runner.py:234} INFO - Task exited with return code 0
[2025-05-11T18:24:48.205+0100] {taskinstance.py:3280} INFO - 0 downstream tasks scheduled from follow-on schedule check
