[2025-03-17T22:30:25.735+0000] {taskinstance.py:1956} INFO - Dependencies all met for dep_context=non-requeueable deps ti=<TaskInstance: Google_map.transform_data_phase_1_task manual__2025-03-16T16:15:39.596689+00:00 [queued]>
[2025-03-17T22:30:26.024+0000] {taskinstance.py:1956} INFO - Dependencies all met for dep_context=requeueable deps ti=<TaskInstance: Google_map.transform_data_phase_1_task manual__2025-03-16T16:15:39.596689+00:00 [queued]>
[2025-03-17T22:30:26.024+0000] {taskinstance.py:2170} INFO - Starting attempt 1 of 2
[2025-03-17T22:30:27.852+0000] {taskinstance.py:2191} INFO - Executing <Task(BashOperator): transform_data_phase_1_task> on 2025-03-16 16:15:39.596689+00:00
[2025-03-17T22:30:27.887+0000] {standard_task_runner.py:60} INFO - Started process 15985 to run task
[2025-03-17T22:30:28.030+0000] {standard_task_runner.py:87} INFO - Running: ['airflow', 'tasks', 'run', 'Google_map', 'transform_data_phase_1_task', 'manual__2025-03-16T16:15:39.596689+00:00', '--job-id', '192', '--raw', '--subdir', 'DAGS_FOLDER/google_map_dag_etl.py', '--cfg-path', '/tmp/tmppum8hlms']
[2025-03-17T22:30:28.062+0000] {standard_task_runner.py:88} INFO - Job 192: Subtask transform_data_phase_1_task
[2025-03-17T22:30:30.291+0000] {task_command.py:423} INFO - Running <TaskInstance: Google_map.transform_data_phase_1_task manual__2025-03-16T16:15:39.596689+00:00 [running]> on host DESKTOP-AVAHALM.
[2025-03-17T22:30:34.939+0000] {taskinstance.py:2480} INFO - Exporting env vars: AIRFLOW_CTX_DAG_OWNER='master_m2si' AIRFLOW_CTX_DAG_ID='Google_map' AIRFLOW_CTX_TASK_ID='transform_data_phase_1_task' AIRFLOW_CTX_EXECUTION_DATE='2025-03-16T16:15:39.596689+00:00' AIRFLOW_CTX_TRY_NUMBER='1' AIRFLOW_CTX_DAG_RUN_ID='manual__2025-03-16T16:15:39.596689+00:00'
[2025-03-17T22:30:34.942+0000] {subprocess.py:63} INFO - Tmp dir root location: /tmp
[2025-03-17T22:30:34.947+0000] {subprocess.py:75} INFO - Running command: ['/usr/bin/bash', '-c', 'cd ~/data_warehouse_project && dbt run --profiles-dir ~/.dbt --models cleaned_reviews']
[2025-03-17T22:30:35.003+0000] {subprocess.py:86} INFO - Output:
[2025-03-17T22:30:57.258+0000] {subprocess.py:93} INFO - [0m22:30:57  Running with dbt=1.9.0-b2
[2025-03-17T22:31:03.249+0000] {subprocess.py:93} INFO - [0m22:31:03  Registered adapter: postgres=1.8.2
[2025-03-17T22:31:07.161+0000] {subprocess.py:93} INFO - [0m22:31:07  [[33mWARNING[0m]: Configuration paths exist in your dbt_project.yml file which do not apply to any resources.
[2025-03-17T22:31:07.162+0000] {subprocess.py:93} INFO - There are 1 unused configuration paths:
[2025-03-17T22:31:07.162+0000] {subprocess.py:93} INFO - - models.data_warehouse_project.example
[2025-03-17T22:31:10.734+0000] {subprocess.py:93} INFO - [0m22:31:10  Found 6 models, 1 source, 424 macros
[2025-03-17T22:31:10.802+0000] {subprocess.py:93} INFO - [0m22:31:10
[2025-03-17T22:31:10.804+0000] {subprocess.py:93} INFO - [0m22:31:10  Concurrency: 4 threads (target='dev')
[2025-03-17T22:31:10.859+0000] {subprocess.py:93} INFO - [0m22:31:10
[2025-03-17T22:31:15.142+0000] {subprocess.py:93} INFO - [0m22:31:15  1 of 1 START sql table model public.cleaned_reviews ............................ [RUN]
[2025-03-17T22:31:17.546+0000] {subprocess.py:93} INFO - [0m22:31:17  1 of 1 ERROR creating sql table model public.cleaned_reviews ................... [[31mERROR[0m in 2.38s]
[2025-03-17T22:31:17.782+0000] {subprocess.py:93} INFO - [0m22:31:17
[2025-03-17T22:31:17.793+0000] {subprocess.py:93} INFO - [0m22:31:17  Finished running 1 table model in 0 hours 0 minutes and 6.92 seconds (6.92s).
[2025-03-17T22:31:18.178+0000] {subprocess.py:93} INFO - [0m22:31:18
[2025-03-17T22:31:18.189+0000] {subprocess.py:93} INFO - [0m22:31:18  [31mCompleted with 1 error, 0 partial successs, and 0 warnings:[0m
[2025-03-17T22:31:18.193+0000] {subprocess.py:93} INFO - [0m22:31:18
[2025-03-17T22:31:18.206+0000] {subprocess.py:93} INFO - [0m22:31:18    Database Error in model cleaned_reviews (models/cleaned_reviews.sql)
[2025-03-17T22:31:18.207+0000] {subprocess.py:93} INFO -   relation "cleaned_reviews__dbt_backup" already exists
[2025-03-17T22:31:18.207+0000] {subprocess.py:93} INFO -   compiled code at target/run/data_warehouse_project/models/cleaned_reviews.sql
[2025-03-17T22:31:18.208+0000] {subprocess.py:93} INFO - [0m22:31:18
[2025-03-17T22:31:18.219+0000] {subprocess.py:93} INFO - [0m22:31:18  Done. PASS=0 WARN=0 ERROR=1 SKIP=0 TOTAL=1
[2025-03-17T22:31:22.410+0000] {subprocess.py:97} INFO - Command exited with return code 1
[2025-03-17T22:31:22.620+0000] {taskinstance.py:2698} ERROR - Task failed with exception
Traceback (most recent call last):
  File "/home/nord/venv/lib/python3.8/site-packages/airflow/models/taskinstance.py", line 433, in _execute_task
    result = execute_callable(context=context, **execute_callable_kwargs)
  File "/home/nord/venv/lib/python3.8/site-packages/airflow/operators/bash.py", line 212, in execute
    raise AirflowException(
airflow.exceptions.AirflowException: Bash command failed. The command returned a non-zero exit code 1.
[2025-03-17T22:31:22.699+0000] {taskinstance.py:1138} INFO - Marking task as UP_FOR_RETRY. dag_id=Google_map, task_id=transform_data_phase_1_task, execution_date=20250316T161539, start_date=20250317T223025, end_date=20250317T223122
[2025-03-17T22:31:23.217+0000] {standard_task_runner.py:107} ERROR - Failed to execute job 192 for task transform_data_phase_1_task (Bash command failed. The command returned a non-zero exit code 1.; 15985)
[2025-03-17T22:31:23.340+0000] {local_task_job_runner.py:234} INFO - Task exited with return code 1
[2025-03-17T22:31:25.113+0000] {taskinstance.py:3280} INFO - 0 downstream tasks scheduled from follow-on schedule check
