[2025-03-16T15:44:36.348+0000] {taskinstance.py:1956} INFO - Dependencies all met for dep_context=non-requeueable deps ti=<TaskInstance: Google_map.transform_data_phase_1_task manual__2025-03-16T15:41:02.213883+00:00 [queued]>
[2025-03-16T15:44:36.370+0000] {taskinstance.py:1956} INFO - Dependencies all met for dep_context=requeueable deps ti=<TaskInstance: Google_map.transform_data_phase_1_task manual__2025-03-16T15:41:02.213883+00:00 [queued]>
[2025-03-16T15:44:36.371+0000] {taskinstance.py:2170} INFO - Starting attempt 2 of 3
[2025-03-16T15:44:36.410+0000] {taskinstance.py:2191} INFO - Executing <Task(BashOperator): transform_data_phase_1_task> on 2025-03-16 15:41:02.213883+00:00
[2025-03-16T15:44:36.418+0000] {standard_task_runner.py:60} INFO - Started process 70312 to run task
[2025-03-16T15:44:36.426+0000] {standard_task_runner.py:87} INFO - Running: ['airflow', 'tasks', 'run', 'Google_map', 'transform_data_phase_1_task', 'manual__2025-03-16T15:41:02.213883+00:00', '--job-id', '121', '--raw', '--subdir', 'DAGS_FOLDER/google_map_dag_etl.py', '--cfg-path', '/tmp/tmppdfwj4_0']
[2025-03-16T15:44:36.430+0000] {standard_task_runner.py:88} INFO - Job 121: Subtask transform_data_phase_1_task
[2025-03-16T15:44:36.614+0000] {task_command.py:423} INFO - Running <TaskInstance: Google_map.transform_data_phase_1_task manual__2025-03-16T15:41:02.213883+00:00 [running]> on host DESKTOP-AVAHALM.
[2025-03-16T15:44:36.919+0000] {taskinstance.py:2480} INFO - Exporting env vars: AIRFLOW_CTX_DAG_OWNER='master_m2si' AIRFLOW_CTX_DAG_ID='Google_map' AIRFLOW_CTX_TASK_ID='transform_data_phase_1_task' AIRFLOW_CTX_EXECUTION_DATE='2025-03-16T15:41:02.213883+00:00' AIRFLOW_CTX_TRY_NUMBER='2' AIRFLOW_CTX_DAG_RUN_ID='manual__2025-03-16T15:41:02.213883+00:00'
[2025-03-16T15:44:36.923+0000] {subprocess.py:63} INFO - Tmp dir root location: /tmp
[2025-03-16T15:44:36.925+0000] {subprocess.py:75} INFO - Running command: ['/usr/bin/bash', '-c', 'cd ~/data_warehouse_project && dbt run --profiles-dir ~/.dbt --models cleaned_review']
[2025-03-16T15:44:36.944+0000] {subprocess.py:86} INFO - Output:
[2025-03-16T15:44:41.369+0000] {subprocess.py:93} INFO - [0m15:44:41  Running with dbt=1.9.0-b2
[2025-03-16T15:44:42.201+0000] {subprocess.py:93} INFO - [0m15:44:42  Registered adapter: postgres=1.8.2
[2025-03-16T15:44:42.577+0000] {subprocess.py:93} INFO - [0m15:44:42  [[33mWARNING[0m]: Configuration paths exist in your dbt_project.yml file which do not apply to any resources.
[2025-03-16T15:44:42.577+0000] {subprocess.py:93} INFO - There are 1 unused configuration paths:
[2025-03-16T15:44:42.578+0000] {subprocess.py:93} INFO - - models.data_warehouse_project.example
[2025-03-16T15:44:42.973+0000] {subprocess.py:93} INFO - [0m15:44:42  Found 1 model, 1 source, 424 macros
[2025-03-16T15:44:42.980+0000] {subprocess.py:93} INFO - [0m15:44:42
[2025-03-16T15:44:42.985+0000] {subprocess.py:93} INFO - [0m15:44:42  Concurrency: 4 threads (target='dev')
[2025-03-16T15:44:42.991+0000] {subprocess.py:93} INFO - [0m15:44:42
[2025-03-16T15:44:43.220+0000] {subprocess.py:93} INFO - [0m15:44:43  1 of 1 START sql table model public.cleaned_review ............................. [RUN]
[2025-03-16T15:44:43.693+0000] {subprocess.py:93} INFO - [0m15:44:43  1 of 1 OK created sql table model public.cleaned_review ........................ [[32mSELECT 9[0m in 0.46s]
[2025-03-16T15:44:43.734+0000] {subprocess.py:93} INFO - [0m15:44:43
[2025-03-16T15:44:43.735+0000] {subprocess.py:93} INFO - [0m15:44:43  Finished running 1 table model in 0 hours 0 minutes and 0.74 seconds (0.74s).
[2025-03-16T15:44:43.854+0000] {subprocess.py:93} INFO - [0m15:44:43
[2025-03-16T15:44:43.856+0000] {subprocess.py:93} INFO - [0m15:44:43  [32mCompleted successfully[0m
[2025-03-16T15:44:43.874+0000] {subprocess.py:93} INFO - [0m15:44:43
[2025-03-16T15:44:43.874+0000] {subprocess.py:93} INFO - [0m15:44:43  Done. PASS=1 WARN=0 ERROR=0 SKIP=0 TOTAL=1
[2025-03-16T15:44:45.186+0000] {subprocess.py:97} INFO - Command exited with return code 0
[2025-03-16T15:44:45.282+0000] {taskinstance.py:1138} INFO - Marking task as SUCCESS. dag_id=Google_map, task_id=transform_data_phase_1_task, execution_date=20250316T154102, start_date=20250316T154436, end_date=20250316T154445
[2025-03-16T15:44:45.339+0000] {local_task_job_runner.py:234} INFO - Task exited with return code 0
[2025-03-16T15:44:45.392+0000] {taskinstance.py:3280} INFO - 0 downstream tasks scheduled from follow-on schedule check
