[2025-03-17T22:32:38.290+0000] {taskinstance.py:1956} INFO - Dependencies all met for dep_context=non-requeueable deps ti=<TaskInstance: Google_map.load_phase_task manual__2025-03-16T17:51:08.903472+00:00 [queued]>
[2025-03-17T22:32:38.351+0000] {taskinstance.py:1956} INFO - Dependencies all met for dep_context=requeueable deps ti=<TaskInstance: Google_map.load_phase_task manual__2025-03-16T17:51:08.903472+00:00 [queued]>
[2025-03-17T22:32:38.352+0000] {taskinstance.py:2170} INFO - Starting attempt 1 of 2
[2025-03-17T22:32:38.423+0000] {taskinstance.py:2191} INFO - Executing <Task(BashOperator): load_phase_task> on 2025-03-16 17:51:08.903472+00:00
[2025-03-17T22:32:38.431+0000] {standard_task_runner.py:60} INFO - Started process 18084 to run task
[2025-03-17T22:32:38.444+0000] {standard_task_runner.py:87} INFO - Running: ['airflow', 'tasks', 'run', 'Google_map', 'load_phase_task', 'manual__2025-03-16T17:51:08.903472+00:00', '--job-id', '213', '--raw', '--subdir', 'DAGS_FOLDER/google_map_dag_etl.py', '--cfg-path', '/tmp/tmpfte7h1x1']
[2025-03-17T22:32:38.447+0000] {standard_task_runner.py:88} INFO - Job 213: Subtask load_phase_task
[2025-03-17T22:32:39.152+0000] {task_command.py:423} INFO - Running <TaskInstance: Google_map.load_phase_task manual__2025-03-16T17:51:08.903472+00:00 [running]> on host DESKTOP-AVAHALM.
[2025-03-17T22:32:39.705+0000] {taskinstance.py:2480} INFO - Exporting env vars: AIRFLOW_CTX_DAG_OWNER='master_m2si' AIRFLOW_CTX_DAG_ID='Google_map' AIRFLOW_CTX_TASK_ID='load_phase_task' AIRFLOW_CTX_EXECUTION_DATE='2025-03-16T17:51:08.903472+00:00' AIRFLOW_CTX_TRY_NUMBER='1' AIRFLOW_CTX_DAG_RUN_ID='manual__2025-03-16T17:51:08.903472+00:00'
[2025-03-17T22:32:39.709+0000] {subprocess.py:63} INFO - Tmp dir root location: /tmp
[2025-03-17T22:32:39.710+0000] {subprocess.py:75} INFO - Running command: ['/usr/bin/bash', '-c', 'cd ~/data_warehouse_project && dbt run --profiles-dir ~/.dbt --models dim_bank dim_branch dim_location dim_sentiment fact_reviews']
[2025-03-17T22:32:39.783+0000] {subprocess.py:86} INFO - Output:
[2025-03-17T22:32:49.798+0000] {subprocess.py:93} INFO - [0m22:32:49  Running with dbt=1.9.0-b2
[2025-03-17T22:32:51.666+0000] {subprocess.py:93} INFO - [0m22:32:51  Registered adapter: postgres=1.8.2
[2025-03-17T22:32:52.534+0000] {subprocess.py:93} INFO - [0m22:32:52  [[33mWARNING[0m]: Configuration paths exist in your dbt_project.yml file which do not apply to any resources.
[2025-03-17T22:32:52.534+0000] {subprocess.py:93} INFO - There are 1 unused configuration paths:
[2025-03-17T22:32:52.535+0000] {subprocess.py:93} INFO - - models.data_warehouse_project.example
[2025-03-17T22:32:53.907+0000] {subprocess.py:93} INFO - [0m22:32:53  Found 6 models, 1 source, 424 macros
[2025-03-17T22:32:53.923+0000] {subprocess.py:93} INFO - [0m22:32:53
[2025-03-17T22:32:53.940+0000] {subprocess.py:93} INFO - [0m22:32:53  Concurrency: 4 threads (target='dev')
[2025-03-17T22:32:53.941+0000] {subprocess.py:93} INFO - [0m22:32:53
[2025-03-17T22:32:54.867+0000] {subprocess.py:93} INFO - [0m22:32:54  1 of 5 START sql table model public_Decisionnelle.dim_bank ..................... [RUN]
[2025-03-17T22:32:54.874+0000] {subprocess.py:93} INFO - [0m22:32:54  2 of 5 START sql table model public_Decisionnelle.dim_branch ................... [RUN]
[2025-03-17T22:32:54.878+0000] {subprocess.py:93} INFO - [0m22:32:54  3 of 5 START sql table model public_Decisionnelle.dim_location ................. [RUN]
[2025-03-17T22:32:54.895+0000] {subprocess.py:93} INFO - [0m22:32:54  4 of 5 START sql table model public_Decisionnelle.dim_sentiment ................ [RUN]
[2025-03-17T22:32:56.750+0000] {subprocess.py:93} INFO - [0m22:32:56  3 of 5 OK created sql table model public_Decisionnelle.dim_location ............ [[32mSELECT 2[0m in 1.84s]
[2025-03-17T22:32:56.785+0000] {subprocess.py:93} INFO - [0m22:32:56  4 of 5 OK created sql table model public_Decisionnelle.dim_sentiment ........... [[32mSELECT 1[0m in 1.80s]
[2025-03-17T22:32:56.819+0000] {subprocess.py:93} INFO - [0m22:32:56  2 of 5 OK created sql table model public_Decisionnelle.dim_branch .............. [[32mSELECT 2[0m in 1.93s]
[2025-03-17T22:32:56.858+0000] {subprocess.py:93} INFO - [0m22:32:56  1 of 5 OK created sql table model public_Decisionnelle.dim_bank ................ [[32mSELECT 2[0m in 1.96s]
[2025-03-17T22:32:56.873+0000] {subprocess.py:93} INFO - [0m22:32:56  5 of 5 START sql table model public_Decisionnelle.fact_reviews ................. [RUN]
[2025-03-17T22:32:57.370+0000] {subprocess.py:93} INFO - [0m22:32:57  5 of 5 OK created sql table model public_Decisionnelle.fact_reviews ............ [[32mSELECT 0[0m in 0.49s]
[2025-03-17T22:32:57.459+0000] {subprocess.py:93} INFO - [0m22:32:57
[2025-03-17T22:32:57.461+0000] {subprocess.py:93} INFO - [0m22:32:57  Finished running 5 table models in 0 hours 0 minutes and 3.52 seconds (3.52s).
[2025-03-17T22:32:57.592+0000] {subprocess.py:93} INFO - [0m22:32:57
[2025-03-17T22:32:57.595+0000] {subprocess.py:93} INFO - [0m22:32:57  [32mCompleted successfully[0m
[2025-03-17T22:32:57.598+0000] {subprocess.py:93} INFO - [0m22:32:57
[2025-03-17T22:32:57.600+0000] {subprocess.py:93} INFO - [0m22:32:57  Done. PASS=5 WARN=0 ERROR=0 SKIP=0 TOTAL=5
[2025-03-17T22:32:59.166+0000] {subprocess.py:97} INFO - Command exited with return code 0
[2025-03-17T22:32:59.260+0000] {taskinstance.py:1138} INFO - Marking task as SUCCESS. dag_id=Google_map, task_id=load_phase_task, execution_date=20250316T175108, start_date=20250317T223238, end_date=20250317T223259
[2025-03-17T22:32:59.314+0000] {local_task_job_runner.py:234} INFO - Task exited with return code 0
[2025-03-17T22:32:59.378+0000] {taskinstance.py:3280} INFO - 0 downstream tasks scheduled from follow-on schedule check
