[2025-03-17T22:32:38.354+0000] {taskinstance.py:1956} INFO - Dependencies all met for dep_context=non-requeueable deps ti=<TaskInstance: Google_map.load_phase_task manual__2025-03-16T18:37:53.643064+00:00 [queued]>
[2025-03-17T22:32:38.378+0000] {taskinstance.py:1956} INFO - Dependencies all met for dep_context=requeueable deps ti=<TaskInstance: Google_map.load_phase_task manual__2025-03-16T18:37:53.643064+00:00 [queued]>
[2025-03-17T22:32:38.378+0000] {taskinstance.py:2170} INFO - Starting attempt 1 of 2
[2025-03-17T22:32:38.453+0000] {taskinstance.py:2191} INFO - Executing <Task(BashOperator): load_phase_task> on 2025-03-16 18:37:53.643064+00:00
[2025-03-17T22:32:38.462+0000] {standard_task_runner.py:60} INFO - Started process 18085 to run task
[2025-03-17T22:32:38.486+0000] {standard_task_runner.py:87} INFO - Running: ['airflow', 'tasks', 'run', 'Google_map', 'load_phase_task', 'manual__2025-03-16T18:37:53.643064+00:00', '--job-id', '214', '--raw', '--subdir', 'DAGS_FOLDER/google_map_dag_etl.py', '--cfg-path', '/tmp/tmptrecil4p']
[2025-03-17T22:32:38.502+0000] {standard_task_runner.py:88} INFO - Job 214: Subtask load_phase_task
[2025-03-17T22:32:39.128+0000] {task_command.py:423} INFO - Running <TaskInstance: Google_map.load_phase_task manual__2025-03-16T18:37:53.643064+00:00 [running]> on host DESKTOP-AVAHALM.
[2025-03-17T22:32:39.820+0000] {taskinstance.py:2480} INFO - Exporting env vars: AIRFLOW_CTX_DAG_OWNER='master_m2si' AIRFLOW_CTX_DAG_ID='Google_map' AIRFLOW_CTX_TASK_ID='load_phase_task' AIRFLOW_CTX_EXECUTION_DATE='2025-03-16T18:37:53.643064+00:00' AIRFLOW_CTX_TRY_NUMBER='1' AIRFLOW_CTX_DAG_RUN_ID='manual__2025-03-16T18:37:53.643064+00:00'
[2025-03-17T22:32:39.826+0000] {subprocess.py:63} INFO - Tmp dir root location: /tmp
[2025-03-17T22:32:39.827+0000] {subprocess.py:75} INFO - Running command: ['/usr/bin/bash', '-c', 'cd ~/data_warehouse_project && dbt run --profiles-dir ~/.dbt --models dim_bank dim_branch dim_location dim_sentiment fact_reviews']
[2025-03-17T22:32:39.899+0000] {subprocess.py:86} INFO - Output:
[2025-03-17T22:32:50.515+0000] {subprocess.py:93} INFO - [0m22:32:50  Running with dbt=1.9.0-b2
[2025-03-17T22:32:52.334+0000] {subprocess.py:93} INFO - [0m22:32:52  Registered adapter: postgres=1.8.2
[2025-03-17T22:32:53.820+0000] {subprocess.py:93} INFO - [0m22:32:53  [[33mWARNING[0m]: Configuration paths exist in your dbt_project.yml file which do not apply to any resources.
[2025-03-17T22:32:53.820+0000] {subprocess.py:93} INFO - There are 1 unused configuration paths:
[2025-03-17T22:32:53.821+0000] {subprocess.py:93} INFO - - models.data_warehouse_project.example
[2025-03-17T22:32:54.945+0000] {subprocess.py:93} INFO - [0m22:32:54  Found 6 models, 1 source, 424 macros
[2025-03-17T22:32:54.964+0000] {subprocess.py:93} INFO - [0m22:32:54
[2025-03-17T22:32:54.993+0000] {subprocess.py:93} INFO - [0m22:32:54  Concurrency: 4 threads (target='dev')
[2025-03-17T22:32:54.995+0000] {subprocess.py:93} INFO - [0m22:32:54
[2025-03-17T22:32:55.993+0000] {subprocess.py:93} INFO - [0m22:32:55  1 of 5 START sql table model public_Decisionnelle.dim_bank ..................... [RUN]
[2025-03-17T22:32:56.018+0000] {subprocess.py:93} INFO - [0m22:32:55  2 of 5 START sql table model public_Decisionnelle.dim_branch ................... [RUN]
[2025-03-17T22:32:56.031+0000] {subprocess.py:93} INFO - [0m22:32:56  3 of 5 START sql table model public_Decisionnelle.dim_location ................. [RUN]
[2025-03-17T22:32:56.084+0000] {subprocess.py:93} INFO - [0m22:32:56  4 of 5 START sql table model public_Decisionnelle.dim_sentiment ................ [RUN]
[2025-03-17T22:32:57.954+0000] {subprocess.py:93} INFO - [0m22:32:57  1 of 5 ERROR creating sql table model public_Decisionnelle.dim_bank ............ [[31mERROR[0m in 1.89s]
[2025-03-17T22:32:57.962+0000] {subprocess.py:93} INFO - [0m22:32:57  2 of 5 ERROR creating sql table model public_Decisionnelle.dim_branch .......... [[31mERROR[0m in 1.93s]
[2025-03-17T22:32:57.975+0000] {subprocess.py:93} INFO - [0m22:32:57  4 of 5 ERROR creating sql table model public_Decisionnelle.dim_sentiment ....... [[31mERROR[0m in 1.81s]
[2025-03-17T22:32:57.976+0000] {subprocess.py:93} INFO - [0m22:32:57  3 of 5 ERROR creating sql table model public_Decisionnelle.dim_location ........ [[31mERROR[0m in 1.91s]
[2025-03-17T22:32:57.996+0000] {subprocess.py:93} INFO - [0m22:32:57  5 of 5 SKIP relation public_Decisionnelle.fact_reviews ......................... [[33mSKIP[0m]
[2025-03-17T22:32:58.051+0000] {subprocess.py:93} INFO - [0m22:32:58
[2025-03-17T22:32:58.058+0000] {subprocess.py:93} INFO - [0m22:32:58  Finished running 5 table models in 0 hours 0 minutes and 3.05 seconds (3.05s).
[2025-03-17T22:32:58.364+0000] {subprocess.py:93} INFO - [0m22:32:58
[2025-03-17T22:32:58.380+0000] {subprocess.py:93} INFO - [0m22:32:58  [31mCompleted with 4 errors, 0 partial successs, and 0 warnings:[0m
[2025-03-17T22:32:58.382+0000] {subprocess.py:93} INFO - [0m22:32:58
[2025-03-17T22:32:58.389+0000] {subprocess.py:93} INFO - [0m22:32:58    Database Error in model dim_bank (models/marts/dim_bank.sql)
[2025-03-17T22:32:58.390+0000] {subprocess.py:93} INFO -   relation "dim_bank__dbt_backup" already exists
[2025-03-17T22:32:58.391+0000] {subprocess.py:93} INFO -   compiled code at target/run/data_warehouse_project/models/marts/dim_bank.sql
[2025-03-17T22:32:58.410+0000] {subprocess.py:93} INFO - [0m22:32:58
[2025-03-17T22:32:58.414+0000] {subprocess.py:93} INFO - [0m22:32:58    Database Error in model dim_branch (models/marts/dim_branch.sql)
[2025-03-17T22:32:58.415+0000] {subprocess.py:93} INFO -   relation "dim_branch__dbt_backup" already exists
[2025-03-17T22:32:58.415+0000] {subprocess.py:93} INFO -   compiled code at target/run/data_warehouse_project/models/marts/dim_branch.sql
[2025-03-17T22:32:58.417+0000] {subprocess.py:93} INFO - [0m22:32:58
[2025-03-17T22:32:58.419+0000] {subprocess.py:93} INFO - [0m22:32:58    Database Error in model dim_location (models/marts/dim_location.sql)
[2025-03-17T22:32:58.420+0000] {subprocess.py:93} INFO -   relation "dim_location__dbt_backup" already exists
[2025-03-17T22:32:58.422+0000] {subprocess.py:93} INFO -   compiled code at target/run/data_warehouse_project/models/marts/dim_location.sql
[2025-03-17T22:32:58.424+0000] {subprocess.py:93} INFO - [0m22:32:58
[2025-03-17T22:32:58.440+0000] {subprocess.py:93} INFO - [0m22:32:58    Database Error in model dim_sentiment (models/marts/dim_sentiment.sql)
[2025-03-17T22:32:58.441+0000] {subprocess.py:93} INFO -   relation "dim_sentiment__dbt_backup" already exists
[2025-03-17T22:32:58.441+0000] {subprocess.py:93} INFO -   compiled code at target/run/data_warehouse_project/models/marts/dim_sentiment.sql
[2025-03-17T22:32:58.443+0000] {subprocess.py:93} INFO - [0m22:32:58
[2025-03-17T22:32:58.450+0000] {subprocess.py:93} INFO - [0m22:32:58  Done. PASS=0 WARN=0 ERROR=4 SKIP=1 TOTAL=5
[2025-03-17T22:32:59.830+0000] {subprocess.py:97} INFO - Command exited with return code 1
[2025-03-17T22:32:59.903+0000] {taskinstance.py:2698} ERROR - Task failed with exception
Traceback (most recent call last):
  File "/home/nord/venv/lib/python3.8/site-packages/airflow/models/taskinstance.py", line 433, in _execute_task
    result = execute_callable(context=context, **execute_callable_kwargs)
  File "/home/nord/venv/lib/python3.8/site-packages/airflow/operators/bash.py", line 212, in execute
    raise AirflowException(
airflow.exceptions.AirflowException: Bash command failed. The command returned a non-zero exit code 1.
[2025-03-17T22:32:59.922+0000] {taskinstance.py:1138} INFO - Marking task as UP_FOR_RETRY. dag_id=Google_map, task_id=load_phase_task, execution_date=20250316T183753, start_date=20250317T223238, end_date=20250317T223259
[2025-03-17T22:33:00.057+0000] {standard_task_runner.py:107} ERROR - Failed to execute job 214 for task load_phase_task (Bash command failed. The command returned a non-zero exit code 1.; 18085)
[2025-03-17T22:33:00.096+0000] {local_task_job_runner.py:234} INFO - Task exited with return code 1
[2025-03-17T22:33:00.175+0000] {taskinstance.py:3280} INFO - 0 downstream tasks scheduled from follow-on schedule check
