[2025-03-17T22:29:58.617+0000] {taskinstance.py:1956} INFO - Dependencies all met for dep_context=non-requeueable deps ti=<TaskInstance: Google_map.transform_data_phase_1_task manual__2025-03-16T15:28:09.434150+00:00 [queued]>
[2025-03-17T22:29:58.739+0000] {taskinstance.py:1956} INFO - Dependencies all met for dep_context=requeueable deps ti=<TaskInstance: Google_map.transform_data_phase_1_task manual__2025-03-16T15:28:09.434150+00:00 [queued]>
[2025-03-17T22:29:58.739+0000] {taskinstance.py:2170} INFO - Starting attempt 3 of 4
[2025-03-17T22:29:58.893+0000] {taskinstance.py:2191} INFO - Executing <Task(BashOperator): transform_data_phase_1_task> on 2025-03-16 15:28:09.434150+00:00
[2025-03-17T22:29:58.904+0000] {standard_task_runner.py:60} INFO - Started process 15444 to run task
[2025-03-17T22:29:58.944+0000] {standard_task_runner.py:87} INFO - Running: ['airflow', 'tasks', 'run', 'Google_map', 'transform_data_phase_1_task', 'manual__2025-03-16T15:28:09.434150+00:00', '--job-id', '186', '--raw', '--subdir', 'DAGS_FOLDER/google_map_dag_etl.py', '--cfg-path', '/tmp/tmp7geq5ziu']
[2025-03-17T22:29:58.963+0000] {standard_task_runner.py:88} INFO - Job 186: Subtask transform_data_phase_1_task
[2025-03-17T22:30:01.794+0000] {task_command.py:423} INFO - Running <TaskInstance: Google_map.transform_data_phase_1_task manual__2025-03-16T15:28:09.434150+00:00 [running]> on host DESKTOP-AVAHALM.
[2025-03-17T22:30:03.594+0000] {taskinstance.py:2480} INFO - Exporting env vars: AIRFLOW_CTX_DAG_OWNER='master_m2si' AIRFLOW_CTX_DAG_ID='Google_map' AIRFLOW_CTX_TASK_ID='transform_data_phase_1_task' AIRFLOW_CTX_EXECUTION_DATE='2025-03-16T15:28:09.434150+00:00' AIRFLOW_CTX_TRY_NUMBER='3' AIRFLOW_CTX_DAG_RUN_ID='manual__2025-03-16T15:28:09.434150+00:00'
[2025-03-17T22:30:03.599+0000] {subprocess.py:63} INFO - Tmp dir root location: /tmp
[2025-03-17T22:30:03.611+0000] {subprocess.py:75} INFO - Running command: ['/usr/bin/bash', '-c', 'cd ~/data_warehouse_project && dbt run --profiles-dir ~/.dbt --models cleaned_reviews']
[2025-03-17T22:30:03.648+0000] {subprocess.py:86} INFO - Output:
[2025-03-17T22:30:26.703+0000] {subprocess.py:93} INFO - [0m22:30:26  Running with dbt=1.9.0-b2
[2025-03-17T22:30:30.657+0000] {subprocess.py:93} INFO - [0m22:30:30  Registered adapter: postgres=1.8.2
[2025-03-17T22:30:32.293+0000] {subprocess.py:93} INFO - [0m22:30:32  [[33mWARNING[0m]: Configuration paths exist in your dbt_project.yml file which do not apply to any resources.
[2025-03-17T22:30:32.297+0000] {subprocess.py:93} INFO - There are 1 unused configuration paths:
[2025-03-17T22:30:32.297+0000] {subprocess.py:93} INFO - - models.data_warehouse_project.example
[2025-03-17T22:30:33.885+0000] {subprocess.py:93} INFO - [0m22:30:33  Found 6 models, 1 source, 424 macros
[2025-03-17T22:30:33.893+0000] {subprocess.py:93} INFO - [0m22:30:33
[2025-03-17T22:30:33.909+0000] {subprocess.py:93} INFO - [0m22:30:33  Concurrency: 4 threads (target='dev')
[2025-03-17T22:30:33.912+0000] {subprocess.py:93} INFO - [0m22:30:33
[2025-03-17T22:30:36.973+0000] {subprocess.py:93} INFO - [0m22:30:36  1 of 1 START sql table model public.cleaned_reviews ............................ [RUN]
[2025-03-17T22:30:40.889+0000] {subprocess.py:93} INFO - [0m22:30:40  1 of 1 OK created sql table model public.cleaned_reviews ....................... [[32mSELECT 7[0m in 3.89s]
[2025-03-17T22:30:43.009+0000] {subprocess.py:93} INFO - [0m22:30:43
[2025-03-17T22:30:43.029+0000] {subprocess.py:93} INFO - [0m22:30:43  Finished running 1 table model in 0 hours 0 minutes and 9.09 seconds (9.09s).
[2025-03-17T22:30:43.896+0000] {subprocess.py:93} INFO - [0m22:30:43
[2025-03-17T22:30:43.962+0000] {subprocess.py:93} INFO - [0m22:30:43  [32mCompleted successfully[0m
[2025-03-17T22:30:43.963+0000] {subprocess.py:93} INFO - [0m22:30:43
[2025-03-17T22:30:43.965+0000] {subprocess.py:93} INFO - [0m22:30:43  Done. PASS=1 WARN=0 ERROR=0 SKIP=0 TOTAL=1
[2025-03-17T22:30:47.860+0000] {subprocess.py:97} INFO - Command exited with return code 0
[2025-03-17T22:30:48.383+0000] {taskinstance.py:1138} INFO - Marking task as SUCCESS. dag_id=Google_map, task_id=transform_data_phase_1_task, execution_date=20250316T152809, start_date=20250317T222958, end_date=20250317T223048
[2025-03-17T22:30:48.614+0000] {local_task_job_runner.py:234} INFO - Task exited with return code 0
[2025-03-17T22:30:49.352+0000] {taskinstance.py:3280} INFO - 1 downstream tasks scheduled from follow-on schedule check
