[2025-03-17T22:32:36.068+0000] {taskinstance.py:1956} INFO - Dependencies all met for dep_context=non-requeueable deps ti=<TaskInstance: Google_map.load_phase_task manual__2025-03-15T15:55:06.054403+00:00 [queued]>
[2025-03-17T22:32:36.139+0000] {taskinstance.py:1956} INFO - Dependencies all met for dep_context=requeueable deps ti=<TaskInstance: Google_map.load_phase_task manual__2025-03-15T15:55:06.054403+00:00 [queued]>
[2025-03-17T22:32:36.139+0000] {taskinstance.py:2170} INFO - Starting attempt 1 of 2
[2025-03-17T22:32:36.404+0000] {taskinstance.py:2191} INFO - Executing <Task(BashOperator): load_phase_task> on 2025-03-15 15:55:06.054403+00:00
[2025-03-17T22:32:36.430+0000] {standard_task_runner.py:60} INFO - Started process 18020 to run task
[2025-03-17T22:32:36.489+0000] {standard_task_runner.py:87} INFO - Running: ['airflow', 'tasks', 'run', 'Google_map', 'load_phase_task', 'manual__2025-03-15T15:55:06.054403+00:00', '--job-id', '212', '--raw', '--subdir', 'DAGS_FOLDER/google_map_dag_etl.py', '--cfg-path', '/tmp/tmp9arlufz2']
[2025-03-17T22:32:36.503+0000] {standard_task_runner.py:88} INFO - Job 212: Subtask load_phase_task
[2025-03-17T22:32:36.940+0000] {task_command.py:423} INFO - Running <TaskInstance: Google_map.load_phase_task manual__2025-03-15T15:55:06.054403+00:00 [running]> on host DESKTOP-AVAHALM.
[2025-03-17T22:32:37.629+0000] {taskinstance.py:2480} INFO - Exporting env vars: AIRFLOW_CTX_DAG_OWNER='master_m2si' AIRFLOW_CTX_DAG_ID='Google_map' AIRFLOW_CTX_TASK_ID='load_phase_task' AIRFLOW_CTX_EXECUTION_DATE='2025-03-15T15:55:06.054403+00:00' AIRFLOW_CTX_TRY_NUMBER='1' AIRFLOW_CTX_DAG_RUN_ID='manual__2025-03-15T15:55:06.054403+00:00'
[2025-03-17T22:32:37.635+0000] {subprocess.py:63} INFO - Tmp dir root location: /tmp
[2025-03-17T22:32:37.636+0000] {subprocess.py:75} INFO - Running command: ['/usr/bin/bash', '-c', 'cd ~/data_warehouse_project && dbt run --profiles-dir ~/.dbt --models dim_bank dim_branch dim_location dim_sentiment fact_reviews']
[2025-03-17T22:32:37.678+0000] {subprocess.py:86} INFO - Output:
[2025-03-17T22:32:47.710+0000] {subprocess.py:93} INFO - [0m22:32:47  Running with dbt=1.9.0-b2
[2025-03-17T22:32:49.826+0000] {subprocess.py:93} INFO - [0m22:32:49  Registered adapter: postgres=1.8.2
[2025-03-17T22:32:50.992+0000] {subprocess.py:93} INFO - [0m22:32:50  [[33mWARNING[0m]: Configuration paths exist in your dbt_project.yml file which do not apply to any resources.
[2025-03-17T22:32:50.993+0000] {subprocess.py:93} INFO - There are 1 unused configuration paths:
[2025-03-17T22:32:50.993+0000] {subprocess.py:93} INFO - - models.data_warehouse_project.example
[2025-03-17T22:32:51.922+0000] {subprocess.py:93} INFO - [0m22:32:51  Found 6 models, 1 source, 424 macros
[2025-03-17T22:32:51.951+0000] {subprocess.py:93} INFO - [0m22:32:51
[2025-03-17T22:32:51.953+0000] {subprocess.py:93} INFO - [0m22:32:51  Concurrency: 4 threads (target='dev')
[2025-03-17T22:32:51.955+0000] {subprocess.py:93} INFO - [0m22:32:51
[2025-03-17T22:32:53.002+0000] {subprocess.py:93} INFO - [0m22:32:52  1 of 5 START sql table model public_Decisionnelle.dim_bank ..................... [RUN]
[2025-03-17T22:32:53.015+0000] {subprocess.py:93} INFO - [0m22:32:53  2 of 5 START sql table model public_Decisionnelle.dim_branch ................... [RUN]
[2025-03-17T22:32:53.020+0000] {subprocess.py:93} INFO - [0m22:32:53  3 of 5 START sql table model public_Decisionnelle.dim_location ................. [RUN]
[2025-03-17T22:32:53.027+0000] {subprocess.py:93} INFO - [0m22:32:53  4 of 5 START sql table model public_Decisionnelle.dim_sentiment ................ [RUN]
[2025-03-17T22:32:55.068+0000] {subprocess.py:93} INFO - [0m22:32:55  2 of 5 OK created sql table model public_Decisionnelle.dim_branch .............. [[32mSELECT 2[0m in 2.01s]
[2025-03-17T22:32:55.092+0000] {subprocess.py:93} INFO - [0m22:32:55  3 of 5 OK created sql table model public_Decisionnelle.dim_location ............ [[32mSELECT 2[0m in 2.03s]
[2025-03-17T22:32:55.106+0000] {subprocess.py:93} INFO - [0m22:32:55  1 of 5 OK created sql table model public_Decisionnelle.dim_bank ................ [[32mSELECT 2[0m in 2.09s]
[2025-03-17T22:32:55.116+0000] {subprocess.py:93} INFO - [0m22:32:55  4 of 5 OK created sql table model public_Decisionnelle.dim_sentiment ........... [[32mSELECT 1[0m in 2.03s]
[2025-03-17T22:32:55.120+0000] {subprocess.py:93} INFO - [0m22:32:55  5 of 5 START sql table model public_Decisionnelle.fact_reviews ................. [RUN]
[2025-03-17T22:32:55.602+0000] {subprocess.py:93} INFO - [0m22:32:55  5 of 5 OK created sql table model public_Decisionnelle.fact_reviews ............ [[32mSELECT 0[0m in 0.47s]
[2025-03-17T22:32:55.736+0000] {subprocess.py:93} INFO - [0m22:32:55
[2025-03-17T22:32:55.742+0000] {subprocess.py:93} INFO - [0m22:32:55  Finished running 5 table models in 0 hours 0 minutes and 3.77 seconds (3.77s).
[2025-03-17T22:32:55.934+0000] {subprocess.py:93} INFO - [0m22:32:55
[2025-03-17T22:32:55.935+0000] {subprocess.py:93} INFO - [0m22:32:55  [32mCompleted successfully[0m
[2025-03-17T22:32:55.941+0000] {subprocess.py:93} INFO - [0m22:32:55
[2025-03-17T22:32:55.942+0000] {subprocess.py:93} INFO - [0m22:32:55  Done. PASS=5 WARN=0 ERROR=0 SKIP=0 TOTAL=5
[2025-03-17T22:32:57.708+0000] {subprocess.py:97} INFO - Command exited with return code 0
[2025-03-17T22:32:57.824+0000] {taskinstance.py:1138} INFO - Marking task as SUCCESS. dag_id=Google_map, task_id=load_phase_task, execution_date=20250315T155506, start_date=20250317T223236, end_date=20250317T223257
[2025-03-17T22:32:57.971+0000] {local_task_job_runner.py:234} INFO - Task exited with return code 0
[2025-03-17T22:32:58.043+0000] {taskinstance.py:3280} INFO - 0 downstream tasks scheduled from follow-on schedule check
