[2025-03-16T18:37:58.219+0000] {taskinstance.py:1956} INFO - Dependencies all met for dep_context=non-requeueable deps ti=<TaskInstance: Google_map.transform_phase_2_task manual__2025-03-16T18:37:53.643064+00:00 [queued]>
[2025-03-16T18:37:58.263+0000] {taskinstance.py:1956} INFO - Dependencies all met for dep_context=requeueable deps ti=<TaskInstance: Google_map.transform_phase_2_task manual__2025-03-16T18:37:53.643064+00:00 [queued]>
[2025-03-16T18:37:58.264+0000] {taskinstance.py:2170} INFO - Starting attempt 1 of 2
[2025-03-16T18:37:58.550+0000] {taskinstance.py:2191} INFO - Executing <Task(PythonOperator): transform_phase_2_task> on 2025-03-16 18:37:53.643064+00:00
[2025-03-16T18:37:58.557+0000] {standard_task_runner.py:60} INFO - Started process 183355 to run task
[2025-03-16T18:37:58.563+0000] {standard_task_runner.py:87} INFO - Running: ['airflow', 'tasks', 'run', 'Google_map', 'transform_phase_2_task', 'manual__2025-03-16T18:37:53.643064+00:00', '--job-id', '143', '--raw', '--subdir', 'DAGS_FOLDER/google_map_dag_etl.py', '--cfg-path', '/tmp/tmprkyd1so2']
[2025-03-16T18:37:58.576+0000] {standard_task_runner.py:88} INFO - Job 143: Subtask transform_phase_2_task
[2025-03-16T18:37:58.789+0000] {task_command.py:423} INFO - Running <TaskInstance: Google_map.transform_phase_2_task manual__2025-03-16T18:37:53.643064+00:00 [running]> on host DESKTOP-AVAHALM.
[2025-03-16T18:37:59.045+0000] {taskinstance.py:2480} INFO - Exporting env vars: AIRFLOW_CTX_DAG_OWNER='master_m2si' AIRFLOW_CTX_DAG_ID='Google_map' AIRFLOW_CTX_TASK_ID='transform_phase_2_task' AIRFLOW_CTX_EXECUTION_DATE='2025-03-16T18:37:53.643064+00:00' AIRFLOW_CTX_TRY_NUMBER='1' AIRFLOW_CTX_DAG_RUN_ID='manual__2025-03-16T18:37:53.643064+00:00'
[2025-03-16T18:38:12.678+0000] {logging_mixin.py:188} WARNING - [nltk_data] Downloading package stopwords to /home/nord/nltk_data...
[2025-03-16T18:38:12.695+0000] {logging_mixin.py:188} WARNING - [nltk_data]   Package stopwords is already up-to-date!
[2025-03-16T18:38:12.699+0000] {logging_mixin.py:188} WARNING - [nltk_data] Downloading package punkt_tab to /home/nord/nltk_data...
[2025-03-16T18:38:12.733+0000] {logging_mixin.py:188} WARNING - [nltk_data]   Package punkt_tab is already up-to-date!
[2025-03-16T18:38:58.475+0000] {dictionary.py:201} INFO - adding document #0 to Dictionary<0 unique tokens: []>
[2025-03-16T18:38:58.476+0000] {dictionary.py:206} INFO - built Dictionary<86 unique tokens: ['500dhs', 'a', 'bancaire', 'bon', "c'est"]...> from 9 documents (total 104 corpus positions)
[2025-03-16T18:38:58.498+0000] {utils.py:447} INFO - Dictionary lifecycle event {'msg': 'built Dictionary<86 unique tokens: [\'500dhs\', \'a\', \'bancaire\', \'bon\', "c\'est"]...> from 9 documents (total 104 corpus positions)', 'datetime': '2025-03-16T18:38:58.476370', 'gensim': '4.3.3', 'python': '3.8.10 (default, Jan 17 2025, 14:40:23) \n[GCC 9.4.0]', 'platform': 'Linux-5.15.133.1-microsoft-standard-WSL2-x86_64-with-glibc2.29', 'event': 'created'}
[2025-03-16T18:38:58.500+0000] {ldamodel.py:596} INFO - using autotuned alpha, starting with [0.2, 0.2, 0.2, 0.2, 0.2]
[2025-03-16T18:38:58.500+0000] {ldamodel.py:482} INFO - using serial LDA version on this node
[2025-03-16T18:38:58.501+0000] {ldamodel.py:948} INFO - running online (multi-pass) LDA training, 5 topics, 15 passes over the supplied corpus of 9 documents, updating model once every 9 documents, evaluating perplexity every 9 documents, iterating 50x with a convergence threshold of 0.001000
[2025-03-16T18:38:58.518+0000] {ldamodel.py:848} INFO - -7.974 per-word bound, 251.5 perplexity estimate based on a held-out corpus of 9 documents with 104 words
[2025-03-16T18:38:58.518+0000] {ldamodel.py:1002} INFO - PROGRESS: pass 0, at document #9/9
[2025-03-16T18:38:58.528+0000] {ldamodel.py:795} INFO - optimized alpha [0.11659528, 0.17026591, 0.13170807, 0.21479937, 0.17942223]
[2025-03-16T18:38:58.531+0000] {ldamodel.py:1197} INFO - topic #0 (0.117): 0.056*"bon" + 0.056*"courage" + 0.056*"…" + 0.056*"👍👍👍👍" + 0.010*"service" + 0.010*"avis" + 0.010*"remercions" + 0.010*"très" + 0.009*"personnel" + 0.009*"ouverture"
[2025-03-16T18:38:58.532+0000] {ldamodel.py:1197} INFO - topic #1 (0.170): 0.040*"d'agence" + 0.040*"sympathique" + 0.040*"l'écoute" + 0.040*"chef" + 0.040*"accompagner" + 0.040*"commerciaux" + 0.040*"très" + 0.040*"personnel" + 0.040*"remercions" + 0.040*"plaisir"
[2025-03-16T18:38:58.533+0000] {ldamodel.py:1197} INFO - topic #2 (0.132): 0.030*"succès" + 0.029*"souhaite" + 0.028*"services" + 0.028*"heureux" + 0.028*"aussi" + 0.028*"très" + 0.028*"niveau" + 0.028*"haut" + 0.027*"vraiment" + 0.027*"banque"
[2025-03-16T18:38:58.533+0000] {ldamodel.py:1197} INFO - topic #3 (0.215): 0.031*"carte" + 0.031*"non" + 0.024*"a" + 0.023*"c'est" + 0.023*"chose" + 0.022*"guichet" + 0.022*"plus" + 0.018*"banque" + 0.017*"encore" + 0.017*"fois"
[2025-03-16T18:38:58.534+0000] {ldamodel.py:1197} INFO - topic #4 (0.179): 0.043*"ouverture" + 0.033*"plus" + 0.032*"c'est" + 0.032*"frais" + 0.028*"encore" + 0.028*"pire" + 0.028*"actuellement" + 0.028*"depuis" + 0.028*"nulle" + 0.022*"bancaire"
[2025-03-16T18:38:58.534+0000] {ldamodel.py:1075} INFO - topic diff=2.683852, rho=1.000000
[2025-03-16T18:38:58.543+0000] {ldamodel.py:848} INFO - -5.346 per-word bound, 40.7 perplexity estimate based on a held-out corpus of 9 documents with 104 words
[2025-03-16T18:38:58.543+0000] {ldamodel.py:1002} INFO - PROGRESS: pass 1, at document #9/9
[2025-03-16T18:38:58.549+0000] {ldamodel.py:795} INFO - optimized alpha [0.09728714, 0.15152791, 0.1077465, 0.14736229, 0.16361105]
[2025-03-16T18:38:58.550+0000] {ldamodel.py:1197} INFO - topic #0 (0.097): 0.056*"courage" + 0.056*"…" + 0.056*"bon" + 0.056*"👍👍👍👍" + 0.010*"service" + 0.009*"avis" + 0.009*"remercions" + 0.009*"très" + 0.009*"personnel" + 0.009*"ouverture"
[2025-03-16T18:38:58.551+0000] {ldamodel.py:1197} INFO - topic #1 (0.152): 0.040*"d'agence" + 0.040*"sympathique" + 0.040*"l'écoute" + 0.040*"chef" + 0.040*"accompagner" + 0.040*"commerciaux" + 0.040*"très" + 0.040*"personnel" + 0.040*"remercions" + 0.040*"plaisir"
[2025-03-16T18:38:58.551+0000] {ldamodel.py:1197} INFO - topic #2 (0.108): 0.033*"succès" + 0.033*"souhaite" + 0.033*"services" + 0.033*"heureux" + 0.033*"aussi" + 0.033*"très" + 0.033*"niveau" + 0.033*"haut" + 0.032*"vraiment" + 0.032*"banque"
[2025-03-16T18:38:58.552+0000] {ldamodel.py:1197} INFO - topic #3 (0.147): 0.039*"carte" + 0.039*"non" + 0.025*"a" + 0.024*"chose" + 0.024*"guichet" + 0.021*"encore" + 0.021*"personnel" + 0.021*"fois" + 0.021*"agents" + 0.021*"faire"
[2025-03-16T18:38:58.552+0000] {ldamodel.py:1197} INFO - topic #4 (0.164): 0.040*"ouverture" + 0.036*"plus" + 0.036*"c'est" + 0.036*"frais" + 0.023*"pire" + 0.023*"actuellement" + 0.023*"encore" + 0.023*"depuis" + 0.023*"nulle" + 0.021*"bancaire"
[2025-03-16T18:38:58.553+0000] {ldamodel.py:1075} INFO - topic diff=0.220500, rho=0.577350
[2025-03-16T18:38:58.561+0000] {ldamodel.py:848} INFO - -5.135 per-word bound, 35.2 perplexity estimate based on a held-out corpus of 9 documents with 104 words
[2025-03-16T18:38:58.562+0000] {ldamodel.py:1002} INFO - PROGRESS: pass 2, at document #9/9
[2025-03-16T18:38:58.570+0000] {ldamodel.py:795} INFO - optimized alpha [0.08509223, 0.13802661, 0.09315669, 0.11813896, 0.15069912]
[2025-03-16T18:38:58.576+0000] {ldamodel.py:1197} INFO - topic #0 (0.085): 0.057*"courage" + 0.057*"…" + 0.057*"👍👍👍👍" + 0.057*"bon" + 0.009*"service" + 0.009*"avis" + 0.009*"remercions" + 0.009*"très" + 0.009*"personnel" + 0.009*"ouverture"
[2025-03-16T18:38:58.578+0000] {ldamodel.py:1197} INFO - topic #1 (0.138): 0.040*"d'agence" + 0.040*"sympathique" + 0.040*"l'écoute" + 0.040*"chef" + 0.040*"accompagner" + 0.040*"très" + 0.040*"commerciaux" + 0.040*"personnel" + 0.040*"remercions" + 0.040*"plaisir"
[2025-03-16T18:38:58.581+0000] {ldamodel.py:1197} INFO - topic #2 (0.093): 0.034*"succès" + 0.034*"souhaite" + 0.034*"services" + 0.034*"heureux" + 0.034*"aussi" + 0.034*"très" + 0.034*"niveau" + 0.034*"haut" + 0.034*"vraiment" + 0.034*"banque"
[2025-03-16T18:38:58.586+0000] {ldamodel.py:1197} INFO - topic #3 (0.118): 0.042*"carte" + 0.042*"non" + 0.025*"a" + 0.025*"chose" + 0.024*"guichet" + 0.023*"encore" + 0.023*"personnel" + 0.023*"fois" + 0.023*"agents" + 0.023*"faire"
[2025-03-16T18:38:58.591+0000] {ldamodel.py:1197} INFO - topic #4 (0.151): 0.039*"ouverture" + 0.038*"plus" + 0.037*"c'est" + 0.037*"frais" + 0.022*"pire" + 0.022*"actuellement" + 0.022*"encore" + 0.022*"depuis" + 0.022*"nulle" + 0.021*"bancaire"
[2025-03-16T18:38:58.592+0000] {ldamodel.py:1075} INFO - topic diff=0.119312, rho=0.500000
[2025-03-16T18:38:58.598+0000] {ldamodel.py:848} INFO - -5.079 per-word bound, 33.8 perplexity estimate based on a held-out corpus of 9 documents with 104 words
[2025-03-16T18:38:58.600+0000] {ldamodel.py:1002} INFO - PROGRESS: pass 3, at document #9/9
[2025-03-16T18:38:58.604+0000] {ldamodel.py:795} INFO - optimized alpha [0.07646967, 0.12774855, 0.083055414, 0.10083449, 0.14019905]
[2025-03-16T18:38:58.608+0000] {ldamodel.py:1197} INFO - topic #0 (0.076): 0.057*"courage" + 0.057*"…" + 0.057*"👍👍👍👍" + 0.057*"bon" + 0.009*"service" + 0.009*"avis" + 0.009*"remercions" + 0.009*"très" + 0.009*"personnel" + 0.009*"ouverture"
[2025-03-16T18:38:58.609+0000] {ldamodel.py:1197} INFO - topic #1 (0.128): 0.040*"d'agence" + 0.040*"sympathique" + 0.040*"l'écoute" + 0.040*"chef" + 0.040*"accompagner" + 0.040*"très" + 0.040*"commerciaux" + 0.040*"personnel" + 0.040*"remercions" + 0.040*"plaisir"
[2025-03-16T18:38:58.609+0000] {ldamodel.py:1197} INFO - topic #2 (0.083): 0.035*"succès" + 0.035*"souhaite" + 0.034*"services" + 0.034*"heureux" + 0.034*"aussi" + 0.034*"très" + 0.034*"niveau" + 0.034*"haut" + 0.034*"vraiment" + 0.034*"banque"
[2025-03-16T18:38:58.610+0000] {ldamodel.py:1197} INFO - topic #3 (0.101): 0.044*"carte" + 0.044*"non" + 0.025*"a" + 0.025*"chose" + 0.025*"guichet" + 0.024*"encore" + 0.024*"personnel" + 0.024*"fois" + 0.024*"agents" + 0.024*"faire"
[2025-03-16T18:38:58.610+0000] {ldamodel.py:1197} INFO - topic #4 (0.140): 0.039*"ouverture" + 0.038*"plus" + 0.038*"c'est" + 0.038*"frais" + 0.022*"pire" + 0.022*"actuellement" + 0.022*"encore" + 0.022*"depuis" + 0.022*"nulle" + 0.021*"bancaire"
[2025-03-16T18:38:58.611+0000] {ldamodel.py:1075} INFO - topic diff=0.073710, rho=0.447214
[2025-03-16T18:38:58.616+0000] {ldamodel.py:848} INFO - -5.059 per-word bound, 33.3 perplexity estimate based on a held-out corpus of 9 documents with 104 words
[2025-03-16T18:38:58.617+0000] {ldamodel.py:1002} INFO - PROGRESS: pass 4, at document #9/9
[2025-03-16T18:38:58.622+0000] {ldamodel.py:795} INFO - optimized alpha [0.06994731, 0.11958113, 0.07552242, 0.08906721, 0.1315243]
[2025-03-16T18:38:58.623+0000] {ldamodel.py:1197} INFO - topic #0 (0.070): 0.057*"courage" + 0.057*"…" + 0.057*"👍👍👍👍" + 0.057*"bon" + 0.009*"service" + 0.009*"avis" + 0.009*"remercions" + 0.009*"très" + 0.009*"personnel" + 0.009*"ouverture"
[2025-03-16T18:38:58.624+0000] {ldamodel.py:1197} INFO - topic #1 (0.120): 0.040*"d'agence" + 0.040*"sympathique" + 0.040*"l'écoute" + 0.040*"chef" + 0.040*"très" + 0.040*"accompagner" + 0.040*"commerciaux" + 0.040*"personnel" + 0.040*"remercions" + 0.040*"plaisir"
[2025-03-16T18:38:58.625+0000] {ldamodel.py:1197} INFO - topic #2 (0.076): 0.035*"succès" + 0.035*"souhaite" + 0.035*"services" + 0.035*"heureux" + 0.035*"aussi" + 0.035*"très" + 0.035*"niveau" + 0.035*"haut" + 0.035*"vraiment" + 0.035*"banque"
[2025-03-16T18:38:58.625+0000] {ldamodel.py:1197} INFO - topic #3 (0.089): 0.045*"carte" + 0.045*"non" + 0.025*"a" + 0.025*"chose" + 0.025*"guichet" + 0.025*"encore" + 0.025*"personnel" + 0.025*"fois" + 0.025*"agents" + 0.025*"faire"
[2025-03-16T18:38:58.626+0000] {ldamodel.py:1197} INFO - topic #4 (0.132): 0.039*"ouverture" + 0.038*"plus" + 0.038*"c'est" + 0.038*"frais" + 0.021*"pire" + 0.021*"actuellement" + 0.021*"encore" + 0.021*"depuis" + 0.021*"nulle" + 0.021*"bancaire"
[2025-03-16T18:38:58.626+0000] {ldamodel.py:1075} INFO - topic diff=0.046036, rho=0.408248
[2025-03-16T18:38:58.634+0000] {ldamodel.py:848} INFO - -5.051 per-word bound, 33.1 perplexity estimate based on a held-out corpus of 9 documents with 104 words
[2025-03-16T18:38:58.635+0000] {ldamodel.py:1002} INFO - PROGRESS: pass 5, at document #9/9
[2025-03-16T18:38:58.641+0000] {ldamodel.py:795} INFO - optimized alpha [0.06478696, 0.11288173, 0.06962484, 0.0804108, 0.12423139]
[2025-03-16T18:38:58.642+0000] {ldamodel.py:1197} INFO - topic #0 (0.065): 0.057*"courage" + 0.057*"…" + 0.057*"👍👍👍👍" + 0.057*"bon" + 0.009*"service" + 0.009*"avis" + 0.009*"remercions" + 0.009*"très" + 0.009*"personnel" + 0.009*"ouverture"
[2025-03-16T18:38:58.642+0000] {ldamodel.py:1197} INFO - topic #1 (0.113): 0.040*"d'agence" + 0.040*"sympathique" + 0.040*"l'écoute" + 0.040*"chef" + 0.040*"très" + 0.040*"accompagner" + 0.040*"commerciaux" + 0.040*"personnel" + 0.040*"remercions" + 0.040*"plaisir"
[2025-03-16T18:38:58.643+0000] {ldamodel.py:1197} INFO - topic #2 (0.070): 0.035*"succès" + 0.035*"souhaite" + 0.035*"services" + 0.035*"heureux" + 0.035*"aussi" + 0.035*"très" + 0.035*"niveau" + 0.035*"haut" + 0.035*"vraiment" + 0.035*"banque"
[2025-03-16T18:38:58.643+0000] {ldamodel.py:1197} INFO - topic #3 (0.080): 0.046*"carte" + 0.046*"non" + 0.025*"a" + 0.025*"chose" + 0.025*"guichet" + 0.025*"encore" + 0.025*"personnel" + 0.025*"fois" + 0.025*"agents" + 0.025*"faire"
[2025-03-16T18:38:58.643+0000] {ldamodel.py:1197} INFO - topic #4 (0.124): 0.039*"ouverture" + 0.038*"plus" + 0.038*"c'est" + 0.038*"frais" + 0.021*"pire" + 0.021*"actuellement" + 0.021*"encore" + 0.021*"depuis" + 0.021*"nulle" + 0.021*"bancaire"
[2025-03-16T18:38:58.644+0000] {ldamodel.py:1075} INFO - topic diff=0.028889, rho=0.377964
[2025-03-16T18:38:58.654+0000] {ldamodel.py:848} INFO - -5.046 per-word bound, 33.0 perplexity estimate based on a held-out corpus of 9 documents with 104 words
[2025-03-16T18:38:58.655+0000] {ldamodel.py:1002} INFO - PROGRESS: pass 6, at document #9/9
[2025-03-16T18:38:58.671+0000] {ldamodel.py:795} INFO - optimized alpha [0.060570825, 0.10725218, 0.06484578, 0.0737078, 0.11800141]
[2025-03-16T18:38:58.673+0000] {ldamodel.py:1197} INFO - topic #0 (0.061): 0.057*"courage" + 0.057*"…" + 0.057*"👍👍👍👍" + 0.057*"bon" + 0.009*"service" + 0.009*"avis" + 0.009*"remercions" + 0.009*"très" + 0.009*"personnel" + 0.009*"ouverture"
[2025-03-16T18:38:58.675+0000] {ldamodel.py:1197} INFO - topic #1 (0.107): 0.040*"d'agence" + 0.040*"sympathique" + 0.040*"l'écoute" + 0.040*"très" + 0.040*"chef" + 0.040*"accompagner" + 0.040*"commerciaux" + 0.040*"personnel" + 0.040*"remercions" + 0.040*"plaisir"
[2025-03-16T18:38:58.677+0000] {ldamodel.py:1197} INFO - topic #2 (0.065): 0.035*"succès" + 0.035*"souhaite" + 0.035*"services" + 0.035*"heureux" + 0.035*"aussi" + 0.035*"très" + 0.035*"niveau" + 0.035*"haut" + 0.035*"vraiment" + 0.035*"banque"
[2025-03-16T18:38:58.678+0000] {ldamodel.py:1197} INFO - topic #3 (0.074): 0.046*"carte" + 0.046*"non" + 0.025*"a" + 0.025*"chose" + 0.025*"guichet" + 0.025*"encore" + 0.025*"personnel" + 0.025*"fois" + 0.025*"agents" + 0.025*"faire"
[2025-03-16T18:38:58.678+0000] {ldamodel.py:1197} INFO - topic #4 (0.118): 0.039*"ouverture" + 0.038*"plus" + 0.038*"c'est" + 0.038*"frais" + 0.021*"pire" + 0.021*"actuellement" + 0.021*"encore" + 0.021*"depuis" + 0.021*"nulle" + 0.021*"bancaire"
[2025-03-16T18:38:58.682+0000] {ldamodel.py:1075} INFO - topic diff=0.018327, rho=0.353553
[2025-03-16T18:38:58.692+0000] {ldamodel.py:848} INFO - -5.043 per-word bound, 33.0 perplexity estimate based on a held-out corpus of 9 documents with 104 words
[2025-03-16T18:38:58.693+0000] {ldamodel.py:1002} INFO - PROGRESS: pass 7, at document #9/9
[2025-03-16T18:38:58.701+0000] {ldamodel.py:795} INFO - optimized alpha [0.057041775, 0.10243129, 0.060872123, 0.06832567, 0.11260637]
[2025-03-16T18:38:58.702+0000] {ldamodel.py:1197} INFO - topic #0 (0.057): 0.057*"courage" + 0.057*"…" + 0.057*"👍👍👍👍" + 0.057*"bon" + 0.009*"service" + 0.009*"avis" + 0.009*"remercions" + 0.009*"très" + 0.009*"personnel" + 0.009*"ouverture"
[2025-03-16T18:38:58.703+0000] {ldamodel.py:1197} INFO - topic #1 (0.102): 0.040*"d'agence" + 0.040*"sympathique" + 0.040*"l'écoute" + 0.040*"très" + 0.040*"chef" + 0.040*"accompagner" + 0.040*"commerciaux" + 0.040*"personnel" + 0.040*"remercions" + 0.040*"plaisir"
[2025-03-16T18:38:58.703+0000] {ldamodel.py:1197} INFO - topic #2 (0.061): 0.035*"succès" + 0.035*"souhaite" + 0.035*"services" + 0.035*"heureux" + 0.035*"aussi" + 0.035*"très" + 0.035*"niveau" + 0.035*"haut" + 0.035*"vraiment" + 0.035*"banque"
[2025-03-16T18:38:58.704+0000] {ldamodel.py:1197} INFO - topic #3 (0.068): 0.046*"carte" + 0.046*"non" + 0.025*"a" + 0.025*"chose" + 0.025*"guichet" + 0.025*"encore" + 0.025*"personnel" + 0.025*"fois" + 0.025*"agents" + 0.025*"faire"
[2025-03-16T18:38:58.705+0000] {ldamodel.py:1197} INFO - topic #4 (0.113): 0.039*"ouverture" + 0.038*"plus" + 0.038*"c'est" + 0.038*"frais" + 0.021*"pire" + 0.021*"actuellement" + 0.021*"encore" + 0.021*"depuis" + 0.021*"nulle" + 0.021*"bancaire"
[2025-03-16T18:38:58.706+0000] {ldamodel.py:1075} INFO - topic diff=0.011808, rho=0.333333
[2025-03-16T18:38:58.717+0000] {ldamodel.py:848} INFO - -5.040 per-word bound, 32.9 perplexity estimate based on a held-out corpus of 9 documents with 104 words
[2025-03-16T18:38:58.718+0000] {ldamodel.py:1002} INFO - PROGRESS: pass 8, at document #9/9
[2025-03-16T18:38:58.720+0000] {ldamodel.py:795} INFO - optimized alpha [0.054031484, 0.09823962, 0.057501376, 0.06388542, 0.1078788]
[2025-03-16T18:38:58.720+0000] {ldamodel.py:1197} INFO - topic #0 (0.054): 0.057*"courage" + 0.057*"…" + 0.057*"👍👍👍👍" + 0.057*"bon" + 0.009*"service" + 0.009*"avis" + 0.009*"remercions" + 0.009*"très" + 0.009*"personnel" + 0.009*"ouverture"
[2025-03-16T18:38:58.721+0000] {ldamodel.py:1197} INFO - topic #1 (0.098): 0.040*"d'agence" + 0.040*"sympathique" + 0.040*"l'écoute" + 0.040*"très" + 0.040*"chef" + 0.040*"accompagner" + 0.040*"commerciaux" + 0.040*"personnel" + 0.040*"remercions" + 0.040*"plaisir"
[2025-03-16T18:38:58.722+0000] {ldamodel.py:1197} INFO - topic #2 (0.058): 0.035*"succès" + 0.035*"souhaite" + 0.035*"services" + 0.035*"heureux" + 0.035*"aussi" + 0.035*"très" + 0.035*"niveau" + 0.035*"haut" + 0.035*"vraiment" + 0.035*"banque"
[2025-03-16T18:38:58.722+0000] {ldamodel.py:1197} INFO - topic #3 (0.064): 0.046*"carte" + 0.046*"non" + 0.025*"a" + 0.025*"chose" + 0.025*"guichet" + 0.025*"encore" + 0.025*"fois" + 0.025*"personnel" + 0.025*"agents" + 0.025*"faire"
[2025-03-16T18:38:58.724+0000] {ldamodel.py:1197} INFO - topic #4 (0.108): 0.039*"ouverture" + 0.038*"plus" + 0.038*"c'est" + 0.038*"frais" + 0.021*"pire" + 0.021*"actuellement" + 0.021*"encore" + 0.021*"depuis" + 0.021*"nulle" + 0.021*"bancaire"
[2025-03-16T18:38:58.724+0000] {ldamodel.py:1075} INFO - topic diff=0.007744, rho=0.316228
[2025-03-16T18:38:58.733+0000] {ldamodel.py:848} INFO - -5.038 per-word bound, 32.8 perplexity estimate based on a held-out corpus of 9 documents with 104 words
[2025-03-16T18:38:58.733+0000] {ldamodel.py:1002} INFO - PROGRESS: pass 9, at document #9/9
[2025-03-16T18:38:58.735+0000] {ldamodel.py:795} INFO - optimized alpha [0.051424406, 0.09454925, 0.054595932, 0.060144298, 0.103693806]
[2025-03-16T18:38:58.736+0000] {ldamodel.py:1197} INFO - topic #0 (0.051): 0.057*"courage" + 0.057*"…" + 0.057*"👍👍👍👍" + 0.057*"bon" + 0.009*"service" + 0.009*"avis" + 0.009*"remercions" + 0.009*"très" + 0.009*"personnel" + 0.009*"ouverture"
[2025-03-16T18:38:58.736+0000] {ldamodel.py:1197} INFO - topic #1 (0.095): 0.040*"d'agence" + 0.040*"sympathique" + 0.040*"l'écoute" + 0.040*"très" + 0.040*"chef" + 0.040*"accompagner" + 0.040*"commerciaux" + 0.040*"personnel" + 0.040*"remercions" + 0.040*"plaisir"
[2025-03-16T18:38:58.737+0000] {ldamodel.py:1197} INFO - topic #2 (0.055): 0.035*"succès" + 0.035*"souhaite" + 0.035*"services" + 0.035*"heureux" + 0.035*"aussi" + 0.035*"très" + 0.035*"niveau" + 0.035*"haut" + 0.035*"vraiment" + 0.035*"individu"
[2025-03-16T18:38:58.737+0000] {ldamodel.py:1197} INFO - topic #3 (0.060): 0.046*"carte" + 0.046*"non" + 0.025*"a" + 0.025*"chose" + 0.025*"guichet" + 0.025*"encore" + 0.025*"fois" + 0.025*"personnel" + 0.025*"agents" + 0.025*"faire"
[2025-03-16T18:38:58.738+0000] {ldamodel.py:1197} INFO - topic #4 (0.104): 0.038*"ouverture" + 0.038*"plus" + 0.038*"c'est" + 0.038*"frais" + 0.021*"pire" + 0.021*"actuellement" + 0.021*"encore" + 0.021*"depuis" + 0.021*"nulle" + 0.021*"bancaire"
[2025-03-16T18:38:58.739+0000] {ldamodel.py:1075} INFO - topic diff=0.005172, rho=0.301511
[2025-03-16T18:38:58.743+0000] {ldamodel.py:848} INFO - -5.035 per-word bound, 32.8 perplexity estimate based on a held-out corpus of 9 documents with 104 words
[2025-03-16T18:38:58.743+0000] {ldamodel.py:1002} INFO - PROGRESS: pass 10, at document #9/9
[2025-03-16T18:38:58.745+0000] {ldamodel.py:795} INFO - optimized alpha [0.049138173, 0.091266125, 0.052058507, 0.056938704, 0.099956386]
[2025-03-16T18:38:58.747+0000] {ldamodel.py:1197} INFO - topic #0 (0.049): 0.057*"courage" + 0.057*"…" + 0.057*"👍👍👍👍" + 0.057*"bon" + 0.009*"service" + 0.009*"avis" + 0.009*"remercions" + 0.009*"très" + 0.009*"personnel" + 0.009*"ouverture"
[2025-03-16T18:38:58.747+0000] {ldamodel.py:1197} INFO - topic #1 (0.091): 0.040*"d'agence" + 0.040*"sympathique" + 0.040*"l'écoute" + 0.040*"très" + 0.040*"chef" + 0.040*"accompagner" + 0.040*"commerciaux" + 0.040*"personnel" + 0.040*"remercions" + 0.040*"plaisir"
[2025-03-16T18:38:58.749+0000] {ldamodel.py:1197} INFO - topic #2 (0.052): 0.035*"succès" + 0.035*"souhaite" + 0.035*"services" + 0.035*"heureux" + 0.035*"aussi" + 0.035*"très" + 0.035*"niveau" + 0.035*"haut" + 0.035*"vraiment" + 0.035*"individu"
[2025-03-16T18:38:58.749+0000] {ldamodel.py:1197} INFO - topic #3 (0.057): 0.046*"carte" + 0.046*"non" + 0.025*"a" + 0.025*"chose" + 0.025*"guichet" + 0.025*"encore" + 0.025*"fois" + 0.025*"personnel" + 0.025*"faire" + 0.025*"agents"
[2025-03-16T18:38:58.750+0000] {ldamodel.py:1197} INFO - topic #4 (0.100): 0.038*"ouverture" + 0.038*"plus" + 0.038*"c'est" + 0.038*"frais" + 0.021*"pire" + 0.021*"actuellement" + 0.021*"encore" + 0.021*"depuis" + 0.021*"nulle" + 0.021*"bancaire"
[2025-03-16T18:38:58.751+0000] {ldamodel.py:1075} INFO - topic diff=0.003515, rho=0.288675
[2025-03-16T18:38:58.757+0000] {ldamodel.py:848} INFO - -5.033 per-word bound, 32.7 perplexity estimate based on a held-out corpus of 9 documents with 104 words
[2025-03-16T18:38:58.757+0000] {ldamodel.py:1002} INFO - PROGRESS: pass 11, at document #9/9
[2025-03-16T18:38:58.761+0000] {ldamodel.py:795} INFO - optimized alpha [0.04711225, 0.08831933, 0.049818095, 0.05415384, 0.0965929]
[2025-03-16T18:38:58.761+0000] {ldamodel.py:1197} INFO - topic #0 (0.047): 0.057*"courage" + 0.057*"…" + 0.057*"👍👍👍👍" + 0.057*"bon" + 0.009*"service" + 0.009*"avis" + 0.009*"remercions" + 0.009*"très" + 0.009*"personnel" + 0.009*"ouverture"
[2025-03-16T18:38:58.762+0000] {ldamodel.py:1197} INFO - topic #1 (0.088): 0.040*"d'agence" + 0.040*"sympathique" + 0.040*"très" + 0.040*"l'écoute" + 0.040*"chef" + 0.040*"accompagner" + 0.040*"commerciaux" + 0.040*"personnel" + 0.040*"remercions" + 0.040*"plaisir"
[2025-03-16T18:38:58.763+0000] {ldamodel.py:1197} INFO - topic #2 (0.050): 0.035*"succès" + 0.035*"souhaite" + 0.035*"services" + 0.035*"heureux" + 0.035*"aussi" + 0.035*"très" + 0.035*"niveau" + 0.035*"haut" + 0.035*"vraiment" + 0.035*"individu"
[2025-03-16T18:38:58.763+0000] {ldamodel.py:1197} INFO - topic #3 (0.054): 0.047*"carte" + 0.047*"non" + 0.025*"a" + 0.025*"chose" + 0.025*"guichet" + 0.025*"encore" + 0.025*"fois" + 0.025*"personnel" + 0.025*"faire" + 0.025*"agents"
[2025-03-16T18:38:58.764+0000] {ldamodel.py:1197} INFO - topic #4 (0.097): 0.038*"ouverture" + 0.038*"plus" + 0.038*"c'est" + 0.038*"frais" + 0.021*"pire" + 0.021*"actuellement" + 0.021*"encore" + 0.021*"depuis" + 0.021*"nulle" + 0.021*"bancaire"
[2025-03-16T18:38:58.765+0000] {ldamodel.py:1075} INFO - topic diff=0.002429, rho=0.277350
[2025-03-16T18:38:58.773+0000] {ldamodel.py:848} INFO - -5.032 per-word bound, 32.7 perplexity estimate based on a held-out corpus of 9 documents with 104 words
[2025-03-16T18:38:58.774+0000] {ldamodel.py:1002} INFO - PROGRESS: pass 12, at document #9/9
[2025-03-16T18:38:58.775+0000] {ldamodel.py:795} INFO - optimized alpha [0.04530099, 0.08565424, 0.0478215, 0.051706504, 0.093545415]
[2025-03-16T18:38:58.776+0000] {ldamodel.py:1197} INFO - topic #0 (0.045): 0.057*"courage" + 0.057*"…" + 0.057*"👍👍👍👍" + 0.057*"bon" + 0.009*"service" + 0.009*"avis" + 0.009*"remercions" + 0.009*"très" + 0.009*"personnel" + 0.009*"ouverture"
[2025-03-16T18:38:58.777+0000] {ldamodel.py:1197} INFO - topic #1 (0.086): 0.040*"d'agence" + 0.040*"sympathique" + 0.040*"très" + 0.040*"l'écoute" + 0.040*"chef" + 0.040*"accompagner" + 0.040*"commerciaux" + 0.040*"personnel" + 0.040*"remercions" + 0.040*"avis"
[2025-03-16T18:38:58.777+0000] {ldamodel.py:1197} INFO - topic #2 (0.048): 0.035*"succès" + 0.035*"souhaite" + 0.035*"services" + 0.035*"heureux" + 0.035*"aussi" + 0.035*"très" + 0.035*"niveau" + 0.035*"haut" + 0.035*"vraiment" + 0.035*"individu"
[2025-03-16T18:38:58.777+0000] {ldamodel.py:1197} INFO - topic #3 (0.052): 0.047*"carte" + 0.047*"non" + 0.025*"a" + 0.025*"chose" + 0.025*"guichet" + 0.025*"encore" + 0.025*"fois" + 0.025*"personnel" + 0.025*"faire" + 0.025*"agents"
[2025-03-16T18:38:58.778+0000] {ldamodel.py:1197} INFO - topic #4 (0.094): 0.038*"ouverture" + 0.038*"plus" + 0.038*"c'est" + 0.038*"frais" + 0.021*"pire" + 0.021*"actuellement" + 0.021*"encore" + 0.021*"depuis" + 0.021*"nulle" + 0.021*"bancaire"
[2025-03-16T18:38:58.778+0000] {ldamodel.py:1075} INFO - topic diff=0.001705, rho=0.267261
[2025-03-16T18:38:58.784+0000] {ldamodel.py:848} INFO - -5.030 per-word bound, 32.7 perplexity estimate based on a held-out corpus of 9 documents with 104 words
[2025-03-16T18:38:58.785+0000] {ldamodel.py:1002} INFO - PROGRESS: pass 13, at document #9/9
[2025-03-16T18:38:58.797+0000] {ldamodel.py:795} INFO - optimized alpha [0.04366924, 0.08322795, 0.046027955, 0.049534716, 0.09076782]
[2025-03-16T18:38:58.799+0000] {ldamodel.py:1197} INFO - topic #0 (0.044): 0.057*"courage" + 0.057*"…" + 0.057*"👍👍👍👍" + 0.057*"bon" + 0.009*"service" + 0.009*"avis" + 0.009*"remercions" + 0.009*"très" + 0.009*"personnel" + 0.009*"plaisir"
[2025-03-16T18:38:58.800+0000] {ldamodel.py:1197} INFO - topic #1 (0.083): 0.040*"d'agence" + 0.040*"sympathique" + 0.040*"très" + 0.040*"l'écoute" + 0.040*"chef" + 0.040*"accompagner" + 0.040*"commerciaux" + 0.040*"personnel" + 0.040*"remercions" + 0.040*"avis"
[2025-03-16T18:38:58.801+0000] {ldamodel.py:1197} INFO - topic #2 (0.046): 0.035*"succès" + 0.035*"souhaite" + 0.035*"services" + 0.035*"heureux" + 0.035*"aussi" + 0.035*"très" + 0.035*"niveau" + 0.035*"haut" + 0.035*"vraiment" + 0.035*"individu"
[2025-03-16T18:38:58.801+0000] {ldamodel.py:1197} INFO - topic #3 (0.050): 0.047*"carte" + 0.047*"non" + 0.025*"a" + 0.025*"chose" + 0.025*"guichet" + 0.025*"encore" + 0.025*"fois" + 0.025*"personnel" + 0.025*"faire" + 0.025*"agents"
[2025-03-16T18:38:58.802+0000] {ldamodel.py:1197} INFO - topic #4 (0.091): 0.038*"ouverture" + 0.038*"plus" + 0.038*"c'est" + 0.038*"frais" + 0.021*"pire" + 0.021*"actuellement" + 0.021*"encore" + 0.021*"depuis" + 0.021*"nulle" + 0.021*"bancaire"
[2025-03-16T18:38:58.802+0000] {ldamodel.py:1075} INFO - topic diff=0.001214, rho=0.258199
[2025-03-16T18:38:58.810+0000] {ldamodel.py:848} INFO - -5.028 per-word bound, 32.6 perplexity estimate based on a held-out corpus of 9 documents with 104 words
[2025-03-16T18:38:58.810+0000] {ldamodel.py:1002} INFO - PROGRESS: pass 14, at document #9/9
[2025-03-16T18:38:58.812+0000] {ldamodel.py:795} INFO - optimized alpha [0.042189408, 0.08100626, 0.044405624, 0.047591265, 0.088222794]
[2025-03-16T18:38:58.813+0000] {ldamodel.py:1197} INFO - topic #0 (0.042): 0.057*"courage" + 0.057*"…" + 0.057*"👍👍👍👍" + 0.057*"bon" + 0.009*"service" + 0.009*"avis" + 0.009*"remercions" + 0.009*"très" + 0.009*"personnel" + 0.009*"ouverture"
[2025-03-16T18:38:58.814+0000] {ldamodel.py:1197} INFO - topic #1 (0.081): 0.040*"d'agence" + 0.040*"sympathique" + 0.040*"très" + 0.040*"l'écoute" + 0.040*"chef" + 0.040*"accompagner" + 0.040*"commerciaux" + 0.040*"personnel" + 0.040*"remercions" + 0.040*"avis"
[2025-03-16T18:38:58.815+0000] {ldamodel.py:1197} INFO - topic #2 (0.044): 0.035*"succès" + 0.035*"souhaite" + 0.035*"services" + 0.035*"heureux" + 0.035*"aussi" + 0.035*"très" + 0.035*"niveau" + 0.035*"haut" + 0.035*"vraiment" + 0.035*"individu"
[2025-03-16T18:38:58.816+0000] {ldamodel.py:1197} INFO - topic #3 (0.048): 0.047*"carte" + 0.047*"non" + 0.025*"a" + 0.025*"chose" + 0.025*"guichet" + 0.025*"encore" + 0.025*"fois" + 0.025*"personnel" + 0.025*"agents" + 0.025*"faire"
[2025-03-16T18:38:58.817+0000] {ldamodel.py:1197} INFO - topic #4 (0.088): 0.038*"ouverture" + 0.038*"plus" + 0.038*"c'est" + 0.038*"frais" + 0.021*"actuellement" + 0.021*"pire" + 0.021*"encore" + 0.021*"depuis" + 0.021*"nulle" + 0.021*"bancaire"
[2025-03-16T18:38:58.817+0000] {ldamodel.py:1075} INFO - topic diff=0.000875, rho=0.250000
[2025-03-16T18:38:58.818+0000] {utils.py:447} INFO - LdaModel lifecycle event {'msg': 'trained LdaModel<num_terms=86, num_topics=5, decay=0.5, chunksize=2000> in 0.32s', 'datetime': '2025-03-16T18:38:58.818897', 'gensim': '4.3.3', 'python': '3.8.10 (default, Jan 17 2025, 14:40:23) \n[GCC 9.4.0]', 'platform': 'Linux-5.15.133.1-microsoft-standard-WSL2-x86_64-with-glibc2.29', 'event': 'created'}
[2025-03-16T18:53:59.567+0000] {local_task_job_runner.py:302} WARNING - State of this instance has been externally set to failed. Terminating instance.
[2025-03-16T18:53:59.573+0000] {process_utils.py:131} INFO - Sending 15 to group 183355. PIDs of all processes in the group: [183355]
[2025-03-16T18:53:59.574+0000] {process_utils.py:86} INFO - Sending the signal 15 to group 183355
[2025-03-16T18:54:59.610+0000] {process_utils.py:149} WARNING - process psutil.Process(pid=183355, name='pt_main_thread', status='sleeping', started='18:37:57') did not respond to SIGTERM. Trying SIGKILL
[2025-03-16T18:54:59.611+0000] {process_utils.py:86} INFO - Sending the signal 9 to group 183355
[2025-03-16T18:54:59.664+0000] {process_utils.py:79} INFO - Process psutil.Process(pid=183355, name='pt_main_thread', status='terminated', exitcode=<Negsignal.SIGKILL: -9>, started='18:37:57') (183355) terminated with exit code -9
[2025-03-16T18:54:59.665+0000] {standard_task_runner.py:175} ERROR - Job 143 was killed before it finished (likely due to running out of memory)
