[2025-03-17T22:33:50.303+0000] {taskinstance.py:1956} INFO - Dependencies all met for dep_context=non-requeueable deps ti=<TaskInstance: Google_map.transform_phase_1_task manual__2025-03-16T18:22:09.744491+00:00 [queued]>
[2025-03-17T22:33:50.411+0000] {taskinstance.py:1956} INFO - Dependencies all met for dep_context=requeueable deps ti=<TaskInstance: Google_map.transform_phase_1_task manual__2025-03-16T18:22:09.744491+00:00 [queued]>
[2025-03-17T22:33:50.412+0000] {taskinstance.py:2170} INFO - Starting attempt 1 of 2
[2025-03-17T22:33:50.524+0000] {taskinstance.py:2191} INFO - Executing <Task(BashOperator): transform_phase_1_task> on 2025-03-16 18:22:09.744491+00:00
[2025-03-17T22:33:50.531+0000] {standard_task_runner.py:60} INFO - Started process 19158 to run task
[2025-03-17T22:33:50.574+0000] {standard_task_runner.py:87} INFO - Running: ['airflow', 'tasks', 'run', 'Google_map', 'transform_phase_1_task', 'manual__2025-03-16T18:22:09.744491+00:00', '--job-id', '219', '--raw', '--subdir', 'DAGS_FOLDER/google_map_dag_etl.py', '--cfg-path', '/tmp/tmpwygnyu43']
[2025-03-17T22:33:50.594+0000] {standard_task_runner.py:88} INFO - Job 219: Subtask transform_phase_1_task
[2025-03-17T22:33:51.729+0000] {task_command.py:423} INFO - Running <TaskInstance: Google_map.transform_phase_1_task manual__2025-03-16T18:22:09.744491+00:00 [running]> on host DESKTOP-AVAHALM.
[2025-03-17T22:33:53.464+0000] {taskinstance.py:2480} INFO - Exporting env vars: AIRFLOW_CTX_DAG_OWNER='master_m2si' AIRFLOW_CTX_DAG_ID='Google_map' AIRFLOW_CTX_TASK_ID='transform_phase_1_task' AIRFLOW_CTX_EXECUTION_DATE='2025-03-16T18:22:09.744491+00:00' AIRFLOW_CTX_TRY_NUMBER='1' AIRFLOW_CTX_DAG_RUN_ID='manual__2025-03-16T18:22:09.744491+00:00'
[2025-03-17T22:33:53.511+0000] {subprocess.py:63} INFO - Tmp dir root location: /tmp
[2025-03-17T22:33:53.512+0000] {subprocess.py:75} INFO - Running command: ['/usr/bin/bash', '-c', 'cd ~/data_warehouse_project && dbt run --profiles-dir ~/.dbt --models cleaned_reviews']
[2025-03-17T22:33:53.624+0000] {subprocess.py:86} INFO - Output:
[2025-03-17T22:34:22.287+0000] {subprocess.py:93} INFO - [0m22:34:22  Running with dbt=1.9.0-b2
[2025-03-17T22:34:26.946+0000] {subprocess.py:93} INFO - [0m22:34:26  Registered adapter: postgres=1.8.2
[2025-03-17T22:34:29.871+0000] {subprocess.py:93} INFO - [0m22:34:29  [[33mWARNING[0m]: Configuration paths exist in your dbt_project.yml file which do not apply to any resources.
[2025-03-17T22:34:29.872+0000] {subprocess.py:93} INFO - There are 1 unused configuration paths:
[2025-03-17T22:34:29.873+0000] {subprocess.py:93} INFO - - models.data_warehouse_project.example
[2025-03-17T22:34:31.837+0000] {subprocess.py:93} INFO - [0m22:34:31  Found 6 models, 1 source, 424 macros
[2025-03-17T22:34:31.853+0000] {subprocess.py:93} INFO - [0m22:34:31
[2025-03-17T22:34:31.870+0000] {subprocess.py:93} INFO - [0m22:34:31  Concurrency: 4 threads (target='dev')
[2025-03-17T22:34:31.872+0000] {subprocess.py:93} INFO - [0m22:34:31
[2025-03-17T22:34:34.640+0000] {subprocess.py:93} INFO - [0m22:34:34  1 of 1 START sql table model public.cleaned_reviews ............................ [RUN]
[2025-03-17T22:34:36.433+0000] {subprocess.py:93} INFO - [0m22:34:36  1 of 1 OK created sql table model public.cleaned_reviews ....................... [[32mSELECT 7[0m in 1.75s]
[2025-03-17T22:34:36.676+0000] {subprocess.py:93} INFO - [0m22:34:36
[2025-03-17T22:34:36.678+0000] {subprocess.py:93} INFO - [0m22:34:36  Finished running 1 table model in 0 hours 0 minutes and 4.79 seconds (4.79s).
[2025-03-17T22:34:37.261+0000] {subprocess.py:93} INFO - [0m22:34:37
[2025-03-17T22:34:37.270+0000] {subprocess.py:93} INFO - [0m22:34:37  [32mCompleted successfully[0m
[2025-03-17T22:34:37.275+0000] {subprocess.py:93} INFO - [0m22:34:37
[2025-03-17T22:34:37.278+0000] {subprocess.py:93} INFO - [0m22:34:37  Done. PASS=1 WARN=0 ERROR=0 SKIP=0 TOTAL=1
[2025-03-17T22:34:39.590+0000] {subprocess.py:97} INFO - Command exited with return code 0
[2025-03-17T22:34:39.943+0000] {taskinstance.py:1138} INFO - Marking task as SUCCESS. dag_id=Google_map, task_id=transform_phase_1_task, execution_date=20250316T182209, start_date=20250317T223350, end_date=20250317T223439
[2025-03-17T22:34:40.168+0000] {local_task_job_runner.py:234} INFO - Task exited with return code 0
[2025-03-17T22:34:40.335+0000] {taskinstance.py:3280} INFO - 0 downstream tasks scheduled from follow-on schedule check
