[2025-03-20T22:02:48.741+0000] {taskinstance.py:1956} INFO - Dependencies all met for dep_context=non-requeueable deps ti=<TaskInstance: Google_map.extract_data_task manual__2025-03-20T22:02:38.687555+00:00 [queued]>
[2025-03-20T22:02:48.798+0000] {taskinstance.py:1956} INFO - Dependencies all met for dep_context=requeueable deps ti=<TaskInstance: Google_map.extract_data_task manual__2025-03-20T22:02:38.687555+00:00 [queued]>
[2025-03-20T22:02:48.799+0000] {taskinstance.py:2170} INFO - Starting attempt 1 of 2
[2025-03-20T22:02:48.899+0000] {taskinstance.py:2191} INFO - Executing <Task(PythonOperator): extract_data_task> on 2025-03-20 22:02:38.687555+00:00
[2025-03-20T22:02:48.911+0000] {standard_task_runner.py:60} INFO - Started process 2027 to run task
[2025-03-20T22:02:48.946+0000] {standard_task_runner.py:87} INFO - Running: ['airflow', 'tasks', 'run', 'Google_map', 'extract_data_task', 'manual__2025-03-20T22:02:38.687555+00:00', '--job-id', '234', '--raw', '--subdir', 'DAGS_FOLDER/google_map_dag_etl.py', '--cfg-path', '/tmp/tmpc08qyn23']
[2025-03-20T22:02:48.951+0000] {standard_task_runner.py:88} INFO - Job 234: Subtask extract_data_task
[2025-03-20T22:02:49.570+0000] {task_command.py:423} INFO - Running <TaskInstance: Google_map.extract_data_task manual__2025-03-20T22:02:38.687555+00:00 [running]> on host DESKTOP-AVAHALM.
[2025-03-20T22:02:50.460+0000] {taskinstance.py:2480} INFO - Exporting env vars: AIRFLOW_CTX_DAG_OWNER='master_m2si' AIRFLOW_CTX_DAG_ID='Google_map' AIRFLOW_CTX_TASK_ID='extract_data_task' AIRFLOW_CTX_EXECUTION_DATE='2025-03-20T22:02:38.687555+00:00' AIRFLOW_CTX_TRY_NUMBER='1' AIRFLOW_CTX_DAG_RUN_ID='manual__2025-03-20T22:02:38.687555+00:00'
[2025-03-20T22:02:51.522+0000] {logger.py:11} INFO - ====== WebDriver manager ======
[2025-03-20T22:02:52.129+0000] {logger.py:11} INFO - Get LATEST chromedriver version for google-chrome
[2025-03-20T22:02:52.295+0000] {logger.py:11} INFO - Get LATEST chromedriver version for google-chrome
[2025-03-20T22:02:52.463+0000] {logger.py:11} INFO - Driver [/home/nord/.wdm/drivers/chromedriver/linux64/134.0.6998.90/chromedriver-linux64/chromedriver] found in cache
[2025-03-20T22:04:12.844+0000] {taskinstance.py:2698} ERROR - Task failed with exception
Traceback (most recent call last):
  File "/home/nord/venv/lib/python3.8/site-packages/airflow/models/taskinstance.py", line 433, in _execute_task
    result = execute_callable(context=context, **execute_callable_kwargs)
  File "/home/nord/venv/lib/python3.8/site-packages/airflow/operators/python.py", line 199, in execute
    return_value = self.execute_callable()
  File "/home/nord/venv/lib/python3.8/site-packages/airflow/operators/python.py", line 216, in execute_callable
    return self.python_callable(*self.op_args, **self.op_kwargs)
  File "/home/nord/airflow/dags/google_map_dag_etl.py", line 33, in <lambda>
    python_callable=lambda: __import__('main_scraping_script').main()
  File "/home/nord/airflow/dags/main_scraping_script.py", line 155, in main
    all_data = extract_data(driver, banques)
  File "/home/nord/airflow/dags/main_scraping_script.py", line 127, in extract_data
    bank_data = extract_agency_data(driver, banque, url)
  File "/home/nord/airflow/dags/main_scraping_script.py", line 63, in extract_agency_data
    driver.get(url)
  File "/home/nord/venv/lib/python3.8/site-packages/selenium/webdriver/remote/webdriver.py", line 393, in get
    self.execute(Command.GET, {"url": url})
  File "/home/nord/venv/lib/python3.8/site-packages/selenium/webdriver/remote/webdriver.py", line 384, in execute
    self.error_handler.check_response(response)
  File "/home/nord/venv/lib/python3.8/site-packages/selenium/webdriver/remote/errorhandler.py", line 232, in check_response
    raise exception_class(message, screen, stacktrace)
selenium.common.exceptions.WebDriverException: Message: unknown error: net::ERR_NAME_NOT_RESOLVED
  (Session info: chrome=134.0.6998.88)
Stacktrace:
#0 0x561562bc0a2a <unknown>
#1 0x561562678390 <unknown>
#2 0x56156266f518 <unknown>
#3 0x56156265fa39 <unknown>
#4 0x56156266173d <unknown>
#5 0x56156265fdce <unknown>
#6 0x56156265f775 <unknown>
#7 0x56156265f449 <unknown>
#8 0x56156265d159 <unknown>
#9 0x56156265da2a <unknown>
#10 0x56156267b829 <unknown>
#11 0x561562716d85 <unknown>
#12 0x5615626efbd2 <unknown>
#13 0x56156271607b <unknown>
#14 0x5615626ef9a3 <unknown>
#15 0x5615626bb60e <unknown>
#16 0x5615626bcdd1 <unknown>
#17 0x561562b86deb <unknown>
#18 0x561562b8accc <unknown>
#19 0x561562b6e3a2 <unknown>
#20 0x561562b8b844 <unknown>
#21 0x561562b521ff <unknown>
#22 0x561562baf048 <unknown>
#23 0x561562baf226 <unknown>
#24 0x561562bbf8a6 <unknown>
#25 0x7f014df7f609 start_thread

[2025-03-20T22:04:12.930+0000] {taskinstance.py:1138} INFO - Marking task as UP_FOR_RETRY. dag_id=Google_map, task_id=extract_data_task, execution_date=20250320T220238, start_date=20250320T220248, end_date=20250320T220412
[2025-03-20T22:04:12.994+0000] {standard_task_runner.py:107} ERROR - Failed to execute job 234 for task extract_data_task (Message: unknown error: net::ERR_NAME_NOT_RESOLVED
  (Session info: chrome=134.0.6998.88)
Stacktrace:
#0 0x561562bc0a2a <unknown>
#1 0x561562678390 <unknown>
#2 0x56156266f518 <unknown>
#3 0x56156265fa39 <unknown>
#4 0x56156266173d <unknown>
#5 0x56156265fdce <unknown>
#6 0x56156265f775 <unknown>
#7 0x56156265f449 <unknown>
#8 0x56156265d159 <unknown>
#9 0x56156265da2a <unknown>
#10 0x56156267b829 <unknown>
#11 0x561562716d85 <unknown>
#12 0x5615626efbd2 <unknown>
#13 0x56156271607b <unknown>
#14 0x5615626ef9a3 <unknown>
#15 0x5615626bb60e <unknown>
#16 0x5615626bcdd1 <unknown>
#17 0x561562b86deb <unknown>
#18 0x561562b8accc <unknown>
#19 0x561562b6e3a2 <unknown>
#20 0x561562b8b844 <unknown>
#21 0x561562b521ff <unknown>
#22 0x561562baf048 <unknown>
#23 0x561562baf226 <unknown>
#24 0x561562bbf8a6 <unknown>
#25 0x7f014df7f609 start_thread
; 2027)
[2025-03-20T22:04:13.040+0000] {local_task_job_runner.py:234} INFO - Task exited with return code 1
[2025-03-20T22:04:13.126+0000] {taskinstance.py:3280} INFO - 0 downstream tasks scheduled from follow-on schedule check
