[2025-03-15T16:28:32.372+0000] {taskinstance.py:1956} INFO - Dependencies all met for dep_context=non-requeueable deps ti=<TaskInstance: Google_map.insert_data_task manual__2025-03-15T16:13:15.596075+00:00 [queued]>
[2025-03-15T16:28:32.391+0000] {taskinstance.py:1956} INFO - Dependencies all met for dep_context=requeueable deps ti=<TaskInstance: Google_map.insert_data_task manual__2025-03-15T16:13:15.596075+00:00 [queued]>
[2025-03-15T16:28:32.391+0000] {taskinstance.py:2170} INFO - Starting attempt 1 of 2
[2025-03-15T16:28:32.412+0000] {taskinstance.py:2191} INFO - Executing <Task(PythonOperator): insert_data_task> on 2025-03-15 16:13:15.596075+00:00
[2025-03-15T16:28:32.417+0000] {standard_task_runner.py:60} INFO - Started process 53399 to run task
[2025-03-15T16:28:32.421+0000] {standard_task_runner.py:87} INFO - Running: ['airflow', 'tasks', 'run', 'Google_map', 'insert_data_task', 'manual__2025-03-15T16:13:15.596075+00:00', '--job-id', '77', '--raw', '--subdir', 'DAGS_FOLDER/google_map_dag_etl.py', '--cfg-path', '/tmp/tmpvgoqckhu']
[2025-03-15T16:28:32.423+0000] {standard_task_runner.py:88} INFO - Job 77: Subtask insert_data_task
[2025-03-15T16:28:32.511+0000] {task_command.py:423} INFO - Running <TaskInstance: Google_map.insert_data_task manual__2025-03-15T16:13:15.596075+00:00 [running]> on host DESKTOP-AVAHALM.
[2025-03-15T16:28:32.740+0000] {taskinstance.py:2480} INFO - Exporting env vars: AIRFLOW_CTX_DAG_OWNER='master_m2si' AIRFLOW_CTX_DAG_ID='Google_map' AIRFLOW_CTX_TASK_ID='insert_data_task' AIRFLOW_CTX_EXECUTION_DATE='2025-03-15T16:13:15.596075+00:00' AIRFLOW_CTX_TRY_NUMBER='1' AIRFLOW_CTX_DAG_RUN_ID='manual__2025-03-15T16:13:15.596075+00:00'
[2025-03-15T16:28:32.770+0000] {logging_mixin.py:188} INFO - ⚠️ Erreur lors de l'insertion d'une ligne : relation "staging" does not exist
LINE 2:                                     INSERT INTO staging (ban...
                                                        ^
[2025-03-15T16:28:32.772+0000] {logging_mixin.py:188} INFO - ⚠️ Erreur lors de l'insertion d'une ligne : current transaction is aborted, commands ignored until end of transaction block
[2025-03-15T16:28:32.773+0000] {logging_mixin.py:188} INFO - ⚠️ Erreur lors de l'insertion d'une ligne : current transaction is aborted, commands ignored until end of transaction block
[2025-03-15T16:28:32.777+0000] {logging_mixin.py:188} INFO - ⚠️ Erreur lors de l'insertion d'une ligne : current transaction is aborted, commands ignored until end of transaction block
[2025-03-15T16:28:32.777+0000] {logging_mixin.py:188} INFO - ⚠️ Erreur lors de l'insertion d'une ligne : current transaction is aborted, commands ignored until end of transaction block
[2025-03-15T16:28:32.778+0000] {logging_mixin.py:188} INFO - ⚠️ Erreur lors de l'insertion d'une ligne : current transaction is aborted, commands ignored until end of transaction block
[2025-03-15T16:28:32.779+0000] {logging_mixin.py:188} INFO - ⚠️ Erreur lors de l'insertion d'une ligne : current transaction is aborted, commands ignored until end of transaction block
[2025-03-15T16:28:32.779+0000] {logging_mixin.py:188} INFO - ⚠️ Erreur lors de l'insertion d'une ligne : current transaction is aborted, commands ignored until end of transaction block
[2025-03-15T16:28:32.780+0000] {logging_mixin.py:188} INFO - ⚠️ Erreur lors de l'insertion d'une ligne : current transaction is aborted, commands ignored until end of transaction block
[2025-03-15T16:28:32.780+0000] {logging_mixin.py:188} INFO - ⚠️ Erreur lors de l'insertion d'une ligne : current transaction is aborted, commands ignored until end of transaction block
[2025-03-15T16:28:32.781+0000] {logging_mixin.py:188} INFO - ⚠️ Erreur lors de l'insertion d'une ligne : current transaction is aborted, commands ignored until end of transaction block
[2025-03-15T16:28:32.781+0000] {logging_mixin.py:188} INFO - ⚠️ Erreur lors de l'insertion d'une ligne : current transaction is aborted, commands ignored until end of transaction block
[2025-03-15T16:28:32.782+0000] {logging_mixin.py:188} INFO - ⚠️ Erreur lors de l'insertion d'une ligne : current transaction is aborted, commands ignored until end of transaction block
[2025-03-15T16:28:32.784+0000] {logging_mixin.py:188} INFO - ❌ Insertion échouée, aucun fichier n'a été renommé.
[2025-03-15T16:28:32.785+0000] {python.py:201} INFO - Done. Returned value was: None
[2025-03-15T16:28:32.822+0000] {taskinstance.py:1138} INFO - Marking task as SUCCESS. dag_id=Google_map, task_id=insert_data_task, execution_date=20250315T161315, start_date=20250315T162832, end_date=20250315T162832
[2025-03-15T16:28:32.880+0000] {local_task_job_runner.py:234} INFO - Task exited with return code 0
[2025-03-15T16:28:32.927+0000] {taskinstance.py:3280} INFO - 0 downstream tasks scheduled from follow-on schedule check
