[2025-03-17T16:05:07.684+0000] {taskinstance.py:1956} INFO - Dependencies all met for dep_context=non-requeueable deps ti=<TaskInstance: Google_map.transform_phase_2_task manual__2025-03-17T16:04:38.299540+00:00 [queued]>
[2025-03-17T16:05:07.724+0000] {taskinstance.py:1956} INFO - Dependencies all met for dep_context=requeueable deps ti=<TaskInstance: Google_map.transform_phase_2_task manual__2025-03-17T16:04:38.299540+00:00 [queued]>
[2025-03-17T16:05:07.724+0000] {taskinstance.py:2170} INFO - Starting attempt 1 of 2
[2025-03-17T16:05:07.804+0000] {taskinstance.py:2191} INFO - Executing <Task(PythonOperator): transform_phase_2_task> on 2025-03-17 16:04:38.299540+00:00
[2025-03-17T16:05:07.811+0000] {standard_task_runner.py:60} INFO - Started process 166561 to run task
[2025-03-17T16:05:07.824+0000] {standard_task_runner.py:87} INFO - Running: ['airflow', 'tasks', 'run', 'Google_map', 'transform_phase_2_task', 'manual__2025-03-17T16:04:38.299540+00:00', '--job-id', '171', '--raw', '--subdir', 'DAGS_FOLDER/google_map_dag_etl.py', '--cfg-path', '/tmp/tmpzchjsgi3']
[2025-03-17T16:05:07.828+0000] {standard_task_runner.py:88} INFO - Job 171: Subtask transform_phase_2_task
[2025-03-17T16:05:07.999+0000] {task_command.py:423} INFO - Running <TaskInstance: Google_map.transform_phase_2_task manual__2025-03-17T16:04:38.299540+00:00 [running]> on host DESKTOP-AVAHALM.
[2025-03-17T16:05:08.226+0000] {taskinstance.py:2480} INFO - Exporting env vars: AIRFLOW_CTX_DAG_OWNER='master_m2si' AIRFLOW_CTX_DAG_ID='Google_map' AIRFLOW_CTX_TASK_ID='transform_phase_2_task' AIRFLOW_CTX_EXECUTION_DATE='2025-03-17T16:04:38.299540+00:00' AIRFLOW_CTX_TRY_NUMBER='1' AIRFLOW_CTX_DAG_RUN_ID='manual__2025-03-17T16:04:38.299540+00:00'
[2025-03-17T16:05:24.197+0000] {dictionary.py:201} INFO - adding document #0 to Dictionary<0 unique tokens: []>
[2025-03-17T16:05:24.198+0000] {dictionary.py:206} INFO - built Dictionary<86 unique tokens: ['500dhs', 'a', 'bancaire', 'bon', "c'est"]...> from 9 documents (total 104 corpus positions)
[2025-03-17T16:05:24.248+0000] {utils.py:447} INFO - Dictionary lifecycle event {'msg': 'built Dictionary<86 unique tokens: [\'500dhs\', \'a\', \'bancaire\', \'bon\', "c\'est"]...> from 9 documents (total 104 corpus positions)', 'datetime': '2025-03-17T16:05:24.200899', 'gensim': '4.3.3', 'python': '3.8.10 (default, Jan 17 2025, 14:40:23) \n[GCC 9.4.0]', 'platform': 'Linux-5.15.133.1-microsoft-standard-WSL2-x86_64-with-glibc2.29', 'event': 'created'}
[2025-03-17T16:05:24.250+0000] {ldamodel.py:596} INFO - using autotuned alpha, starting with [0.2, 0.2, 0.2, 0.2, 0.2]
[2025-03-17T16:05:24.250+0000] {ldamodel.py:482} INFO - using serial LDA version on this node
[2025-03-17T16:05:24.255+0000] {ldamodel.py:948} INFO - running online (multi-pass) LDA training, 5 topics, 15 passes over the supplied corpus of 9 documents, updating model once every 9 documents, evaluating perplexity every 9 documents, iterating 50x with a convergence threshold of 0.001000
[2025-03-17T16:05:24.288+0000] {ldamodel.py:848} INFO - -8.004 per-word bound, 256.7 perplexity estimate based on a held-out corpus of 9 documents with 104 words
[2025-03-17T16:05:24.288+0000] {ldamodel.py:1002} INFO - PROGRESS: pass 0, at document #9/9
[2025-03-17T16:05:24.316+0000] {ldamodel.py:795} INFO - optimized alpha [0.19932874, 0.094460554, 0.18516082, 0.17248437, 0.14982378]
[2025-03-17T16:05:24.317+0000] {ldamodel.py:1197} INFO - topic #0 (0.199): 0.043*"bon" + 0.039*"c'est" + 0.037*"frais" + 0.035*"plus" + 0.026*"accompagner" + 0.026*"avis" + 0.026*"👍👍👍👍" + 0.026*"remercions" + 0.026*"…" + 0.026*"courage"
[2025-03-17T16:05:24.320+0000] {ldamodel.py:1197} INFO - topic #1 (0.094): 0.012*"bon" + 0.012*"service" + 0.012*"plaisir" + 0.012*"carte" + 0.012*"remercions" + 0.012*"encore" + 0.012*"courage" + 0.012*"non" + 0.012*"personnel" + 0.012*"👍👍👍👍"
[2025-03-17T16:05:24.321+0000] {ldamodel.py:1197} INFO - topic #2 (0.185): 0.031*"encore" + 0.026*"carte" + 0.021*"non" + 0.020*"banque" + 0.020*"très" + 0.020*"c'est" + 0.020*"plus" + 0.020*"aussi" + 0.020*"succès" + 0.020*"heureux"
[2025-03-17T16:05:24.322+0000] {ldamodel.py:1197} INFO - topic #3 (0.172): 0.042*"service" + 0.042*"bon" + 0.035*"pauvre" + 0.035*"minutes" + 0.035*"banque" + 0.035*"agent" + 0.035*"renseignement" + 0.035*"sécurité" + 0.035*"45" + 0.035*"seul"
[2025-03-17T16:05:24.323+0000] {ldamodel.py:1197} INFO - topic #4 (0.150): 0.046*"personnel" + 0.035*"très" + 0.035*"d'agence" + 0.035*"l'écoute" + 0.035*"commerciaux" + 0.035*"chef" + 0.035*"sympathique" + 0.030*"non" + 0.024*"carte" + 0.019*"chose"
[2025-03-17T16:05:24.324+0000] {ldamodel.py:1075} INFO - topic diff=2.648098, rho=1.000000
[2025-03-17T16:05:24.340+0000] {ldamodel.py:848} INFO - -5.341 per-word bound, 40.5 perplexity estimate based on a held-out corpus of 9 documents with 104 words
[2025-03-17T16:05:24.341+0000] {ldamodel.py:1002} INFO - PROGRESS: pass 1, at document #9/9
[2025-03-17T16:05:24.350+0000] {ldamodel.py:795} INFO - optimized alpha [0.17405155, 0.07615276, 0.16981472, 0.14054272, 0.11708701]
[2025-03-17T16:05:24.354+0000] {ldamodel.py:1197} INFO - topic #0 (0.174): 0.044*"bon" + 0.042*"c'est" + 0.041*"frais" + 0.040*"plus" + 0.025*"accompagner" + 0.025*"avis" + 0.025*"👍👍👍👍" + 0.025*"remercions" + 0.025*"…" + 0.025*"courage"
[2025-03-17T16:05:24.355+0000] {ldamodel.py:1197} INFO - topic #1 (0.076): 0.012*"bon" + 0.012*"service" + 0.012*"plaisir" + 0.012*"carte" + 0.012*"remercions" + 0.012*"encore" + 0.012*"courage" + 0.012*"non" + 0.012*"personnel" + 0.012*"👍👍👍👍"
[2025-03-17T16:05:24.356+0000] {ldamodel.py:1197} INFO - topic #2 (0.170): 0.031*"encore" + 0.029*"carte" + 0.028*"non" + 0.018*"très" + 0.018*"banque" + 0.018*"aussi" + 0.018*"succès" + 0.018*"heureux" + 0.018*"haut" + 0.018*"musulman"
[2025-03-17T16:05:24.357+0000] {ldamodel.py:1197} INFO - topic #3 (0.141): 0.042*"service" + 0.042*"bon" + 0.039*"pauvre" + 0.039*"minutes" + 0.039*"banque" + 0.039*"agent" + 0.039*"renseignement" + 0.039*"sécurité" + 0.039*"45" + 0.039*"seul"
[2025-03-17T16:05:24.358+0000] {ldamodel.py:1197} INFO - topic #4 (0.117): 0.048*"personnel" + 0.042*"d'agence" + 0.042*"très" + 0.042*"l'écoute" + 0.042*"commerciaux" + 0.042*"chef" + 0.042*"sympathique" + 0.020*"non" + 0.016*"carte" + 0.014*"chose"
[2025-03-17T16:05:24.359+0000] {ldamodel.py:1075} INFO - topic diff=0.238859, rho=0.577350
[2025-03-17T16:05:24.379+0000] {ldamodel.py:848} INFO - -5.202 per-word bound, 36.8 perplexity estimate based on a held-out corpus of 9 documents with 104 words
[2025-03-17T16:05:24.379+0000] {ldamodel.py:1002} INFO - PROGRESS: pass 2, at document #9/9
[2025-03-17T16:05:24.388+0000] {ldamodel.py:795} INFO - optimized alpha [0.15672375, 0.06501337, 0.15707214, 0.12213929, 0.099126354]
[2025-03-17T16:05:24.389+0000] {ldamodel.py:1197} INFO - topic #0 (0.157): 0.044*"bon" + 0.043*"c'est" + 0.043*"frais" + 0.042*"plus" + 0.024*"accompagner" + 0.024*"avis" + 0.024*"👍👍👍👍" + 0.024*"remercions" + 0.024*"…" + 0.024*"courage"
[2025-03-17T16:05:24.390+0000] {ldamodel.py:1197} INFO - topic #1 (0.065): 0.012*"bon" + 0.012*"service" + 0.012*"plaisir" + 0.012*"carte" + 0.012*"remercions" + 0.012*"encore" + 0.012*"courage" + 0.012*"non" + 0.012*"personnel" + 0.012*"👍👍👍👍"
[2025-03-17T16:05:24.390+0000] {ldamodel.py:1197} INFO - topic #2 (0.157): 0.031*"encore" + 0.030*"carte" + 0.030*"non" + 0.018*"très" + 0.018*"banque" + 0.018*"aussi" + 0.018*"succès" + 0.018*"heureux" + 0.018*"haut" + 0.018*"musulman"
[2025-03-17T16:05:24.390+0000] {ldamodel.py:1197} INFO - topic #3 (0.122): 0.042*"service" + 0.042*"bon" + 0.041*"pauvre" + 0.041*"minutes" + 0.041*"banque" + 0.041*"agent" + 0.041*"renseignement" + 0.041*"sécurité" + 0.041*"45" + 0.041*"seul"
[2025-03-17T16:05:24.391+0000] {ldamodel.py:1197} INFO - topic #4 (0.099): 0.049*"personnel" + 0.045*"d'agence" + 0.045*"l'écoute" + 0.045*"très" + 0.045*"commerciaux" + 0.045*"chef" + 0.045*"sympathique" + 0.014*"non" + 0.012*"carte" + 0.011*"chose"
[2025-03-17T16:05:24.391+0000] {ldamodel.py:1075} INFO - topic diff=0.127123, rho=0.500000
[2025-03-17T16:05:24.399+0000] {ldamodel.py:848} INFO - -5.169 per-word bound, 36.0 perplexity estimate based on a held-out corpus of 9 documents with 104 words
[2025-03-17T16:05:24.400+0000] {ldamodel.py:1002} INFO - PROGRESS: pass 3, at document #9/9
[2025-03-17T16:05:24.407+0000] {ldamodel.py:795} INFO - optimized alpha [0.14390363, 0.057306044, 0.14657918, 0.10971473, 0.087317236]
[2025-03-17T16:05:24.408+0000] {ldamodel.py:1197} INFO - topic #0 (0.144): 0.044*"bon" + 0.043*"c'est" + 0.043*"frais" + 0.043*"plus" + 0.024*"accompagner" + 0.024*"avis" + 0.024*"👍👍👍👍" + 0.024*"remercions" + 0.024*"…" + 0.024*"courage"
[2025-03-17T16:05:24.409+0000] {ldamodel.py:1197} INFO - topic #1 (0.057): 0.012*"bon" + 0.012*"service" + 0.012*"plaisir" + 0.012*"carte" + 0.012*"remercions" + 0.012*"encore" + 0.012*"courage" + 0.012*"non" + 0.012*"personnel" + 0.012*"👍👍👍👍"
[2025-03-17T16:05:24.410+0000] {ldamodel.py:1197} INFO - topic #2 (0.147): 0.031*"encore" + 0.031*"carte" + 0.030*"non" + 0.017*"très" + 0.017*"banque" + 0.017*"aussi" + 0.017*"succès" + 0.017*"heureux" + 0.017*"haut" + 0.017*"musulman"
[2025-03-17T16:05:24.412+0000] {ldamodel.py:1197} INFO - topic #3 (0.110): 0.043*"service" + 0.042*"bon" + 0.041*"pauvre" + 0.041*"minutes" + 0.041*"banque" + 0.041*"agent" + 0.041*"renseignement" + 0.041*"sécurité" + 0.041*"45" + 0.041*"seul"
[2025-03-17T16:05:24.413+0000] {ldamodel.py:1197} INFO - topic #4 (0.087): 0.049*"personnel" + 0.047*"d'agence" + 0.047*"l'écoute" + 0.047*"commerciaux" + 0.047*"très" + 0.047*"chef" + 0.047*"sympathique" + 0.012*"non" + 0.011*"carte" + 0.010*"chose"
[2025-03-17T16:05:24.414+0000] {ldamodel.py:1075} INFO - topic diff=0.072570, rho=0.447214
[2025-03-17T16:05:24.424+0000] {ldamodel.py:848} INFO - -5.159 per-word bound, 35.7 perplexity estimate based on a held-out corpus of 9 documents with 104 words
[2025-03-17T16:05:24.425+0000] {ldamodel.py:1002} INFO - PROGRESS: pass 4, at document #9/9
[2025-03-17T16:05:24.433+0000] {ldamodel.py:795} INFO - optimized alpha [0.13391843, 0.051565662, 0.1378307, 0.10057145, 0.07878452]
[2025-03-17T16:05:24.437+0000] {ldamodel.py:1197} INFO - topic #0 (0.134): 0.044*"bon" + 0.044*"c'est" + 0.043*"frais" + 0.043*"plus" + 0.024*"accompagner" + 0.024*"avis" + 0.024*"👍👍👍👍" + 0.024*"remercions" + 0.024*"…" + 0.024*"courage"
[2025-03-17T16:05:24.438+0000] {ldamodel.py:1197} INFO - topic #1 (0.052): 0.012*"bon" + 0.012*"service" + 0.012*"plaisir" + 0.012*"carte" + 0.012*"remercions" + 0.012*"encore" + 0.012*"courage" + 0.012*"non" + 0.012*"personnel" + 0.012*"👍👍👍👍"
[2025-03-17T16:05:24.439+0000] {ldamodel.py:1197} INFO - topic #2 (0.138): 0.031*"encore" + 0.031*"carte" + 0.031*"non" + 0.017*"très" + 0.017*"banque" + 0.017*"aussi" + 0.017*"succès" + 0.017*"heureux" + 0.017*"haut" + 0.017*"musulman"
[2025-03-17T16:05:24.440+0000] {ldamodel.py:1197} INFO - topic #3 (0.101): 0.043*"service" + 0.042*"bon" + 0.042*"pauvre" + 0.042*"minutes" + 0.042*"agent" + 0.042*"renseignement" + 0.042*"sécurité" + 0.042*"banque" + 0.042*"45" + 0.042*"seul"
[2025-03-17T16:05:24.441+0000] {ldamodel.py:1197} INFO - topic #4 (0.079): 0.049*"personnel" + 0.048*"d'agence" + 0.048*"l'écoute" + 0.048*"commerciaux" + 0.048*"chef" + 0.048*"très" + 0.048*"sympathique" + 0.010*"non" + 0.010*"carte" + 0.009*"chose"
[2025-03-17T16:05:24.441+0000] {ldamodel.py:1075} INFO - topic diff=0.042430, rho=0.408248
[2025-03-17T16:05:24.451+0000] {ldamodel.py:848} INFO - -5.153 per-word bound, 35.6 perplexity estimate based on a held-out corpus of 9 documents with 104 words
[2025-03-17T16:05:24.452+0000] {ldamodel.py:1002} INFO - PROGRESS: pass 5, at document #9/9
[2025-03-17T16:05:24.457+0000] {ldamodel.py:795} INFO - optimized alpha [0.12584972, 0.04707893, 0.13042499, 0.093465686, 0.072246745]
[2025-03-17T16:05:24.458+0000] {ldamodel.py:1197} INFO - topic #0 (0.126): 0.044*"bon" + 0.044*"c'est" + 0.044*"frais" + 0.043*"plus" + 0.024*"accompagner" + 0.024*"avis" + 0.024*"👍👍👍👍" + 0.024*"remercions" + 0.024*"…" + 0.024*"courage"
[2025-03-17T16:05:24.459+0000] {ldamodel.py:1197} INFO - topic #1 (0.047): 0.012*"bon" + 0.012*"service" + 0.012*"plaisir" + 0.012*"carte" + 0.012*"remercions" + 0.012*"encore" + 0.012*"courage" + 0.012*"non" + 0.012*"personnel" + 0.012*"👍👍👍👍"
[2025-03-17T16:05:24.463+0000] {ldamodel.py:1197} INFO - topic #2 (0.130): 0.031*"encore" + 0.031*"carte" + 0.031*"non" + 0.017*"très" + 0.017*"banque" + 0.017*"aussi" + 0.017*"succès" + 0.017*"heureux" + 0.017*"haut" + 0.017*"musulman"
[2025-03-17T16:05:24.464+0000] {ldamodel.py:1197} INFO - topic #3 (0.093): 0.043*"service" + 0.042*"bon" + 0.042*"minutes" + 0.042*"pauvre" + 0.042*"agent" + 0.042*"renseignement" + 0.042*"sécurité" + 0.042*"45" + 0.042*"seul" + 0.042*"banque"
[2025-03-17T16:05:24.465+0000] {ldamodel.py:1197} INFO - topic #4 (0.072): 0.049*"personnel" + 0.049*"d'agence" + 0.049*"l'écoute" + 0.049*"commerciaux" + 0.049*"chef" + 0.049*"sympathique" + 0.049*"très" + 0.010*"non" + 0.009*"carte" + 0.009*"chose"
[2025-03-17T16:05:24.465+0000] {ldamodel.py:1075} INFO - topic diff=0.025396, rho=0.377964
[2025-03-17T16:05:24.472+0000] {ldamodel.py:848} INFO - -5.150 per-word bound, 35.5 perplexity estimate based on a held-out corpus of 9 documents with 104 words
[2025-03-17T16:05:24.473+0000] {ldamodel.py:1002} INFO - PROGRESS: pass 6, at document #9/9
[2025-03-17T16:05:24.475+0000] {ldamodel.py:795} INFO - optimized alpha [0.11915112, 0.04345006, 0.12406604, 0.08773097, 0.067031816]
[2025-03-17T16:05:24.479+0000] {ldamodel.py:1197} INFO - topic #0 (0.119): 0.044*"bon" + 0.044*"c'est" + 0.044*"frais" + 0.044*"plus" + 0.024*"accompagner" + 0.024*"avis" + 0.024*"👍👍👍👍" + 0.024*"remercions" + 0.024*"…" + 0.024*"courage"
[2025-03-17T16:05:24.480+0000] {ldamodel.py:1197} INFO - topic #1 (0.043): 0.012*"bon" + 0.012*"service" + 0.012*"plaisir" + 0.012*"carte" + 0.012*"remercions" + 0.012*"encore" + 0.012*"courage" + 0.012*"non" + 0.012*"personnel" + 0.012*"👍👍👍👍"
[2025-03-17T16:05:24.481+0000] {ldamodel.py:1197} INFO - topic #2 (0.124): 0.031*"encore" + 0.031*"carte" + 0.031*"non" + 0.017*"très" + 0.017*"banque" + 0.017*"aussi" + 0.017*"succès" + 0.017*"heureux" + 0.017*"haut" + 0.017*"musulman"
[2025-03-17T16:05:24.482+0000] {ldamodel.py:1197} INFO - topic #3 (0.088): 0.043*"service" + 0.043*"bon" + 0.042*"minutes" + 0.042*"pauvre" + 0.042*"agent" + 0.042*"renseignement" + 0.042*"sécurité" + 0.042*"45" + 0.042*"seul" + 0.042*"banque"
[2025-03-17T16:05:24.482+0000] {ldamodel.py:1197} INFO - topic #4 (0.067): 0.049*"personnel" + 0.049*"d'agence" + 0.049*"l'écoute" + 0.049*"commerciaux" + 0.049*"chef" + 0.049*"sympathique" + 0.049*"très" + 0.009*"non" + 0.009*"carte" + 0.009*"chose"
[2025-03-17T16:05:24.483+0000] {ldamodel.py:1075} INFO - topic diff=0.015597, rho=0.353553
[2025-03-17T16:05:24.490+0000] {ldamodel.py:848} INFO - -5.147 per-word bound, 35.4 perplexity estimate based on a held-out corpus of 9 documents with 104 words
[2025-03-17T16:05:24.490+0000] {ldamodel.py:1002} INFO - PROGRESS: pass 7, at document #9/9
[2025-03-17T16:05:24.497+0000] {ldamodel.py:795} INFO - optimized alpha [0.11347239, 0.040438965, 0.11853691, 0.08297245, 0.06274782]
[2025-03-17T16:05:24.498+0000] {ldamodel.py:1197} INFO - topic #0 (0.113): 0.044*"bon" + 0.044*"c'est" + 0.044*"frais" + 0.044*"plus" + 0.024*"accompagner" + 0.024*"avis" + 0.024*"👍👍👍👍" + 0.024*"remercions" + 0.024*"…" + 0.024*"courage"
[2025-03-17T16:05:24.499+0000] {ldamodel.py:1197} INFO - topic #1 (0.040): 0.012*"bon" + 0.012*"service" + 0.012*"plaisir" + 0.012*"carte" + 0.012*"remercions" + 0.012*"encore" + 0.012*"courage" + 0.012*"non" + 0.012*"personnel" + 0.012*"👍👍👍👍"
[2025-03-17T16:05:24.500+0000] {ldamodel.py:1197} INFO - topic #2 (0.119): 0.031*"encore" + 0.031*"carte" + 0.031*"non" + 0.017*"très" + 0.017*"banque" + 0.017*"aussi" + 0.017*"succès" + 0.017*"heureux" + 0.017*"haut" + 0.017*"musulman"
[2025-03-17T16:05:24.500+0000] {ldamodel.py:1197} INFO - topic #3 (0.083): 0.043*"service" + 0.043*"bon" + 0.042*"minutes" + 0.042*"pauvre" + 0.042*"agent" + 0.042*"renseignement" + 0.042*"sécurité" + 0.042*"45" + 0.042*"seul" + 0.042*"banque"
[2025-03-17T16:05:24.501+0000] {ldamodel.py:1197} INFO - topic #4 (0.063): 0.050*"personnel" + 0.049*"d'agence" + 0.049*"l'écoute" + 0.049*"commerciaux" + 0.049*"chef" + 0.049*"sympathique" + 0.049*"très" + 0.009*"non" + 0.009*"carte" + 0.009*"chose"
[2025-03-17T16:05:24.503+0000] {ldamodel.py:1075} INFO - topic diff=0.009832, rho=0.333333
[2025-03-17T16:05:24.508+0000] {ldamodel.py:848} INFO - -5.144 per-word bound, 35.4 perplexity estimate based on a held-out corpus of 9 documents with 104 words
[2025-03-17T16:05:24.509+0000] {ldamodel.py:1002} INFO - PROGRESS: pass 8, at document #9/9
[2025-03-17T16:05:24.514+0000] {ldamodel.py:795} INFO - optimized alpha [0.113023676, 0.03790809, 0.113827065, 0.075906314, 0.05919125]
[2025-03-17T16:05:24.515+0000] {ldamodel.py:1197} INFO - topic #0 (0.113): 0.050*"bon" + 0.043*"c'est" + 0.043*"frais" + 0.043*"plus" + 0.030*"service" + 0.024*"accompagner" + 0.024*"avis" + 0.024*"👍👍👍👍" + 0.024*"remercions" + 0.024*"…"
[2025-03-17T16:05:24.516+0000] {ldamodel.py:1197} INFO - topic #1 (0.038): 0.012*"bon" + 0.012*"service" + 0.012*"plaisir" + 0.012*"carte" + 0.012*"remercions" + 0.012*"encore" + 0.012*"courage" + 0.012*"non" + 0.012*"personnel" + 0.012*"👍👍👍👍"
[2025-03-17T16:05:24.517+0000] {ldamodel.py:1197} INFO - topic #2 (0.114): 0.031*"encore" + 0.031*"carte" + 0.031*"non" + 0.017*"très" + 0.017*"banque" + 0.017*"aussi" + 0.017*"succès" + 0.017*"heureux" + 0.017*"haut" + 0.017*"individu"
[2025-03-17T16:05:24.522+0000] {ldamodel.py:1197} INFO - topic #3 (0.076): 0.043*"minutes" + 0.043*"pauvre" + 0.043*"agent" + 0.043*"renseignement" + 0.043*"sécurité" + 0.043*"45" + 0.043*"seul" + 0.043*"banque" + 0.043*"d'attente" + 0.032*"service"
[2025-03-17T16:05:24.523+0000] {ldamodel.py:1197} INFO - topic #4 (0.059): 0.050*"personnel" + 0.049*"d'agence" + 0.049*"l'écoute" + 0.049*"commerciaux" + 0.049*"chef" + 0.049*"sympathique" + 0.049*"très" + 0.009*"non" + 0.009*"carte" + 0.008*"chose"
[2025-03-17T16:05:24.523+0000] {ldamodel.py:1075} INFO - topic diff=0.014415, rho=0.316228
[2025-03-17T16:05:24.534+0000] {ldamodel.py:848} INFO - -5.129 per-word bound, 35.0 perplexity estimate based on a held-out corpus of 9 documents with 104 words
[2025-03-17T16:05:24.542+0000] {ldamodel.py:1002} INFO - PROGRESS: pass 9, at document #9/9
[2025-03-17T16:05:24.548+0000] {ldamodel.py:795} INFO - optimized alpha [0.112218484, 0.03573666, 0.10968807, 0.07027494, 0.05616196]
[2025-03-17T16:05:24.549+0000] {ldamodel.py:1197} INFO - topic #0 (0.112): 0.053*"bon" + 0.043*"c'est" + 0.043*"frais" + 0.043*"plus" + 0.034*"service" + 0.023*"accompagner" + 0.023*"avis" + 0.023*"👍👍👍👍" + 0.023*"remercions" + 0.023*"…"
[2025-03-17T16:05:24.550+0000] {ldamodel.py:1197} INFO - topic #1 (0.036): 0.012*"bon" + 0.012*"service" + 0.012*"plaisir" + 0.012*"carte" + 0.012*"remercions" + 0.012*"encore" + 0.012*"courage" + 0.012*"non" + 0.012*"personnel" + 0.012*"👍👍👍👍"
[2025-03-17T16:05:24.555+0000] {ldamodel.py:1197} INFO - topic #2 (0.110): 0.031*"encore" + 0.031*"carte" + 0.031*"non" + 0.017*"très" + 0.017*"banque" + 0.017*"aussi" + 0.017*"succès" + 0.017*"heureux" + 0.017*"haut" + 0.017*"individu"
[2025-03-17T16:05:24.555+0000] {ldamodel.py:1197} INFO - topic #3 (0.070): 0.044*"minutes" + 0.044*"pauvre" + 0.044*"agent" + 0.044*"renseignement" + 0.044*"sécurité" + 0.044*"45" + 0.044*"seul" + 0.044*"banque" + 0.044*"d'attente" + 0.025*"service"
[2025-03-17T16:05:24.556+0000] {ldamodel.py:1197} INFO - topic #4 (0.056): 0.050*"personnel" + 0.049*"d'agence" + 0.049*"l'écoute" + 0.049*"commerciaux" + 0.049*"chef" + 0.049*"sympathique" + 0.049*"très" + 0.009*"non" + 0.008*"carte" + 0.008*"chose"
[2025-03-17T16:05:24.556+0000] {ldamodel.py:1075} INFO - topic diff=0.010139, rho=0.301511
[2025-03-17T16:05:24.563+0000] {ldamodel.py:848} INFO - -5.120 per-word bound, 34.8 perplexity estimate based on a held-out corpus of 9 documents with 104 words
[2025-03-17T16:05:24.564+0000] {ldamodel.py:1002} INFO - PROGRESS: pass 10, at document #9/9
[2025-03-17T16:05:24.574+0000] {ldamodel.py:795} INFO - optimized alpha [0.11116491, 0.03384784, 0.10600898, 0.065658756, 0.053541392]
[2025-03-17T16:05:24.576+0000] {ldamodel.py:1197} INFO - topic #0 (0.111): 0.056*"bon" + 0.043*"c'est" + 0.043*"frais" + 0.043*"plus" + 0.036*"service" + 0.023*"accompagner" + 0.023*"avis" + 0.023*"👍👍👍👍" + 0.023*"remercions" + 0.023*"…"
[2025-03-17T16:05:24.578+0000] {ldamodel.py:1197} INFO - topic #1 (0.034): 0.012*"bon" + 0.012*"service" + 0.012*"plaisir" + 0.012*"carte" + 0.012*"remercions" + 0.012*"encore" + 0.012*"courage" + 0.012*"non" + 0.012*"personnel" + 0.012*"👍👍👍👍"
[2025-03-17T16:05:24.579+0000] {ldamodel.py:1197} INFO - topic #2 (0.106): 0.031*"encore" + 0.031*"carte" + 0.031*"non" + 0.017*"très" + 0.017*"banque" + 0.017*"aussi" + 0.017*"succès" + 0.017*"heureux" + 0.017*"haut" + 0.017*"individu"
[2025-03-17T16:05:24.580+0000] {ldamodel.py:1197} INFO - topic #3 (0.066): 0.045*"minutes" + 0.045*"pauvre" + 0.045*"agent" + 0.045*"renseignement" + 0.045*"sécurité" + 0.045*"45" + 0.045*"seul" + 0.045*"banque" + 0.045*"d'attente" + 0.020*"service"
[2025-03-17T16:05:24.581+0000] {ldamodel.py:1197} INFO - topic #4 (0.054): 0.050*"personnel" + 0.049*"d'agence" + 0.049*"l'écoute" + 0.049*"commerciaux" + 0.049*"chef" + 0.049*"sympathique" + 0.049*"très" + 0.008*"non" + 0.008*"carte" + 0.008*"chose"
[2025-03-17T16:05:24.581+0000] {ldamodel.py:1075} INFO - topic diff=0.007519, rho=0.288675
[2025-03-17T16:05:24.591+0000] {ldamodel.py:848} INFO - -5.114 per-word bound, 34.6 perplexity estimate based on a held-out corpus of 9 documents with 104 words
[2025-03-17T16:05:24.591+0000] {ldamodel.py:1002} INFO - PROGRESS: pass 11, at document #9/9
[2025-03-17T16:05:24.596+0000] {ldamodel.py:795} INFO - optimized alpha [0.10994227, 0.032185923, 0.10270711, 0.061790694, 0.0512452]
[2025-03-17T16:05:24.597+0000] {ldamodel.py:1197} INFO - topic #0 (0.110): 0.057*"bon" + 0.043*"c'est" + 0.043*"frais" + 0.043*"plus" + 0.038*"service" + 0.023*"accompagner" + 0.023*"avis" + 0.023*"👍👍👍👍" + 0.023*"remercions" + 0.023*"…"
[2025-03-17T16:05:24.598+0000] {ldamodel.py:1197} INFO - topic #1 (0.032): 0.012*"bon" + 0.012*"service" + 0.012*"plaisir" + 0.012*"carte" + 0.012*"remercions" + 0.012*"encore" + 0.012*"courage" + 0.012*"non" + 0.012*"personnel" + 0.012*"👍👍👍👍"
[2025-03-17T16:05:24.598+0000] {ldamodel.py:1197} INFO - topic #2 (0.103): 0.031*"encore" + 0.031*"carte" + 0.031*"non" + 0.017*"très" + 0.017*"banque" + 0.017*"aussi" + 0.017*"succès" + 0.017*"heureux" + 0.017*"haut" + 0.017*"individu"
[2025-03-17T16:05:24.599+0000] {ldamodel.py:1197} INFO - topic #3 (0.062): 0.045*"minutes" + 0.045*"pauvre" + 0.045*"agent" + 0.045*"renseignement" + 0.045*"sécurité" + 0.045*"45" + 0.045*"seul" + 0.045*"banque" + 0.045*"d'attente" + 0.017*"service"
[2025-03-17T16:05:24.599+0000] {ldamodel.py:1197} INFO - topic #4 (0.051): 0.050*"personnel" + 0.049*"d'agence" + 0.049*"l'écoute" + 0.049*"commerciaux" + 0.049*"chef" + 0.049*"sympathique" + 0.049*"très" + 0.008*"non" + 0.008*"carte" + 0.008*"chose"
[2025-03-17T16:05:24.600+0000] {ldamodel.py:1075} INFO - topic diff=0.005801, rho=0.277350
[2025-03-17T16:05:24.606+0000] {ldamodel.py:848} INFO - -5.109 per-word bound, 34.5 perplexity estimate based on a held-out corpus of 9 documents with 104 words
[2025-03-17T16:05:24.607+0000] {ldamodel.py:1002} INFO - PROGRESS: pass 12, at document #9/9
[2025-03-17T16:05:24.613+0000] {ldamodel.py:795} INFO - optimized alpha [0.10860866, 0.030709447, 0.099719435, 0.058491915, 0.049211536]
[2025-03-17T16:05:24.614+0000] {ldamodel.py:1197} INFO - topic #0 (0.109): 0.058*"bon" + 0.042*"c'est" + 0.042*"frais" + 0.042*"plus" + 0.039*"service" + 0.023*"accompagner" + 0.023*"avis" + 0.023*"👍👍👍👍" + 0.023*"remercions" + 0.023*"…"
[2025-03-17T16:05:24.615+0000] {ldamodel.py:1197} INFO - topic #1 (0.031): 0.012*"bon" + 0.012*"service" + 0.012*"plaisir" + 0.012*"carte" + 0.012*"remercions" + 0.012*"encore" + 0.012*"courage" + 0.012*"non" + 0.012*"personnel" + 0.012*"👍👍👍👍"
[2025-03-17T16:05:24.616+0000] {ldamodel.py:1197} INFO - topic #2 (0.100): 0.031*"encore" + 0.031*"carte" + 0.031*"non" + 0.017*"très" + 0.017*"banque" + 0.017*"aussi" + 0.017*"succès" + 0.017*"heureux" + 0.017*"haut" + 0.017*"individu"
[2025-03-17T16:05:24.616+0000] {ldamodel.py:1197} INFO - topic #3 (0.058): 0.045*"minutes" + 0.045*"pauvre" + 0.045*"agent" + 0.045*"renseignement" + 0.045*"sécurité" + 0.045*"45" + 0.045*"seul" + 0.045*"banque" + 0.045*"d'attente" + 0.014*"service"
[2025-03-17T16:05:24.617+0000] {ldamodel.py:1197} INFO - topic #4 (0.049): 0.050*"personnel" + 0.050*"d'agence" + 0.050*"l'écoute" + 0.050*"commerciaux" + 0.050*"chef" + 0.050*"sympathique" + 0.050*"très" + 0.008*"non" + 0.008*"carte" + 0.008*"chose"
[2025-03-17T16:05:24.618+0000] {ldamodel.py:1075} INFO - topic diff=0.004597, rho=0.267261
[2025-03-17T16:05:24.625+0000] {ldamodel.py:848} INFO - -5.106 per-word bound, 34.4 perplexity estimate based on a held-out corpus of 9 documents with 104 words
[2025-03-17T16:05:24.630+0000] {ldamodel.py:1002} INFO - PROGRESS: pass 13, at document #9/9
[2025-03-17T16:05:24.634+0000] {ldamodel.py:795} INFO - optimized alpha [0.10720686, 0.029386815, 0.096996985, 0.055637732, 0.047393903]
[2025-03-17T16:05:24.635+0000] {ldamodel.py:1197} INFO - topic #0 (0.107): 0.059*"bon" + 0.042*"c'est" + 0.042*"frais" + 0.042*"plus" + 0.040*"service" + 0.023*"accompagner" + 0.023*"avis" + 0.023*"👍👍👍👍" + 0.023*"remercions" + 0.023*"…"
[2025-03-17T16:05:24.636+0000] {ldamodel.py:1197} INFO - topic #1 (0.029): 0.012*"bon" + 0.012*"service" + 0.012*"plaisir" + 0.012*"carte" + 0.012*"remercions" + 0.012*"encore" + 0.012*"courage" + 0.012*"non" + 0.012*"personnel" + 0.012*"👍👍👍👍"
[2025-03-17T16:05:24.637+0000] {ldamodel.py:1197} INFO - topic #2 (0.097): 0.031*"encore" + 0.031*"carte" + 0.031*"non" + 0.017*"très" + 0.017*"banque" + 0.017*"aussi" + 0.017*"heureux" + 0.017*"succès" + 0.017*"haut" + 0.017*"individu"
[2025-03-17T16:05:24.638+0000] {ldamodel.py:1197} INFO - topic #3 (0.056): 0.045*"minutes" + 0.045*"pauvre" + 0.045*"agent" + 0.045*"renseignement" + 0.045*"sécurité" + 0.045*"45" + 0.045*"seul" + 0.045*"banque" + 0.045*"d'attente" + 0.013*"service"
[2025-03-17T16:05:24.639+0000] {ldamodel.py:1197} INFO - topic #4 (0.047): 0.050*"personnel" + 0.050*"d'agence" + 0.050*"l'écoute" + 0.050*"commerciaux" + 0.050*"chef" + 0.050*"sympathique" + 0.050*"très" + 0.008*"non" + 0.008*"carte" + 0.008*"chose"
[2025-03-17T16:05:24.640+0000] {ldamodel.py:1075} INFO - topic diff=0.003697, rho=0.258199
[2025-03-17T16:05:24.643+0000] {ldamodel.py:848} INFO - -5.103 per-word bound, 34.4 perplexity estimate based on a held-out corpus of 9 documents with 104 words
[2025-03-17T16:05:24.645+0000] {ldamodel.py:1002} INFO - PROGRESS: pass 14, at document #9/9
[2025-03-17T16:05:24.647+0000] {ldamodel.py:795} INFO - optimized alpha [0.10576821, 0.02819348, 0.09450107, 0.053138297, 0.045756582]
[2025-03-17T16:05:24.648+0000] {ldamodel.py:1197} INFO - topic #0 (0.106): 0.060*"bon" + 0.042*"c'est" + 0.042*"frais" + 0.042*"plus" + 0.040*"service" + 0.023*"accompagner" + 0.023*"avis" + 0.023*"👍👍👍👍" + 0.023*"remercions" + 0.023*"…"
[2025-03-17T16:05:24.648+0000] {ldamodel.py:1197} INFO - topic #1 (0.028): 0.012*"bon" + 0.012*"service" + 0.012*"plaisir" + 0.012*"carte" + 0.012*"remercions" + 0.012*"encore" + 0.012*"courage" + 0.012*"non" + 0.012*"personnel" + 0.012*"👍👍👍👍"
[2025-03-17T16:05:24.649+0000] {ldamodel.py:1197} INFO - topic #2 (0.095): 0.031*"encore" + 0.031*"carte" + 0.031*"non" + 0.017*"très" + 0.017*"banque" + 0.017*"aussi" + 0.017*"heureux" + 0.017*"succès" + 0.017*"haut" + 0.017*"individu"
[2025-03-17T16:05:24.649+0000] {ldamodel.py:1197} INFO - topic #3 (0.053): 0.045*"minutes" + 0.045*"pauvre" + 0.045*"agent" + 0.045*"renseignement" + 0.045*"sécurité" + 0.045*"45" + 0.045*"seul" + 0.045*"banque" + 0.045*"d'attente" + 0.011*"service"
[2025-03-17T16:05:24.650+0000] {ldamodel.py:1197} INFO - topic #4 (0.046): 0.050*"personnel" + 0.050*"d'agence" + 0.050*"l'écoute" + 0.050*"commerciaux" + 0.050*"chef" + 0.050*"sympathique" + 0.050*"très" + 0.008*"non" + 0.008*"carte" + 0.008*"chose"
[2025-03-17T16:05:24.650+0000] {ldamodel.py:1075} INFO - topic diff=0.002990, rho=0.250000
[2025-03-17T16:05:24.653+0000] {utils.py:447} INFO - LdaModel lifecycle event {'msg': 'trained LdaModel<num_terms=86, num_topics=5, decay=0.5, chunksize=2000> in 0.40s', 'datetime': '2025-03-17T16:05:24.653255', 'gensim': '4.3.3', 'python': '3.8.10 (default, Jan 17 2025, 14:40:23) \n[GCC 9.4.0]', 'platform': 'Linux-5.15.133.1-microsoft-standard-WSL2-x86_64-with-glibc2.29', 'event': 'created'}
[2025-03-17T16:05:24.655+0000] {logging_mixin.py:188} INFO - Topics extraction complete
[2025-03-17T16:05:24.655+0000] {logging_mixin.py:188} INFO - Index(['bank_name', 'branch_name', 'location', 'review_text', 'rating',
       'review_date', 'language', 'sentiment'],
      dtype='object')
[2025-03-17T16:05:24.698+0000] {python.py:201} INFO - Done. Returned value was: None
[2025-03-17T16:05:24.741+0000] {taskinstance.py:1138} INFO - Marking task as SUCCESS. dag_id=Google_map, task_id=transform_phase_2_task, execution_date=20250317T160438, start_date=20250317T160507, end_date=20250317T160524
[2025-03-17T16:05:24.898+0000] {local_task_job_runner.py:234} INFO - Task exited with return code 0
[2025-03-17T16:05:24.995+0000] {taskinstance.py:3280} INFO - 1 downstream tasks scheduled from follow-on schedule check
