[2025-03-17T22:34:45.412+0000] {taskinstance.py:1956} INFO - Dependencies all met for dep_context=non-requeueable deps ti=<TaskInstance: Google_map.transform_phase_2_task manual__2025-03-16T19:25:20.443285+00:00 [queued]>
[2025-03-17T22:34:45.435+0000] {taskinstance.py:1956} INFO - Dependencies all met for dep_context=requeueable deps ti=<TaskInstance: Google_map.transform_phase_2_task manual__2025-03-16T19:25:20.443285+00:00 [queued]>
[2025-03-17T22:34:45.436+0000] {taskinstance.py:2170} INFO - Starting attempt 3 of 4
[2025-03-17T22:34:45.536+0000] {taskinstance.py:2191} INFO - Executing <Task(PythonOperator): transform_phase_2_task> on 2025-03-16 19:25:20.443285+00:00
[2025-03-17T22:34:45.571+0000] {standard_task_runner.py:60} INFO - Started process 19983 to run task
[2025-03-17T22:34:45.578+0000] {standard_task_runner.py:87} INFO - Running: ['airflow', 'tasks', 'run', 'Google_map', 'transform_phase_2_task', 'manual__2025-03-16T19:25:20.443285+00:00', '--job-id', '226', '--raw', '--subdir', 'DAGS_FOLDER/google_map_dag_etl.py', '--cfg-path', '/tmp/tmp_jh8s43y']
[2025-03-17T22:34:45.609+0000] {standard_task_runner.py:88} INFO - Job 226: Subtask transform_phase_2_task
[2025-03-17T22:34:45.974+0000] {task_command.py:423} INFO - Running <TaskInstance: Google_map.transform_phase_2_task manual__2025-03-16T19:25:20.443285+00:00 [running]> on host DESKTOP-AVAHALM.
[2025-03-17T22:34:46.546+0000] {taskinstance.py:2480} INFO - Exporting env vars: AIRFLOW_CTX_DAG_OWNER='master_m2si' AIRFLOW_CTX_DAG_ID='Google_map' AIRFLOW_CTX_TASK_ID='transform_phase_2_task' AIRFLOW_CTX_EXECUTION_DATE='2025-03-16T19:25:20.443285+00:00' AIRFLOW_CTX_TRY_NUMBER='3' AIRFLOW_CTX_DAG_RUN_ID='manual__2025-03-16T19:25:20.443285+00:00'
[2025-03-17T22:35:00.850+0000] {transform_phase_2.py:87} INFO - Added 'language' column.
[2025-03-17T22:35:00.882+0000] {transform_phase_2.py:91} INFO - Added 'sentiment' column.
[2025-03-17T22:35:07.481+0000] {dictionary.py:206} INFO - built Dictionary<0 unique tokens: []> from 0 documents (total 0 corpus positions)
[2025-03-17T22:35:07.499+0000] {utils.py:447} INFO - Dictionary lifecycle event {'msg': 'built Dictionary<0 unique tokens: []> from 0 documents (total 0 corpus positions)', 'datetime': '2025-03-17T22:35:07.482438', 'gensim': '4.3.3', 'python': '3.8.10 (default, Jan 17 2025, 14:40:23) \n[GCC 9.4.0]', 'platform': 'Linux-5.15.133.1-microsoft-standard-WSL2-x86_64-with-glibc2.29', 'event': 'created'}
[2025-03-17T22:35:07.501+0000] {logging_mixin.py:188} INFO - Error during topic extraction: cannot compute LDA over an empty collection (no terms)
[2025-03-17T22:35:07.502+0000] {logging_mixin.py:188} INFO - Index(['bank_name', 'branch_name', 'location', 'review_text', 'rating',
       'review_date', 'language', 'sentiment'],
      dtype='object')
[2025-03-17T22:35:07.503+0000] {python.py:201} INFO - Done. Returned value was: None
[2025-03-17T22:35:07.529+0000] {taskinstance.py:1138} INFO - Marking task as SUCCESS. dag_id=Google_map, task_id=transform_phase_2_task, execution_date=20250316T192520, start_date=20250317T223445, end_date=20250317T223507
[2025-03-17T22:35:07.660+0000] {local_task_job_runner.py:234} INFO - Task exited with return code 0
[2025-03-17T22:35:07.714+0000] {taskinstance.py:3280} INFO - 1 downstream tasks scheduled from follow-on schedule check
