[2025-03-17T11:47:30.132+0000] {taskinstance.py:1956} INFO - Dependencies all met for dep_context=non-requeueable deps ti=<TaskInstance: Google_map.transform_phase_2_task manual__2025-03-17T11:45:10.561715+00:00 [queued]>
[2025-03-17T11:47:30.151+0000] {taskinstance.py:1956} INFO - Dependencies all met for dep_context=requeueable deps ti=<TaskInstance: Google_map.transform_phase_2_task manual__2025-03-17T11:45:10.561715+00:00 [queued]>
[2025-03-17T11:47:30.151+0000] {taskinstance.py:2170} INFO - Starting attempt 2 of 3
[2025-03-17T11:47:30.192+0000] {taskinstance.py:2191} INFO - Executing <Task(PythonOperator): transform_phase_2_task> on 2025-03-17 11:45:10.561715+00:00
[2025-03-17T11:47:30.198+0000] {standard_task_runner.py:60} INFO - Started process 26755 to run task
[2025-03-17T11:47:30.203+0000] {standard_task_runner.py:87} INFO - Running: ['airflow', 'tasks', 'run', 'Google_map', 'transform_phase_2_task', 'manual__2025-03-17T11:45:10.561715+00:00', '--job-id', '158', '--raw', '--subdir', 'DAGS_FOLDER/google_map_dag_etl.py', '--cfg-path', '/tmp/tmp7g3_5edm']
[2025-03-17T11:47:30.207+0000] {standard_task_runner.py:88} INFO - Job 158: Subtask transform_phase_2_task
[2025-03-17T11:47:30.363+0000] {task_command.py:423} INFO - Running <TaskInstance: Google_map.transform_phase_2_task manual__2025-03-17T11:45:10.561715+00:00 [running]> on host DESKTOP-AVAHALM.
[2025-03-17T11:47:30.686+0000] {taskinstance.py:2480} INFO - Exporting env vars: AIRFLOW_CTX_DAG_OWNER='master_m2si' AIRFLOW_CTX_DAG_ID='Google_map' AIRFLOW_CTX_TASK_ID='transform_phase_2_task' AIRFLOW_CTX_EXECUTION_DATE='2025-03-17T11:45:10.561715+00:00' AIRFLOW_CTX_TRY_NUMBER='2' AIRFLOW_CTX_DAG_RUN_ID='manual__2025-03-17T11:45:10.561715+00:00'
[2025-03-17T11:47:44.772+0000] {dictionary.py:201} INFO - adding document #0 to Dictionary<0 unique tokens: []>
[2025-03-17T11:47:44.773+0000] {dictionary.py:206} INFO - built Dictionary<86 unique tokens: ['500dhs', 'a', 'bancaire', 'bon', "c'est"]...> from 9 documents (total 104 corpus positions)
[2025-03-17T11:47:44.796+0000] {utils.py:447} INFO - Dictionary lifecycle event {'msg': 'built Dictionary<86 unique tokens: [\'500dhs\', \'a\', \'bancaire\', \'bon\', "c\'est"]...> from 9 documents (total 104 corpus positions)', 'datetime': '2025-03-17T11:47:44.774317', 'gensim': '4.3.3', 'python': '3.8.10 (default, Jan 17 2025, 14:40:23) \n[GCC 9.4.0]', 'platform': 'Linux-5.15.133.1-microsoft-standard-WSL2-x86_64-with-glibc2.29', 'event': 'created'}
[2025-03-17T11:47:44.797+0000] {ldamodel.py:596} INFO - using autotuned alpha, starting with [0.2, 0.2, 0.2, 0.2, 0.2]
[2025-03-17T11:47:44.798+0000] {ldamodel.py:482} INFO - using serial LDA version on this node
[2025-03-17T11:47:44.799+0000] {ldamodel.py:948} INFO - running online (multi-pass) LDA training, 5 topics, 15 passes over the supplied corpus of 9 documents, updating model once every 9 documents, evaluating perplexity every 9 documents, iterating 50x with a convergence threshold of 0.001000
[2025-03-17T11:47:44.808+0000] {ldamodel.py:848} INFO - -8.017 per-word bound, 259.1 perplexity estimate based on a held-out corpus of 9 documents with 104 words
[2025-03-17T11:47:44.809+0000] {ldamodel.py:1002} INFO - PROGRESS: pass 0, at document #9/9
[2025-03-17T11:47:44.815+0000] {ldamodel.py:795} INFO - optimized alpha [0.12690514, 0.121236496, 0.23516779, 0.20353846, 0.16965261]
[2025-03-17T11:47:44.816+0000] {ldamodel.py:1197} INFO - topic #0 (0.127): 0.046*"45" + 0.046*"seul" + 0.046*"renseignement" + 0.046*"banque" + 0.046*"minutes" + 0.046*"pauvre" + 0.046*"sécurité" + 0.046*"d'attente" + 0.046*"agent" + 0.008*"bon"
[2025-03-17T11:47:44.816+0000] {ldamodel.py:1197} INFO - topic #1 (0.121): 0.035*"plus" + 0.029*"frais" + 0.024*"c'est" + 0.023*"chose" + 0.022*"moin" + 0.022*"comote" + 0.021*"côté" + 0.021*"deal" + 0.020*"retrait" + 0.020*"a"
[2025-03-17T11:47:44.816+0000] {ldamodel.py:1197} INFO - topic #2 (0.235): 0.043*"bon" + 0.029*"encore" + 0.023*"ouverture" + 0.023*"nulle" + 0.023*"pire" + 0.023*"depuis" + 0.023*"actuellement" + 0.023*"courage" + 0.023*"👍👍👍👍" + 0.023*"…"
[2025-03-17T11:47:44.817+0000] {ldamodel.py:1197} INFO - topic #3 (0.204): 0.043*"c'est" + 0.038*"plus" + 0.037*"frais" + 0.028*"très" + 0.027*"personnel" + 0.026*"l'écoute" + 0.026*"d'agence" + 0.026*"commerciaux" + 0.026*"sympathique" + 0.026*"chef"
[2025-03-17T11:47:44.817+0000] {ldamodel.py:1197} INFO - topic #4 (0.170): 0.036*"carte" + 0.035*"non" + 0.028*"plaisir" + 0.028*"avis" + 0.028*"remercions" + 0.028*"accompagner" + 0.023*"donner" + 0.023*"comme" + 0.023*"expiré" + 0.023*"agents"
[2025-03-17T11:47:44.817+0000] {ldamodel.py:1075} INFO - topic diff=2.638005, rho=1.000000
[2025-03-17T11:47:44.821+0000] {ldamodel.py:848} INFO - -5.242 per-word bound, 37.8 perplexity estimate based on a held-out corpus of 9 documents with 104 words
[2025-03-17T11:47:44.821+0000] {ldamodel.py:1002} INFO - PROGRESS: pass 1, at document #9/9
[2025-03-17T11:47:44.823+0000] {ldamodel.py:795} INFO - optimized alpha [0.105685145, 0.0922149, 0.21250258, 0.16395593, 0.14428823]
[2025-03-17T11:47:44.823+0000] {ldamodel.py:1197} INFO - topic #0 (0.106): 0.046*"45" + 0.046*"seul" + 0.046*"renseignement" + 0.046*"minutes" + 0.046*"pauvre" + 0.046*"sécurité" + 0.046*"d'attente" + 0.046*"agent" + 0.046*"banque" + 0.008*"bon"
[2025-03-17T11:47:44.823+0000] {ldamodel.py:1197} INFO - topic #1 (0.092): 0.024*"plus" + 0.020*"frais" + 0.018*"c'est" + 0.017*"chose" + 0.017*"moin" + 0.017*"comote" + 0.016*"côté" + 0.016*"deal" + 0.016*"retrait" + 0.016*"a"
[2025-03-17T11:47:44.824+0000] {ldamodel.py:1197} INFO - topic #2 (0.213): 0.045*"bon" + 0.027*"encore" + 0.025*"ouverture" + 0.025*"nulle" + 0.025*"pire" + 0.025*"depuis" + 0.025*"actuellement" + 0.025*"courage" + 0.025*"👍👍👍👍" + 0.025*"…"
[2025-03-17T11:47:44.824+0000] {ldamodel.py:1197} INFO - topic #3 (0.164): 0.044*"c'est" + 0.042*"plus" + 0.041*"frais" + 0.026*"très" + 0.025*"personnel" + 0.025*"l'écoute" + 0.025*"d'agence" + 0.025*"commerciaux" + 0.025*"sympathique" + 0.025*"chef"
[2025-03-17T11:47:44.824+0000] {ldamodel.py:1197} INFO - topic #4 (0.144): 0.040*"carte" + 0.040*"non" + 0.025*"plaisir" + 0.025*"avis" + 0.025*"remercions" + 0.025*"accompagner" + 0.023*"donner" + 0.023*"comme" + 0.023*"expiré" + 0.023*"agents"
[2025-03-17T11:47:44.824+0000] {ldamodel.py:1075} INFO - topic diff=0.272806, rho=0.577350
[2025-03-17T11:47:44.828+0000] {ldamodel.py:848} INFO - -5.115 per-word bound, 34.7 perplexity estimate based on a held-out corpus of 9 documents with 104 words
[2025-03-17T11:47:44.829+0000] {ldamodel.py:1002} INFO - PROGRESS: pass 2, at document #9/9
[2025-03-17T11:47:44.830+0000] {ldamodel.py:795} INFO - optimized alpha [0.09230264, 0.07637572, 0.19468617, 0.14107712, 0.12780203]
[2025-03-17T11:47:44.831+0000] {ldamodel.py:1197} INFO - topic #0 (0.092): 0.046*"45" + 0.046*"seul" + 0.046*"renseignement" + 0.046*"minutes" + 0.046*"pauvre" + 0.046*"sécurité" + 0.046*"d'attente" + 0.046*"agent" + 0.046*"banque" + 0.008*"bon"
[2025-03-17T11:47:44.831+0000] {ldamodel.py:1197} INFO - topic #1 (0.076): 0.018*"plus" + 0.016*"frais" + 0.015*"c'est" + 0.015*"chose" + 0.015*"moin" + 0.014*"comote" + 0.014*"côté" + 0.014*"deal" + 0.014*"retrait" + 0.014*"a"
[2025-03-17T11:47:44.831+0000] {ldamodel.py:1197} INFO - topic #2 (0.195): 0.047*"bon" + 0.027*"encore" + 0.025*"ouverture" + 0.025*"nulle" + 0.025*"pire" + 0.025*"depuis" + 0.025*"actuellement" + 0.025*"courage" + 0.025*"👍👍👍👍" + 0.025*"…"
[2025-03-17T11:47:44.831+0000] {ldamodel.py:1197} INFO - topic #3 (0.141): 0.044*"c'est" + 0.043*"plus" + 0.043*"frais" + 0.025*"très" + 0.025*"personnel" + 0.025*"l'écoute" + 0.025*"d'agence" + 0.025*"commerciaux" + 0.025*"sympathique" + 0.025*"chef"
[2025-03-17T11:47:44.832+0000] {ldamodel.py:1197} INFO - topic #4 (0.128): 0.042*"carte" + 0.042*"non" + 0.024*"plaisir" + 0.024*"avis" + 0.024*"remercions" + 0.024*"accompagner" + 0.023*"donner" + 0.023*"comme" + 0.023*"expiré" + 0.023*"agents"
[2025-03-17T11:47:44.832+0000] {ldamodel.py:1075} INFO - topic diff=0.142671, rho=0.500000
[2025-03-17T11:47:44.835+0000] {ldamodel.py:848} INFO - -5.087 per-word bound, 34.0 perplexity estimate based on a held-out corpus of 9 documents with 104 words
[2025-03-17T11:47:44.835+0000] {ldamodel.py:1002} INFO - PROGRESS: pass 3, at document #9/9
[2025-03-17T11:47:44.837+0000] {ldamodel.py:795} INFO - optimized alpha [0.08284728, 0.06602136, 0.18062845, 0.12569577, 0.115957074]
[2025-03-17T11:47:44.838+0000] {ldamodel.py:1197} INFO - topic #0 (0.083): 0.046*"45" + 0.046*"seul" + 0.046*"renseignement" + 0.046*"minutes" + 0.046*"pauvre" + 0.046*"sécurité" + 0.046*"d'attente" + 0.046*"agent" + 0.046*"banque" + 0.008*"bon"
[2025-03-17T11:47:44.838+0000] {ldamodel.py:1197} INFO - topic #1 (0.066): 0.015*"plus" + 0.014*"frais" + 0.014*"c'est" + 0.013*"chose" + 0.013*"moin" + 0.013*"comote" + 0.013*"côté" + 0.013*"deal" + 0.013*"retrait" + 0.013*"a"
[2025-03-17T11:47:44.839+0000] {ldamodel.py:1197} INFO - topic #2 (0.181): 0.047*"bon" + 0.026*"encore" + 0.026*"ouverture" + 0.026*"nulle" + 0.026*"pire" + 0.026*"depuis" + 0.026*"actuellement" + 0.026*"courage" + 0.026*"👍👍👍👍" + 0.026*"…"
[2025-03-17T11:47:44.839+0000] {ldamodel.py:1197} INFO - topic #3 (0.126): 0.045*"c'est" + 0.044*"plus" + 0.044*"frais" + 0.025*"très" + 0.025*"personnel" + 0.025*"l'écoute" + 0.025*"d'agence" + 0.025*"commerciaux" + 0.025*"sympathique" + 0.025*"chef"
[2025-03-17T11:47:44.839+0000] {ldamodel.py:1197} INFO - topic #4 (0.116): 0.042*"carte" + 0.042*"non" + 0.024*"plaisir" + 0.024*"avis" + 0.024*"remercions" + 0.024*"accompagner" + 0.023*"donner" + 0.023*"comme" + 0.023*"expiré" + 0.023*"agents"
[2025-03-17T11:47:44.839+0000] {ldamodel.py:1075} INFO - topic diff=0.078843, rho=0.447214
[2025-03-17T11:47:44.842+0000] {ldamodel.py:848} INFO - -5.077 per-word bound, 33.8 perplexity estimate based on a held-out corpus of 9 documents with 104 words
[2025-03-17T11:47:44.842+0000] {ldamodel.py:1002} INFO - PROGRESS: pass 4, at document #9/9
[2025-03-17T11:47:44.845+0000] {ldamodel.py:795} INFO - optimized alpha [0.075701684, 0.058585994, 0.16926071, 0.114443965, 0.10690572]
[2025-03-17T11:47:44.845+0000] {ldamodel.py:1197} INFO - topic #0 (0.076): 0.046*"45" + 0.046*"seul" + 0.046*"renseignement" + 0.046*"minutes" + 0.046*"pauvre" + 0.046*"sécurité" + 0.046*"d'attente" + 0.046*"agent" + 0.046*"banque" + 0.008*"bon"
[2025-03-17T11:47:44.846+0000] {ldamodel.py:1197} INFO - topic #1 (0.059): 0.014*"plus" + 0.013*"frais" + 0.013*"c'est" + 0.013*"chose" + 0.013*"moin" + 0.013*"comote" + 0.012*"côté" + 0.012*"deal" + 0.012*"retrait" + 0.012*"a"
[2025-03-17T11:47:44.846+0000] {ldamodel.py:1197} INFO - topic #2 (0.169): 0.047*"bon" + 0.026*"encore" + 0.026*"ouverture" + 0.026*"nulle" + 0.026*"pire" + 0.026*"depuis" + 0.026*"actuellement" + 0.026*"courage" + 0.026*"👍👍👍👍" + 0.026*"…"
[2025-03-17T11:47:44.847+0000] {ldamodel.py:1197} INFO - topic #3 (0.114): 0.045*"c'est" + 0.044*"plus" + 0.044*"frais" + 0.025*"très" + 0.025*"personnel" + 0.024*"l'écoute" + 0.024*"d'agence" + 0.024*"commerciaux" + 0.024*"sympathique" + 0.024*"chef"
[2025-03-17T11:47:44.847+0000] {ldamodel.py:1197} INFO - topic #4 (0.107): 0.043*"carte" + 0.043*"non" + 0.024*"plaisir" + 0.024*"avis" + 0.024*"remercions" + 0.024*"accompagner" + 0.023*"donner" + 0.023*"comme" + 0.023*"expiré" + 0.023*"agents"
[2025-03-17T11:47:44.847+0000] {ldamodel.py:1075} INFO - topic diff=0.044954, rho=0.408248
[2025-03-17T11:47:44.850+0000] {ldamodel.py:848} INFO - -5.073 per-word bound, 33.6 perplexity estimate based on a held-out corpus of 9 documents with 104 words
[2025-03-17T11:47:44.850+0000] {ldamodel.py:1002} INFO - PROGRESS: pass 5, at document #9/9
[2025-03-17T11:47:44.853+0000] {ldamodel.py:795} INFO - optimized alpha [0.07005412, 0.052924115, 0.15984973, 0.10575174, 0.09969311]
[2025-03-17T11:47:44.854+0000] {ldamodel.py:1197} INFO - topic #0 (0.070): 0.046*"45" + 0.046*"seul" + 0.046*"renseignement" + 0.046*"minutes" + 0.046*"pauvre" + 0.046*"sécurité" + 0.046*"d'attente" + 0.046*"agent" + 0.046*"banque" + 0.008*"bon"
[2025-03-17T11:47:44.854+0000] {ldamodel.py:1197} INFO - topic #1 (0.053): 0.013*"plus" + 0.013*"frais" + 0.012*"c'est" + 0.012*"chose" + 0.012*"moin" + 0.012*"comote" + 0.012*"côté" + 0.012*"deal" + 0.012*"retrait" + 0.012*"a"
[2025-03-17T11:47:44.855+0000] {ldamodel.py:1197} INFO - topic #2 (0.160): 0.047*"bon" + 0.026*"encore" + 0.026*"ouverture" + 0.026*"nulle" + 0.026*"pire" + 0.026*"depuis" + 0.026*"actuellement" + 0.026*"courage" + 0.026*"👍👍👍👍" + 0.026*"…"
[2025-03-17T11:47:44.855+0000] {ldamodel.py:1197} INFO - topic #3 (0.106): 0.045*"c'est" + 0.044*"plus" + 0.044*"frais" + 0.025*"très" + 0.024*"personnel" + 0.024*"l'écoute" + 0.024*"d'agence" + 0.024*"commerciaux" + 0.024*"sympathique" + 0.024*"chef"
[2025-03-17T11:47:44.855+0000] {ldamodel.py:1197} INFO - topic #4 (0.100): 0.043*"carte" + 0.043*"non" + 0.024*"plaisir" + 0.024*"avis" + 0.024*"remercions" + 0.024*"accompagner" + 0.023*"donner" + 0.023*"comme" + 0.023*"expiré" + 0.023*"agents"
[2025-03-17T11:47:44.856+0000] {ldamodel.py:1075} INFO - topic diff=0.026456, rho=0.377964
[2025-03-17T11:47:44.860+0000] {ldamodel.py:848} INFO - -5.069 per-word bound, 33.6 perplexity estimate based on a held-out corpus of 9 documents with 104 words
[2025-03-17T11:47:44.861+0000] {ldamodel.py:1002} INFO - PROGRESS: pass 6, at document #9/9
[2025-03-17T11:47:44.863+0000] {ldamodel.py:795} INFO - optimized alpha [0.06544492, 0.048434835, 0.15190357, 0.09877606, 0.09376842]
[2025-03-17T11:47:44.864+0000] {ldamodel.py:1197} INFO - topic #0 (0.065): 0.046*"45" + 0.046*"seul" + 0.046*"renseignement" + 0.046*"minutes" + 0.046*"pauvre" + 0.046*"sécurité" + 0.046*"d'attente" + 0.046*"agent" + 0.046*"banque" + 0.008*"bon"
[2025-03-17T11:47:44.864+0000] {ldamodel.py:1197} INFO - topic #1 (0.048): 0.013*"plus" + 0.012*"frais" + 0.012*"c'est" + 0.012*"chose" + 0.012*"moin" + 0.012*"comote" + 0.012*"côté" + 0.012*"deal" + 0.012*"retrait" + 0.012*"a"
[2025-03-17T11:47:44.865+0000] {ldamodel.py:1197} INFO - topic #2 (0.152): 0.047*"bon" + 0.026*"encore" + 0.026*"ouverture" + 0.026*"nulle" + 0.026*"pire" + 0.026*"depuis" + 0.026*"actuellement" + 0.026*"courage" + 0.026*"👍👍👍👍" + 0.026*"…"
[2025-03-17T11:47:44.865+0000] {ldamodel.py:1197} INFO - topic #3 (0.099): 0.045*"c'est" + 0.045*"plus" + 0.045*"frais" + 0.024*"très" + 0.024*"personnel" + 0.024*"l'écoute" + 0.024*"d'agence" + 0.024*"commerciaux" + 0.024*"sympathique" + 0.024*"chef"
[2025-03-17T11:47:44.865+0000] {ldamodel.py:1197} INFO - topic #4 (0.094): 0.043*"carte" + 0.043*"non" + 0.024*"plaisir" + 0.024*"avis" + 0.024*"remercions" + 0.024*"accompagner" + 0.023*"donner" + 0.023*"comme" + 0.023*"expiré" + 0.023*"agents"
[2025-03-17T11:47:44.866+0000] {ldamodel.py:1075} INFO - topic diff=0.016070, rho=0.353553
[2025-03-17T11:47:44.871+0000] {ldamodel.py:848} INFO - -5.066 per-word bound, 33.5 perplexity estimate based on a held-out corpus of 9 documents with 104 words
[2025-03-17T11:47:44.871+0000] {ldamodel.py:1002} INFO - PROGRESS: pass 7, at document #9/9
[2025-03-17T11:47:44.873+0000] {ldamodel.py:795} INFO - optimized alpha [0.061591, 0.04476808, 0.14508235, 0.09301719, 0.08878794]
[2025-03-17T11:47:44.874+0000] {ldamodel.py:1197} INFO - topic #0 (0.062): 0.046*"45" + 0.046*"seul" + 0.046*"renseignement" + 0.046*"minutes" + 0.046*"pauvre" + 0.046*"sécurité" + 0.046*"d'attente" + 0.046*"agent" + 0.046*"banque" + 0.008*"bon"
[2025-03-17T11:47:44.874+0000] {ldamodel.py:1197} INFO - topic #1 (0.045): 0.012*"plus" + 0.012*"frais" + 0.012*"c'est" + 0.012*"chose" + 0.012*"moin" + 0.012*"comote" + 0.012*"côté" + 0.012*"deal" + 0.012*"retrait" + 0.012*"a"
[2025-03-17T11:47:44.875+0000] {ldamodel.py:1197} INFO - topic #2 (0.145): 0.048*"bon" + 0.026*"encore" + 0.026*"ouverture" + 0.026*"nulle" + 0.026*"pire" + 0.026*"depuis" + 0.026*"actuellement" + 0.026*"courage" + 0.026*"👍👍👍👍" + 0.026*"…"
[2025-03-17T11:47:44.875+0000] {ldamodel.py:1197} INFO - topic #3 (0.093): 0.045*"c'est" + 0.045*"plus" + 0.045*"frais" + 0.024*"très" + 0.024*"personnel" + 0.024*"l'écoute" + 0.024*"d'agence" + 0.024*"commerciaux" + 0.024*"sympathique" + 0.024*"chef"
[2025-03-17T11:47:44.875+0000] {ldamodel.py:1197} INFO - topic #4 (0.089): 0.043*"carte" + 0.043*"non" + 0.024*"plaisir" + 0.024*"avis" + 0.024*"remercions" + 0.024*"accompagner" + 0.023*"donner" + 0.023*"comme" + 0.023*"expiré" + 0.023*"agents"
[2025-03-17T11:47:44.877+0000] {ldamodel.py:1075} INFO - topic diff=0.010058, rho=0.333333
[2025-03-17T11:47:44.882+0000] {ldamodel.py:848} INFO - -5.063 per-word bound, 33.4 perplexity estimate based on a held-out corpus of 9 documents with 104 words
[2025-03-17T11:47:44.882+0000] {ldamodel.py:1002} INFO - PROGRESS: pass 8, at document #9/9
[2025-03-17T11:47:44.887+0000] {ldamodel.py:795} INFO - optimized alpha [0.05830708, 0.04170424, 0.13914582, 0.08815865, 0.0845245]
[2025-03-17T11:47:44.888+0000] {ldamodel.py:1197} INFO - topic #0 (0.058): 0.046*"45" + 0.046*"seul" + 0.046*"renseignement" + 0.046*"minutes" + 0.046*"pauvre" + 0.046*"sécurité" + 0.046*"d'attente" + 0.046*"agent" + 0.046*"banque" + 0.008*"bon"
[2025-03-17T11:47:44.889+0000] {ldamodel.py:1197} INFO - topic #1 (0.042): 0.012*"plus" + 0.012*"frais" + 0.012*"c'est" + 0.012*"chose" + 0.012*"moin" + 0.012*"comote" + 0.012*"côté" + 0.012*"deal" + 0.012*"retrait" + 0.012*"a"
[2025-03-17T11:47:44.889+0000] {ldamodel.py:1197} INFO - topic #2 (0.139): 0.048*"bon" + 0.026*"encore" + 0.026*"ouverture" + 0.026*"nulle" + 0.026*"pire" + 0.026*"depuis" + 0.026*"actuellement" + 0.026*"courage" + 0.026*"👍👍👍👍" + 0.026*"…"
[2025-03-17T11:47:44.890+0000] {ldamodel.py:1197} INFO - topic #3 (0.088): 0.045*"c'est" + 0.045*"plus" + 0.045*"frais" + 0.024*"très" + 0.024*"personnel" + 0.024*"l'écoute" + 0.024*"d'agence" + 0.024*"commerciaux" + 0.024*"sympathique" + 0.024*"chef"
[2025-03-17T11:47:44.891+0000] {ldamodel.py:1197} INFO - topic #4 (0.085): 0.043*"carte" + 0.043*"non" + 0.023*"plaisir" + 0.023*"avis" + 0.023*"remercions" + 0.023*"accompagner" + 0.023*"donner" + 0.023*"comme" + 0.023*"expiré" + 0.023*"agents"
[2025-03-17T11:47:44.891+0000] {ldamodel.py:1075} INFO - topic diff=0.006470, rho=0.316228
[2025-03-17T11:47:44.899+0000] {ldamodel.py:848} INFO - -5.060 per-word bound, 33.4 perplexity estimate based on a held-out corpus of 9 documents with 104 words
[2025-03-17T11:47:44.900+0000] {ldamodel.py:1002} INFO - PROGRESS: pass 9, at document #9/9
[2025-03-17T11:47:44.905+0000] {ldamodel.py:795} INFO - optimized alpha [0.05546594, 0.039097592, 0.13391842, 0.083988145, 0.080820896]
[2025-03-17T11:47:44.906+0000] {ldamodel.py:1197} INFO - topic #0 (0.055): 0.046*"45" + 0.046*"seul" + 0.046*"renseignement" + 0.046*"minutes" + 0.046*"pauvre" + 0.046*"sécurité" + 0.046*"d'attente" + 0.046*"agent" + 0.046*"banque" + 0.008*"bon"
[2025-03-17T11:47:44.907+0000] {ldamodel.py:1197} INFO - topic #1 (0.039): 0.012*"plus" + 0.012*"frais" + 0.012*"c'est" + 0.012*"chose" + 0.012*"moin" + 0.012*"comote" + 0.012*"côté" + 0.012*"deal" + 0.012*"retrait" + 0.012*"a"
[2025-03-17T11:47:44.908+0000] {ldamodel.py:1197} INFO - topic #2 (0.134): 0.048*"bon" + 0.026*"encore" + 0.026*"ouverture" + 0.026*"nulle" + 0.026*"pire" + 0.026*"depuis" + 0.026*"actuellement" + 0.026*"courage" + 0.026*"👍👍👍👍" + 0.026*"…"
[2025-03-17T11:47:44.908+0000] {ldamodel.py:1197} INFO - topic #3 (0.084): 0.045*"c'est" + 0.045*"plus" + 0.045*"frais" + 0.024*"très" + 0.024*"personnel" + 0.024*"l'écoute" + 0.024*"d'agence" + 0.024*"commerciaux" + 0.024*"sympathique" + 0.024*"chef"
[2025-03-17T11:47:44.909+0000] {ldamodel.py:1197} INFO - topic #4 (0.081): 0.043*"carte" + 0.043*"non" + 0.023*"plaisir" + 0.023*"avis" + 0.023*"remercions" + 0.023*"accompagner" + 0.023*"donner" + 0.023*"comme" + 0.023*"expiré" + 0.023*"agents"
[2025-03-17T11:47:44.910+0000] {ldamodel.py:1075} INFO - topic diff=0.004265, rho=0.301511
[2025-03-17T11:47:44.916+0000] {ldamodel.py:848} INFO - -5.058 per-word bound, 33.3 perplexity estimate based on a held-out corpus of 9 documents with 104 words
[2025-03-17T11:47:44.917+0000] {ldamodel.py:1002} INFO - PROGRESS: pass 10, at document #9/9
[2025-03-17T11:47:44.922+0000] {ldamodel.py:795} INFO - optimized alpha [0.05297692, 0.03684717, 0.1292697, 0.080357574, 0.07756445]
[2025-03-17T11:47:44.924+0000] {ldamodel.py:1197} INFO - topic #0 (0.053): 0.046*"45" + 0.046*"seul" + 0.046*"renseignement" + 0.046*"minutes" + 0.046*"pauvre" + 0.046*"sécurité" + 0.046*"d'attente" + 0.046*"agent" + 0.046*"banque" + 0.008*"bon"
[2025-03-17T11:47:44.924+0000] {ldamodel.py:1197} INFO - topic #1 (0.037): 0.012*"plus" + 0.012*"frais" + 0.012*"c'est" + 0.012*"chose" + 0.012*"moin" + 0.012*"comote" + 0.012*"côté" + 0.012*"deal" + 0.012*"retrait" + 0.012*"a"
[2025-03-17T11:47:44.925+0000] {ldamodel.py:1197} INFO - topic #2 (0.129): 0.048*"bon" + 0.026*"encore" + 0.026*"ouverture" + 0.026*"nulle" + 0.026*"pire" + 0.026*"depuis" + 0.026*"actuellement" + 0.026*"courage" + 0.026*"👍👍👍👍" + 0.026*"…"
[2025-03-17T11:47:44.926+0000] {ldamodel.py:1197} INFO - topic #3 (0.080): 0.045*"c'est" + 0.045*"plus" + 0.045*"frais" + 0.024*"très" + 0.024*"personnel" + 0.024*"l'écoute" + 0.024*"d'agence" + 0.024*"commerciaux" + 0.024*"sympathique" + 0.024*"chef"
[2025-03-17T11:47:44.927+0000] {ldamodel.py:1197} INFO - topic #4 (0.078): 0.043*"carte" + 0.043*"non" + 0.023*"plaisir" + 0.023*"avis" + 0.023*"remercions" + 0.023*"accompagner" + 0.023*"donner" + 0.023*"comme" + 0.023*"expiré" + 0.023*"agents"
[2025-03-17T11:47:44.929+0000] {ldamodel.py:1075} INFO - topic diff=0.002873, rho=0.288675
[2025-03-17T11:47:44.934+0000] {ldamodel.py:848} INFO - -5.055 per-word bound, 33.3 perplexity estimate based on a held-out corpus of 9 documents with 104 words
[2025-03-17T11:47:44.935+0000] {ldamodel.py:1002} INFO - PROGRESS: pass 11, at document #9/9
[2025-03-17T11:47:44.940+0000] {ldamodel.py:795} INFO - optimized alpha [0.050773397, 0.034880538, 0.12510008, 0.07715986, 0.0746719]
[2025-03-17T11:47:44.941+0000] {ldamodel.py:1197} INFO - topic #0 (0.051): 0.046*"45" + 0.046*"seul" + 0.046*"renseignement" + 0.046*"minutes" + 0.046*"pauvre" + 0.046*"sécurité" + 0.046*"d'attente" + 0.046*"agent" + 0.046*"banque" + 0.008*"bon"
[2025-03-17T11:47:44.942+0000] {ldamodel.py:1197} INFO - topic #1 (0.035): 0.012*"plus" + 0.012*"frais" + 0.012*"c'est" + 0.012*"chose" + 0.012*"moin" + 0.012*"comote" + 0.012*"côté" + 0.012*"deal" + 0.012*"retrait" + 0.012*"a"
[2025-03-17T11:47:44.942+0000] {ldamodel.py:1197} INFO - topic #2 (0.125): 0.048*"bon" + 0.026*"encore" + 0.026*"ouverture" + 0.026*"nulle" + 0.026*"pire" + 0.026*"depuis" + 0.026*"actuellement" + 0.026*"courage" + 0.026*"👍👍👍👍" + 0.026*"…"
[2025-03-17T11:47:44.945+0000] {ldamodel.py:1197} INFO - topic #3 (0.077): 0.045*"c'est" + 0.045*"plus" + 0.045*"frais" + 0.024*"très" + 0.024*"personnel" + 0.024*"l'écoute" + 0.024*"d'agence" + 0.024*"commerciaux" + 0.024*"sympathique" + 0.024*"chef"
[2025-03-17T11:47:44.946+0000] {ldamodel.py:1197} INFO - topic #4 (0.075): 0.043*"carte" + 0.043*"non" + 0.023*"plaisir" + 0.023*"avis" + 0.023*"remercions" + 0.023*"accompagner" + 0.023*"donner" + 0.023*"comme" + 0.023*"expiré" + 0.023*"agents"
[2025-03-17T11:47:44.947+0000] {ldamodel.py:1075} INFO - topic diff=0.001973, rho=0.277350
[2025-03-17T11:47:44.954+0000] {ldamodel.py:848} INFO - -5.053 per-word bound, 33.2 perplexity estimate based on a held-out corpus of 9 documents with 104 words
[2025-03-17T11:47:44.955+0000] {ldamodel.py:1002} INFO - PROGRESS: pass 12, at document #9/9
[2025-03-17T11:47:44.958+0000] {ldamodel.py:795} INFO - optimized alpha [0.04880516, 0.033144195, 0.12133235, 0.074315526, 0.07208025]
[2025-03-17T11:47:44.959+0000] {ldamodel.py:1197} INFO - topic #0 (0.049): 0.046*"45" + 0.046*"seul" + 0.046*"renseignement" + 0.046*"minutes" + 0.046*"pauvre" + 0.046*"sécurité" + 0.046*"d'attente" + 0.046*"agent" + 0.046*"banque" + 0.008*"bon"
[2025-03-17T11:47:44.962+0000] {ldamodel.py:1197} INFO - topic #1 (0.033): 0.012*"plus" + 0.012*"frais" + 0.012*"c'est" + 0.012*"chose" + 0.012*"moin" + 0.012*"comote" + 0.012*"côté" + 0.012*"deal" + 0.012*"retrait" + 0.012*"a"
[2025-03-17T11:47:44.963+0000] {ldamodel.py:1197} INFO - topic #2 (0.121): 0.048*"bon" + 0.026*"encore" + 0.026*"ouverture" + 0.026*"nulle" + 0.026*"pire" + 0.026*"depuis" + 0.026*"actuellement" + 0.026*"courage" + 0.026*"👍👍👍👍" + 0.026*"…"
[2025-03-17T11:47:44.963+0000] {ldamodel.py:1197} INFO - topic #3 (0.074): 0.045*"c'est" + 0.045*"plus" + 0.045*"frais" + 0.024*"très" + 0.024*"personnel" + 0.024*"l'écoute" + 0.024*"d'agence" + 0.024*"commerciaux" + 0.024*"sympathique" + 0.024*"chef"
[2025-03-17T11:47:44.964+0000] {ldamodel.py:1197} INFO - topic #4 (0.072): 0.043*"carte" + 0.043*"non" + 0.023*"plaisir" + 0.023*"avis" + 0.023*"remercions" + 0.023*"accompagner" + 0.023*"donner" + 0.023*"comme" + 0.023*"expiré" + 0.023*"agents"
[2025-03-17T11:47:44.964+0000] {ldamodel.py:1075} INFO - topic diff=0.001379, rho=0.267261
[2025-03-17T11:47:44.974+0000] {ldamodel.py:848} INFO - -5.052 per-word bound, 33.2 perplexity estimate based on a held-out corpus of 9 documents with 104 words
[2025-03-17T11:47:44.975+0000] {ldamodel.py:1002} INFO - PROGRESS: pass 13, at document #9/9
[2025-03-17T11:47:44.984+0000] {ldamodel.py:795} INFO - optimized alpha [0.04703354, 0.031597674, 0.11790551, 0.0717641, 0.06974077]
[2025-03-17T11:47:44.986+0000] {ldamodel.py:1197} INFO - topic #0 (0.047): 0.046*"45" + 0.046*"seul" + 0.046*"renseignement" + 0.046*"minutes" + 0.046*"pauvre" + 0.046*"sécurité" + 0.046*"d'attente" + 0.046*"agent" + 0.046*"banque" + 0.008*"bon"
[2025-03-17T11:47:44.989+0000] {ldamodel.py:1197} INFO - topic #1 (0.032): 0.012*"plus" + 0.012*"frais" + 0.012*"c'est" + 0.012*"chose" + 0.012*"moin" + 0.012*"comote" + 0.012*"côté" + 0.012*"deal" + 0.012*"retrait" + 0.012*"a"
[2025-03-17T11:47:44.990+0000] {ldamodel.py:1197} INFO - topic #2 (0.118): 0.048*"bon" + 0.026*"encore" + 0.026*"ouverture" + 0.026*"nulle" + 0.026*"pire" + 0.026*"depuis" + 0.026*"actuellement" + 0.026*"courage" + 0.026*"👍👍👍👍" + 0.026*"…"
[2025-03-17T11:47:44.992+0000] {ldamodel.py:1197} INFO - topic #3 (0.072): 0.045*"c'est" + 0.045*"plus" + 0.045*"frais" + 0.024*"très" + 0.024*"personnel" + 0.024*"l'écoute" + 0.024*"d'agence" + 0.024*"commerciaux" + 0.024*"sympathique" + 0.024*"chef"
[2025-03-17T11:47:44.994+0000] {ldamodel.py:1197} INFO - topic #4 (0.070): 0.043*"carte" + 0.043*"non" + 0.023*"plaisir" + 0.023*"avis" + 0.023*"remercions" + 0.023*"accompagner" + 0.023*"donner" + 0.023*"comme" + 0.023*"expiré" + 0.023*"agents"
[2025-03-17T11:47:44.997+0000] {ldamodel.py:1075} INFO - topic diff=0.000979, rho=0.258199
[2025-03-17T11:47:45.027+0000] {ldamodel.py:848} INFO - -5.050 per-word bound, 33.1 perplexity estimate based on a held-out corpus of 9 documents with 104 words
[2025-03-17T11:47:45.028+0000] {ldamodel.py:1002} INFO - PROGRESS: pass 14, at document #9/9
[2025-03-17T11:47:45.047+0000] {ldamodel.py:795} INFO - optimized alpha [0.045428224, 0.030209746, 0.11477104, 0.06945868, 0.06761516]
[2025-03-17T11:47:45.050+0000] {ldamodel.py:1197} INFO - topic #0 (0.045): 0.046*"45" + 0.046*"seul" + 0.046*"renseignement" + 0.046*"minutes" + 0.046*"pauvre" + 0.046*"sécurité" + 0.046*"d'attente" + 0.046*"agent" + 0.046*"banque" + 0.008*"bon"
[2025-03-17T11:47:45.052+0000] {ldamodel.py:1197} INFO - topic #1 (0.030): 0.012*"plus" + 0.012*"frais" + 0.012*"c'est" + 0.012*"chose" + 0.012*"moin" + 0.012*"comote" + 0.012*"côté" + 0.012*"deal" + 0.012*"retrait" + 0.012*"a"
[2025-03-17T11:47:45.054+0000] {ldamodel.py:1197} INFO - topic #2 (0.115): 0.048*"bon" + 0.026*"encore" + 0.026*"ouverture" + 0.026*"nulle" + 0.026*"pire" + 0.026*"depuis" + 0.026*"actuellement" + 0.026*"courage" + 0.026*"👍👍👍👍" + 0.026*"…"
[2025-03-17T11:47:45.055+0000] {ldamodel.py:1197} INFO - topic #3 (0.069): 0.045*"c'est" + 0.045*"plus" + 0.045*"frais" + 0.024*"très" + 0.024*"personnel" + 0.024*"l'écoute" + 0.024*"d'agence" + 0.024*"commerciaux" + 0.024*"sympathique" + 0.024*"chef"
[2025-03-17T11:47:45.058+0000] {ldamodel.py:1197} INFO - topic #4 (0.068): 0.043*"carte" + 0.043*"non" + 0.023*"plaisir" + 0.023*"avis" + 0.023*"remercions" + 0.023*"accompagner" + 0.023*"donner" + 0.023*"comme" + 0.023*"expiré" + 0.023*"agents"
[2025-03-17T11:47:45.066+0000] {ldamodel.py:1075} INFO - topic diff=0.000704, rho=0.250000
[2025-03-17T11:47:45.069+0000] {utils.py:447} INFO - LdaModel lifecycle event {'msg': 'trained LdaModel<num_terms=86, num_topics=5, decay=0.5, chunksize=2000> in 0.27s', 'datetime': '2025-03-17T11:47:45.069781', 'gensim': '4.3.3', 'python': '3.8.10 (default, Jan 17 2025, 14:40:23) \n[GCC 9.4.0]', 'platform': 'Linux-5.15.133.1-microsoft-standard-WSL2-x86_64-with-glibc2.29', 'event': 'created'}
[2025-03-17T11:47:45.086+0000] {logging_mixin.py:188} INFO - Topics extraction complete
[2025-03-17T11:47:45.089+0000] {logging_mixin.py:188} INFO - Index(['bank_name', 'branch_name', 'location', 'review_text', 'rating',
       'review_date', 'language', 'sentiment'],
      dtype='object')
[2025-03-17T11:47:45.154+0000] {python.py:201} INFO - Done. Returned value was: None
[2025-03-17T11:47:45.182+0000] {taskinstance.py:1138} INFO - Marking task as SUCCESS. dag_id=Google_map, task_id=transform_phase_2_task, execution_date=20250317T114510, start_date=20250317T114730, end_date=20250317T114745
[2025-03-17T11:47:45.348+0000] {local_task_job_runner.py:234} INFO - Task exited with return code 0
[2025-03-17T11:47:45.482+0000] {taskinstance.py:3280} INFO - 0 downstream tasks scheduled from follow-on schedule check
