[2025-03-20T22:02:02.435+0000] {processor.py:161} INFO - Started process (PID=1322) to work on /home/nord/airflow/dags/dag3.py
[2025-03-20T22:02:02.437+0000] {processor.py:830} INFO - Processing file /home/nord/airflow/dags/dag3.py for tasks to queue
[2025-03-20T22:02:02.438+0000] {logging_mixin.py:188} INFO - [2025-03-20T22:02:02.437+0000] {dagbag.py:538} INFO - Filling up the DagBag from /home/nord/airflow/dags/dag3.py
[2025-03-20T22:02:02.459+0000] {processor.py:840} INFO - DAG(s) 'dag3' retrieved from /home/nord/airflow/dags/dag3.py
[2025-03-20T22:02:02.546+0000] {logging_mixin.py:188} INFO - [2025-03-20T22:02:02.545+0000] {dag.py:3036} INFO - Sync 1 DAGs
[2025-03-20T22:02:02.569+0000] {logging_mixin.py:188} INFO - [2025-03-20T22:02:02.568+0000] {dag.py:3823} INFO - Setting next_dagrun for dag3 to None, run_after=None
[2025-03-20T22:02:02.601+0000] {processor.py:183} INFO - Processing /home/nord/airflow/dags/dag3.py took 0.171 seconds
[2025-03-20T22:02:33.015+0000] {processor.py:161} INFO - Started process (PID=1661) to work on /home/nord/airflow/dags/dag3.py
[2025-03-20T22:02:33.024+0000] {processor.py:830} INFO - Processing file /home/nord/airflow/dags/dag3.py for tasks to queue
[2025-03-20T22:02:33.026+0000] {logging_mixin.py:188} INFO - [2025-03-20T22:02:33.026+0000] {dagbag.py:538} INFO - Filling up the DagBag from /home/nord/airflow/dags/dag3.py
[2025-03-20T22:02:33.042+0000] {processor.py:840} INFO - DAG(s) 'dag3' retrieved from /home/nord/airflow/dags/dag3.py
[2025-03-20T22:02:33.125+0000] {logging_mixin.py:188} INFO - [2025-03-20T22:02:33.124+0000] {dag.py:3036} INFO - Sync 1 DAGs
[2025-03-20T22:02:33.160+0000] {logging_mixin.py:188} INFO - [2025-03-20T22:02:33.159+0000] {dag.py:3823} INFO - Setting next_dagrun for dag3 to None, run_after=None
[2025-03-20T22:02:33.204+0000] {processor.py:183} INFO - Processing /home/nord/airflow/dags/dag3.py took 0.213 seconds
[2025-03-20T22:03:03.401+0000] {processor.py:161} INFO - Started process (PID=2245) to work on /home/nord/airflow/dags/dag3.py
[2025-03-20T22:03:03.405+0000] {processor.py:830} INFO - Processing file /home/nord/airflow/dags/dag3.py for tasks to queue
[2025-03-20T22:03:03.407+0000] {logging_mixin.py:188} INFO - [2025-03-20T22:03:03.406+0000] {dagbag.py:538} INFO - Filling up the DagBag from /home/nord/airflow/dags/dag3.py
[2025-03-20T22:03:03.443+0000] {processor.py:840} INFO - DAG(s) 'dag3' retrieved from /home/nord/airflow/dags/dag3.py
[2025-03-20T22:03:03.627+0000] {logging_mixin.py:188} INFO - [2025-03-20T22:03:03.627+0000] {dag.py:3036} INFO - Sync 1 DAGs
[2025-03-20T22:03:03.689+0000] {logging_mixin.py:188} INFO - [2025-03-20T22:03:03.689+0000] {dag.py:3823} INFO - Setting next_dagrun for dag3 to None, run_after=None
[2025-03-20T22:03:03.769+0000] {processor.py:183} INFO - Processing /home/nord/airflow/dags/dag3.py took 0.382 seconds
[2025-03-20T22:03:34.326+0000] {processor.py:161} INFO - Started process (PID=2687) to work on /home/nord/airflow/dags/dag3.py
[2025-03-20T22:03:34.328+0000] {processor.py:830} INFO - Processing file /home/nord/airflow/dags/dag3.py for tasks to queue
[2025-03-20T22:03:34.338+0000] {logging_mixin.py:188} INFO - [2025-03-20T22:03:34.329+0000] {dagbag.py:538} INFO - Filling up the DagBag from /home/nord/airflow/dags/dag3.py
[2025-03-20T22:03:34.365+0000] {processor.py:840} INFO - DAG(s) 'dag3' retrieved from /home/nord/airflow/dags/dag3.py
[2025-03-20T22:03:34.492+0000] {logging_mixin.py:188} INFO - [2025-03-20T22:03:34.491+0000] {dag.py:3036} INFO - Sync 1 DAGs
[2025-03-20T22:03:34.549+0000] {logging_mixin.py:188} INFO - [2025-03-20T22:03:34.549+0000] {dag.py:3823} INFO - Setting next_dagrun for dag3 to None, run_after=None
[2025-03-20T22:03:34.604+0000] {processor.py:183} INFO - Processing /home/nord/airflow/dags/dag3.py took 0.288 seconds
[2025-03-20T22:04:04.966+0000] {processor.py:161} INFO - Started process (PID=3035) to work on /home/nord/airflow/dags/dag3.py
[2025-03-20T22:04:04.969+0000] {processor.py:830} INFO - Processing file /home/nord/airflow/dags/dag3.py for tasks to queue
[2025-03-20T22:04:04.974+0000] {logging_mixin.py:188} INFO - [2025-03-20T22:04:04.973+0000] {dagbag.py:538} INFO - Filling up the DagBag from /home/nord/airflow/dags/dag3.py
[2025-03-20T22:04:04.994+0000] {processor.py:840} INFO - DAG(s) 'dag3' retrieved from /home/nord/airflow/dags/dag3.py
[2025-03-20T22:04:05.051+0000] {logging_mixin.py:188} INFO - [2025-03-20T22:04:05.051+0000] {dag.py:3036} INFO - Sync 1 DAGs
[2025-03-20T22:04:05.077+0000] {logging_mixin.py:188} INFO - [2025-03-20T22:04:05.076+0000] {dag.py:3823} INFO - Setting next_dagrun for dag3 to None, run_after=None
[2025-03-20T22:04:05.123+0000] {processor.py:183} INFO - Processing /home/nord/airflow/dags/dag3.py took 0.164 seconds
[2025-03-20T22:04:35.556+0000] {processor.py:161} INFO - Started process (PID=3366) to work on /home/nord/airflow/dags/dag3.py
[2025-03-20T22:04:35.560+0000] {processor.py:830} INFO - Processing file /home/nord/airflow/dags/dag3.py for tasks to queue
[2025-03-20T22:04:35.562+0000] {logging_mixin.py:188} INFO - [2025-03-20T22:04:35.562+0000] {dagbag.py:538} INFO - Filling up the DagBag from /home/nord/airflow/dags/dag3.py
[2025-03-20T22:04:35.583+0000] {processor.py:840} INFO - DAG(s) 'dag3' retrieved from /home/nord/airflow/dags/dag3.py
[2025-03-20T22:04:35.690+0000] {logging_mixin.py:188} INFO - [2025-03-20T22:04:35.689+0000] {dag.py:3036} INFO - Sync 1 DAGs
[2025-03-20T22:04:35.738+0000] {logging_mixin.py:188} INFO - [2025-03-20T22:04:35.738+0000] {dag.py:3823} INFO - Setting next_dagrun for dag3 to None, run_after=None
[2025-03-20T22:04:35.801+0000] {processor.py:183} INFO - Processing /home/nord/airflow/dags/dag3.py took 0.257 seconds
[2025-03-20T22:05:06.431+0000] {processor.py:161} INFO - Started process (PID=3691) to work on /home/nord/airflow/dags/dag3.py
[2025-03-20T22:05:06.445+0000] {processor.py:830} INFO - Processing file /home/nord/airflow/dags/dag3.py for tasks to queue
[2025-03-20T22:05:06.447+0000] {logging_mixin.py:188} INFO - [2025-03-20T22:05:06.446+0000] {dagbag.py:538} INFO - Filling up the DagBag from /home/nord/airflow/dags/dag3.py
[2025-03-20T22:05:06.468+0000] {processor.py:840} INFO - DAG(s) 'dag3' retrieved from /home/nord/airflow/dags/dag3.py
[2025-03-20T22:05:06.577+0000] {logging_mixin.py:188} INFO - [2025-03-20T22:05:06.576+0000] {dag.py:3036} INFO - Sync 1 DAGs
[2025-03-20T22:05:06.617+0000] {logging_mixin.py:188} INFO - [2025-03-20T22:05:06.616+0000] {dag.py:3823} INFO - Setting next_dagrun for dag3 to None, run_after=None
[2025-03-20T22:05:06.677+0000] {processor.py:183} INFO - Processing /home/nord/airflow/dags/dag3.py took 0.259 seconds
[2025-03-20T22:05:37.211+0000] {processor.py:161} INFO - Started process (PID=4015) to work on /home/nord/airflow/dags/dag3.py
[2025-03-20T22:05:37.213+0000] {processor.py:830} INFO - Processing file /home/nord/airflow/dags/dag3.py for tasks to queue
[2025-03-20T22:05:37.215+0000] {logging_mixin.py:188} INFO - [2025-03-20T22:05:37.214+0000] {dagbag.py:538} INFO - Filling up the DagBag from /home/nord/airflow/dags/dag3.py
[2025-03-20T22:05:37.233+0000] {processor.py:840} INFO - DAG(s) 'dag3' retrieved from /home/nord/airflow/dags/dag3.py
[2025-03-20T22:05:37.298+0000] {logging_mixin.py:188} INFO - [2025-03-20T22:05:37.298+0000] {dag.py:3036} INFO - Sync 1 DAGs
[2025-03-20T22:05:37.332+0000] {logging_mixin.py:188} INFO - [2025-03-20T22:05:37.331+0000] {dag.py:3823} INFO - Setting next_dagrun for dag3 to None, run_after=None
[2025-03-20T22:05:37.391+0000] {processor.py:183} INFO - Processing /home/nord/airflow/dags/dag3.py took 0.190 seconds
[2025-03-20T22:05:49.232+0000] {processor.py:161} INFO - Started process (PID=4269) to work on /home/nord/airflow/dags/dag3.py
[2025-03-20T22:05:49.234+0000] {processor.py:830} INFO - Processing file /home/nord/airflow/dags/dag3.py for tasks to queue
[2025-03-20T22:05:49.235+0000] {logging_mixin.py:188} INFO - [2025-03-20T22:05:49.234+0000] {dagbag.py:538} INFO - Filling up the DagBag from /home/nord/airflow/dags/dag3.py
[2025-03-20T22:05:49.258+0000] {processor.py:840} INFO - DAG(s) 'dag3' retrieved from /home/nord/airflow/dags/dag3.py
[2025-03-20T22:05:49.383+0000] {logging_mixin.py:188} INFO - [2025-03-20T22:05:49.383+0000] {dag.py:3036} INFO - Sync 1 DAGs
[2025-03-20T22:05:49.409+0000] {logging_mixin.py:188} INFO - [2025-03-20T22:05:49.409+0000] {dag.py:3823} INFO - Setting next_dagrun for dag3 to None, run_after=None
[2025-03-20T22:05:49.450+0000] {processor.py:183} INFO - Processing /home/nord/airflow/dags/dag3.py took 0.223 seconds
[2025-03-20T22:06:20.123+0000] {processor.py:161} INFO - Started process (PID=4610) to work on /home/nord/airflow/dags/dag3.py
[2025-03-20T22:06:20.125+0000] {processor.py:830} INFO - Processing file /home/nord/airflow/dags/dag3.py for tasks to queue
[2025-03-20T22:06:20.126+0000] {logging_mixin.py:188} INFO - [2025-03-20T22:06:20.126+0000] {dagbag.py:538} INFO - Filling up the DagBag from /home/nord/airflow/dags/dag3.py
[2025-03-20T22:06:20.140+0000] {processor.py:840} INFO - DAG(s) 'dag3' retrieved from /home/nord/airflow/dags/dag3.py
[2025-03-20T22:06:20.197+0000] {logging_mixin.py:188} INFO - [2025-03-20T22:06:20.197+0000] {dag.py:3036} INFO - Sync 1 DAGs
[2025-03-20T22:06:20.220+0000] {logging_mixin.py:188} INFO - [2025-03-20T22:06:20.220+0000] {dag.py:3823} INFO - Setting next_dagrun for dag3 to None, run_after=None
[2025-03-20T22:06:20.259+0000] {processor.py:183} INFO - Processing /home/nord/airflow/dags/dag3.py took 0.145 seconds
[2025-03-20T22:06:50.596+0000] {processor.py:161} INFO - Started process (PID=4933) to work on /home/nord/airflow/dags/dag3.py
[2025-03-20T22:06:50.599+0000] {processor.py:830} INFO - Processing file /home/nord/airflow/dags/dag3.py for tasks to queue
[2025-03-20T22:06:50.600+0000] {logging_mixin.py:188} INFO - [2025-03-20T22:06:50.600+0000] {dagbag.py:538} INFO - Filling up the DagBag from /home/nord/airflow/dags/dag3.py
[2025-03-20T22:06:50.616+0000] {processor.py:840} INFO - DAG(s) 'dag3' retrieved from /home/nord/airflow/dags/dag3.py
[2025-03-20T22:06:50.659+0000] {logging_mixin.py:188} INFO - [2025-03-20T22:06:50.658+0000] {dag.py:3036} INFO - Sync 1 DAGs
[2025-03-20T22:06:50.676+0000] {logging_mixin.py:188} INFO - [2025-03-20T22:06:50.676+0000] {dag.py:3823} INFO - Setting next_dagrun for dag3 to None, run_after=None
[2025-03-20T22:06:50.716+0000] {processor.py:183} INFO - Processing /home/nord/airflow/dags/dag3.py took 0.141 seconds
[2025-03-20T22:07:21.516+0000] {processor.py:161} INFO - Started process (PID=5397) to work on /home/nord/airflow/dags/dag3.py
[2025-03-20T22:07:21.519+0000] {processor.py:830} INFO - Processing file /home/nord/airflow/dags/dag3.py for tasks to queue
[2025-03-20T22:07:21.523+0000] {logging_mixin.py:188} INFO - [2025-03-20T22:07:21.522+0000] {dagbag.py:538} INFO - Filling up the DagBag from /home/nord/airflow/dags/dag3.py
[2025-03-20T22:07:21.563+0000] {processor.py:840} INFO - DAG(s) 'dag3' retrieved from /home/nord/airflow/dags/dag3.py
[2025-03-20T22:07:21.625+0000] {logging_mixin.py:188} INFO - [2025-03-20T22:07:21.625+0000] {dag.py:3036} INFO - Sync 1 DAGs
[2025-03-20T22:07:21.643+0000] {logging_mixin.py:188} INFO - [2025-03-20T22:07:21.643+0000] {dag.py:3823} INFO - Setting next_dagrun for dag3 to None, run_after=None
[2025-03-20T22:07:21.677+0000] {processor.py:183} INFO - Processing /home/nord/airflow/dags/dag3.py took 0.175 seconds
[2025-03-20T22:07:51.883+0000] {processor.py:161} INFO - Started process (PID=5741) to work on /home/nord/airflow/dags/dag3.py
[2025-03-20T22:07:51.887+0000] {processor.py:830} INFO - Processing file /home/nord/airflow/dags/dag3.py for tasks to queue
[2025-03-20T22:07:51.889+0000] {logging_mixin.py:188} INFO - [2025-03-20T22:07:51.888+0000] {dagbag.py:538} INFO - Filling up the DagBag from /home/nord/airflow/dags/dag3.py
[2025-03-20T22:07:51.900+0000] {processor.py:840} INFO - DAG(s) 'dag3' retrieved from /home/nord/airflow/dags/dag3.py
[2025-03-20T22:07:51.952+0000] {logging_mixin.py:188} INFO - [2025-03-20T22:07:51.952+0000] {dag.py:3036} INFO - Sync 1 DAGs
[2025-03-20T22:07:51.973+0000] {logging_mixin.py:188} INFO - [2025-03-20T22:07:51.972+0000] {dag.py:3823} INFO - Setting next_dagrun for dag3 to None, run_after=None
[2025-03-20T22:07:52.013+0000] {processor.py:183} INFO - Processing /home/nord/airflow/dags/dag3.py took 0.136 seconds
[2025-03-20T22:08:22.629+0000] {processor.py:161} INFO - Started process (PID=6072) to work on /home/nord/airflow/dags/dag3.py
[2025-03-20T22:08:22.633+0000] {processor.py:830} INFO - Processing file /home/nord/airflow/dags/dag3.py for tasks to queue
[2025-03-20T22:08:22.635+0000] {logging_mixin.py:188} INFO - [2025-03-20T22:08:22.634+0000] {dagbag.py:538} INFO - Filling up the DagBag from /home/nord/airflow/dags/dag3.py
[2025-03-20T22:08:22.648+0000] {processor.py:840} INFO - DAG(s) 'dag3' retrieved from /home/nord/airflow/dags/dag3.py
[2025-03-20T22:08:22.696+0000] {logging_mixin.py:188} INFO - [2025-03-20T22:08:22.695+0000] {dag.py:3036} INFO - Sync 1 DAGs
[2025-03-20T22:08:22.724+0000] {logging_mixin.py:188} INFO - [2025-03-20T22:08:22.723+0000] {dag.py:3823} INFO - Setting next_dagrun for dag3 to None, run_after=None
[2025-03-20T22:08:22.769+0000] {processor.py:183} INFO - Processing /home/nord/airflow/dags/dag3.py took 0.146 seconds
[2025-03-20T22:08:53.331+0000] {processor.py:161} INFO - Started process (PID=6418) to work on /home/nord/airflow/dags/dag3.py
[2025-03-20T22:08:53.336+0000] {processor.py:830} INFO - Processing file /home/nord/airflow/dags/dag3.py for tasks to queue
[2025-03-20T22:08:53.337+0000] {logging_mixin.py:188} INFO - [2025-03-20T22:08:53.337+0000] {dagbag.py:538} INFO - Filling up the DagBag from /home/nord/airflow/dags/dag3.py
[2025-03-20T22:08:53.363+0000] {processor.py:840} INFO - DAG(s) 'dag3' retrieved from /home/nord/airflow/dags/dag3.py
[2025-03-20T22:08:53.467+0000] {logging_mixin.py:188} INFO - [2025-03-20T22:08:53.464+0000] {dag.py:3036} INFO - Sync 1 DAGs
[2025-03-20T22:08:53.503+0000] {logging_mixin.py:188} INFO - [2025-03-20T22:08:53.502+0000] {dag.py:3823} INFO - Setting next_dagrun for dag3 to None, run_after=None
[2025-03-20T22:08:53.573+0000] {processor.py:183} INFO - Processing /home/nord/airflow/dags/dag3.py took 0.257 seconds
[2025-03-20T22:09:23.787+0000] {processor.py:161} INFO - Started process (PID=6814) to work on /home/nord/airflow/dags/dag3.py
[2025-03-20T22:09:23.792+0000] {processor.py:830} INFO - Processing file /home/nord/airflow/dags/dag3.py for tasks to queue
[2025-03-20T22:09:23.801+0000] {logging_mixin.py:188} INFO - [2025-03-20T22:09:23.800+0000] {dagbag.py:538} INFO - Filling up the DagBag from /home/nord/airflow/dags/dag3.py
[2025-03-20T22:09:23.823+0000] {processor.py:840} INFO - DAG(s) 'dag3' retrieved from /home/nord/airflow/dags/dag3.py
[2025-03-20T22:09:23.893+0000] {logging_mixin.py:188} INFO - [2025-03-20T22:09:23.892+0000] {dag.py:3036} INFO - Sync 1 DAGs
[2025-03-20T22:09:23.924+0000] {logging_mixin.py:188} INFO - [2025-03-20T22:09:23.924+0000] {dag.py:3823} INFO - Setting next_dagrun for dag3 to None, run_after=None
[2025-03-20T22:09:23.965+0000] {processor.py:183} INFO - Processing /home/nord/airflow/dags/dag3.py took 0.185 seconds
[2025-03-20T22:09:54.513+0000] {processor.py:161} INFO - Started process (PID=7180) to work on /home/nord/airflow/dags/dag3.py
[2025-03-20T22:09:54.517+0000] {processor.py:830} INFO - Processing file /home/nord/airflow/dags/dag3.py for tasks to queue
[2025-03-20T22:09:54.520+0000] {logging_mixin.py:188} INFO - [2025-03-20T22:09:54.519+0000] {dagbag.py:538} INFO - Filling up the DagBag from /home/nord/airflow/dags/dag3.py
[2025-03-20T22:09:54.533+0000] {processor.py:840} INFO - DAG(s) 'dag3' retrieved from /home/nord/airflow/dags/dag3.py
[2025-03-20T22:09:54.587+0000] {logging_mixin.py:188} INFO - [2025-03-20T22:09:54.586+0000] {dag.py:3036} INFO - Sync 1 DAGs
[2025-03-20T22:09:54.608+0000] {logging_mixin.py:188} INFO - [2025-03-20T22:09:54.607+0000] {dag.py:3823} INFO - Setting next_dagrun for dag3 to None, run_after=None
[2025-03-20T22:09:54.642+0000] {processor.py:183} INFO - Processing /home/nord/airflow/dags/dag3.py took 0.148 seconds
[2025-03-20T22:10:25.054+0000] {processor.py:161} INFO - Started process (PID=7531) to work on /home/nord/airflow/dags/dag3.py
[2025-03-20T22:10:25.056+0000] {processor.py:830} INFO - Processing file /home/nord/airflow/dags/dag3.py for tasks to queue
[2025-03-20T22:10:25.058+0000] {logging_mixin.py:188} INFO - [2025-03-20T22:10:25.057+0000] {dagbag.py:538} INFO - Filling up the DagBag from /home/nord/airflow/dags/dag3.py
[2025-03-20T22:10:25.073+0000] {processor.py:840} INFO - DAG(s) 'dag3' retrieved from /home/nord/airflow/dags/dag3.py
[2025-03-20T22:10:25.136+0000] {logging_mixin.py:188} INFO - [2025-03-20T22:10:25.135+0000] {dag.py:3036} INFO - Sync 1 DAGs
[2025-03-20T22:10:25.165+0000] {logging_mixin.py:188} INFO - [2025-03-20T22:10:25.165+0000] {dag.py:3823} INFO - Setting next_dagrun for dag3 to None, run_after=None
[2025-03-20T22:10:25.220+0000] {processor.py:183} INFO - Processing /home/nord/airflow/dags/dag3.py took 0.175 seconds
[2025-03-20T22:10:55.692+0000] {processor.py:161} INFO - Started process (PID=7860) to work on /home/nord/airflow/dags/dag3.py
[2025-03-20T22:10:55.694+0000] {processor.py:830} INFO - Processing file /home/nord/airflow/dags/dag3.py for tasks to queue
[2025-03-20T22:10:55.696+0000] {logging_mixin.py:188} INFO - [2025-03-20T22:10:55.695+0000] {dagbag.py:538} INFO - Filling up the DagBag from /home/nord/airflow/dags/dag3.py
[2025-03-20T22:10:55.713+0000] {processor.py:840} INFO - DAG(s) 'dag3' retrieved from /home/nord/airflow/dags/dag3.py
[2025-03-20T22:10:55.764+0000] {logging_mixin.py:188} INFO - [2025-03-20T22:10:55.763+0000] {dag.py:3036} INFO - Sync 1 DAGs
[2025-03-20T22:10:55.787+0000] {logging_mixin.py:188} INFO - [2025-03-20T22:10:55.787+0000] {dag.py:3823} INFO - Setting next_dagrun for dag3 to None, run_after=None
[2025-03-20T22:10:55.835+0000] {processor.py:183} INFO - Processing /home/nord/airflow/dags/dag3.py took 0.153 seconds
[2025-03-20T22:11:26.120+0000] {processor.py:161} INFO - Started process (PID=8182) to work on /home/nord/airflow/dags/dag3.py
[2025-03-20T22:11:26.122+0000] {processor.py:830} INFO - Processing file /home/nord/airflow/dags/dag3.py for tasks to queue
[2025-03-20T22:11:26.124+0000] {logging_mixin.py:188} INFO - [2025-03-20T22:11:26.123+0000] {dagbag.py:538} INFO - Filling up the DagBag from /home/nord/airflow/dags/dag3.py
[2025-03-20T22:11:26.140+0000] {processor.py:840} INFO - DAG(s) 'dag3' retrieved from /home/nord/airflow/dags/dag3.py
[2025-03-20T22:11:26.202+0000] {logging_mixin.py:188} INFO - [2025-03-20T22:11:26.201+0000] {dag.py:3036} INFO - Sync 1 DAGs
[2025-03-20T22:11:26.223+0000] {logging_mixin.py:188} INFO - [2025-03-20T22:11:26.222+0000] {dag.py:3823} INFO - Setting next_dagrun for dag3 to None, run_after=None
[2025-03-20T22:11:26.262+0000] {processor.py:183} INFO - Processing /home/nord/airflow/dags/dag3.py took 0.157 seconds
[2025-03-20T22:11:56.709+0000] {processor.py:161} INFO - Started process (PID=8504) to work on /home/nord/airflow/dags/dag3.py
[2025-03-20T22:11:56.715+0000] {processor.py:830} INFO - Processing file /home/nord/airflow/dags/dag3.py for tasks to queue
[2025-03-20T22:11:56.717+0000] {logging_mixin.py:188} INFO - [2025-03-20T22:11:56.716+0000] {dagbag.py:538} INFO - Filling up the DagBag from /home/nord/airflow/dags/dag3.py
[2025-03-20T22:11:56.732+0000] {processor.py:840} INFO - DAG(s) 'dag3' retrieved from /home/nord/airflow/dags/dag3.py
[2025-03-20T22:11:56.797+0000] {logging_mixin.py:188} INFO - [2025-03-20T22:11:56.796+0000] {dag.py:3036} INFO - Sync 1 DAGs
[2025-03-20T22:11:56.825+0000] {logging_mixin.py:188} INFO - [2025-03-20T22:11:56.824+0000] {dag.py:3823} INFO - Setting next_dagrun for dag3 to None, run_after=None
[2025-03-20T22:11:56.882+0000] {processor.py:183} INFO - Processing /home/nord/airflow/dags/dag3.py took 0.182 seconds
