[2025-03-20T22:02:11.474+0000] {processor.py:161} INFO - Started process (PID=1624) to work on /home/nord/airflow/dags/dag_etl.py
[2025-03-20T22:02:11.477+0000] {processor.py:830} INFO - Processing file /home/nord/airflow/dags/dag_etl.py for tasks to queue
[2025-03-20T22:02:11.478+0000] {logging_mixin.py:188} INFO - [2025-03-20T22:02:11.478+0000] {dagbag.py:538} INFO - Filling up the DagBag from /home/nord/airflow/dags/dag_etl.py
[2025-03-20T22:02:12.684+0000] {processor.py:840} INFO - DAG(s) 'Simple_etl' retrieved from /home/nord/airflow/dags/dag_etl.py
[2025-03-20T22:02:12.750+0000] {logging_mixin.py:188} INFO - [2025-03-20T22:02:12.749+0000] {dag.py:3036} INFO - Sync 1 DAGs
[2025-03-20T22:02:12.770+0000] {logging_mixin.py:188} INFO - [2025-03-20T22:02:12.770+0000] {dag.py:3823} INFO - Setting next_dagrun for Simple_etl to None, run_after=None
[2025-03-20T22:02:12.807+0000] {processor.py:183} INFO - Processing /home/nord/airflow/dags/dag_etl.py took 1.345 seconds
[2025-03-20T22:02:46.277+0000] {processor.py:161} INFO - Started process (PID=1997) to work on /home/nord/airflow/dags/dag_etl.py
[2025-03-20T22:02:46.292+0000] {processor.py:830} INFO - Processing file /home/nord/airflow/dags/dag_etl.py for tasks to queue
[2025-03-20T22:02:46.295+0000] {logging_mixin.py:188} INFO - [2025-03-20T22:02:46.294+0000] {dagbag.py:538} INFO - Filling up the DagBag from /home/nord/airflow/dags/dag_etl.py
[2025-03-20T22:02:50.254+0000] {processor.py:840} INFO - DAG(s) 'Simple_etl' retrieved from /home/nord/airflow/dags/dag_etl.py
[2025-03-20T22:02:50.354+0000] {logging_mixin.py:188} INFO - [2025-03-20T22:02:50.353+0000] {dag.py:3036} INFO - Sync 1 DAGs
[2025-03-20T22:02:50.404+0000] {logging_mixin.py:188} INFO - [2025-03-20T22:02:50.404+0000] {dag.py:3823} INFO - Setting next_dagrun for Simple_etl to None, run_after=None
[2025-03-20T22:02:50.576+0000] {processor.py:183} INFO - Processing /home/nord/airflow/dags/dag_etl.py took 4.318 seconds
[2025-03-20T22:03:21.140+0000] {processor.py:161} INFO - Started process (PID=2649) to work on /home/nord/airflow/dags/dag_etl.py
[2025-03-20T22:03:21.142+0000] {processor.py:830} INFO - Processing file /home/nord/airflow/dags/dag_etl.py for tasks to queue
[2025-03-20T22:03:21.144+0000] {logging_mixin.py:188} INFO - [2025-03-20T22:03:21.143+0000] {dagbag.py:538} INFO - Filling up the DagBag from /home/nord/airflow/dags/dag_etl.py
[2025-03-20T22:03:22.249+0000] {processor.py:840} INFO - DAG(s) 'Simple_etl' retrieved from /home/nord/airflow/dags/dag_etl.py
[2025-03-20T22:03:22.291+0000] {logging_mixin.py:188} INFO - [2025-03-20T22:03:22.290+0000] {dag.py:3036} INFO - Sync 1 DAGs
[2025-03-20T22:03:22.314+0000] {logging_mixin.py:188} INFO - [2025-03-20T22:03:22.313+0000] {dag.py:3823} INFO - Setting next_dagrun for Simple_etl to None, run_after=None
[2025-03-20T22:03:22.351+0000] {processor.py:183} INFO - Processing /home/nord/airflow/dags/dag_etl.py took 1.218 seconds
[2025-03-20T22:03:52.710+0000] {processor.py:161} INFO - Started process (PID=3018) to work on /home/nord/airflow/dags/dag_etl.py
[2025-03-20T22:03:52.712+0000] {processor.py:830} INFO - Processing file /home/nord/airflow/dags/dag_etl.py for tasks to queue
[2025-03-20T22:03:52.716+0000] {logging_mixin.py:188} INFO - [2025-03-20T22:03:52.715+0000] {dagbag.py:538} INFO - Filling up the DagBag from /home/nord/airflow/dags/dag_etl.py
[2025-03-20T22:03:53.744+0000] {processor.py:840} INFO - DAG(s) 'Simple_etl' retrieved from /home/nord/airflow/dags/dag_etl.py
[2025-03-20T22:03:53.804+0000] {logging_mixin.py:188} INFO - [2025-03-20T22:03:53.803+0000] {dag.py:3036} INFO - Sync 1 DAGs
[2025-03-20T22:03:53.842+0000] {logging_mixin.py:188} INFO - [2025-03-20T22:03:53.842+0000] {dag.py:3823} INFO - Setting next_dagrun for Simple_etl to None, run_after=None
[2025-03-20T22:03:53.900+0000] {processor.py:183} INFO - Processing /home/nord/airflow/dags/dag_etl.py took 1.201 seconds
[2025-03-20T22:04:24.273+0000] {processor.py:161} INFO - Started process (PID=3351) to work on /home/nord/airflow/dags/dag_etl.py
[2025-03-20T22:04:24.274+0000] {processor.py:830} INFO - Processing file /home/nord/airflow/dags/dag_etl.py for tasks to queue
[2025-03-20T22:04:24.278+0000] {logging_mixin.py:188} INFO - [2025-03-20T22:04:24.277+0000] {dagbag.py:538} INFO - Filling up the DagBag from /home/nord/airflow/dags/dag_etl.py
[2025-03-20T22:04:25.341+0000] {processor.py:840} INFO - DAG(s) 'Simple_etl' retrieved from /home/nord/airflow/dags/dag_etl.py
[2025-03-20T22:04:25.417+0000] {logging_mixin.py:188} INFO - [2025-03-20T22:04:25.416+0000] {dag.py:3036} INFO - Sync 1 DAGs
[2025-03-20T22:04:25.455+0000] {logging_mixin.py:188} INFO - [2025-03-20T22:04:25.454+0000] {dag.py:3823} INFO - Setting next_dagrun for Simple_etl to None, run_after=None
[2025-03-20T22:04:25.532+0000] {processor.py:183} INFO - Processing /home/nord/airflow/dags/dag_etl.py took 1.273 seconds
[2025-03-20T22:04:56.009+0000] {processor.py:161} INFO - Started process (PID=3674) to work on /home/nord/airflow/dags/dag_etl.py
[2025-03-20T22:04:56.016+0000] {processor.py:830} INFO - Processing file /home/nord/airflow/dags/dag_etl.py for tasks to queue
[2025-03-20T22:04:56.018+0000] {logging_mixin.py:188} INFO - [2025-03-20T22:04:56.017+0000] {dagbag.py:538} INFO - Filling up the DagBag from /home/nord/airflow/dags/dag_etl.py
[2025-03-20T22:04:57.320+0000] {processor.py:840} INFO - DAG(s) 'Simple_etl' retrieved from /home/nord/airflow/dags/dag_etl.py
[2025-03-20T22:04:57.409+0000] {logging_mixin.py:188} INFO - [2025-03-20T22:04:57.408+0000] {dag.py:3036} INFO - Sync 1 DAGs
[2025-03-20T22:04:57.447+0000] {logging_mixin.py:188} INFO - [2025-03-20T22:04:57.446+0000] {dag.py:3823} INFO - Setting next_dagrun for Simple_etl to None, run_after=None
[2025-03-20T22:04:57.511+0000] {processor.py:183} INFO - Processing /home/nord/airflow/dags/dag_etl.py took 1.513 seconds
[2025-03-20T22:05:27.936+0000] {processor.py:161} INFO - Started process (PID=3999) to work on /home/nord/airflow/dags/dag_etl.py
[2025-03-20T22:05:27.938+0000] {processor.py:830} INFO - Processing file /home/nord/airflow/dags/dag_etl.py for tasks to queue
[2025-03-20T22:05:27.940+0000] {logging_mixin.py:188} INFO - [2025-03-20T22:05:27.939+0000] {dagbag.py:538} INFO - Filling up the DagBag from /home/nord/airflow/dags/dag_etl.py
[2025-03-20T22:05:28.779+0000] {processor.py:840} INFO - DAG(s) 'Simple_etl' retrieved from /home/nord/airflow/dags/dag_etl.py
[2025-03-20T22:05:28.836+0000] {logging_mixin.py:188} INFO - [2025-03-20T22:05:28.835+0000] {dag.py:3036} INFO - Sync 1 DAGs
[2025-03-20T22:05:28.864+0000] {logging_mixin.py:188} INFO - [2025-03-20T22:05:28.863+0000] {dag.py:3823} INFO - Setting next_dagrun for Simple_etl to None, run_after=None
[2025-03-20T22:05:28.919+0000] {processor.py:183} INFO - Processing /home/nord/airflow/dags/dag_etl.py took 0.998 seconds
[2025-03-20T22:05:56.383+0000] {processor.py:161} INFO - Started process (PID=4586) to work on /home/nord/airflow/dags/dag_etl.py
[2025-03-20T22:05:56.388+0000] {processor.py:830} INFO - Processing file /home/nord/airflow/dags/dag_etl.py for tasks to queue
[2025-03-20T22:05:56.389+0000] {logging_mixin.py:188} INFO - [2025-03-20T22:05:56.389+0000] {dagbag.py:538} INFO - Filling up the DagBag from /home/nord/airflow/dags/dag_etl.py
[2025-03-20T22:05:57.467+0000] {processor.py:840} INFO - DAG(s) 'Simple_etl' retrieved from /home/nord/airflow/dags/dag_etl.py
[2025-03-20T22:05:57.594+0000] {logging_mixin.py:188} INFO - [2025-03-20T22:05:57.592+0000] {dag.py:3036} INFO - Sync 1 DAGs
[2025-03-20T22:05:57.641+0000] {logging_mixin.py:188} INFO - [2025-03-20T22:05:57.640+0000] {dag.py:3823} INFO - Setting next_dagrun for Simple_etl to None, run_after=None
[2025-03-20T22:05:57.692+0000] {processor.py:183} INFO - Processing /home/nord/airflow/dags/dag_etl.py took 1.317 seconds
[2025-03-20T22:06:27.937+0000] {processor.py:161} INFO - Started process (PID=4918) to work on /home/nord/airflow/dags/dag_etl.py
[2025-03-20T22:06:27.938+0000] {processor.py:830} INFO - Processing file /home/nord/airflow/dags/dag_etl.py for tasks to queue
[2025-03-20T22:06:27.943+0000] {logging_mixin.py:188} INFO - [2025-03-20T22:06:27.942+0000] {dagbag.py:538} INFO - Filling up the DagBag from /home/nord/airflow/dags/dag_etl.py
[2025-03-20T22:06:28.871+0000] {processor.py:840} INFO - DAG(s) 'Simple_etl' retrieved from /home/nord/airflow/dags/dag_etl.py
[2025-03-20T22:06:28.936+0000] {logging_mixin.py:188} INFO - [2025-03-20T22:06:28.935+0000] {dag.py:3036} INFO - Sync 1 DAGs
[2025-03-20T22:06:28.978+0000] {logging_mixin.py:188} INFO - [2025-03-20T22:06:28.978+0000] {dag.py:3823} INFO - Setting next_dagrun for Simple_etl to None, run_after=None
[2025-03-20T22:06:29.049+0000] {processor.py:183} INFO - Processing /home/nord/airflow/dags/dag_etl.py took 1.119 seconds
[2025-03-20T22:07:00.040+0000] {processor.py:161} INFO - Started process (PID=5242) to work on /home/nord/airflow/dags/dag_etl.py
[2025-03-20T22:07:00.052+0000] {processor.py:830} INFO - Processing file /home/nord/airflow/dags/dag_etl.py for tasks to queue
[2025-03-20T22:07:00.054+0000] {logging_mixin.py:188} INFO - [2025-03-20T22:07:00.054+0000] {dagbag.py:538} INFO - Filling up the DagBag from /home/nord/airflow/dags/dag_etl.py
[2025-03-20T22:07:00.721+0000] {processor.py:840} INFO - DAG(s) 'Simple_etl' retrieved from /home/nord/airflow/dags/dag_etl.py
[2025-03-20T22:07:00.766+0000] {logging_mixin.py:188} INFO - [2025-03-20T22:07:00.766+0000] {dag.py:3036} INFO - Sync 1 DAGs
[2025-03-20T22:07:00.786+0000] {logging_mixin.py:188} INFO - [2025-03-20T22:07:00.786+0000] {dag.py:3823} INFO - Setting next_dagrun for Simple_etl to None, run_after=None
[2025-03-20T22:07:00.908+0000] {processor.py:183} INFO - Processing /home/nord/airflow/dags/dag_etl.py took 0.885 seconds
[2025-03-20T22:07:31.394+0000] {processor.py:161} INFO - Started process (PID=5706) to work on /home/nord/airflow/dags/dag_etl.py
[2025-03-20T22:07:31.403+0000] {processor.py:830} INFO - Processing file /home/nord/airflow/dags/dag_etl.py for tasks to queue
[2025-03-20T22:07:31.410+0000] {logging_mixin.py:188} INFO - [2025-03-20T22:07:31.408+0000] {dagbag.py:538} INFO - Filling up the DagBag from /home/nord/airflow/dags/dag_etl.py
[2025-03-20T22:07:32.264+0000] {processor.py:840} INFO - DAG(s) 'Simple_etl' retrieved from /home/nord/airflow/dags/dag_etl.py
[2025-03-20T22:07:32.332+0000] {logging_mixin.py:188} INFO - [2025-03-20T22:07:32.331+0000] {dag.py:3036} INFO - Sync 1 DAGs
[2025-03-20T22:07:32.360+0000] {logging_mixin.py:188} INFO - [2025-03-20T22:07:32.359+0000] {dag.py:3823} INFO - Setting next_dagrun for Simple_etl to None, run_after=None
[2025-03-20T22:07:32.391+0000] {processor.py:183} INFO - Processing /home/nord/airflow/dags/dag_etl.py took 1.032 seconds
[2025-03-20T22:08:03.337+0000] {processor.py:161} INFO - Started process (PID=6058) to work on /home/nord/airflow/dags/dag_etl.py
[2025-03-20T22:08:03.353+0000] {processor.py:830} INFO - Processing file /home/nord/airflow/dags/dag_etl.py for tasks to queue
[2025-03-20T22:08:03.362+0000] {logging_mixin.py:188} INFO - [2025-03-20T22:08:03.360+0000] {dagbag.py:538} INFO - Filling up the DagBag from /home/nord/airflow/dags/dag_etl.py
[2025-03-20T22:08:04.176+0000] {processor.py:840} INFO - DAG(s) 'Simple_etl' retrieved from /home/nord/airflow/dags/dag_etl.py
[2025-03-20T22:08:04.214+0000] {logging_mixin.py:188} INFO - [2025-03-20T22:08:04.213+0000] {dag.py:3036} INFO - Sync 1 DAGs
[2025-03-20T22:08:04.239+0000] {logging_mixin.py:188} INFO - [2025-03-20T22:08:04.239+0000] {dag.py:3823} INFO - Setting next_dagrun for Simple_etl to None, run_after=None
[2025-03-20T22:08:04.284+0000] {processor.py:183} INFO - Processing /home/nord/airflow/dags/dag_etl.py took 0.988 seconds
[2025-03-20T22:08:35.040+0000] {processor.py:161} INFO - Started process (PID=6381) to work on /home/nord/airflow/dags/dag_etl.py
[2025-03-20T22:08:35.042+0000] {processor.py:830} INFO - Processing file /home/nord/airflow/dags/dag_etl.py for tasks to queue
[2025-03-20T22:08:35.047+0000] {logging_mixin.py:188} INFO - [2025-03-20T22:08:35.046+0000] {dagbag.py:538} INFO - Filling up the DagBag from /home/nord/airflow/dags/dag_etl.py
[2025-03-20T22:08:35.847+0000] {processor.py:840} INFO - DAG(s) 'Simple_etl' retrieved from /home/nord/airflow/dags/dag_etl.py
[2025-03-20T22:08:35.890+0000] {logging_mixin.py:188} INFO - [2025-03-20T22:08:35.889+0000] {dag.py:3036} INFO - Sync 1 DAGs
[2025-03-20T22:08:35.918+0000] {logging_mixin.py:188} INFO - [2025-03-20T22:08:35.917+0000] {dag.py:3823} INFO - Setting next_dagrun for Simple_etl to None, run_after=None
[2025-03-20T22:08:36.034+0000] {processor.py:183} INFO - Processing /home/nord/airflow/dags/dag_etl.py took 1.002 seconds
[2025-03-20T22:09:06.276+0000] {processor.py:161} INFO - Started process (PID=6732) to work on /home/nord/airflow/dags/dag_etl.py
[2025-03-20T22:09:06.278+0000] {processor.py:830} INFO - Processing file /home/nord/airflow/dags/dag_etl.py for tasks to queue
[2025-03-20T22:09:06.279+0000] {logging_mixin.py:188} INFO - [2025-03-20T22:09:06.279+0000] {dagbag.py:538} INFO - Filling up the DagBag from /home/nord/airflow/dags/dag_etl.py
[2025-03-20T22:09:07.543+0000] {processor.py:840} INFO - DAG(s) 'Simple_etl' retrieved from /home/nord/airflow/dags/dag_etl.py
[2025-03-20T22:09:07.625+0000] {logging_mixin.py:188} INFO - [2025-03-20T22:09:07.624+0000] {dag.py:3036} INFO - Sync 1 DAGs
[2025-03-20T22:09:07.676+0000] {logging_mixin.py:188} INFO - [2025-03-20T22:09:07.675+0000] {dag.py:3823} INFO - Setting next_dagrun for Simple_etl to None, run_after=None
[2025-03-20T22:09:07.791+0000] {processor.py:183} INFO - Processing /home/nord/airflow/dags/dag_etl.py took 1.522 seconds
[2025-03-20T22:09:37.982+0000] {processor.py:161} INFO - Started process (PID=7166) to work on /home/nord/airflow/dags/dag_etl.py
[2025-03-20T22:09:37.986+0000] {processor.py:830} INFO - Processing file /home/nord/airflow/dags/dag_etl.py for tasks to queue
[2025-03-20T22:09:37.988+0000] {logging_mixin.py:188} INFO - [2025-03-20T22:09:37.987+0000] {dagbag.py:538} INFO - Filling up the DagBag from /home/nord/airflow/dags/dag_etl.py
[2025-03-20T22:09:38.906+0000] {processor.py:840} INFO - DAG(s) 'Simple_etl' retrieved from /home/nord/airflow/dags/dag_etl.py
[2025-03-20T22:09:38.946+0000] {logging_mixin.py:188} INFO - [2025-03-20T22:09:38.946+0000] {dag.py:3036} INFO - Sync 1 DAGs
[2025-03-20T22:09:38.971+0000] {logging_mixin.py:188} INFO - [2025-03-20T22:09:38.970+0000] {dag.py:3823} INFO - Setting next_dagrun for Simple_etl to None, run_after=None
[2025-03-20T22:09:39.010+0000] {processor.py:183} INFO - Processing /home/nord/airflow/dags/dag_etl.py took 1.035 seconds
[2025-03-20T22:10:09.591+0000] {processor.py:161} INFO - Started process (PID=7515) to work on /home/nord/airflow/dags/dag_etl.py
[2025-03-20T22:10:09.600+0000] {processor.py:830} INFO - Processing file /home/nord/airflow/dags/dag_etl.py for tasks to queue
[2025-03-20T22:10:09.602+0000] {logging_mixin.py:188} INFO - [2025-03-20T22:10:09.601+0000] {dagbag.py:538} INFO - Filling up the DagBag from /home/nord/airflow/dags/dag_etl.py
[2025-03-20T22:10:10.524+0000] {processor.py:840} INFO - DAG(s) 'Simple_etl' retrieved from /home/nord/airflow/dags/dag_etl.py
[2025-03-20T22:10:10.565+0000] {logging_mixin.py:188} INFO - [2025-03-20T22:10:10.564+0000] {dag.py:3036} INFO - Sync 1 DAGs
[2025-03-20T22:10:10.582+0000] {logging_mixin.py:188} INFO - [2025-03-20T22:10:10.581+0000] {dag.py:3823} INFO - Setting next_dagrun for Simple_etl to None, run_after=None
[2025-03-20T22:10:10.618+0000] {processor.py:183} INFO - Processing /home/nord/airflow/dags/dag_etl.py took 1.035 seconds
[2025-03-20T22:10:41.300+0000] {processor.py:161} INFO - Started process (PID=7846) to work on /home/nord/airflow/dags/dag_etl.py
[2025-03-20T22:10:41.302+0000] {processor.py:830} INFO - Processing file /home/nord/airflow/dags/dag_etl.py for tasks to queue
[2025-03-20T22:10:41.304+0000] {logging_mixin.py:188} INFO - [2025-03-20T22:10:41.303+0000] {dagbag.py:538} INFO - Filling up the DagBag from /home/nord/airflow/dags/dag_etl.py
[2025-03-20T22:10:43.211+0000] {processor.py:840} INFO - DAG(s) 'Simple_etl' retrieved from /home/nord/airflow/dags/dag_etl.py
[2025-03-20T22:10:43.285+0000] {logging_mixin.py:188} INFO - [2025-03-20T22:10:43.285+0000] {dag.py:3036} INFO - Sync 1 DAGs
[2025-03-20T22:10:43.317+0000] {logging_mixin.py:188} INFO - [2025-03-20T22:10:43.317+0000] {dag.py:3823} INFO - Setting next_dagrun for Simple_etl to None, run_after=None
[2025-03-20T22:10:43.373+0000] {processor.py:183} INFO - Processing /home/nord/airflow/dags/dag_etl.py took 2.080 seconds
[2025-03-20T22:11:14.200+0000] {processor.py:161} INFO - Started process (PID=8168) to work on /home/nord/airflow/dags/dag_etl.py
[2025-03-20T22:11:14.206+0000] {processor.py:830} INFO - Processing file /home/nord/airflow/dags/dag_etl.py for tasks to queue
[2025-03-20T22:11:14.209+0000] {logging_mixin.py:188} INFO - [2025-03-20T22:11:14.208+0000] {dagbag.py:538} INFO - Filling up the DagBag from /home/nord/airflow/dags/dag_etl.py
[2025-03-20T22:11:15.350+0000] {processor.py:840} INFO - DAG(s) 'Simple_etl' retrieved from /home/nord/airflow/dags/dag_etl.py
[2025-03-20T22:11:15.485+0000] {logging_mixin.py:188} INFO - [2025-03-20T22:11:15.483+0000] {dag.py:3036} INFO - Sync 1 DAGs
[2025-03-20T22:11:15.550+0000] {logging_mixin.py:188} INFO - [2025-03-20T22:11:15.549+0000] {dag.py:3823} INFO - Setting next_dagrun for Simple_etl to None, run_after=None
[2025-03-20T22:11:15.658+0000] {processor.py:183} INFO - Processing /home/nord/airflow/dags/dag_etl.py took 1.471 seconds
[2025-03-20T22:11:46.480+0000] {processor.py:161} INFO - Started process (PID=8491) to work on /home/nord/airflow/dags/dag_etl.py
[2025-03-20T22:11:46.488+0000] {processor.py:830} INFO - Processing file /home/nord/airflow/dags/dag_etl.py for tasks to queue
[2025-03-20T22:11:46.490+0000] {logging_mixin.py:188} INFO - [2025-03-20T22:11:46.489+0000] {dagbag.py:538} INFO - Filling up the DagBag from /home/nord/airflow/dags/dag_etl.py
[2025-03-20T22:11:47.582+0000] {processor.py:840} INFO - DAG(s) 'Simple_etl' retrieved from /home/nord/airflow/dags/dag_etl.py
[2025-03-20T22:11:47.623+0000] {logging_mixin.py:188} INFO - [2025-03-20T22:11:47.622+0000] {dag.py:3036} INFO - Sync 1 DAGs
[2025-03-20T22:11:47.642+0000] {logging_mixin.py:188} INFO - [2025-03-20T22:11:47.642+0000] {dag.py:3823} INFO - Setting next_dagrun for Simple_etl to None, run_after=None
[2025-03-20T22:11:47.676+0000] {processor.py:183} INFO - Processing /home/nord/airflow/dags/dag_etl.py took 1.202 seconds
